<?xml version="1.0" encoding="utf-8"?>
<TestRun id="eab56ade-1ac5-4f16-8a70-4f56dcfbac40" name="@pkrvm7jw40e0xgp 2025-09-04 23:31:25" xmlns="http://microsoft.com/schemas/VisualStudio/TeamTest/2010">
  <Times creation="2025-09-04T23:31:25.5827856+00:00" queuing="2025-09-04T23:31:25.5827857+00:00" start="2025-09-04T23:31:19.4244659+00:00" finish="2025-09-04T23:31:26.8465243+00:00" />
  <TestSettings name="default" id="4b7eef4b-f4d3-442f-b547-44ddf71f0c93">
    <Deployment runDeploymentRoot="_pkrvm7jw40e0xgp_2025-09-04_23_31_25" />
  </TestSettings>
  <Results>
    <UnitTestResult executionId="da2dd658-c872-4da9-adcb-98dfbe9f80a4" testId="11c53883-3d96-0957-d8a1-9dcf44cb5e78" testName="BuckScience.Tests.Web.Helpers.WeatherHelpersTests.StandardWindDirections_Contains16Directions" computerName="pkrvm7jw40e0xgp" duration="00:00:00.0002639" startTime="2025-09-04T23:31:26.7377441+00:00" endTime="2025-09-04T23:31:26.7377442+00:00" testType="13cdc9d9-ddb5-4fa4-a97d-d965ccfc6d4b" outcome="Passed" testListId="8c84fa94-04c1-424b-9868-57a2d4851a1d" relativeResultsDirectory="da2dd658-c872-4da9-adcb-98dfbe9f80a4" />
    <UnitTestResult executionId="f97c5e7b-cdd5-4438-b090-ff3856aecabf" testId="7175185a-7456-021f-eecb-6c991ffd0d08" testName="BuckScience.Tests.Application.Profiles.ProfileCrudTests.CreateProfile_InvalidPropertyId_ThrowsUnauthorizedAccessException" computerName="pkrvm7jw40e0xgp" duration="00:00:00.0034522" startTime="2025-09-04T23:31:26.7035690+00:00" endTime="2025-09-04T23:31:26.7035691+00:00" testType="13cdc9d9-ddb5-4fa4-a97d-d965ccfc6d4b" outcome="Passed" testListId="8c84fa94-04c1-424b-9868-57a2d4851a1d" relativeResultsDirectory="f97c5e7b-cdd5-4438-b090-ff3856aecabf" />
    <UnitTestResult executionId="bcfbb208-f4a7-45b1-aad7-2bdecc120340" testId="63390816-73a6-312f-e706-2ca3dfa39f0e" testName="BuckScience.Tests.Web.Helpers.WeatherHelpersTests.ConvertWindDirectionTextToNumeric_ValidDirections_ReturnsCorrectDegrees(direction: &quot;W&quot;, expected: 270)" computerName="pkrvm7jw40e0xgp" duration="00:00:00.0000087" startTime="2025-09-04T23:31:26.7281067+00:00" endTime="2025-09-04T23:31:26.7281067+00:00" testType="13cdc9d9-ddb5-4fa4-a97d-d965ccfc6d4b" outcome="Passed" testListId="8c84fa94-04c1-424b-9868-57a2d4851a1d" relativeResultsDirectory="bcfbb208-f4a7-45b1-aad7-2bdecc120340" />
    <UnitTestResult executionId="00e52fae-fd97-4cee-9e19-651c1ddf0602" testId="8f75422e-f196-d0f3-b885-da9f9acf8fde" testName="BuckScience.Tests.Web.Helpers.WeatherHelpersTests.ConvertWindDirectionTextToNumeric_InvalidText_ReturnsNull(direction: &quot;&quot;)" computerName="pkrvm7jw40e0xgp" duration="00:00:00.0000038" startTime="2025-09-04T23:31:26.7183587+00:00" endTime="2025-09-04T23:31:26.7183587+00:00" testType="13cdc9d9-ddb5-4fa4-a97d-d965ccfc6d4b" outcome="Passed" testListId="8c84fa94-04c1-424b-9868-57a2d4851a1d" relativeResultsDirectory="00e52fae-fd97-4cee-9e19-651c1ddf0602" />
    <UnitTestResult executionId="858655e9-2117-40de-8cfb-509fefc2a553" testId="4331c44f-f3ff-6fce-80db-d30dfc1b0433" testName="BuckScience.Tests.DirectionHelperTests.ToFloat_ShouldReturnCorrectDegrees(direction: NE, expectedDegrees: 45)" computerName="pkrvm7jw40e0xgp" duration="00:00:00.0000047" startTime="2025-09-04T23:31:25.5656035+00:00" endTime="2025-09-04T23:31:25.5656037+00:00" testType="13cdc9d9-ddb5-4fa4-a97d-d965ccfc6d4b" outcome="Passed" testListId="8c84fa94-04c1-424b-9868-57a2d4851a1d" relativeResultsDirectory="858655e9-2117-40de-8cfb-509fefc2a553" />
    <UnitTestResult executionId="e6bfde1c-b584-4fc4-b342-1e85c17496c6" testId="93b0e2c3-3a46-c74b-dad5-afcb4f0bfcfa" testName="BuckScience.Tests.CameraEditVmTests.CameraEditVm_ShouldSetAllProperties" computerName="pkrvm7jw40e0xgp" duration="00:00:00.0004425" startTime="2025-09-04T23:31:25.6422774+00:00" endTime="2025-09-04T23:31:25.6422775+00:00" testType="13cdc9d9-ddb5-4fa4-a97d-d965ccfc6d4b" outcome="Passed" testListId="8c84fa94-04c1-424b-9868-57a2d4851a1d" relativeResultsDirectory="e6bfde1c-b584-4fc4-b342-1e85c17496c6" />
    <UnitTestResult executionId="5c841b29-a483-4726-9ee1-591549de6e2f" testId="9b0f50d1-0319-2e52-3133-7e2638dde793" testName="BuckScience.Tests.CameraCreateVmTests.CameraCreateVm_DirectionSync_ShouldWorkForAllDirections(direction: E, expectedDegrees: 90)" computerName="pkrvm7jw40e0xgp" duration="00:00:00.0000055" startTime="2025-09-04T23:31:25.5609018+00:00" endTime="2025-09-04T23:31:25.5609020+00:00" testType="13cdc9d9-ddb5-4fa4-a97d-d965ccfc6d4b" outcome="Passed" testListId="8c84fa94-04c1-424b-9868-57a2d4851a1d" relativeResultsDirectory="5c841b29-a483-4726-9ee1-591549de6e2f" />
    <UnitTestResult executionId="d30582db-710a-4571-a9bf-bd4e752ac699" testId="57fdcf56-cdf1-9f39-baba-1b1c695971d5" testName="BuckScience.Tests.Web.Helpers.WeatherHelpersTests.ConvertWindDirectionTextToNumeric_CaseInsensitive_Works" computerName="pkrvm7jw40e0xgp" duration="00:00:00.0007287" startTime="2025-09-04T23:31:26.7353688+00:00" endTime="2025-09-04T23:31:26.7353689+00:00" testType="13cdc9d9-ddb5-4fa4-a97d-d965ccfc6d4b" outcome="Passed" testListId="8c84fa94-04c1-424b-9868-57a2d4851a1d" relativeResultsDirectory="d30582db-710a-4571-a9bf-bd4e752ac699" />
    <UnitTestResult executionId="c8ad2dec-e8b3-42f3-8efe-a803830b560a" testId="310112f5-4d07-717c-55f6-37a269d700ab" testName="BuckScience.Tests.Web.Helpers.WeatherHelpersTests.ConvertWindDirectionToText_VariousAngles_ReturnsCorrectDirection(degrees: 315, expected: &quot;NW&quot;)" computerName="pkrvm7jw40e0xgp" duration="00:00:00.0000083" startTime="2025-09-04T23:31:26.7207437+00:00" endTime="2025-09-04T23:31:26.7207438+00:00" testType="13cdc9d9-ddb5-4fa4-a97d-d965ccfc6d4b" outcome="Passed" testListId="8c84fa94-04c1-424b-9868-57a2d4851a1d" relativeResultsDirectory="c8ad2dec-e8b3-42f3-8efe-a803830b560a" />
    <UnitTestResult executionId="4e8955d7-63a0-42ba-b9b4-c95fcdf1b27d" testId="c005721b-05db-8d7a-5eea-e90626721b80" testName="BuckScience.Tests.Web.Helpers.WeatherHelpersTests.ConvertWindDirectionTextToNumeric_ValidDirections_ReturnsCorrectDegrees(direction: &quot;SW&quot;, expected: 225)" computerName="pkrvm7jw40e0xgp" duration="00:00:00.0000089" startTime="2025-09-04T23:31:26.7279812+00:00" endTime="2025-09-04T23:31:26.7279812+00:00" testType="13cdc9d9-ddb5-4fa4-a97d-d965ccfc6d4b" outcome="Passed" testListId="8c84fa94-04c1-424b-9868-57a2d4851a1d" relativeResultsDirectory="4e8955d7-63a0-42ba-b9b4-c95fcdf1b27d" />
    <UnitTestResult executionId="e16cb5e8-bffe-40d6-bbe9-6524250322c0" testId="e5846600-5bfc-193d-66eb-f1933de5487e" testName="BuckScience.Tests.CameraEditVmTests.CameraEditVm_SyncDirectionFromSelection_ShouldUpdateDirectionDegrees" computerName="pkrvm7jw40e0xgp" duration="00:00:00.0002205" startTime="2025-09-04T23:31:25.6406556+00:00" endTime="2025-09-04T23:31:25.6406557+00:00" testType="13cdc9d9-ddb5-4fa4-a97d-d965ccfc6d4b" outcome="Passed" testListId="8c84fa94-04c1-424b-9868-57a2d4851a1d" relativeResultsDirectory="e16cb5e8-bffe-40d6-bbe9-6524250322c0" />
    <UnitTestResult executionId="d4a27503-8f8c-4ad3-aa94-34afebdcd9b3" testId="5d2b9441-7258-8eb0-806c-14775f849641" testName="BuckScience.Tests.TaggingSystemTests.RemoveTagFromPhotos_ShouldRemoveSpecifiedTags" computerName="pkrvm7jw40e0xgp" duration="00:00:00.9247246" startTime="2025-09-04T23:31:26.5676853+00:00" endTime="2025-09-04T23:31:26.5676855+00:00" testType="13cdc9d9-ddb5-4fa4-a97d-d965ccfc6d4b" outcome="Passed" testListId="8c84fa94-04c1-424b-9868-57a2d4851a1d" relativeResultsDirectory="d4a27503-8f8c-4ad3-aa94-34afebdcd9b3" />
    <UnitTestResult executionId="2588aabe-676e-4776-b7c1-160b11ddbcd5" testId="fa35896d-315e-329a-8dc3-bb5ba3189b52" testName="BuckScience.Tests.Web.Helpers.WeatherHelpersTests.ConvertWindDirectionTextToNumeric_ValidDirections_ReturnsCorrectDegrees(direction: &quot;WNW&quot;, expected: 292.5)" computerName="pkrvm7jw40e0xgp" duration="00:00:00.0031212" startTime="2025-09-04T23:31:26.7271028+00:00" endTime="2025-09-04T23:31:26.7271029+00:00" testType="13cdc9d9-ddb5-4fa4-a97d-d965ccfc6d4b" outcome="Passed" testListId="8c84fa94-04c1-424b-9868-57a2d4851a1d" relativeResultsDirectory="2588aabe-676e-4776-b7c1-160b11ddbcd5" />
    <UnitTestResult executionId="af8ff8f7-3e3e-4d7e-840b-8be1c7ed80cc" testId="3f5baae7-b2ef-0a09-bc51-f8b04a3acced" testName="BuckScience.Tests.Web.Helpers.WeatherHelpersTests.ConvertWindDirectionToText_VariousAngles_ReturnsCorrectDirection(degrees: 67.5, expected: &quot;ENE&quot;)" computerName="pkrvm7jw40e0xgp" duration="00:00:00.0000071" startTime="2025-09-04T23:31:26.7208553+00:00" endTime="2025-09-04T23:31:26.7208554+00:00" testType="13cdc9d9-ddb5-4fa4-a97d-d965ccfc6d4b" outcome="Passed" testListId="8c84fa94-04c1-424b-9868-57a2d4851a1d" relativeResultsDirectory="af8ff8f7-3e3e-4d7e-840b-8be1c7ed80cc" />
    <UnitTestResult executionId="cdaa06df-5697-41bc-8822-344f8b2bc09b" testId="6c5bb03b-3d70-308f-aed5-443e0f2530e1" testName="BuckScience.Tests.Web.Helpers.WeatherHelpersTests.WindDirectionOption_Properties_Work" computerName="pkrvm7jw40e0xgp" duration="00:00:00.0011980" startTime="2025-09-04T23:31:26.7378187+00:00" endTime="2025-09-04T23:31:26.7378188+00:00" testType="13cdc9d9-ddb5-4fa4-a97d-d965ccfc6d4b" outcome="Passed" testListId="8c84fa94-04c1-424b-9868-57a2d4851a1d" relativeResultsDirectory="cdaa06df-5697-41bc-8822-344f8b2bc09b" />
    <UnitTestResult executionId="ace79fa1-0175-4ff2-b615-0aae36105e65" testId="be89a856-c15c-81ed-5ddb-4973639d716d" testName="BuckScience.Tests.CameraPlacementHistoryTests.Camera_PlaceAt_ShouldCreateNewPlacementHistory" computerName="pkrvm7jw40e0xgp" duration="00:00:00.0003399" startTime="2025-09-04T23:31:25.6164144+00:00" endTime="2025-09-04T23:31:25.6164145+00:00" testType="13cdc9d9-ddb5-4fa4-a97d-d965ccfc6d4b" outcome="Passed" testListId="8c84fa94-04c1-424b-9868-57a2d4851a1d" relativeResultsDirectory="ace79fa1-0175-4ff2-b615-0aae36105e65" />
    <UnitTestResult executionId="9c5d05b0-4963-46d5-8791-ce3f45023a03" testId="1798213c-35a3-cbbc-3a0a-8843aace427d" testName="BuckScience.Tests.Web.Helpers.WeatherHelpersTests.ConvertWindDirectionToText_VariousAngles_ReturnsCorrectDirection(degrees: 45, expected: &quot;NE&quot;)" computerName="pkrvm7jw40e0xgp" duration="00:00:00.0000031" startTime="2025-09-04T23:31:26.7218627+00:00" endTime="2025-09-04T23:31:26.7218627+00:00" testType="13cdc9d9-ddb5-4fa4-a97d-d965ccfc6d4b" outcome="Passed" testListId="8c84fa94-04c1-424b-9868-57a2d4851a1d" relativeResultsDirectory="9c5d05b0-4963-46d5-8791-ce3f45023a03" />
    <UnitTestResult executionId="f5a653c0-486b-4bd1-8a94-1cd2bfe577d5" testId="62aa58ea-9077-0f9e-c60d-aafd4a8d0ad6" testName="BuckScience.Tests.Web.Helpers.WeatherHelpersTests.ConvertWindDirectionToText_VariousAngles_ReturnsCorrectDirection(degrees: -10, expected: &quot;N&quot;)" computerName="pkrvm7jw40e0xgp" duration="00:00:00.0000076" startTime="2025-09-04T23:31:26.7217550+00:00" endTime="2025-09-04T23:31:26.7217551+00:00" testType="13cdc9d9-ddb5-4fa4-a97d-d965ccfc6d4b" outcome="Passed" testListId="8c84fa94-04c1-424b-9868-57a2d4851a1d" relativeResultsDirectory="f5a653c0-486b-4bd1-8a94-1cd2bfe577d5" />
    <UnitTestResult executionId="f0155a6e-34f6-4455-b898-774e29c6656b" testId="a52561ca-dbe3-d21e-cc1f-fbc0bb577901" testName="BuckScience.Tests.Web.Helpers.WeatherHelpersTests.ConvertMoonPhaseTextToNumeric_ValidText_ReturnsCorrectValue(text: &quot;Full Moon&quot;, expected: 0.5)" computerName="pkrvm7jw40e0xgp" duration="00:00:00.0000079" startTime="2025-09-04T23:31:26.7320724+00:00" endTime="2025-09-04T23:31:26.7320725+00:00" testType="13cdc9d9-ddb5-4fa4-a97d-d965ccfc6d4b" outcome="Passed" testListId="8c84fa94-04c1-424b-9868-57a2d4851a1d" relativeResultsDirectory="f0155a6e-34f6-4455-b898-774e29c6656b" />
    <UnitTestResult executionId="b5f721b2-ae3a-4733-8ed2-d26b6a26130a" testId="188163b5-3a99-e726-205c-6b6fc846baac" testName="BuckScience.Tests.PhotoGroupingTests.PhotoGrouping_ShouldGroupByMonthYear_Ascending" computerName="pkrvm7jw40e0xgp" duration="00:00:00.0082750" startTime="2025-09-04T23:31:25.5669067+00:00" endTime="2025-09-04T23:31:25.5669068+00:00" testType="13cdc9d9-ddb5-4fa4-a97d-d965ccfc6d4b" outcome="Passed" testListId="8c84fa94-04c1-424b-9868-57a2d4851a1d" relativeResultsDirectory="b5f721b2-ae3a-4733-8ed2-d26b6a26130a" />
    <UnitTestResult executionId="97ef2105-1e95-4891-8641-50cf9de860b2" testId="dc5b4323-69df-5b53-04b8-b2edd86e4211" testName="BuckScience.Tests.TagCleanupTests.RemoveTagFromPhotos_ShouldKeepTagAndPropertyTag_WhenUsedOnOtherProperties" computerName="pkrvm7jw40e0xgp" duration="00:00:00.0313699" startTime="2025-09-04T23:31:26.6988238+00:00" endTime="2025-09-04T23:31:26.6988240+00:00" testType="13cdc9d9-ddb5-4fa4-a97d-d965ccfc6d4b" outcome="Passed" testListId="8c84fa94-04c1-424b-9868-57a2d4851a1d" relativeResultsDirectory="97ef2105-1e95-4891-8641-50cf9de860b2" />
    <UnitTestResult executionId="2e0769db-280b-4b93-978a-c18aab809931" testId="877174d0-c487-453a-b8ad-4f52137508be" testName="BuckScience.Tests.PhotoFiltersTests.PhotoFilters_HasWeatherFilters_ReturnsTrueWhenConditionsFilterSet" computerName="pkrvm7jw40e0xgp" duration="00:00:00.0002310" startTime="2025-09-04T23:31:26.6994737+00:00" endTime="2025-09-04T23:31:26.6994738+00:00" testType="13cdc9d9-ddb5-4fa4-a97d-d965ccfc6d4b" outcome="Passed" testListId="8c84fa94-04c1-424b-9868-57a2d4851a1d" relativeResultsDirectory="2e0769db-280b-4b93-978a-c18aab809931" />
    <UnitTestResult executionId="2d286673-c4f2-4542-b911-a2ad1d923d02" testId="5caf925d-9bc2-c40c-f14f-bb094f78a12c" testName="BuckScience.Tests.PhotoGroupingTests.PropertyPhotosSortBy_ShouldMapCorrectly" computerName="pkrvm7jw40e0xgp" duration="00:00:00.0011881" startTime="2025-09-04T23:31:25.5638076+00:00" endTime="2025-09-04T23:31:25.5638076+00:00" testType="13cdc9d9-ddb5-4fa4-a97d-d965ccfc6d4b" outcome="Passed" testListId="8c84fa94-04c1-424b-9868-57a2d4851a1d" relativeResultsDirectory="2d286673-c4f2-4542-b911-a2ad1d923d02" />
    <UnitTestResult executionId="00d01b93-eba0-4141-b596-0f14a49cef94" testId="d781b83d-5216-d63d-acc7-8c5d47cd7ccf" testName="BuckScience.Tests.CameraCreateVmTests.CameraCreateVm_DirectionSync_ShouldWorkForAllDirections(direction: W, expectedDegrees: 270)" computerName="pkrvm7jw40e0xgp" duration="00:00:00.0000066" startTime="2025-09-04T23:31:25.5607017+00:00" endTime="2025-09-04T23:31:25.5607017+00:00" testType="13cdc9d9-ddb5-4fa4-a97d-d965ccfc6d4b" outcome="Passed" testListId="8c84fa94-04c1-424b-9868-57a2d4851a1d" relativeResultsDirectory="00d01b93-eba0-4141-b596-0f14a49cef94" />
    <UnitTestResult executionId="d980981f-ffe2-4ea3-bcb2-fe4540a6c774" testId="477057b0-3b6f-36a4-06fc-1b03c23a4da7" testName="BuckScience.Tests.PhotoFilteringUrlExamples.BuildFilters_ConditionsParameters_ShouldParseCorrectly(conditions: &quot;Clear,Cloudy&quot;, expectedConditions: [&quot;Clear&quot;, &quot;Cloudy&quot;])" computerName="pkrvm7jw40e0xgp" duration="00:00:00.0007245" startTime="2025-09-04T23:31:25.6438100+00:00" endTime="2025-09-04T23:31:25.6438101+00:00" testType="13cdc9d9-ddb5-4fa4-a97d-d965ccfc6d4b" outcome="Passed" testListId="8c84fa94-04c1-424b-9868-57a2d4851a1d" relativeResultsDirectory="d980981f-ffe2-4ea3-bcb2-fe4540a6c774" />
    <UnitTestResult executionId="3c9d7c9a-be1d-48a9-9bf5-137daf6c9c39" testId="3f4d3f91-09a2-a334-5932-6e78104fd8ba" testName="BuckScience.Tests.WeatherBatchProcessingTests.PhotoGrouping_ShouldGroupByLocationAndDate" computerName="pkrvm7jw40e0xgp" duration="00:00:00.0114201" startTime="2025-09-04T23:31:25.6400606+00:00" endTime="2025-09-04T23:31:25.6400608+00:00" testType="13cdc9d9-ddb5-4fa4-a97d-d965ccfc6d4b" outcome="Passed" testListId="8c84fa94-04c1-424b-9868-57a2d4851a1d" relativeResultsDirectory="3c9d7c9a-be1d-48a9-9bf5-137daf6c9c39" />
    <UnitTestResult executionId="0d373cc1-1cbd-477e-8300-cbd03c3c74de" testId="a8cebbec-cc48-449c-a357-e8867b7cdbdf" testName="BuckScience.Tests.DirectionHelperTests.DirectionMapping_ShouldBeConsistent" computerName="pkrvm7jw40e0xgp" duration="00:00:00.0003223" startTime="2025-09-04T23:31:25.5667433+00:00" endTime="2025-09-04T23:31:25.5667434+00:00" testType="13cdc9d9-ddb5-4fa4-a97d-d965ccfc6d4b" outcome="Passed" testListId="8c84fa94-04c1-424b-9868-57a2d4851a1d" relativeResultsDirectory="0d373cc1-1cbd-477e-8300-cbd03c3c74de" />
    <UnitTestResult executionId="ca7091c9-e881-4374-af4b-f32a01b213da" testId="697a3a18-bb68-1bc4-ecac-a4680501e02f" testName="BuckScience.Tests.PhotoFilteringIntegrationTests.BuildFilters_WithNoParameters_ReturnsNull" computerName="pkrvm7jw40e0xgp" duration="00:00:00.0020287" startTime="2025-09-04T23:31:26.7232046+00:00" endTime="2025-09-04T23:31:26.7232047+00:00" testType="13cdc9d9-ddb5-4fa4-a97d-d965ccfc6d4b" outcome="Passed" testListId="8c84fa94-04c1-424b-9868-57a2d4851a1d" relativeResultsDirectory="ca7091c9-e881-4374-af4b-f32a01b213da" />
    <UnitTestResult executionId="e713fe34-664f-4037-b674-8ffba6e98e8b" testId="3e754e7c-3120-cf7a-7a68-ce1c9a477533" testName="BuckScience.Tests.CameraCreateVmTests.CameraCreateVm_DirectionSync_ShouldWorkForAllDirections(direction: NE, expectedDegrees: 45)" computerName="pkrvm7jw40e0xgp" duration="00:00:00.0000059" startTime="2025-09-04T23:31:25.5635166+00:00" endTime="2025-09-04T23:31:25.5635167+00:00" testType="13cdc9d9-ddb5-4fa4-a97d-d965ccfc6d4b" outcome="Passed" testListId="8c84fa94-04c1-424b-9868-57a2d4851a1d" relativeResultsDirectory="e713fe34-664f-4037-b674-8ffba6e98e8b" />
    <UnitTestResult executionId="3f5a6f8e-990f-4952-9743-5d495b60c9ab" testId="b1a32a5b-bec7-9c13-ecb5-d09eae519281" testName="BuckScience.Tests.WeatherConfigurationTests.WeatherApiSettings_ShouldBindFromConfiguration" computerName="pkrvm7jw40e0xgp" duration="00:00:00.0614528" startTime="2025-09-04T23:31:25.5932973+00:00" endTime="2025-09-04T23:31:25.5932974+00:00" testType="13cdc9d9-ddb5-4fa4-a97d-d965ccfc6d4b" outcome="Passed" testListId="8c84fa94-04c1-424b-9868-57a2d4851a1d" relativeResultsDirectory="3f5a6f8e-990f-4952-9743-5d495b60c9ab" />
    <UnitTestResult executionId="eddd6b2d-aebd-458b-ac9e-54d3cab20fc1" testId="3fd3b076-d6e9-95cb-3f37-7d353eff3a42" testName="BuckScience.Tests.CameraCreateVmTests.CameraCreateVm_DirectionSync_ShouldWorkForAllDirections(direction: S, expectedDegrees: 180)" computerName="pkrvm7jw40e0xgp" duration="00:00:00.0000061" startTime="2025-09-04T23:31:25.5605771+00:00" endTime="2025-09-04T23:31:25.5605772+00:00" testType="13cdc9d9-ddb5-4fa4-a97d-d965ccfc6d4b" outcome="Passed" testListId="8c84fa94-04c1-424b-9868-57a2d4851a1d" relativeResultsDirectory="eddd6b2d-aebd-458b-ac9e-54d3cab20fc1" />
    <UnitTestResult executionId="bc2627de-cc65-445c-827b-987b2ea5577a" testId="7d1b1cf4-8561-5b1e-3cb0-e9438583a7c7" testName="BuckScience.Tests.PhotoGroupingTests.PhotoGrouping_ShouldGroupByMonthYear" computerName="pkrvm7jw40e0xgp" duration="00:00:00.0018150" startTime="2025-09-04T23:31:25.5669844+00:00" endTime="2025-09-04T23:31:25.5669845+00:00" testType="13cdc9d9-ddb5-4fa4-a97d-d965ccfc6d4b" outcome="Passed" testListId="8c84fa94-04c1-424b-9868-57a2d4851a1d" relativeResultsDirectory="bc2627de-cc65-445c-827b-987b2ea5577a" />
    <UnitTestResult executionId="f62a6f07-5eec-426b-a399-3b92af61972e" testId="d7049aa3-0901-3782-ef96-d1caac1bac5e" testName="BuckScience.Tests.Web.Helpers.WeatherHelpersTests.ConvertMoonPhaseToText_VariousValues_ReturnsCorrectText(phase: 0.02, expected: &quot;New Moon&quot;)" computerName="pkrvm7jw40e0xgp" duration="00:00:00.0000044" startTime="2025-09-04T23:31:26.7175149+00:00" endTime="2025-09-04T23:31:26.7175150+00:00" testType="13cdc9d9-ddb5-4fa4-a97d-d965ccfc6d4b" outcome="Passed" testListId="8c84fa94-04c1-424b-9868-57a2d4851a1d" relativeResultsDirectory="f62a6f07-5eec-426b-a399-3b92af61972e" />
    <UnitTestResult executionId="26f415c8-cb89-4cda-b475-8b606b829c3e" testId="dca73a03-b0b0-9398-437e-9e75519b25e4" testName="BuckScience.Tests.CameraPlacementHistoryTests.CameraPlacementHistory_EndPlacement_ShouldThrowIfAlreadyEnded" computerName="pkrvm7jw40e0xgp" duration="00:00:00.0008667" startTime="2025-09-04T23:31:25.6127727+00:00" endTime="2025-09-04T23:31:25.6127728+00:00" testType="13cdc9d9-ddb5-4fa4-a97d-d965ccfc6d4b" outcome="Passed" testListId="8c84fa94-04c1-424b-9868-57a2d4851a1d" relativeResultsDirectory="26f415c8-cb89-4cda-b475-8b606b829c3e" />
    <UnitTestResult executionId="cd436537-8982-47fd-b9d7-0f5e5c5105d4" testId="994b105a-2d3c-5d2b-62ff-1c998f53f588" testName="BuckScience.Tests.TaggingSystemTests.AddTagToPhotos_ShouldNotCreateDuplicates" computerName="pkrvm7jw40e0xgp" duration="00:00:00.0104765" startTime="2025-09-04T23:31:26.6622484+00:00" endTime="2025-09-04T23:31:26.6622485+00:00" testType="13cdc9d9-ddb5-4fa4-a97d-d965ccfc6d4b" outcome="Passed" testListId="8c84fa94-04c1-424b-9868-57a2d4851a1d" relativeResultsDirectory="cd436537-8982-47fd-b9d7-0f5e5c5105d4" />
    <UnitTestResult executionId="75d58973-2f17-41db-a435-8f91448f8ca7" testId="ce7424f3-8800-2916-ce22-d9c4a6a2d917" testName="BuckScience.Tests.CameraPlacementHistoryTests.CameraPlacementHistory_EndPlacement_ShouldSetEndDateTime" computerName="pkrvm7jw40e0xgp" duration="00:00:00.0023480" startTime="2025-09-04T23:31:25.6159715+00:00" endTime="2025-09-04T23:31:25.6159716+00:00" testType="13cdc9d9-ddb5-4fa4-a97d-d965ccfc6d4b" outcome="Passed" testListId="8c84fa94-04c1-424b-9868-57a2d4851a1d" relativeResultsDirectory="75d58973-2f17-41db-a435-8f91448f8ca7" />
    <UnitTestResult executionId="3f526007-594c-4383-be4c-8d66fab7bd03" testId="d983931e-3379-4c6a-5c76-852ec2540d36" testName="BuckScience.Tests.Web.Helpers.WeatherHelpersTests.ConvertWindDirectionToText_VariousAngles_ReturnsCorrectDirection(degrees: 361, expected: &quot;N&quot;)" computerName="pkrvm7jw40e0xgp" duration="00:00:00.0005986" startTime="2025-09-04T23:31:26.7184899+00:00" endTime="2025-09-04T23:31:26.7184900+00:00" testType="13cdc9d9-ddb5-4fa4-a97d-d965ccfc6d4b" outcome="Passed" testListId="8c84fa94-04c1-424b-9868-57a2d4851a1d" relativeResultsDirectory="3f526007-594c-4383-be4c-8d66fab7bd03" />
    <UnitTestResult executionId="ad68edb8-674c-45c4-af06-a4c28369a0e3" testId="0c5da287-efdb-ad86-5a1d-4f909e3eba8c" testName="BuckScience.Tests.PhotoFilteringUrlExamples.BuildFilters_UrlParameters_ShouldParseCorrectly(urlParams: &quot;windSpeedMin=5&amp;windSpeedMax=15&quot;, expectedTempMin: null, expectedTempMax: null, expectedWindMin: 5, expectedWindMax: 15)" computerName="pkrvm7jw40e0xgp" duration="00:00:00.0000158" startTime="2025-09-04T23:31:25.6435689+00:00" endTime="2025-09-04T23:31:25.6435690+00:00" testType="13cdc9d9-ddb5-4fa4-a97d-d965ccfc6d4b" outcome="Passed" testListId="8c84fa94-04c1-424b-9868-57a2d4851a1d" relativeResultsDirectory="ad68edb8-674c-45c4-af06-a4c28369a0e3" />
    <UnitTestResult executionId="92de1357-7bba-4c0d-b74b-6cbb9a2ab4f1" testId="282510b6-3046-16e6-500c-da1402387fc9" testName="BuckScience.Tests.Web.Helpers.WeatherHelpersTests.ConvertWindDirectionToText_VariousAngles_ReturnsCorrectDirection(degrees: 90, expected: &quot;E&quot;)" computerName="pkrvm7jw40e0xgp" duration="00:00:00.0000071" startTime="2025-09-04T23:31:26.7205683+00:00" endTime="2025-09-04T23:31:26.7205684+00:00" testType="13cdc9d9-ddb5-4fa4-a97d-d965ccfc6d4b" outcome="Passed" testListId="8c84fa94-04c1-424b-9868-57a2d4851a1d" relativeResultsDirectory="92de1357-7bba-4c0d-b74b-6cbb9a2ab4f1" />
    <UnitTestResult executionId="920c0794-bc83-42a1-b600-8a457a014df2" testId="639a2f8f-de06-aff0-2654-2e863df98d3d" testName="BuckScience.Tests.Web.Helpers.WeatherHelpersTests.ConvertMoonPhaseToText_VariousValues_ReturnsCorrectText(phase: 0.25, expected: &quot;First Quarter&quot;)" computerName="pkrvm7jw40e0xgp" duration="00:00:00.0004754" startTime="2025-09-04T23:31:26.7160574+00:00" endTime="2025-09-04T23:31:26.7160575+00:00" testType="13cdc9d9-ddb5-4fa4-a97d-d965ccfc6d4b" outcome="Passed" testListId="8c84fa94-04c1-424b-9868-57a2d4851a1d" relativeResultsDirectory="920c0794-bc83-42a1-b600-8a457a014df2" />
    <UnitTestResult executionId="4d3780a9-c7b5-4fdd-88c3-108ab30b4e50" testId="1be37c51-af7c-9e7b-8fa3-a746d27f5f9b" testName="BuckScience.Tests.CameraCreateVmTests.CameraCreateVm_SyncDirectionFromSelection_ShouldUpdateDirectionDegrees" computerName="pkrvm7jw40e0xgp" duration="00:00:00.0001438" startTime="2025-09-04T23:31:25.5645220+00:00" endTime="2025-09-04T23:31:25.5645221+00:00" testType="13cdc9d9-ddb5-4fa4-a97d-d965ccfc6d4b" outcome="Passed" testListId="8c84fa94-04c1-424b-9868-57a2d4851a1d" relativeResultsDirectory="4d3780a9-c7b5-4fdd-88c3-108ab30b4e50" />
    <UnitTestResult executionId="ee79f914-c205-42e0-9982-41f089c39ec0" testId="46016c60-0720-f808-02e7-68fa8d4036c4" testName="BuckScience.Tests.Web.Helpers.WeatherHelpersTests.ConvertMoonPhaseToText_VariousValues_ReturnsCorrectText(phase: 0.98999999999999999, expected: &quot;New Moon&quot;)" computerName="pkrvm7jw40e0xgp" duration="00:00:00.0000077" startTime="2025-09-04T23:31:26.7164531+00:00" endTime="2025-09-04T23:31:26.7164532+00:00" testType="13cdc9d9-ddb5-4fa4-a97d-d965ccfc6d4b" outcome="Passed" testListId="8c84fa94-04c1-424b-9868-57a2d4851a1d" relativeResultsDirectory="ee79f914-c205-42e0-9982-41f089c39ec0" />
    <UnitTestResult executionId="469eb501-cea1-4424-9ebb-cff5a62979f4" testId="5ad698c0-31c3-b3d2-caa9-9fa5ad866948" testName="BuckScience.Tests.FeatureHelperTests.FeatureNames_ShouldContainAllClassificationTypes" computerName="pkrvm7jw40e0xgp" duration="00:00:00.0003253" startTime="2025-09-04T23:31:25.5733164+00:00" endTime="2025-09-04T23:31:25.5733165+00:00" testType="13cdc9d9-ddb5-4fa4-a97d-d965ccfc6d4b" outcome="Passed" testListId="8c84fa94-04c1-424b-9868-57a2d4851a1d" relativeResultsDirectory="469eb501-cea1-4424-9ebb-cff5a62979f4" />
    <UnitTestResult executionId="d9d558f9-1f5d-4fec-a39f-c05ac6cfbc71" testId="7d4e8658-cb8d-0c66-3167-748289c2e3c6" testName="BuckScience.Tests.Web.Helpers.WeatherHelpersTests.ConvertWindDirectionToText_VariousAngles_ReturnsCorrectDirection(degrees: 135, expected: &quot;SE&quot;)" computerName="pkrvm7jw40e0xgp" duration="00:00:00.0000039" startTime="2025-09-04T23:31:26.7209627+00:00" endTime="2025-09-04T23:31:26.7209627+00:00" testType="13cdc9d9-ddb5-4fa4-a97d-d965ccfc6d4b" outcome="Passed" testListId="8c84fa94-04c1-424b-9868-57a2d4851a1d" relativeResultsDirectory="d9d558f9-1f5d-4fec-a39f-c05ac6cfbc71" />
    <UnitTestResult executionId="6985b6ad-9096-42b3-b9ca-e5ff3faf2a75" testId="2b789b90-6459-6d41-420f-e5502ba7ca12" testName="BuckScience.Tests.DirectionHelperTests.GetDisplayName_ShouldReturnCorrectDisplayNames" computerName="pkrvm7jw40e0xgp" duration="00:00:00.0010467" startTime="2025-09-04T23:31:25.5661260+00:00" endTime="2025-09-04T23:31:25.5661261+00:00" testType="13cdc9d9-ddb5-4fa4-a97d-d965ccfc6d4b" outcome="Passed" testListId="8c84fa94-04c1-424b-9868-57a2d4851a1d" relativeResultsDirectory="6985b6ad-9096-42b3-b9ca-e5ff3faf2a75" />
    <UnitTestResult executionId="afbb62c5-775f-4a0a-addf-acbb0d434a8d" testId="22422765-9e0c-6be7-c83c-360c392ca9f5" testName="BuckScience.Tests.PhotoFilteringIntegrationTests.BuildFilters_WithInvalidCameraIds_IgnoresInvalidIds" computerName="pkrvm7jw40e0xgp" duration="00:00:00.0032336" startTime="2025-09-04T23:31:26.7270292+00:00" endTime="2025-09-04T23:31:26.7270293+00:00" testType="13cdc9d9-ddb5-4fa4-a97d-d965ccfc6d4b" outcome="Passed" testListId="8c84fa94-04c1-424b-9868-57a2d4851a1d" relativeResultsDirectory="afbb62c5-775f-4a0a-addf-acbb0d434a8d" />
    <UnitTestResult executionId="7e41f982-2e29-4103-8cff-f940962bd7bf" testId="5258a2d0-41cb-c3df-1e8f-eff8f92d5e7f" testName="BuckScience.Tests.Web.Helpers.WeatherHelpersTests.ConvertWindDirectionTextToNumeric_InvalidText_ReturnsNull(direction: &quot;Invalid&quot;)" computerName="pkrvm7jw40e0xgp" duration="00:00:00.0000078" startTime="2025-09-04T23:31:26.7177037+00:00" endTime="2025-09-04T23:31:26.7177037+00:00" testType="13cdc9d9-ddb5-4fa4-a97d-d965ccfc6d4b" outcome="Passed" testListId="8c84fa94-04c1-424b-9868-57a2d4851a1d" relativeResultsDirectory="7e41f982-2e29-4103-8cff-f940962bd7bf" />
    <UnitTestResult executionId="b1af222a-2e2c-47d5-8174-2cba337556d1" testId="fa20158d-fb5e-8e7a-f1da-aa0a1eb9ba5a" testName="BuckScience.Tests.PhotoGroupingTests.CameraPhotoGrouping_ShouldGroupByMonthYear" computerName="pkrvm7jw40e0xgp" duration="00:00:00.0019306" startTime="2025-09-04T23:31:25.5638860+00:00" endTime="2025-09-04T23:31:25.5638861+00:00" testType="13cdc9d9-ddb5-4fa4-a97d-d965ccfc6d4b" outcome="Passed" testListId="8c84fa94-04c1-424b-9868-57a2d4851a1d" relativeResultsDirectory="b1af222a-2e2c-47d5-8174-2cba337556d1" />
    <UnitTestResult executionId="aac7d673-766b-4c0b-8762-0c1906235f2a" testId="d23e84fd-71f4-7bce-d8fe-1741eb8da08e" testName="BuckScience.Tests.PhotoFilteringComprehensiveTests.PropertyPhotosVm_WithoutFilters_CorrectProperties" computerName="pkrvm7jw40e0xgp" duration="00:00:00.0001584" startTime="2025-09-04T23:31:26.7331192+00:00" endTime="2025-09-04T23:31:26.7331193+00:00" testType="13cdc9d9-ddb5-4fa4-a97d-d965ccfc6d4b" outcome="Passed" testListId="8c84fa94-04c1-424b-9868-57a2d4851a1d" relativeResultsDirectory="aac7d673-766b-4c0b-8762-0c1906235f2a" />
    <UnitTestResult executionId="f2a87c45-271d-420b-8c9d-1cfeaef52b02" testId="35d57337-18a5-4629-635a-b25a895ec8a2" testName="BuckScience.Tests.PhotoGroupingTests.CameraPhotoGrouping_ShouldGroupByMonthYear_Ascending" computerName="pkrvm7jw40e0xgp" duration="00:00:00.0109298" startTime="2025-09-04T23:31:25.5352478+00:00" endTime="2025-09-04T23:31:25.5352480+00:00" testType="13cdc9d9-ddb5-4fa4-a97d-d965ccfc6d4b" outcome="Passed" testListId="8c84fa94-04c1-424b-9868-57a2d4851a1d" relativeResultsDirectory="f2a87c45-271d-420b-8c9d-1cfeaef52b02" />
    <UnitTestResult executionId="c7313b84-8130-497e-9ece-f90e3aca797a" testId="54dac1bc-0f72-9d60-bad7-07e4a0566a24" testName="BuckScience.Tests.CameraPlacementHistoryTests.Camera_Move_ShouldEndCurrentPlacementAndCreateNew" computerName="pkrvm7jw40e0xgp" duration="00:00:00.0007498" startTime="2025-09-04T23:31:25.6135732+00:00" endTime="2025-09-04T23:31:25.6135733+00:00" testType="13cdc9d9-ddb5-4fa4-a97d-d965ccfc6d4b" outcome="Passed" testListId="8c84fa94-04c1-424b-9868-57a2d4851a1d" relativeResultsDirectory="c7313b84-8130-497e-9ece-f90e3aca797a" />
    <UnitTestResult executionId="23c5f44e-520f-45eb-af32-4490368b550c" testId="7882d79f-7e75-7cd0-3f6e-4fc087cc8ade" testName="BuckScience.Tests.DirectionHelperTests.ToFloat_ShouldReturnCorrectDegrees(direction: N, expectedDegrees: 0)" computerName="pkrvm7jw40e0xgp" duration="00:00:00.0000058" startTime="2025-09-04T23:31:25.5648890+00:00" endTime="2025-09-04T23:31:25.5648891+00:00" testType="13cdc9d9-ddb5-4fa4-a97d-d965ccfc6d4b" outcome="Passed" testListId="8c84fa94-04c1-424b-9868-57a2d4851a1d" relativeResultsDirectory="23c5f44e-520f-45eb-af32-4490368b550c" />
    <UnitTestResult executionId="fc208c9f-3434-4f91-9e97-1dc3da1b2fff" testId="b909abe1-3b1d-c0ea-a3f1-0b971399890f" testName="BuckScience.Tests.PhotoFilteringIntegrationTests.BuildFilters_WithCameraIds_ReturnsFiltersWithCameras" computerName="pkrvm7jw40e0xgp" duration="00:00:00.0003259" startTime="2025-09-04T23:31:26.7290236+00:00" endTime="2025-09-04T23:31:26.7290237+00:00" testType="13cdc9d9-ddb5-4fa4-a97d-d965ccfc6d4b" outcome="Passed" testListId="8c84fa94-04c1-424b-9868-57a2d4851a1d" relativeResultsDirectory="fc208c9f-3434-4f91-9e97-1dc3da1b2fff" />
    <UnitTestResult executionId="61b635ee-d179-4b87-9298-60814785bc26" testId="62abf167-66b2-7338-5ead-888596c0fffe" testName="BuckScience.Tests.TaggingRequirementsTests.Requirement2_PropertyCreation_ShouldAutoAssignDefaultTags" computerName="pkrvm7jw40e0xgp" duration="00:00:00.0026671" startTime="2025-09-04T23:31:26.7493050+00:00" endTime="2025-09-04T23:31:26.7493051+00:00" testType="13cdc9d9-ddb5-4fa4-a97d-d965ccfc6d4b" outcome="Passed" testListId="8c84fa94-04c1-424b-9868-57a2d4851a1d" relativeResultsDirectory="61b635ee-d179-4b87-9298-60814785bc26" />
    <UnitTestResult executionId="c4bf4737-2e7d-47ab-a144-a9c175bc1619" testId="73d0473b-eb3b-71b8-da90-00961c42343e" testName="BuckScience.Tests.PhotoFilteringUrlExamples.BuildFilters_ConditionsParameters_ShouldParseCorrectly(conditions: &quot;Clear,Partly Cloudy,Overcast&quot;, expectedConditions: [&quot;Clear&quot;, &quot;Partly Cloudy&quot;, &quot;Overcast&quot;])" computerName="pkrvm7jw40e0xgp" duration="00:00:00.0002880" startTime="2025-09-04T23:31:25.6444159+00:00" endTime="2025-09-04T23:31:25.6444160+00:00" testType="13cdc9d9-ddb5-4fa4-a97d-d965ccfc6d4b" outcome="Passed" testListId="8c84fa94-04c1-424b-9868-57a2d4851a1d" relativeResultsDirectory="c4bf4737-2e7d-47ab-a144-a9c175bc1619" />
    <UnitTestResult executionId="35cc4b3f-4545-40b8-8291-a240348570ca" testId="e79130f3-839b-5123-ac52-8ca3bb6ef8c5" testName="BuckScience.Tests.WeatherServiceTests.RoundCoordinates_ShouldRoundTo2DecimalPlaces" computerName="pkrvm7jw40e0xgp" duration="00:00:00.0991341" startTime="2025-09-04T23:31:25.6269859+00:00" endTime="2025-09-04T23:31:25.6269860+00:00" testType="13cdc9d9-ddb5-4fa4-a97d-d965ccfc6d4b" outcome="Passed" testListId="8c84fa94-04c1-424b-9868-57a2d4851a1d" relativeResultsDirectory="35cc4b3f-4545-40b8-8291-a240348570ca" />
    <UnitTestResult executionId="ca6e87b6-5420-4436-8b1d-b2e9b7ca831f" testId="117d72dd-b186-d8e9-ce14-8d711079c929" testName="BuckScience.Tests.Web.Helpers.WeatherHelpersTests.ConvertWindDirectionTextToNumeric_ValidDirections_ReturnsCorrectDegrees(direction: &quot;WSW&quot;, expected: 247.5)" computerName="pkrvm7jw40e0xgp" duration="00:00:00.0000090" startTime="2025-09-04T23:31:26.7273628+00:00" endTime="2025-09-04T23:31:26.7273629+00:00" testType="13cdc9d9-ddb5-4fa4-a97d-d965ccfc6d4b" outcome="Passed" testListId="8c84fa94-04c1-424b-9868-57a2d4851a1d" relativeResultsDirectory="ca6e87b6-5420-4436-8b1d-b2e9b7ca831f" />
    <UnitTestResult executionId="9a3bf709-e7cd-4f1c-9bda-fa75c9ba6b2e" testId="fa4cc283-dfe0-de36-3d73-29ab1e351353" testName="BuckScience.Tests.Web.Helpers.WeatherHelpersTests.ConvertWindDirectionToText_VariousAngles_ReturnsCorrectDirection(degrees: 348.75, expected: &quot;N&quot;)" computerName="pkrvm7jw40e0xgp" duration="00:00:00.0003446" startTime="2025-09-04T23:31:26.7197920+00:00" endTime="2025-09-04T23:31:26.7197921+00:00" testType="13cdc9d9-ddb5-4fa4-a97d-d965ccfc6d4b" outcome="Passed" testListId="8c84fa94-04c1-424b-9868-57a2d4851a1d" relativeResultsDirectory="9a3bf709-e7cd-4f1c-9bda-fa75c9ba6b2e" />
    <UnitTestResult executionId="62bcef1e-b356-4c02-93b5-b0de6135390f" testId="93232e33-f6c8-82c0-b755-94e963fff023" testName="BuckScience.Tests.FeatureHelperTests.GetCategory_ShouldReturnOtherForOtherType" computerName="pkrvm7jw40e0xgp" duration="00:00:00.0170900" startTime="2025-09-04T23:31:25.5672113+00:00" endTime="2025-09-04T23:31:25.5672114+00:00" testType="13cdc9d9-ddb5-4fa4-a97d-d965ccfc6d4b" outcome="Passed" testListId="8c84fa94-04c1-424b-9868-57a2d4851a1d" relativeResultsDirectory="62bcef1e-b356-4c02-93b5-b0de6135390f" />
    <UnitTestResult executionId="11cc747c-36cf-4991-bcd0-eee5f4facaf2" testId="9323afa7-c6a5-6a33-bb74-8f4b3b4998d0" testName="BuckScience.Tests.Web.Helpers.WeatherHelpersTests.ConvertWindDirectionToText_VariousAngles_ReturnsCorrectDirection(degrees: 33.740000000000002, expected: &quot;NNE&quot;)" computerName="pkrvm7jw40e0xgp" duration="00:00:00.0000058" startTime="2025-09-04T23:31:26.7218088+00:00" endTime="2025-09-04T23:31:26.7218088+00:00" testType="13cdc9d9-ddb5-4fa4-a97d-d965ccfc6d4b" outcome="Passed" testListId="8c84fa94-04c1-424b-9868-57a2d4851a1d" relativeResultsDirectory="11cc747c-36cf-4991-bcd0-eee5f4facaf2" />
    <UnitTestResult executionId="bdc2ff6c-c0d8-4a66-a4cc-bcb6167d1326" testId="396d4f9b-ac51-22fa-04b5-9956711699f1" testName="BuckScience.Tests.Web.Helpers.WeatherHelpersTests.ConvertWindDirectionToText_VariousAngles_ReturnsCorrectDirection(degrees: 360, expected: &quot;N&quot;)" computerName="pkrvm7jw40e0xgp" duration="00:00:00.0000074" startTime="2025-09-04T23:31:26.7206340+00:00" endTime="2025-09-04T23:31:26.7206341+00:00" testType="13cdc9d9-ddb5-4fa4-a97d-d965ccfc6d4b" outcome="Passed" testListId="8c84fa94-04c1-424b-9868-57a2d4851a1d" relativeResultsDirectory="bdc2ff6c-c0d8-4a66-a4cc-bcb6167d1326" />
    <UnitTestResult executionId="12506717-7e79-463d-86e8-f61039a45716" testId="517f9dbf-42b8-6c68-c79b-d5d973668018" testName="BuckScience.Tests.CameraCreateVmTests.CameraCreateVm_DirectionSync_ShouldWorkForAllDirections(direction: N, expectedDegrees: 0)" computerName="pkrvm7jw40e0xgp" duration="00:00:00.0133634" startTime="2025-09-04T23:31:25.5346652+00:00" endTime="2025-09-04T23:31:25.5346653+00:00" testType="13cdc9d9-ddb5-4fa4-a97d-d965ccfc6d4b" outcome="Passed" testListId="8c84fa94-04c1-424b-9868-57a2d4851a1d" relativeResultsDirectory="12506717-7e79-463d-86e8-f61039a45716" />
    <UnitTestResult executionId="ac34d8e1-7282-4696-a046-0e2106235f06" testId="4bb73173-b83c-b642-8102-032feaeaf8ff" testName="BuckScience.Tests.DirectionHelperTests.FromFloat_ShouldReturnCorrectDirection(degrees: 135, expectedDirection: SE)" computerName="pkrvm7jw40e0xgp" duration="00:00:00.0000076" startTime="2025-09-04T23:31:25.5606596+00:00" endTime="2025-09-04T23:31:25.5606597+00:00" testType="13cdc9d9-ddb5-4fa4-a97d-d965ccfc6d4b" outcome="Passed" testListId="8c84fa94-04c1-424b-9868-57a2d4851a1d" relativeResultsDirectory="ac34d8e1-7282-4696-a046-0e2106235f06" />
    <UnitTestResult executionId="4be6d267-e647-4cdd-bda9-be6b5842716f" testId="8bb24e9f-b033-fdc0-7830-bccb21534250" testName="BuckScience.Tests.DirectionHelperTests.GetAllDirections_ShouldReturnAllDirectionsWithCorrectData" computerName="pkrvm7jw40e0xgp" duration="00:00:00.0139138" startTime="2025-09-04T23:31:25.5671050+00:00" endTime="2025-09-04T23:31:25.5671052+00:00" testType="13cdc9d9-ddb5-4fa4-a97d-d965ccfc6d4b" outcome="Passed" testListId="8c84fa94-04c1-424b-9868-57a2d4851a1d" relativeResultsDirectory="4be6d267-e647-4cdd-bda9-be6b5842716f" />
    <UnitTestResult executionId="ac3088aa-de1d-4734-b751-dcfec11f590c" testId="78fd4f15-08d5-878b-fd2a-dd2d3bcc8384" testName="BuckScience.Tests.PhotoFilteringUrlExamples.BuildFilters_UrlParameters_ShouldParseCorrectly(urlParams: &quot;tempMax=25&quot;, expectedTempMin: null, expectedTempMax: 25, expectedWindMin: null, expectedWindMax: null)" computerName="pkrvm7jw40e0xgp" duration="00:00:00.0004718" startTime="2025-09-04T23:31:25.6435029+00:00" endTime="2025-09-04T23:31:25.6435030+00:00" testType="13cdc9d9-ddb5-4fa4-a97d-d965ccfc6d4b" outcome="Passed" testListId="8c84fa94-04c1-424b-9868-57a2d4851a1d" relativeResultsDirectory="ac3088aa-de1d-4734-b751-dcfec11f590c" />
    <UnitTestResult executionId="3212b858-7300-4b25-89dc-c1b20d796769" testId="87e55bdd-4276-ed24-3a0c-df1323a9e2c9" testName="BuckScience.Tests.DirectionHelperTests.ToFloat_ShouldReturnCorrectDegrees(direction: S, expectedDegrees: 180)" computerName="pkrvm7jw40e0xgp" duration="00:00:00.0044855" startTime="2025-09-04T23:31:25.5647209+00:00" endTime="2025-09-04T23:31:25.5647209+00:00" testType="13cdc9d9-ddb5-4fa4-a97d-d965ccfc6d4b" outcome="Passed" testListId="8c84fa94-04c1-424b-9868-57a2d4851a1d" relativeResultsDirectory="3212b858-7300-4b25-89dc-c1b20d796769" />
    <UnitTestResult executionId="8888ed3e-1a64-44dd-9b96-f0ca359cc0fc" testId="2eacfbf3-667b-5a8e-52a0-d9d512e960c7" testName="BuckScience.Tests.Web.Helpers.WeatherHelpersTests.ConvertWindDirectionToText_VariousAngles_ReturnsCorrectDirection(degrees: 270, expected: &quot;W&quot;)" computerName="pkrvm7jw40e0xgp" duration="00:00:00.0000079" startTime="2025-09-04T23:31:26.7206901+00:00" endTime="2025-09-04T23:31:26.7206902+00:00" testType="13cdc9d9-ddb5-4fa4-a97d-d965ccfc6d4b" outcome="Passed" testListId="8c84fa94-04c1-424b-9868-57a2d4851a1d" relativeResultsDirectory="8888ed3e-1a64-44dd-9b96-f0ca359cc0fc" />
    <UnitTestResult executionId="6309dd30-97c8-4699-a21b-c9bed9411b9c" testId="3b62dc28-12fd-93fe-6512-390293682652" testName="BuckScience.Tests.CameraCreateVmTests.CameraCreateVm_PropertyCoordinates_ShouldBeInitializedToZero" computerName="pkrvm7jw40e0xgp" duration="00:00:00.0001471" startTime="2025-09-04T23:31:25.5645996+00:00" endTime="2025-09-04T23:31:25.5645997+00:00" testType="13cdc9d9-ddb5-4fa4-a97d-d965ccfc6d4b" outcome="Passed" testListId="8c84fa94-04c1-424b-9868-57a2d4851a1d" relativeResultsDirectory="6309dd30-97c8-4699-a21b-c9bed9411b9c" />
    <UnitTestResult executionId="4a061823-3ad0-4843-9fdd-84a33ebbdfa5" testId="9f164cb9-b0ee-2833-0b35-619b21bae903" testName="BuckScience.Tests.Web.Helpers.WeatherHelpersTests.ConvertWindDirectionToText_VariousAngles_ReturnsCorrectDirection(degrees: 348.74000000000001, expected: &quot;NNW&quot;)" computerName="pkrvm7jw40e0xgp" duration="00:00:00.0000047" startTime="2025-09-04T23:31:26.7210375+00:00" endTime="2025-09-04T23:31:26.7210376+00:00" testType="13cdc9d9-ddb5-4fa4-a97d-d965ccfc6d4b" outcome="Passed" testListId="8c84fa94-04c1-424b-9868-57a2d4851a1d" relativeResultsDirectory="4a061823-3ad0-4843-9fdd-84a33ebbdfa5" />
    <UnitTestResult executionId="228acc5b-87c1-4536-90a5-653b30d8253a" testId="35247ab4-97a5-e557-91c7-742a1f89dba4" testName="BuckScience.Tests.Web.Helpers.WeatherHelpersTests.ConvertWindDirectionTextToNumeric_InvalidText_ReturnsNull(direction: &quot;Northeast&quot;)" computerName="pkrvm7jw40e0xgp" duration="00:00:00.0002981" startTime="2025-09-04T23:31:26.7176447+00:00" endTime="2025-09-04T23:31:26.7176448+00:00" testType="13cdc9d9-ddb5-4fa4-a97d-d965ccfc6d4b" outcome="Passed" testListId="8c84fa94-04c1-424b-9868-57a2d4851a1d" relativeResultsDirectory="228acc5b-87c1-4536-90a5-653b30d8253a" />
    <UnitTestResult executionId="c036db1f-95d6-4c5e-ad54-fb78bec7982f" testId="1634510e-087e-a71c-61ba-55901a3677cc" testName="BuckScience.Tests.Web.Helpers.WeatherHelpersTests.ConvertWindDirectionTextToNumeric_ValidDirections_ReturnsCorrectDegrees(direction: &quot;NNE&quot;, expected: 22.5)" computerName="pkrvm7jw40e0xgp" duration="00:00:00.0000086" startTime="2025-09-04T23:31:26.7279307+00:00" endTime="2025-09-04T23:31:26.7279307+00:00" testType="13cdc9d9-ddb5-4fa4-a97d-d965ccfc6d4b" outcome="Passed" testListId="8c84fa94-04c1-424b-9868-57a2d4851a1d" relativeResultsDirectory="c036db1f-95d6-4c5e-ad54-fb78bec7982f" />
    <UnitTestResult executionId="3b4b81d4-3006-4363-8885-3db8e68d5756" testId="80f7e275-5c62-bf32-953c-a522d71f0911" testName="BuckScience.Tests.PhotoFilteringUrlExamples.PhotoFiltering_RealWorldScenario_MoonPhaseAndConditions" computerName="pkrvm7jw40e0xgp" duration="00:00:00.0055740" startTime="2025-09-04T23:31:25.6342924+00:00" endTime="2025-09-04T23:31:25.6342924+00:00" testType="13cdc9d9-ddb5-4fa4-a97d-d965ccfc6d4b" outcome="Passed" testListId="8c84fa94-04c1-424b-9868-57a2d4851a1d" relativeResultsDirectory="3b4b81d4-3006-4363-8885-3db8e68d5756" />
    <UnitTestResult executionId="f9bbd1f0-a538-4bdb-aa49-d6913a48b9d1" testId="8c733a46-a4ea-1620-69ec-bdd69e48dc0b" testName="BuckScience.Tests.PhotoFiltersTests.PhotoFilters_HasAnyFilters_ReturnsFalseWhenNoFiltersSet" computerName="pkrvm7jw40e0xgp" duration="00:00:00.0002256" startTime="2025-09-04T23:31:26.7038186+00:00" endTime="2025-09-04T23:31:26.7038187+00:00" testType="13cdc9d9-ddb5-4fa4-a97d-d965ccfc6d4b" outcome="Passed" testListId="8c84fa94-04c1-424b-9868-57a2d4851a1d" relativeResultsDirectory="f9bbd1f0-a538-4bdb-aa49-d6913a48b9d1" />
    <UnitTestResult executionId="c44f3767-f4d6-4c8f-a9b5-d9bcc6d3e94b" testId="1335073e-5183-6141-99f1-caaa61dc86f4" testName="BuckScience.Tests.TaggingSystemTests.GetOrCreateTag_ShouldThrowException_WhenTagNameIsInvalid(invalidTagName: null)" computerName="pkrvm7jw40e0xgp" duration="00:00:00.0006336" startTime="2025-09-04T23:31:26.6500944+00:00" endTime="2025-09-04T23:31:26.6500945+00:00" testType="13cdc9d9-ddb5-4fa4-a97d-d965ccfc6d4b" outcome="Passed" testListId="8c84fa94-04c1-424b-9868-57a2d4851a1d" relativeResultsDirectory="c44f3767-f4d6-4c8f-a9b5-d9bcc6d3e94b" />
    <UnitTestResult executionId="9cbb7509-5d01-4785-93a0-3f882c459201" testId="386e0330-7309-7b37-24f5-0984d80d3723" testName="BuckScience.Tests.CameraCreateVmTests.CameraCreateVm_DirectionSync_ShouldWorkForAllDirections(direction: SW, expectedDegrees: 225)" computerName="pkrvm7jw40e0xgp" duration="00:00:00.0000049" startTime="2025-09-04T23:31:25.5608035+00:00" endTime="2025-09-04T23:31:25.5608035+00:00" testType="13cdc9d9-ddb5-4fa4-a97d-d965ccfc6d4b" outcome="Passed" testListId="8c84fa94-04c1-424b-9868-57a2d4851a1d" relativeResultsDirectory="9cbb7509-5d01-4785-93a0-3f882c459201" />
    <UnitTestResult executionId="b96d09e8-5f31-4606-a579-8efcfceca368" testId="c32ae7c7-19e6-4795-4595-b867002163f4" testName="BuckScience.Tests.TagCleanupTests.RemoveTagFromPhotos_ShouldNotRemoveDefaultTag_EvenWhenUnused" computerName="pkrvm7jw40e0xgp" duration="00:00:01.0222671" startTime="2025-09-04T23:31:26.6675347+00:00" endTime="2025-09-04T23:31:26.6675349+00:00" testType="13cdc9d9-ddb5-4fa4-a97d-d965ccfc6d4b" outcome="Passed" testListId="8c84fa94-04c1-424b-9868-57a2d4851a1d" relativeResultsDirectory="b96d09e8-5f31-4606-a579-8efcfceca368" />
    <UnitTestResult executionId="699c9e1c-4cf8-4c68-8f32-283aa0d389bb" testId="878dbf6d-4718-3010-2956-9a909a749d2f" testName="BuckScience.Tests.PhotoFilteringComprehensiveTests.PhotoFilters_EdgeCases_HandleCorrectly" computerName="pkrvm7jw40e0xgp" duration="00:00:00.0005082" startTime="2025-09-04T23:31:26.7332468+00:00" endTime="2025-09-04T23:31:26.7332469+00:00" testType="13cdc9d9-ddb5-4fa4-a97d-d965ccfc6d4b" outcome="Passed" testListId="8c84fa94-04c1-424b-9868-57a2d4851a1d" relativeResultsDirectory="699c9e1c-4cf8-4c68-8f32-283aa0d389bb" />
    <UnitTestResult executionId="6a94fc59-363c-4fec-a80b-63f09b83304e" testId="fb896724-2095-3026-71b5-ad9198efd098" testName="BuckScience.Tests.Web.Helpers.WeatherHelpersTests.ConvertMoonPhaseTextToNumeric_InvalidText_ReturnsNull(text: &quot;Unknown&quot;)" computerName="pkrvm7jw40e0xgp" duration="00:00:00.0001254" startTime="2025-09-04T23:31:26.7331778+00:00" endTime="2025-09-04T23:31:26.7331779+00:00" testType="13cdc9d9-ddb5-4fa4-a97d-d965ccfc6d4b" outcome="Passed" testListId="8c84fa94-04c1-424b-9868-57a2d4851a1d" relativeResultsDirectory="6a94fc59-363c-4fec-a80b-63f09b83304e" />
    <UnitTestResult executionId="9c84214a-81b9-4425-b72a-3ce116e8e3de" testId="ec7cd5e3-a82c-cf66-66cc-45c1ba395a3e" testName="BuckScience.Tests.Web.Helpers.WeatherHelpersTests.ConvertMoonPhaseTextToNumeric_InvalidText_ReturnsNull(text: &quot;   &quot;)" computerName="pkrvm7jw40e0xgp" duration="00:00:00.0000039" startTime="2025-09-04T23:31:26.7350837+00:00" endTime="2025-09-04T23:31:26.7350838+00:00" testType="13cdc9d9-ddb5-4fa4-a97d-d965ccfc6d4b" outcome="Passed" testListId="8c84fa94-04c1-424b-9868-57a2d4851a1d" relativeResultsDirectory="9c84214a-81b9-4425-b72a-3ce116e8e3de" />
    <UnitTestResult executionId="6e9e9304-188a-49a0-baa0-f3186a571a39" testId="2582410d-2726-a653-733b-0912934edde4" testName="BuckScience.Tests.Web.Helpers.WeatherHelpersTests.ConvertMoonPhaseTextToNumeric_ValidText_ReturnsCorrectValue(text: &quot;Last Quarter&quot;, expected: 0.75)" computerName="pkrvm7jw40e0xgp" duration="00:00:00.0002445" startTime="2025-09-04T23:31:26.7292918+00:00" endTime="2025-09-04T23:31:26.7292918+00:00" testType="13cdc9d9-ddb5-4fa4-a97d-d965ccfc6d4b" outcome="Passed" testListId="8c84fa94-04c1-424b-9868-57a2d4851a1d" relativeResultsDirectory="6e9e9304-188a-49a0-baa0-f3186a571a39" />
    <UnitTestResult executionId="740bd871-273c-48a9-8477-ddab3084fd25" testId="6acfe581-a1ff-0243-6a25-fa30ab98af8f" testName="BuckScience.Tests.FeatureHelperTests.GetCategory_ShouldReturnCorrectCategoryForFoodResources" computerName="pkrvm7jw40e0xgp" duration="00:00:00.0001536" startTime="2025-09-04T23:31:25.5679454+00:00" endTime="2025-09-04T23:31:25.5679455+00:00" testType="13cdc9d9-ddb5-4fa4-a97d-d965ccfc6d4b" outcome="Passed" testListId="8c84fa94-04c1-424b-9868-57a2d4851a1d" relativeResultsDirectory="740bd871-273c-48a9-8477-ddab3084fd25" />
    <UnitTestResult executionId="19f1a281-a623-412d-b3d8-6bbc5c6aa956" testId="61de09e0-94b0-9094-bdcf-74e56c5800ed" testName="BuckScience.Tests.TaggingRequirementsTests.Requirement1_DefaultTags_ShouldBePopulatedByMigration" computerName="pkrvm7jw40e0xgp" duration="00:00:00.0039178" startTime="2025-09-04T23:31:26.7630670+00:00" endTime="2025-09-04T23:31:26.7630671+00:00" testType="13cdc9d9-ddb5-4fa4-a97d-d965ccfc6d4b" outcome="Passed" testListId="8c84fa94-04c1-424b-9868-57a2d4851a1d" relativeResultsDirectory="19f1a281-a623-412d-b3d8-6bbc5c6aa956" />
    <UnitTestResult executionId="20075427-80bb-4292-b696-af608825b049" testId="90576d28-8c3e-aa47-8e92-100b02ac5a05" testName="BuckScience.Tests.Web.Helpers.WeatherHelpersTests.GetWindDirectionOptions_WithAvailableDirections_SetsAvailability" computerName="pkrvm7jw40e0xgp" duration="00:00:00.0057472" startTime="2025-09-04T23:31:26.7329521+00:00" endTime="2025-09-04T23:31:26.7329522+00:00" testType="13cdc9d9-ddb5-4fa4-a97d-d965ccfc6d4b" outcome="Passed" testListId="8c84fa94-04c1-424b-9868-57a2d4851a1d" relativeResultsDirectory="20075427-80bb-4292-b696-af608825b049" />
    <UnitTestResult executionId="76491491-2ce8-4019-8ae9-04f58324a7fc" testId="81cae9df-520c-bb72-ca7a-30a828451359" testName="BuckScience.Tests.PhotoFilteringComprehensiveTests.PhotoFilters_ComplexCombination_AllFilterTypes" computerName="pkrvm7jw40e0xgp" duration="00:00:00.0009477" startTime="2025-09-04T23:31:26.7339634+00:00" endTime="2025-09-04T23:31:26.7339635+00:00" testType="13cdc9d9-ddb5-4fa4-a97d-d965ccfc6d4b" outcome="Passed" testListId="8c84fa94-04c1-424b-9868-57a2d4851a1d" relativeResultsDirectory="76491491-2ce8-4019-8ae9-04f58324a7fc" />
    <UnitTestResult executionId="9387c68b-b065-4bd3-bafc-7a5ee504baca" testId="28faaf32-b614-3b46-c8af-acfb48482d8d" testName="BuckScience.Tests.FeatureHelperTests.GetCategory_ShouldReturnCorrectCategoryForBeddingResources" computerName="pkrvm7jw40e0xgp" duration="00:00:00.0001626" startTime="2025-09-04T23:31:25.5713025+00:00" endTime="2025-09-04T23:31:25.5713026+00:00" testType="13cdc9d9-ddb5-4fa4-a97d-d965ccfc6d4b" outcome="Passed" testListId="8c84fa94-04c1-424b-9868-57a2d4851a1d" relativeResultsDirectory="9387c68b-b065-4bd3-bafc-7a5ee504baca" />
    <UnitTestResult executionId="52916829-9d79-410d-b06e-ea4bec0a4c3a" testId="def966b3-b198-e5b0-2219-bdde89be7924" testName="BuckScience.Tests.CameraEditVmTests.CameraEditVm_ValidationAttributes_ShouldBeApplied" computerName="pkrvm7jw40e0xgp" duration="00:00:00.0008291" startTime="2025-09-04T23:31:25.6418017+00:00" endTime="2025-09-04T23:31:25.6418018+00:00" testType="13cdc9d9-ddb5-4fa4-a97d-d965ccfc6d4b" outcome="Passed" testListId="8c84fa94-04c1-424b-9868-57a2d4851a1d" relativeResultsDirectory="52916829-9d79-410d-b06e-ea4bec0a4c3a" />
    <UnitTestResult executionId="1f27f7e8-2562-4da7-858b-1150e7e0f00c" testId="13b70763-63fd-f0df-582a-0fb307fcad59" testName="BuckScience.Tests.PhotoFiltersTests.PhotoFilters_AllWeatherRangeFiltersWork" computerName="pkrvm7jw40e0xgp" duration="00:00:00.0009905" startTime="2025-09-04T23:31:26.7018600+00:00" endTime="2025-09-04T23:31:26.7018601+00:00" testType="13cdc9d9-ddb5-4fa4-a97d-d965ccfc6d4b" outcome="Passed" testListId="8c84fa94-04c1-424b-9868-57a2d4851a1d" relativeResultsDirectory="1f27f7e8-2562-4da7-858b-1150e7e0f00c" />
    <UnitTestResult executionId="a7bcac44-39b1-449f-a1cb-5eda5c975967" testId="f36a8701-085e-04e9-1108-0b102bccb765" testName="BuckScience.Tests.Web.Helpers.WeatherHelpersTests.ConvertWindDirectionToText_RoundTrip_MaintainsAccuracy" computerName="pkrvm7jw40e0xgp" duration="00:00:00.0007747" startTime="2025-09-04T23:31:26.7219304+00:00" endTime="2025-09-04T23:31:26.7219305+00:00" testType="13cdc9d9-ddb5-4fa4-a97d-d965ccfc6d4b" outcome="Passed" testListId="8c84fa94-04c1-424b-9868-57a2d4851a1d" relativeResultsDirectory="a7bcac44-39b1-449f-a1cb-5eda5c975967" />
    <UnitTestResult executionId="fb6e486c-28f6-40ea-9ab3-5e788520e622" testId="ce73eb79-a497-c2a4-9a02-ef4f9a7168c5" testName="BuckScience.Tests.PhotoFilteringUrlExamples.BuildFilters_UrlParameters_ShouldParseCorrectly(urlParams: &quot;tempMin=10&amp;tempMax=30&quot;, expectedTempMin: 10, expectedTempMax: 30, expectedWindMin: null, expectedWindMax: null)" computerName="pkrvm7jw40e0xgp" duration="00:00:00.0001040" startTime="2025-09-04T23:31:25.6436923+00:00" endTime="2025-09-04T23:31:25.6436924+00:00" testType="13cdc9d9-ddb5-4fa4-a97d-d965ccfc6d4b" outcome="Passed" testListId="8c84fa94-04c1-424b-9868-57a2d4851a1d" relativeResultsDirectory="fb6e486c-28f6-40ea-9ab3-5e788520e622" />
    <UnitTestResult executionId="fab9610c-80e6-4d39-9bc2-dc103faea8bc" testId="9b597749-8f28-5ece-3f0e-b5bb4e23820c" testName="BuckScience.Tests.FeatureHelperTests.FeatureIcons_ShouldContainAllClassificationTypes" computerName="pkrvm7jw40e0xgp" duration="00:00:00.0003142" startTime="2025-09-04T23:31:25.5710519+00:00" endTime="2025-09-04T23:31:25.5710520+00:00" testType="13cdc9d9-ddb5-4fa4-a97d-d965ccfc6d4b" outcome="Passed" testListId="8c84fa94-04c1-424b-9868-57a2d4851a1d" relativeResultsDirectory="fab9610c-80e6-4d39-9bc2-dc103faea8bc" />
    <UnitTestResult executionId="47b05afa-4bfc-4d09-b15b-ca484ae6324e" testId="fb1e59a0-19c5-d0be-0d94-4bf533d92746" testName="BuckScience.Tests.FeatureHelperTests.GetCategory_ShouldReturnCorrectCategoryForWaterResources" computerName="pkrvm7jw40e0xgp" duration="00:00:00.0001522" startTime="2025-09-04T23:31:25.5715069+00:00" endTime="2025-09-04T23:31:25.5715070+00:00" testType="13cdc9d9-ddb5-4fa4-a97d-d965ccfc6d4b" outcome="Passed" testListId="8c84fa94-04c1-424b-9868-57a2d4851a1d" relativeResultsDirectory="47b05afa-4bfc-4d09-b15b-ca484ae6324e" />
    <UnitTestResult executionId="70a54b67-2aa3-4460-ad96-0d663ff1c984" testId="59d49ae8-fe17-c8a4-30e6-e31bf9671e6d" testName="BuckScience.Tests.Web.Helpers.WeatherHelpersTests.ConvertWindDirectionToText_VariousAngles_ReturnsCorrectDirection(degrees: 11.25, expected: &quot;NNE&quot;)" computerName="pkrvm7jw40e0xgp" duration="00:00:00.0000064" startTime="2025-09-04T23:31:26.7207972+00:00" endTime="2025-09-04T23:31:26.7207973+00:00" testType="13cdc9d9-ddb5-4fa4-a97d-d965ccfc6d4b" outcome="Passed" testListId="8c84fa94-04c1-424b-9868-57a2d4851a1d" relativeResultsDirectory="70a54b67-2aa3-4460-ad96-0d663ff1c984" />
    <UnitTestResult executionId="4e1de8f9-60f7-477f-8de5-65a43dd14687" testId="2cc2759a-0e74-d1e3-53c0-3d706804902c" testName="BuckScience.Tests.PhotoFilteringComprehensiveTests.PropertyPhotosVm_WithFilters_CorrectProperties" computerName="pkrvm7jw40e0xgp" duration="00:00:00.0052750" startTime="2025-09-04T23:31:26.7322574+00:00" endTime="2025-09-04T23:31:26.7322574+00:00" testType="13cdc9d9-ddb5-4fa4-a97d-d965ccfc6d4b" outcome="Passed" testListId="8c84fa94-04c1-424b-9868-57a2d4851a1d" relativeResultsDirectory="4e1de8f9-60f7-477f-8de5-65a43dd14687" />
    <UnitTestResult executionId="5f9d3e26-7387-4557-b7ea-67ca1a797042" testId="d10743fd-41b6-9a87-757a-05484dce75fb" testName="BuckScience.Tests.TagCleanupTests.RemoveTagFromPhotos_ShouldCleanupPropertyTag_WhenNoOtherPhotosOnPropertyUseTag" computerName="pkrvm7jw40e0xgp" duration="00:00:00.0343146" startTime="2025-09-04T23:31:26.7333204+00:00" endTime="2025-09-04T23:31:26.7333204+00:00" testType="13cdc9d9-ddb5-4fa4-a97d-d965ccfc6d4b" outcome="Passed" testListId="8c84fa94-04c1-424b-9868-57a2d4851a1d" relativeResultsDirectory="5f9d3e26-7387-4557-b7ea-67ca1a797042" />
    <UnitTestResult executionId="b9cb7a27-061f-4607-bf37-6b717966dfd6" testId="8d702d1b-c14c-4dd0-cea5-aaa087d77d3f" testName="BuckScience.Tests.CameraEditVmTests.CameraEditVm_SyncSelectionFromDirection_ShouldFindClosestDirection" computerName="pkrvm7jw40e0xgp" duration="00:00:00.0001364" startTime="2025-09-04T23:31:25.6408529+00:00" endTime="2025-09-04T23:31:25.6408530+00:00" testType="13cdc9d9-ddb5-4fa4-a97d-d965ccfc6d4b" outcome="Passed" testListId="8c84fa94-04c1-424b-9868-57a2d4851a1d" relativeResultsDirectory="b9cb7a27-061f-4607-bf37-6b717966dfd6" />
    <UnitTestResult executionId="61b03026-b683-4257-857c-f80338b44a82" testId="4e68cf9a-2a3a-1e07-4a4f-0cf27d8d2bbb" testName="BuckScience.Tests.FeatureHelperTests.GetCategoryName_ShouldReturnCorrectCategoryNames" computerName="pkrvm7jw40e0xgp" duration="00:00:00.0027544" startTime="2025-09-04T23:31:25.5701299+00:00" endTime="2025-09-04T23:31:25.5701300+00:00" testType="13cdc9d9-ddb5-4fa4-a97d-d965ccfc6d4b" outcome="Passed" testListId="8c84fa94-04c1-424b-9868-57a2d4851a1d" relativeResultsDirectory="61b03026-b683-4257-857c-f80338b44a82" />
    <UnitTestResult executionId="f2d0a3c4-aae2-4806-abb7-be8cd969a355" testId="510de9dc-e90e-bdb2-662b-4a218168ebca" testName="BuckScience.Tests.DirectionHelperTests.FromFloat_ShouldReturnCorrectDirection(degrees: 180, expectedDirection: S)" computerName="pkrvm7jw40e0xgp" duration="00:00:00.0003604" startTime="2025-09-04T23:31:25.5387982+00:00" endTime="2025-09-04T23:31:25.5387984+00:00" testType="13cdc9d9-ddb5-4fa4-a97d-d965ccfc6d4b" outcome="Passed" testListId="8c84fa94-04c1-424b-9868-57a2d4851a1d" relativeResultsDirectory="f2d0a3c4-aae2-4806-abb7-be8cd969a355" />
    <UnitTestResult executionId="69caad58-ad33-4938-b7b8-d266d5629723" testId="6d7b3d93-71ec-c074-924a-c624993f0b1a" testName="BuckScience.Tests.CameraPlacementHistoryTests.CameraCreateVm_ShouldIncludeDirectionDegrees" computerName="pkrvm7jw40e0xgp" duration="00:00:00.0001635" startTime="2025-09-04T23:31:25.6167262+00:00" endTime="2025-09-04T23:31:25.6167263+00:00" testType="13cdc9d9-ddb5-4fa4-a97d-d965ccfc6d4b" outcome="Passed" testListId="8c84fa94-04c1-424b-9868-57a2d4851a1d" relativeResultsDirectory="69caad58-ad33-4938-b7b8-d266d5629723" />
    <UnitTestResult executionId="2d74f66a-c540-4fb0-b4af-ba6f6e49ad40" testId="3456ad39-e674-a27d-da41-053fedd7e6ad" testName="BuckScience.Tests.DirectionHelperTests.FromFloat_ShouldReturnCorrectDirection(degrees: 90, expectedDirection: E)" computerName="pkrvm7jw40e0xgp" duration="00:00:00.0146926" startTime="2025-09-04T23:31:25.5384675+00:00" endTime="2025-09-04T23:31:25.5384676+00:00" testType="13cdc9d9-ddb5-4fa4-a97d-d965ccfc6d4b" outcome="Passed" testListId="8c84fa94-04c1-424b-9868-57a2d4851a1d" relativeResultsDirectory="2d74f66a-c540-4fb0-b4af-ba6f6e49ad40" />
    <UnitTestResult executionId="ea525203-6712-49d9-81ee-6fa9a34f9800" testId="ddd7ef0f-f8d8-3f23-14c1-c969cc917d3a" testName="BuckScience.Tests.TaggingRequirementsTests.Requirement2_NewTagCreation_ShouldBeSupported" computerName="pkrvm7jw40e0xgp" duration="00:00:00.0097323" startTime="2025-09-04T23:31:26.7590957+00:00" endTime="2025-09-04T23:31:26.7590958+00:00" testType="13cdc9d9-ddb5-4fa4-a97d-d965ccfc6d4b" outcome="Passed" testListId="8c84fa94-04c1-424b-9868-57a2d4851a1d" relativeResultsDirectory="ea525203-6712-49d9-81ee-6fa9a34f9800" />
    <UnitTestResult executionId="4860f4f4-2ac5-4cc9-a731-8c55cb8ee5e9" testId="a7aa3cc0-0ea1-3d0c-3a62-ac5a405bf34e" testName="BuckScience.Tests.TaggingRequirementsTests.Requirement1_DatabaseSchema_ShouldMeetAllSpecifications" computerName="pkrvm7jw40e0xgp" duration="00:00:00.0283980" startTime="2025-09-04T23:31:26.7330286+00:00" endTime="2025-09-04T23:31:26.7330287+00:00" testType="13cdc9d9-ddb5-4fa4-a97d-d965ccfc6d4b" outcome="Passed" testListId="8c84fa94-04c1-424b-9868-57a2d4851a1d" relativeResultsDirectory="4860f4f4-2ac5-4cc9-a731-8c55cb8ee5e9" />
    <UnitTestResult executionId="88abf0d8-eec3-4075-91ed-6f75dd0f6453" testId="185a6cd6-33af-0e1e-0bd1-2a440f9d65a0" testName="BuckScience.Tests.CameraPlacementHistoryTests.Camera_CurrentLocationProperties_ShouldReturnFromPlacementHistory" computerName="pkrvm7jw40e0xgp" duration="00:00:00.0140887" startTime="2025-09-04T23:31:25.6108084+00:00" endTime="2025-09-04T23:31:25.6108085+00:00" testType="13cdc9d9-ddb5-4fa4-a97d-d965ccfc6d4b" outcome="Passed" testListId="8c84fa94-04c1-424b-9868-57a2d4851a1d" relativeResultsDirectory="88abf0d8-eec3-4075-91ed-6f75dd0f6453" />
    <UnitTestResult executionId="fe9183f8-bea9-43e8-b009-7708c3be3595" testId="6219abff-caed-b73f-a3a3-a932c37fd5fb" testName="BuckScience.Tests.TaggingSystemTests.GetOrCreateTag_ShouldThrowException_WhenTagNameIsInvalid(invalidTagName: &quot;   &quot;)" computerName="pkrvm7jw40e0xgp" duration="00:00:00.0002884" startTime="2025-09-04T23:31:26.6501462+00:00" endTime="2025-09-04T23:31:26.6501462+00:00" testType="13cdc9d9-ddb5-4fa4-a97d-d965ccfc6d4b" outcome="Passed" testListId="8c84fa94-04c1-424b-9868-57a2d4851a1d" relativeResultsDirectory="fe9183f8-bea9-43e8-b009-7708c3be3595" />
    <UnitTestResult executionId="598779b2-5617-4582-af8b-0ec548f307ea" testId="b10f5741-388a-3ae9-2087-f07485587a15" testName="BuckScience.Tests.FeatureHelperTests.GetCategory_ShouldReturnCorrectCategoryForTopographicalFeatures" computerName="pkrvm7jw40e0xgp" duration="00:00:00.0001611" startTime="2025-09-04T23:31:25.5673806+00:00" endTime="2025-09-04T23:31:25.5673807+00:00" testType="13cdc9d9-ddb5-4fa4-a97d-d965ccfc6d4b" outcome="Passed" testListId="8c84fa94-04c1-424b-9868-57a2d4851a1d" relativeResultsDirectory="598779b2-5617-4582-af8b-0ec548f307ea" />
    <UnitTestResult executionId="427b1304-27cd-45e4-9d5e-1d8f7d1f4f4a" testId="dfe6a45f-34c2-c767-91dd-1f8de6538cc0" testName="BuckScience.Tests.Web.Helpers.WeatherHelpersTests.ConvertMoonPhaseTextToNumeric_ValidText_ReturnsCorrectValue(text: &quot;Waning Crescent&quot;, expected: 0.875)" computerName="pkrvm7jw40e0xgp" duration="00:00:00.0001499" startTime="2025-09-04T23:31:26.7291675+00:00" endTime="2025-09-04T23:31:26.7291676+00:00" testType="13cdc9d9-ddb5-4fa4-a97d-d965ccfc6d4b" outcome="Passed" testListId="8c84fa94-04c1-424b-9868-57a2d4851a1d" relativeResultsDirectory="427b1304-27cd-45e4-9d5e-1d8f7d1f4f4a" />
    <UnitTestResult executionId="9644583e-29c2-4818-8134-a218a619fb16" testId="08a9b593-cfee-9bdf-6d80-833bb0b65ba9" testName="BuckScience.Tests.CameraCreateVmTests.CameraCreateVm_SyncSelectionFromDirection_ShouldUpdateDirectionSelection" computerName="pkrvm7jw40e0xgp" duration="00:00:00.0002506" startTime="2025-09-04T23:31:25.5646784+00:00" endTime="2025-09-04T23:31:25.5646785+00:00" testType="13cdc9d9-ddb5-4fa4-a97d-d965ccfc6d4b" outcome="Passed" testListId="8c84fa94-04c1-424b-9868-57a2d4851a1d" relativeResultsDirectory="9644583e-29c2-4818-8134-a218a619fb16" />
    <UnitTestResult executionId="ae8f24df-9143-4828-835c-06e5bb37279f" testId="d1c2a2fd-4568-2e97-946f-7480ea03bef1" testName="BuckScience.Tests.FeatureHelperTests.GetFeatureName_ShouldReturnCorrectDisplayNames" computerName="pkrvm7jw40e0xgp" duration="00:00:00.0009353" startTime="2025-09-04T23:31:25.5706605+00:00" endTime="2025-09-04T23:31:25.5706607+00:00" testType="13cdc9d9-ddb5-4fa4-a97d-d965ccfc6d4b" outcome="Passed" testListId="8c84fa94-04c1-424b-9868-57a2d4851a1d" relativeResultsDirectory="ae8f24df-9143-4828-835c-06e5bb37279f" />
    <UnitTestResult executionId="0086dfec-1330-4708-919c-6e084586ea5c" testId="5d43f699-35d1-a4da-58e9-d0a22f0dcdd2" testName="BuckScience.Tests.PhotoFiltersTests.PhotoFilters_HasWeatherFilters_ReturnsFalseWhenNoWeatherFiltersSet" computerName="pkrvm7jw40e0xgp" duration="00:00:00.0001715" startTime="2025-09-04T23:31:26.7068006+00:00" endTime="2025-09-04T23:31:26.7068006+00:00" testType="13cdc9d9-ddb5-4fa4-a97d-d965ccfc6d4b" outcome="Passed" testListId="8c84fa94-04c1-424b-9868-57a2d4851a1d" relativeResultsDirectory="0086dfec-1330-4708-919c-6e084586ea5c" />
    <UnitTestResult executionId="f019b3d9-e140-418d-9fd0-6820e483b95f" testId="4018bd47-d5cd-e85a-b6de-7760e129dafa" testName="BuckScience.Tests.Web.Helpers.WeatherHelpersTests.ConvertWindDirectionToText_VariousAngles_ReturnsCorrectDirection(degrees: 180, expected: &quot;S&quot;)" computerName="pkrvm7jw40e0xgp" duration="00:00:00.0000088" startTime="2025-09-04T23:31:26.7198621+00:00" endTime="2025-09-04T23:31:26.7198622+00:00" testType="13cdc9d9-ddb5-4fa4-a97d-d965ccfc6d4b" outcome="Passed" testListId="8c84fa94-04c1-424b-9868-57a2d4851a1d" relativeResultsDirectory="f019b3d9-e140-418d-9fd0-6820e483b95f" />
    <UnitTestResult executionId="7a18456a-6490-47cc-9c56-f433e9bbbeb3" testId="e59ff618-3ced-6a2f-d01c-20262e337085" testName="BuckScience.Tests.DirectionHelperTests.FromFloat_ShouldFindClosestDirection(degrees: 68, expectedDirection: E)" computerName="pkrvm7jw40e0xgp" duration="00:00:00.0000031" startTime="2025-09-04T23:31:25.5660540+00:00" endTime="2025-09-04T23:31:25.5660540+00:00" testType="13cdc9d9-ddb5-4fa4-a97d-d965ccfc6d4b" outcome="Passed" testListId="8c84fa94-04c1-424b-9868-57a2d4851a1d" relativeResultsDirectory="7a18456a-6490-47cc-9c56-f433e9bbbeb3" />
    <UnitTestResult executionId="010ed3a0-7cb7-4193-ba81-dd3ee199ddff" testId="df8d3f6f-dec6-fe48-30b1-4504bb2aa651" testName="BuckScience.Tests.Web.Helpers.WeatherHelpersTests.ConvertWindDirectionTextToNumeric_ValidDirections_ReturnsCorrectDegrees(direction: &quot;NE&quot;, expected: 45)" computerName="pkrvm7jw40e0xgp" duration="00:00:00.0000077" startTime="2025-09-04T23:31:26.7288023+00:00" endTime="2025-09-04T23:31:26.7288024+00:00" testType="13cdc9d9-ddb5-4fa4-a97d-d965ccfc6d4b" outcome="Passed" testListId="8c84fa94-04c1-424b-9868-57a2d4851a1d" relativeResultsDirectory="010ed3a0-7cb7-4193-ba81-dd3ee199ddff" />
    <UnitTestResult executionId="edc98a68-03da-49d0-a740-d46c3511eac8" testId="77c94a3a-bf51-e754-8b05-8ef3b5f32220" testName="BuckScience.Tests.DirectionHelperTests.FromFloat_ShouldReturnCorrectDirection(degrees: 270, expectedDirection: W)" computerName="pkrvm7jw40e0xgp" duration="00:00:00.0000073" startTime="2025-09-04T23:31:25.5635756+00:00" endTime="2025-09-04T23:31:25.5635757+00:00" testType="13cdc9d9-ddb5-4fa4-a97d-d965ccfc6d4b" outcome="Passed" testListId="8c84fa94-04c1-424b-9868-57a2d4851a1d" relativeResultsDirectory="edc98a68-03da-49d0-a740-d46c3511eac8" />
    <UnitTestResult executionId="d00fa9fb-8dc9-4ba9-83a4-173e5c6ed9d4" testId="d3a4b1bb-6aeb-d30b-4b3c-0f1cdc5eac6e" testName="BuckScience.Tests.Web.Helpers.WeatherHelpersTests.ConvertWindDirectionTextToNumeric_ValidDirections_ReturnsCorrectDegrees(direction: &quot;NNW&quot;, expected: 337.5)" computerName="pkrvm7jw40e0xgp" duration="00:00:00.0002008" startTime="2025-09-04T23:31:26.7238191+00:00" endTime="2025-09-04T23:31:26.7238192+00:00" testType="13cdc9d9-ddb5-4fa4-a97d-d965ccfc6d4b" outcome="Passed" testListId="8c84fa94-04c1-424b-9868-57a2d4851a1d" relativeResultsDirectory="d00fa9fb-8dc9-4ba9-83a4-173e5c6ed9d4" />
    <UnitTestResult executionId="5b26eda5-3f9f-45d0-a1c6-ca791faac2e9" testId="aef446e3-f136-0d0b-1c4f-72b145e6d953" testName="BuckScience.Tests.DirectionHelperTests.FromFloat_ShouldFindClosestDirection(degrees: 365, expectedDirection: N)" computerName="pkrvm7jw40e0xgp" duration="00:00:00.0003013" startTime="2025-09-04T23:31:25.5657347+00:00" endTime="2025-09-04T23:31:25.5657348+00:00" testType="13cdc9d9-ddb5-4fa4-a97d-d965ccfc6d4b" outcome="Passed" testListId="8c84fa94-04c1-424b-9868-57a2d4851a1d" relativeResultsDirectory="5b26eda5-3f9f-45d0-a1c6-ca791faac2e9" />
    <UnitTestResult executionId="0f93f030-324f-4743-b247-3250a194e06a" testId="973ec4a4-75bf-519b-ad67-04ada4756976" testName="BuckScience.Tests.DirectionHelperTests.FromFloat_ShouldFindClosestDirection(degrees: 22, expectedDirection: N)" computerName="pkrvm7jw40e0xgp" duration="00:00:00.0002323" startTime="2025-09-04T23:31:25.5656785+00:00" endTime="2025-09-04T23:31:25.5656786+00:00" testType="13cdc9d9-ddb5-4fa4-a97d-d965ccfc6d4b" outcome="Passed" testListId="8c84fa94-04c1-424b-9868-57a2d4851a1d" relativeResultsDirectory="0f93f030-324f-4743-b247-3250a194e06a" />
    <UnitTestResult executionId="b997e412-204b-40ce-8160-3afa17b3ae03" testId="4103318d-2de0-6e72-8544-27607329cbb3" testName="BuckScience.Tests.CameraDetailsVmTests.CameraDetailsVm_ShouldAllowNullModel" computerName="pkrvm7jw40e0xgp" duration="00:00:00.0006669" startTime="2025-09-04T23:31:26.7068997+00:00" endTime="2025-09-04T23:31:26.7068997+00:00" testType="13cdc9d9-ddb5-4fa4-a97d-d965ccfc6d4b" outcome="Passed" testListId="8c84fa94-04c1-424b-9868-57a2d4851a1d" relativeResultsDirectory="b997e412-204b-40ce-8160-3afa17b3ae03" />
    <UnitTestResult executionId="a77076e1-3b55-4989-87f2-284efd3d8fdc" testId="61590a98-8800-c63c-636c-5d74543a54c1" testName="BuckScience.Tests.Web.Helpers.WeatherHelpersTests.ConvertMoonPhaseToText_VariousValues_ReturnsCorrectText(phase: 0, expected: &quot;New Moon&quot;)" computerName="pkrvm7jw40e0xgp" duration="00:00:00.0000037" startTime="2025-09-04T23:31:26.7174525+00:00" endTime="2025-09-04T23:31:26.7174526+00:00" testType="13cdc9d9-ddb5-4fa4-a97d-d965ccfc6d4b" outcome="Passed" testListId="8c84fa94-04c1-424b-9868-57a2d4851a1d" relativeResultsDirectory="a77076e1-3b55-4989-87f2-284efd3d8fdc" />
    <UnitTestResult executionId="5c0cb165-8120-48ed-aa2e-f4c70db3065d" testId="d6582cc4-f5d7-7ddd-419a-8856fe5530f3" testName="BuckScience.Tests.TaggingSystemTests.AssignDefaultTagsToProperty_ShouldAssignOnlyDefaultTags" computerName="pkrvm7jw40e0xgp" duration="00:00:00.0098047" startTime="2025-09-04T23:31:26.6420330+00:00" endTime="2025-09-04T23:31:26.6420332+00:00" testType="13cdc9d9-ddb5-4fa4-a97d-d965ccfc6d4b" outcome="Passed" testListId="8c84fa94-04c1-424b-9868-57a2d4851a1d" relativeResultsDirectory="5c0cb165-8120-48ed-aa2e-f4c70db3065d" />
    <UnitTestResult executionId="eca1c18a-f3e1-4d20-b34d-6a543d583b6f" testId="aac2053d-c1f1-3ae9-c811-84c25975dded" testName="BuckScience.Tests.TaggingIntegrationTests.CreateProperty_ShouldAutoAssignDefaultTags" computerName="pkrvm7jw40e0xgp" duration="00:00:00.0047390" startTime="2025-09-04T23:31:26.7185566+00:00" endTime="2025-09-04T23:31:26.7185567+00:00" testType="13cdc9d9-ddb5-4fa4-a97d-d965ccfc6d4b" outcome="Passed" testListId="8c84fa94-04c1-424b-9868-57a2d4851a1d" relativeResultsDirectory="eca1c18a-f3e1-4d20-b34d-6a543d583b6f" />
    <UnitTestResult executionId="223d6d3a-b85c-4636-872e-fe8098fe9929" testId="75db6be7-a24b-fda6-3919-e716d174ed3d" testName="BuckScience.Tests.TaggingRequirementsTests.Requirement2_PhotoTagging_ShouldSupportBulkOperations" computerName="pkrvm7jw40e0xgp" duration="00:00:00.0119428" startTime="2025-09-04T23:31:26.7466010+00:00" endTime="2025-09-04T23:31:26.7466011+00:00" testType="13cdc9d9-ddb5-4fa4-a97d-d965ccfc6d4b" outcome="Passed" testListId="8c84fa94-04c1-424b-9868-57a2d4851a1d" relativeResultsDirectory="223d6d3a-b85c-4636-872e-fe8098fe9929" />
    <UnitTestResult executionId="944e2c2a-1042-475f-965e-5b0786fa66da" testId="42292f25-9e9f-80d8-c32a-5aae5cd0c643" testName="BuckScience.Tests.FeatureHelperTests.GetFeatureDescription_ShouldReturnCorrectDescriptions" computerName="pkrvm7jw40e0xgp" duration="00:00:00.0004366" startTime="2025-09-04T23:31:25.5702186+00:00" endTime="2025-09-04T23:31:25.5702187+00:00" testType="13cdc9d9-ddb5-4fa4-a97d-d965ccfc6d4b" outcome="Passed" testListId="8c84fa94-04c1-424b-9868-57a2d4851a1d" relativeResultsDirectory="944e2c2a-1042-475f-965e-5b0786fa66da" />
    <UnitTestResult executionId="769e56c6-706a-4b37-9696-ef856422ce47" testId="46eed830-2953-fcd5-c0a0-3903ea3c299a" testName="BuckScience.Tests.Application.Profiles.ProfileCrudTests.DeleteProfile_ValidId_DeletesProfile" computerName="pkrvm7jw40e0xgp" duration="00:00:00.0182669" startTime="2025-09-04T23:31:26.7000480+00:00" endTime="2025-09-04T23:31:26.7000481+00:00" testType="13cdc9d9-ddb5-4fa4-a97d-d965ccfc6d4b" outcome="Passed" testListId="8c84fa94-04c1-424b-9868-57a2d4851a1d" relativeResultsDirectory="769e56c6-706a-4b37-9696-ef856422ce47" />
    <UnitTestResult executionId="c1b3be28-8d67-45a5-b8f0-84b0105131a6" testId="b2bd5000-3749-abcf-9228-2b95c005c687" testName="BuckScience.Tests.DirectionHelperTests.FromFloat_ShouldFindClosestDirection(degrees: 67, expectedDirection: NE)" computerName="pkrvm7jw40e0xgp" duration="00:00:00.0000079" startTime="2025-09-04T23:31:25.5657929+00:00" endTime="2025-09-04T23:31:25.5657930+00:00" testType="13cdc9d9-ddb5-4fa4-a97d-d965ccfc6d4b" outcome="Passed" testListId="8c84fa94-04c1-424b-9868-57a2d4851a1d" relativeResultsDirectory="c1b3be28-8d67-45a5-b8f0-84b0105131a6" />
    <UnitTestResult executionId="7223c507-d75b-43c3-9f0d-20c0fe66e46e" testId="d40d14e6-e55e-a2ee-7c2d-3f2b4d1650c4" testName="BuckScience.Tests.CameraEditVmTests.CameraEditVm_SyncSelectionFromDirection_ShouldUpdateDirectionSelection" computerName="pkrvm7jw40e0xgp" duration="00:00:00.0004435" startTime="2025-09-04T23:31:25.6403699+00:00" endTime="2025-09-04T23:31:25.6403700+00:00" testType="13cdc9d9-ddb5-4fa4-a97d-d965ccfc6d4b" outcome="Passed" testListId="8c84fa94-04c1-424b-9868-57a2d4851a1d" relativeResultsDirectory="7223c507-d75b-43c3-9f0d-20c0fe66e46e" />
    <UnitTestResult executionId="372097b9-7abb-4fe5-8acc-e9efee9fdcdc" testId="ec065801-9998-c7ce-5285-3fe14e38cdac" testName="BuckScience.Tests.Web.Helpers.WeatherHelpersTests.ConvertWindDirectionTextToNumeric_InvalidText_ReturnsNull(direction: &quot;   &quot;)" computerName="pkrvm7jw40e0xgp" duration="00:00:00.0005807" startTime="2025-09-04T23:31:26.7175881+00:00" endTime="2025-09-04T23:31:26.7175882+00:00" testType="13cdc9d9-ddb5-4fa4-a97d-d965ccfc6d4b" outcome="Passed" testListId="8c84fa94-04c1-424b-9868-57a2d4851a1d" relativeResultsDirectory="372097b9-7abb-4fe5-8acc-e9efee9fdcdc" />
    <UnitTestResult executionId="642de2ab-b741-45c1-a396-5b1400067179" testId="407fdbb6-f29a-a8a2-0277-cd698b7b57a7" testName="BuckScience.Tests.PhotoFilteringIntegrationTests.BuildFilters_WithConditions_ReturnsFiltersWithConditions" computerName="pkrvm7jw40e0xgp" duration="00:00:00.0005057" startTime="2025-09-04T23:31:26.7292256+00:00" endTime="2025-09-04T23:31:26.7292257+00:00" testType="13cdc9d9-ddb5-4fa4-a97d-d965ccfc6d4b" outcome="Passed" testListId="8c84fa94-04c1-424b-9868-57a2d4851a1d" relativeResultsDirectory="642de2ab-b741-45c1-a396-5b1400067179" />
    <UnitTestResult executionId="4946d098-cb01-4f44-94c2-cb6074d78b26" testId="fb8ea106-f542-3a06-bc35-d8f4e171c2a2" testName="BuckScience.Tests.Web.Helpers.WeatherHelpersTests.ConvertMoonPhaseTextToNumeric_ValidText_ReturnsCorrectValue(text: &quot;Waning Gibbous&quot;, expected: 0.625)" computerName="pkrvm7jw40e0xgp" duration="00:00:00.0000076" startTime="2025-09-04T23:31:26.7321872+00:00" endTime="2025-09-04T23:31:26.7321873+00:00" testType="13cdc9d9-ddb5-4fa4-a97d-d965ccfc6d4b" outcome="Passed" testListId="8c84fa94-04c1-424b-9868-57a2d4851a1d" relativeResultsDirectory="4946d098-cb01-4f44-94c2-cb6074d78b26" />
    <UnitTestResult executionId="024cce91-51b4-4388-8dad-0693fcc297ca" testId="7f448030-c6f3-ad7f-1c7b-809f60db9d71" testName="BuckScience.Tests.Web.Helpers.WeatherHelpersTests.ConvertWindDirectionTextToNumeric_ValidDirections_ReturnsCorrectDegrees(direction: &quot;NW&quot;, expected: 315)" computerName="pkrvm7jw40e0xgp" duration="00:00:00.0000083" startTime="2025-09-04T23:31:26.7282733+00:00" endTime="2025-09-04T23:31:26.7282733+00:00" testType="13cdc9d9-ddb5-4fa4-a97d-d965ccfc6d4b" outcome="Passed" testListId="8c84fa94-04c1-424b-9868-57a2d4851a1d" relativeResultsDirectory="024cce91-51b4-4388-8dad-0693fcc297ca" />
    <UnitTestResult executionId="b8590118-7b7c-4f88-a39c-84e23330f49c" testId="c900e632-ca6a-8d11-765e-c59876f4f7f8" testName="BuckScience.Tests.PhotoFilteringIntegrationTests.BuildFilters_WithDateRange_ReturnsFiltersWithDates" computerName="pkrvm7jw40e0xgp" duration="00:00:00.0004301" startTime="2025-09-04T23:31:26.7280322+00:00" endTime="2025-09-04T23:31:26.7280322+00:00" testType="13cdc9d9-ddb5-4fa4-a97d-d965ccfc6d4b" outcome="Passed" testListId="8c84fa94-04c1-424b-9868-57a2d4851a1d" relativeResultsDirectory="b8590118-7b7c-4f88-a39c-84e23330f49c" />
    <UnitTestResult executionId="cb0f024d-a609-477b-b035-203bccf6a454" testId="d158f051-212f-d40f-0819-bf99fbd314c0" testName="BuckScience.Tests.Web.Helpers.WeatherHelpersTests.ConvertWindDirectionToText_VariousAngles_ReturnsCorrectDirection(degrees: 0, expected: &quot;N&quot;)" computerName="pkrvm7jw40e0xgp" duration="00:00:00.0000034" startTime="2025-09-04T23:31:26.7215941+00:00" endTime="2025-09-04T23:31:26.7215942+00:00" testType="13cdc9d9-ddb5-4fa4-a97d-d965ccfc6d4b" outcome="Passed" testListId="8c84fa94-04c1-424b-9868-57a2d4851a1d" relativeResultsDirectory="cb0f024d-a609-477b-b035-203bccf6a454" />
    <UnitTestResult executionId="341655f5-a43f-431b-b589-a891523dc7ea" testId="22d4e883-d516-a3c1-91a6-c6ccca686050" testName="BuckScience.Tests.Web.Helpers.WeatherHelpersTests.ConvertMoonPhaseToText_VariousValues_ReturnsCorrectText(phase: 0.84999999999999998, expected: &quot;Waning Crescent&quot;)" computerName="pkrvm7jw40e0xgp" duration="00:00:00.0002640" startTime="2025-09-04T23:31:26.7163840+00:00" endTime="2025-09-04T23:31:26.7163841+00:00" testType="13cdc9d9-ddb5-4fa4-a97d-d965ccfc6d4b" outcome="Passed" testListId="8c84fa94-04c1-424b-9868-57a2d4851a1d" relativeResultsDirectory="341655f5-a43f-431b-b589-a891523dc7ea" />
    <UnitTestResult executionId="5ea4935d-0c58-4466-9439-d4e3ef9c9f44" testId="19df813d-aa7e-5539-ce76-ba8a68683016" testName="BuckScience.Tests.Application.Profiles.ProfileCrudTests.GetProfile_ValidId_ReturnsProfile" computerName="pkrvm7jw40e0xgp" duration="00:00:00.0371002" startTime="2025-09-04T23:31:26.6817189+00:00" endTime="2025-09-04T23:31:26.6817191+00:00" testType="13cdc9d9-ddb5-4fa4-a97d-d965ccfc6d4b" outcome="Passed" testListId="8c84fa94-04c1-424b-9868-57a2d4851a1d" relativeResultsDirectory="5ea4935d-0c58-4466-9439-d4e3ef9c9f44" />
    <UnitTestResult executionId="9c9c0649-2388-41b1-849e-63a97bda1062" testId="e59f6969-24d1-ee70-57fe-d99344040a63" testName="BuckScience.Tests.DirectionHelperTests.ToFloat_ShouldReturnCorrectDegrees(direction: W, expectedDegrees: 270)" computerName="pkrvm7jw40e0xgp" duration="00:00:00.0000051" startTime="2025-09-04T23:31:25.5649489+00:00" endTime="2025-09-04T23:31:25.5649490+00:00" testType="13cdc9d9-ddb5-4fa4-a97d-d965ccfc6d4b" outcome="Passed" testListId="8c84fa94-04c1-424b-9868-57a2d4851a1d" relativeResultsDirectory="9c9c0649-2388-41b1-849e-63a97bda1062" />
    <UnitTestResult executionId="c571fe9f-7064-460b-8fd9-192609fa3371" testId="48d95b96-b471-deb8-51bf-62c5a89928a2" testName="BuckScience.Tests.Web.Helpers.WeatherHelpersTests.ConvertMoonPhaseToText_VariousValues_ReturnsCorrectText(phase: 0.59999999999999998, expected: &quot;Waning Gibbous&quot;)" computerName="pkrvm7jw40e0xgp" duration="00:00:00.0000032" startTime="2025-09-04T23:31:26.7172693+00:00" endTime="2025-09-04T23:31:26.7172693+00:00" testType="13cdc9d9-ddb5-4fa4-a97d-d965ccfc6d4b" outcome="Passed" testListId="8c84fa94-04c1-424b-9868-57a2d4851a1d" relativeResultsDirectory="c571fe9f-7064-460b-8fd9-192609fa3371" />
    <UnitTestResult executionId="850e8626-971e-4cb7-a4c7-bac6e0210a79" testId="dd76f619-e962-2008-d0f8-a714bb3f5c46" testName="BuckScience.Tests.Web.Helpers.WeatherHelpersTests.GetWindDirectionOptions_WithNull_AllUnavailable" computerName="pkrvm7jw40e0xgp" duration="00:00:00.0041329" startTime="2025-09-04T23:31:26.7155114+00:00" endTime="2025-09-04T23:31:26.7155115+00:00" testType="13cdc9d9-ddb5-4fa4-a97d-d965ccfc6d4b" outcome="Passed" testListId="8c84fa94-04c1-424b-9868-57a2d4851a1d" relativeResultsDirectory="850e8626-971e-4cb7-a4c7-bac6e0210a79" />
    <UnitTestResult executionId="84f899d2-5279-4592-8e69-aa5b584b5b00" testId="abed9d03-2d03-a6ea-317e-f9cbae3ef978" testName="BuckScience.Tests.DirectionHelperTests.FromFloat_ShouldReturnCorrectDirection(degrees: 45, expectedDirection: NE)" computerName="pkrvm7jw40e0xgp" duration="00:00:00.0000080" startTime="2025-09-04T23:31:25.5609572+00:00" endTime="2025-09-04T23:31:25.5609572+00:00" testType="13cdc9d9-ddb5-4fa4-a97d-d965ccfc6d4b" outcome="Passed" testListId="8c84fa94-04c1-424b-9868-57a2d4851a1d" relativeResultsDirectory="84f899d2-5279-4592-8e69-aa5b584b5b00" />
    <UnitTestResult executionId="5d29ccf9-1241-4f70-b20c-48dedab9e2a6" testId="f691e718-46df-21d8-be15-dfb8d4456f03" testName="BuckScience.Tests.TaggingSystemTests.GetOrCreateTag_ShouldCreateNewTag_WhenTagDoesNotExist" computerName="pkrvm7jw40e0xgp" duration="00:00:00.0620183" startTime="2025-09-04T23:31:26.6297573+00:00" endTime="2025-09-04T23:31:26.6297574+00:00" testType="13cdc9d9-ddb5-4fa4-a97d-d965ccfc6d4b" outcome="Passed" testListId="8c84fa94-04c1-424b-9868-57a2d4851a1d" relativeResultsDirectory="5d29ccf9-1241-4f70-b20c-48dedab9e2a6" />
    <UnitTestResult executionId="77770396-a593-4d37-bbe5-6ad6cad7e6ab" testId="a1855258-2f38-7695-fb75-dcfca8f4ee44" testName="BuckScience.Tests.PhotoFilteringIntegrationTests.BuildFilters_WithTemperatureRange_ReturnsFiltersWithTemperature" computerName="pkrvm7jw40e0xgp" duration="00:00:00.0003612" startTime="2025-09-04T23:31:26.7289262+00:00" endTime="2025-09-04T23:31:26.7289263+00:00" testType="13cdc9d9-ddb5-4fa4-a97d-d965ccfc6d4b" outcome="Passed" testListId="8c84fa94-04c1-424b-9868-57a2d4851a1d" relativeResultsDirectory="77770396-a593-4d37-bbe5-6ad6cad7e6ab" />
    <UnitTestResult executionId="92ac1cdd-f042-42b4-bc90-e1e1353b578e" testId="6d9ecacc-771f-c0f8-81b8-e7f5f5ecfa5f" testName="BuckScience.Tests.WeatherConfigurationTests.WeatherSettings_ShouldBindFromConfiguration" computerName="pkrvm7jw40e0xgp" duration="00:00:00.0022719" startTime="2025-09-04T23:31:25.5954568+00:00" endTime="2025-09-04T23:31:25.5954569+00:00" testType="13cdc9d9-ddb5-4fa4-a97d-d965ccfc6d4b" outcome="Passed" testListId="8c84fa94-04c1-424b-9868-57a2d4851a1d" relativeResultsDirectory="92ac1cdd-f042-42b4-bc90-e1e1353b578e" />
    <UnitTestResult executionId="c272e8aa-e4d2-4154-9bc2-6ef4c1ec2880" testId="9b0dd086-97eb-5a55-6e89-79dde58b1fca" testName="BuckScience.Tests.PhotoFilteringUrlExamples.BuildFilters_CameraParameters_ShouldParseCorrectly(cameras: &quot;5&quot;, expectedCameras: [5])" computerName="pkrvm7jw40e0xgp" duration="00:00:00.0002634" startTime="2025-09-04T23:31:25.6410121+00:00" endTime="2025-09-04T23:31:25.6410122+00:00" testType="13cdc9d9-ddb5-4fa4-a97d-d965ccfc6d4b" outcome="Passed" testListId="8c84fa94-04c1-424b-9868-57a2d4851a1d" relativeResultsDirectory="c272e8aa-e4d2-4154-9bc2-6ef4c1ec2880" />
    <UnitTestResult executionId="8b02471e-86fc-48a6-9e80-c1ae9f878507" testId="42b838e4-a515-a0a8-9201-8a5607fcd950" testName="BuckScience.Tests.CameraPlacementHistoryTests.CameraEditVm_ShouldIncludeDirectionDegrees" computerName="pkrvm7jw40e0xgp" duration="00:00:00.0008442" startTime="2025-09-04T23:31:25.6118346+00:00" endTime="2025-09-04T23:31:25.6118347+00:00" testType="13cdc9d9-ddb5-4fa4-a97d-d965ccfc6d4b" outcome="Passed" testListId="8c84fa94-04c1-424b-9868-57a2d4851a1d" relativeResultsDirectory="8b02471e-86fc-48a6-9e80-c1ae9f878507" />
    <UnitTestResult executionId="f0de6d42-0643-442f-b88d-6040c4f2d919" testId="ce19e570-cfff-5516-73c5-0c25670038af" testName="BuckScience.Tests.PhotoFiltersTests.PhotoFilters_HasWeatherFilters_ReturnsTrueWhenTemperatureFilterSet" computerName="pkrvm7jw40e0xgp" duration="00:00:00.0001855" startTime="2025-09-04T23:31:26.7000274+00:00" endTime="2025-09-04T23:31:26.7000275+00:00" testType="13cdc9d9-ddb5-4fa4-a97d-d965ccfc6d4b" outcome="Passed" testListId="8c84fa94-04c1-424b-9868-57a2d4851a1d" relativeResultsDirectory="f0de6d42-0643-442f-b88d-6040c4f2d919" />
    <UnitTestResult executionId="5dc6fa7e-adb5-445a-a2d1-24cca25f05e3" testId="d9d0929f-95f9-5181-aa9b-10571d330d53" testName="BuckScience.Tests.PropertyTagUpdateTest.TaggingPhoto_ShouldUpdatePropertyTags" computerName="pkrvm7jw40e0xgp" duration="00:00:01.0816247" startTime="2025-09-04T23:31:26.6984774+00:00" endTime="2025-09-04T23:31:26.6984775+00:00" testType="13cdc9d9-ddb5-4fa4-a97d-d965ccfc6d4b" outcome="Passed" testListId="8c84fa94-04c1-424b-9868-57a2d4851a1d" relativeResultsDirectory="5dc6fa7e-adb5-445a-a2d1-24cca25f05e3" />
    <UnitTestResult executionId="9c7658cd-e2e6-43fd-818a-60de77f2d3ca" testId="69b65817-cd82-0a96-5e68-ab587e27eb95" testName="BuckScience.Tests.PhotoFilteringUrlExamples.BuildFilters_UrlParameters_ShouldParseCorrectly(urlParams: &quot;tempMin=20&quot;, expectedTempMin: 20, expectedTempMax: null, expectedWindMin: null, expectedWindMax: null)" computerName="pkrvm7jw40e0xgp" duration="00:00:00.0008635" startTime="2025-09-04T23:31:25.6420259+00:00" endTime="2025-09-04T23:31:25.6420260+00:00" testType="13cdc9d9-ddb5-4fa4-a97d-d965ccfc6d4b" outcome="Passed" testListId="8c84fa94-04c1-424b-9868-57a2d4851a1d" relativeResultsDirectory="9c7658cd-e2e6-43fd-818a-60de77f2d3ca" />
    <UnitTestResult executionId="a55da6ae-e74e-4cd9-9990-fe6076ad6bbe" testId="7aa5e31a-c407-5fc0-2788-70d3aa03acd3" testName="BuckScience.Tests.PhotoFilteringUrlExamples.BuildFilters_ConditionsParameters_ShouldParseCorrectly(conditions: &quot;Rainy&quot;, expectedConditions: [&quot;Rainy&quot;])" computerName="pkrvm7jw40e0xgp" duration="00:00:00.0000158" startTime="2025-09-04T23:31:25.6444742+00:00" endTime="2025-09-04T23:31:25.6444743+00:00" testType="13cdc9d9-ddb5-4fa4-a97d-d965ccfc6d4b" outcome="Passed" testListId="8c84fa94-04c1-424b-9868-57a2d4851a1d" relativeResultsDirectory="a55da6ae-e74e-4cd9-9990-fe6076ad6bbe" />
    <UnitTestResult executionId="acf03883-67a7-447c-bade-3c3c7ff5e77a" testId="65305c54-3e3e-31b1-f5dd-4a4bc66b7c08" testName="BuckScience.Tests.CameraCreateVmTests.CameraCreateVm_ShouldIncludePropertyCoordinates" computerName="pkrvm7jw40e0xgp" duration="00:00:00.0036298" startTime="2025-09-04T23:31:25.5639580+00:00" endTime="2025-09-04T23:31:25.5639580+00:00" testType="13cdc9d9-ddb5-4fa4-a97d-d965ccfc6d4b" outcome="Passed" testListId="8c84fa94-04c1-424b-9868-57a2d4851a1d" relativeResultsDirectory="acf03883-67a7-447c-bade-3c3c7ff5e77a" />
    <UnitTestResult executionId="60d2c6df-38a1-4d7c-b771-a9f45f153601" testId="b1f41500-5f15-b967-f0a8-55e935ea7819" testName="BuckScience.Tests.WeatherBatchProcessingTests.WeatherService_ShouldRoundCoordinatesConsistently" computerName="pkrvm7jw40e0xgp" duration="00:00:00.1106719" startTime="2025-09-04T23:31:25.6282324+00:00" endTime="2025-09-04T23:31:25.6282325+00:00" testType="13cdc9d9-ddb5-4fa4-a97d-d965ccfc6d4b" outcome="Passed" testListId="8c84fa94-04c1-424b-9868-57a2d4851a1d" relativeResultsDirectory="60d2c6df-38a1-4d7c-b771-a9f45f153601" />
    <UnitTestResult executionId="c24a3479-2bd1-4977-b203-1e55a44a504e" testId="26223a8b-ac6d-ffcd-1256-75d18fb727f7" testName="BuckScience.Tests.DirectionHelperTests.ToFloat_ShouldReturnCorrectDegrees(direction: NW, expectedDegrees: 315)" computerName="pkrvm7jw40e0xgp" duration="00:00:00.0000060" startTime="2025-09-04T23:31:25.5650376+00:00" endTime="2025-09-04T23:31:25.5650377+00:00" testType="13cdc9d9-ddb5-4fa4-a97d-d965ccfc6d4b" outcome="Passed" testListId="8c84fa94-04c1-424b-9868-57a2d4851a1d" relativeResultsDirectory="c24a3479-2bd1-4977-b203-1e55a44a504e" />
    <UnitTestResult executionId="7855edde-7172-47d4-89ce-e32c2e473502" testId="d2d2f826-9cbd-9c14-4121-a07b2094c76e" testName="BuckScience.Tests.DirectionHelperTests.ToFloat_ShouldReturnCorrectDegrees(direction: SW, expectedDegrees: 225)" computerName="pkrvm7jw40e0xgp" duration="00:00:00.0000060" startTime="2025-09-04T23:31:25.5648352+00:00" endTime="2025-09-04T23:31:25.5648353+00:00" testType="13cdc9d9-ddb5-4fa4-a97d-d965ccfc6d4b" outcome="Passed" testListId="8c84fa94-04c1-424b-9868-57a2d4851a1d" relativeResultsDirectory="7855edde-7172-47d4-89ce-e32c2e473502" />
    <UnitTestResult executionId="2307c3e7-787e-4c60-9040-6adbfa588f78" testId="5a1b2923-7867-c9d7-9184-902164877e6b" testName="BuckScience.Tests.WeatherBatchProcessingTests.WeatherBatchProcessing_ShouldMinimizeApiCalls" computerName="pkrvm7jw40e0xgp" duration="00:00:00.0093305" startTime="2025-09-04T23:31:25.5271373+00:00" endTime="2025-09-04T23:31:25.5272334+00:00" testType="13cdc9d9-ddb5-4fa4-a97d-d965ccfc6d4b" outcome="Passed" testListId="8c84fa94-04c1-424b-9868-57a2d4851a1d" relativeResultsDirectory="2307c3e7-787e-4c60-9040-6adbfa588f78" />
    <UnitTestResult executionId="74e47138-b694-4526-9dd7-0a2da616f554" testId="e294371f-24bd-e5af-41b0-5a6f22f8d71f" testName="BuckScience.Tests.Web.Helpers.WeatherHelpersTests.ConvertWindDirectionTextToNumeric_ValidDirections_ReturnsCorrectDegrees(direction: &quot;S&quot;, expected: 180)" computerName="pkrvm7jw40e0xgp" duration="00:00:00.0000100" startTime="2025-09-04T23:31:26.7272593+00:00" endTime="2025-09-04T23:31:26.7272594+00:00" testType="13cdc9d9-ddb5-4fa4-a97d-d965ccfc6d4b" outcome="Passed" testListId="8c84fa94-04c1-424b-9868-57a2d4851a1d" relativeResultsDirectory="74e47138-b694-4526-9dd7-0a2da616f554" />
    <UnitTestResult executionId="ac0c0fc0-a6a1-43a8-b5a2-d440cfb695b9" testId="5c61d628-c74f-c8f0-779e-82c0c2dc77df" testName="BuckScience.Tests.Web.Helpers.WeatherHelpersTests.ConvertWindDirectionTextToNumeric_ValidDirections_ReturnsCorrectDegrees(direction: &quot;N&quot;, expected: 0)" computerName="pkrvm7jw40e0xgp" duration="00:00:00.0000082" startTime="2025-09-04T23:31:26.7288600+00:00" endTime="2025-09-04T23:31:26.7288600+00:00" testType="13cdc9d9-ddb5-4fa4-a97d-d965ccfc6d4b" outcome="Passed" testListId="8c84fa94-04c1-424b-9868-57a2d4851a1d" relativeResultsDirectory="ac0c0fc0-a6a1-43a8-b5a2-d440cfb695b9" />
    <UnitTestResult executionId="9a8c4024-8514-471c-8536-ece76b342725" testId="5fc7d131-6de1-7ffe-375b-8ea28a5dbcb8" testName="BuckScience.Tests.TaggingSystemTests.SetAsDefaultTag_ShouldSetTagAsDefault" computerName="pkrvm7jw40e0xgp" duration="00:00:00.0001237" startTime="2025-09-04T23:31:26.6624427+00:00" endTime="2025-09-04T23:31:26.6624428+00:00" testType="13cdc9d9-ddb5-4fa4-a97d-d965ccfc6d4b" outcome="Passed" testListId="8c84fa94-04c1-424b-9868-57a2d4851a1d" relativeResultsDirectory="9a8c4024-8514-471c-8536-ece76b342725" />
    <UnitTestResult executionId="f941a50b-1922-4318-b063-c501b33eff92" testId="4949997c-46c8-3183-1501-b1267871bfcf" testName="BuckScience.Tests.DirectionHelperTests.FromFloat_ShouldReturnCorrectDirection(degrees: 0, expectedDirection: N)" computerName="pkrvm7jw40e0xgp" duration="00:00:00.0000090" startTime="2025-09-04T23:31:25.5636743+00:00" endTime="2025-09-04T23:31:25.5636744+00:00" testType="13cdc9d9-ddb5-4fa4-a97d-d965ccfc6d4b" outcome="Passed" testListId="8c84fa94-04c1-424b-9868-57a2d4851a1d" relativeResultsDirectory="f941a50b-1922-4318-b063-c501b33eff92" />
    <UnitTestResult executionId="d66ce918-4b72-462a-898c-613f2e727eb1" testId="31c8774a-1539-0a44-3404-de06d646b468" testName="BuckScience.Tests.Web.Helpers.WeatherHelpersTests.ConvertMoonPhaseToText_VariousValues_ReturnsCorrectText(phase: 0.10000000000000001, expected: &quot;Waxing Crescent&quot;)" computerName="pkrvm7jw40e0xgp" duration="00:00:00.0000033" startTime="2025-09-04T23:31:26.7172062+00:00" endTime="2025-09-04T23:31:26.7172062+00:00" testType="13cdc9d9-ddb5-4fa4-a97d-d965ccfc6d4b" outcome="Passed" testListId="8c84fa94-04c1-424b-9868-57a2d4851a1d" relativeResultsDirectory="d66ce918-4b72-462a-898c-613f2e727eb1" />
    <UnitTestResult executionId="6c520175-91c8-4134-8550-7c527359be75" testId="17d2bd4a-a575-7ccc-1676-102dfc4795d6" testName="BuckScience.Tests.PhotoFilteringComprehensiveTests.CameraOption_PropertiesWork" computerName="pkrvm7jw40e0xgp" duration="00:00:00.0002629" startTime="2025-09-04T23:31:26.7348383+00:00" endTime="2025-09-04T23:31:26.7348384+00:00" testType="13cdc9d9-ddb5-4fa4-a97d-d965ccfc6d4b" outcome="Passed" testListId="8c84fa94-04c1-424b-9868-57a2d4851a1d" relativeResultsDirectory="6c520175-91c8-4134-8550-7c527359be75" />
    <UnitTestResult executionId="8f2501f2-c68d-4214-8ed9-f06139047f6d" testId="e6b5dbec-3ede-e88e-98ad-309ef50c1b15" testName="BuckScience.Tests.FeatureHelperTests.CategoryMapping_ShouldContainAllClassificationTypes" computerName="pkrvm7jw40e0xgp" duration="00:00:00.0006132" startTime="2025-09-04T23:31:25.5680433+00:00" endTime="2025-09-04T23:31:25.5680433+00:00" testType="13cdc9d9-ddb5-4fa4-a97d-d965ccfc6d4b" outcome="Passed" testListId="8c84fa94-04c1-424b-9868-57a2d4851a1d" relativeResultsDirectory="8f2501f2-c68d-4214-8ed9-f06139047f6d" />
    <UnitTestResult executionId="d4ddbc40-d38a-4d2a-a3d9-2c9b10e1f873" testId="c5847a99-4505-c2ed-d54d-fc269a080b27" testName="BuckScience.Tests.Web.Helpers.WeatherHelpersTests.ConvertMoonPhaseToText_VariousValues_ReturnsCorrectText(phase: 1, expected: &quot;New Moon&quot;)" computerName="pkrvm7jw40e0xgp" duration="00:00:00.0000035" startTime="2025-09-04T23:31:26.7165712+00:00" endTime="2025-09-04T23:31:26.7165713+00:00" testType="13cdc9d9-ddb5-4fa4-a97d-d965ccfc6d4b" outcome="Passed" testListId="8c84fa94-04c1-424b-9868-57a2d4851a1d" relativeResultsDirectory="d4ddbc40-d38a-4d2a-a3d9-2c9b10e1f873" />
    <UnitTestResult executionId="c6a226b7-4af8-4fd0-804a-301e1e262ea7" testId="88b5a428-7422-548a-ca90-5bd2a62420ae" testName="BuckScience.Tests.DirectionHelperTests.FromFloat_ShouldReturnCorrectDirection(degrees: 225, expectedDirection: SW)" computerName="pkrvm7jw40e0xgp" duration="00:00:00.0000111" startTime="2025-09-04T23:31:25.5605392+00:00" endTime="2025-09-04T23:31:25.5605393+00:00" testType="13cdc9d9-ddb5-4fa4-a97d-d965ccfc6d4b" outcome="Passed" testListId="8c84fa94-04c1-424b-9868-57a2d4851a1d" relativeResultsDirectory="c6a226b7-4af8-4fd0-804a-301e1e262ea7" />
    <UnitTestResult executionId="009bfaea-6ee0-4875-ab62-17f5b78864a5" testId="78d335ed-d8a0-4e68-1b07-0e64ec6fcf01" testName="BuckScience.Tests.Web.Helpers.WeatherHelpersTests.ConvertMoonPhaseToText_VariousValues_ReturnsCorrectText(phase: 0.75, expected: &quot;Last Quarter&quot;)" computerName="pkrvm7jw40e0xgp" duration="00:00:00.0000035" startTime="2025-09-04T23:31:26.7165119+00:00" endTime="2025-09-04T23:31:26.7165120+00:00" testType="13cdc9d9-ddb5-4fa4-a97d-d965ccfc6d4b" outcome="Passed" testListId="8c84fa94-04c1-424b-9868-57a2d4851a1d" relativeResultsDirectory="009bfaea-6ee0-4875-ab62-17f5b78864a5" />
    <UnitTestResult executionId="ae3044a7-07df-4b7d-b2c0-e42fa4109c95" testId="24c340fb-d377-9a86-7f7b-24671f6c604a" testName="BuckScience.Tests.UnitTest1.Test1" computerName="pkrvm7jw40e0xgp" duration="00:00:00.0002719" startTime="2025-09-04T23:31:25.5956161+00:00" endTime="2025-09-04T23:31:25.5956162+00:00" testType="13cdc9d9-ddb5-4fa4-a97d-d965ccfc6d4b" outcome="Passed" testListId="8c84fa94-04c1-424b-9868-57a2d4851a1d" relativeResultsDirectory="ae3044a7-07df-4b7d-b2c0-e42fa4109c95" />
    <UnitTestResult executionId="6251b467-a4bd-4ee3-b919-f36319da409b" testId="2e480f4f-8e65-8226-244e-bc56a9d64e7e" testName="BuckScience.Tests.Web.Helpers.WeatherHelpersTests.ConvertWindDirectionToText_VariousAngles_ReturnsCorrectDirection(degrees: 33.75, expected: &quot;NE&quot;)" computerName="pkrvm7jw40e0xgp" duration="00:00:00.0000050" startTime="2025-09-04T23:31:26.7217036+00:00" endTime="2025-09-04T23:31:26.7217037+00:00" testType="13cdc9d9-ddb5-4fa4-a97d-d965ccfc6d4b" outcome="Passed" testListId="8c84fa94-04c1-424b-9868-57a2d4851a1d" relativeResultsDirectory="6251b467-a4bd-4ee3-b919-f36319da409b" />
    <UnitTestResult executionId="a1d93f12-7134-4175-83e2-4ba64dbd2ec3" testId="be34b3ae-4d99-48a5-415d-a9f5ba8821a1" testName="BuckScience.Tests.CameraCreateVmTests.CameraCreateVm_DirectionSync_ShouldWorkForAllDirections(direction: NW, expectedDegrees: 315)" computerName="pkrvm7jw40e0xgp" duration="00:00:00.0000103" startTime="2025-09-04T23:31:25.5388799+00:00" endTime="2025-09-04T23:31:25.5388804+00:00" testType="13cdc9d9-ddb5-4fa4-a97d-d965ccfc6d4b" outcome="Passed" testListId="8c84fa94-04c1-424b-9868-57a2d4851a1d" relativeResultsDirectory="a1d93f12-7134-4175-83e2-4ba64dbd2ec3" />
    <UnitTestResult executionId="cbf2797e-4389-4424-8cd2-c5b846343364" testId="23376aab-8018-81b3-8b3c-57bc8b0141ed" testName="BuckScience.Tests.Application.Profiles.ProfileCrudTests.UpdateProfile_ValidData_UpdatesProfile" computerName="pkrvm7jw40e0xgp" duration="00:00:00.0576034" startTime="2025-09-04T23:31:26.6447691+00:00" endTime="2025-09-04T23:31:26.6447692+00:00" testType="13cdc9d9-ddb5-4fa4-a97d-d965ccfc6d4b" outcome="Passed" testListId="8c84fa94-04c1-424b-9868-57a2d4851a1d" relativeResultsDirectory="cbf2797e-4389-4424-8cd2-c5b846343364" />
    <UnitTestResult executionId="fdcfe124-06b6-4154-8f0e-a6a492faba64" testId="f950f79e-ba5e-b1e8-b4c0-7c88acd39e8b" testName="BuckScience.Tests.CameraCreateVmTests.CameraCreateVm_DirectionSync_ShouldWorkForAllDirections(direction: SE, expectedDegrees: 135)" computerName="pkrvm7jw40e0xgp" duration="00:00:00.0003457" startTime="2025-09-04T23:31:25.5387426+00:00" endTime="2025-09-04T23:31:25.5387427+00:00" testType="13cdc9d9-ddb5-4fa4-a97d-d965ccfc6d4b" outcome="Passed" testListId="8c84fa94-04c1-424b-9868-57a2d4851a1d" relativeResultsDirectory="fdcfe124-06b6-4154-8f0e-a6a492faba64" />
    <UnitTestResult executionId="7384aefe-2b92-478c-ae33-8b88cf5ca8cb" testId="a4c9dc78-d66c-c69a-90ef-d545d65a1a43" testName="BuckScience.Tests.Web.Helpers.WeatherHelpersTests.ConvertWindDirectionTextToNumeric_ValidDirections_ReturnsCorrectDegrees(direction: &quot;E&quot;, expected: 90)" computerName="pkrvm7jw40e0xgp" duration="00:00:00.0000079" startTime="2025-09-04T23:31:26.7282192+00:00" endTime="2025-09-04T23:31:26.7282193+00:00" testType="13cdc9d9-ddb5-4fa4-a97d-d965ccfc6d4b" outcome="Passed" testListId="8c84fa94-04c1-424b-9868-57a2d4851a1d" relativeResultsDirectory="7384aefe-2b92-478c-ae33-8b88cf5ca8cb" />
    <UnitTestResult executionId="7d9bc8a4-bcdc-4a63-9bf5-063bb99aaf99" testId="8bb24d97-4056-0aed-e738-d86e9d34f566" testName="BuckScience.Tests.Web.Helpers.WeatherHelpersTests.ConvertWindDirectionTextToNumeric_ValidDirections_ReturnsCorrectDegrees(direction: &quot;ESE&quot;, expected: 112.5)" computerName="pkrvm7jw40e0xgp" duration="00:00:00.0000082" startTime="2025-09-04T23:31:26.7273093+00:00" endTime="2025-09-04T23:31:26.7273094+00:00" testType="13cdc9d9-ddb5-4fa4-a97d-d965ccfc6d4b" outcome="Passed" testListId="8c84fa94-04c1-424b-9868-57a2d4851a1d" relativeResultsDirectory="7d9bc8a4-bcdc-4a63-9bf5-063bb99aaf99" />
    <UnitTestResult executionId="e56dd5be-11f6-467c-9f68-f5c4400bb460" testId="4bbe555c-8fb0-44dc-18a4-86549d9ecd64" testName="BuckScience.Tests.DirectionHelperTests.FromFloat_ShouldFindClosestDirection(degrees: -15, expectedDirection: NW)" computerName="pkrvm7jw40e0xgp" duration="00:00:00.0000031" startTime="2025-09-04T23:31:25.5659203+00:00" endTime="2025-09-04T23:31:25.5659204+00:00" testType="13cdc9d9-ddb5-4fa4-a97d-d965ccfc6d4b" outcome="Passed" testListId="8c84fa94-04c1-424b-9868-57a2d4851a1d" relativeResultsDirectory="e56dd5be-11f6-467c-9f68-f5c4400bb460" />
    <UnitTestResult executionId="abecb23c-97e0-4d42-adc4-6651bd96c248" testId="9cd7f192-bb9b-abd8-007d-2585a8ffb5e9" testName="BuckScience.Tests.PhotoFilteringUrlExamples.PhotoFiltering_RealWorldScenario_TempAndCameraFilter" computerName="pkrvm7jw40e0xgp" duration="00:00:00.0008962" startTime="2025-09-04T23:31:25.6453126+00:00" endTime="2025-09-04T23:31:25.6453127+00:00" testType="13cdc9d9-ddb5-4fa4-a97d-d965ccfc6d4b" outcome="Passed" testListId="8c84fa94-04c1-424b-9868-57a2d4851a1d" relativeResultsDirectory="abecb23c-97e0-4d42-adc4-6651bd96c248" />
    <UnitTestResult executionId="c1b8e308-22ea-4efe-ba35-bc931e73eb2d" testId="6e95a11c-ba0a-17a5-b618-642e6194107c" testName="BuckScience.Tests.PhotoFilteringComprehensiveTests.PhotoFiltering_BackwardCompatibility_WithoutFilters" computerName="pkrvm7jw40e0xgp" duration="00:00:00.0005710" startTime="2025-09-04T23:31:26.7323306+00:00" endTime="2025-09-04T23:31:26.7323306+00:00" testType="13cdc9d9-ddb5-4fa4-a97d-d965ccfc6d4b" outcome="Passed" testListId="8c84fa94-04c1-424b-9868-57a2d4851a1d" relativeResultsDirectory="c1b8e308-22ea-4efe-ba35-bc931e73eb2d" />
    <UnitTestResult executionId="28bbac79-78a3-4240-87d5-69aa0ecf765b" testId="94acb547-5f92-9634-547a-02395bd6053e" testName="BuckScience.Tests.Web.Helpers.WeatherHelpersTests.ConvertWindDirectionTextToNumeric_InvalidText_ReturnsNull(direction: &quot;North&quot;)" computerName="pkrvm7jw40e0xgp" duration="00:00:00.0000036" startTime="2025-09-04T23:31:26.7184188+00:00" endTime="2025-09-04T23:31:26.7184188+00:00" testType="13cdc9d9-ddb5-4fa4-a97d-d965ccfc6d4b" outcome="Passed" testListId="8c84fa94-04c1-424b-9868-57a2d4851a1d" relativeResultsDirectory="28bbac79-78a3-4240-87d5-69aa0ecf765b" />
    <UnitTestResult executionId="450b4f6b-252c-45e4-9885-e9c36ee75c19" testId="22960b58-9cb3-5bbf-01a8-8b59f0364e15" testName="BuckScience.Tests.CameraDetailsVmTests.CameraDetailsVm_ShouldHaveAllRequiredProperties" computerName="pkrvm7jw40e0xgp" duration="00:00:00.0042810" startTime="2025-09-04T23:31:26.7098487+00:00" endTime="2025-09-04T23:31:26.7098489+00:00" testType="13cdc9d9-ddb5-4fa4-a97d-d965ccfc6d4b" outcome="Passed" testListId="8c84fa94-04c1-424b-9868-57a2d4851a1d" relativeResultsDirectory="450b4f6b-252c-45e4-9885-e9c36ee75c19" />
    <UnitTestResult executionId="3ef02e81-3a5d-427e-ba11-cca8a0c10c06" testId="46a7f553-bbcf-0c84-0101-71d2924c06c9" testName="BuckScience.Tests.TaggingIntegrationTests.EndToEndTaggingWorkflow_ShouldWorkCorrectly" computerName="pkrvm7jw40e0xgp" duration="00:00:00.0428551" startTime="2025-09-04T23:31:26.7069762+00:00" endTime="2025-09-04T23:31:26.7069763+00:00" testType="13cdc9d9-ddb5-4fa4-a97d-d965ccfc6d4b" outcome="Passed" testListId="8c84fa94-04c1-424b-9868-57a2d4851a1d" relativeResultsDirectory="3ef02e81-3a5d-427e-ba11-cca8a0c10c06" />
    <UnitTestResult executionId="9d749297-106b-456d-ad88-7ea1863b629a" testId="f4c9aa46-811a-389b-d744-72a428dee7d2" testName="BuckScience.Tests.TaggingSystemTests.GetOrCreateTag_ShouldReturnExistingTag_WhenTagExists" computerName="pkrvm7jw40e0xgp" duration="00:00:00.0016289" startTime="2025-09-04T23:31:26.6426983+00:00" endTime="2025-09-04T23:31:26.6426984+00:00" testType="13cdc9d9-ddb5-4fa4-a97d-d965ccfc6d4b" outcome="Passed" testListId="8c84fa94-04c1-424b-9868-57a2d4851a1d" relativeResultsDirectory="9d749297-106b-456d-ad88-7ea1863b629a" />
    <UnitTestResult executionId="b80870be-73ba-4c03-8261-ed2d0ddfc65e" testId="f2a53262-1031-8641-ce23-2061a5c39410" testName="BuckScience.Tests.TaggingSystemTests.GetOrCreateTag_ShouldThrowException_WhenTagNameIsInvalid(invalidTagName: &quot;&quot;)" computerName="pkrvm7jw40e0xgp" duration="00:00:00.0069405" startTime="2025-09-04T23:31:26.6500314+00:00" endTime="2025-09-04T23:31:26.6500315+00:00" testType="13cdc9d9-ddb5-4fa4-a97d-d965ccfc6d4b" outcome="Passed" testListId="8c84fa94-04c1-424b-9868-57a2d4851a1d" relativeResultsDirectory="b80870be-73ba-4c03-8261-ed2d0ddfc65e" />
    <UnitTestResult executionId="a3692572-9db3-46dd-8b1d-84bfec0508cc" testId="18fd69b0-d054-4b67-4fab-caa28c12efff" testName="BuckScience.Tests.TaggingSystemTests.GetOrCreateTag_ShouldBeCaseInsensitive" computerName="pkrvm7jw40e0xgp" duration="00:00:00.0022006" startTime="2025-09-04T23:31:26.6516999+00:00" endTime="2025-09-04T23:31:26.6517000+00:00" testType="13cdc9d9-ddb5-4fa4-a97d-d965ccfc6d4b" outcome="Passed" testListId="8c84fa94-04c1-424b-9868-57a2d4851a1d" relativeResultsDirectory="a3692572-9db3-46dd-8b1d-84bfec0508cc" />
    <UnitTestResult executionId="6c33cc6f-b20f-4224-9c34-d177a9ef9eb3" testId="226e9057-54c6-53d9-d48c-5a3aaedbb305" testName="BuckScience.Tests.Web.Helpers.WeatherHelpersTests.ConvertWindDirectionTextToNumeric_ValidDirections_ReturnsCorrectDegrees(direction: &quot;ENE&quot;, expected: 67.5)" computerName="pkrvm7jw40e0xgp" duration="00:00:00.0000085" startTime="2025-09-04T23:31:26.7272051+00:00" endTime="2025-09-04T23:31:26.7272051+00:00" testType="13cdc9d9-ddb5-4fa4-a97d-d965ccfc6d4b" outcome="Passed" testListId="8c84fa94-04c1-424b-9868-57a2d4851a1d" relativeResultsDirectory="6c33cc6f-b20f-4224-9c34-d177a9ef9eb3" />
    <UnitTestResult executionId="91b25f55-82c1-40d4-9290-4a67e2c77ade" testId="7264d755-3cfa-51c2-00b7-8c3c5d03bdbd" testName="BuckScience.Tests.Web.Helpers.WeatherHelpersTests.ConvertMoonPhaseTextToNumeric_ValidText_ReturnsCorrectValue(text: &quot;Waxing Crescent&quot;, expected: 0.125)" computerName="pkrvm7jw40e0xgp" duration="00:00:00.0000064" startTime="2025-09-04T23:31:26.7299736+00:00" endTime="2025-09-04T23:31:26.7299737+00:00" testType="13cdc9d9-ddb5-4fa4-a97d-d965ccfc6d4b" outcome="Passed" testListId="8c84fa94-04c1-424b-9868-57a2d4851a1d" relativeResultsDirectory="91b25f55-82c1-40d4-9290-4a67e2c77ade" />
    <UnitTestResult executionId="906cd7d1-b702-4e1c-98fd-c931ade6fffe" testId="1393749b-9888-f339-bbe0-fe7c36d53117" testName="BuckScience.Tests.FeatureHelperTests.GetFeatureIcon_ShouldReturnCorrectIcons" computerName="pkrvm7jw40e0xgp" duration="00:00:00.0002574" startTime="2025-09-04T23:31:25.5718300+00:00" endTime="2025-09-04T23:31:25.5718302+00:00" testType="13cdc9d9-ddb5-4fa4-a97d-d965ccfc6d4b" outcome="Passed" testListId="8c84fa94-04c1-424b-9868-57a2d4851a1d" relativeResultsDirectory="906cd7d1-b702-4e1c-98fd-c931ade6fffe" />
    <UnitTestResult executionId="a3c83e77-6a01-464a-b8fc-43834faf8ad3" testId="d269bbab-e11e-9189-e523-cf92a42762f7" testName="BuckScience.Tests.DirectionHelperTests.FromFloat_ShouldReturnCorrectDirection(degrees: 315, expectedDirection: NW)" computerName="pkrvm7jw40e0xgp" duration="00:00:00.0000072" startTime="2025-09-04T23:31:25.5607774+00:00" endTime="2025-09-04T23:31:25.5607775+00:00" testType="13cdc9d9-ddb5-4fa4-a97d-d965ccfc6d4b" outcome="Passed" testListId="8c84fa94-04c1-424b-9868-57a2d4851a1d" relativeResultsDirectory="a3c83e77-6a01-464a-b8fc-43834faf8ad3" />
    <UnitTestResult executionId="881d1ea2-3260-48d7-b26a-8e04e5c4f2d8" testId="eb717265-8ce6-9ca5-299a-76e8f4608ecc" testName="BuckScience.Tests.CameraEditVmTests.CameraEditVm_DefaultValues_ShouldBeCorrect" computerName="pkrvm7jw40e0xgp" duration="00:00:00.0003568" startTime="2025-09-04T23:31:25.6436298+00:00" endTime="2025-09-04T23:31:25.6436298+00:00" testType="13cdc9d9-ddb5-4fa4-a97d-d965ccfc6d4b" outcome="Passed" testListId="8c84fa94-04c1-424b-9868-57a2d4851a1d" relativeResultsDirectory="881d1ea2-3260-48d7-b26a-8e04e5c4f2d8" />
    <UnitTestResult executionId="a1172a41-971a-4e69-a5af-a688f6f73bd6" testId="e180b2c2-7fc8-0f15-5653-0156d254c8c9" testName="BuckScience.Tests.DirectionHelperTests.FromFloat_ShouldFindClosestDirection(degrees: 23, expectedDirection: NE)" computerName="pkrvm7jw40e0xgp" duration="00:00:00.0000032" startTime="2025-09-04T23:31:25.5659745+00:00" endTime="2025-09-04T23:31:25.5659746+00:00" testType="13cdc9d9-ddb5-4fa4-a97d-d965ccfc6d4b" outcome="Passed" testListId="8c84fa94-04c1-424b-9868-57a2d4851a1d" relativeResultsDirectory="a1172a41-971a-4e69-a5af-a688f6f73bd6" />
    <UnitTestResult executionId="22141675-94c1-468b-b7a6-240b9ec864c3" testId="dab68c95-06ed-1b25-9b7e-b55b2972fccc" testName="BuckScience.Tests.WeatherServiceTests.RoundCoordinates_ShouldRoundTo1DecimalPlace" computerName="pkrvm7jw40e0xgp" duration="00:00:00.0014441" startTime="2025-09-04T23:31:25.6284561+00:00" endTime="2025-09-04T23:31:25.6284562+00:00" testType="13cdc9d9-ddb5-4fa4-a97d-d965ccfc6d4b" outcome="Passed" testListId="8c84fa94-04c1-424b-9868-57a2d4851a1d" relativeResultsDirectory="22141675-94c1-468b-b7a6-240b9ec864c3" />
    <UnitTestResult executionId="e21e2a50-d5d9-4964-9e66-be200305b40a" testId="6ddbf3e0-3ece-b657-908f-2948ae07368f" testName="BuckScience.Tests.Web.Helpers.WeatherHelpersTests.ConvertMoonPhaseTextToNumeric_CaseInsensitive_Works" computerName="pkrvm7jw40e0xgp" duration="00:00:00.0007824" startTime="2025-09-04T23:31:26.7290954+00:00" endTime="2025-09-04T23:31:26.7290955+00:00" testType="13cdc9d9-ddb5-4fa4-a97d-d965ccfc6d4b" outcome="Passed" testListId="8c84fa94-04c1-424b-9868-57a2d4851a1d" relativeResultsDirectory="e21e2a50-d5d9-4964-9e66-be200305b40a" />
    <UnitTestResult executionId="113fdce1-2274-4fdc-bf2a-36940483f910" testId="2b043a8d-e346-04e5-47b3-898bfcbeb615" testName="BuckScience.Tests.CameraPlacementHistoryTests.CameraPlacementHistory_Duration_ShouldCalculateCorrectly" computerName="pkrvm7jw40e0xgp" duration="00:00:00.0008024" startTime="2025-09-04T23:31:25.6110629+00:00" endTime="2025-09-04T23:31:25.6110630+00:00" testType="13cdc9d9-ddb5-4fa4-a97d-d965ccfc6d4b" outcome="Passed" testListId="8c84fa94-04c1-424b-9868-57a2d4851a1d" relativeResultsDirectory="113fdce1-2274-4fdc-bf2a-36940483f910" />
    <UnitTestResult executionId="1f57efcf-7266-4661-8323-7bd3fa63f029" testId="5439de61-630e-08c6-3445-f1eed3fd3847" testName="BuckScience.Tests.TagCleanupTests.RemoveTagFromPhotos_ShouldCleanupTag_WhenNotUsedAnywhere" computerName="pkrvm7jw40e0xgp" duration="00:00:00.0141459" startTime="2025-09-04T23:31:26.7474216+00:00" endTime="2025-09-04T23:31:26.7474217+00:00" testType="13cdc9d9-ddb5-4fa4-a97d-d965ccfc6d4b" outcome="Passed" testListId="8c84fa94-04c1-424b-9868-57a2d4851a1d" relativeResultsDirectory="1f57efcf-7266-4661-8323-7bd3fa63f029" />
    <UnitTestResult executionId="6edaac2a-d22b-479d-8006-74bf69ff2a95" testId="7f31b8c1-231f-a39c-8870-f0d4abe51343" testName="BuckScience.Tests.FeatureHelperTests.FeatureDescriptions_ShouldContainAllClassificationTypes" computerName="pkrvm7jw40e0xgp" duration="00:00:00.0077801" startTime="2025-09-04T23:31:25.5672968+00:00" endTime="2025-09-04T23:31:25.5672969+00:00" testType="13cdc9d9-ddb5-4fa4-a97d-d965ccfc6d4b" outcome="Passed" testListId="8c84fa94-04c1-424b-9868-57a2d4851a1d" relativeResultsDirectory="6edaac2a-d22b-479d-8006-74bf69ff2a95" />
    <UnitTestResult executionId="d5c8ab1d-8eb8-4400-995e-a09954f5f13e" testId="1c0d7c7b-e498-3c7a-c145-fce1f6e14e16" testName="BuckScience.Tests.Web.Helpers.WeatherHelpersTests.ConvertMoonPhaseTextToNumeric_ValidText_ReturnsCorrectValue(text: &quot;Waxing Gibbous&quot;, expected: 0.375)" computerName="pkrvm7jw40e0xgp" duration="00:00:00.0000115" startTime="2025-09-04T23:31:26.7298611+00:00" endTime="2025-09-04T23:31:26.7298612+00:00" testType="13cdc9d9-ddb5-4fa4-a97d-d965ccfc6d4b" outcome="Passed" testListId="8c84fa94-04c1-424b-9868-57a2d4851a1d" relativeResultsDirectory="d5c8ab1d-8eb8-4400-995e-a09954f5f13e" />
    <UnitTestResult executionId="9e7b42ca-8e17-467d-97d4-c2888f3e7fe6" testId="f2ce22ba-4e0c-a11c-c657-a799ce863a26" testName="BuckScience.Tests.Web.Helpers.WeatherHelpersTests.ConvertMoonPhaseTextToNumeric_InvalidText_ReturnsNull(text: &quot;&quot;)" computerName="pkrvm7jw40e0xgp" duration="00:00:00.0018724" startTime="2025-09-04T23:31:26.7349159+00:00" endTime="2025-09-04T23:31:26.7349160+00:00" testType="13cdc9d9-ddb5-4fa4-a97d-d965ccfc6d4b" outcome="Passed" testListId="8c84fa94-04c1-424b-9868-57a2d4851a1d" relativeResultsDirectory="9e7b42ca-8e17-467d-97d4-c2888f3e7fe6" />
    <UnitTestResult executionId="52f21dad-ac70-4757-a775-5b88161ddce8" testId="0249bb7c-cd9a-b690-46ba-3252e9d64885" testName="BuckScience.Tests.PhotoFilteringUrlExamples.BuildFilters_CameraParameters_ShouldParseCorrectly(cameras: &quot;1,5,10&quot;, expectedCameras: [1, 5, 10])" computerName="pkrvm7jw40e0xgp" duration="00:00:00.0000167" startTime="2025-09-04T23:31:25.6410779+00:00" endTime="2025-09-04T23:31:25.6410780+00:00" testType="13cdc9d9-ddb5-4fa4-a97d-d965ccfc6d4b" outcome="Passed" testListId="8c84fa94-04c1-424b-9868-57a2d4851a1d" relativeResultsDirectory="52f21dad-ac70-4757-a775-5b88161ddce8" />
    <UnitTestResult executionId="ed3d985c-5360-4e5d-b854-022d3cb506a9" testId="5281d8e8-e57c-c45e-69f7-66dd4ef8cb7b" testName="BuckScience.Tests.PhotoFiltersTests.PhotoFilters_HasAnyFilters_ReturnsTrueWhenDateFilterSet" computerName="pkrvm7jw40e0xgp" duration="00:00:00.0003887" startTime="2025-09-04T23:31:26.7043411+00:00" endTime="2025-09-04T23:31:26.7043412+00:00" testType="13cdc9d9-ddb5-4fa4-a97d-d965ccfc6d4b" outcome="Passed" testListId="8c84fa94-04c1-424b-9868-57a2d4851a1d" relativeResultsDirectory="ed3d985c-5360-4e5d-b854-022d3cb506a9" />
    <UnitTestResult executionId="40d84ddb-9e8b-4821-b7d0-54f209dea8c0" testId="2505d350-e44a-f204-9fd8-58dd92f22763" testName="BuckScience.Tests.DirectionHelperTests.ToFloat_ShouldReturnCorrectDegrees(direction: SE, expectedDegrees: 135)" computerName="pkrvm7jw40e0xgp" duration="00:00:00.0000103" startTime="2025-09-04T23:31:25.5647745+00:00" endTime="2025-09-04T23:31:25.5647746+00:00" testType="13cdc9d9-ddb5-4fa4-a97d-d965ccfc6d4b" outcome="Passed" testListId="8c84fa94-04c1-424b-9868-57a2d4851a1d" relativeResultsDirectory="40d84ddb-9e8b-4821-b7d0-54f209dea8c0" />
    <UnitTestResult executionId="efcd7415-fb0a-4795-8f54-ce189800a6ca" testId="088d383f-5fbc-e375-2326-3e321a2adf4f" testName="BuckScience.Tests.TaggingRequirementsTests.Requirement2_TagUniqueness_ShouldBeEnforced" computerName="pkrvm7jw40e0xgp" duration="00:00:00.0022947" startTime="2025-09-04T23:31:26.7352806+00:00" endTime="2025-09-04T23:31:26.7352807+00:00" testType="13cdc9d9-ddb5-4fa4-a97d-d965ccfc6d4b" outcome="Passed" testListId="8c84fa94-04c1-424b-9868-57a2d4851a1d" relativeResultsDirectory="efcd7415-fb0a-4795-8f54-ce189800a6ca" />
    <UnitTestResult executionId="ec5fa460-e775-4561-a195-8e1a347a1d8d" testId="5184c208-ba66-a1eb-00ca-490830c3b61a" testName="BuckScience.Tests.Web.Helpers.WeatherHelpersTests.ConvertWindDirectionToText_VariousAngles_ReturnsCorrectDirection(degrees: 225, expected: &quot;SW&quot;)" computerName="pkrvm7jw40e0xgp" duration="00:00:00.0000060" startTime="2025-09-04T23:31:26.7216520+00:00" endTime="2025-09-04T23:31:26.7216520+00:00" testType="13cdc9d9-ddb5-4fa4-a97d-d965ccfc6d4b" outcome="Passed" testListId="8c84fa94-04c1-424b-9868-57a2d4851a1d" relativeResultsDirectory="ec5fa460-e775-4561-a195-8e1a347a1d8d" />
    <UnitTestResult executionId="358ad070-a146-408a-8dd1-ab1bda287821" testId="9c1cfe7d-bcc9-4b03-b265-ec26ee7c3263" testName="BuckScience.Tests.Application.Profiles.ProfileCrudTests.CreateProfile_ValidData_CreatesProfile" computerName="pkrvm7jw40e0xgp" duration="00:00:01.0144243" startTime="2025-09-04T23:31:26.5868759+00:00" endTime="2025-09-04T23:31:26.5868761+00:00" testType="13cdc9d9-ddb5-4fa4-a97d-d965ccfc6d4b" outcome="Passed" testListId="8c84fa94-04c1-424b-9868-57a2d4851a1d" relativeResultsDirectory="358ad070-a146-408a-8dd1-ab1bda287821" />
    <UnitTestResult executionId="dc0ba81e-33d3-4fd3-802d-e0c2bc89c66b" testId="e531c44f-a81a-259c-843c-505a398d8b55" testName="BuckScience.Tests.Web.Helpers.WeatherHelpersTests.ConvertMoonPhaseTextToNumeric_InvalidText_ReturnsNull(text: &quot;Invalid Phase&quot;)" computerName="pkrvm7jw40e0xgp" duration="00:00:00.0000090" startTime="2025-09-04T23:31:26.7349840+00:00" endTime="2025-09-04T23:31:26.7349841+00:00" testType="13cdc9d9-ddb5-4fa4-a97d-d965ccfc6d4b" outcome="Passed" testListId="8c84fa94-04c1-424b-9868-57a2d4851a1d" relativeResultsDirectory="dc0ba81e-33d3-4fd3-802d-e0c2bc89c66b" />
    <UnitTestResult executionId="f837e6a5-02b3-4ee8-a6bc-af8d4430582e" testId="9f544328-b14d-2f96-b54b-781ab9cf51e8" testName="BuckScience.Tests.Web.Helpers.WeatherHelpersTests.ConvertMoonPhaseToText_VariousValues_ReturnsCorrectText(phase: 0.40000000000000002, expected: &quot;Waxing Gibbous&quot;)" computerName="pkrvm7jw40e0xgp" duration="00:00:00.0000034" startTime="2025-09-04T23:31:26.7173311+00:00" endTime="2025-09-04T23:31:26.7173312+00:00" testType="13cdc9d9-ddb5-4fa4-a97d-d965ccfc6d4b" outcome="Passed" testListId="8c84fa94-04c1-424b-9868-57a2d4851a1d" relativeResultsDirectory="f837e6a5-02b3-4ee8-a6bc-af8d4430582e" />
    <UnitTestResult executionId="97e609c7-f83c-40b2-a94f-e91113838654" testId="10354eb4-4c14-dba7-068b-24dcfb475d53" testName="BuckScience.Tests.DirectionHelperTests.FromFloat_ShouldFindClosestDirection(degrees: 360, expectedDirection: N)" computerName="pkrvm7jw40e0xgp" duration="00:00:00.0000039" startTime="2025-09-04T23:31:25.5658577+00:00" endTime="2025-09-04T23:31:25.5658578+00:00" testType="13cdc9d9-ddb5-4fa4-a97d-d965ccfc6d4b" outcome="Passed" testListId="8c84fa94-04c1-424b-9868-57a2d4851a1d" relativeResultsDirectory="97e609c7-f83c-40b2-a94f-e91113838654" />
    <UnitTestResult executionId="8bd19dda-e673-407e-8c44-8fccc681fee3" testId="b96d0d20-292a-e609-b515-79cd877929d7" testName="BuckScience.Tests.Web.Helpers.WeatherHelpersTests.ConvertWindDirectionToText_VariousAngles_ReturnsCorrectDirection(degrees: 337.5, expected: &quot;NNW&quot;)" computerName="pkrvm7jw40e0xgp" duration="00:00:00.0000064" startTime="2025-09-04T23:31:26.7199779+00:00" endTime="2025-09-04T23:31:26.7199780+00:00" testType="13cdc9d9-ddb5-4fa4-a97d-d965ccfc6d4b" outcome="Passed" testListId="8c84fa94-04c1-424b-9868-57a2d4851a1d" relativeResultsDirectory="8bd19dda-e673-407e-8c44-8fccc681fee3" />
    <UnitTestResult executionId="b0e26db4-c560-45f0-963b-ca13c1ef5ac8" testId="c91192db-21fb-4e08-e57b-721298eb140d" testName="BuckScience.Tests.Web.Helpers.WeatherHelpersTests.ConvertWindDirectionTextToNumeric_ValidDirections_ReturnsCorrectDegrees(direction: &quot;SE&quot;, expected: 135)" computerName="pkrvm7jw40e0xgp" duration="00:00:00.0000094" startTime="2025-09-04T23:31:26.7281736+00:00" endTime="2025-09-04T23:31:26.7281736+00:00" testType="13cdc9d9-ddb5-4fa4-a97d-d965ccfc6d4b" outcome="Passed" testListId="8c84fa94-04c1-424b-9868-57a2d4851a1d" relativeResultsDirectory="b0e26db4-c560-45f0-963b-ca13c1ef5ac8" />
    <UnitTestResult executionId="8de20537-2485-46bb-938d-96abf7920866" testId="8d324366-3662-08e0-9537-a5a51d46bda5" testName="BuckScience.Tests.Web.Helpers.WeatherHelpersTests.ConvertMoonPhaseToText_VariousValues_ReturnsCorrectText(phase: 0.5, expected: &quot;Full Moon&quot;)" computerName="pkrvm7jw40e0xgp" duration="00:00:00.0000026" startTime="2025-09-04T23:31:26.7173942+00:00" endTime="2025-09-04T23:31:26.7173944+00:00" testType="13cdc9d9-ddb5-4fa4-a97d-d965ccfc6d4b" outcome="Passed" testListId="8c84fa94-04c1-424b-9868-57a2d4851a1d" relativeResultsDirectory="8de20537-2485-46bb-938d-96abf7920866" />
    <UnitTestResult executionId="821dd441-be3c-4b5c-81bc-1e62eda3e348" testId="44213f5c-f4e3-7f19-6a5d-6c4a3c8d0dec" testName="BuckScience.Tests.Web.Helpers.WeatherHelpersTests.ConvertWindDirectionTextToNumeric_ValidDirections_ReturnsCorrectDegrees(direction: &quot;SSE&quot;, expected: 157.5)" computerName="pkrvm7jw40e0xgp" duration="00:00:00.0000111" startTime="2025-09-04T23:31:26.7271549+00:00" endTime="2025-09-04T23:31:26.7271550+00:00" testType="13cdc9d9-ddb5-4fa4-a97d-d965ccfc6d4b" outcome="Passed" testListId="8c84fa94-04c1-424b-9868-57a2d4851a1d" relativeResultsDirectory="821dd441-be3c-4b5c-81bc-1e62eda3e348" />
    <UnitTestResult executionId="b3ffcd96-65ed-49fa-9720-1d4bd10f55a0" testId="b14ae956-297a-f056-fdd7-ca8f9b76076f" testName="BuckScience.Tests.PhotoFilteringUrlExamples.BuildFilters_CameraParameters_ShouldParseCorrectly(cameras: &quot;1,2,3&quot;, expectedCameras: [1, 2, 3])" computerName="pkrvm7jw40e0xgp" duration="00:00:00.0063303" startTime="2025-09-04T23:31:25.6407164+00:00" endTime="2025-09-04T23:31:25.6407165+00:00" testType="13cdc9d9-ddb5-4fa4-a97d-d965ccfc6d4b" outcome="Passed" testListId="8c84fa94-04c1-424b-9868-57a2d4851a1d" relativeResultsDirectory="b3ffcd96-65ed-49fa-9720-1d4bd10f55a0" />
    <UnitTestResult executionId="46e9a17d-a1ed-4e48-88a0-41688a8b4f0f" testId="b7a065c7-7a2e-0d14-6498-b30f746da816" testName="BuckScience.Tests.DirectionHelperTests.ToFloat_ShouldReturnCorrectDegrees(direction: E, expectedDegrees: 90)" computerName="pkrvm7jw40e0xgp" duration="00:00:00.0001143" startTime="2025-09-04T23:31:25.5637469+00:00" endTime="2025-09-04T23:31:25.5637470+00:00" testType="13cdc9d9-ddb5-4fa4-a97d-d965ccfc6d4b" outcome="Passed" testListId="8c84fa94-04c1-424b-9868-57a2d4851a1d" relativeResultsDirectory="46e9a17d-a1ed-4e48-88a0-41688a8b4f0f" />
    <UnitTestResult executionId="f1305c69-60bd-4bdb-9b38-4de0543d1947" testId="8dc17fe0-66a4-6cf2-3749-0f755c367e4d" testName="BuckScience.Tests.Web.Helpers.WeatherHelpersTests.GetWindDirectionOptions_WithEmptyAvailable_AllUnavailable" computerName="pkrvm7jw40e0xgp" duration="00:00:00.0002968" startTime="2025-09-04T23:31:26.7371230+00:00" endTime="2025-09-04T23:31:26.7371232+00:00" testType="13cdc9d9-ddb5-4fa4-a97d-d965ccfc6d4b" outcome="Passed" testListId="8c84fa94-04c1-424b-9868-57a2d4851a1d" relativeResultsDirectory="f1305c69-60bd-4bdb-9b38-4de0543d1947" />
    <UnitTestResult executionId="23bec61a-b761-494d-aa7b-9fb47a631026" testId="a7640c1c-3e1a-ff5f-a7c8-4da5a8b29af2" testName="BuckScience.Tests.Web.Helpers.WeatherHelpersTests.ConvertMoonPhaseTextToNumeric_ValidText_ReturnsCorrectValue(text: &quot;First Quarter&quot;, expected: 0.25)" computerName="pkrvm7jw40e0xgp" duration="00:00:00.0000060" startTime="2025-09-04T23:31:26.7321309+00:00" endTime="2025-09-04T23:31:26.7321310+00:00" testType="13cdc9d9-ddb5-4fa4-a97d-d965ccfc6d4b" outcome="Passed" testListId="8c84fa94-04c1-424b-9868-57a2d4851a1d" relativeResultsDirectory="23bec61a-b761-494d-aa7b-9fb47a631026" />
    <UnitTestResult executionId="544c8f66-4528-4ac3-bde5-bd19802bd83f" testId="b8a41320-c868-9123-86b4-03e71d0ff6ef" testName="BuckScience.Tests.Web.Helpers.WeatherHelpersTests.ConvertWindDirectionToText_VariousAngles_ReturnsCorrectDirection(degrees: 11.24, expected: &quot;N&quot;)" computerName="pkrvm7jw40e0xgp" duration="00:00:00.0000072" startTime="2025-09-04T23:31:26.7209096+00:00" endTime="2025-09-04T23:31:26.7209097+00:00" testType="13cdc9d9-ddb5-4fa4-a97d-d965ccfc6d4b" outcome="Passed" testListId="8c84fa94-04c1-424b-9868-57a2d4851a1d" relativeResultsDirectory="544c8f66-4528-4ac3-bde5-bd19802bd83f" />
    <UnitTestResult executionId="643f0a1b-2665-44fd-b64a-6fa9d27610f0" testId="4e6de647-43c0-2d5e-ffcc-d884e859b7df" testName="BuckScience.Tests.TaggingIntegrationTests.TagUniqueness_ShouldBeEnforcedCorrectly" computerName="pkrvm7jw40e0xgp" duration="00:00:00.0080272" startTime="2025-09-04T23:31:26.7137747+00:00" endTime="2025-09-04T23:31:26.7137748+00:00" testType="13cdc9d9-ddb5-4fa4-a97d-d965ccfc6d4b" outcome="Passed" testListId="8c84fa94-04c1-424b-9868-57a2d4851a1d" relativeResultsDirectory="643f0a1b-2665-44fd-b64a-6fa9d27610f0" />
    <UnitTestResult executionId="308a2344-6ea4-4c4b-b7b7-6e027768f59e" testId="33aaf4d3-9999-0bc6-ded9-bd2870cebad9" testName="BuckScience.Tests.Web.Helpers.WeatherHelpersTests.ConvertWindDirectionToText_VariousAngles_ReturnsCorrectDirection(degrees: 22.5, expected: &quot;NNE&quot;)" computerName="pkrvm7jw40e0xgp" duration="00:00:00.0000070" startTime="2025-09-04T23:31:26.7199198+00:00" endTime="2025-09-04T23:31:26.7199199+00:00" testType="13cdc9d9-ddb5-4fa4-a97d-d965ccfc6d4b" outcome="Passed" testListId="8c84fa94-04c1-424b-9868-57a2d4851a1d" relativeResultsDirectory="308a2344-6ea4-4c4b-b7b7-6e027768f59e" />
    <UnitTestResult executionId="62421708-7627-4611-85cc-dbc850d9c6a3" testId="172a47eb-7de7-c6df-b8be-70c0be7e14f7" testName="BuckScience.Tests.Web.Helpers.WeatherHelpersTests.ConvertWindDirectionTextToNumeric_ValidDirections_ReturnsCorrectDegrees(direction: &quot;SSW&quot;, expected: 202.5)" computerName="pkrvm7jw40e0xgp" duration="00:00:00.0000090" startTime="2025-09-04T23:31:26.7278730+00:00" endTime="2025-09-04T23:31:26.7278731+00:00" testType="13cdc9d9-ddb5-4fa4-a97d-d965ccfc6d4b" outcome="Passed" testListId="8c84fa94-04c1-424b-9868-57a2d4851a1d" relativeResultsDirectory="62421708-7627-4611-85cc-dbc850d9c6a3" />
    <UnitTestResult executionId="dad4926d-df15-4bba-bbee-d997740a578e" testId="29048f6b-b73b-a720-ef94-9f27a4540f3c" testName="BuckScience.Tests.Web.Helpers.WeatherHelpersTests.ConvertMoonPhaseTextToNumeric_ValidText_ReturnsCorrectValue(text: &quot;New Moon&quot;, expected: 0)" computerName="pkrvm7jw40e0xgp" duration="00:00:00.0000076" startTime="2025-09-04T23:31:26.7299192+00:00" endTime="2025-09-04T23:31:26.7299193+00:00" testType="13cdc9d9-ddb5-4fa4-a97d-d965ccfc6d4b" outcome="Passed" testListId="8c84fa94-04c1-424b-9868-57a2d4851a1d" relativeResultsDirectory="dad4926d-df15-4bba-bbee-d997740a578e" />
  </Results>
  <TestDefinitions>
    <UnitTest name="BuckScience.Tests.Web.Helpers.WeatherHelpersTests.ConvertWindDirectionTextToNumeric_ValidDirections_ReturnsCorrectDegrees(direction: &quot;ENE&quot;, expected: 67.5)" storage="/home/runner/work/buckscienceapp/buckscienceapp/tests/buckscience.tests/bin/debug/net8.0/buckscience.tests.dll" id="226e9057-54c6-53d9-d48c-5a3aaedbb305">
      <Execution id="6c33cc6f-b20f-4224-9c34-d177a9ef9eb3" />
      <TestMethod codeBase="/home/runner/work/BuckScienceApp/BuckScienceApp/tests/BuckScience.Tests/bin/Debug/net8.0/BuckScience.Tests.dll" adapterTypeName="executor://xunit/VsTestRunner2/netcoreapp" className="BuckScience.Tests.Web.Helpers.WeatherHelpersTests" name="ConvertWindDirectionTextToNumeric_ValidDirections_ReturnsCorrectDegrees" />
    </UnitTest>
    <UnitTest name="BuckScience.Tests.Web.Helpers.WeatherHelpersTests.ConvertWindDirectionTextToNumeric_ValidDirections_ReturnsCorrectDegrees(direction: &quot;S&quot;, expected: 180)" storage="/home/runner/work/buckscienceapp/buckscienceapp/tests/buckscience.tests/bin/debug/net8.0/buckscience.tests.dll" id="e294371f-24bd-e5af-41b0-5a6f22f8d71f">
      <Execution id="74e47138-b694-4526-9dd7-0a2da616f554" />
      <TestMethod codeBase="/home/runner/work/BuckScienceApp/BuckScienceApp/tests/BuckScience.Tests/bin/Debug/net8.0/BuckScience.Tests.dll" adapterTypeName="executor://xunit/VsTestRunner2/netcoreapp" className="BuckScience.Tests.Web.Helpers.WeatherHelpersTests" name="ConvertWindDirectionTextToNumeric_ValidDirections_ReturnsCorrectDegrees" />
    </UnitTest>
    <UnitTest name="BuckScience.Tests.DirectionHelperTests.ToFloat_ShouldReturnCorrectDegrees(direction: NE, expectedDegrees: 45)" storage="/home/runner/work/buckscienceapp/buckscienceapp/tests/buckscience.tests/bin/debug/net8.0/buckscience.tests.dll" id="4331c44f-f3ff-6fce-80db-d30dfc1b0433">
      <Execution id="858655e9-2117-40de-8cfb-509fefc2a553" />
      <TestMethod codeBase="/home/runner/work/BuckScienceApp/BuckScienceApp/tests/BuckScience.Tests/bin/Debug/net8.0/BuckScience.Tests.dll" adapterTypeName="executor://xunit/VsTestRunner2/netcoreapp" className="BuckScience.Tests.DirectionHelperTests" name="ToFloat_ShouldReturnCorrectDegrees" />
    </UnitTest>
    <UnitTest name="BuckScience.Tests.PhotoFilteringIntegrationTests.BuildFilters_WithConditions_ReturnsFiltersWithConditions" storage="/home/runner/work/buckscienceapp/buckscienceapp/tests/buckscience.tests/bin/debug/net8.0/buckscience.tests.dll" id="407fdbb6-f29a-a8a2-0277-cd698b7b57a7">
      <Execution id="642de2ab-b741-45c1-a396-5b1400067179" />
      <TestMethod codeBase="/home/runner/work/BuckScienceApp/BuckScienceApp/tests/BuckScience.Tests/bin/Debug/net8.0/BuckScience.Tests.dll" adapterTypeName="executor://xunit/VsTestRunner2/netcoreapp" className="BuckScience.Tests.PhotoFilteringIntegrationTests" name="BuildFilters_WithConditions_ReturnsFiltersWithConditions" />
    </UnitTest>
    <UnitTest name="BuckScience.Tests.DirectionHelperTests.FromFloat_ShouldFindClosestDirection(degrees: 360, expectedDirection: N)" storage="/home/runner/work/buckscienceapp/buckscienceapp/tests/buckscience.tests/bin/debug/net8.0/buckscience.tests.dll" id="10354eb4-4c14-dba7-068b-24dcfb475d53">
      <Execution id="97e609c7-f83c-40b2-a94f-e91113838654" />
      <TestMethod codeBase="/home/runner/work/BuckScienceApp/BuckScienceApp/tests/BuckScience.Tests/bin/Debug/net8.0/BuckScience.Tests.dll" adapterTypeName="executor://xunit/VsTestRunner2/netcoreapp" className="BuckScience.Tests.DirectionHelperTests" name="FromFloat_ShouldFindClosestDirection" />
    </UnitTest>
    <UnitTest name="BuckScience.Tests.CameraEditVmTests.CameraEditVm_SyncDirectionFromSelection_ShouldUpdateDirectionDegrees" storage="/home/runner/work/buckscienceapp/buckscienceapp/tests/buckscience.tests/bin/debug/net8.0/buckscience.tests.dll" id="e5846600-5bfc-193d-66eb-f1933de5487e">
      <Execution id="e16cb5e8-bffe-40d6-bbe9-6524250322c0" />
      <TestMethod codeBase="/home/runner/work/BuckScienceApp/BuckScienceApp/tests/BuckScience.Tests/bin/Debug/net8.0/BuckScience.Tests.dll" adapterTypeName="executor://xunit/VsTestRunner2/netcoreapp" className="BuckScience.Tests.CameraEditVmTests" name="CameraEditVm_SyncDirectionFromSelection_ShouldUpdateDirectionDegrees" />
    </UnitTest>
    <UnitTest name="BuckScience.Tests.PhotoFilteringIntegrationTests.BuildFilters_WithTemperatureRange_ReturnsFiltersWithTemperature" storage="/home/runner/work/buckscienceapp/buckscienceapp/tests/buckscience.tests/bin/debug/net8.0/buckscience.tests.dll" id="a1855258-2f38-7695-fb75-dcfca8f4ee44">
      <Execution id="77770396-a593-4d37-bbe5-6ad6cad7e6ab" />
      <TestMethod codeBase="/home/runner/work/BuckScienceApp/BuckScienceApp/tests/BuckScience.Tests/bin/Debug/net8.0/BuckScience.Tests.dll" adapterTypeName="executor://xunit/VsTestRunner2/netcoreapp" className="BuckScience.Tests.PhotoFilteringIntegrationTests" name="BuildFilters_WithTemperatureRange_ReturnsFiltersWithTemperature" />
    </UnitTest>
    <UnitTest name="BuckScience.Tests.Web.Helpers.WeatherHelpersTests.ConvertWindDirectionToText_VariousAngles_ReturnsCorrectDirection(degrees: 180, expected: &quot;S&quot;)" storage="/home/runner/work/buckscienceapp/buckscienceapp/tests/buckscience.tests/bin/debug/net8.0/buckscience.tests.dll" id="4018bd47-d5cd-e85a-b6de-7760e129dafa">
      <Execution id="f019b3d9-e140-418d-9fd0-6820e483b95f" />
      <TestMethod codeBase="/home/runner/work/BuckScienceApp/BuckScienceApp/tests/BuckScience.Tests/bin/Debug/net8.0/BuckScience.Tests.dll" adapterTypeName="executor://xunit/VsTestRunner2/netcoreapp" className="BuckScience.Tests.Web.Helpers.WeatherHelpersTests" name="ConvertWindDirectionToText_VariousAngles_ReturnsCorrectDirection" />
    </UnitTest>
    <UnitTest name="BuckScience.Tests.TagCleanupTests.RemoveTagFromPhotos_ShouldCleanupPropertyTag_WhenNoOtherPhotosOnPropertyUseTag" storage="/home/runner/work/buckscienceapp/buckscienceapp/tests/buckscience.tests/bin/debug/net8.0/buckscience.tests.dll" id="d10743fd-41b6-9a87-757a-05484dce75fb">
      <Execution id="5f9d3e26-7387-4557-b7ea-67ca1a797042" />
      <TestMethod codeBase="/home/runner/work/BuckScienceApp/BuckScienceApp/tests/BuckScience.Tests/bin/Debug/net8.0/BuckScience.Tests.dll" adapterTypeName="executor://xunit/VsTestRunner2/netcoreapp" className="BuckScience.Tests.TagCleanupTests" name="RemoveTagFromPhotos_ShouldCleanupPropertyTag_WhenNoOtherPhotosOnPropertyUseTag" />
    </UnitTest>
    <UnitTest name="BuckScience.Tests.DirectionHelperTests.ToFloat_ShouldReturnCorrectDegrees(direction: S, expectedDegrees: 180)" storage="/home/runner/work/buckscienceapp/buckscienceapp/tests/buckscience.tests/bin/debug/net8.0/buckscience.tests.dll" id="87e55bdd-4276-ed24-3a0c-df1323a9e2c9">
      <Execution id="3212b858-7300-4b25-89dc-c1b20d796769" />
      <TestMethod codeBase="/home/runner/work/BuckScienceApp/BuckScienceApp/tests/BuckScience.Tests/bin/Debug/net8.0/BuckScience.Tests.dll" adapterTypeName="executor://xunit/VsTestRunner2/netcoreapp" className="BuckScience.Tests.DirectionHelperTests" name="ToFloat_ShouldReturnCorrectDegrees" />
    </UnitTest>
    <UnitTest name="BuckScience.Tests.Web.Helpers.WeatherHelpersTests.ConvertWindDirectionToText_VariousAngles_ReturnsCorrectDirection(degrees: 225, expected: &quot;SW&quot;)" storage="/home/runner/work/buckscienceapp/buckscienceapp/tests/buckscience.tests/bin/debug/net8.0/buckscience.tests.dll" id="5184c208-ba66-a1eb-00ca-490830c3b61a">
      <Execution id="ec5fa460-e775-4561-a195-8e1a347a1d8d" />
      <TestMethod codeBase="/home/runner/work/BuckScienceApp/BuckScienceApp/tests/BuckScience.Tests/bin/Debug/net8.0/BuckScience.Tests.dll" adapterTypeName="executor://xunit/VsTestRunner2/netcoreapp" className="BuckScience.Tests.Web.Helpers.WeatherHelpersTests" name="ConvertWindDirectionToText_VariousAngles_ReturnsCorrectDirection" />
    </UnitTest>
    <UnitTest name="BuckScience.Tests.Web.Helpers.WeatherHelpersTests.ConvertWindDirectionTextToNumeric_ValidDirections_ReturnsCorrectDegrees(direction: &quot;SW&quot;, expected: 225)" storage="/home/runner/work/buckscienceapp/buckscienceapp/tests/buckscience.tests/bin/debug/net8.0/buckscience.tests.dll" id="c005721b-05db-8d7a-5eea-e90626721b80">
      <Execution id="4e8955d7-63a0-42ba-b9b4-c95fcdf1b27d" />
      <TestMethod codeBase="/home/runner/work/BuckScienceApp/BuckScienceApp/tests/BuckScience.Tests/bin/Debug/net8.0/BuckScience.Tests.dll" adapterTypeName="executor://xunit/VsTestRunner2/netcoreapp" className="BuckScience.Tests.Web.Helpers.WeatherHelpersTests" name="ConvertWindDirectionTextToNumeric_ValidDirections_ReturnsCorrectDegrees" />
    </UnitTest>
    <UnitTest name="BuckScience.Tests.Web.Helpers.WeatherHelpersTests.ConvertWindDirectionToText_VariousAngles_ReturnsCorrectDirection(degrees: 270, expected: &quot;W&quot;)" storage="/home/runner/work/buckscienceapp/buckscienceapp/tests/buckscience.tests/bin/debug/net8.0/buckscience.tests.dll" id="2eacfbf3-667b-5a8e-52a0-d9d512e960c7">
      <Execution id="8888ed3e-1a64-44dd-9b96-f0ca359cc0fc" />
      <TestMethod codeBase="/home/runner/work/BuckScienceApp/BuckScienceApp/tests/BuckScience.Tests/bin/Debug/net8.0/BuckScience.Tests.dll" adapterTypeName="executor://xunit/VsTestRunner2/netcoreapp" className="BuckScience.Tests.Web.Helpers.WeatherHelpersTests" name="ConvertWindDirectionToText_VariousAngles_ReturnsCorrectDirection" />
    </UnitTest>
    <UnitTest name="BuckScience.Tests.Web.Helpers.WeatherHelpersTests.ConvertMoonPhaseTextToNumeric_ValidText_ReturnsCorrectValue(text: &quot;Waning Crescent&quot;, expected: 0.875)" storage="/home/runner/work/buckscienceapp/buckscienceapp/tests/buckscience.tests/bin/debug/net8.0/buckscience.tests.dll" id="dfe6a45f-34c2-c767-91dd-1f8de6538cc0">
      <Execution id="427b1304-27cd-45e4-9d5e-1d8f7d1f4f4a" />
      <TestMethod codeBase="/home/runner/work/BuckScienceApp/BuckScienceApp/tests/BuckScience.Tests/bin/Debug/net8.0/BuckScience.Tests.dll" adapterTypeName="executor://xunit/VsTestRunner2/netcoreapp" className="BuckScience.Tests.Web.Helpers.WeatherHelpersTests" name="ConvertMoonPhaseTextToNumeric_ValidText_ReturnsCorrectValue" />
    </UnitTest>
    <UnitTest name="BuckScience.Tests.TaggingSystemTests.GetOrCreateTag_ShouldReturnExistingTag_WhenTagExists" storage="/home/runner/work/buckscienceapp/buckscienceapp/tests/buckscience.tests/bin/debug/net8.0/buckscience.tests.dll" id="f4c9aa46-811a-389b-d744-72a428dee7d2">
      <Execution id="9d749297-106b-456d-ad88-7ea1863b629a" />
      <TestMethod codeBase="/home/runner/work/BuckScienceApp/BuckScienceApp/tests/BuckScience.Tests/bin/Debug/net8.0/BuckScience.Tests.dll" adapterTypeName="executor://xunit/VsTestRunner2/netcoreapp" className="BuckScience.Tests.TaggingSystemTests" name="GetOrCreateTag_ShouldReturnExistingTag_WhenTagExists" />
    </UnitTest>
    <UnitTest name="BuckScience.Tests.Web.Helpers.WeatherHelpersTests.ConvertWindDirectionToText_VariousAngles_ReturnsCorrectDirection(degrees: 315, expected: &quot;NW&quot;)" storage="/home/runner/work/buckscienceapp/buckscienceapp/tests/buckscience.tests/bin/debug/net8.0/buckscience.tests.dll" id="310112f5-4d07-717c-55f6-37a269d700ab">
      <Execution id="c8ad2dec-e8b3-42f3-8efe-a803830b560a" />
      <TestMethod codeBase="/home/runner/work/BuckScienceApp/BuckScienceApp/tests/BuckScience.Tests/bin/Debug/net8.0/BuckScience.Tests.dll" adapterTypeName="executor://xunit/VsTestRunner2/netcoreapp" className="BuckScience.Tests.Web.Helpers.WeatherHelpersTests" name="ConvertWindDirectionToText_VariousAngles_ReturnsCorrectDirection" />
    </UnitTest>
    <UnitTest name="BuckScience.Tests.CameraDetailsVmTests.CameraDetailsVm_ShouldHaveAllRequiredProperties" storage="/home/runner/work/buckscienceapp/buckscienceapp/tests/buckscience.tests/bin/debug/net8.0/buckscience.tests.dll" id="22960b58-9cb3-5bbf-01a8-8b59f0364e15">
      <Execution id="450b4f6b-252c-45e4-9885-e9c36ee75c19" />
      <TestMethod codeBase="/home/runner/work/BuckScienceApp/BuckScienceApp/tests/BuckScience.Tests/bin/Debug/net8.0/BuckScience.Tests.dll" adapterTypeName="executor://xunit/VsTestRunner2/netcoreapp" className="BuckScience.Tests.CameraDetailsVmTests" name="CameraDetailsVm_ShouldHaveAllRequiredProperties" />
    </UnitTest>
    <UnitTest name="BuckScience.Tests.FeatureHelperTests.GetCategory_ShouldReturnCorrectCategoryForWaterResources" storage="/home/runner/work/buckscienceapp/buckscienceapp/tests/buckscience.tests/bin/debug/net8.0/buckscience.tests.dll" id="fb1e59a0-19c5-d0be-0d94-4bf533d92746">
      <Execution id="47b05afa-4bfc-4d09-b15b-ca484ae6324e" />
      <TestMethod codeBase="/home/runner/work/BuckScienceApp/BuckScienceApp/tests/BuckScience.Tests/bin/Debug/net8.0/BuckScience.Tests.dll" adapterTypeName="executor://xunit/VsTestRunner2/netcoreapp" className="BuckScience.Tests.FeatureHelperTests" name="GetCategory_ShouldReturnCorrectCategoryForWaterResources" />
    </UnitTest>
    <UnitTest name="BuckScience.Tests.Web.Helpers.WeatherHelpersTests.ConvertWindDirectionTextToNumeric_ValidDirections_ReturnsCorrectDegrees(direction: &quot;WNW&quot;, expected: 292.5)" storage="/home/runner/work/buckscienceapp/buckscienceapp/tests/buckscience.tests/bin/debug/net8.0/buckscience.tests.dll" id="fa35896d-315e-329a-8dc3-bb5ba3189b52">
      <Execution id="2588aabe-676e-4776-b7c1-160b11ddbcd5" />
      <TestMethod codeBase="/home/runner/work/BuckScienceApp/BuckScienceApp/tests/BuckScience.Tests/bin/Debug/net8.0/BuckScience.Tests.dll" adapterTypeName="executor://xunit/VsTestRunner2/netcoreapp" className="BuckScience.Tests.Web.Helpers.WeatherHelpersTests" name="ConvertWindDirectionTextToNumeric_ValidDirections_ReturnsCorrectDegrees" />
    </UnitTest>
    <UnitTest name="BuckScience.Tests.TaggingSystemTests.GetOrCreateTag_ShouldThrowException_WhenTagNameIsInvalid(invalidTagName: &quot;&quot;)" storage="/home/runner/work/buckscienceapp/buckscienceapp/tests/buckscience.tests/bin/debug/net8.0/buckscience.tests.dll" id="f2a53262-1031-8641-ce23-2061a5c39410">
      <Execution id="b80870be-73ba-4c03-8261-ed2d0ddfc65e" />
      <TestMethod codeBase="/home/runner/work/BuckScienceApp/BuckScienceApp/tests/BuckScience.Tests/bin/Debug/net8.0/BuckScience.Tests.dll" adapterTypeName="executor://xunit/VsTestRunner2/netcoreapp" className="BuckScience.Tests.TaggingSystemTests" name="GetOrCreateTag_ShouldThrowException_WhenTagNameIsInvalid" />
    </UnitTest>
    <UnitTest name="BuckScience.Tests.DirectionHelperTests.ToFloat_ShouldReturnCorrectDegrees(direction: SE, expectedDegrees: 135)" storage="/home/runner/work/buckscienceapp/buckscienceapp/tests/buckscience.tests/bin/debug/net8.0/buckscience.tests.dll" id="2505d350-e44a-f204-9fd8-58dd92f22763">
      <Execution id="40d84ddb-9e8b-4821-b7d0-54f209dea8c0" />
      <TestMethod codeBase="/home/runner/work/BuckScienceApp/BuckScienceApp/tests/BuckScience.Tests/bin/Debug/net8.0/BuckScience.Tests.dll" adapterTypeName="executor://xunit/VsTestRunner2/netcoreapp" className="BuckScience.Tests.DirectionHelperTests" name="ToFloat_ShouldReturnCorrectDegrees" />
    </UnitTest>
    <UnitTest name="BuckScience.Tests.Web.Helpers.WeatherHelpersTests.GetWindDirectionOptions_WithAvailableDirections_SetsAvailability" storage="/home/runner/work/buckscienceapp/buckscienceapp/tests/buckscience.tests/bin/debug/net8.0/buckscience.tests.dll" id="90576d28-8c3e-aa47-8e92-100b02ac5a05">
      <Execution id="20075427-80bb-4292-b696-af608825b049" />
      <TestMethod codeBase="/home/runner/work/BuckScienceApp/BuckScienceApp/tests/BuckScience.Tests/bin/Debug/net8.0/BuckScience.Tests.dll" adapterTypeName="executor://xunit/VsTestRunner2/netcoreapp" className="BuckScience.Tests.Web.Helpers.WeatherHelpersTests" name="GetWindDirectionOptions_WithAvailableDirections_SetsAvailability" />
    </UnitTest>
    <UnitTest name="BuckScience.Tests.DirectionHelperTests.GetAllDirections_ShouldReturnAllDirectionsWithCorrectData" storage="/home/runner/work/buckscienceapp/buckscienceapp/tests/buckscience.tests/bin/debug/net8.0/buckscience.tests.dll" id="8bb24e9f-b033-fdc0-7830-bccb21534250">
      <Execution id="4be6d267-e647-4cdd-bda9-be6b5842716f" />
      <TestMethod codeBase="/home/runner/work/BuckScienceApp/BuckScienceApp/tests/BuckScience.Tests/bin/Debug/net8.0/BuckScience.Tests.dll" adapterTypeName="executor://xunit/VsTestRunner2/netcoreapp" className="BuckScience.Tests.DirectionHelperTests" name="GetAllDirections_ShouldReturnAllDirectionsWithCorrectData" />
    </UnitTest>
    <UnitTest name="BuckScience.Tests.Web.Helpers.WeatherHelpersTests.ConvertWindDirectionTextToNumeric_ValidDirections_ReturnsCorrectDegrees(direction: &quot;NNW&quot;, expected: 337.5)" storage="/home/runner/work/buckscienceapp/buckscienceapp/tests/buckscience.tests/bin/debug/net8.0/buckscience.tests.dll" id="d3a4b1bb-6aeb-d30b-4b3c-0f1cdc5eac6e">
      <Execution id="d00fa9fb-8dc9-4ba9-83a4-173e5c6ed9d4" />
      <TestMethod codeBase="/home/runner/work/BuckScienceApp/BuckScienceApp/tests/BuckScience.Tests/bin/Debug/net8.0/BuckScience.Tests.dll" adapterTypeName="executor://xunit/VsTestRunner2/netcoreapp" className="BuckScience.Tests.Web.Helpers.WeatherHelpersTests" name="ConvertWindDirectionTextToNumeric_ValidDirections_ReturnsCorrectDegrees" />
    </UnitTest>
    <UnitTest name="BuckScience.Tests.WeatherBatchProcessingTests.WeatherService_ShouldRoundCoordinatesConsistently" storage="/home/runner/work/buckscienceapp/buckscienceapp/tests/buckscience.tests/bin/debug/net8.0/buckscience.tests.dll" id="b1f41500-5f15-b967-f0a8-55e935ea7819">
      <Execution id="60d2c6df-38a1-4d7c-b771-a9f45f153601" />
      <TestMethod codeBase="/home/runner/work/BuckScienceApp/BuckScienceApp/tests/BuckScience.Tests/bin/Debug/net8.0/BuckScience.Tests.dll" adapterTypeName="executor://xunit/VsTestRunner2/netcoreapp" className="BuckScience.Tests.WeatherBatchProcessingTests" name="WeatherService_ShouldRoundCoordinatesConsistently" />
    </UnitTest>
    <UnitTest name="BuckScience.Tests.Application.Profiles.ProfileCrudTests.GetProfile_ValidId_ReturnsProfile" storage="/home/runner/work/buckscienceapp/buckscienceapp/tests/buckscience.tests/bin/debug/net8.0/buckscience.tests.dll" id="19df813d-aa7e-5539-ce76-ba8a68683016">
      <Execution id="5ea4935d-0c58-4466-9439-d4e3ef9c9f44" />
      <TestMethod codeBase="/home/runner/work/BuckScienceApp/BuckScienceApp/tests/BuckScience.Tests/bin/Debug/net8.0/BuckScience.Tests.dll" adapterTypeName="executor://xunit/VsTestRunner2/netcoreapp" className="BuckScience.Tests.Application.Profiles.ProfileCrudTests" name="GetProfile_ValidId_ReturnsProfile" />
    </UnitTest>
    <UnitTest name="BuckScience.Tests.Web.Helpers.WeatherHelpersTests.ConvertWindDirectionToText_VariousAngles_ReturnsCorrectDirection(degrees: 67.5, expected: &quot;ENE&quot;)" storage="/home/runner/work/buckscienceapp/buckscienceapp/tests/buckscience.tests/bin/debug/net8.0/buckscience.tests.dll" id="3f5baae7-b2ef-0a09-bc51-f8b04a3acced">
      <Execution id="af8ff8f7-3e3e-4d7e-840b-8be1c7ed80cc" />
      <TestMethod codeBase="/home/runner/work/BuckScienceApp/BuckScienceApp/tests/BuckScience.Tests/bin/Debug/net8.0/BuckScience.Tests.dll" adapterTypeName="executor://xunit/VsTestRunner2/netcoreapp" className="BuckScience.Tests.Web.Helpers.WeatherHelpersTests" name="ConvertWindDirectionToText_VariousAngles_ReturnsCorrectDirection" />
    </UnitTest>
    <UnitTest name="BuckScience.Tests.Web.Helpers.WeatherHelpersTests.WindDirectionOption_Properties_Work" storage="/home/runner/work/buckscienceapp/buckscienceapp/tests/buckscience.tests/bin/debug/net8.0/buckscience.tests.dll" id="6c5bb03b-3d70-308f-aed5-443e0f2530e1">
      <Execution id="cdaa06df-5697-41bc-8822-344f8b2bc09b" />
      <TestMethod codeBase="/home/runner/work/BuckScienceApp/BuckScienceApp/tests/BuckScience.Tests/bin/Debug/net8.0/BuckScience.Tests.dll" adapterTypeName="executor://xunit/VsTestRunner2/netcoreapp" className="BuckScience.Tests.Web.Helpers.WeatherHelpersTests" name="WindDirectionOption_Properties_Work" />
    </UnitTest>
    <UnitTest name="BuckScience.Tests.PhotoGroupingTests.PhotoGrouping_ShouldGroupByMonthYear_Ascending" storage="/home/runner/work/buckscienceapp/buckscienceapp/tests/buckscience.tests/bin/debug/net8.0/buckscience.tests.dll" id="188163b5-3a99-e726-205c-6b6fc846baac">
      <Execution id="b5f721b2-ae3a-4733-8ed2-d26b6a26130a" />
      <TestMethod codeBase="/home/runner/work/BuckScienceApp/BuckScienceApp/tests/BuckScience.Tests/bin/Debug/net8.0/BuckScience.Tests.dll" adapterTypeName="executor://xunit/VsTestRunner2/netcoreapp" className="BuckScience.Tests.PhotoGroupingTests" name="PhotoGrouping_ShouldGroupByMonthYear_Ascending" />
    </UnitTest>
    <UnitTest name="BuckScience.Tests.CameraEditVmTests.CameraEditVm_SyncSelectionFromDirection_ShouldUpdateDirectionSelection" storage="/home/runner/work/buckscienceapp/buckscienceapp/tests/buckscience.tests/bin/debug/net8.0/buckscience.tests.dll" id="d40d14e6-e55e-a2ee-7c2d-3f2b4d1650c4">
      <Execution id="7223c507-d75b-43c3-9f0d-20c0fe66e46e" />
      <TestMethod codeBase="/home/runner/work/BuckScienceApp/BuckScienceApp/tests/BuckScience.Tests/bin/Debug/net8.0/BuckScience.Tests.dll" adapterTypeName="executor://xunit/VsTestRunner2/netcoreapp" className="BuckScience.Tests.CameraEditVmTests" name="CameraEditVm_SyncSelectionFromDirection_ShouldUpdateDirectionSelection" />
    </UnitTest>
    <UnitTest name="BuckScience.Tests.PhotoGroupingTests.CameraPhotoGrouping_ShouldGroupByMonthYear_Ascending" storage="/home/runner/work/buckscienceapp/buckscienceapp/tests/buckscience.tests/bin/debug/net8.0/buckscience.tests.dll" id="35d57337-18a5-4629-635a-b25a895ec8a2">
      <Execution id="f2a87c45-271d-420b-8c9d-1cfeaef52b02" />
      <TestMethod codeBase="/home/runner/work/BuckScienceApp/BuckScienceApp/tests/BuckScience.Tests/bin/Debug/net8.0/BuckScience.Tests.dll" adapterTypeName="executor://xunit/VsTestRunner2/netcoreapp" className="BuckScience.Tests.PhotoGroupingTests" name="CameraPhotoGrouping_ShouldGroupByMonthYear_Ascending" />
    </UnitTest>
    <UnitTest name="BuckScience.Tests.TaggingSystemTests.SetAsDefaultTag_ShouldSetTagAsDefault" storage="/home/runner/work/buckscienceapp/buckscienceapp/tests/buckscience.tests/bin/debug/net8.0/buckscience.tests.dll" id="5fc7d131-6de1-7ffe-375b-8ea28a5dbcb8">
      <Execution id="9a8c4024-8514-471c-8536-ece76b342725" />
      <TestMethod codeBase="/home/runner/work/BuckScienceApp/BuckScienceApp/tests/BuckScience.Tests/bin/Debug/net8.0/BuckScience.Tests.dll" adapterTypeName="executor://xunit/VsTestRunner2/netcoreapp" className="BuckScience.Tests.TaggingSystemTests" name="SetAsDefaultTag_ShouldSetTagAsDefault" />
    </UnitTest>
    <UnitTest name="BuckScience.Tests.WeatherServiceTests.RoundCoordinates_ShouldRoundTo1DecimalPlace" storage="/home/runner/work/buckscienceapp/buckscienceapp/tests/buckscience.tests/bin/debug/net8.0/buckscience.tests.dll" id="dab68c95-06ed-1b25-9b7e-b55b2972fccc">
      <Execution id="22141675-94c1-468b-b7a6-240b9ec864c3" />
      <TestMethod codeBase="/home/runner/work/BuckScienceApp/BuckScienceApp/tests/BuckScience.Tests/bin/Debug/net8.0/BuckScience.Tests.dll" adapterTypeName="executor://xunit/VsTestRunner2/netcoreapp" className="BuckScience.Tests.WeatherServiceTests" name="RoundCoordinates_ShouldRoundTo1DecimalPlace" />
    </UnitTest>
    <UnitTest name="BuckScience.Tests.Web.Helpers.WeatherHelpersTests.ConvertMoonPhaseToText_VariousValues_ReturnsCorrectText(phase: 0.98999999999999999, expected: &quot;New Moon&quot;)" storage="/home/runner/work/buckscienceapp/buckscienceapp/tests/buckscience.tests/bin/debug/net8.0/buckscience.tests.dll" id="46016c60-0720-f808-02e7-68fa8d4036c4">
      <Execution id="ee79f914-c205-42e0-9982-41f089c39ec0" />
      <TestMethod codeBase="/home/runner/work/BuckScienceApp/BuckScienceApp/tests/BuckScience.Tests/bin/Debug/net8.0/BuckScience.Tests.dll" adapterTypeName="executor://xunit/VsTestRunner2/netcoreapp" className="BuckScience.Tests.Web.Helpers.WeatherHelpersTests" name="ConvertMoonPhaseToText_VariousValues_ReturnsCorrectText" />
    </UnitTest>
    <UnitTest name="BuckScience.Tests.CameraCreateVmTests.CameraCreateVm_DirectionSync_ShouldWorkForAllDirections(direction: SW, expectedDegrees: 225)" storage="/home/runner/work/buckscienceapp/buckscienceapp/tests/buckscience.tests/bin/debug/net8.0/buckscience.tests.dll" id="386e0330-7309-7b37-24f5-0984d80d3723">
      <Execution id="9cbb7509-5d01-4785-93a0-3f882c459201" />
      <TestMethod codeBase="/home/runner/work/BuckScienceApp/BuckScienceApp/tests/BuckScience.Tests/bin/Debug/net8.0/BuckScience.Tests.dll" adapterTypeName="executor://xunit/VsTestRunner2/netcoreapp" className="BuckScience.Tests.CameraCreateVmTests" name="CameraCreateVm_DirectionSync_ShouldWorkForAllDirections" />
    </UnitTest>
    <UnitTest name="BuckScience.Tests.TaggingIntegrationTests.EndToEndTaggingWorkflow_ShouldWorkCorrectly" storage="/home/runner/work/buckscienceapp/buckscienceapp/tests/buckscience.tests/bin/debug/net8.0/buckscience.tests.dll" id="46a7f553-bbcf-0c84-0101-71d2924c06c9">
      <Execution id="3ef02e81-3a5d-427e-ba11-cca8a0c10c06" />
      <TestMethod codeBase="/home/runner/work/BuckScienceApp/BuckScienceApp/tests/BuckScience.Tests/bin/Debug/net8.0/BuckScience.Tests.dll" adapterTypeName="executor://xunit/VsTestRunner2/netcoreapp" className="BuckScience.Tests.TaggingIntegrationTests" name="EndToEndTaggingWorkflow_ShouldWorkCorrectly" />
    </UnitTest>
    <UnitTest name="BuckScience.Tests.CameraPlacementHistoryTests.CameraEditVm_ShouldIncludeDirectionDegrees" storage="/home/runner/work/buckscienceapp/buckscienceapp/tests/buckscience.tests/bin/debug/net8.0/buckscience.tests.dll" id="42b838e4-a515-a0a8-9201-8a5607fcd950">
      <Execution id="8b02471e-86fc-48a6-9e80-c1ae9f878507" />
      <TestMethod codeBase="/home/runner/work/BuckScienceApp/BuckScienceApp/tests/BuckScience.Tests/bin/Debug/net8.0/BuckScience.Tests.dll" adapterTypeName="executor://xunit/VsTestRunner2/netcoreapp" className="BuckScience.Tests.CameraPlacementHistoryTests" name="CameraEditVm_ShouldIncludeDirectionDegrees" />
    </UnitTest>
    <UnitTest name="BuckScience.Tests.Web.Helpers.WeatherHelpersTests.ConvertWindDirectionToText_VariousAngles_ReturnsCorrectDirection(degrees: 361, expected: &quot;N&quot;)" storage="/home/runner/work/buckscienceapp/buckscienceapp/tests/buckscience.tests/bin/debug/net8.0/buckscience.tests.dll" id="d983931e-3379-4c6a-5c76-852ec2540d36">
      <Execution id="3f526007-594c-4383-be4c-8d66fab7bd03" />
      <TestMethod codeBase="/home/runner/work/BuckScienceApp/BuckScienceApp/tests/BuckScience.Tests/bin/Debug/net8.0/BuckScience.Tests.dll" adapterTypeName="executor://xunit/VsTestRunner2/netcoreapp" className="BuckScience.Tests.Web.Helpers.WeatherHelpersTests" name="ConvertWindDirectionToText_VariousAngles_ReturnsCorrectDirection" />
    </UnitTest>
    <UnitTest name="BuckScience.Tests.Web.Helpers.WeatherHelpersTests.ConvertMoonPhaseToText_VariousValues_ReturnsCorrectText(phase: 0.84999999999999998, expected: &quot;Waning Crescent&quot;)" storage="/home/runner/work/buckscienceapp/buckscienceapp/tests/buckscience.tests/bin/debug/net8.0/buckscience.tests.dll" id="22d4e883-d516-a3c1-91a6-c6ccca686050">
      <Execution id="341655f5-a43f-431b-b589-a891523dc7ea" />
      <TestMethod codeBase="/home/runner/work/BuckScienceApp/BuckScienceApp/tests/BuckScience.Tests/bin/Debug/net8.0/BuckScience.Tests.dll" adapterTypeName="executor://xunit/VsTestRunner2/netcoreapp" className="BuckScience.Tests.Web.Helpers.WeatherHelpersTests" name="ConvertMoonPhaseToText_VariousValues_ReturnsCorrectText" />
    </UnitTest>
    <UnitTest name="BuckScience.Tests.CameraCreateVmTests.CameraCreateVm_ShouldIncludePropertyCoordinates" storage="/home/runner/work/buckscienceapp/buckscienceapp/tests/buckscience.tests/bin/debug/net8.0/buckscience.tests.dll" id="65305c54-3e3e-31b1-f5dd-4a4bc66b7c08">
      <Execution id="acf03883-67a7-447c-bade-3c3c7ff5e77a" />
      <TestMethod codeBase="/home/runner/work/BuckScienceApp/BuckScienceApp/tests/BuckScience.Tests/bin/Debug/net8.0/BuckScience.Tests.dll" adapterTypeName="executor://xunit/VsTestRunner2/netcoreapp" className="BuckScience.Tests.CameraCreateVmTests" name="CameraCreateVm_ShouldIncludePropertyCoordinates" />
    </UnitTest>
    <UnitTest name="BuckScience.Tests.PhotoGroupingTests.CameraPhotoGrouping_ShouldGroupByMonthYear" storage="/home/runner/work/buckscienceapp/buckscienceapp/tests/buckscience.tests/bin/debug/net8.0/buckscience.tests.dll" id="fa20158d-fb5e-8e7a-f1da-aa0a1eb9ba5a">
      <Execution id="b1af222a-2e2c-47d5-8174-2cba337556d1" />
      <TestMethod codeBase="/home/runner/work/BuckScienceApp/BuckScienceApp/tests/BuckScience.Tests/bin/Debug/net8.0/BuckScience.Tests.dll" adapterTypeName="executor://xunit/VsTestRunner2/netcoreapp" className="BuckScience.Tests.PhotoGroupingTests" name="CameraPhotoGrouping_ShouldGroupByMonthYear" />
    </UnitTest>
    <UnitTest name="BuckScience.Tests.FeatureHelperTests.GetFeatureName_ShouldReturnCorrectDisplayNames" storage="/home/runner/work/buckscienceapp/buckscienceapp/tests/buckscience.tests/bin/debug/net8.0/buckscience.tests.dll" id="d1c2a2fd-4568-2e97-946f-7480ea03bef1">
      <Execution id="ae8f24df-9143-4828-835c-06e5bb37279f" />
      <TestMethod codeBase="/home/runner/work/BuckScienceApp/BuckScienceApp/tests/BuckScience.Tests/bin/Debug/net8.0/BuckScience.Tests.dll" adapterTypeName="executor://xunit/VsTestRunner2/netcoreapp" className="BuckScience.Tests.FeatureHelperTests" name="GetFeatureName_ShouldReturnCorrectDisplayNames" />
    </UnitTest>
    <UnitTest name="BuckScience.Tests.Web.Helpers.WeatherHelpersTests.ConvertMoonPhaseTextToNumeric_InvalidText_ReturnsNull(text: &quot;Invalid Phase&quot;)" storage="/home/runner/work/buckscienceapp/buckscienceapp/tests/buckscience.tests/bin/debug/net8.0/buckscience.tests.dll" id="e531c44f-a81a-259c-843c-505a398d8b55">
      <Execution id="dc0ba81e-33d3-4fd3-802d-e0c2bc89c66b" />
      <TestMethod codeBase="/home/runner/work/BuckScienceApp/BuckScienceApp/tests/BuckScience.Tests/bin/Debug/net8.0/BuckScience.Tests.dll" adapterTypeName="executor://xunit/VsTestRunner2/netcoreapp" className="BuckScience.Tests.Web.Helpers.WeatherHelpersTests" name="ConvertMoonPhaseTextToNumeric_InvalidText_ReturnsNull" />
    </UnitTest>
    <UnitTest name="BuckScience.Tests.Web.Helpers.WeatherHelpersTests.ConvertWindDirectionTextToNumeric_InvalidText_ReturnsNull(direction: &quot;North&quot;)" storage="/home/runner/work/buckscienceapp/buckscienceapp/tests/buckscience.tests/bin/debug/net8.0/buckscience.tests.dll" id="94acb547-5f92-9634-547a-02395bd6053e">
      <Execution id="28bbac79-78a3-4240-87d5-69aa0ecf765b" />
      <TestMethod codeBase="/home/runner/work/BuckScienceApp/BuckScienceApp/tests/BuckScience.Tests/bin/Debug/net8.0/BuckScience.Tests.dll" adapterTypeName="executor://xunit/VsTestRunner2/netcoreapp" className="BuckScience.Tests.Web.Helpers.WeatherHelpersTests" name="ConvertWindDirectionTextToNumeric_InvalidText_ReturnsNull" />
    </UnitTest>
    <UnitTest name="BuckScience.Tests.Web.Helpers.WeatherHelpersTests.ConvertWindDirectionToText_VariousAngles_ReturnsCorrectDirection(degrees: 135, expected: &quot;SE&quot;)" storage="/home/runner/work/buckscienceapp/buckscienceapp/tests/buckscience.tests/bin/debug/net8.0/buckscience.tests.dll" id="7d4e8658-cb8d-0c66-3167-748289c2e3c6">
      <Execution id="d9d558f9-1f5d-4fec-a39f-c05ac6cfbc71" />
      <TestMethod codeBase="/home/runner/work/BuckScienceApp/BuckScienceApp/tests/BuckScience.Tests/bin/Debug/net8.0/BuckScience.Tests.dll" adapterTypeName="executor://xunit/VsTestRunner2/netcoreapp" className="BuckScience.Tests.Web.Helpers.WeatherHelpersTests" name="ConvertWindDirectionToText_VariousAngles_ReturnsCorrectDirection" />
    </UnitTest>
    <UnitTest name="BuckScience.Tests.Web.Helpers.WeatherHelpersTests.ConvertWindDirectionTextToNumeric_InvalidText_ReturnsNull(direction: &quot;   &quot;)" storage="/home/runner/work/buckscienceapp/buckscienceapp/tests/buckscience.tests/bin/debug/net8.0/buckscience.tests.dll" id="ec065801-9998-c7ce-5285-3fe14e38cdac">
      <Execution id="372097b9-7abb-4fe5-8acc-e9efee9fdcdc" />
      <TestMethod codeBase="/home/runner/work/BuckScienceApp/BuckScienceApp/tests/BuckScience.Tests/bin/Debug/net8.0/BuckScience.Tests.dll" adapterTypeName="executor://xunit/VsTestRunner2/netcoreapp" className="BuckScience.Tests.Web.Helpers.WeatherHelpersTests" name="ConvertWindDirectionTextToNumeric_InvalidText_ReturnsNull" />
    </UnitTest>
    <UnitTest name="BuckScience.Tests.CameraPlacementHistoryTests.CameraPlacementHistory_EndPlacement_ShouldSetEndDateTime" storage="/home/runner/work/buckscienceapp/buckscienceapp/tests/buckscience.tests/bin/debug/net8.0/buckscience.tests.dll" id="ce7424f3-8800-2916-ce22-d9c4a6a2d917">
      <Execution id="75d58973-2f17-41db-a435-8f91448f8ca7" />
      <TestMethod codeBase="/home/runner/work/BuckScienceApp/BuckScienceApp/tests/BuckScience.Tests/bin/Debug/net8.0/BuckScience.Tests.dll" adapterTypeName="executor://xunit/VsTestRunner2/netcoreapp" className="BuckScience.Tests.CameraPlacementHistoryTests" name="CameraPlacementHistory_EndPlacement_ShouldSetEndDateTime" />
    </UnitTest>
    <UnitTest name="BuckScience.Tests.Web.Helpers.WeatherHelpersTests.ConvertWindDirectionToText_VariousAngles_ReturnsCorrectDirection(degrees: 348.74000000000001, expected: &quot;NNW&quot;)" storage="/home/runner/work/buckscienceapp/buckscienceapp/tests/buckscience.tests/bin/debug/net8.0/buckscience.tests.dll" id="9f164cb9-b0ee-2833-0b35-619b21bae903">
      <Execution id="4a061823-3ad0-4843-9fdd-84a33ebbdfa5" />
      <TestMethod codeBase="/home/runner/work/BuckScienceApp/BuckScienceApp/tests/BuckScience.Tests/bin/Debug/net8.0/BuckScience.Tests.dll" adapterTypeName="executor://xunit/VsTestRunner2/netcoreapp" className="BuckScience.Tests.Web.Helpers.WeatherHelpersTests" name="ConvertWindDirectionToText_VariousAngles_ReturnsCorrectDirection" />
    </UnitTest>
    <UnitTest name="BuckScience.Tests.CameraEditVmTests.CameraEditVm_DefaultValues_ShouldBeCorrect" storage="/home/runner/work/buckscienceapp/buckscienceapp/tests/buckscience.tests/bin/debug/net8.0/buckscience.tests.dll" id="eb717265-8ce6-9ca5-299a-76e8f4608ecc">
      <Execution id="881d1ea2-3260-48d7-b26a-8e04e5c4f2d8" />
      <TestMethod codeBase="/home/runner/work/BuckScienceApp/BuckScienceApp/tests/BuckScience.Tests/bin/Debug/net8.0/BuckScience.Tests.dll" adapterTypeName="executor://xunit/VsTestRunner2/netcoreapp" className="BuckScience.Tests.CameraEditVmTests" name="CameraEditVm_DefaultValues_ShouldBeCorrect" />
    </UnitTest>
    <UnitTest name="BuckScience.Tests.PhotoFilteringComprehensiveTests.CameraOption_PropertiesWork" storage="/home/runner/work/buckscienceapp/buckscienceapp/tests/buckscience.tests/bin/debug/net8.0/buckscience.tests.dll" id="17d2bd4a-a575-7ccc-1676-102dfc4795d6">
      <Execution id="6c520175-91c8-4134-8550-7c527359be75" />
      <TestMethod codeBase="/home/runner/work/BuckScienceApp/BuckScienceApp/tests/BuckScience.Tests/bin/Debug/net8.0/BuckScience.Tests.dll" adapterTypeName="executor://xunit/VsTestRunner2/netcoreapp" className="BuckScience.Tests.PhotoFilteringComprehensiveTests" name="CameraOption_PropertiesWork" />
    </UnitTest>
    <UnitTest name="BuckScience.Tests.Web.Helpers.WeatherHelpersTests.ConvertMoonPhaseTextToNumeric_ValidText_ReturnsCorrectValue(text: &quot;Waning Gibbous&quot;, expected: 0.625)" storage="/home/runner/work/buckscienceapp/buckscienceapp/tests/buckscience.tests/bin/debug/net8.0/buckscience.tests.dll" id="fb8ea106-f542-3a06-bc35-d8f4e171c2a2">
      <Execution id="4946d098-cb01-4f44-94c2-cb6074d78b26" />
      <TestMethod codeBase="/home/runner/work/BuckScienceApp/BuckScienceApp/tests/BuckScience.Tests/bin/Debug/net8.0/BuckScience.Tests.dll" adapterTypeName="executor://xunit/VsTestRunner2/netcoreapp" className="BuckScience.Tests.Web.Helpers.WeatherHelpersTests" name="ConvertMoonPhaseTextToNumeric_ValidText_ReturnsCorrectValue" />
    </UnitTest>
    <UnitTest name="BuckScience.Tests.FeatureHelperTests.GetCategory_ShouldReturnOtherForOtherType" storage="/home/runner/work/buckscienceapp/buckscienceapp/tests/buckscience.tests/bin/debug/net8.0/buckscience.tests.dll" id="93232e33-f6c8-82c0-b755-94e963fff023">
      <Execution id="62bcef1e-b356-4c02-93b5-b0de6135390f" />
      <TestMethod codeBase="/home/runner/work/BuckScienceApp/BuckScienceApp/tests/BuckScience.Tests/bin/Debug/net8.0/BuckScience.Tests.dll" adapterTypeName="executor://xunit/VsTestRunner2/netcoreapp" className="BuckScience.Tests.FeatureHelperTests" name="GetCategory_ShouldReturnOtherForOtherType" />
    </UnitTest>
    <UnitTest name="BuckScience.Tests.Application.Profiles.ProfileCrudTests.DeleteProfile_ValidId_DeletesProfile" storage="/home/runner/work/buckscienceapp/buckscienceapp/tests/buckscience.tests/bin/debug/net8.0/buckscience.tests.dll" id="46eed830-2953-fcd5-c0a0-3903ea3c299a">
      <Execution id="769e56c6-706a-4b37-9696-ef856422ce47" />
      <TestMethod codeBase="/home/runner/work/BuckScienceApp/BuckScienceApp/tests/BuckScience.Tests/bin/Debug/net8.0/BuckScience.Tests.dll" adapterTypeName="executor://xunit/VsTestRunner2/netcoreapp" className="BuckScience.Tests.Application.Profiles.ProfileCrudTests" name="DeleteProfile_ValidId_DeletesProfile" />
    </UnitTest>
    <UnitTest name="BuckScience.Tests.TaggingRequirementsTests.Requirement1_DefaultTags_ShouldBePopulatedByMigration" storage="/home/runner/work/buckscienceapp/buckscienceapp/tests/buckscience.tests/bin/debug/net8.0/buckscience.tests.dll" id="61de09e0-94b0-9094-bdcf-74e56c5800ed">
      <Execution id="19f1a281-a623-412d-b3d8-6bbc5c6aa956" />
      <TestMethod codeBase="/home/runner/work/BuckScienceApp/BuckScienceApp/tests/BuckScience.Tests/bin/Debug/net8.0/BuckScience.Tests.dll" adapterTypeName="executor://xunit/VsTestRunner2/netcoreapp" className="BuckScience.Tests.TaggingRequirementsTests" name="Requirement1_DefaultTags_ShouldBePopulatedByMigration" />
    </UnitTest>
    <UnitTest name="BuckScience.Tests.PhotoFilteringUrlExamples.BuildFilters_ConditionsParameters_ShouldParseCorrectly(conditions: &quot;Rainy&quot;, expectedConditions: [&quot;Rainy&quot;])" storage="/home/runner/work/buckscienceapp/buckscienceapp/tests/buckscience.tests/bin/debug/net8.0/buckscience.tests.dll" id="7aa5e31a-c407-5fc0-2788-70d3aa03acd3">
      <Execution id="a55da6ae-e74e-4cd9-9990-fe6076ad6bbe" />
      <TestMethod codeBase="/home/runner/work/BuckScienceApp/BuckScienceApp/tests/BuckScience.Tests/bin/Debug/net8.0/BuckScience.Tests.dll" adapterTypeName="executor://xunit/VsTestRunner2/netcoreapp" className="BuckScience.Tests.PhotoFilteringUrlExamples" name="BuildFilters_ConditionsParameters_ShouldParseCorrectly" />
    </UnitTest>
    <UnitTest name="BuckScience.Tests.CameraCreateVmTests.CameraCreateVm_DirectionSync_ShouldWorkForAllDirections(direction: W, expectedDegrees: 270)" storage="/home/runner/work/buckscienceapp/buckscienceapp/tests/buckscience.tests/bin/debug/net8.0/buckscience.tests.dll" id="d781b83d-5216-d63d-acc7-8c5d47cd7ccf">
      <Execution id="00d01b93-eba0-4141-b596-0f14a49cef94" />
      <TestMethod codeBase="/home/runner/work/BuckScienceApp/BuckScienceApp/tests/BuckScience.Tests/bin/Debug/net8.0/BuckScience.Tests.dll" adapterTypeName="executor://xunit/VsTestRunner2/netcoreapp" className="BuckScience.Tests.CameraCreateVmTests" name="CameraCreateVm_DirectionSync_ShouldWorkForAllDirections" />
    </UnitTest>
    <UnitTest name="BuckScience.Tests.PhotoFilteringUrlExamples.PhotoFiltering_RealWorldScenario_TempAndCameraFilter" storage="/home/runner/work/buckscienceapp/buckscienceapp/tests/buckscience.tests/bin/debug/net8.0/buckscience.tests.dll" id="9cd7f192-bb9b-abd8-007d-2585a8ffb5e9">
      <Execution id="abecb23c-97e0-4d42-adc4-6651bd96c248" />
      <TestMethod codeBase="/home/runner/work/BuckScienceApp/BuckScienceApp/tests/BuckScience.Tests/bin/Debug/net8.0/BuckScience.Tests.dll" adapterTypeName="executor://xunit/VsTestRunner2/netcoreapp" className="BuckScience.Tests.PhotoFilteringUrlExamples" name="PhotoFiltering_RealWorldScenario_TempAndCameraFilter" />
    </UnitTest>
    <UnitTest name="BuckScience.Tests.Web.Helpers.WeatherHelpersTests.ConvertWindDirectionTextToNumeric_ValidDirections_ReturnsCorrectDegrees(direction: &quot;WSW&quot;, expected: 247.5)" storage="/home/runner/work/buckscienceapp/buckscienceapp/tests/buckscience.tests/bin/debug/net8.0/buckscience.tests.dll" id="117d72dd-b186-d8e9-ce14-8d711079c929">
      <Execution id="ca6e87b6-5420-4436-8b1d-b2e9b7ca831f" />
      <TestMethod codeBase="/home/runner/work/BuckScienceApp/BuckScienceApp/tests/BuckScience.Tests/bin/Debug/net8.0/BuckScience.Tests.dll" adapterTypeName="executor://xunit/VsTestRunner2/netcoreapp" className="BuckScience.Tests.Web.Helpers.WeatherHelpersTests" name="ConvertWindDirectionTextToNumeric_ValidDirections_ReturnsCorrectDegrees" />
    </UnitTest>
    <UnitTest name="BuckScience.Tests.Web.Helpers.WeatherHelpersTests.ConvertMoonPhaseTextToNumeric_InvalidText_ReturnsNull(text: &quot;   &quot;)" storage="/home/runner/work/buckscienceapp/buckscienceapp/tests/buckscience.tests/bin/debug/net8.0/buckscience.tests.dll" id="ec7cd5e3-a82c-cf66-66cc-45c1ba395a3e">
      <Execution id="9c84214a-81b9-4425-b72a-3ce116e8e3de" />
      <TestMethod codeBase="/home/runner/work/BuckScienceApp/BuckScienceApp/tests/BuckScience.Tests/bin/Debug/net8.0/BuckScience.Tests.dll" adapterTypeName="executor://xunit/VsTestRunner2/netcoreapp" className="BuckScience.Tests.Web.Helpers.WeatherHelpersTests" name="ConvertMoonPhaseTextToNumeric_InvalidText_ReturnsNull" />
    </UnitTest>
    <UnitTest name="BuckScience.Tests.Web.Helpers.WeatherHelpersTests.ConvertWindDirectionToText_VariousAngles_ReturnsCorrectDirection(degrees: 22.5, expected: &quot;NNE&quot;)" storage="/home/runner/work/buckscienceapp/buckscienceapp/tests/buckscience.tests/bin/debug/net8.0/buckscience.tests.dll" id="33aaf4d3-9999-0bc6-ded9-bd2870cebad9">
      <Execution id="308a2344-6ea4-4c4b-b7b7-6e027768f59e" />
      <TestMethod codeBase="/home/runner/work/BuckScienceApp/BuckScienceApp/tests/BuckScience.Tests/bin/Debug/net8.0/BuckScience.Tests.dll" adapterTypeName="executor://xunit/VsTestRunner2/netcoreapp" className="BuckScience.Tests.Web.Helpers.WeatherHelpersTests" name="ConvertWindDirectionToText_VariousAngles_ReturnsCorrectDirection" />
    </UnitTest>
    <UnitTest name="BuckScience.Tests.DirectionHelperTests.FromFloat_ShouldReturnCorrectDirection(degrees: 225, expectedDirection: SW)" storage="/home/runner/work/buckscienceapp/buckscienceapp/tests/buckscience.tests/bin/debug/net8.0/buckscience.tests.dll" id="88b5a428-7422-548a-ca90-5bd2a62420ae">
      <Execution id="c6a226b7-4af8-4fd0-804a-301e1e262ea7" />
      <TestMethod codeBase="/home/runner/work/BuckScienceApp/BuckScienceApp/tests/BuckScience.Tests/bin/Debug/net8.0/BuckScience.Tests.dll" adapterTypeName="executor://xunit/VsTestRunner2/netcoreapp" className="BuckScience.Tests.DirectionHelperTests" name="FromFloat_ShouldReturnCorrectDirection" />
    </UnitTest>
    <UnitTest name="BuckScience.Tests.TaggingIntegrationTests.TagUniqueness_ShouldBeEnforcedCorrectly" storage="/home/runner/work/buckscienceapp/buckscienceapp/tests/buckscience.tests/bin/debug/net8.0/buckscience.tests.dll" id="4e6de647-43c0-2d5e-ffcc-d884e859b7df">
      <Execution id="643f0a1b-2665-44fd-b64a-6fa9d27610f0" />
      <TestMethod codeBase="/home/runner/work/BuckScienceApp/BuckScienceApp/tests/BuckScience.Tests/bin/Debug/net8.0/BuckScience.Tests.dll" adapterTypeName="executor://xunit/VsTestRunner2/netcoreapp" className="BuckScience.Tests.TaggingIntegrationTests" name="TagUniqueness_ShouldBeEnforcedCorrectly" />
    </UnitTest>
    <UnitTest name="BuckScience.Tests.Web.Helpers.WeatherHelpersTests.ConvertMoonPhaseToText_VariousValues_ReturnsCorrectText(phase: 0.40000000000000002, expected: &quot;Waxing Gibbous&quot;)" storage="/home/runner/work/buckscienceapp/buckscienceapp/tests/buckscience.tests/bin/debug/net8.0/buckscience.tests.dll" id="9f544328-b14d-2f96-b54b-781ab9cf51e8">
      <Execution id="f837e6a5-02b3-4ee8-a6bc-af8d4430582e" />
      <TestMethod codeBase="/home/runner/work/BuckScienceApp/BuckScienceApp/tests/BuckScience.Tests/bin/Debug/net8.0/BuckScience.Tests.dll" adapterTypeName="executor://xunit/VsTestRunner2/netcoreapp" className="BuckScience.Tests.Web.Helpers.WeatherHelpersTests" name="ConvertMoonPhaseToText_VariousValues_ReturnsCorrectText" />
    </UnitTest>
    <UnitTest name="BuckScience.Tests.Web.Helpers.WeatherHelpersTests.ConvertWindDirectionTextToNumeric_ValidDirections_ReturnsCorrectDegrees(direction: &quot;NE&quot;, expected: 45)" storage="/home/runner/work/buckscienceapp/buckscienceapp/tests/buckscience.tests/bin/debug/net8.0/buckscience.tests.dll" id="df8d3f6f-dec6-fe48-30b1-4504bb2aa651">
      <Execution id="010ed3a0-7cb7-4193-ba81-dd3ee199ddff" />
      <TestMethod codeBase="/home/runner/work/BuckScienceApp/BuckScienceApp/tests/BuckScience.Tests/bin/Debug/net8.0/BuckScience.Tests.dll" adapterTypeName="executor://xunit/VsTestRunner2/netcoreapp" className="BuckScience.Tests.Web.Helpers.WeatherHelpersTests" name="ConvertWindDirectionTextToNumeric_ValidDirections_ReturnsCorrectDegrees" />
    </UnitTest>
    <UnitTest name="BuckScience.Tests.Application.Profiles.ProfileCrudTests.UpdateProfile_ValidData_UpdatesProfile" storage="/home/runner/work/buckscienceapp/buckscienceapp/tests/buckscience.tests/bin/debug/net8.0/buckscience.tests.dll" id="23376aab-8018-81b3-8b3c-57bc8b0141ed">
      <Execution id="cbf2797e-4389-4424-8cd2-c5b846343364" />
      <TestMethod codeBase="/home/runner/work/BuckScienceApp/BuckScienceApp/tests/BuckScience.Tests/bin/Debug/net8.0/BuckScience.Tests.dll" adapterTypeName="executor://xunit/VsTestRunner2/netcoreapp" className="BuckScience.Tests.Application.Profiles.ProfileCrudTests" name="UpdateProfile_ValidData_UpdatesProfile" />
    </UnitTest>
    <UnitTest name="BuckScience.Tests.DirectionHelperTests.FromFloat_ShouldFindClosestDirection(degrees: 23, expectedDirection: NE)" storage="/home/runner/work/buckscienceapp/buckscienceapp/tests/buckscience.tests/bin/debug/net8.0/buckscience.tests.dll" id="e180b2c2-7fc8-0f15-5653-0156d254c8c9">
      <Execution id="a1172a41-971a-4e69-a5af-a688f6f73bd6" />
      <TestMethod codeBase="/home/runner/work/BuckScienceApp/BuckScienceApp/tests/BuckScience.Tests/bin/Debug/net8.0/BuckScience.Tests.dll" adapterTypeName="executor://xunit/VsTestRunner2/netcoreapp" className="BuckScience.Tests.DirectionHelperTests" name="FromFloat_ShouldFindClosestDirection" />
    </UnitTest>
    <UnitTest name="BuckScience.Tests.WeatherConfigurationTests.WeatherApiSettings_ShouldBindFromConfiguration" storage="/home/runner/work/buckscienceapp/buckscienceapp/tests/buckscience.tests/bin/debug/net8.0/buckscience.tests.dll" id="b1a32a5b-bec7-9c13-ecb5-d09eae519281">
      <Execution id="3f5a6f8e-990f-4952-9743-5d495b60c9ab" />
      <TestMethod codeBase="/home/runner/work/BuckScienceApp/BuckScienceApp/tests/BuckScience.Tests/bin/Debug/net8.0/BuckScience.Tests.dll" adapterTypeName="executor://xunit/VsTestRunner2/netcoreapp" className="BuckScience.Tests.WeatherConfigurationTests" name="WeatherApiSettings_ShouldBindFromConfiguration" />
    </UnitTest>
    <UnitTest name="BuckScience.Tests.Web.Helpers.WeatherHelpersTests.ConvertWindDirectionToText_VariousAngles_ReturnsCorrectDirection(degrees: 11.24, expected: &quot;N&quot;)" storage="/home/runner/work/buckscienceapp/buckscienceapp/tests/buckscience.tests/bin/debug/net8.0/buckscience.tests.dll" id="b8a41320-c868-9123-86b4-03e71d0ff6ef">
      <Execution id="544c8f66-4528-4ac3-bde5-bd19802bd83f" />
      <TestMethod codeBase="/home/runner/work/BuckScienceApp/BuckScienceApp/tests/BuckScience.Tests/bin/Debug/net8.0/BuckScience.Tests.dll" adapterTypeName="executor://xunit/VsTestRunner2/netcoreapp" className="BuckScience.Tests.Web.Helpers.WeatherHelpersTests" name="ConvertWindDirectionToText_VariousAngles_ReturnsCorrectDirection" />
    </UnitTest>
    <UnitTest name="BuckScience.Tests.Web.Helpers.WeatherHelpersTests.ConvertMoonPhaseToText_VariousValues_ReturnsCorrectText(phase: 1, expected: &quot;New Moon&quot;)" storage="/home/runner/work/buckscienceapp/buckscienceapp/tests/buckscience.tests/bin/debug/net8.0/buckscience.tests.dll" id="c5847a99-4505-c2ed-d54d-fc269a080b27">
      <Execution id="d4ddbc40-d38a-4d2a-a3d9-2c9b10e1f873" />
      <TestMethod codeBase="/home/runner/work/BuckScienceApp/BuckScienceApp/tests/BuckScience.Tests/bin/Debug/net8.0/BuckScience.Tests.dll" adapterTypeName="executor://xunit/VsTestRunner2/netcoreapp" className="BuckScience.Tests.Web.Helpers.WeatherHelpersTests" name="ConvertMoonPhaseToText_VariousValues_ReturnsCorrectText" />
    </UnitTest>
    <UnitTest name="BuckScience.Tests.Web.Helpers.WeatherHelpersTests.ConvertWindDirectionTextToNumeric_ValidDirections_ReturnsCorrectDegrees(direction: &quot;SSW&quot;, expected: 202.5)" storage="/home/runner/work/buckscienceapp/buckscienceapp/tests/buckscience.tests/bin/debug/net8.0/buckscience.tests.dll" id="172a47eb-7de7-c6df-b8be-70c0be7e14f7">
      <Execution id="62421708-7627-4611-85cc-dbc850d9c6a3" />
      <TestMethod codeBase="/home/runner/work/BuckScienceApp/BuckScienceApp/tests/BuckScience.Tests/bin/Debug/net8.0/BuckScience.Tests.dll" adapterTypeName="executor://xunit/VsTestRunner2/netcoreapp" className="BuckScience.Tests.Web.Helpers.WeatherHelpersTests" name="ConvertWindDirectionTextToNumeric_ValidDirections_ReturnsCorrectDegrees" />
    </UnitTest>
    <UnitTest name="BuckScience.Tests.DirectionHelperTests.GetDisplayName_ShouldReturnCorrectDisplayNames" storage="/home/runner/work/buckscienceapp/buckscienceapp/tests/buckscience.tests/bin/debug/net8.0/buckscience.tests.dll" id="2b789b90-6459-6d41-420f-e5502ba7ca12">
      <Execution id="6985b6ad-9096-42b3-b9ca-e5ff3faf2a75" />
      <TestMethod codeBase="/home/runner/work/BuckScienceApp/BuckScienceApp/tests/BuckScience.Tests/bin/Debug/net8.0/BuckScience.Tests.dll" adapterTypeName="executor://xunit/VsTestRunner2/netcoreapp" className="BuckScience.Tests.DirectionHelperTests" name="GetDisplayName_ShouldReturnCorrectDisplayNames" />
    </UnitTest>
    <UnitTest name="BuckScience.Tests.FeatureHelperTests.GetCategory_ShouldReturnCorrectCategoryForFoodResources" storage="/home/runner/work/buckscienceapp/buckscienceapp/tests/buckscience.tests/bin/debug/net8.0/buckscience.tests.dll" id="6acfe581-a1ff-0243-6a25-fa30ab98af8f">
      <Execution id="740bd871-273c-48a9-8477-ddab3084fd25" />
      <TestMethod codeBase="/home/runner/work/BuckScienceApp/BuckScienceApp/tests/BuckScience.Tests/bin/Debug/net8.0/BuckScience.Tests.dll" adapterTypeName="executor://xunit/VsTestRunner2/netcoreapp" className="BuckScience.Tests.FeatureHelperTests" name="GetCategory_ShouldReturnCorrectCategoryForFoodResources" />
    </UnitTest>
    <UnitTest name="BuckScience.Tests.TaggingSystemTests.GetOrCreateTag_ShouldBeCaseInsensitive" storage="/home/runner/work/buckscienceapp/buckscienceapp/tests/buckscience.tests/bin/debug/net8.0/buckscience.tests.dll" id="18fd69b0-d054-4b67-4fab-caa28c12efff">
      <Execution id="a3692572-9db3-46dd-8b1d-84bfec0508cc" />
      <TestMethod codeBase="/home/runner/work/BuckScienceApp/BuckScienceApp/tests/BuckScience.Tests/bin/Debug/net8.0/BuckScience.Tests.dll" adapterTypeName="executor://xunit/VsTestRunner2/netcoreapp" className="BuckScience.Tests.TaggingSystemTests" name="GetOrCreateTag_ShouldBeCaseInsensitive" />
    </UnitTest>
    <UnitTest name="BuckScience.Tests.PhotoFilteringIntegrationTests.BuildFilters_WithCameraIds_ReturnsFiltersWithCameras" storage="/home/runner/work/buckscienceapp/buckscienceapp/tests/buckscience.tests/bin/debug/net8.0/buckscience.tests.dll" id="b909abe1-3b1d-c0ea-a3f1-0b971399890f">
      <Execution id="fc208c9f-3434-4f91-9e97-1dc3da1b2fff" />
      <TestMethod codeBase="/home/runner/work/BuckScienceApp/BuckScienceApp/tests/BuckScience.Tests/bin/Debug/net8.0/BuckScience.Tests.dll" adapterTypeName="executor://xunit/VsTestRunner2/netcoreapp" className="BuckScience.Tests.PhotoFilteringIntegrationTests" name="BuildFilters_WithCameraIds_ReturnsFiltersWithCameras" />
    </UnitTest>
    <UnitTest name="BuckScience.Tests.TaggingRequirementsTests.Requirement2_PropertyCreation_ShouldAutoAssignDefaultTags" storage="/home/runner/work/buckscienceapp/buckscienceapp/tests/buckscience.tests/bin/debug/net8.0/buckscience.tests.dll" id="62abf167-66b2-7338-5ead-888596c0fffe">
      <Execution id="61b635ee-d179-4b87-9298-60814785bc26" />
      <TestMethod codeBase="/home/runner/work/BuckScienceApp/BuckScienceApp/tests/BuckScience.Tests/bin/Debug/net8.0/BuckScience.Tests.dll" adapterTypeName="executor://xunit/VsTestRunner2/netcoreapp" className="BuckScience.Tests.TaggingRequirementsTests" name="Requirement2_PropertyCreation_ShouldAutoAssignDefaultTags" />
    </UnitTest>
    <UnitTest name="BuckScience.Tests.CameraPlacementHistoryTests.CameraPlacementHistory_EndPlacement_ShouldThrowIfAlreadyEnded" storage="/home/runner/work/buckscienceapp/buckscienceapp/tests/buckscience.tests/bin/debug/net8.0/buckscience.tests.dll" id="dca73a03-b0b0-9398-437e-9e75519b25e4">
      <Execution id="26f415c8-cb89-4cda-b475-8b606b829c3e" />
      <TestMethod codeBase="/home/runner/work/BuckScienceApp/BuckScienceApp/tests/BuckScience.Tests/bin/Debug/net8.0/BuckScience.Tests.dll" adapterTypeName="executor://xunit/VsTestRunner2/netcoreapp" className="BuckScience.Tests.CameraPlacementHistoryTests" name="CameraPlacementHistory_EndPlacement_ShouldThrowIfAlreadyEnded" />
    </UnitTest>
    <UnitTest name="BuckScience.Tests.FeatureHelperTests.FeatureNames_ShouldContainAllClassificationTypes" storage="/home/runner/work/buckscienceapp/buckscienceapp/tests/buckscience.tests/bin/debug/net8.0/buckscience.tests.dll" id="5ad698c0-31c3-b3d2-caa9-9fa5ad866948">
      <Execution id="469eb501-cea1-4424-9ebb-cff5a62979f4" />
      <TestMethod codeBase="/home/runner/work/BuckScienceApp/BuckScienceApp/tests/BuckScience.Tests/bin/Debug/net8.0/BuckScience.Tests.dll" adapterTypeName="executor://xunit/VsTestRunner2/netcoreapp" className="BuckScience.Tests.FeatureHelperTests" name="FeatureNames_ShouldContainAllClassificationTypes" />
    </UnitTest>
    <UnitTest name="BuckScience.Tests.Web.Helpers.WeatherHelpersTests.ConvertMoonPhaseTextToNumeric_InvalidText_ReturnsNull(text: &quot;&quot;)" storage="/home/runner/work/buckscienceapp/buckscienceapp/tests/buckscience.tests/bin/debug/net8.0/buckscience.tests.dll" id="f2ce22ba-4e0c-a11c-c657-a799ce863a26">
      <Execution id="9e7b42ca-8e17-467d-97d4-c2888f3e7fe6" />
      <TestMethod codeBase="/home/runner/work/BuckScienceApp/BuckScienceApp/tests/BuckScience.Tests/bin/Debug/net8.0/BuckScience.Tests.dll" adapterTypeName="executor://xunit/VsTestRunner2/netcoreapp" className="BuckScience.Tests.Web.Helpers.WeatherHelpersTests" name="ConvertMoonPhaseTextToNumeric_InvalidText_ReturnsNull" />
    </UnitTest>
    <UnitTest name="BuckScience.Tests.Application.Profiles.ProfileCrudTests.CreateProfile_InvalidPropertyId_ThrowsUnauthorizedAccessException" storage="/home/runner/work/buckscienceapp/buckscienceapp/tests/buckscience.tests/bin/debug/net8.0/buckscience.tests.dll" id="7175185a-7456-021f-eecb-6c991ffd0d08">
      <Execution id="f97c5e7b-cdd5-4438-b090-ff3856aecabf" />
      <TestMethod codeBase="/home/runner/work/BuckScienceApp/BuckScienceApp/tests/BuckScience.Tests/bin/Debug/net8.0/BuckScience.Tests.dll" adapterTypeName="executor://xunit/VsTestRunner2/netcoreapp" className="BuckScience.Tests.Application.Profiles.ProfileCrudTests" name="CreateProfile_InvalidPropertyId_ThrowsUnauthorizedAccessException" />
    </UnitTest>
    <UnitTest name="BuckScience.Tests.Web.Helpers.WeatherHelpersTests.ConvertWindDirectionTextToNumeric_ValidDirections_ReturnsCorrectDegrees(direction: &quot;ESE&quot;, expected: 112.5)" storage="/home/runner/work/buckscienceapp/buckscienceapp/tests/buckscience.tests/bin/debug/net8.0/buckscience.tests.dll" id="8bb24d97-4056-0aed-e738-d86e9d34f566">
      <Execution id="7d9bc8a4-bcdc-4a63-9bf5-063bb99aaf99" />
      <TestMethod codeBase="/home/runner/work/BuckScienceApp/BuckScienceApp/tests/BuckScience.Tests/bin/Debug/net8.0/BuckScience.Tests.dll" adapterTypeName="executor://xunit/VsTestRunner2/netcoreapp" className="BuckScience.Tests.Web.Helpers.WeatherHelpersTests" name="ConvertWindDirectionTextToNumeric_ValidDirections_ReturnsCorrectDegrees" />
    </UnitTest>
    <UnitTest name="BuckScience.Tests.WeatherServiceTests.RoundCoordinates_ShouldRoundTo2DecimalPlaces" storage="/home/runner/work/buckscienceapp/buckscienceapp/tests/buckscience.tests/bin/debug/net8.0/buckscience.tests.dll" id="e79130f3-839b-5123-ac52-8ca3bb6ef8c5">
      <Execution id="35cc4b3f-4545-40b8-8291-a240348570ca" />
      <TestMethod codeBase="/home/runner/work/BuckScienceApp/BuckScienceApp/tests/BuckScience.Tests/bin/Debug/net8.0/BuckScience.Tests.dll" adapterTypeName="executor://xunit/VsTestRunner2/netcoreapp" className="BuckScience.Tests.WeatherServiceTests" name="RoundCoordinates_ShouldRoundTo2DecimalPlaces" />
    </UnitTest>
    <UnitTest name="BuckScience.Tests.TaggingIntegrationTests.CreateProperty_ShouldAutoAssignDefaultTags" storage="/home/runner/work/buckscienceapp/buckscienceapp/tests/buckscience.tests/bin/debug/net8.0/buckscience.tests.dll" id="aac2053d-c1f1-3ae9-c811-84c25975dded">
      <Execution id="eca1c18a-f3e1-4d20-b34d-6a543d583b6f" />
      <TestMethod codeBase="/home/runner/work/BuckScienceApp/BuckScienceApp/tests/BuckScience.Tests/bin/Debug/net8.0/BuckScience.Tests.dll" adapterTypeName="executor://xunit/VsTestRunner2/netcoreapp" className="BuckScience.Tests.TaggingIntegrationTests" name="CreateProperty_ShouldAutoAssignDefaultTags" />
    </UnitTest>
    <UnitTest name="BuckScience.Tests.WeatherBatchProcessingTests.PhotoGrouping_ShouldGroupByLocationAndDate" storage="/home/runner/work/buckscienceapp/buckscienceapp/tests/buckscience.tests/bin/debug/net8.0/buckscience.tests.dll" id="3f4d3f91-09a2-a334-5932-6e78104fd8ba">
      <Execution id="3c9d7c9a-be1d-48a9-9bf5-137daf6c9c39" />
      <TestMethod codeBase="/home/runner/work/BuckScienceApp/BuckScienceApp/tests/BuckScience.Tests/bin/Debug/net8.0/BuckScience.Tests.dll" adapterTypeName="executor://xunit/VsTestRunner2/netcoreapp" className="BuckScience.Tests.WeatherBatchProcessingTests" name="PhotoGrouping_ShouldGroupByLocationAndDate" />
    </UnitTest>
    <UnitTest name="BuckScience.Tests.Web.Helpers.WeatherHelpersTests.ConvertMoonPhaseTextToNumeric_CaseInsensitive_Works" storage="/home/runner/work/buckscienceapp/buckscienceapp/tests/buckscience.tests/bin/debug/net8.0/buckscience.tests.dll" id="6ddbf3e0-3ece-b657-908f-2948ae07368f">
      <Execution id="e21e2a50-d5d9-4964-9e66-be200305b40a" />
      <TestMethod codeBase="/home/runner/work/BuckScienceApp/BuckScienceApp/tests/BuckScience.Tests/bin/Debug/net8.0/BuckScience.Tests.dll" adapterTypeName="executor://xunit/VsTestRunner2/netcoreapp" className="BuckScience.Tests.Web.Helpers.WeatherHelpersTests" name="ConvertMoonPhaseTextToNumeric_CaseInsensitive_Works" />
    </UnitTest>
    <UnitTest name="BuckScience.Tests.FeatureHelperTests.GetFeatureIcon_ShouldReturnCorrectIcons" storage="/home/runner/work/buckscienceapp/buckscienceapp/tests/buckscience.tests/bin/debug/net8.0/buckscience.tests.dll" id="1393749b-9888-f339-bbe0-fe7c36d53117">
      <Execution id="906cd7d1-b702-4e1c-98fd-c931ade6fffe" />
      <TestMethod codeBase="/home/runner/work/BuckScienceApp/BuckScienceApp/tests/BuckScience.Tests/bin/Debug/net8.0/BuckScience.Tests.dll" adapterTypeName="executor://xunit/VsTestRunner2/netcoreapp" className="BuckScience.Tests.FeatureHelperTests" name="GetFeatureIcon_ShouldReturnCorrectIcons" />
    </UnitTest>
    <UnitTest name="BuckScience.Tests.Web.Helpers.WeatherHelpersTests.ConvertMoonPhaseToText_VariousValues_ReturnsCorrectText(phase: 0.59999999999999998, expected: &quot;Waning Gibbous&quot;)" storage="/home/runner/work/buckscienceapp/buckscienceapp/tests/buckscience.tests/bin/debug/net8.0/buckscience.tests.dll" id="48d95b96-b471-deb8-51bf-62c5a89928a2">
      <Execution id="c571fe9f-7064-460b-8fd9-192609fa3371" />
      <TestMethod codeBase="/home/runner/work/BuckScienceApp/BuckScienceApp/tests/BuckScience.Tests/bin/Debug/net8.0/BuckScience.Tests.dll" adapterTypeName="executor://xunit/VsTestRunner2/netcoreapp" className="BuckScience.Tests.Web.Helpers.WeatherHelpersTests" name="ConvertMoonPhaseToText_VariousValues_ReturnsCorrectText" />
    </UnitTest>
    <UnitTest name="BuckScience.Tests.PhotoFilteringUrlExamples.PhotoFiltering_RealWorldScenario_MoonPhaseAndConditions" storage="/home/runner/work/buckscienceapp/buckscienceapp/tests/buckscience.tests/bin/debug/net8.0/buckscience.tests.dll" id="80f7e275-5c62-bf32-953c-a522d71f0911">
      <Execution id="3b4b81d4-3006-4363-8885-3db8e68d5756" />
      <TestMethod codeBase="/home/runner/work/BuckScienceApp/BuckScienceApp/tests/BuckScience.Tests/bin/Debug/net8.0/BuckScience.Tests.dll" adapterTypeName="executor://xunit/VsTestRunner2/netcoreapp" className="BuckScience.Tests.PhotoFilteringUrlExamples" name="PhotoFiltering_RealWorldScenario_MoonPhaseAndConditions" />
    </UnitTest>
    <UnitTest name="BuckScience.Tests.DirectionHelperTests.FromFloat_ShouldReturnCorrectDirection(degrees: 0, expectedDirection: N)" storage="/home/runner/work/buckscienceapp/buckscienceapp/tests/buckscience.tests/bin/debug/net8.0/buckscience.tests.dll" id="4949997c-46c8-3183-1501-b1267871bfcf">
      <Execution id="f941a50b-1922-4318-b063-c501b33eff92" />
      <TestMethod codeBase="/home/runner/work/BuckScienceApp/BuckScienceApp/tests/BuckScience.Tests/bin/Debug/net8.0/BuckScience.Tests.dll" adapterTypeName="executor://xunit/VsTestRunner2/netcoreapp" className="BuckScience.Tests.DirectionHelperTests" name="FromFloat_ShouldReturnCorrectDirection" />
    </UnitTest>
    <UnitTest name="BuckScience.Tests.DirectionHelperTests.FromFloat_ShouldReturnCorrectDirection(degrees: 180, expectedDirection: S)" storage="/home/runner/work/buckscienceapp/buckscienceapp/tests/buckscience.tests/bin/debug/net8.0/buckscience.tests.dll" id="510de9dc-e90e-bdb2-662b-4a218168ebca">
      <Execution id="f2d0a3c4-aae2-4806-abb7-be8cd969a355" />
      <TestMethod codeBase="/home/runner/work/BuckScienceApp/BuckScienceApp/tests/BuckScience.Tests/bin/Debug/net8.0/BuckScience.Tests.dll" adapterTypeName="executor://xunit/VsTestRunner2/netcoreapp" className="BuckScience.Tests.DirectionHelperTests" name="FromFloat_ShouldReturnCorrectDirection" />
    </UnitTest>
    <UnitTest name="BuckScience.Tests.DirectionHelperTests.FromFloat_ShouldReturnCorrectDirection(degrees: 315, expectedDirection: NW)" storage="/home/runner/work/buckscienceapp/buckscienceapp/tests/buckscience.tests/bin/debug/net8.0/buckscience.tests.dll" id="d269bbab-e11e-9189-e523-cf92a42762f7">
      <Execution id="a3c83e77-6a01-464a-b8fc-43834faf8ad3" />
      <TestMethod codeBase="/home/runner/work/BuckScienceApp/BuckScienceApp/tests/BuckScience.Tests/bin/Debug/net8.0/BuckScience.Tests.dll" adapterTypeName="executor://xunit/VsTestRunner2/netcoreapp" className="BuckScience.Tests.DirectionHelperTests" name="FromFloat_ShouldReturnCorrectDirection" />
    </UnitTest>
    <UnitTest name="BuckScience.Tests.FeatureHelperTests.FeatureDescriptions_ShouldContainAllClassificationTypes" storage="/home/runner/work/buckscienceapp/buckscienceapp/tests/buckscience.tests/bin/debug/net8.0/buckscience.tests.dll" id="7f31b8c1-231f-a39c-8870-f0d4abe51343">
      <Execution id="6edaac2a-d22b-479d-8006-74bf69ff2a95" />
      <TestMethod codeBase="/home/runner/work/BuckScienceApp/BuckScienceApp/tests/BuckScience.Tests/bin/Debug/net8.0/BuckScience.Tests.dll" adapterTypeName="executor://xunit/VsTestRunner2/netcoreapp" className="BuckScience.Tests.FeatureHelperTests" name="FeatureDescriptions_ShouldContainAllClassificationTypes" />
    </UnitTest>
    <UnitTest name="BuckScience.Tests.WeatherBatchProcessingTests.WeatherBatchProcessing_ShouldMinimizeApiCalls" storage="/home/runner/work/buckscienceapp/buckscienceapp/tests/buckscience.tests/bin/debug/net8.0/buckscience.tests.dll" id="5a1b2923-7867-c9d7-9184-902164877e6b">
      <Execution id="2307c3e7-787e-4c60-9040-6adbfa588f78" />
      <TestMethod codeBase="/home/runner/work/BuckScienceApp/BuckScienceApp/tests/BuckScience.Tests/bin/Debug/net8.0/BuckScience.Tests.dll" adapterTypeName="executor://xunit/VsTestRunner2/netcoreapp" className="BuckScience.Tests.WeatherBatchProcessingTests" name="WeatherBatchProcessing_ShouldMinimizeApiCalls" />
    </UnitTest>
    <UnitTest name="BuckScience.Tests.PropertyTagUpdateTest.TaggingPhoto_ShouldUpdatePropertyTags" storage="/home/runner/work/buckscienceapp/buckscienceapp/tests/buckscience.tests/bin/debug/net8.0/buckscience.tests.dll" id="d9d0929f-95f9-5181-aa9b-10571d330d53">
      <Execution id="5dc6fa7e-adb5-445a-a2d1-24cca25f05e3" />
      <TestMethod codeBase="/home/runner/work/BuckScienceApp/BuckScienceApp/tests/BuckScience.Tests/bin/Debug/net8.0/BuckScience.Tests.dll" adapterTypeName="executor://xunit/VsTestRunner2/netcoreapp" className="BuckScience.Tests.PropertyTagUpdateTest" name="TaggingPhoto_ShouldUpdatePropertyTags" />
    </UnitTest>
    <UnitTest name="BuckScience.Tests.DirectionHelperTests.FromFloat_ShouldFindClosestDirection(degrees: 22, expectedDirection: N)" storage="/home/runner/work/buckscienceapp/buckscienceapp/tests/buckscience.tests/bin/debug/net8.0/buckscience.tests.dll" id="973ec4a4-75bf-519b-ad67-04ada4756976">
      <Execution id="0f93f030-324f-4743-b247-3250a194e06a" />
      <TestMethod codeBase="/home/runner/work/BuckScienceApp/BuckScienceApp/tests/BuckScience.Tests/bin/Debug/net8.0/BuckScience.Tests.dll" adapterTypeName="executor://xunit/VsTestRunner2/netcoreapp" className="BuckScience.Tests.DirectionHelperTests" name="FromFloat_ShouldFindClosestDirection" />
    </UnitTest>
    <UnitTest name="BuckScience.Tests.Web.Helpers.WeatherHelpersTests.ConvertWindDirectionToText_VariousAngles_ReturnsCorrectDirection(degrees: 337.5, expected: &quot;NNW&quot;)" storage="/home/runner/work/buckscienceapp/buckscienceapp/tests/buckscience.tests/bin/debug/net8.0/buckscience.tests.dll" id="b96d0d20-292a-e609-b515-79cd877929d7">
      <Execution id="8bd19dda-e673-407e-8c44-8fccc681fee3" />
      <TestMethod codeBase="/home/runner/work/BuckScienceApp/BuckScienceApp/tests/BuckScience.Tests/bin/Debug/net8.0/BuckScience.Tests.dll" adapterTypeName="executor://xunit/VsTestRunner2/netcoreapp" className="BuckScience.Tests.Web.Helpers.WeatherHelpersTests" name="ConvertWindDirectionToText_VariousAngles_ReturnsCorrectDirection" />
    </UnitTest>
    <UnitTest name="BuckScience.Tests.Web.Helpers.WeatherHelpersTests.GetWindDirectionOptions_WithNull_AllUnavailable" storage="/home/runner/work/buckscienceapp/buckscienceapp/tests/buckscience.tests/bin/debug/net8.0/buckscience.tests.dll" id="dd76f619-e962-2008-d0f8-a714bb3f5c46">
      <Execution id="850e8626-971e-4cb7-a4c7-bac6e0210a79" />
      <TestMethod codeBase="/home/runner/work/BuckScienceApp/BuckScienceApp/tests/BuckScience.Tests/bin/Debug/net8.0/BuckScience.Tests.dll" adapterTypeName="executor://xunit/VsTestRunner2/netcoreapp" className="BuckScience.Tests.Web.Helpers.WeatherHelpersTests" name="GetWindDirectionOptions_WithNull_AllUnavailable" />
    </UnitTest>
    <UnitTest name="BuckScience.Tests.Web.Helpers.WeatherHelpersTests.ConvertMoonPhaseToText_VariousValues_ReturnsCorrectText(phase: 0.75, expected: &quot;Last Quarter&quot;)" storage="/home/runner/work/buckscienceapp/buckscienceapp/tests/buckscience.tests/bin/debug/net8.0/buckscience.tests.dll" id="78d335ed-d8a0-4e68-1b07-0e64ec6fcf01">
      <Execution id="009bfaea-6ee0-4875-ab62-17f5b78864a5" />
      <TestMethod codeBase="/home/runner/work/BuckScienceApp/BuckScienceApp/tests/BuckScience.Tests/bin/Debug/net8.0/BuckScience.Tests.dll" adapterTypeName="executor://xunit/VsTestRunner2/netcoreapp" className="BuckScience.Tests.Web.Helpers.WeatherHelpersTests" name="ConvertMoonPhaseToText_VariousValues_ReturnsCorrectText" />
    </UnitTest>
    <UnitTest name="BuckScience.Tests.DirectionHelperTests.FromFloat_ShouldFindClosestDirection(degrees: 365, expectedDirection: N)" storage="/home/runner/work/buckscienceapp/buckscienceapp/tests/buckscience.tests/bin/debug/net8.0/buckscience.tests.dll" id="aef446e3-f136-0d0b-1c4f-72b145e6d953">
      <Execution id="5b26eda5-3f9f-45d0-a1c6-ca791faac2e9" />
      <TestMethod codeBase="/home/runner/work/BuckScienceApp/BuckScienceApp/tests/BuckScience.Tests/bin/Debug/net8.0/BuckScience.Tests.dll" adapterTypeName="executor://xunit/VsTestRunner2/netcoreapp" className="BuckScience.Tests.DirectionHelperTests" name="FromFloat_ShouldFindClosestDirection" />
    </UnitTest>
    <UnitTest name="BuckScience.Tests.CameraCreateVmTests.CameraCreateVm_DirectionSync_ShouldWorkForAllDirections(direction: S, expectedDegrees: 180)" storage="/home/runner/work/buckscienceapp/buckscienceapp/tests/buckscience.tests/bin/debug/net8.0/buckscience.tests.dll" id="3fd3b076-d6e9-95cb-3f37-7d353eff3a42">
      <Execution id="eddd6b2d-aebd-458b-ac9e-54d3cab20fc1" />
      <TestMethod codeBase="/home/runner/work/BuckScienceApp/BuckScienceApp/tests/BuckScience.Tests/bin/Debug/net8.0/BuckScience.Tests.dll" adapterTypeName="executor://xunit/VsTestRunner2/netcoreapp" className="BuckScience.Tests.CameraCreateVmTests" name="CameraCreateVm_DirectionSync_ShouldWorkForAllDirections" />
    </UnitTest>
    <UnitTest name="BuckScience.Tests.Web.Helpers.WeatherHelpersTests.ConvertMoonPhaseTextToNumeric_ValidText_ReturnsCorrectValue(text: &quot;New Moon&quot;, expected: 0)" storage="/home/runner/work/buckscienceapp/buckscienceapp/tests/buckscience.tests/bin/debug/net8.0/buckscience.tests.dll" id="29048f6b-b73b-a720-ef94-9f27a4540f3c">
      <Execution id="dad4926d-df15-4bba-bbee-d997740a578e" />
      <TestMethod codeBase="/home/runner/work/BuckScienceApp/BuckScienceApp/tests/BuckScience.Tests/bin/Debug/net8.0/BuckScience.Tests.dll" adapterTypeName="executor://xunit/VsTestRunner2/netcoreapp" className="BuckScience.Tests.Web.Helpers.WeatherHelpersTests" name="ConvertMoonPhaseTextToNumeric_ValidText_ReturnsCorrectValue" />
    </UnitTest>
    <UnitTest name="BuckScience.Tests.WeatherConfigurationTests.WeatherSettings_ShouldBindFromConfiguration" storage="/home/runner/work/buckscienceapp/buckscienceapp/tests/buckscience.tests/bin/debug/net8.0/buckscience.tests.dll" id="6d9ecacc-771f-c0f8-81b8-e7f5f5ecfa5f">
      <Execution id="92ac1cdd-f042-42b4-bc90-e1e1353b578e" />
      <TestMethod codeBase="/home/runner/work/BuckScienceApp/BuckScienceApp/tests/BuckScience.Tests/bin/Debug/net8.0/BuckScience.Tests.dll" adapterTypeName="executor://xunit/VsTestRunner2/netcoreapp" className="BuckScience.Tests.WeatherConfigurationTests" name="WeatherSettings_ShouldBindFromConfiguration" />
    </UnitTest>
    <UnitTest name="BuckScience.Tests.Web.Helpers.WeatherHelpersTests.StandardWindDirections_Contains16Directions" storage="/home/runner/work/buckscienceapp/buckscienceapp/tests/buckscience.tests/bin/debug/net8.0/buckscience.tests.dll" id="11c53883-3d96-0957-d8a1-9dcf44cb5e78">
      <Execution id="da2dd658-c872-4da9-adcb-98dfbe9f80a4" />
      <TestMethod codeBase="/home/runner/work/BuckScienceApp/BuckScienceApp/tests/BuckScience.Tests/bin/Debug/net8.0/BuckScience.Tests.dll" adapterTypeName="executor://xunit/VsTestRunner2/netcoreapp" className="BuckScience.Tests.Web.Helpers.WeatherHelpersTests" name="StandardWindDirections_Contains16Directions" />
    </UnitTest>
    <UnitTest name="BuckScience.Tests.Web.Helpers.WeatherHelpersTests.ConvertWindDirectionTextToNumeric_InvalidText_ReturnsNull(direction: &quot;Northeast&quot;)" storage="/home/runner/work/buckscienceapp/buckscienceapp/tests/buckscience.tests/bin/debug/net8.0/buckscience.tests.dll" id="35247ab4-97a5-e557-91c7-742a1f89dba4">
      <Execution id="228acc5b-87c1-4536-90a5-653b30d8253a" />
      <TestMethod codeBase="/home/runner/work/BuckScienceApp/BuckScienceApp/tests/BuckScience.Tests/bin/Debug/net8.0/BuckScience.Tests.dll" adapterTypeName="executor://xunit/VsTestRunner2/netcoreapp" className="BuckScience.Tests.Web.Helpers.WeatherHelpersTests" name="ConvertWindDirectionTextToNumeric_InvalidText_ReturnsNull" />
    </UnitTest>
    <UnitTest name="BuckScience.Tests.FeatureHelperTests.GetCategory_ShouldReturnCorrectCategoryForBeddingResources" storage="/home/runner/work/buckscienceapp/buckscienceapp/tests/buckscience.tests/bin/debug/net8.0/buckscience.tests.dll" id="28faaf32-b614-3b46-c8af-acfb48482d8d">
      <Execution id="9387c68b-b065-4bd3-bafc-7a5ee504baca" />
      <TestMethod codeBase="/home/runner/work/BuckScienceApp/BuckScienceApp/tests/BuckScience.Tests/bin/Debug/net8.0/BuckScience.Tests.dll" adapterTypeName="executor://xunit/VsTestRunner2/netcoreapp" className="BuckScience.Tests.FeatureHelperTests" name="GetCategory_ShouldReturnCorrectCategoryForBeddingResources" />
    </UnitTest>
    <UnitTest name="BuckScience.Tests.TaggingSystemTests.AssignDefaultTagsToProperty_ShouldAssignOnlyDefaultTags" storage="/home/runner/work/buckscienceapp/buckscienceapp/tests/buckscience.tests/bin/debug/net8.0/buckscience.tests.dll" id="d6582cc4-f5d7-7ddd-419a-8856fe5530f3">
      <Execution id="5c0cb165-8120-48ed-aa2e-f4c70db3065d" />
      <TestMethod codeBase="/home/runner/work/BuckScienceApp/BuckScienceApp/tests/BuckScience.Tests/bin/Debug/net8.0/BuckScience.Tests.dll" adapterTypeName="executor://xunit/VsTestRunner2/netcoreapp" className="BuckScience.Tests.TaggingSystemTests" name="AssignDefaultTagsToProperty_ShouldAssignOnlyDefaultTags" />
    </UnitTest>
    <UnitTest name="BuckScience.Tests.TaggingSystemTests.AddTagToPhotos_ShouldNotCreateDuplicates" storage="/home/runner/work/buckscienceapp/buckscienceapp/tests/buckscience.tests/bin/debug/net8.0/buckscience.tests.dll" id="994b105a-2d3c-5d2b-62ff-1c998f53f588">
      <Execution id="cd436537-8982-47fd-b9d7-0f5e5c5105d4" />
      <TestMethod codeBase="/home/runner/work/BuckScienceApp/BuckScienceApp/tests/BuckScience.Tests/bin/Debug/net8.0/BuckScience.Tests.dll" adapterTypeName="executor://xunit/VsTestRunner2/netcoreapp" className="BuckScience.Tests.TaggingSystemTests" name="AddTagToPhotos_ShouldNotCreateDuplicates" />
    </UnitTest>
    <UnitTest name="BuckScience.Tests.PhotoGroupingTests.PropertyPhotosSortBy_ShouldMapCorrectly" storage="/home/runner/work/buckscienceapp/buckscienceapp/tests/buckscience.tests/bin/debug/net8.0/buckscience.tests.dll" id="5caf925d-9bc2-c40c-f14f-bb094f78a12c">
      <Execution id="2d286673-c4f2-4542-b911-a2ad1d923d02" />
      <TestMethod codeBase="/home/runner/work/BuckScienceApp/BuckScienceApp/tests/BuckScience.Tests/bin/Debug/net8.0/BuckScience.Tests.dll" adapterTypeName="executor://xunit/VsTestRunner2/netcoreapp" className="BuckScience.Tests.PhotoGroupingTests" name="PropertyPhotosSortBy_ShouldMapCorrectly" />
    </UnitTest>
    <UnitTest name="BuckScience.Tests.Web.Helpers.WeatherHelpersTests.ConvertWindDirectionTextToNumeric_ValidDirections_ReturnsCorrectDegrees(direction: &quot;W&quot;, expected: 270)" storage="/home/runner/work/buckscienceapp/buckscienceapp/tests/buckscience.tests/bin/debug/net8.0/buckscience.tests.dll" id="63390816-73a6-312f-e706-2ca3dfa39f0e">
      <Execution id="bcfbb208-f4a7-45b1-aad7-2bdecc120340" />
      <TestMethod codeBase="/home/runner/work/BuckScienceApp/BuckScienceApp/tests/BuckScience.Tests/bin/Debug/net8.0/BuckScience.Tests.dll" adapterTypeName="executor://xunit/VsTestRunner2/netcoreapp" className="BuckScience.Tests.Web.Helpers.WeatherHelpersTests" name="ConvertWindDirectionTextToNumeric_ValidDirections_ReturnsCorrectDegrees" />
    </UnitTest>
    <UnitTest name="BuckScience.Tests.FeatureHelperTests.CategoryMapping_ShouldContainAllClassificationTypes" storage="/home/runner/work/buckscienceapp/buckscienceapp/tests/buckscience.tests/bin/debug/net8.0/buckscience.tests.dll" id="e6b5dbec-3ede-e88e-98ad-309ef50c1b15">
      <Execution id="8f2501f2-c68d-4214-8ed9-f06139047f6d" />
      <TestMethod codeBase="/home/runner/work/BuckScienceApp/BuckScienceApp/tests/BuckScience.Tests/bin/Debug/net8.0/BuckScience.Tests.dll" adapterTypeName="executor://xunit/VsTestRunner2/netcoreapp" className="BuckScience.Tests.FeatureHelperTests" name="CategoryMapping_ShouldContainAllClassificationTypes" />
    </UnitTest>
    <UnitTest name="BuckScience.Tests.CameraPlacementHistoryTests.CameraCreateVm_ShouldIncludeDirectionDegrees" storage="/home/runner/work/buckscienceapp/buckscienceapp/tests/buckscience.tests/bin/debug/net8.0/buckscience.tests.dll" id="6d7b3d93-71ec-c074-924a-c624993f0b1a">
      <Execution id="69caad58-ad33-4938-b7b8-d266d5629723" />
      <TestMethod codeBase="/home/runner/work/BuckScienceApp/BuckScienceApp/tests/BuckScience.Tests/bin/Debug/net8.0/BuckScience.Tests.dll" adapterTypeName="executor://xunit/VsTestRunner2/netcoreapp" className="BuckScience.Tests.CameraPlacementHistoryTests" name="CameraCreateVm_ShouldIncludeDirectionDegrees" />
    </UnitTest>
    <UnitTest name="BuckScience.Tests.CameraCreateVmTests.CameraCreateVm_SyncSelectionFromDirection_ShouldUpdateDirectionSelection" storage="/home/runner/work/buckscienceapp/buckscienceapp/tests/buckscience.tests/bin/debug/net8.0/buckscience.tests.dll" id="08a9b593-cfee-9bdf-6d80-833bb0b65ba9">
      <Execution id="9644583e-29c2-4818-8134-a218a619fb16" />
      <TestMethod codeBase="/home/runner/work/BuckScienceApp/BuckScienceApp/tests/BuckScience.Tests/bin/Debug/net8.0/BuckScience.Tests.dll" adapterTypeName="executor://xunit/VsTestRunner2/netcoreapp" className="BuckScience.Tests.CameraCreateVmTests" name="CameraCreateVm_SyncSelectionFromDirection_ShouldUpdateDirectionSelection" />
    </UnitTest>
    <UnitTest name="BuckScience.Tests.Web.Helpers.WeatherHelpersTests.ConvertWindDirectionToText_RoundTrip_MaintainsAccuracy" storage="/home/runner/work/buckscienceapp/buckscienceapp/tests/buckscience.tests/bin/debug/net8.0/buckscience.tests.dll" id="f36a8701-085e-04e9-1108-0b102bccb765">
      <Execution id="a7bcac44-39b1-449f-a1cb-5eda5c975967" />
      <TestMethod codeBase="/home/runner/work/BuckScienceApp/BuckScienceApp/tests/BuckScience.Tests/bin/Debug/net8.0/BuckScience.Tests.dll" adapterTypeName="executor://xunit/VsTestRunner2/netcoreapp" className="BuckScience.Tests.Web.Helpers.WeatherHelpersTests" name="ConvertWindDirectionToText_RoundTrip_MaintainsAccuracy" />
    </UnitTest>
    <UnitTest name="BuckScience.Tests.Web.Helpers.WeatherHelpersTests.ConvertWindDirectionTextToNumeric_ValidDirections_ReturnsCorrectDegrees(direction: &quot;NW&quot;, expected: 315)" storage="/home/runner/work/buckscienceapp/buckscienceapp/tests/buckscience.tests/bin/debug/net8.0/buckscience.tests.dll" id="7f448030-c6f3-ad7f-1c7b-809f60db9d71">
      <Execution id="024cce91-51b4-4388-8dad-0693fcc297ca" />
      <TestMethod codeBase="/home/runner/work/BuckScienceApp/BuckScienceApp/tests/BuckScience.Tests/bin/Debug/net8.0/BuckScience.Tests.dll" adapterTypeName="executor://xunit/VsTestRunner2/netcoreapp" className="BuckScience.Tests.Web.Helpers.WeatherHelpersTests" name="ConvertWindDirectionTextToNumeric_ValidDirections_ReturnsCorrectDegrees" />
    </UnitTest>
    <UnitTest name="BuckScience.Tests.CameraCreateVmTests.CameraCreateVm_DirectionSync_ShouldWorkForAllDirections(direction: SE, expectedDegrees: 135)" storage="/home/runner/work/buckscienceapp/buckscienceapp/tests/buckscience.tests/bin/debug/net8.0/buckscience.tests.dll" id="f950f79e-ba5e-b1e8-b4c0-7c88acd39e8b">
      <Execution id="fdcfe124-06b6-4154-8f0e-a6a492faba64" />
      <TestMethod codeBase="/home/runner/work/BuckScienceApp/BuckScienceApp/tests/BuckScience.Tests/bin/Debug/net8.0/BuckScience.Tests.dll" adapterTypeName="executor://xunit/VsTestRunner2/netcoreapp" className="BuckScience.Tests.CameraCreateVmTests" name="CameraCreateVm_DirectionSync_ShouldWorkForAllDirections" />
    </UnitTest>
    <UnitTest name="BuckScience.Tests.PhotoFilteringUrlExamples.BuildFilters_UrlParameters_ShouldParseCorrectly(urlParams: &quot;windSpeedMin=5&amp;windSpeedMax=15&quot;, expectedTempMin: null, expectedTempMax: null, expectedWindMin: 5, expectedWindMax: 15)" storage="/home/runner/work/buckscienceapp/buckscienceapp/tests/buckscience.tests/bin/debug/net8.0/buckscience.tests.dll" id="0c5da287-efdb-ad86-5a1d-4f909e3eba8c">
      <Execution id="ad68edb8-674c-45c4-af06-a4c28369a0e3" />
      <TestMethod codeBase="/home/runner/work/BuckScienceApp/BuckScienceApp/tests/BuckScience.Tests/bin/Debug/net8.0/BuckScience.Tests.dll" adapterTypeName="executor://xunit/VsTestRunner2/netcoreapp" className="BuckScience.Tests.PhotoFilteringUrlExamples" name="BuildFilters_UrlParameters_ShouldParseCorrectly" />
    </UnitTest>
    <UnitTest name="BuckScience.Tests.DirectionHelperTests.ToFloat_ShouldReturnCorrectDegrees(direction: W, expectedDegrees: 270)" storage="/home/runner/work/buckscienceapp/buckscienceapp/tests/buckscience.tests/bin/debug/net8.0/buckscience.tests.dll" id="e59f6969-24d1-ee70-57fe-d99344040a63">
      <Execution id="9c9c0649-2388-41b1-849e-63a97bda1062" />
      <TestMethod codeBase="/home/runner/work/BuckScienceApp/BuckScienceApp/tests/BuckScience.Tests/bin/Debug/net8.0/BuckScience.Tests.dll" adapterTypeName="executor://xunit/VsTestRunner2/netcoreapp" className="BuckScience.Tests.DirectionHelperTests" name="ToFloat_ShouldReturnCorrectDegrees" />
    </UnitTest>
    <UnitTest name="BuckScience.Tests.Web.Helpers.WeatherHelpersTests.ConvertWindDirectionToText_VariousAngles_ReturnsCorrectDirection(degrees: 45, expected: &quot;NE&quot;)" storage="/home/runner/work/buckscienceapp/buckscienceapp/tests/buckscience.tests/bin/debug/net8.0/buckscience.tests.dll" id="1798213c-35a3-cbbc-3a0a-8843aace427d">
      <Execution id="9c5d05b0-4963-46d5-8791-ce3f45023a03" />
      <TestMethod codeBase="/home/runner/work/BuckScienceApp/BuckScienceApp/tests/BuckScience.Tests/bin/Debug/net8.0/BuckScience.Tests.dll" adapterTypeName="executor://xunit/VsTestRunner2/netcoreapp" className="BuckScience.Tests.Web.Helpers.WeatherHelpersTests" name="ConvertWindDirectionToText_VariousAngles_ReturnsCorrectDirection" />
    </UnitTest>
    <UnitTest name="BuckScience.Tests.PhotoFilteringUrlExamples.BuildFilters_CameraParameters_ShouldParseCorrectly(cameras: &quot;1,2,3&quot;, expectedCameras: [1, 2, 3])" storage="/home/runner/work/buckscienceapp/buckscienceapp/tests/buckscience.tests/bin/debug/net8.0/buckscience.tests.dll" id="b14ae956-297a-f056-fdd7-ca8f9b76076f">
      <Execution id="b3ffcd96-65ed-49fa-9720-1d4bd10f55a0" />
      <TestMethod codeBase="/home/runner/work/BuckScienceApp/BuckScienceApp/tests/BuckScience.Tests/bin/Debug/net8.0/BuckScience.Tests.dll" adapterTypeName="executor://xunit/VsTestRunner2/netcoreapp" className="BuckScience.Tests.PhotoFilteringUrlExamples" name="BuildFilters_CameraParameters_ShouldParseCorrectly" />
    </UnitTest>
    <UnitTest name="BuckScience.Tests.UnitTest1.Test1" storage="/home/runner/work/buckscienceapp/buckscienceapp/tests/buckscience.tests/bin/debug/net8.0/buckscience.tests.dll" id="24c340fb-d377-9a86-7f7b-24671f6c604a">
      <Execution id="ae3044a7-07df-4b7d-b2c0-e42fa4109c95" />
      <TestMethod codeBase="/home/runner/work/BuckScienceApp/BuckScienceApp/tests/BuckScience.Tests/bin/Debug/net8.0/BuckScience.Tests.dll" adapterTypeName="executor://xunit/VsTestRunner2/netcoreapp" className="BuckScience.Tests.UnitTest1" name="Test1" />
    </UnitTest>
    <UnitTest name="BuckScience.Tests.DirectionHelperTests.DirectionMapping_ShouldBeConsistent" storage="/home/runner/work/buckscienceapp/buckscienceapp/tests/buckscience.tests/bin/debug/net8.0/buckscience.tests.dll" id="a8cebbec-cc48-449c-a357-e8867b7cdbdf">
      <Execution id="0d373cc1-1cbd-477e-8300-cbd03c3c74de" />
      <TestMethod codeBase="/home/runner/work/BuckScienceApp/BuckScienceApp/tests/BuckScience.Tests/bin/Debug/net8.0/BuckScience.Tests.dll" adapterTypeName="executor://xunit/VsTestRunner2/netcoreapp" className="BuckScience.Tests.DirectionHelperTests" name="DirectionMapping_ShouldBeConsistent" />
    </UnitTest>
    <UnitTest name="BuckScience.Tests.FeatureHelperTests.GetCategory_ShouldReturnCorrectCategoryForTopographicalFeatures" storage="/home/runner/work/buckscienceapp/buckscienceapp/tests/buckscience.tests/bin/debug/net8.0/buckscience.tests.dll" id="b10f5741-388a-3ae9-2087-f07485587a15">
      <Execution id="598779b2-5617-4582-af8b-0ec548f307ea" />
      <TestMethod codeBase="/home/runner/work/BuckScienceApp/BuckScienceApp/tests/BuckScience.Tests/bin/Debug/net8.0/BuckScience.Tests.dll" adapterTypeName="executor://xunit/VsTestRunner2/netcoreapp" className="BuckScience.Tests.FeatureHelperTests" name="GetCategory_ShouldReturnCorrectCategoryForTopographicalFeatures" />
    </UnitTest>
    <UnitTest name="BuckScience.Tests.CameraDetailsVmTests.CameraDetailsVm_ShouldAllowNullModel" storage="/home/runner/work/buckscienceapp/buckscienceapp/tests/buckscience.tests/bin/debug/net8.0/buckscience.tests.dll" id="4103318d-2de0-6e72-8544-27607329cbb3">
      <Execution id="b997e412-204b-40ce-8160-3afa17b3ae03" />
      <TestMethod codeBase="/home/runner/work/BuckScienceApp/BuckScienceApp/tests/BuckScience.Tests/bin/Debug/net8.0/BuckScience.Tests.dll" adapterTypeName="executor://xunit/VsTestRunner2/netcoreapp" className="BuckScience.Tests.CameraDetailsVmTests" name="CameraDetailsVm_ShouldAllowNullModel" />
    </UnitTest>
    <UnitTest name="BuckScience.Tests.Web.Helpers.WeatherHelpersTests.ConvertMoonPhaseToText_VariousValues_ReturnsCorrectText(phase: 0.25, expected: &quot;First Quarter&quot;)" storage="/home/runner/work/buckscienceapp/buckscienceapp/tests/buckscience.tests/bin/debug/net8.0/buckscience.tests.dll" id="639a2f8f-de06-aff0-2654-2e863df98d3d">
      <Execution id="920c0794-bc83-42a1-b600-8a457a014df2" />
      <TestMethod codeBase="/home/runner/work/BuckScienceApp/BuckScienceApp/tests/BuckScience.Tests/bin/Debug/net8.0/BuckScience.Tests.dll" adapterTypeName="executor://xunit/VsTestRunner2/netcoreapp" className="BuckScience.Tests.Web.Helpers.WeatherHelpersTests" name="ConvertMoonPhaseToText_VariousValues_ReturnsCorrectText" />
    </UnitTest>
    <UnitTest name="BuckScience.Tests.FeatureHelperTests.FeatureIcons_ShouldContainAllClassificationTypes" storage="/home/runner/work/buckscienceapp/buckscienceapp/tests/buckscience.tests/bin/debug/net8.0/buckscience.tests.dll" id="9b597749-8f28-5ece-3f0e-b5bb4e23820c">
      <Execution id="fab9610c-80e6-4d39-9bc2-dc103faea8bc" />
      <TestMethod codeBase="/home/runner/work/BuckScienceApp/BuckScienceApp/tests/BuckScience.Tests/bin/Debug/net8.0/BuckScience.Tests.dll" adapterTypeName="executor://xunit/VsTestRunner2/netcoreapp" className="BuckScience.Tests.FeatureHelperTests" name="FeatureIcons_ShouldContainAllClassificationTypes" />
    </UnitTest>
    <UnitTest name="BuckScience.Tests.PhotoFilteringComprehensiveTests.PhotoFilters_EdgeCases_HandleCorrectly" storage="/home/runner/work/buckscienceapp/buckscienceapp/tests/buckscience.tests/bin/debug/net8.0/buckscience.tests.dll" id="878dbf6d-4718-3010-2956-9a909a749d2f">
      <Execution id="699c9e1c-4cf8-4c68-8f32-283aa0d389bb" />
      <TestMethod codeBase="/home/runner/work/BuckScienceApp/BuckScienceApp/tests/BuckScience.Tests/bin/Debug/net8.0/BuckScience.Tests.dll" adapterTypeName="executor://xunit/VsTestRunner2/netcoreapp" className="BuckScience.Tests.PhotoFilteringComprehensiveTests" name="PhotoFilters_EdgeCases_HandleCorrectly" />
    </UnitTest>
    <UnitTest name="BuckScience.Tests.PhotoFiltersTests.PhotoFilters_HasAnyFilters_ReturnsFalseWhenNoFiltersSet" storage="/home/runner/work/buckscienceapp/buckscienceapp/tests/buckscience.tests/bin/debug/net8.0/buckscience.tests.dll" id="8c733a46-a4ea-1620-69ec-bdd69e48dc0b">
      <Execution id="f9bbd1f0-a538-4bdb-aa49-d6913a48b9d1" />
      <TestMethod codeBase="/home/runner/work/BuckScienceApp/BuckScienceApp/tests/BuckScience.Tests/bin/Debug/net8.0/BuckScience.Tests.dll" adapterTypeName="executor://xunit/VsTestRunner2/netcoreapp" className="BuckScience.Tests.PhotoFiltersTests" name="PhotoFilters_HasAnyFilters_ReturnsFalseWhenNoFiltersSet" />
    </UnitTest>
    <UnitTest name="BuckScience.Tests.TaggingSystemTests.GetOrCreateTag_ShouldThrowException_WhenTagNameIsInvalid(invalidTagName: null)" storage="/home/runner/work/buckscienceapp/buckscienceapp/tests/buckscience.tests/bin/debug/net8.0/buckscience.tests.dll" id="1335073e-5183-6141-99f1-caaa61dc86f4">
      <Execution id="c44f3767-f4d6-4c8f-a9b5-d9bcc6d3e94b" />
      <TestMethod codeBase="/home/runner/work/BuckScienceApp/BuckScienceApp/tests/BuckScience.Tests/bin/Debug/net8.0/BuckScience.Tests.dll" adapterTypeName="executor://xunit/VsTestRunner2/netcoreapp" className="BuckScience.Tests.TaggingSystemTests" name="GetOrCreateTag_ShouldThrowException_WhenTagNameIsInvalid" />
    </UnitTest>
    <UnitTest name="BuckScience.Tests.DirectionHelperTests.ToFloat_ShouldReturnCorrectDegrees(direction: NW, expectedDegrees: 315)" storage="/home/runner/work/buckscienceapp/buckscienceapp/tests/buckscience.tests/bin/debug/net8.0/buckscience.tests.dll" id="26223a8b-ac6d-ffcd-1256-75d18fb727f7">
      <Execution id="c24a3479-2bd1-4977-b203-1e55a44a504e" />
      <TestMethod codeBase="/home/runner/work/BuckScienceApp/BuckScienceApp/tests/BuckScience.Tests/bin/Debug/net8.0/BuckScience.Tests.dll" adapterTypeName="executor://xunit/VsTestRunner2/netcoreapp" className="BuckScience.Tests.DirectionHelperTests" name="ToFloat_ShouldReturnCorrectDegrees" />
    </UnitTest>
    <UnitTest name="BuckScience.Tests.CameraPlacementHistoryTests.Camera_PlaceAt_ShouldCreateNewPlacementHistory" storage="/home/runner/work/buckscienceapp/buckscienceapp/tests/buckscience.tests/bin/debug/net8.0/buckscience.tests.dll" id="be89a856-c15c-81ed-5ddb-4973639d716d">
      <Execution id="ace79fa1-0175-4ff2-b615-0aae36105e65" />
      <TestMethod codeBase="/home/runner/work/BuckScienceApp/BuckScienceApp/tests/BuckScience.Tests/bin/Debug/net8.0/BuckScience.Tests.dll" adapterTypeName="executor://xunit/VsTestRunner2/netcoreapp" className="BuckScience.Tests.CameraPlacementHistoryTests" name="Camera_PlaceAt_ShouldCreateNewPlacementHistory" />
    </UnitTest>
    <UnitTest name="BuckScience.Tests.Web.Helpers.WeatherHelpersTests.ConvertWindDirectionTextToNumeric_ValidDirections_ReturnsCorrectDegrees(direction: &quot;NNE&quot;, expected: 22.5)" storage="/home/runner/work/buckscienceapp/buckscienceapp/tests/buckscience.tests/bin/debug/net8.0/buckscience.tests.dll" id="1634510e-087e-a71c-61ba-55901a3677cc">
      <Execution id="c036db1f-95d6-4c5e-ad54-fb78bec7982f" />
      <TestMethod codeBase="/home/runner/work/BuckScienceApp/BuckScienceApp/tests/BuckScience.Tests/bin/Debug/net8.0/BuckScience.Tests.dll" adapterTypeName="executor://xunit/VsTestRunner2/netcoreapp" className="BuckScience.Tests.Web.Helpers.WeatherHelpersTests" name="ConvertWindDirectionTextToNumeric_ValidDirections_ReturnsCorrectDegrees" />
    </UnitTest>
    <UnitTest name="BuckScience.Tests.CameraCreateVmTests.CameraCreateVm_PropertyCoordinates_ShouldBeInitializedToZero" storage="/home/runner/work/buckscienceapp/buckscienceapp/tests/buckscience.tests/bin/debug/net8.0/buckscience.tests.dll" id="3b62dc28-12fd-93fe-6512-390293682652">
      <Execution id="6309dd30-97c8-4699-a21b-c9bed9411b9c" />
      <TestMethod codeBase="/home/runner/work/BuckScienceApp/BuckScienceApp/tests/BuckScience.Tests/bin/Debug/net8.0/BuckScience.Tests.dll" adapterTypeName="executor://xunit/VsTestRunner2/netcoreapp" className="BuckScience.Tests.CameraCreateVmTests" name="CameraCreateVm_PropertyCoordinates_ShouldBeInitializedToZero" />
    </UnitTest>
    <UnitTest name="BuckScience.Tests.PhotoFilteringUrlExamples.BuildFilters_CameraParameters_ShouldParseCorrectly(cameras: &quot;5&quot;, expectedCameras: [5])" storage="/home/runner/work/buckscienceapp/buckscienceapp/tests/buckscience.tests/bin/debug/net8.0/buckscience.tests.dll" id="9b0dd086-97eb-5a55-6e89-79dde58b1fca">
      <Execution id="c272e8aa-e4d2-4154-9bc2-6ef4c1ec2880" />
      <TestMethod codeBase="/home/runner/work/BuckScienceApp/BuckScienceApp/tests/BuckScience.Tests/bin/Debug/net8.0/BuckScience.Tests.dll" adapterTypeName="executor://xunit/VsTestRunner2/netcoreapp" className="BuckScience.Tests.PhotoFilteringUrlExamples" name="BuildFilters_CameraParameters_ShouldParseCorrectly" />
    </UnitTest>
    <UnitTest name="BuckScience.Tests.Web.Helpers.WeatherHelpersTests.ConvertWindDirectionToText_VariousAngles_ReturnsCorrectDirection(degrees: 33.740000000000002, expected: &quot;NNE&quot;)" storage="/home/runner/work/buckscienceapp/buckscienceapp/tests/buckscience.tests/bin/debug/net8.0/buckscience.tests.dll" id="9323afa7-c6a5-6a33-bb74-8f4b3b4998d0">
      <Execution id="11cc747c-36cf-4991-bcd0-eee5f4facaf2" />
      <TestMethod codeBase="/home/runner/work/BuckScienceApp/BuckScienceApp/tests/BuckScience.Tests/bin/Debug/net8.0/BuckScience.Tests.dll" adapterTypeName="executor://xunit/VsTestRunner2/netcoreapp" className="BuckScience.Tests.Web.Helpers.WeatherHelpersTests" name="ConvertWindDirectionToText_VariousAngles_ReturnsCorrectDirection" />
    </UnitTest>
    <UnitTest name="BuckScience.Tests.PhotoGroupingTests.PhotoGrouping_ShouldGroupByMonthYear" storage="/home/runner/work/buckscienceapp/buckscienceapp/tests/buckscience.tests/bin/debug/net8.0/buckscience.tests.dll" id="7d1b1cf4-8561-5b1e-3cb0-e9438583a7c7">
      <Execution id="bc2627de-cc65-445c-827b-987b2ea5577a" />
      <TestMethod codeBase="/home/runner/work/BuckScienceApp/BuckScienceApp/tests/BuckScience.Tests/bin/Debug/net8.0/BuckScience.Tests.dll" adapterTypeName="executor://xunit/VsTestRunner2/netcoreapp" className="BuckScience.Tests.PhotoGroupingTests" name="PhotoGrouping_ShouldGroupByMonthYear" />
    </UnitTest>
    <UnitTest name="BuckScience.Tests.Application.Profiles.ProfileCrudTests.CreateProfile_ValidData_CreatesProfile" storage="/home/runner/work/buckscienceapp/buckscienceapp/tests/buckscience.tests/bin/debug/net8.0/buckscience.tests.dll" id="9c1cfe7d-bcc9-4b03-b265-ec26ee7c3263">
      <Execution id="358ad070-a146-408a-8dd1-ab1bda287821" />
      <TestMethod codeBase="/home/runner/work/BuckScienceApp/BuckScienceApp/tests/BuckScience.Tests/bin/Debug/net8.0/BuckScience.Tests.dll" adapterTypeName="executor://xunit/VsTestRunner2/netcoreapp" className="BuckScience.Tests.Application.Profiles.ProfileCrudTests" name="CreateProfile_ValidData_CreatesProfile" />
    </UnitTest>
    <UnitTest name="BuckScience.Tests.CameraCreateVmTests.CameraCreateVm_DirectionSync_ShouldWorkForAllDirections(direction: N, expectedDegrees: 0)" storage="/home/runner/work/buckscienceapp/buckscienceapp/tests/buckscience.tests/bin/debug/net8.0/buckscience.tests.dll" id="517f9dbf-42b8-6c68-c79b-d5d973668018">
      <Execution id="12506717-7e79-463d-86e8-f61039a45716" />
      <TestMethod codeBase="/home/runner/work/BuckScienceApp/BuckScienceApp/tests/BuckScience.Tests/bin/Debug/net8.0/BuckScience.Tests.dll" adapterTypeName="executor://xunit/VsTestRunner2/netcoreapp" className="BuckScience.Tests.CameraCreateVmTests" name="CameraCreateVm_DirectionSync_ShouldWorkForAllDirections" />
    </UnitTest>
    <UnitTest name="BuckScience.Tests.Web.Helpers.WeatherHelpersTests.ConvertWindDirectionTextToNumeric_ValidDirections_ReturnsCorrectDegrees(direction: &quot;SSE&quot;, expected: 157.5)" storage="/home/runner/work/buckscienceapp/buckscienceapp/tests/buckscience.tests/bin/debug/net8.0/buckscience.tests.dll" id="44213f5c-f4e3-7f19-6a5d-6c4a3c8d0dec">
      <Execution id="821dd441-be3c-4b5c-81bc-1e62eda3e348" />
      <TestMethod codeBase="/home/runner/work/BuckScienceApp/BuckScienceApp/tests/BuckScience.Tests/bin/Debug/net8.0/BuckScience.Tests.dll" adapterTypeName="executor://xunit/VsTestRunner2/netcoreapp" className="BuckScience.Tests.Web.Helpers.WeatherHelpersTests" name="ConvertWindDirectionTextToNumeric_ValidDirections_ReturnsCorrectDegrees" />
    </UnitTest>
    <UnitTest name="BuckScience.Tests.Web.Helpers.WeatherHelpersTests.ConvertWindDirectionToText_VariousAngles_ReturnsCorrectDirection(degrees: 33.75, expected: &quot;NE&quot;)" storage="/home/runner/work/buckscienceapp/buckscienceapp/tests/buckscience.tests/bin/debug/net8.0/buckscience.tests.dll" id="2e480f4f-8e65-8226-244e-bc56a9d64e7e">
      <Execution id="6251b467-a4bd-4ee3-b919-f36319da409b" />
      <TestMethod codeBase="/home/runner/work/BuckScienceApp/BuckScienceApp/tests/BuckScience.Tests/bin/Debug/net8.0/BuckScience.Tests.dll" adapterTypeName="executor://xunit/VsTestRunner2/netcoreapp" className="BuckScience.Tests.Web.Helpers.WeatherHelpersTests" name="ConvertWindDirectionToText_VariousAngles_ReturnsCorrectDirection" />
    </UnitTest>
    <UnitTest name="BuckScience.Tests.TaggingSystemTests.RemoveTagFromPhotos_ShouldRemoveSpecifiedTags" storage="/home/runner/work/buckscienceapp/buckscienceapp/tests/buckscience.tests/bin/debug/net8.0/buckscience.tests.dll" id="5d2b9441-7258-8eb0-806c-14775f849641">
      <Execution id="d4a27503-8f8c-4ad3-aa94-34afebdcd9b3" />
      <TestMethod codeBase="/home/runner/work/BuckScienceApp/BuckScienceApp/tests/BuckScience.Tests/bin/Debug/net8.0/BuckScience.Tests.dll" adapterTypeName="executor://xunit/VsTestRunner2/netcoreapp" className="BuckScience.Tests.TaggingSystemTests" name="RemoveTagFromPhotos_ShouldRemoveSpecifiedTags" />
    </UnitTest>
    <UnitTest name="BuckScience.Tests.CameraCreateVmTests.CameraCreateVm_DirectionSync_ShouldWorkForAllDirections(direction: E, expectedDegrees: 90)" storage="/home/runner/work/buckscienceapp/buckscienceapp/tests/buckscience.tests/bin/debug/net8.0/buckscience.tests.dll" id="9b0f50d1-0319-2e52-3133-7e2638dde793">
      <Execution id="5c841b29-a483-4726-9ee1-591549de6e2f" />
      <TestMethod codeBase="/home/runner/work/BuckScienceApp/BuckScienceApp/tests/BuckScience.Tests/bin/Debug/net8.0/BuckScience.Tests.dll" adapterTypeName="executor://xunit/VsTestRunner2/netcoreapp" className="BuckScience.Tests.CameraCreateVmTests" name="CameraCreateVm_DirectionSync_ShouldWorkForAllDirections" />
    </UnitTest>
    <UnitTest name="BuckScience.Tests.TagCleanupTests.RemoveTagFromPhotos_ShouldNotRemoveDefaultTag_EvenWhenUnused" storage="/home/runner/work/buckscienceapp/buckscienceapp/tests/buckscience.tests/bin/debug/net8.0/buckscience.tests.dll" id="c32ae7c7-19e6-4795-4595-b867002163f4">
      <Execution id="b96d09e8-5f31-4606-a579-8efcfceca368" />
      <TestMethod codeBase="/home/runner/work/BuckScienceApp/BuckScienceApp/tests/BuckScience.Tests/bin/Debug/net8.0/BuckScience.Tests.dll" adapterTypeName="executor://xunit/VsTestRunner2/netcoreapp" className="BuckScience.Tests.TagCleanupTests" name="RemoveTagFromPhotos_ShouldNotRemoveDefaultTag_EvenWhenUnused" />
    </UnitTest>
    <UnitTest name="BuckScience.Tests.PhotoFiltersTests.PhotoFilters_HasWeatherFilters_ReturnsFalseWhenNoWeatherFiltersSet" storage="/home/runner/work/buckscienceapp/buckscienceapp/tests/buckscience.tests/bin/debug/net8.0/buckscience.tests.dll" id="5d43f699-35d1-a4da-58e9-d0a22f0dcdd2">
      <Execution id="0086dfec-1330-4708-919c-6e084586ea5c" />
      <TestMethod codeBase="/home/runner/work/BuckScienceApp/BuckScienceApp/tests/BuckScience.Tests/bin/Debug/net8.0/BuckScience.Tests.dll" adapterTypeName="executor://xunit/VsTestRunner2/netcoreapp" className="BuckScience.Tests.PhotoFiltersTests" name="PhotoFilters_HasWeatherFilters_ReturnsFalseWhenNoWeatherFiltersSet" />
    </UnitTest>
    <UnitTest name="BuckScience.Tests.Web.Helpers.WeatherHelpersTests.ConvertMoonPhaseTextToNumeric_InvalidText_ReturnsNull(text: &quot;Unknown&quot;)" storage="/home/runner/work/buckscienceapp/buckscienceapp/tests/buckscience.tests/bin/debug/net8.0/buckscience.tests.dll" id="fb896724-2095-3026-71b5-ad9198efd098">
      <Execution id="6a94fc59-363c-4fec-a80b-63f09b83304e" />
      <TestMethod codeBase="/home/runner/work/BuckScienceApp/BuckScienceApp/tests/BuckScience.Tests/bin/Debug/net8.0/BuckScience.Tests.dll" adapterTypeName="executor://xunit/VsTestRunner2/netcoreapp" className="BuckScience.Tests.Web.Helpers.WeatherHelpersTests" name="ConvertMoonPhaseTextToNumeric_InvalidText_ReturnsNull" />
    </UnitTest>
    <UnitTest name="BuckScience.Tests.CameraCreateVmTests.CameraCreateVm_DirectionSync_ShouldWorkForAllDirections(direction: NE, expectedDegrees: 45)" storage="/home/runner/work/buckscienceapp/buckscienceapp/tests/buckscience.tests/bin/debug/net8.0/buckscience.tests.dll" id="3e754e7c-3120-cf7a-7a68-ce1c9a477533">
      <Execution id="e713fe34-664f-4037-b674-8ffba6e98e8b" />
      <TestMethod codeBase="/home/runner/work/BuckScienceApp/BuckScienceApp/tests/BuckScience.Tests/bin/Debug/net8.0/BuckScience.Tests.dll" adapterTypeName="executor://xunit/VsTestRunner2/netcoreapp" className="BuckScience.Tests.CameraCreateVmTests" name="CameraCreateVm_DirectionSync_ShouldWorkForAllDirections" />
    </UnitTest>
    <UnitTest name="BuckScience.Tests.PhotoFilteringUrlExamples.BuildFilters_ConditionsParameters_ShouldParseCorrectly(conditions: &quot;Clear,Cloudy&quot;, expectedConditions: [&quot;Clear&quot;, &quot;Cloudy&quot;])" storage="/home/runner/work/buckscienceapp/buckscienceapp/tests/buckscience.tests/bin/debug/net8.0/buckscience.tests.dll" id="477057b0-3b6f-36a4-06fc-1b03c23a4da7">
      <Execution id="d980981f-ffe2-4ea3-bcb2-fe4540a6c774" />
      <TestMethod codeBase="/home/runner/work/BuckScienceApp/BuckScienceApp/tests/BuckScience.Tests/bin/Debug/net8.0/BuckScience.Tests.dll" adapterTypeName="executor://xunit/VsTestRunner2/netcoreapp" className="BuckScience.Tests.PhotoFilteringUrlExamples" name="BuildFilters_ConditionsParameters_ShouldParseCorrectly" />
    </UnitTest>
    <UnitTest name="BuckScience.Tests.DirectionHelperTests.FromFloat_ShouldFindClosestDirection(degrees: -15, expectedDirection: NW)" storage="/home/runner/work/buckscienceapp/buckscienceapp/tests/buckscience.tests/bin/debug/net8.0/buckscience.tests.dll" id="4bbe555c-8fb0-44dc-18a4-86549d9ecd64">
      <Execution id="e56dd5be-11f6-467c-9f68-f5c4400bb460" />
      <TestMethod codeBase="/home/runner/work/BuckScienceApp/BuckScienceApp/tests/BuckScience.Tests/bin/Debug/net8.0/BuckScience.Tests.dll" adapterTypeName="executor://xunit/VsTestRunner2/netcoreapp" className="BuckScience.Tests.DirectionHelperTests" name="FromFloat_ShouldFindClosestDirection" />
    </UnitTest>
    <UnitTest name="BuckScience.Tests.PhotoFilteringUrlExamples.BuildFilters_UrlParameters_ShouldParseCorrectly(urlParams: &quot;tempMin=20&quot;, expectedTempMin: 20, expectedTempMax: null, expectedWindMin: null, expectedWindMax: null)" storage="/home/runner/work/buckscienceapp/buckscienceapp/tests/buckscience.tests/bin/debug/net8.0/buckscience.tests.dll" id="69b65817-cd82-0a96-5e68-ab587e27eb95">
      <Execution id="9c7658cd-e2e6-43fd-818a-60de77f2d3ca" />
      <TestMethod codeBase="/home/runner/work/BuckScienceApp/BuckScienceApp/tests/BuckScience.Tests/bin/Debug/net8.0/BuckScience.Tests.dll" adapterTypeName="executor://xunit/VsTestRunner2/netcoreapp" className="BuckScience.Tests.PhotoFilteringUrlExamples" name="BuildFilters_UrlParameters_ShouldParseCorrectly" />
    </UnitTest>
    <UnitTest name="BuckScience.Tests.TaggingRequirementsTests.Requirement2_TagUniqueness_ShouldBeEnforced" storage="/home/runner/work/buckscienceapp/buckscienceapp/tests/buckscience.tests/bin/debug/net8.0/buckscience.tests.dll" id="088d383f-5fbc-e375-2326-3e321a2adf4f">
      <Execution id="efcd7415-fb0a-4795-8f54-ce189800a6ca" />
      <TestMethod codeBase="/home/runner/work/BuckScienceApp/BuckScienceApp/tests/BuckScience.Tests/bin/Debug/net8.0/BuckScience.Tests.dll" adapterTypeName="executor://xunit/VsTestRunner2/netcoreapp" className="BuckScience.Tests.TaggingRequirementsTests" name="Requirement2_TagUniqueness_ShouldBeEnforced" />
    </UnitTest>
    <UnitTest name="BuckScience.Tests.Web.Helpers.WeatherHelpersTests.ConvertWindDirectionTextToNumeric_InvalidText_ReturnsNull(direction: &quot;&quot;)" storage="/home/runner/work/buckscienceapp/buckscienceapp/tests/buckscience.tests/bin/debug/net8.0/buckscience.tests.dll" id="8f75422e-f196-d0f3-b885-da9f9acf8fde">
      <Execution id="00e52fae-fd97-4cee-9e19-651c1ddf0602" />
      <TestMethod codeBase="/home/runner/work/BuckScienceApp/BuckScienceApp/tests/BuckScience.Tests/bin/Debug/net8.0/BuckScience.Tests.dll" adapterTypeName="executor://xunit/VsTestRunner2/netcoreapp" className="BuckScience.Tests.Web.Helpers.WeatherHelpersTests" name="ConvertWindDirectionTextToNumeric_InvalidText_ReturnsNull" />
    </UnitTest>
    <UnitTest name="BuckScience.Tests.DirectionHelperTests.FromFloat_ShouldFindClosestDirection(degrees: 67, expectedDirection: NE)" storage="/home/runner/work/buckscienceapp/buckscienceapp/tests/buckscience.tests/bin/debug/net8.0/buckscience.tests.dll" id="b2bd5000-3749-abcf-9228-2b95c005c687">
      <Execution id="c1b3be28-8d67-45a5-b8f0-84b0105131a6" />
      <TestMethod codeBase="/home/runner/work/BuckScienceApp/BuckScienceApp/tests/BuckScience.Tests/bin/Debug/net8.0/BuckScience.Tests.dll" adapterTypeName="executor://xunit/VsTestRunner2/netcoreapp" className="BuckScience.Tests.DirectionHelperTests" name="FromFloat_ShouldFindClosestDirection" />
    </UnitTest>
    <UnitTest name="BuckScience.Tests.TaggingSystemTests.GetOrCreateTag_ShouldThrowException_WhenTagNameIsInvalid(invalidTagName: &quot;   &quot;)" storage="/home/runner/work/buckscienceapp/buckscienceapp/tests/buckscience.tests/bin/debug/net8.0/buckscience.tests.dll" id="6219abff-caed-b73f-a3a3-a932c37fd5fb">
      <Execution id="fe9183f8-bea9-43e8-b009-7708c3be3595" />
      <TestMethod codeBase="/home/runner/work/BuckScienceApp/BuckScienceApp/tests/BuckScience.Tests/bin/Debug/net8.0/BuckScience.Tests.dll" adapterTypeName="executor://xunit/VsTestRunner2/netcoreapp" className="BuckScience.Tests.TaggingSystemTests" name="GetOrCreateTag_ShouldThrowException_WhenTagNameIsInvalid" />
    </UnitTest>
    <UnitTest name="BuckScience.Tests.CameraPlacementHistoryTests.Camera_Move_ShouldEndCurrentPlacementAndCreateNew" storage="/home/runner/work/buckscienceapp/buckscienceapp/tests/buckscience.tests/bin/debug/net8.0/buckscience.tests.dll" id="54dac1bc-0f72-9d60-bad7-07e4a0566a24">
      <Execution id="c7313b84-8130-497e-9ece-f90e3aca797a" />
      <TestMethod codeBase="/home/runner/work/BuckScienceApp/BuckScienceApp/tests/BuckScience.Tests/bin/Debug/net8.0/BuckScience.Tests.dll" adapterTypeName="executor://xunit/VsTestRunner2/netcoreapp" className="BuckScience.Tests.CameraPlacementHistoryTests" name="Camera_Move_ShouldEndCurrentPlacementAndCreateNew" />
    </UnitTest>
    <UnitTest name="BuckScience.Tests.FeatureHelperTests.GetFeatureDescription_ShouldReturnCorrectDescriptions" storage="/home/runner/work/buckscienceapp/buckscienceapp/tests/buckscience.tests/bin/debug/net8.0/buckscience.tests.dll" id="42292f25-9e9f-80d8-c32a-5aae5cd0c643">
      <Execution id="944e2c2a-1042-475f-965e-5b0786fa66da" />
      <TestMethod codeBase="/home/runner/work/BuckScienceApp/BuckScienceApp/tests/BuckScience.Tests/bin/Debug/net8.0/BuckScience.Tests.dll" adapterTypeName="executor://xunit/VsTestRunner2/netcoreapp" className="BuckScience.Tests.FeatureHelperTests" name="GetFeatureDescription_ShouldReturnCorrectDescriptions" />
    </UnitTest>
    <UnitTest name="BuckScience.Tests.TaggingRequirementsTests.Requirement1_DatabaseSchema_ShouldMeetAllSpecifications" storage="/home/runner/work/buckscienceapp/buckscienceapp/tests/buckscience.tests/bin/debug/net8.0/buckscience.tests.dll" id="a7aa3cc0-0ea1-3d0c-3a62-ac5a405bf34e">
      <Execution id="4860f4f4-2ac5-4cc9-a731-8c55cb8ee5e9" />
      <TestMethod codeBase="/home/runner/work/BuckScienceApp/BuckScienceApp/tests/BuckScience.Tests/bin/Debug/net8.0/BuckScience.Tests.dll" adapterTypeName="executor://xunit/VsTestRunner2/netcoreapp" className="BuckScience.Tests.TaggingRequirementsTests" name="Requirement1_DatabaseSchema_ShouldMeetAllSpecifications" />
    </UnitTest>
    <UnitTest name="BuckScience.Tests.DirectionHelperTests.FromFloat_ShouldReturnCorrectDirection(degrees: 90, expectedDirection: E)" storage="/home/runner/work/buckscienceapp/buckscienceapp/tests/buckscience.tests/bin/debug/net8.0/buckscience.tests.dll" id="3456ad39-e674-a27d-da41-053fedd7e6ad">
      <Execution id="2d74f66a-c540-4fb0-b4af-ba6f6e49ad40" />
      <TestMethod codeBase="/home/runner/work/BuckScienceApp/BuckScienceApp/tests/BuckScience.Tests/bin/Debug/net8.0/BuckScience.Tests.dll" adapterTypeName="executor://xunit/VsTestRunner2/netcoreapp" className="BuckScience.Tests.DirectionHelperTests" name="FromFloat_ShouldReturnCorrectDirection" />
    </UnitTest>
    <UnitTest name="BuckScience.Tests.Web.Helpers.WeatherHelpersTests.ConvertMoonPhaseTextToNumeric_ValidText_ReturnsCorrectValue(text: &quot;Full Moon&quot;, expected: 0.5)" storage="/home/runner/work/buckscienceapp/buckscienceapp/tests/buckscience.tests/bin/debug/net8.0/buckscience.tests.dll" id="a52561ca-dbe3-d21e-cc1f-fbc0bb577901">
      <Execution id="f0155a6e-34f6-4455-b898-774e29c6656b" />
      <TestMethod codeBase="/home/runner/work/BuckScienceApp/BuckScienceApp/tests/BuckScience.Tests/bin/Debug/net8.0/BuckScience.Tests.dll" adapterTypeName="executor://xunit/VsTestRunner2/netcoreapp" className="BuckScience.Tests.Web.Helpers.WeatherHelpersTests" name="ConvertMoonPhaseTextToNumeric_ValidText_ReturnsCorrectValue" />
    </UnitTest>
    <UnitTest name="BuckScience.Tests.PhotoFilteringComprehensiveTests.PropertyPhotosVm_WithoutFilters_CorrectProperties" storage="/home/runner/work/buckscienceapp/buckscienceapp/tests/buckscience.tests/bin/debug/net8.0/buckscience.tests.dll" id="d23e84fd-71f4-7bce-d8fe-1741eb8da08e">
      <Execution id="aac7d673-766b-4c0b-8762-0c1906235f2a" />
      <TestMethod codeBase="/home/runner/work/BuckScienceApp/BuckScienceApp/tests/BuckScience.Tests/bin/Debug/net8.0/BuckScience.Tests.dll" adapterTypeName="executor://xunit/VsTestRunner2/netcoreapp" className="BuckScience.Tests.PhotoFilteringComprehensiveTests" name="PropertyPhotosVm_WithoutFilters_CorrectProperties" />
    </UnitTest>
    <UnitTest name="BuckScience.Tests.PhotoFiltersTests.PhotoFilters_HasAnyFilters_ReturnsTrueWhenDateFilterSet" storage="/home/runner/work/buckscienceapp/buckscienceapp/tests/buckscience.tests/bin/debug/net8.0/buckscience.tests.dll" id="5281d8e8-e57c-c45e-69f7-66dd4ef8cb7b">
      <Execution id="ed3d985c-5360-4e5d-b854-022d3cb506a9" />
      <TestMethod codeBase="/home/runner/work/BuckScienceApp/BuckScienceApp/tests/BuckScience.Tests/bin/Debug/net8.0/BuckScience.Tests.dll" adapterTypeName="executor://xunit/VsTestRunner2/netcoreapp" className="BuckScience.Tests.PhotoFiltersTests" name="PhotoFilters_HasAnyFilters_ReturnsTrueWhenDateFilterSet" />
    </UnitTest>
    <UnitTest name="BuckScience.Tests.CameraPlacementHistoryTests.CameraPlacementHistory_Duration_ShouldCalculateCorrectly" storage="/home/runner/work/buckscienceapp/buckscienceapp/tests/buckscience.tests/bin/debug/net8.0/buckscience.tests.dll" id="2b043a8d-e346-04e5-47b3-898bfcbeb615">
      <Execution id="113fdce1-2274-4fdc-bf2a-36940483f910" />
      <TestMethod codeBase="/home/runner/work/BuckScienceApp/BuckScienceApp/tests/BuckScience.Tests/bin/Debug/net8.0/BuckScience.Tests.dll" adapterTypeName="executor://xunit/VsTestRunner2/netcoreapp" className="BuckScience.Tests.CameraPlacementHistoryTests" name="CameraPlacementHistory_Duration_ShouldCalculateCorrectly" />
    </UnitTest>
    <UnitTest name="BuckScience.Tests.PhotoFiltersTests.PhotoFilters_AllWeatherRangeFiltersWork" storage="/home/runner/work/buckscienceapp/buckscienceapp/tests/buckscience.tests/bin/debug/net8.0/buckscience.tests.dll" id="13b70763-63fd-f0df-582a-0fb307fcad59">
      <Execution id="1f27f7e8-2562-4da7-858b-1150e7e0f00c" />
      <TestMethod codeBase="/home/runner/work/BuckScienceApp/BuckScienceApp/tests/BuckScience.Tests/bin/Debug/net8.0/BuckScience.Tests.dll" adapterTypeName="executor://xunit/VsTestRunner2/netcoreapp" className="BuckScience.Tests.PhotoFiltersTests" name="PhotoFilters_AllWeatherRangeFiltersWork" />
    </UnitTest>
    <UnitTest name="BuckScience.Tests.CameraEditVmTests.CameraEditVm_ShouldSetAllProperties" storage="/home/runner/work/buckscienceapp/buckscienceapp/tests/buckscience.tests/bin/debug/net8.0/buckscience.tests.dll" id="93b0e2c3-3a46-c74b-dad5-afcb4f0bfcfa">
      <Execution id="e6bfde1c-b584-4fc4-b342-1e85c17496c6" />
      <TestMethod codeBase="/home/runner/work/BuckScienceApp/BuckScienceApp/tests/BuckScience.Tests/bin/Debug/net8.0/BuckScience.Tests.dll" adapterTypeName="executor://xunit/VsTestRunner2/netcoreapp" className="BuckScience.Tests.CameraEditVmTests" name="CameraEditVm_ShouldSetAllProperties" />
    </UnitTest>
    <UnitTest name="BuckScience.Tests.Web.Helpers.WeatherHelpersTests.ConvertMoonPhaseTextToNumeric_ValidText_ReturnsCorrectValue(text: &quot;Waxing Crescent&quot;, expected: 0.125)" storage="/home/runner/work/buckscienceapp/buckscienceapp/tests/buckscience.tests/bin/debug/net8.0/buckscience.tests.dll" id="7264d755-3cfa-51c2-00b7-8c3c5d03bdbd">
      <Execution id="91b25f55-82c1-40d4-9290-4a67e2c77ade" />
      <TestMethod codeBase="/home/runner/work/BuckScienceApp/BuckScienceApp/tests/BuckScience.Tests/bin/Debug/net8.0/BuckScience.Tests.dll" adapterTypeName="executor://xunit/VsTestRunner2/netcoreapp" className="BuckScience.Tests.Web.Helpers.WeatherHelpersTests" name="ConvertMoonPhaseTextToNumeric_ValidText_ReturnsCorrectValue" />
    </UnitTest>
    <UnitTest name="BuckScience.Tests.DirectionHelperTests.FromFloat_ShouldFindClosestDirection(degrees: 68, expectedDirection: E)" storage="/home/runner/work/buckscienceapp/buckscienceapp/tests/buckscience.tests/bin/debug/net8.0/buckscience.tests.dll" id="e59ff618-3ced-6a2f-d01c-20262e337085">
      <Execution id="7a18456a-6490-47cc-9c56-f433e9bbbeb3" />
      <TestMethod codeBase="/home/runner/work/BuckScienceApp/BuckScienceApp/tests/BuckScience.Tests/bin/Debug/net8.0/BuckScience.Tests.dll" adapterTypeName="executor://xunit/VsTestRunner2/netcoreapp" className="BuckScience.Tests.DirectionHelperTests" name="FromFloat_ShouldFindClosestDirection" />
    </UnitTest>
    <UnitTest name="BuckScience.Tests.Web.Helpers.WeatherHelpersTests.GetWindDirectionOptions_WithEmptyAvailable_AllUnavailable" storage="/home/runner/work/buckscienceapp/buckscienceapp/tests/buckscience.tests/bin/debug/net8.0/buckscience.tests.dll" id="8dc17fe0-66a4-6cf2-3749-0f755c367e4d">
      <Execution id="f1305c69-60bd-4bdb-9b38-4de0543d1947" />
      <TestMethod codeBase="/home/runner/work/BuckScienceApp/BuckScienceApp/tests/BuckScience.Tests/bin/Debug/net8.0/BuckScience.Tests.dll" adapterTypeName="executor://xunit/VsTestRunner2/netcoreapp" className="BuckScience.Tests.Web.Helpers.WeatherHelpersTests" name="GetWindDirectionOptions_WithEmptyAvailable_AllUnavailable" />
    </UnitTest>
    <UnitTest name="BuckScience.Tests.CameraCreateVmTests.CameraCreateVm_DirectionSync_ShouldWorkForAllDirections(direction: NW, expectedDegrees: 315)" storage="/home/runner/work/buckscienceapp/buckscienceapp/tests/buckscience.tests/bin/debug/net8.0/buckscience.tests.dll" id="be34b3ae-4d99-48a5-415d-a9f5ba8821a1">
      <Execution id="a1d93f12-7134-4175-83e2-4ba64dbd2ec3" />
      <TestMethod codeBase="/home/runner/work/BuckScienceApp/BuckScienceApp/tests/BuckScience.Tests/bin/Debug/net8.0/BuckScience.Tests.dll" adapterTypeName="executor://xunit/VsTestRunner2/netcoreapp" className="BuckScience.Tests.CameraCreateVmTests" name="CameraCreateVm_DirectionSync_ShouldWorkForAllDirections" />
    </UnitTest>
    <UnitTest name="BuckScience.Tests.Web.Helpers.WeatherHelpersTests.ConvertMoonPhaseTextToNumeric_ValidText_ReturnsCorrectValue(text: &quot;First Quarter&quot;, expected: 0.25)" storage="/home/runner/work/buckscienceapp/buckscienceapp/tests/buckscience.tests/bin/debug/net8.0/buckscience.tests.dll" id="a7640c1c-3e1a-ff5f-a7c8-4da5a8b29af2">
      <Execution id="23bec61a-b761-494d-aa7b-9fb47a631026" />
      <TestMethod codeBase="/home/runner/work/BuckScienceApp/BuckScienceApp/tests/BuckScience.Tests/bin/Debug/net8.0/BuckScience.Tests.dll" adapterTypeName="executor://xunit/VsTestRunner2/netcoreapp" className="BuckScience.Tests.Web.Helpers.WeatherHelpersTests" name="ConvertMoonPhaseTextToNumeric_ValidText_ReturnsCorrectValue" />
    </UnitTest>
    <UnitTest name="BuckScience.Tests.PhotoFiltersTests.PhotoFilters_HasWeatherFilters_ReturnsTrueWhenConditionsFilterSet" storage="/home/runner/work/buckscienceapp/buckscienceapp/tests/buckscience.tests/bin/debug/net8.0/buckscience.tests.dll" id="877174d0-c487-453a-b8ad-4f52137508be">
      <Execution id="2e0769db-280b-4b93-978a-c18aab809931" />
      <TestMethod codeBase="/home/runner/work/BuckScienceApp/BuckScienceApp/tests/BuckScience.Tests/bin/Debug/net8.0/BuckScience.Tests.dll" adapterTypeName="executor://xunit/VsTestRunner2/netcoreapp" className="BuckScience.Tests.PhotoFiltersTests" name="PhotoFilters_HasWeatherFilters_ReturnsTrueWhenConditionsFilterSet" />
    </UnitTest>
    <UnitTest name="BuckScience.Tests.DirectionHelperTests.ToFloat_ShouldReturnCorrectDegrees(direction: N, expectedDegrees: 0)" storage="/home/runner/work/buckscienceapp/buckscienceapp/tests/buckscience.tests/bin/debug/net8.0/buckscience.tests.dll" id="7882d79f-7e75-7cd0-3f6e-4fc087cc8ade">
      <Execution id="23c5f44e-520f-45eb-af32-4490368b550c" />
      <TestMethod codeBase="/home/runner/work/BuckScienceApp/BuckScienceApp/tests/BuckScience.Tests/bin/Debug/net8.0/BuckScience.Tests.dll" adapterTypeName="executor://xunit/VsTestRunner2/netcoreapp" className="BuckScience.Tests.DirectionHelperTests" name="ToFloat_ShouldReturnCorrectDegrees" />
    </UnitTest>
    <UnitTest name="BuckScience.Tests.CameraEditVmTests.CameraEditVm_SyncSelectionFromDirection_ShouldFindClosestDirection" storage="/home/runner/work/buckscienceapp/buckscienceapp/tests/buckscience.tests/bin/debug/net8.0/buckscience.tests.dll" id="8d702d1b-c14c-4dd0-cea5-aaa087d77d3f">
      <Execution id="b9cb7a27-061f-4607-bf37-6b717966dfd6" />
      <TestMethod codeBase="/home/runner/work/BuckScienceApp/BuckScienceApp/tests/BuckScience.Tests/bin/Debug/net8.0/BuckScience.Tests.dll" adapterTypeName="executor://xunit/VsTestRunner2/netcoreapp" className="BuckScience.Tests.CameraEditVmTests" name="CameraEditVm_SyncSelectionFromDirection_ShouldFindClosestDirection" />
    </UnitTest>
    <UnitTest name="BuckScience.Tests.TaggingRequirementsTests.Requirement2_PhotoTagging_ShouldSupportBulkOperations" storage="/home/runner/work/buckscienceapp/buckscienceapp/tests/buckscience.tests/bin/debug/net8.0/buckscience.tests.dll" id="75db6be7-a24b-fda6-3919-e716d174ed3d">
      <Execution id="223d6d3a-b85c-4636-872e-fe8098fe9929" />
      <TestMethod codeBase="/home/runner/work/BuckScienceApp/BuckScienceApp/tests/BuckScience.Tests/bin/Debug/net8.0/BuckScience.Tests.dll" adapterTypeName="executor://xunit/VsTestRunner2/netcoreapp" className="BuckScience.Tests.TaggingRequirementsTests" name="Requirement2_PhotoTagging_ShouldSupportBulkOperations" />
    </UnitTest>
    <UnitTest name="BuckScience.Tests.DirectionHelperTests.FromFloat_ShouldReturnCorrectDirection(degrees: 45, expectedDirection: NE)" storage="/home/runner/work/buckscienceapp/buckscienceapp/tests/buckscience.tests/bin/debug/net8.0/buckscience.tests.dll" id="abed9d03-2d03-a6ea-317e-f9cbae3ef978">
      <Execution id="84f899d2-5279-4592-8e69-aa5b584b5b00" />
      <TestMethod codeBase="/home/runner/work/BuckScienceApp/BuckScienceApp/tests/BuckScience.Tests/bin/Debug/net8.0/BuckScience.Tests.dll" adapterTypeName="executor://xunit/VsTestRunner2/netcoreapp" className="BuckScience.Tests.DirectionHelperTests" name="FromFloat_ShouldReturnCorrectDirection" />
    </UnitTest>
    <UnitTest name="BuckScience.Tests.DirectionHelperTests.FromFloat_ShouldReturnCorrectDirection(degrees: 270, expectedDirection: W)" storage="/home/runner/work/buckscienceapp/buckscienceapp/tests/buckscience.tests/bin/debug/net8.0/buckscience.tests.dll" id="77c94a3a-bf51-e754-8b05-8ef3b5f32220">
      <Execution id="edc98a68-03da-49d0-a740-d46c3511eac8" />
      <TestMethod codeBase="/home/runner/work/BuckScienceApp/BuckScienceApp/tests/BuckScience.Tests/bin/Debug/net8.0/BuckScience.Tests.dll" adapterTypeName="executor://xunit/VsTestRunner2/netcoreapp" className="BuckScience.Tests.DirectionHelperTests" name="FromFloat_ShouldReturnCorrectDirection" />
    </UnitTest>
    <UnitTest name="BuckScience.Tests.PhotoFilteringUrlExamples.BuildFilters_ConditionsParameters_ShouldParseCorrectly(conditions: &quot;Clear,Partly Cloudy,Overcast&quot;, expectedConditions: [&quot;Clear&quot;, &quot;Partly Cloudy&quot;, &quot;Overcast&quot;])" storage="/home/runner/work/buckscienceapp/buckscienceapp/tests/buckscience.tests/bin/debug/net8.0/buckscience.tests.dll" id="73d0473b-eb3b-71b8-da90-00961c42343e">
      <Execution id="c4bf4737-2e7d-47ab-a144-a9c175bc1619" />
      <TestMethod codeBase="/home/runner/work/BuckScienceApp/BuckScienceApp/tests/BuckScience.Tests/bin/Debug/net8.0/BuckScience.Tests.dll" adapterTypeName="executor://xunit/VsTestRunner2/netcoreapp" className="BuckScience.Tests.PhotoFilteringUrlExamples" name="BuildFilters_ConditionsParameters_ShouldParseCorrectly" />
    </UnitTest>
    <UnitTest name="BuckScience.Tests.Web.Helpers.WeatherHelpersTests.ConvertWindDirectionTextToNumeric_InvalidText_ReturnsNull(direction: &quot;Invalid&quot;)" storage="/home/runner/work/buckscienceapp/buckscienceapp/tests/buckscience.tests/bin/debug/net8.0/buckscience.tests.dll" id="5258a2d0-41cb-c3df-1e8f-eff8f92d5e7f">
      <Execution id="7e41f982-2e29-4103-8cff-f940962bd7bf" />
      <TestMethod codeBase="/home/runner/work/BuckScienceApp/BuckScienceApp/tests/BuckScience.Tests/bin/Debug/net8.0/BuckScience.Tests.dll" adapterTypeName="executor://xunit/VsTestRunner2/netcoreapp" className="BuckScience.Tests.Web.Helpers.WeatherHelpersTests" name="ConvertWindDirectionTextToNumeric_InvalidText_ReturnsNull" />
    </UnitTest>
    <UnitTest name="BuckScience.Tests.PhotoFilteringUrlExamples.BuildFilters_UrlParameters_ShouldParseCorrectly(urlParams: &quot;tempMax=25&quot;, expectedTempMin: null, expectedTempMax: 25, expectedWindMin: null, expectedWindMax: null)" storage="/home/runner/work/buckscienceapp/buckscienceapp/tests/buckscience.tests/bin/debug/net8.0/buckscience.tests.dll" id="78fd4f15-08d5-878b-fd2a-dd2d3bcc8384">
      <Execution id="ac3088aa-de1d-4734-b751-dcfec11f590c" />
      <TestMethod codeBase="/home/runner/work/BuckScienceApp/BuckScienceApp/tests/BuckScience.Tests/bin/Debug/net8.0/BuckScience.Tests.dll" adapterTypeName="executor://xunit/VsTestRunner2/netcoreapp" className="BuckScience.Tests.PhotoFilteringUrlExamples" name="BuildFilters_UrlParameters_ShouldParseCorrectly" />
    </UnitTest>
    <UnitTest name="BuckScience.Tests.TagCleanupTests.RemoveTagFromPhotos_ShouldCleanupTag_WhenNotUsedAnywhere" storage="/home/runner/work/buckscienceapp/buckscienceapp/tests/buckscience.tests/bin/debug/net8.0/buckscience.tests.dll" id="5439de61-630e-08c6-3445-f1eed3fd3847">
      <Execution id="1f57efcf-7266-4661-8323-7bd3fa63f029" />
      <TestMethod codeBase="/home/runner/work/BuckScienceApp/BuckScienceApp/tests/BuckScience.Tests/bin/Debug/net8.0/BuckScience.Tests.dll" adapterTypeName="executor://xunit/VsTestRunner2/netcoreapp" className="BuckScience.Tests.TagCleanupTests" name="RemoveTagFromPhotos_ShouldCleanupTag_WhenNotUsedAnywhere" />
    </UnitTest>
    <UnitTest name="BuckScience.Tests.PhotoFilteringComprehensiveTests.PropertyPhotosVm_WithFilters_CorrectProperties" storage="/home/runner/work/buckscienceapp/buckscienceapp/tests/buckscience.tests/bin/debug/net8.0/buckscience.tests.dll" id="2cc2759a-0e74-d1e3-53c0-3d706804902c">
      <Execution id="4e1de8f9-60f7-477f-8de5-65a43dd14687" />
      <TestMethod codeBase="/home/runner/work/BuckScienceApp/BuckScienceApp/tests/BuckScience.Tests/bin/Debug/net8.0/BuckScience.Tests.dll" adapterTypeName="executor://xunit/VsTestRunner2/netcoreapp" className="BuckScience.Tests.PhotoFilteringComprehensiveTests" name="PropertyPhotosVm_WithFilters_CorrectProperties" />
    </UnitTest>
    <UnitTest name="BuckScience.Tests.Web.Helpers.WeatherHelpersTests.ConvertWindDirectionTextToNumeric_ValidDirections_ReturnsCorrectDegrees(direction: &quot;N&quot;, expected: 0)" storage="/home/runner/work/buckscienceapp/buckscienceapp/tests/buckscience.tests/bin/debug/net8.0/buckscience.tests.dll" id="5c61d628-c74f-c8f0-779e-82c0c2dc77df">
      <Execution id="ac0c0fc0-a6a1-43a8-b5a2-d440cfb695b9" />
      <TestMethod codeBase="/home/runner/work/BuckScienceApp/BuckScienceApp/tests/BuckScience.Tests/bin/Debug/net8.0/BuckScience.Tests.dll" adapterTypeName="executor://xunit/VsTestRunner2/netcoreapp" className="BuckScience.Tests.Web.Helpers.WeatherHelpersTests" name="ConvertWindDirectionTextToNumeric_ValidDirections_ReturnsCorrectDegrees" />
    </UnitTest>
    <UnitTest name="BuckScience.Tests.Web.Helpers.WeatherHelpersTests.ConvertMoonPhaseToText_VariousValues_ReturnsCorrectText(phase: 0.10000000000000001, expected: &quot;Waxing Crescent&quot;)" storage="/home/runner/work/buckscienceapp/buckscienceapp/tests/buckscience.tests/bin/debug/net8.0/buckscience.tests.dll" id="31c8774a-1539-0a44-3404-de06d646b468">
      <Execution id="d66ce918-4b72-462a-898c-613f2e727eb1" />
      <TestMethod codeBase="/home/runner/work/BuckScienceApp/BuckScienceApp/tests/BuckScience.Tests/bin/Debug/net8.0/BuckScience.Tests.dll" adapterTypeName="executor://xunit/VsTestRunner2/netcoreapp" className="BuckScience.Tests.Web.Helpers.WeatherHelpersTests" name="ConvertMoonPhaseToText_VariousValues_ReturnsCorrectText" />
    </UnitTest>
    <UnitTest name="BuckScience.Tests.PhotoFilteringUrlExamples.BuildFilters_UrlParameters_ShouldParseCorrectly(urlParams: &quot;tempMin=10&amp;tempMax=30&quot;, expectedTempMin: 10, expectedTempMax: 30, expectedWindMin: null, expectedWindMax: null)" storage="/home/runner/work/buckscienceapp/buckscienceapp/tests/buckscience.tests/bin/debug/net8.0/buckscience.tests.dll" id="ce73eb79-a497-c2a4-9a02-ef4f9a7168c5">
      <Execution id="fb6e486c-28f6-40ea-9ab3-5e788520e622" />
      <TestMethod codeBase="/home/runner/work/BuckScienceApp/BuckScienceApp/tests/BuckScience.Tests/bin/Debug/net8.0/BuckScience.Tests.dll" adapterTypeName="executor://xunit/VsTestRunner2/netcoreapp" className="BuckScience.Tests.PhotoFilteringUrlExamples" name="BuildFilters_UrlParameters_ShouldParseCorrectly" />
    </UnitTest>
    <UnitTest name="BuckScience.Tests.Web.Helpers.WeatherHelpersTests.ConvertWindDirectionTextToNumeric_ValidDirections_ReturnsCorrectDegrees(direction: &quot;E&quot;, expected: 90)" storage="/home/runner/work/buckscienceapp/buckscienceapp/tests/buckscience.tests/bin/debug/net8.0/buckscience.tests.dll" id="a4c9dc78-d66c-c69a-90ef-d545d65a1a43">
      <Execution id="7384aefe-2b92-478c-ae33-8b88cf5ca8cb" />
      <TestMethod codeBase="/home/runner/work/BuckScienceApp/BuckScienceApp/tests/BuckScience.Tests/bin/Debug/net8.0/BuckScience.Tests.dll" adapterTypeName="executor://xunit/VsTestRunner2/netcoreapp" className="BuckScience.Tests.Web.Helpers.WeatherHelpersTests" name="ConvertWindDirectionTextToNumeric_ValidDirections_ReturnsCorrectDegrees" />
    </UnitTest>
    <UnitTest name="BuckScience.Tests.Web.Helpers.WeatherHelpersTests.ConvertWindDirectionToText_VariousAngles_ReturnsCorrectDirection(degrees: 360, expected: &quot;N&quot;)" storage="/home/runner/work/buckscienceapp/buckscienceapp/tests/buckscience.tests/bin/debug/net8.0/buckscience.tests.dll" id="396d4f9b-ac51-22fa-04b5-9956711699f1">
      <Execution id="bdc2ff6c-c0d8-4a66-a4cc-bcb6167d1326" />
      <TestMethod codeBase="/home/runner/work/BuckScienceApp/BuckScienceApp/tests/BuckScience.Tests/bin/Debug/net8.0/BuckScience.Tests.dll" adapterTypeName="executor://xunit/VsTestRunner2/netcoreapp" className="BuckScience.Tests.Web.Helpers.WeatherHelpersTests" name="ConvertWindDirectionToText_VariousAngles_ReturnsCorrectDirection" />
    </UnitTest>
    <UnitTest name="BuckScience.Tests.Web.Helpers.WeatherHelpersTests.ConvertWindDirectionTextToNumeric_CaseInsensitive_Works" storage="/home/runner/work/buckscienceapp/buckscienceapp/tests/buckscience.tests/bin/debug/net8.0/buckscience.tests.dll" id="57fdcf56-cdf1-9f39-baba-1b1c695971d5">
      <Execution id="d30582db-710a-4571-a9bf-bd4e752ac699" />
      <TestMethod codeBase="/home/runner/work/BuckScienceApp/BuckScienceApp/tests/BuckScience.Tests/bin/Debug/net8.0/BuckScience.Tests.dll" adapterTypeName="executor://xunit/VsTestRunner2/netcoreapp" className="BuckScience.Tests.Web.Helpers.WeatherHelpersTests" name="ConvertWindDirectionTextToNumeric_CaseInsensitive_Works" />
    </UnitTest>
    <UnitTest name="BuckScience.Tests.Web.Helpers.WeatherHelpersTests.ConvertWindDirectionTextToNumeric_ValidDirections_ReturnsCorrectDegrees(direction: &quot;SE&quot;, expected: 135)" storage="/home/runner/work/buckscienceapp/buckscienceapp/tests/buckscience.tests/bin/debug/net8.0/buckscience.tests.dll" id="c91192db-21fb-4e08-e57b-721298eb140d">
      <Execution id="b0e26db4-c560-45f0-963b-ca13c1ef5ac8" />
      <TestMethod codeBase="/home/runner/work/BuckScienceApp/BuckScienceApp/tests/BuckScience.Tests/bin/Debug/net8.0/BuckScience.Tests.dll" adapterTypeName="executor://xunit/VsTestRunner2/netcoreapp" className="BuckScience.Tests.Web.Helpers.WeatherHelpersTests" name="ConvertWindDirectionTextToNumeric_ValidDirections_ReturnsCorrectDegrees" />
    </UnitTest>
    <UnitTest name="BuckScience.Tests.Web.Helpers.WeatherHelpersTests.ConvertWindDirectionToText_VariousAngles_ReturnsCorrectDirection(degrees: 90, expected: &quot;E&quot;)" storage="/home/runner/work/buckscienceapp/buckscienceapp/tests/buckscience.tests/bin/debug/net8.0/buckscience.tests.dll" id="282510b6-3046-16e6-500c-da1402387fc9">
      <Execution id="92de1357-7bba-4c0d-b74b-6cbb9a2ab4f1" />
      <TestMethod codeBase="/home/runner/work/BuckScienceApp/BuckScienceApp/tests/BuckScience.Tests/bin/Debug/net8.0/BuckScience.Tests.dll" adapterTypeName="executor://xunit/VsTestRunner2/netcoreapp" className="BuckScience.Tests.Web.Helpers.WeatherHelpersTests" name="ConvertWindDirectionToText_VariousAngles_ReturnsCorrectDirection" />
    </UnitTest>
    <UnitTest name="BuckScience.Tests.Web.Helpers.WeatherHelpersTests.ConvertWindDirectionToText_VariousAngles_ReturnsCorrectDirection(degrees: 0, expected: &quot;N&quot;)" storage="/home/runner/work/buckscienceapp/buckscienceapp/tests/buckscience.tests/bin/debug/net8.0/buckscience.tests.dll" id="d158f051-212f-d40f-0819-bf99fbd314c0">
      <Execution id="cb0f024d-a609-477b-b035-203bccf6a454" />
      <TestMethod codeBase="/home/runner/work/BuckScienceApp/BuckScienceApp/tests/BuckScience.Tests/bin/Debug/net8.0/BuckScience.Tests.dll" adapterTypeName="executor://xunit/VsTestRunner2/netcoreapp" className="BuckScience.Tests.Web.Helpers.WeatherHelpersTests" name="ConvertWindDirectionToText_VariousAngles_ReturnsCorrectDirection" />
    </UnitTest>
    <UnitTest name="BuckScience.Tests.PhotoFilteringIntegrationTests.BuildFilters_WithInvalidCameraIds_IgnoresInvalidIds" storage="/home/runner/work/buckscienceapp/buckscienceapp/tests/buckscience.tests/bin/debug/net8.0/buckscience.tests.dll" id="22422765-9e0c-6be7-c83c-360c392ca9f5">
      <Execution id="afbb62c5-775f-4a0a-addf-acbb0d434a8d" />
      <TestMethod codeBase="/home/runner/work/BuckScienceApp/BuckScienceApp/tests/BuckScience.Tests/bin/Debug/net8.0/BuckScience.Tests.dll" adapterTypeName="executor://xunit/VsTestRunner2/netcoreapp" className="BuckScience.Tests.PhotoFilteringIntegrationTests" name="BuildFilters_WithInvalidCameraIds_IgnoresInvalidIds" />
    </UnitTest>
    <UnitTest name="BuckScience.Tests.Web.Helpers.WeatherHelpersTests.ConvertMoonPhaseToText_VariousValues_ReturnsCorrectText(phase: 0.5, expected: &quot;Full Moon&quot;)" storage="/home/runner/work/buckscienceapp/buckscienceapp/tests/buckscience.tests/bin/debug/net8.0/buckscience.tests.dll" id="8d324366-3662-08e0-9537-a5a51d46bda5">
      <Execution id="8de20537-2485-46bb-938d-96abf7920866" />
      <TestMethod codeBase="/home/runner/work/BuckScienceApp/BuckScienceApp/tests/BuckScience.Tests/bin/Debug/net8.0/BuckScience.Tests.dll" adapterTypeName="executor://xunit/VsTestRunner2/netcoreapp" className="BuckScience.Tests.Web.Helpers.WeatherHelpersTests" name="ConvertMoonPhaseToText_VariousValues_ReturnsCorrectText" />
    </UnitTest>
    <UnitTest name="BuckScience.Tests.Web.Helpers.WeatherHelpersTests.ConvertMoonPhaseTextToNumeric_ValidText_ReturnsCorrectValue(text: &quot;Last Quarter&quot;, expected: 0.75)" storage="/home/runner/work/buckscienceapp/buckscienceapp/tests/buckscience.tests/bin/debug/net8.0/buckscience.tests.dll" id="2582410d-2726-a653-733b-0912934edde4">
      <Execution id="6e9e9304-188a-49a0-baa0-f3186a571a39" />
      <TestMethod codeBase="/home/runner/work/BuckScienceApp/BuckScienceApp/tests/BuckScience.Tests/bin/Debug/net8.0/BuckScience.Tests.dll" adapterTypeName="executor://xunit/VsTestRunner2/netcoreapp" className="BuckScience.Tests.Web.Helpers.WeatherHelpersTests" name="ConvertMoonPhaseTextToNumeric_ValidText_ReturnsCorrectValue" />
    </UnitTest>
    <UnitTest name="BuckScience.Tests.PhotoFilteringComprehensiveTests.PhotoFiltering_BackwardCompatibility_WithoutFilters" storage="/home/runner/work/buckscienceapp/buckscienceapp/tests/buckscience.tests/bin/debug/net8.0/buckscience.tests.dll" id="6e95a11c-ba0a-17a5-b618-642e6194107c">
      <Execution id="c1b8e308-22ea-4efe-ba35-bc931e73eb2d" />
      <TestMethod codeBase="/home/runner/work/BuckScienceApp/BuckScienceApp/tests/BuckScience.Tests/bin/Debug/net8.0/BuckScience.Tests.dll" adapterTypeName="executor://xunit/VsTestRunner2/netcoreapp" className="BuckScience.Tests.PhotoFilteringComprehensiveTests" name="PhotoFiltering_BackwardCompatibility_WithoutFilters" />
    </UnitTest>
    <UnitTest name="BuckScience.Tests.FeatureHelperTests.GetCategoryName_ShouldReturnCorrectCategoryNames" storage="/home/runner/work/buckscienceapp/buckscienceapp/tests/buckscience.tests/bin/debug/net8.0/buckscience.tests.dll" id="4e68cf9a-2a3a-1e07-4a4f-0cf27d8d2bbb">
      <Execution id="61b03026-b683-4257-857c-f80338b44a82" />
      <TestMethod codeBase="/home/runner/work/BuckScienceApp/BuckScienceApp/tests/BuckScience.Tests/bin/Debug/net8.0/BuckScience.Tests.dll" adapterTypeName="executor://xunit/VsTestRunner2/netcoreapp" className="BuckScience.Tests.FeatureHelperTests" name="GetCategoryName_ShouldReturnCorrectCategoryNames" />
    </UnitTest>
    <UnitTest name="BuckScience.Tests.DirectionHelperTests.ToFloat_ShouldReturnCorrectDegrees(direction: SW, expectedDegrees: 225)" storage="/home/runner/work/buckscienceapp/buckscienceapp/tests/buckscience.tests/bin/debug/net8.0/buckscience.tests.dll" id="d2d2f826-9cbd-9c14-4121-a07b2094c76e">
      <Execution id="7855edde-7172-47d4-89ce-e32c2e473502" />
      <TestMethod codeBase="/home/runner/work/BuckScienceApp/BuckScienceApp/tests/BuckScience.Tests/bin/Debug/net8.0/BuckScience.Tests.dll" adapterTypeName="executor://xunit/VsTestRunner2/netcoreapp" className="BuckScience.Tests.DirectionHelperTests" name="ToFloat_ShouldReturnCorrectDegrees" />
    </UnitTest>
    <UnitTest name="BuckScience.Tests.Web.Helpers.WeatherHelpersTests.ConvertWindDirectionToText_VariousAngles_ReturnsCorrectDirection(degrees: -10, expected: &quot;N&quot;)" storage="/home/runner/work/buckscienceapp/buckscienceapp/tests/buckscience.tests/bin/debug/net8.0/buckscience.tests.dll" id="62aa58ea-9077-0f9e-c60d-aafd4a8d0ad6">
      <Execution id="f5a653c0-486b-4bd1-8a94-1cd2bfe577d5" />
      <TestMethod codeBase="/home/runner/work/BuckScienceApp/BuckScienceApp/tests/BuckScience.Tests/bin/Debug/net8.0/BuckScience.Tests.dll" adapterTypeName="executor://xunit/VsTestRunner2/netcoreapp" className="BuckScience.Tests.Web.Helpers.WeatherHelpersTests" name="ConvertWindDirectionToText_VariousAngles_ReturnsCorrectDirection" />
    </UnitTest>
    <UnitTest name="BuckScience.Tests.Web.Helpers.WeatherHelpersTests.ConvertWindDirectionToText_VariousAngles_ReturnsCorrectDirection(degrees: 348.75, expected: &quot;N&quot;)" storage="/home/runner/work/buckscienceapp/buckscienceapp/tests/buckscience.tests/bin/debug/net8.0/buckscience.tests.dll" id="fa4cc283-dfe0-de36-3d73-29ab1e351353">
      <Execution id="9a3bf709-e7cd-4f1c-9bda-fa75c9ba6b2e" />
      <TestMethod codeBase="/home/runner/work/BuckScienceApp/BuckScienceApp/tests/BuckScience.Tests/bin/Debug/net8.0/BuckScience.Tests.dll" adapterTypeName="executor://xunit/VsTestRunner2/netcoreapp" className="BuckScience.Tests.Web.Helpers.WeatherHelpersTests" name="ConvertWindDirectionToText_VariousAngles_ReturnsCorrectDirection" />
    </UnitTest>
    <UnitTest name="BuckScience.Tests.DirectionHelperTests.ToFloat_ShouldReturnCorrectDegrees(direction: E, expectedDegrees: 90)" storage="/home/runner/work/buckscienceapp/buckscienceapp/tests/buckscience.tests/bin/debug/net8.0/buckscience.tests.dll" id="b7a065c7-7a2e-0d14-6498-b30f746da816">
      <Execution id="46e9a17d-a1ed-4e48-88a0-41688a8b4f0f" />
      <TestMethod codeBase="/home/runner/work/BuckScienceApp/BuckScienceApp/tests/BuckScience.Tests/bin/Debug/net8.0/BuckScience.Tests.dll" adapterTypeName="executor://xunit/VsTestRunner2/netcoreapp" className="BuckScience.Tests.DirectionHelperTests" name="ToFloat_ShouldReturnCorrectDegrees" />
    </UnitTest>
    <UnitTest name="BuckScience.Tests.Web.Helpers.WeatherHelpersTests.ConvertMoonPhaseToText_VariousValues_ReturnsCorrectText(phase: 0.02, expected: &quot;New Moon&quot;)" storage="/home/runner/work/buckscienceapp/buckscienceapp/tests/buckscience.tests/bin/debug/net8.0/buckscience.tests.dll" id="d7049aa3-0901-3782-ef96-d1caac1bac5e">
      <Execution id="f62a6f07-5eec-426b-a399-3b92af61972e" />
      <TestMethod codeBase="/home/runner/work/BuckScienceApp/BuckScienceApp/tests/BuckScience.Tests/bin/Debug/net8.0/BuckScience.Tests.dll" adapterTypeName="executor://xunit/VsTestRunner2/netcoreapp" className="BuckScience.Tests.Web.Helpers.WeatherHelpersTests" name="ConvertMoonPhaseToText_VariousValues_ReturnsCorrectText" />
    </UnitTest>
    <UnitTest name="BuckScience.Tests.CameraEditVmTests.CameraEditVm_ValidationAttributes_ShouldBeApplied" storage="/home/runner/work/buckscienceapp/buckscienceapp/tests/buckscience.tests/bin/debug/net8.0/buckscience.tests.dll" id="def966b3-b198-e5b0-2219-bdde89be7924">
      <Execution id="52916829-9d79-410d-b06e-ea4bec0a4c3a" />
      <TestMethod codeBase="/home/runner/work/BuckScienceApp/BuckScienceApp/tests/BuckScience.Tests/bin/Debug/net8.0/BuckScience.Tests.dll" adapterTypeName="executor://xunit/VsTestRunner2/netcoreapp" className="BuckScience.Tests.CameraEditVmTests" name="CameraEditVm_ValidationAttributes_ShouldBeApplied" />
    </UnitTest>
    <UnitTest name="BuckScience.Tests.PhotoFilteringIntegrationTests.BuildFilters_WithDateRange_ReturnsFiltersWithDates" storage="/home/runner/work/buckscienceapp/buckscienceapp/tests/buckscience.tests/bin/debug/net8.0/buckscience.tests.dll" id="c900e632-ca6a-8d11-765e-c59876f4f7f8">
      <Execution id="b8590118-7b7c-4f88-a39c-84e23330f49c" />
      <TestMethod codeBase="/home/runner/work/BuckScienceApp/BuckScienceApp/tests/BuckScience.Tests/bin/Debug/net8.0/BuckScience.Tests.dll" adapterTypeName="executor://xunit/VsTestRunner2/netcoreapp" className="BuckScience.Tests.PhotoFilteringIntegrationTests" name="BuildFilters_WithDateRange_ReturnsFiltersWithDates" />
    </UnitTest>
    <UnitTest name="BuckScience.Tests.Web.Helpers.WeatherHelpersTests.ConvertMoonPhaseToText_VariousValues_ReturnsCorrectText(phase: 0, expected: &quot;New Moon&quot;)" storage="/home/runner/work/buckscienceapp/buckscienceapp/tests/buckscience.tests/bin/debug/net8.0/buckscience.tests.dll" id="61590a98-8800-c63c-636c-5d74543a54c1">
      <Execution id="a77076e1-3b55-4989-87f2-284efd3d8fdc" />
      <TestMethod codeBase="/home/runner/work/BuckScienceApp/BuckScienceApp/tests/BuckScience.Tests/bin/Debug/net8.0/BuckScience.Tests.dll" adapterTypeName="executor://xunit/VsTestRunner2/netcoreapp" className="BuckScience.Tests.Web.Helpers.WeatherHelpersTests" name="ConvertMoonPhaseToText_VariousValues_ReturnsCorrectText" />
    </UnitTest>
    <UnitTest name="BuckScience.Tests.PhotoFilteringIntegrationTests.BuildFilters_WithNoParameters_ReturnsNull" storage="/home/runner/work/buckscienceapp/buckscienceapp/tests/buckscience.tests/bin/debug/net8.0/buckscience.tests.dll" id="697a3a18-bb68-1bc4-ecac-a4680501e02f">
      <Execution id="ca7091c9-e881-4374-af4b-f32a01b213da" />
      <TestMethod codeBase="/home/runner/work/BuckScienceApp/BuckScienceApp/tests/BuckScience.Tests/bin/Debug/net8.0/BuckScience.Tests.dll" adapterTypeName="executor://xunit/VsTestRunner2/netcoreapp" className="BuckScience.Tests.PhotoFilteringIntegrationTests" name="BuildFilters_WithNoParameters_ReturnsNull" />
    </UnitTest>
    <UnitTest name="BuckScience.Tests.PhotoFiltersTests.PhotoFilters_HasWeatherFilters_ReturnsTrueWhenTemperatureFilterSet" storage="/home/runner/work/buckscienceapp/buckscienceapp/tests/buckscience.tests/bin/debug/net8.0/buckscience.tests.dll" id="ce19e570-cfff-5516-73c5-0c25670038af">
      <Execution id="f0de6d42-0643-442f-b88d-6040c4f2d919" />
      <TestMethod codeBase="/home/runner/work/BuckScienceApp/BuckScienceApp/tests/BuckScience.Tests/bin/Debug/net8.0/BuckScience.Tests.dll" adapterTypeName="executor://xunit/VsTestRunner2/netcoreapp" className="BuckScience.Tests.PhotoFiltersTests" name="PhotoFilters_HasWeatherFilters_ReturnsTrueWhenTemperatureFilterSet" />
    </UnitTest>
    <UnitTest name="BuckScience.Tests.TaggingRequirementsTests.Requirement2_NewTagCreation_ShouldBeSupported" storage="/home/runner/work/buckscienceapp/buckscienceapp/tests/buckscience.tests/bin/debug/net8.0/buckscience.tests.dll" id="ddd7ef0f-f8d8-3f23-14c1-c969cc917d3a">
      <Execution id="ea525203-6712-49d9-81ee-6fa9a34f9800" />
      <TestMethod codeBase="/home/runner/work/BuckScienceApp/BuckScienceApp/tests/BuckScience.Tests/bin/Debug/net8.0/BuckScience.Tests.dll" adapterTypeName="executor://xunit/VsTestRunner2/netcoreapp" className="BuckScience.Tests.TaggingRequirementsTests" name="Requirement2_NewTagCreation_ShouldBeSupported" />
    </UnitTest>
    <UnitTest name="BuckScience.Tests.Web.Helpers.WeatherHelpersTests.ConvertWindDirectionToText_VariousAngles_ReturnsCorrectDirection(degrees: 11.25, expected: &quot;NNE&quot;)" storage="/home/runner/work/buckscienceapp/buckscienceapp/tests/buckscience.tests/bin/debug/net8.0/buckscience.tests.dll" id="59d49ae8-fe17-c8a4-30e6-e31bf9671e6d">
      <Execution id="70a54b67-2aa3-4460-ad96-0d663ff1c984" />
      <TestMethod codeBase="/home/runner/work/BuckScienceApp/BuckScienceApp/tests/BuckScience.Tests/bin/Debug/net8.0/BuckScience.Tests.dll" adapterTypeName="executor://xunit/VsTestRunner2/netcoreapp" className="BuckScience.Tests.Web.Helpers.WeatherHelpersTests" name="ConvertWindDirectionToText_VariousAngles_ReturnsCorrectDirection" />
    </UnitTest>
    <UnitTest name="BuckScience.Tests.CameraPlacementHistoryTests.Camera_CurrentLocationProperties_ShouldReturnFromPlacementHistory" storage="/home/runner/work/buckscienceapp/buckscienceapp/tests/buckscience.tests/bin/debug/net8.0/buckscience.tests.dll" id="185a6cd6-33af-0e1e-0bd1-2a440f9d65a0">
      <Execution id="88abf0d8-eec3-4075-91ed-6f75dd0f6453" />
      <TestMethod codeBase="/home/runner/work/BuckScienceApp/BuckScienceApp/tests/BuckScience.Tests/bin/Debug/net8.0/BuckScience.Tests.dll" adapterTypeName="executor://xunit/VsTestRunner2/netcoreapp" className="BuckScience.Tests.CameraPlacementHistoryTests" name="Camera_CurrentLocationProperties_ShouldReturnFromPlacementHistory" />
    </UnitTest>
    <UnitTest name="BuckScience.Tests.TagCleanupTests.RemoveTagFromPhotos_ShouldKeepTagAndPropertyTag_WhenUsedOnOtherProperties" storage="/home/runner/work/buckscienceapp/buckscienceapp/tests/buckscience.tests/bin/debug/net8.0/buckscience.tests.dll" id="dc5b4323-69df-5b53-04b8-b2edd86e4211">
      <Execution id="97ef2105-1e95-4891-8641-50cf9de860b2" />
      <TestMethod codeBase="/home/runner/work/BuckScienceApp/BuckScienceApp/tests/BuckScience.Tests/bin/Debug/net8.0/BuckScience.Tests.dll" adapterTypeName="executor://xunit/VsTestRunner2/netcoreapp" className="BuckScience.Tests.TagCleanupTests" name="RemoveTagFromPhotos_ShouldKeepTagAndPropertyTag_WhenUsedOnOtherProperties" />
    </UnitTest>
    <UnitTest name="BuckScience.Tests.PhotoFilteringUrlExamples.BuildFilters_CameraParameters_ShouldParseCorrectly(cameras: &quot;1,5,10&quot;, expectedCameras: [1, 5, 10])" storage="/home/runner/work/buckscienceapp/buckscienceapp/tests/buckscience.tests/bin/debug/net8.0/buckscience.tests.dll" id="0249bb7c-cd9a-b690-46ba-3252e9d64885">
      <Execution id="52f21dad-ac70-4757-a775-5b88161ddce8" />
      <TestMethod codeBase="/home/runner/work/BuckScienceApp/BuckScienceApp/tests/BuckScience.Tests/bin/Debug/net8.0/BuckScience.Tests.dll" adapterTypeName="executor://xunit/VsTestRunner2/netcoreapp" className="BuckScience.Tests.PhotoFilteringUrlExamples" name="BuildFilters_CameraParameters_ShouldParseCorrectly" />
    </UnitTest>
    <UnitTest name="BuckScience.Tests.PhotoFilteringComprehensiveTests.PhotoFilters_ComplexCombination_AllFilterTypes" storage="/home/runner/work/buckscienceapp/buckscienceapp/tests/buckscience.tests/bin/debug/net8.0/buckscience.tests.dll" id="81cae9df-520c-bb72-ca7a-30a828451359">
      <Execution id="76491491-2ce8-4019-8ae9-04f58324a7fc" />
      <TestMethod codeBase="/home/runner/work/BuckScienceApp/BuckScienceApp/tests/BuckScience.Tests/bin/Debug/net8.0/BuckScience.Tests.dll" adapterTypeName="executor://xunit/VsTestRunner2/netcoreapp" className="BuckScience.Tests.PhotoFilteringComprehensiveTests" name="PhotoFilters_ComplexCombination_AllFilterTypes" />
    </UnitTest>
    <UnitTest name="BuckScience.Tests.DirectionHelperTests.FromFloat_ShouldReturnCorrectDirection(degrees: 135, expectedDirection: SE)" storage="/home/runner/work/buckscienceapp/buckscienceapp/tests/buckscience.tests/bin/debug/net8.0/buckscience.tests.dll" id="4bb73173-b83c-b642-8102-032feaeaf8ff">
      <Execution id="ac34d8e1-7282-4696-a046-0e2106235f06" />
      <TestMethod codeBase="/home/runner/work/BuckScienceApp/BuckScienceApp/tests/BuckScience.Tests/bin/Debug/net8.0/BuckScience.Tests.dll" adapterTypeName="executor://xunit/VsTestRunner2/netcoreapp" className="BuckScience.Tests.DirectionHelperTests" name="FromFloat_ShouldReturnCorrectDirection" />
    </UnitTest>
    <UnitTest name="BuckScience.Tests.Web.Helpers.WeatherHelpersTests.ConvertMoonPhaseTextToNumeric_ValidText_ReturnsCorrectValue(text: &quot;Waxing Gibbous&quot;, expected: 0.375)" storage="/home/runner/work/buckscienceapp/buckscienceapp/tests/buckscience.tests/bin/debug/net8.0/buckscience.tests.dll" id="1c0d7c7b-e498-3c7a-c145-fce1f6e14e16">
      <Execution id="d5c8ab1d-8eb8-4400-995e-a09954f5f13e" />
      <TestMethod codeBase="/home/runner/work/BuckScienceApp/BuckScienceApp/tests/BuckScience.Tests/bin/Debug/net8.0/BuckScience.Tests.dll" adapterTypeName="executor://xunit/VsTestRunner2/netcoreapp" className="BuckScience.Tests.Web.Helpers.WeatherHelpersTests" name="ConvertMoonPhaseTextToNumeric_ValidText_ReturnsCorrectValue" />
    </UnitTest>
    <UnitTest name="BuckScience.Tests.CameraCreateVmTests.CameraCreateVm_SyncDirectionFromSelection_ShouldUpdateDirectionDegrees" storage="/home/runner/work/buckscienceapp/buckscienceapp/tests/buckscience.tests/bin/debug/net8.0/buckscience.tests.dll" id="1be37c51-af7c-9e7b-8fa3-a746d27f5f9b">
      <Execution id="4d3780a9-c7b5-4fdd-88c3-108ab30b4e50" />
      <TestMethod codeBase="/home/runner/work/BuckScienceApp/BuckScienceApp/tests/BuckScience.Tests/bin/Debug/net8.0/BuckScience.Tests.dll" adapterTypeName="executor://xunit/VsTestRunner2/netcoreapp" className="BuckScience.Tests.CameraCreateVmTests" name="CameraCreateVm_SyncDirectionFromSelection_ShouldUpdateDirectionDegrees" />
    </UnitTest>
    <UnitTest name="BuckScience.Tests.TaggingSystemTests.GetOrCreateTag_ShouldCreateNewTag_WhenTagDoesNotExist" storage="/home/runner/work/buckscienceapp/buckscienceapp/tests/buckscience.tests/bin/debug/net8.0/buckscience.tests.dll" id="f691e718-46df-21d8-be15-dfb8d4456f03">
      <Execution id="5d29ccf9-1241-4f70-b20c-48dedab9e2a6" />
      <TestMethod codeBase="/home/runner/work/BuckScienceApp/BuckScienceApp/tests/BuckScience.Tests/bin/Debug/net8.0/BuckScience.Tests.dll" adapterTypeName="executor://xunit/VsTestRunner2/netcoreapp" className="BuckScience.Tests.TaggingSystemTests" name="GetOrCreateTag_ShouldCreateNewTag_WhenTagDoesNotExist" />
    </UnitTest>
  </TestDefinitions>
  <TestEntries>
    <TestEntry testId="11c53883-3d96-0957-d8a1-9dcf44cb5e78" executionId="da2dd658-c872-4da9-adcb-98dfbe9f80a4" testListId="8c84fa94-04c1-424b-9868-57a2d4851a1d" />
    <TestEntry testId="7175185a-7456-021f-eecb-6c991ffd0d08" executionId="f97c5e7b-cdd5-4438-b090-ff3856aecabf" testListId="8c84fa94-04c1-424b-9868-57a2d4851a1d" />
    <TestEntry testId="63390816-73a6-312f-e706-2ca3dfa39f0e" executionId="bcfbb208-f4a7-45b1-aad7-2bdecc120340" testListId="8c84fa94-04c1-424b-9868-57a2d4851a1d" />
    <TestEntry testId="8f75422e-f196-d0f3-b885-da9f9acf8fde" executionId="00e52fae-fd97-4cee-9e19-651c1ddf0602" testListId="8c84fa94-04c1-424b-9868-57a2d4851a1d" />
    <TestEntry testId="4331c44f-f3ff-6fce-80db-d30dfc1b0433" executionId="858655e9-2117-40de-8cfb-509fefc2a553" testListId="8c84fa94-04c1-424b-9868-57a2d4851a1d" />
    <TestEntry testId="93b0e2c3-3a46-c74b-dad5-afcb4f0bfcfa" executionId="e6bfde1c-b584-4fc4-b342-1e85c17496c6" testListId="8c84fa94-04c1-424b-9868-57a2d4851a1d" />
    <TestEntry testId="9b0f50d1-0319-2e52-3133-7e2638dde793" executionId="5c841b29-a483-4726-9ee1-591549de6e2f" testListId="8c84fa94-04c1-424b-9868-57a2d4851a1d" />
    <TestEntry testId="57fdcf56-cdf1-9f39-baba-1b1c695971d5" executionId="d30582db-710a-4571-a9bf-bd4e752ac699" testListId="8c84fa94-04c1-424b-9868-57a2d4851a1d" />
    <TestEntry testId="310112f5-4d07-717c-55f6-37a269d700ab" executionId="c8ad2dec-e8b3-42f3-8efe-a803830b560a" testListId="8c84fa94-04c1-424b-9868-57a2d4851a1d" />
    <TestEntry testId="c005721b-05db-8d7a-5eea-e90626721b80" executionId="4e8955d7-63a0-42ba-b9b4-c95fcdf1b27d" testListId="8c84fa94-04c1-424b-9868-57a2d4851a1d" />
    <TestEntry testId="e5846600-5bfc-193d-66eb-f1933de5487e" executionId="e16cb5e8-bffe-40d6-bbe9-6524250322c0" testListId="8c84fa94-04c1-424b-9868-57a2d4851a1d" />
    <TestEntry testId="5d2b9441-7258-8eb0-806c-14775f849641" executionId="d4a27503-8f8c-4ad3-aa94-34afebdcd9b3" testListId="8c84fa94-04c1-424b-9868-57a2d4851a1d" />
    <TestEntry testId="fa35896d-315e-329a-8dc3-bb5ba3189b52" executionId="2588aabe-676e-4776-b7c1-160b11ddbcd5" testListId="8c84fa94-04c1-424b-9868-57a2d4851a1d" />
    <TestEntry testId="3f5baae7-b2ef-0a09-bc51-f8b04a3acced" executionId="af8ff8f7-3e3e-4d7e-840b-8be1c7ed80cc" testListId="8c84fa94-04c1-424b-9868-57a2d4851a1d" />
    <TestEntry testId="6c5bb03b-3d70-308f-aed5-443e0f2530e1" executionId="cdaa06df-5697-41bc-8822-344f8b2bc09b" testListId="8c84fa94-04c1-424b-9868-57a2d4851a1d" />
    <TestEntry testId="be89a856-c15c-81ed-5ddb-4973639d716d" executionId="ace79fa1-0175-4ff2-b615-0aae36105e65" testListId="8c84fa94-04c1-424b-9868-57a2d4851a1d" />
    <TestEntry testId="1798213c-35a3-cbbc-3a0a-8843aace427d" executionId="9c5d05b0-4963-46d5-8791-ce3f45023a03" testListId="8c84fa94-04c1-424b-9868-57a2d4851a1d" />
    <TestEntry testId="62aa58ea-9077-0f9e-c60d-aafd4a8d0ad6" executionId="f5a653c0-486b-4bd1-8a94-1cd2bfe577d5" testListId="8c84fa94-04c1-424b-9868-57a2d4851a1d" />
    <TestEntry testId="a52561ca-dbe3-d21e-cc1f-fbc0bb577901" executionId="f0155a6e-34f6-4455-b898-774e29c6656b" testListId="8c84fa94-04c1-424b-9868-57a2d4851a1d" />
    <TestEntry testId="188163b5-3a99-e726-205c-6b6fc846baac" executionId="b5f721b2-ae3a-4733-8ed2-d26b6a26130a" testListId="8c84fa94-04c1-424b-9868-57a2d4851a1d" />
    <TestEntry testId="dc5b4323-69df-5b53-04b8-b2edd86e4211" executionId="97ef2105-1e95-4891-8641-50cf9de860b2" testListId="8c84fa94-04c1-424b-9868-57a2d4851a1d" />
    <TestEntry testId="877174d0-c487-453a-b8ad-4f52137508be" executionId="2e0769db-280b-4b93-978a-c18aab809931" testListId="8c84fa94-04c1-424b-9868-57a2d4851a1d" />
    <TestEntry testId="5caf925d-9bc2-c40c-f14f-bb094f78a12c" executionId="2d286673-c4f2-4542-b911-a2ad1d923d02" testListId="8c84fa94-04c1-424b-9868-57a2d4851a1d" />
    <TestEntry testId="d781b83d-5216-d63d-acc7-8c5d47cd7ccf" executionId="00d01b93-eba0-4141-b596-0f14a49cef94" testListId="8c84fa94-04c1-424b-9868-57a2d4851a1d" />
    <TestEntry testId="477057b0-3b6f-36a4-06fc-1b03c23a4da7" executionId="d980981f-ffe2-4ea3-bcb2-fe4540a6c774" testListId="8c84fa94-04c1-424b-9868-57a2d4851a1d" />
    <TestEntry testId="3f4d3f91-09a2-a334-5932-6e78104fd8ba" executionId="3c9d7c9a-be1d-48a9-9bf5-137daf6c9c39" testListId="8c84fa94-04c1-424b-9868-57a2d4851a1d" />
    <TestEntry testId="a8cebbec-cc48-449c-a357-e8867b7cdbdf" executionId="0d373cc1-1cbd-477e-8300-cbd03c3c74de" testListId="8c84fa94-04c1-424b-9868-57a2d4851a1d" />
    <TestEntry testId="697a3a18-bb68-1bc4-ecac-a4680501e02f" executionId="ca7091c9-e881-4374-af4b-f32a01b213da" testListId="8c84fa94-04c1-424b-9868-57a2d4851a1d" />
    <TestEntry testId="3e754e7c-3120-cf7a-7a68-ce1c9a477533" executionId="e713fe34-664f-4037-b674-8ffba6e98e8b" testListId="8c84fa94-04c1-424b-9868-57a2d4851a1d" />
    <TestEntry testId="b1a32a5b-bec7-9c13-ecb5-d09eae519281" executionId="3f5a6f8e-990f-4952-9743-5d495b60c9ab" testListId="8c84fa94-04c1-424b-9868-57a2d4851a1d" />
    <TestEntry testId="3fd3b076-d6e9-95cb-3f37-7d353eff3a42" executionId="eddd6b2d-aebd-458b-ac9e-54d3cab20fc1" testListId="8c84fa94-04c1-424b-9868-57a2d4851a1d" />
    <TestEntry testId="7d1b1cf4-8561-5b1e-3cb0-e9438583a7c7" executionId="bc2627de-cc65-445c-827b-987b2ea5577a" testListId="8c84fa94-04c1-424b-9868-57a2d4851a1d" />
    <TestEntry testId="d7049aa3-0901-3782-ef96-d1caac1bac5e" executionId="f62a6f07-5eec-426b-a399-3b92af61972e" testListId="8c84fa94-04c1-424b-9868-57a2d4851a1d" />
    <TestEntry testId="dca73a03-b0b0-9398-437e-9e75519b25e4" executionId="26f415c8-cb89-4cda-b475-8b606b829c3e" testListId="8c84fa94-04c1-424b-9868-57a2d4851a1d" />
    <TestEntry testId="994b105a-2d3c-5d2b-62ff-1c998f53f588" executionId="cd436537-8982-47fd-b9d7-0f5e5c5105d4" testListId="8c84fa94-04c1-424b-9868-57a2d4851a1d" />
    <TestEntry testId="ce7424f3-8800-2916-ce22-d9c4a6a2d917" executionId="75d58973-2f17-41db-a435-8f91448f8ca7" testListId="8c84fa94-04c1-424b-9868-57a2d4851a1d" />
    <TestEntry testId="d983931e-3379-4c6a-5c76-852ec2540d36" executionId="3f526007-594c-4383-be4c-8d66fab7bd03" testListId="8c84fa94-04c1-424b-9868-57a2d4851a1d" />
    <TestEntry testId="0c5da287-efdb-ad86-5a1d-4f909e3eba8c" executionId="ad68edb8-674c-45c4-af06-a4c28369a0e3" testListId="8c84fa94-04c1-424b-9868-57a2d4851a1d" />
    <TestEntry testId="282510b6-3046-16e6-500c-da1402387fc9" executionId="92de1357-7bba-4c0d-b74b-6cbb9a2ab4f1" testListId="8c84fa94-04c1-424b-9868-57a2d4851a1d" />
    <TestEntry testId="639a2f8f-de06-aff0-2654-2e863df98d3d" executionId="920c0794-bc83-42a1-b600-8a457a014df2" testListId="8c84fa94-04c1-424b-9868-57a2d4851a1d" />
    <TestEntry testId="1be37c51-af7c-9e7b-8fa3-a746d27f5f9b" executionId="4d3780a9-c7b5-4fdd-88c3-108ab30b4e50" testListId="8c84fa94-04c1-424b-9868-57a2d4851a1d" />
    <TestEntry testId="46016c60-0720-f808-02e7-68fa8d4036c4" executionId="ee79f914-c205-42e0-9982-41f089c39ec0" testListId="8c84fa94-04c1-424b-9868-57a2d4851a1d" />
    <TestEntry testId="5ad698c0-31c3-b3d2-caa9-9fa5ad866948" executionId="469eb501-cea1-4424-9ebb-cff5a62979f4" testListId="8c84fa94-04c1-424b-9868-57a2d4851a1d" />
    <TestEntry testId="7d4e8658-cb8d-0c66-3167-748289c2e3c6" executionId="d9d558f9-1f5d-4fec-a39f-c05ac6cfbc71" testListId="8c84fa94-04c1-424b-9868-57a2d4851a1d" />
    <TestEntry testId="2b789b90-6459-6d41-420f-e5502ba7ca12" executionId="6985b6ad-9096-42b3-b9ca-e5ff3faf2a75" testListId="8c84fa94-04c1-424b-9868-57a2d4851a1d" />
    <TestEntry testId="22422765-9e0c-6be7-c83c-360c392ca9f5" executionId="afbb62c5-775f-4a0a-addf-acbb0d434a8d" testListId="8c84fa94-04c1-424b-9868-57a2d4851a1d" />
    <TestEntry testId="5258a2d0-41cb-c3df-1e8f-eff8f92d5e7f" executionId="7e41f982-2e29-4103-8cff-f940962bd7bf" testListId="8c84fa94-04c1-424b-9868-57a2d4851a1d" />
    <TestEntry testId="fa20158d-fb5e-8e7a-f1da-aa0a1eb9ba5a" executionId="b1af222a-2e2c-47d5-8174-2cba337556d1" testListId="8c84fa94-04c1-424b-9868-57a2d4851a1d" />
    <TestEntry testId="d23e84fd-71f4-7bce-d8fe-1741eb8da08e" executionId="aac7d673-766b-4c0b-8762-0c1906235f2a" testListId="8c84fa94-04c1-424b-9868-57a2d4851a1d" />
    <TestEntry testId="35d57337-18a5-4629-635a-b25a895ec8a2" executionId="f2a87c45-271d-420b-8c9d-1cfeaef52b02" testListId="8c84fa94-04c1-424b-9868-57a2d4851a1d" />
    <TestEntry testId="54dac1bc-0f72-9d60-bad7-07e4a0566a24" executionId="c7313b84-8130-497e-9ece-f90e3aca797a" testListId="8c84fa94-04c1-424b-9868-57a2d4851a1d" />
    <TestEntry testId="7882d79f-7e75-7cd0-3f6e-4fc087cc8ade" executionId="23c5f44e-520f-45eb-af32-4490368b550c" testListId="8c84fa94-04c1-424b-9868-57a2d4851a1d" />
    <TestEntry testId="b909abe1-3b1d-c0ea-a3f1-0b971399890f" executionId="fc208c9f-3434-4f91-9e97-1dc3da1b2fff" testListId="8c84fa94-04c1-424b-9868-57a2d4851a1d" />
    <TestEntry testId="62abf167-66b2-7338-5ead-888596c0fffe" executionId="61b635ee-d179-4b87-9298-60814785bc26" testListId="8c84fa94-04c1-424b-9868-57a2d4851a1d" />
    <TestEntry testId="73d0473b-eb3b-71b8-da90-00961c42343e" executionId="c4bf4737-2e7d-47ab-a144-a9c175bc1619" testListId="8c84fa94-04c1-424b-9868-57a2d4851a1d" />
    <TestEntry testId="e79130f3-839b-5123-ac52-8ca3bb6ef8c5" executionId="35cc4b3f-4545-40b8-8291-a240348570ca" testListId="8c84fa94-04c1-424b-9868-57a2d4851a1d" />
    <TestEntry testId="117d72dd-b186-d8e9-ce14-8d711079c929" executionId="ca6e87b6-5420-4436-8b1d-b2e9b7ca831f" testListId="8c84fa94-04c1-424b-9868-57a2d4851a1d" />
    <TestEntry testId="fa4cc283-dfe0-de36-3d73-29ab1e351353" executionId="9a3bf709-e7cd-4f1c-9bda-fa75c9ba6b2e" testListId="8c84fa94-04c1-424b-9868-57a2d4851a1d" />
    <TestEntry testId="93232e33-f6c8-82c0-b755-94e963fff023" executionId="62bcef1e-b356-4c02-93b5-b0de6135390f" testListId="8c84fa94-04c1-424b-9868-57a2d4851a1d" />
    <TestEntry testId="9323afa7-c6a5-6a33-bb74-8f4b3b4998d0" executionId="11cc747c-36cf-4991-bcd0-eee5f4facaf2" testListId="8c84fa94-04c1-424b-9868-57a2d4851a1d" />
    <TestEntry testId="396d4f9b-ac51-22fa-04b5-9956711699f1" executionId="bdc2ff6c-c0d8-4a66-a4cc-bcb6167d1326" testListId="8c84fa94-04c1-424b-9868-57a2d4851a1d" />
    <TestEntry testId="517f9dbf-42b8-6c68-c79b-d5d973668018" executionId="12506717-7e79-463d-86e8-f61039a45716" testListId="8c84fa94-04c1-424b-9868-57a2d4851a1d" />
    <TestEntry testId="4bb73173-b83c-b642-8102-032feaeaf8ff" executionId="ac34d8e1-7282-4696-a046-0e2106235f06" testListId="8c84fa94-04c1-424b-9868-57a2d4851a1d" />
    <TestEntry testId="8bb24e9f-b033-fdc0-7830-bccb21534250" executionId="4be6d267-e647-4cdd-bda9-be6b5842716f" testListId="8c84fa94-04c1-424b-9868-57a2d4851a1d" />
    <TestEntry testId="78fd4f15-08d5-878b-fd2a-dd2d3bcc8384" executionId="ac3088aa-de1d-4734-b751-dcfec11f590c" testListId="8c84fa94-04c1-424b-9868-57a2d4851a1d" />
    <TestEntry testId="87e55bdd-4276-ed24-3a0c-df1323a9e2c9" executionId="3212b858-7300-4b25-89dc-c1b20d796769" testListId="8c84fa94-04c1-424b-9868-57a2d4851a1d" />
    <TestEntry testId="2eacfbf3-667b-5a8e-52a0-d9d512e960c7" executionId="8888ed3e-1a64-44dd-9b96-f0ca359cc0fc" testListId="8c84fa94-04c1-424b-9868-57a2d4851a1d" />
    <TestEntry testId="3b62dc28-12fd-93fe-6512-390293682652" executionId="6309dd30-97c8-4699-a21b-c9bed9411b9c" testListId="8c84fa94-04c1-424b-9868-57a2d4851a1d" />
    <TestEntry testId="9f164cb9-b0ee-2833-0b35-619b21bae903" executionId="4a061823-3ad0-4843-9fdd-84a33ebbdfa5" testListId="8c84fa94-04c1-424b-9868-57a2d4851a1d" />
    <TestEntry testId="35247ab4-97a5-e557-91c7-742a1f89dba4" executionId="228acc5b-87c1-4536-90a5-653b30d8253a" testListId="8c84fa94-04c1-424b-9868-57a2d4851a1d" />
    <TestEntry testId="1634510e-087e-a71c-61ba-55901a3677cc" executionId="c036db1f-95d6-4c5e-ad54-fb78bec7982f" testListId="8c84fa94-04c1-424b-9868-57a2d4851a1d" />
    <TestEntry testId="80f7e275-5c62-bf32-953c-a522d71f0911" executionId="3b4b81d4-3006-4363-8885-3db8e68d5756" testListId="8c84fa94-04c1-424b-9868-57a2d4851a1d" />
    <TestEntry testId="8c733a46-a4ea-1620-69ec-bdd69e48dc0b" executionId="f9bbd1f0-a538-4bdb-aa49-d6913a48b9d1" testListId="8c84fa94-04c1-424b-9868-57a2d4851a1d" />
    <TestEntry testId="1335073e-5183-6141-99f1-caaa61dc86f4" executionId="c44f3767-f4d6-4c8f-a9b5-d9bcc6d3e94b" testListId="8c84fa94-04c1-424b-9868-57a2d4851a1d" />
    <TestEntry testId="386e0330-7309-7b37-24f5-0984d80d3723" executionId="9cbb7509-5d01-4785-93a0-3f882c459201" testListId="8c84fa94-04c1-424b-9868-57a2d4851a1d" />
    <TestEntry testId="c32ae7c7-19e6-4795-4595-b867002163f4" executionId="b96d09e8-5f31-4606-a579-8efcfceca368" testListId="8c84fa94-04c1-424b-9868-57a2d4851a1d" />
    <TestEntry testId="878dbf6d-4718-3010-2956-9a909a749d2f" executionId="699c9e1c-4cf8-4c68-8f32-283aa0d389bb" testListId="8c84fa94-04c1-424b-9868-57a2d4851a1d" />
    <TestEntry testId="fb896724-2095-3026-71b5-ad9198efd098" executionId="6a94fc59-363c-4fec-a80b-63f09b83304e" testListId="8c84fa94-04c1-424b-9868-57a2d4851a1d" />
    <TestEntry testId="ec7cd5e3-a82c-cf66-66cc-45c1ba395a3e" executionId="9c84214a-81b9-4425-b72a-3ce116e8e3de" testListId="8c84fa94-04c1-424b-9868-57a2d4851a1d" />
    <TestEntry testId="2582410d-2726-a653-733b-0912934edde4" executionId="6e9e9304-188a-49a0-baa0-f3186a571a39" testListId="8c84fa94-04c1-424b-9868-57a2d4851a1d" />
    <TestEntry testId="6acfe581-a1ff-0243-6a25-fa30ab98af8f" executionId="740bd871-273c-48a9-8477-ddab3084fd25" testListId="8c84fa94-04c1-424b-9868-57a2d4851a1d" />
    <TestEntry testId="61de09e0-94b0-9094-bdcf-74e56c5800ed" executionId="19f1a281-a623-412d-b3d8-6bbc5c6aa956" testListId="8c84fa94-04c1-424b-9868-57a2d4851a1d" />
    <TestEntry testId="90576d28-8c3e-aa47-8e92-100b02ac5a05" executionId="20075427-80bb-4292-b696-af608825b049" testListId="8c84fa94-04c1-424b-9868-57a2d4851a1d" />
    <TestEntry testId="81cae9df-520c-bb72-ca7a-30a828451359" executionId="76491491-2ce8-4019-8ae9-04f58324a7fc" testListId="8c84fa94-04c1-424b-9868-57a2d4851a1d" />
    <TestEntry testId="28faaf32-b614-3b46-c8af-acfb48482d8d" executionId="9387c68b-b065-4bd3-bafc-7a5ee504baca" testListId="8c84fa94-04c1-424b-9868-57a2d4851a1d" />
    <TestEntry testId="def966b3-b198-e5b0-2219-bdde89be7924" executionId="52916829-9d79-410d-b06e-ea4bec0a4c3a" testListId="8c84fa94-04c1-424b-9868-57a2d4851a1d" />
    <TestEntry testId="13b70763-63fd-f0df-582a-0fb307fcad59" executionId="1f27f7e8-2562-4da7-858b-1150e7e0f00c" testListId="8c84fa94-04c1-424b-9868-57a2d4851a1d" />
    <TestEntry testId="f36a8701-085e-04e9-1108-0b102bccb765" executionId="a7bcac44-39b1-449f-a1cb-5eda5c975967" testListId="8c84fa94-04c1-424b-9868-57a2d4851a1d" />
    <TestEntry testId="ce73eb79-a497-c2a4-9a02-ef4f9a7168c5" executionId="fb6e486c-28f6-40ea-9ab3-5e788520e622" testListId="8c84fa94-04c1-424b-9868-57a2d4851a1d" />
    <TestEntry testId="9b597749-8f28-5ece-3f0e-b5bb4e23820c" executionId="fab9610c-80e6-4d39-9bc2-dc103faea8bc" testListId="8c84fa94-04c1-424b-9868-57a2d4851a1d" />
    <TestEntry testId="fb1e59a0-19c5-d0be-0d94-4bf533d92746" executionId="47b05afa-4bfc-4d09-b15b-ca484ae6324e" testListId="8c84fa94-04c1-424b-9868-57a2d4851a1d" />
    <TestEntry testId="59d49ae8-fe17-c8a4-30e6-e31bf9671e6d" executionId="70a54b67-2aa3-4460-ad96-0d663ff1c984" testListId="8c84fa94-04c1-424b-9868-57a2d4851a1d" />
    <TestEntry testId="2cc2759a-0e74-d1e3-53c0-3d706804902c" executionId="4e1de8f9-60f7-477f-8de5-65a43dd14687" testListId="8c84fa94-04c1-424b-9868-57a2d4851a1d" />
    <TestEntry testId="d10743fd-41b6-9a87-757a-05484dce75fb" executionId="5f9d3e26-7387-4557-b7ea-67ca1a797042" testListId="8c84fa94-04c1-424b-9868-57a2d4851a1d" />
    <TestEntry testId="8d702d1b-c14c-4dd0-cea5-aaa087d77d3f" executionId="b9cb7a27-061f-4607-bf37-6b717966dfd6" testListId="8c84fa94-04c1-424b-9868-57a2d4851a1d" />
    <TestEntry testId="4e68cf9a-2a3a-1e07-4a4f-0cf27d8d2bbb" executionId="61b03026-b683-4257-857c-f80338b44a82" testListId="8c84fa94-04c1-424b-9868-57a2d4851a1d" />
    <TestEntry testId="510de9dc-e90e-bdb2-662b-4a218168ebca" executionId="f2d0a3c4-aae2-4806-abb7-be8cd969a355" testListId="8c84fa94-04c1-424b-9868-57a2d4851a1d" />
    <TestEntry testId="6d7b3d93-71ec-c074-924a-c624993f0b1a" executionId="69caad58-ad33-4938-b7b8-d266d5629723" testListId="8c84fa94-04c1-424b-9868-57a2d4851a1d" />
    <TestEntry testId="3456ad39-e674-a27d-da41-053fedd7e6ad" executionId="2d74f66a-c540-4fb0-b4af-ba6f6e49ad40" testListId="8c84fa94-04c1-424b-9868-57a2d4851a1d" />
    <TestEntry testId="ddd7ef0f-f8d8-3f23-14c1-c969cc917d3a" executionId="ea525203-6712-49d9-81ee-6fa9a34f9800" testListId="8c84fa94-04c1-424b-9868-57a2d4851a1d" />
    <TestEntry testId="a7aa3cc0-0ea1-3d0c-3a62-ac5a405bf34e" executionId="4860f4f4-2ac5-4cc9-a731-8c55cb8ee5e9" testListId="8c84fa94-04c1-424b-9868-57a2d4851a1d" />
    <TestEntry testId="185a6cd6-33af-0e1e-0bd1-2a440f9d65a0" executionId="88abf0d8-eec3-4075-91ed-6f75dd0f6453" testListId="8c84fa94-04c1-424b-9868-57a2d4851a1d" />
    <TestEntry testId="6219abff-caed-b73f-a3a3-a932c37fd5fb" executionId="fe9183f8-bea9-43e8-b009-7708c3be3595" testListId="8c84fa94-04c1-424b-9868-57a2d4851a1d" />
    <TestEntry testId="b10f5741-388a-3ae9-2087-f07485587a15" executionId="598779b2-5617-4582-af8b-0ec548f307ea" testListId="8c84fa94-04c1-424b-9868-57a2d4851a1d" />
    <TestEntry testId="dfe6a45f-34c2-c767-91dd-1f8de6538cc0" executionId="427b1304-27cd-45e4-9d5e-1d8f7d1f4f4a" testListId="8c84fa94-04c1-424b-9868-57a2d4851a1d" />
    <TestEntry testId="08a9b593-cfee-9bdf-6d80-833bb0b65ba9" executionId="9644583e-29c2-4818-8134-a218a619fb16" testListId="8c84fa94-04c1-424b-9868-57a2d4851a1d" />
    <TestEntry testId="d1c2a2fd-4568-2e97-946f-7480ea03bef1" executionId="ae8f24df-9143-4828-835c-06e5bb37279f" testListId="8c84fa94-04c1-424b-9868-57a2d4851a1d" />
    <TestEntry testId="5d43f699-35d1-a4da-58e9-d0a22f0dcdd2" executionId="0086dfec-1330-4708-919c-6e084586ea5c" testListId="8c84fa94-04c1-424b-9868-57a2d4851a1d" />
    <TestEntry testId="4018bd47-d5cd-e85a-b6de-7760e129dafa" executionId="f019b3d9-e140-418d-9fd0-6820e483b95f" testListId="8c84fa94-04c1-424b-9868-57a2d4851a1d" />
    <TestEntry testId="e59ff618-3ced-6a2f-d01c-20262e337085" executionId="7a18456a-6490-47cc-9c56-f433e9bbbeb3" testListId="8c84fa94-04c1-424b-9868-57a2d4851a1d" />
    <TestEntry testId="df8d3f6f-dec6-fe48-30b1-4504bb2aa651" executionId="010ed3a0-7cb7-4193-ba81-dd3ee199ddff" testListId="8c84fa94-04c1-424b-9868-57a2d4851a1d" />
    <TestEntry testId="77c94a3a-bf51-e754-8b05-8ef3b5f32220" executionId="edc98a68-03da-49d0-a740-d46c3511eac8" testListId="8c84fa94-04c1-424b-9868-57a2d4851a1d" />
    <TestEntry testId="d3a4b1bb-6aeb-d30b-4b3c-0f1cdc5eac6e" executionId="d00fa9fb-8dc9-4ba9-83a4-173e5c6ed9d4" testListId="8c84fa94-04c1-424b-9868-57a2d4851a1d" />
    <TestEntry testId="aef446e3-f136-0d0b-1c4f-72b145e6d953" executionId="5b26eda5-3f9f-45d0-a1c6-ca791faac2e9" testListId="8c84fa94-04c1-424b-9868-57a2d4851a1d" />
    <TestEntry testId="973ec4a4-75bf-519b-ad67-04ada4756976" executionId="0f93f030-324f-4743-b247-3250a194e06a" testListId="8c84fa94-04c1-424b-9868-57a2d4851a1d" />
    <TestEntry testId="4103318d-2de0-6e72-8544-27607329cbb3" executionId="b997e412-204b-40ce-8160-3afa17b3ae03" testListId="8c84fa94-04c1-424b-9868-57a2d4851a1d" />
    <TestEntry testId="61590a98-8800-c63c-636c-5d74543a54c1" executionId="a77076e1-3b55-4989-87f2-284efd3d8fdc" testListId="8c84fa94-04c1-424b-9868-57a2d4851a1d" />
    <TestEntry testId="d6582cc4-f5d7-7ddd-419a-8856fe5530f3" executionId="5c0cb165-8120-48ed-aa2e-f4c70db3065d" testListId="8c84fa94-04c1-424b-9868-57a2d4851a1d" />
    <TestEntry testId="aac2053d-c1f1-3ae9-c811-84c25975dded" executionId="eca1c18a-f3e1-4d20-b34d-6a543d583b6f" testListId="8c84fa94-04c1-424b-9868-57a2d4851a1d" />
    <TestEntry testId="75db6be7-a24b-fda6-3919-e716d174ed3d" executionId="223d6d3a-b85c-4636-872e-fe8098fe9929" testListId="8c84fa94-04c1-424b-9868-57a2d4851a1d" />
    <TestEntry testId="42292f25-9e9f-80d8-c32a-5aae5cd0c643" executionId="944e2c2a-1042-475f-965e-5b0786fa66da" testListId="8c84fa94-04c1-424b-9868-57a2d4851a1d" />
    <TestEntry testId="46eed830-2953-fcd5-c0a0-3903ea3c299a" executionId="769e56c6-706a-4b37-9696-ef856422ce47" testListId="8c84fa94-04c1-424b-9868-57a2d4851a1d" />
    <TestEntry testId="b2bd5000-3749-abcf-9228-2b95c005c687" executionId="c1b3be28-8d67-45a5-b8f0-84b0105131a6" testListId="8c84fa94-04c1-424b-9868-57a2d4851a1d" />
    <TestEntry testId="d40d14e6-e55e-a2ee-7c2d-3f2b4d1650c4" executionId="7223c507-d75b-43c3-9f0d-20c0fe66e46e" testListId="8c84fa94-04c1-424b-9868-57a2d4851a1d" />
    <TestEntry testId="ec065801-9998-c7ce-5285-3fe14e38cdac" executionId="372097b9-7abb-4fe5-8acc-e9efee9fdcdc" testListId="8c84fa94-04c1-424b-9868-57a2d4851a1d" />
    <TestEntry testId="407fdbb6-f29a-a8a2-0277-cd698b7b57a7" executionId="642de2ab-b741-45c1-a396-5b1400067179" testListId="8c84fa94-04c1-424b-9868-57a2d4851a1d" />
    <TestEntry testId="fb8ea106-f542-3a06-bc35-d8f4e171c2a2" executionId="4946d098-cb01-4f44-94c2-cb6074d78b26" testListId="8c84fa94-04c1-424b-9868-57a2d4851a1d" />
    <TestEntry testId="7f448030-c6f3-ad7f-1c7b-809f60db9d71" executionId="024cce91-51b4-4388-8dad-0693fcc297ca" testListId="8c84fa94-04c1-424b-9868-57a2d4851a1d" />
    <TestEntry testId="c900e632-ca6a-8d11-765e-c59876f4f7f8" executionId="b8590118-7b7c-4f88-a39c-84e23330f49c" testListId="8c84fa94-04c1-424b-9868-57a2d4851a1d" />
    <TestEntry testId="d158f051-212f-d40f-0819-bf99fbd314c0" executionId="cb0f024d-a609-477b-b035-203bccf6a454" testListId="8c84fa94-04c1-424b-9868-57a2d4851a1d" />
    <TestEntry testId="22d4e883-d516-a3c1-91a6-c6ccca686050" executionId="341655f5-a43f-431b-b589-a891523dc7ea" testListId="8c84fa94-04c1-424b-9868-57a2d4851a1d" />
    <TestEntry testId="19df813d-aa7e-5539-ce76-ba8a68683016" executionId="5ea4935d-0c58-4466-9439-d4e3ef9c9f44" testListId="8c84fa94-04c1-424b-9868-57a2d4851a1d" />
    <TestEntry testId="e59f6969-24d1-ee70-57fe-d99344040a63" executionId="9c9c0649-2388-41b1-849e-63a97bda1062" testListId="8c84fa94-04c1-424b-9868-57a2d4851a1d" />
    <TestEntry testId="48d95b96-b471-deb8-51bf-62c5a89928a2" executionId="c571fe9f-7064-460b-8fd9-192609fa3371" testListId="8c84fa94-04c1-424b-9868-57a2d4851a1d" />
    <TestEntry testId="dd76f619-e962-2008-d0f8-a714bb3f5c46" executionId="850e8626-971e-4cb7-a4c7-bac6e0210a79" testListId="8c84fa94-04c1-424b-9868-57a2d4851a1d" />
    <TestEntry testId="abed9d03-2d03-a6ea-317e-f9cbae3ef978" executionId="84f899d2-5279-4592-8e69-aa5b584b5b00" testListId="8c84fa94-04c1-424b-9868-57a2d4851a1d" />
    <TestEntry testId="f691e718-46df-21d8-be15-dfb8d4456f03" executionId="5d29ccf9-1241-4f70-b20c-48dedab9e2a6" testListId="8c84fa94-04c1-424b-9868-57a2d4851a1d" />
    <TestEntry testId="a1855258-2f38-7695-fb75-dcfca8f4ee44" executionId="77770396-a593-4d37-bbe5-6ad6cad7e6ab" testListId="8c84fa94-04c1-424b-9868-57a2d4851a1d" />
    <TestEntry testId="6d9ecacc-771f-c0f8-81b8-e7f5f5ecfa5f" executionId="92ac1cdd-f042-42b4-bc90-e1e1353b578e" testListId="8c84fa94-04c1-424b-9868-57a2d4851a1d" />
    <TestEntry testId="9b0dd086-97eb-5a55-6e89-79dde58b1fca" executionId="c272e8aa-e4d2-4154-9bc2-6ef4c1ec2880" testListId="8c84fa94-04c1-424b-9868-57a2d4851a1d" />
    <TestEntry testId="42b838e4-a515-a0a8-9201-8a5607fcd950" executionId="8b02471e-86fc-48a6-9e80-c1ae9f878507" testListId="8c84fa94-04c1-424b-9868-57a2d4851a1d" />
    <TestEntry testId="ce19e570-cfff-5516-73c5-0c25670038af" executionId="f0de6d42-0643-442f-b88d-6040c4f2d919" testListId="8c84fa94-04c1-424b-9868-57a2d4851a1d" />
    <TestEntry testId="d9d0929f-95f9-5181-aa9b-10571d330d53" executionId="5dc6fa7e-adb5-445a-a2d1-24cca25f05e3" testListId="8c84fa94-04c1-424b-9868-57a2d4851a1d" />
    <TestEntry testId="69b65817-cd82-0a96-5e68-ab587e27eb95" executionId="9c7658cd-e2e6-43fd-818a-60de77f2d3ca" testListId="8c84fa94-04c1-424b-9868-57a2d4851a1d" />
    <TestEntry testId="7aa5e31a-c407-5fc0-2788-70d3aa03acd3" executionId="a55da6ae-e74e-4cd9-9990-fe6076ad6bbe" testListId="8c84fa94-04c1-424b-9868-57a2d4851a1d" />
    <TestEntry testId="65305c54-3e3e-31b1-f5dd-4a4bc66b7c08" executionId="acf03883-67a7-447c-bade-3c3c7ff5e77a" testListId="8c84fa94-04c1-424b-9868-57a2d4851a1d" />
    <TestEntry testId="b1f41500-5f15-b967-f0a8-55e935ea7819" executionId="60d2c6df-38a1-4d7c-b771-a9f45f153601" testListId="8c84fa94-04c1-424b-9868-57a2d4851a1d" />
    <TestEntry testId="26223a8b-ac6d-ffcd-1256-75d18fb727f7" executionId="c24a3479-2bd1-4977-b203-1e55a44a504e" testListId="8c84fa94-04c1-424b-9868-57a2d4851a1d" />
    <TestEntry testId="d2d2f826-9cbd-9c14-4121-a07b2094c76e" executionId="7855edde-7172-47d4-89ce-e32c2e473502" testListId="8c84fa94-04c1-424b-9868-57a2d4851a1d" />
    <TestEntry testId="5a1b2923-7867-c9d7-9184-902164877e6b" executionId="2307c3e7-787e-4c60-9040-6adbfa588f78" testListId="8c84fa94-04c1-424b-9868-57a2d4851a1d" />
    <TestEntry testId="e294371f-24bd-e5af-41b0-5a6f22f8d71f" executionId="74e47138-b694-4526-9dd7-0a2da616f554" testListId="8c84fa94-04c1-424b-9868-57a2d4851a1d" />
    <TestEntry testId="5c61d628-c74f-c8f0-779e-82c0c2dc77df" executionId="ac0c0fc0-a6a1-43a8-b5a2-d440cfb695b9" testListId="8c84fa94-04c1-424b-9868-57a2d4851a1d" />
    <TestEntry testId="5fc7d131-6de1-7ffe-375b-8ea28a5dbcb8" executionId="9a8c4024-8514-471c-8536-ece76b342725" testListId="8c84fa94-04c1-424b-9868-57a2d4851a1d" />
    <TestEntry testId="4949997c-46c8-3183-1501-b1267871bfcf" executionId="f941a50b-1922-4318-b063-c501b33eff92" testListId="8c84fa94-04c1-424b-9868-57a2d4851a1d" />
    <TestEntry testId="31c8774a-1539-0a44-3404-de06d646b468" executionId="d66ce918-4b72-462a-898c-613f2e727eb1" testListId="8c84fa94-04c1-424b-9868-57a2d4851a1d" />
    <TestEntry testId="17d2bd4a-a575-7ccc-1676-102dfc4795d6" executionId="6c520175-91c8-4134-8550-7c527359be75" testListId="8c84fa94-04c1-424b-9868-57a2d4851a1d" />
    <TestEntry testId="e6b5dbec-3ede-e88e-98ad-309ef50c1b15" executionId="8f2501f2-c68d-4214-8ed9-f06139047f6d" testListId="8c84fa94-04c1-424b-9868-57a2d4851a1d" />
    <TestEntry testId="c5847a99-4505-c2ed-d54d-fc269a080b27" executionId="d4ddbc40-d38a-4d2a-a3d9-2c9b10e1f873" testListId="8c84fa94-04c1-424b-9868-57a2d4851a1d" />
    <TestEntry testId="88b5a428-7422-548a-ca90-5bd2a62420ae" executionId="c6a226b7-4af8-4fd0-804a-301e1e262ea7" testListId="8c84fa94-04c1-424b-9868-57a2d4851a1d" />
    <TestEntry testId="78d335ed-d8a0-4e68-1b07-0e64ec6fcf01" executionId="009bfaea-6ee0-4875-ab62-17f5b78864a5" testListId="8c84fa94-04c1-424b-9868-57a2d4851a1d" />
    <TestEntry testId="24c340fb-d377-9a86-7f7b-24671f6c604a" executionId="ae3044a7-07df-4b7d-b2c0-e42fa4109c95" testListId="8c84fa94-04c1-424b-9868-57a2d4851a1d" />
    <TestEntry testId="2e480f4f-8e65-8226-244e-bc56a9d64e7e" executionId="6251b467-a4bd-4ee3-b919-f36319da409b" testListId="8c84fa94-04c1-424b-9868-57a2d4851a1d" />
    <TestEntry testId="be34b3ae-4d99-48a5-415d-a9f5ba8821a1" executionId="a1d93f12-7134-4175-83e2-4ba64dbd2ec3" testListId="8c84fa94-04c1-424b-9868-57a2d4851a1d" />
    <TestEntry testId="23376aab-8018-81b3-8b3c-57bc8b0141ed" executionId="cbf2797e-4389-4424-8cd2-c5b846343364" testListId="8c84fa94-04c1-424b-9868-57a2d4851a1d" />
    <TestEntry testId="f950f79e-ba5e-b1e8-b4c0-7c88acd39e8b" executionId="fdcfe124-06b6-4154-8f0e-a6a492faba64" testListId="8c84fa94-04c1-424b-9868-57a2d4851a1d" />
    <TestEntry testId="a4c9dc78-d66c-c69a-90ef-d545d65a1a43" executionId="7384aefe-2b92-478c-ae33-8b88cf5ca8cb" testListId="8c84fa94-04c1-424b-9868-57a2d4851a1d" />
    <TestEntry testId="8bb24d97-4056-0aed-e738-d86e9d34f566" executionId="7d9bc8a4-bcdc-4a63-9bf5-063bb99aaf99" testListId="8c84fa94-04c1-424b-9868-57a2d4851a1d" />
    <TestEntry testId="4bbe555c-8fb0-44dc-18a4-86549d9ecd64" executionId="e56dd5be-11f6-467c-9f68-f5c4400bb460" testListId="8c84fa94-04c1-424b-9868-57a2d4851a1d" />
    <TestEntry testId="9cd7f192-bb9b-abd8-007d-2585a8ffb5e9" executionId="abecb23c-97e0-4d42-adc4-6651bd96c248" testListId="8c84fa94-04c1-424b-9868-57a2d4851a1d" />
    <TestEntry testId="6e95a11c-ba0a-17a5-b618-642e6194107c" executionId="c1b8e308-22ea-4efe-ba35-bc931e73eb2d" testListId="8c84fa94-04c1-424b-9868-57a2d4851a1d" />
    <TestEntry testId="94acb547-5f92-9634-547a-02395bd6053e" executionId="28bbac79-78a3-4240-87d5-69aa0ecf765b" testListId="8c84fa94-04c1-424b-9868-57a2d4851a1d" />
    <TestEntry testId="22960b58-9cb3-5bbf-01a8-8b59f0364e15" executionId="450b4f6b-252c-45e4-9885-e9c36ee75c19" testListId="8c84fa94-04c1-424b-9868-57a2d4851a1d" />
    <TestEntry testId="46a7f553-bbcf-0c84-0101-71d2924c06c9" executionId="3ef02e81-3a5d-427e-ba11-cca8a0c10c06" testListId="8c84fa94-04c1-424b-9868-57a2d4851a1d" />
    <TestEntry testId="f4c9aa46-811a-389b-d744-72a428dee7d2" executionId="9d749297-106b-456d-ad88-7ea1863b629a" testListId="8c84fa94-04c1-424b-9868-57a2d4851a1d" />
    <TestEntry testId="f2a53262-1031-8641-ce23-2061a5c39410" executionId="b80870be-73ba-4c03-8261-ed2d0ddfc65e" testListId="8c84fa94-04c1-424b-9868-57a2d4851a1d" />
    <TestEntry testId="18fd69b0-d054-4b67-4fab-caa28c12efff" executionId="a3692572-9db3-46dd-8b1d-84bfec0508cc" testListId="8c84fa94-04c1-424b-9868-57a2d4851a1d" />
    <TestEntry testId="226e9057-54c6-53d9-d48c-5a3aaedbb305" executionId="6c33cc6f-b20f-4224-9c34-d177a9ef9eb3" testListId="8c84fa94-04c1-424b-9868-57a2d4851a1d" />
    <TestEntry testId="7264d755-3cfa-51c2-00b7-8c3c5d03bdbd" executionId="91b25f55-82c1-40d4-9290-4a67e2c77ade" testListId="8c84fa94-04c1-424b-9868-57a2d4851a1d" />
    <TestEntry testId="1393749b-9888-f339-bbe0-fe7c36d53117" executionId="906cd7d1-b702-4e1c-98fd-c931ade6fffe" testListId="8c84fa94-04c1-424b-9868-57a2d4851a1d" />
    <TestEntry testId="d269bbab-e11e-9189-e523-cf92a42762f7" executionId="a3c83e77-6a01-464a-b8fc-43834faf8ad3" testListId="8c84fa94-04c1-424b-9868-57a2d4851a1d" />
    <TestEntry testId="eb717265-8ce6-9ca5-299a-76e8f4608ecc" executionId="881d1ea2-3260-48d7-b26a-8e04e5c4f2d8" testListId="8c84fa94-04c1-424b-9868-57a2d4851a1d" />
    <TestEntry testId="e180b2c2-7fc8-0f15-5653-0156d254c8c9" executionId="a1172a41-971a-4e69-a5af-a688f6f73bd6" testListId="8c84fa94-04c1-424b-9868-57a2d4851a1d" />
    <TestEntry testId="dab68c95-06ed-1b25-9b7e-b55b2972fccc" executionId="22141675-94c1-468b-b7a6-240b9ec864c3" testListId="8c84fa94-04c1-424b-9868-57a2d4851a1d" />
    <TestEntry testId="6ddbf3e0-3ece-b657-908f-2948ae07368f" executionId="e21e2a50-d5d9-4964-9e66-be200305b40a" testListId="8c84fa94-04c1-424b-9868-57a2d4851a1d" />
    <TestEntry testId="2b043a8d-e346-04e5-47b3-898bfcbeb615" executionId="113fdce1-2274-4fdc-bf2a-36940483f910" testListId="8c84fa94-04c1-424b-9868-57a2d4851a1d" />
    <TestEntry testId="5439de61-630e-08c6-3445-f1eed3fd3847" executionId="1f57efcf-7266-4661-8323-7bd3fa63f029" testListId="8c84fa94-04c1-424b-9868-57a2d4851a1d" />
    <TestEntry testId="7f31b8c1-231f-a39c-8870-f0d4abe51343" executionId="6edaac2a-d22b-479d-8006-74bf69ff2a95" testListId="8c84fa94-04c1-424b-9868-57a2d4851a1d" />
    <TestEntry testId="1c0d7c7b-e498-3c7a-c145-fce1f6e14e16" executionId="d5c8ab1d-8eb8-4400-995e-a09954f5f13e" testListId="8c84fa94-04c1-424b-9868-57a2d4851a1d" />
    <TestEntry testId="f2ce22ba-4e0c-a11c-c657-a799ce863a26" executionId="9e7b42ca-8e17-467d-97d4-c2888f3e7fe6" testListId="8c84fa94-04c1-424b-9868-57a2d4851a1d" />
    <TestEntry testId="0249bb7c-cd9a-b690-46ba-3252e9d64885" executionId="52f21dad-ac70-4757-a775-5b88161ddce8" testListId="8c84fa94-04c1-424b-9868-57a2d4851a1d" />
    <TestEntry testId="5281d8e8-e57c-c45e-69f7-66dd4ef8cb7b" executionId="ed3d985c-5360-4e5d-b854-022d3cb506a9" testListId="8c84fa94-04c1-424b-9868-57a2d4851a1d" />
    <TestEntry testId="2505d350-e44a-f204-9fd8-58dd92f22763" executionId="40d84ddb-9e8b-4821-b7d0-54f209dea8c0" testListId="8c84fa94-04c1-424b-9868-57a2d4851a1d" />
    <TestEntry testId="088d383f-5fbc-e375-2326-3e321a2adf4f" executionId="efcd7415-fb0a-4795-8f54-ce189800a6ca" testListId="8c84fa94-04c1-424b-9868-57a2d4851a1d" />
    <TestEntry testId="5184c208-ba66-a1eb-00ca-490830c3b61a" executionId="ec5fa460-e775-4561-a195-8e1a347a1d8d" testListId="8c84fa94-04c1-424b-9868-57a2d4851a1d" />
    <TestEntry testId="9c1cfe7d-bcc9-4b03-b265-ec26ee7c3263" executionId="358ad070-a146-408a-8dd1-ab1bda287821" testListId="8c84fa94-04c1-424b-9868-57a2d4851a1d" />
    <TestEntry testId="e531c44f-a81a-259c-843c-505a398d8b55" executionId="dc0ba81e-33d3-4fd3-802d-e0c2bc89c66b" testListId="8c84fa94-04c1-424b-9868-57a2d4851a1d" />
    <TestEntry testId="9f544328-b14d-2f96-b54b-781ab9cf51e8" executionId="f837e6a5-02b3-4ee8-a6bc-af8d4430582e" testListId="8c84fa94-04c1-424b-9868-57a2d4851a1d" />
    <TestEntry testId="10354eb4-4c14-dba7-068b-24dcfb475d53" executionId="97e609c7-f83c-40b2-a94f-e91113838654" testListId="8c84fa94-04c1-424b-9868-57a2d4851a1d" />
    <TestEntry testId="b96d0d20-292a-e609-b515-79cd877929d7" executionId="8bd19dda-e673-407e-8c44-8fccc681fee3" testListId="8c84fa94-04c1-424b-9868-57a2d4851a1d" />
    <TestEntry testId="c91192db-21fb-4e08-e57b-721298eb140d" executionId="b0e26db4-c560-45f0-963b-ca13c1ef5ac8" testListId="8c84fa94-04c1-424b-9868-57a2d4851a1d" />
    <TestEntry testId="8d324366-3662-08e0-9537-a5a51d46bda5" executionId="8de20537-2485-46bb-938d-96abf7920866" testListId="8c84fa94-04c1-424b-9868-57a2d4851a1d" />
    <TestEntry testId="44213f5c-f4e3-7f19-6a5d-6c4a3c8d0dec" executionId="821dd441-be3c-4b5c-81bc-1e62eda3e348" testListId="8c84fa94-04c1-424b-9868-57a2d4851a1d" />
    <TestEntry testId="b14ae956-297a-f056-fdd7-ca8f9b76076f" executionId="b3ffcd96-65ed-49fa-9720-1d4bd10f55a0" testListId="8c84fa94-04c1-424b-9868-57a2d4851a1d" />
    <TestEntry testId="b7a065c7-7a2e-0d14-6498-b30f746da816" executionId="46e9a17d-a1ed-4e48-88a0-41688a8b4f0f" testListId="8c84fa94-04c1-424b-9868-57a2d4851a1d" />
    <TestEntry testId="8dc17fe0-66a4-6cf2-3749-0f755c367e4d" executionId="f1305c69-60bd-4bdb-9b38-4de0543d1947" testListId="8c84fa94-04c1-424b-9868-57a2d4851a1d" />
    <TestEntry testId="a7640c1c-3e1a-ff5f-a7c8-4da5a8b29af2" executionId="23bec61a-b761-494d-aa7b-9fb47a631026" testListId="8c84fa94-04c1-424b-9868-57a2d4851a1d" />
    <TestEntry testId="b8a41320-c868-9123-86b4-03e71d0ff6ef" executionId="544c8f66-4528-4ac3-bde5-bd19802bd83f" testListId="8c84fa94-04c1-424b-9868-57a2d4851a1d" />
    <TestEntry testId="4e6de647-43c0-2d5e-ffcc-d884e859b7df" executionId="643f0a1b-2665-44fd-b64a-6fa9d27610f0" testListId="8c84fa94-04c1-424b-9868-57a2d4851a1d" />
    <TestEntry testId="33aaf4d3-9999-0bc6-ded9-bd2870cebad9" executionId="308a2344-6ea4-4c4b-b7b7-6e027768f59e" testListId="8c84fa94-04c1-424b-9868-57a2d4851a1d" />
    <TestEntry testId="172a47eb-7de7-c6df-b8be-70c0be7e14f7" executionId="62421708-7627-4611-85cc-dbc850d9c6a3" testListId="8c84fa94-04c1-424b-9868-57a2d4851a1d" />
    <TestEntry testId="29048f6b-b73b-a720-ef94-9f27a4540f3c" executionId="dad4926d-df15-4bba-bbee-d997740a578e" testListId="8c84fa94-04c1-424b-9868-57a2d4851a1d" />
  </TestEntries>
  <TestLists>
    <TestList name="Results Not in a List" id="8c84fa94-04c1-424b-9868-57a2d4851a1d" />
    <TestList name="All Loaded Results" id="19431567-8539-422a-85d7-44ee4e166bda" />
  </TestLists>
  <ResultSummary outcome="Completed">
    <Counters total="211" executed="211" passed="211" failed="0" error="0" timeout="0" aborted="0" inconclusive="0" passedButRunAborted="0" notRunnable="0" notExecuted="0" disconnected="0" warning="0" completed="0" inProgress="0" pending="0" />
    <Output>
      <StdOut>[xUnit.net 00:00:00.00] xUnit.net VSTest Adapter v2.4.5+1caef2f33e (64-bit .NET 8.0.19)
[xUnit.net 00:00:05.22]   Discovering: BuckScience.Tests
[xUnit.net 00:00:05.32]   Discovered:  BuckScience.Tests
[xUnit.net 00:00:05.32]   Starting:    BuckScience.Tests
[xUnit.net 00:00:06.64]   Finished:    BuckScience.Tests
</StdOut>
    </Output>
  </ResultSummary>
</TestRun>