<?xml version="1.0" encoding="utf-8"?>
<TestRun id="d929bbae-c862-4cf4-9836-d8d4b1cf7c65" name="@pkrvmccyg1gnepe 2025-08-29 13:37:54" xmlns="http://microsoft.com/schemas/VisualStudio/TeamTest/2010">
  <Times creation="2025-08-29T13:37:54.3177464+00:00" queuing="2025-08-29T13:37:54.3177465+00:00" start="2025-08-29T13:37:45.7294519+00:00" finish="2025-08-29T13:37:55.4645946+00:00" />
  <TestSettings name="default" id="edd801ad-0581-4f13-a990-379261c4917d">
    <Deployment runDeploymentRoot="_pkrvmccyg1gnepe_2025-08-29_13_37_54" />
  </TestSettings>
  <Results>
    <UnitTestResult executionId="b392782b-330a-4880-b641-4cfdf40913e0" testId="5d2b9441-7258-8eb0-806c-14775f849641" testName="BuckScience.Tests.TaggingSystemTests.RemoveTagFromPhotos_ShouldRemoveSpecifiedTags" computerName="pkrvmccyg1gnepe" duration="00:00:00.9724094" startTime="2025-08-29T13:37:55.2186203+00:00" endTime="2025-08-29T13:37:55.2186205+00:00" testType="13cdc9d9-ddb5-4fa4-a97d-d965ccfc6d4b" outcome="Passed" testListId="8c84fa94-04c1-424b-9868-57a2d4851a1d" relativeResultsDirectory="b392782b-330a-4880-b641-4cfdf40913e0" />
    <UnitTestResult executionId="9e1abaca-92bb-4cb3-9af4-caa72e936a32" testId="62abf167-66b2-7338-5ead-888596c0fffe" testName="BuckScience.Tests.TaggingRequirementsTests.Requirement2_PropertyCreation_ShouldAutoAssignDefaultTags" computerName="pkrvmccyg1gnepe" duration="00:00:00.0392268" startTime="2025-08-29T13:37:55.3633729+00:00" endTime="2025-08-29T13:37:55.3633731+00:00" testType="13cdc9d9-ddb5-4fa4-a97d-d965ccfc6d4b" outcome="Passed" testListId="8c84fa94-04c1-424b-9868-57a2d4851a1d" relativeResultsDirectory="9e1abaca-92bb-4cb3-9af4-caa72e936a32" />
    <UnitTestResult executionId="272090c5-3b3a-4208-86c6-490947a77629" testId="94acb547-5f92-9634-547a-02395bd6053e" testName="BuckScience.Tests.Web.Helpers.WeatherHelpersTests.ConvertWindDirectionTextToNumeric_InvalidText_ReturnsNull(direction: &quot;North&quot;)" computerName="pkrvmccyg1gnepe" duration="00:00:00.0000079" startTime="2025-08-29T13:37:54.4110845+00:00" endTime="2025-08-29T13:37:54.4110845+00:00" testType="13cdc9d9-ddb5-4fa4-a97d-d965ccfc6d4b" outcome="Passed" testListId="8c84fa94-04c1-424b-9868-57a2d4851a1d" relativeResultsDirectory="272090c5-3b3a-4208-86c6-490947a77629" />
    <UnitTestResult executionId="e0873ae3-13a4-414d-a6b1-f4bdb76920eb" testId="7f448030-c6f3-ad7f-1c7b-809f60db9d71" testName="BuckScience.Tests.Web.Helpers.WeatherHelpersTests.ConvertWindDirectionTextToNumeric_ValidDirections_ReturnsCorrectDegrees(direction: &quot;NW&quot;, expected: 315)" computerName="pkrvmccyg1gnepe" duration="00:00:00.0000103" startTime="2025-08-29T13:37:54.4160950+00:00" endTime="2025-08-29T13:37:54.4160951+00:00" testType="13cdc9d9-ddb5-4fa4-a97d-d965ccfc6d4b" outcome="Passed" testListId="8c84fa94-04c1-424b-9868-57a2d4851a1d" relativeResultsDirectory="e0873ae3-13a4-414d-a6b1-f4bdb76920eb" />
    <UnitTestResult executionId="6ddde483-d529-4f98-a01f-d72afc1d1e44" testId="5184c208-ba66-a1eb-00ca-490830c3b61a" testName="BuckScience.Tests.Web.Helpers.WeatherHelpersTests.ConvertWindDirectionToText_VariousAngles_ReturnsCorrectDirection(degrees: 225, expected: &quot;SW&quot;)" computerName="pkrvmccyg1gnepe" duration="00:00:00.0000036" startTime="2025-08-29T13:37:54.4135204+00:00" endTime="2025-08-29T13:37:54.4135205+00:00" testType="13cdc9d9-ddb5-4fa4-a97d-d965ccfc6d4b" outcome="Passed" testListId="8c84fa94-04c1-424b-9868-57a2d4851a1d" relativeResultsDirectory="6ddde483-d529-4f98-a01f-d72afc1d1e44" />
    <UnitTestResult executionId="2abd035a-9d31-46e9-a667-2bd9c9a9b1c7" testId="4e6de647-43c0-2d5e-ffcc-d884e859b7df" testName="BuckScience.Tests.TaggingIntegrationTests.TagUniqueness_ShouldBeEnforcedCorrectly" computerName="pkrvmccyg1gnepe" duration="00:00:00.0021070" startTime="2025-08-29T13:37:55.3345058+00:00" endTime="2025-08-29T13:37:55.3345058+00:00" testType="13cdc9d9-ddb5-4fa4-a97d-d965ccfc6d4b" outcome="Passed" testListId="8c84fa94-04c1-424b-9868-57a2d4851a1d" relativeResultsDirectory="2abd035a-9d31-46e9-a667-2bd9c9a9b1c7" />
    <UnitTestResult executionId="3417242b-c91d-4b70-84d0-1eec79025a63" testId="44213f5c-f4e3-7f19-6a5d-6c4a3c8d0dec" testName="BuckScience.Tests.Web.Helpers.WeatherHelpersTests.ConvertWindDirectionTextToNumeric_ValidDirections_ReturnsCorrectDegrees(direction: &quot;SSE&quot;, expected: 157.5)" computerName="pkrvmccyg1gnepe" duration="00:00:00.0000117" startTime="2025-08-29T13:37:54.4145495+00:00" endTime="2025-08-29T13:37:54.4145496+00:00" testType="13cdc9d9-ddb5-4fa4-a97d-d965ccfc6d4b" outcome="Passed" testListId="8c84fa94-04c1-424b-9868-57a2d4851a1d" relativeResultsDirectory="3417242b-c91d-4b70-84d0-1eec79025a63" />
    <UnitTestResult executionId="8c43b6e0-35c7-493a-b8e8-d4adc4739d8f" testId="a1855258-2f38-7695-fb75-dcfca8f4ee44" testName="BuckScience.Tests.PhotoFilteringIntegrationTests.BuildFilters_WithTemperatureRange_ReturnsFiltersWithTemperature" computerName="pkrvmccyg1gnepe" duration="00:00:00.0002885" startTime="2025-08-29T13:37:54.3997892+00:00" endTime="2025-08-29T13:37:54.3997893+00:00" testType="13cdc9d9-ddb5-4fa4-a97d-d965ccfc6d4b" outcome="Passed" testListId="8c84fa94-04c1-424b-9868-57a2d4851a1d" relativeResultsDirectory="8c43b6e0-35c7-493a-b8e8-d4adc4739d8f" />
    <UnitTestResult executionId="b5fef4ef-d144-4ae7-bf2c-5e252856a156" testId="dd76f619-e962-2008-d0f8-a714bb3f5c46" testName="BuckScience.Tests.Web.Helpers.WeatherHelpersTests.GetWindDirectionOptions_WithNull_AllUnavailable" computerName="pkrvmccyg1gnepe" duration="00:00:00.0026775" startTime="2025-08-29T13:37:54.4088101+00:00" endTime="2025-08-29T13:37:54.4088102+00:00" testType="13cdc9d9-ddb5-4fa4-a97d-d965ccfc6d4b" outcome="Passed" testListId="8c84fa94-04c1-424b-9868-57a2d4851a1d" relativeResultsDirectory="b5fef4ef-d144-4ae7-bf2c-5e252856a156" />
    <UnitTestResult executionId="e0f5e90c-49cf-4b1c-a60e-8f63c76392b3" testId="6c5bb03b-3d70-308f-aed5-443e0f2530e1" testName="BuckScience.Tests.Web.Helpers.WeatherHelpersTests.WindDirectionOption_Properties_Work" computerName="pkrvmccyg1gnepe" duration="00:00:00.0002030" startTime="2025-08-29T13:37:54.4196326+00:00" endTime="2025-08-29T13:37:54.4196327+00:00" testType="13cdc9d9-ddb5-4fa4-a97d-d965ccfc6d4b" outcome="Passed" testListId="8c84fa94-04c1-424b-9868-57a2d4851a1d" relativeResultsDirectory="e0f5e90c-49cf-4b1c-a60e-8f63c76392b3" />
    <UnitTestResult executionId="d47858fe-3f6c-48c7-bed3-4115f91aae77" testId="18fd69b0-d054-4b67-4fab-caa28c12efff" testName="BuckScience.Tests.TaggingSystemTests.GetOrCreateTag_ShouldBeCaseInsensitive" computerName="pkrvmccyg1gnepe" duration="00:00:00.0011950" startTime="2025-08-29T13:37:55.2834510+00:00" endTime="2025-08-29T13:37:55.2834510+00:00" testType="13cdc9d9-ddb5-4fa4-a97d-d965ccfc6d4b" outcome="Passed" testListId="8c84fa94-04c1-424b-9868-57a2d4851a1d" relativeResultsDirectory="d47858fe-3f6c-48c7-bed3-4115f91aae77" />
    <UnitTestResult executionId="4a475bab-5de4-4337-9997-40dc9b512e68" testId="9f544328-b14d-2f96-b54b-781ab9cf51e8" testName="BuckScience.Tests.Web.Helpers.WeatherHelpersTests.ConvertMoonPhaseToText_VariousValues_ReturnsCorrectText(phase: 0.40000000000000002, expected: &quot;Waxing Gibbous&quot;)" computerName="pkrvmccyg1gnepe" duration="00:00:00.0000049" startTime="2025-08-29T13:37:54.4099861+00:00" endTime="2025-08-29T13:37:54.4099862+00:00" testType="13cdc9d9-ddb5-4fa4-a97d-d965ccfc6d4b" outcome="Passed" testListId="8c84fa94-04c1-424b-9868-57a2d4851a1d" relativeResultsDirectory="4a475bab-5de4-4337-9997-40dc9b512e68" />
    <UnitTestResult executionId="57d591ab-04d8-483b-b17b-19268b6e429d" testId="a7aa3cc0-0ea1-3d0c-3a62-ac5a405bf34e" testName="BuckScience.Tests.TaggingRequirementsTests.Requirement1_DatabaseSchema_ShouldMeetAllSpecifications" computerName="pkrvmccyg1gnepe" duration="00:00:00.8192846" startTime="2025-08-29T13:37:55.2186594+00:00" endTime="2025-08-29T13:37:55.2186595+00:00" testType="13cdc9d9-ddb5-4fa4-a97d-d965ccfc6d4b" outcome="Passed" testListId="8c84fa94-04c1-424b-9868-57a2d4851a1d" relativeResultsDirectory="57d591ab-04d8-483b-b17b-19268b6e429d" />
    <UnitTestResult executionId="22fe3c13-1041-42d3-ab87-963abeda0635" testId="1335073e-5183-6141-99f1-caaa61dc86f4" testName="BuckScience.Tests.TaggingSystemTests.GetOrCreateTag_ShouldThrowException_WhenTagNameIsInvalid(invalidTagName: null)" computerName="pkrvmccyg1gnepe" duration="00:00:00.0003356" startTime="2025-08-29T13:37:55.2819847+00:00" endTime="2025-08-29T13:37:55.2819848+00:00" testType="13cdc9d9-ddb5-4fa4-a97d-d965ccfc6d4b" outcome="Passed" testListId="8c84fa94-04c1-424b-9868-57a2d4851a1d" relativeResultsDirectory="22fe3c13-1041-42d3-ab87-963abeda0635" />
    <UnitTestResult executionId="81d9028c-4734-42ac-95f1-0da11b87968b" testId="8bb24d97-4056-0aed-e738-d86e9d34f566" testName="BuckScience.Tests.Web.Helpers.WeatherHelpersTests.ConvertWindDirectionTextToNumeric_ValidDirections_ReturnsCorrectDegrees(direction: &quot;ESE&quot;, expected: 112.5)" computerName="pkrvmccyg1gnepe" duration="00:00:00.0000086" startTime="2025-08-29T13:37:54.4147147+00:00" endTime="2025-08-29T13:37:54.4147148+00:00" testType="13cdc9d9-ddb5-4fa4-a97d-d965ccfc6d4b" outcome="Passed" testListId="8c84fa94-04c1-424b-9868-57a2d4851a1d" relativeResultsDirectory="81d9028c-4734-42ac-95f1-0da11b87968b" />
    <UnitTestResult executionId="57582bae-07cb-4d44-add3-efd936009f62" testId="75db6be7-a24b-fda6-3919-e716d174ed3d" testName="BuckScience.Tests.TaggingRequirementsTests.Requirement2_PhotoTagging_ShouldSupportBulkOperations" computerName="pkrvmccyg1gnepe" duration="00:00:00.0513952" startTime="2025-08-29T13:37:55.3240497+00:00" endTime="2025-08-29T13:37:55.3240498+00:00" testType="13cdc9d9-ddb5-4fa4-a97d-d965ccfc6d4b" outcome="Passed" testListId="8c84fa94-04c1-424b-9868-57a2d4851a1d" relativeResultsDirectory="57582bae-07cb-4d44-add3-efd936009f62" />
    <UnitTestResult executionId="c721f877-df75-4a73-b6eb-f237d53aedd2" testId="e79130f3-839b-5123-ac52-8ca3bb6ef8c5" testName="BuckScience.Tests.WeatherServiceTests.RoundCoordinates_ShouldRoundTo2DecimalPlaces" computerName="pkrvmccyg1gnepe" duration="00:00:00.0451162" startTime="2025-08-29T13:37:54.3768428+00:00" endTime="2025-08-29T13:37:54.3768429+00:00" testType="13cdc9d9-ddb5-4fa4-a97d-d965ccfc6d4b" outcome="Passed" testListId="8c84fa94-04c1-424b-9868-57a2d4851a1d" relativeResultsDirectory="c721f877-df75-4a73-b6eb-f237d53aedd2" />
    <UnitTestResult executionId="de055d75-5620-4c37-9083-bef32de1ceb3" testId="78fd4f15-08d5-878b-fd2a-dd2d3bcc8384" testName="BuckScience.Tests.PhotoFilteringUrlExamples.BuildFilters_UrlParameters_ShouldParseCorrectly(urlParams: &quot;tempMax=25&quot;, expectedTempMin: null, expectedTempMax: 25, expectedWindMin: null, expectedWindMax: null)" computerName="pkrvmccyg1gnepe" duration="00:00:00.0003970" startTime="2025-08-29T13:37:54.3971783+00:00" endTime="2025-08-29T13:37:54.3971784+00:00" testType="13cdc9d9-ddb5-4fa4-a97d-d965ccfc6d4b" outcome="Passed" testListId="8c84fa94-04c1-424b-9868-57a2d4851a1d" relativeResultsDirectory="de055d75-5620-4c37-9083-bef32de1ceb3" />
    <UnitTestResult executionId="484e987f-861e-40c9-8930-4d5f5f7331c0" testId="22422765-9e0c-6be7-c83c-360c392ca9f5" testName="BuckScience.Tests.PhotoFilteringIntegrationTests.BuildFilters_WithInvalidCameraIds_IgnoresInvalidIds" computerName="pkrvmccyg1gnepe" duration="00:00:00.0121583" startTime="2025-08-29T13:37:54.3965131+00:00" endTime="2025-08-29T13:37:54.3965132+00:00" testType="13cdc9d9-ddb5-4fa4-a97d-d965ccfc6d4b" outcome="Passed" testListId="8c84fa94-04c1-424b-9868-57a2d4851a1d" relativeResultsDirectory="484e987f-861e-40c9-8930-4d5f5f7331c0" />
    <UnitTestResult executionId="de8392af-3424-4676-9a1b-a05c6168f8c3" testId="c5847a99-4505-c2ed-d54d-fc269a080b27" testName="BuckScience.Tests.Web.Helpers.WeatherHelpersTests.ConvertMoonPhaseToText_VariousValues_ReturnsCorrectText(phase: 1, expected: &quot;New Moon&quot;)" computerName="pkrvmccyg1gnepe" duration="00:00:00.0000067" startTime="2025-08-29T13:37:54.4098130+00:00" endTime="2025-08-29T13:37:54.4098131+00:00" testType="13cdc9d9-ddb5-4fa4-a97d-d965ccfc6d4b" outcome="Passed" testListId="8c84fa94-04c1-424b-9868-57a2d4851a1d" relativeResultsDirectory="de8392af-3424-4676-9a1b-a05c6168f8c3" />
    <UnitTestResult executionId="83ece6c7-6f60-4413-95fa-d9f88f418c9c" testId="d983931e-3379-4c6a-5c76-852ec2540d36" testName="BuckScience.Tests.Web.Helpers.WeatherHelpersTests.ConvertWindDirectionToText_VariousAngles_ReturnsCorrectDirection(degrees: 361, expected: &quot;N&quot;)" computerName="pkrvmccyg1gnepe" duration="00:00:00.0002413" startTime="2025-08-29T13:37:54.4111516+00:00" endTime="2025-08-29T13:37:54.4111516+00:00" testType="13cdc9d9-ddb5-4fa4-a97d-d965ccfc6d4b" outcome="Passed" testListId="8c84fa94-04c1-424b-9868-57a2d4851a1d" relativeResultsDirectory="83ece6c7-6f60-4413-95fa-d9f88f418c9c" />
    <UnitTestResult executionId="77905792-b56d-447b-8e32-afa6d0fae8fe" testId="90576d28-8c3e-aa47-8e92-100b02ac5a05" testName="BuckScience.Tests.Web.Helpers.WeatherHelpersTests.GetWindDirectionOptions_WithAvailableDirections_SetsAvailability" computerName="pkrvmccyg1gnepe" duration="00:00:00.0008309" startTime="2025-08-29T13:37:54.4181941+00:00" endTime="2025-08-29T13:37:54.4181942+00:00" testType="13cdc9d9-ddb5-4fa4-a97d-d965ccfc6d4b" outcome="Passed" testListId="8c84fa94-04c1-424b-9868-57a2d4851a1d" relativeResultsDirectory="77905792-b56d-447b-8e32-afa6d0fae8fe" />
    <UnitTestResult executionId="158d9cd4-a374-4db9-94ca-a76ccbb8c0f5" testId="33aaf4d3-9999-0bc6-ded9-bd2870cebad9" testName="BuckScience.Tests.Web.Helpers.WeatherHelpersTests.ConvertWindDirectionToText_VariousAngles_ReturnsCorrectDirection(degrees: 22.5, expected: &quot;NNE&quot;)" computerName="pkrvmccyg1gnepe" duration="00:00:00.0000061" startTime="2025-08-29T13:37:54.4122731+00:00" endTime="2025-08-29T13:37:54.4122731+00:00" testType="13cdc9d9-ddb5-4fa4-a97d-d965ccfc6d4b" outcome="Passed" testListId="8c84fa94-04c1-424b-9868-57a2d4851a1d" relativeResultsDirectory="158d9cd4-a374-4db9-94ca-a76ccbb8c0f5" />
    <UnitTestResult executionId="61563466-ab1e-40d1-854e-94e045be0672" testId="f691e718-46df-21d8-be15-dfb8d4456f03" testName="BuckScience.Tests.TaggingSystemTests.GetOrCreateTag_ShouldCreateNewTag_WhenTagDoesNotExist" computerName="pkrvmccyg1gnepe" duration="00:00:00.0518850" startTime="2025-08-29T13:37:55.2705882+00:00" endTime="2025-08-29T13:37:55.2705883+00:00" testType="13cdc9d9-ddb5-4fa4-a97d-d965ccfc6d4b" outcome="Passed" testListId="8c84fa94-04c1-424b-9868-57a2d4851a1d" relativeResultsDirectory="61563466-ab1e-40d1-854e-94e045be0672" />
    <UnitTestResult executionId="7d7979ab-59ef-4393-becd-3b7e390fe669" testId="117d72dd-b186-d8e9-ce14-8d711079c929" testName="BuckScience.Tests.Web.Helpers.WeatherHelpersTests.ConvertWindDirectionTextToNumeric_ValidDirections_ReturnsCorrectDegrees(direction: &quot;WSW&quot;, expected: 247.5)" computerName="pkrvmccyg1gnepe" duration="00:00:00.0000094" startTime="2025-08-29T13:37:54.4149837+00:00" endTime="2025-08-29T13:37:54.4149838+00:00" testType="13cdc9d9-ddb5-4fa4-a97d-d965ccfc6d4b" outcome="Passed" testListId="8c84fa94-04c1-424b-9868-57a2d4851a1d" relativeResultsDirectory="7d7979ab-59ef-4393-becd-3b7e390fe669" />
    <UnitTestResult executionId="af4ea85a-af77-4c26-99c9-c57add8b6fbd" testId="17d2bd4a-a575-7ccc-1676-102dfc4795d6" testName="BuckScience.Tests.PhotoFilteringComprehensiveTests.CameraOption_PropertiesWork" computerName="pkrvmccyg1gnepe" duration="00:00:00.0001685" startTime="2025-08-29T13:37:54.4054993+00:00" endTime="2025-08-29T13:37:54.4054994+00:00" testType="13cdc9d9-ddb5-4fa4-a97d-d965ccfc6d4b" outcome="Passed" testListId="8c84fa94-04c1-424b-9868-57a2d4851a1d" relativeResultsDirectory="af4ea85a-af77-4c26-99c9-c57add8b6fbd" />
    <UnitTestResult executionId="2da50f73-f4b9-439c-a55f-68670b15e5a9" testId="1798213c-35a3-cbbc-3a0a-8843aace427d" testName="BuckScience.Tests.Web.Helpers.WeatherHelpersTests.ConvertWindDirectionToText_VariousAngles_ReturnsCorrectDirection(degrees: 45, expected: &quot;NE&quot;)" computerName="pkrvmccyg1gnepe" duration="00:00:00.0000038" startTime="2025-08-29T13:37:54.4137371+00:00" endTime="2025-08-29T13:37:54.4137371+00:00" testType="13cdc9d9-ddb5-4fa4-a97d-d965ccfc6d4b" outcome="Passed" testListId="8c84fa94-04c1-424b-9868-57a2d4851a1d" relativeResultsDirectory="2da50f73-f4b9-439c-a55f-68670b15e5a9" />
    <UnitTestResult executionId="4e8f7c5e-6214-437b-897d-5b237d894ab7" testId="46a7f553-bbcf-0c84-0101-71d2924c06c9" testName="BuckScience.Tests.TaggingIntegrationTests.EndToEndTaggingWorkflow_ShouldWorkCorrectly" computerName="pkrvmccyg1gnepe" duration="00:00:01.0861747" startTime="2025-08-29T13:37:55.3323292+00:00" endTime="2025-08-29T13:37:55.3323293+00:00" testType="13cdc9d9-ddb5-4fa4-a97d-d965ccfc6d4b" outcome="Passed" testListId="8c84fa94-04c1-424b-9868-57a2d4851a1d" relativeResultsDirectory="4e8f7c5e-6214-437b-897d-5b237d894ab7" />
    <UnitTestResult executionId="d36d33c1-2a53-499a-bc8a-2abffa588a28" testId="f2a53262-1031-8641-ce23-2061a5c39410" testName="BuckScience.Tests.TaggingSystemTests.GetOrCreateTag_ShouldThrowException_WhenTagNameIsInvalid(invalidTagName: &quot;&quot;)" computerName="pkrvmccyg1gnepe" duration="00:00:00.0025577" startTime="2025-08-29T13:37:55.2815918+00:00" endTime="2025-08-29T13:37:55.2815919+00:00" testType="13cdc9d9-ddb5-4fa4-a97d-d965ccfc6d4b" outcome="Passed" testListId="8c84fa94-04c1-424b-9868-57a2d4851a1d" relativeResultsDirectory="d36d33c1-2a53-499a-bc8a-2abffa588a28" />
    <UnitTestResult executionId="e66ca2cf-1be9-4ad8-b93a-a384f9b7d8b7" testId="0249bb7c-cd9a-b690-46ba-3252e9d64885" testName="BuckScience.Tests.PhotoFilteringUrlExamples.BuildFilters_CameraParameters_ShouldParseCorrectly(cameras: &quot;1,5,10&quot;, expectedCameras: [1, 5, 10])" computerName="pkrvmccyg1gnepe" duration="00:00:00.0000208" startTime="2025-08-29T13:37:54.3961868+00:00" endTime="2025-08-29T13:37:54.3961868+00:00" testType="13cdc9d9-ddb5-4fa4-a97d-d965ccfc6d4b" outcome="Passed" testListId="8c84fa94-04c1-424b-9868-57a2d4851a1d" relativeResultsDirectory="e66ca2cf-1be9-4ad8-b93a-a384f9b7d8b7" />
    <UnitTestResult executionId="87ebcb42-d206-409c-80aa-3a0691a2cb4a" testId="fb896724-2095-3026-71b5-ad9198efd098" testName="BuckScience.Tests.Web.Helpers.WeatherHelpersTests.ConvertMoonPhaseTextToNumeric_InvalidText_ReturnsNull(text: &quot;Unknown&quot;)" computerName="pkrvmccyg1gnepe" duration="00:00:00.0001429" startTime="2025-08-29T13:37:54.4182705+00:00" endTime="2025-08-29T13:37:54.4182705+00:00" testType="13cdc9d9-ddb5-4fa4-a97d-d965ccfc6d4b" outcome="Passed" testListId="8c84fa94-04c1-424b-9868-57a2d4851a1d" relativeResultsDirectory="87ebcb42-d206-409c-80aa-3a0691a2cb4a" />
    <UnitTestResult executionId="74b7461e-c4bc-4aac-9ee7-8224e13cd4e7" testId="61590a98-8800-c63c-636c-5d74543a54c1" testName="BuckScience.Tests.Web.Helpers.WeatherHelpersTests.ConvertMoonPhaseToText_VariousValues_ReturnsCorrectText(phase: 0, expected: &quot;New Moon&quot;)" computerName="pkrvmccyg1gnepe" duration="00:00:00.0000061" startTime="2025-08-29T13:37:54.4101009+00:00" endTime="2025-08-29T13:37:54.4101010+00:00" testType="13cdc9d9-ddb5-4fa4-a97d-d965ccfc6d4b" outcome="Passed" testListId="8c84fa94-04c1-424b-9868-57a2d4851a1d" relativeResultsDirectory="74b7461e-c4bc-4aac-9ee7-8224e13cd4e7" />
    <UnitTestResult executionId="778b3670-2ad3-4637-b74f-09d93e184dde" testId="ec065801-9998-c7ce-5285-3fe14e38cdac" testName="BuckScience.Tests.Web.Helpers.WeatherHelpersTests.ConvertWindDirectionTextToNumeric_InvalidText_ReturnsNull(direction: &quot;   &quot;)" computerName="pkrvmccyg1gnepe" duration="00:00:00.0004033" startTime="2025-08-29T13:37:54.4108568+00:00" endTime="2025-08-29T13:37:54.4108568+00:00" testType="13cdc9d9-ddb5-4fa4-a97d-d965ccfc6d4b" outcome="Passed" testListId="8c84fa94-04c1-424b-9868-57a2d4851a1d" relativeResultsDirectory="778b3670-2ad3-4637-b74f-09d93e184dde" />
    <UnitTestResult executionId="04c8e9fa-78d3-4b94-b8e7-9d9325cab6e9" testId="b1a32a5b-bec7-9c13-ecb5-d09eae519281" testName="BuckScience.Tests.WeatherConfigurationTests.WeatherApiSettings_ShouldBindFromConfiguration" computerName="pkrvmccyg1gnepe" duration="00:00:00.0504664" startTime="2025-08-29T13:37:54.3131568+00:00" endTime="2025-08-29T13:37:54.3131569+00:00" testType="13cdc9d9-ddb5-4fa4-a97d-d965ccfc6d4b" outcome="Passed" testListId="8c84fa94-04c1-424b-9868-57a2d4851a1d" relativeResultsDirectory="04c8e9fa-78d3-4b94-b8e7-9d9325cab6e9" />
    <UnitTestResult executionId="f4b818f8-c251-4bd3-b46b-65f74842fb84" testId="310112f5-4d07-717c-55f6-37a269d700ab" testName="BuckScience.Tests.Web.Helpers.WeatherHelpersTests.ConvertWindDirectionToText_VariousAngles_ReturnsCorrectDirection(degrees: 315, expected: &quot;NW&quot;)" computerName="pkrvmccyg1gnepe" duration="00:00:00.0000053" startTime="2025-08-29T13:37:54.4125346+00:00" endTime="2025-08-29T13:37:54.4125347+00:00" testType="13cdc9d9-ddb5-4fa4-a97d-d965ccfc6d4b" outcome="Passed" testListId="8c84fa94-04c1-424b-9868-57a2d4851a1d" relativeResultsDirectory="f4b818f8-c251-4bd3-b46b-65f74842fb84" />
    <UnitTestResult executionId="9ff381b6-b666-4a32-8b45-665a6313ce20" testId="e294371f-24bd-e5af-41b0-5a6f22f8d71f" testName="BuckScience.Tests.Web.Helpers.WeatherHelpersTests.ConvertWindDirectionTextToNumeric_ValidDirections_ReturnsCorrectDegrees(direction: &quot;S&quot;, expected: 180)" computerName="pkrvmccyg1gnepe" duration="00:00:00.0000068" startTime="2025-08-29T13:37:54.4146603+00:00" endTime="2025-08-29T13:37:54.4146604+00:00" testType="13cdc9d9-ddb5-4fa4-a97d-d965ccfc6d4b" outcome="Passed" testListId="8c84fa94-04c1-424b-9868-57a2d4851a1d" relativeResultsDirectory="9ff381b6-b666-4a32-8b45-665a6313ce20" />
    <UnitTestResult executionId="9248f1a0-d8b8-4ff5-b3a6-475ea3900fa7" testId="31c8774a-1539-0a44-3404-de06d646b468" testName="BuckScience.Tests.Web.Helpers.WeatherHelpersTests.ConvertMoonPhaseToText_VariousValues_ReturnsCorrectText(phase: 0.10000000000000001, expected: &quot;Waxing Crescent&quot;)" computerName="pkrvmccyg1gnepe" duration="00:00:00.0000069" startTime="2025-08-29T13:37:54.4098724+00:00" endTime="2025-08-29T13:37:54.4098725+00:00" testType="13cdc9d9-ddb5-4fa4-a97d-d965ccfc6d4b" outcome="Passed" testListId="8c84fa94-04c1-424b-9868-57a2d4851a1d" relativeResultsDirectory="9248f1a0-d8b8-4ff5-b3a6-475ea3900fa7" />
    <UnitTestResult executionId="fc2a6df2-ed46-422f-b6d6-97944cc200b3" testId="9b0dd086-97eb-5a55-6e89-79dde58b1fca" testName="BuckScience.Tests.PhotoFilteringUrlExamples.BuildFilters_CameraParameters_ShouldParseCorrectly(cameras: &quot;5&quot;, expectedCameras: [5])" computerName="pkrvmccyg1gnepe" duration="00:00:00.0008649" startTime="2025-08-29T13:37:54.3961143+00:00" endTime="2025-08-29T13:37:54.3961144+00:00" testType="13cdc9d9-ddb5-4fa4-a97d-d965ccfc6d4b" outcome="Passed" testListId="8c84fa94-04c1-424b-9868-57a2d4851a1d" relativeResultsDirectory="fc2a6df2-ed46-422f-b6d6-97944cc200b3" />
    <UnitTestResult executionId="043ac9d1-8fc0-403b-8330-d2459c8b16ee" testId="407fdbb6-f29a-a8a2-0277-cd698b7b57a7" testName="BuckScience.Tests.PhotoFilteringIntegrationTests.BuildFilters_WithConditions_ReturnsFiltersWithConditions" computerName="pkrvmccyg1gnepe" duration="00:00:00.0004682" startTime="2025-08-29T13:37:54.4010241+00:00" endTime="2025-08-29T13:37:54.4010242+00:00" testType="13cdc9d9-ddb5-4fa4-a97d-d965ccfc6d4b" outcome="Passed" testListId="8c84fa94-04c1-424b-9868-57a2d4851a1d" relativeResultsDirectory="043ac9d1-8fc0-403b-8330-d2459c8b16ee" />
    <UnitTestResult executionId="c7e1e9a3-435c-492b-99b2-f7d6e82192fa" testId="b909abe1-3b1d-c0ea-a3f1-0b971399890f" testName="BuckScience.Tests.PhotoFilteringIntegrationTests.BuildFilters_WithCameraIds_ReturnsFiltersWithCameras" computerName="pkrvmccyg1gnepe" duration="00:00:00.0002520" startTime="2025-08-29T13:37:54.3998682+00:00" endTime="2025-08-29T13:37:54.3998683+00:00" testType="13cdc9d9-ddb5-4fa4-a97d-d965ccfc6d4b" outcome="Passed" testListId="8c84fa94-04c1-424b-9868-57a2d4851a1d" relativeResultsDirectory="c7e1e9a3-435c-492b-99b2-f7d6e82192fa" />
    <UnitTestResult executionId="2c379dfc-c777-4284-bf24-0491e3d03020" testId="63390816-73a6-312f-e706-2ca3dfa39f0e" testName="BuckScience.Tests.Web.Helpers.WeatherHelpersTests.ConvertWindDirectionTextToNumeric_ValidDirections_ReturnsCorrectDegrees(direction: &quot;W&quot;, expected: 270)" computerName="pkrvmccyg1gnepe" duration="00:00:00.0000096" startTime="2025-08-29T13:37:54.4159441+00:00" endTime="2025-08-29T13:37:54.4159441+00:00" testType="13cdc9d9-ddb5-4fa4-a97d-d965ccfc6d4b" outcome="Passed" testListId="8c84fa94-04c1-424b-9868-57a2d4851a1d" relativeResultsDirectory="2c379dfc-c777-4284-bf24-0491e3d03020" />
    <UnitTestResult executionId="807d0fc9-57e5-4c5a-bc3e-35fcc36ee027" testId="6ddbf3e0-3ece-b657-908f-2948ae07368f" testName="BuckScience.Tests.Web.Helpers.WeatherHelpersTests.ConvertMoonPhaseTextToNumeric_CaseInsensitive_Works" computerName="pkrvmccyg1gnepe" duration="00:00:00.0006560" startTime="2025-08-29T13:37:54.4162924+00:00" endTime="2025-08-29T13:37:54.4162924+00:00" testType="13cdc9d9-ddb5-4fa4-a97d-d965ccfc6d4b" outcome="Passed" testListId="8c84fa94-04c1-424b-9868-57a2d4851a1d" relativeResultsDirectory="807d0fc9-57e5-4c5a-bc3e-35fcc36ee027" />
    <UnitTestResult executionId="10378f01-75cd-4dce-9423-be70568a5c04" testId="f2ce22ba-4e0c-a11c-c657-a799ce863a26" testName="BuckScience.Tests.Web.Helpers.WeatherHelpersTests.ConvertMoonPhaseTextToNumeric_InvalidText_ReturnsNull(text: &quot;&quot;)" computerName="pkrvmccyg1gnepe" duration="00:00:00.0002425" startTime="2025-08-29T13:37:54.4192227+00:00" endTime="2025-08-29T13:37:54.4192227+00:00" testType="13cdc9d9-ddb5-4fa4-a97d-d965ccfc6d4b" outcome="Passed" testListId="8c84fa94-04c1-424b-9868-57a2d4851a1d" relativeResultsDirectory="10378f01-75cd-4dce-9423-be70568a5c04" />
    <UnitTestResult executionId="6e182664-ad15-426f-a6fd-89cf58d5ec03" testId="b14ae956-297a-f056-fdd7-ca8f9b76076f" testName="BuckScience.Tests.PhotoFilteringUrlExamples.BuildFilters_CameraParameters_ShouldParseCorrectly(cameras: &quot;1,2,3&quot;, expectedCameras: [1, 2, 3])" computerName="pkrvmccyg1gnepe" duration="00:00:00.0016840" startTime="2025-08-29T13:37:54.3954296+00:00" endTime="2025-08-29T13:37:54.3954298+00:00" testType="13cdc9d9-ddb5-4fa4-a97d-d965ccfc6d4b" outcome="Passed" testListId="8c84fa94-04c1-424b-9868-57a2d4851a1d" relativeResultsDirectory="6e182664-ad15-426f-a6fd-89cf58d5ec03" />
    <UnitTestResult executionId="fe0ff50a-e0e6-4f9f-be4f-1b41a0c43848" testId="8dc17fe0-66a4-6cf2-3749-0f755c367e4d" testName="BuckScience.Tests.Web.Helpers.WeatherHelpersTests.GetWindDirectionOptions_WithEmptyAvailable_AllUnavailable" computerName="pkrvmccyg1gnepe" duration="00:00:00.0002905" startTime="2025-08-29T13:37:54.4194876+00:00" endTime="2025-08-29T13:37:54.4194877+00:00" testType="13cdc9d9-ddb5-4fa4-a97d-d965ccfc6d4b" outcome="Passed" testListId="8c84fa94-04c1-424b-9868-57a2d4851a1d" relativeResultsDirectory="fe0ff50a-e0e6-4f9f-be4f-1b41a0c43848" />
    <UnitTestResult executionId="7cb9adde-55c7-4feb-ba4a-fc929a49dfae" testId="e531c44f-a81a-259c-843c-505a398d8b55" testName="BuckScience.Tests.Web.Helpers.WeatherHelpersTests.ConvertMoonPhaseTextToNumeric_InvalidText_ReturnsNull(text: &quot;Invalid Phase&quot;)" computerName="pkrvmccyg1gnepe" duration="00:00:00.0000103" startTime="2025-08-29T13:37:54.4192868+00:00" endTime="2025-08-29T13:37:54.4192869+00:00" testType="13cdc9d9-ddb5-4fa4-a97d-d965ccfc6d4b" outcome="Passed" testListId="8c84fa94-04c1-424b-9868-57a2d4851a1d" relativeResultsDirectory="7cb9adde-55c7-4feb-ba4a-fc929a49dfae" />
    <UnitTestResult executionId="fd2bde7f-2747-4fd6-a9ac-ec52a15e7ace" testId="dfe6a45f-34c2-c767-91dd-1f8de6538cc0" testName="BuckScience.Tests.Web.Helpers.WeatherHelpersTests.ConvertMoonPhaseTextToNumeric_ValidText_ReturnsCorrectValue(text: &quot;Waning Crescent&quot;, expected: 0.875)" computerName="pkrvmccyg1gnepe" duration="00:00:00.0001382" startTime="2025-08-29T13:37:54.4171097+00:00" endTime="2025-08-29T13:37:54.4171098+00:00" testType="13cdc9d9-ddb5-4fa4-a97d-d965ccfc6d4b" outcome="Passed" testListId="8c84fa94-04c1-424b-9868-57a2d4851a1d" relativeResultsDirectory="fd2bde7f-2747-4fd6-a9ac-ec52a15e7ace" />
    <UnitTestResult executionId="939b3385-1fad-4a48-bdf9-50fb5081e3fc" testId="b8a41320-c868-9123-86b4-03e71d0ff6ef" testName="BuckScience.Tests.Web.Helpers.WeatherHelpersTests.ConvertWindDirectionToText_VariousAngles_ReturnsCorrectDirection(degrees: 11.24, expected: &quot;N&quot;)" computerName="pkrvmccyg1gnepe" duration="00:00:00.0000046" startTime="2025-08-29T13:37:54.4127045+00:00" endTime="2025-08-29T13:37:54.4127046+00:00" testType="13cdc9d9-ddb5-4fa4-a97d-d965ccfc6d4b" outcome="Passed" testListId="8c84fa94-04c1-424b-9868-57a2d4851a1d" relativeResultsDirectory="939b3385-1fad-4a48-bdf9-50fb5081e3fc" />
    <UnitTestResult executionId="570f7ff1-b6d6-4427-b419-4c4e46597eaa" testId="fa20158d-fb5e-8e7a-f1da-aa0a1eb9ba5a" testName="BuckScience.Tests.PhotoGroupingTests.CameraPhotoGrouping_ShouldGroupByMonthYear" computerName="pkrvmccyg1gnepe" duration="00:00:00.0011980" startTime="2025-08-29T13:37:54.3277127+00:00" endTime="2025-08-29T13:37:54.3277128+00:00" testType="13cdc9d9-ddb5-4fa4-a97d-d965ccfc6d4b" outcome="Passed" testListId="8c84fa94-04c1-424b-9868-57a2d4851a1d" relativeResultsDirectory="570f7ff1-b6d6-4427-b419-4c4e46597eaa" />
    <UnitTestResult executionId="4729a3b6-a630-4aa3-820c-163e6b0fcfec" testId="7d1b1cf4-8561-5b1e-3cb0-e9438583a7c7" testName="BuckScience.Tests.PhotoGroupingTests.PhotoGrouping_ShouldGroupByMonthYear" computerName="pkrvmccyg1gnepe" duration="00:00:00.0006980" startTime="2025-08-29T13:37:54.3334645+00:00" endTime="2025-08-29T13:37:54.3334646+00:00" testType="13cdc9d9-ddb5-4fa4-a97d-d965ccfc6d4b" outcome="Passed" testListId="8c84fa94-04c1-424b-9868-57a2d4851a1d" relativeResultsDirectory="4729a3b6-a630-4aa3-820c-163e6b0fcfec" />
    <UnitTestResult executionId="f4091561-5d58-41e0-93cb-d23496ab6212" testId="639a2f8f-de06-aff0-2654-2e863df98d3d" testName="BuckScience.Tests.Web.Helpers.WeatherHelpersTests.ConvertMoonPhaseToText_VariousValues_ReturnsCorrectText(phase: 0.25, expected: &quot;First Quarter&quot;)" computerName="pkrvmccyg1gnepe" duration="00:00:00.0002715" startTime="2025-08-29T13:37:54.4091408+00:00" endTime="2025-08-29T13:37:54.4091408+00:00" testType="13cdc9d9-ddb5-4fa4-a97d-d965ccfc6d4b" outcome="Passed" testListId="8c84fa94-04c1-424b-9868-57a2d4851a1d" relativeResultsDirectory="f4091561-5d58-41e0-93cb-d23496ab6212" />
    <UnitTestResult executionId="9d180374-76b0-4dc3-9f85-71df010334f8" testId="9323afa7-c6a5-6a33-bb74-8f4b3b4998d0" testName="BuckScience.Tests.Web.Helpers.WeatherHelpersTests.ConvertWindDirectionToText_VariousAngles_ReturnsCorrectDirection(degrees: 33.740000000000002, expected: &quot;NNE&quot;)" computerName="pkrvmccyg1gnepe" duration="00:00:00.0000051" startTime="2025-08-29T13:37:54.4136808+00:00" endTime="2025-08-29T13:37:54.4136809+00:00" testType="13cdc9d9-ddb5-4fa4-a97d-d965ccfc6d4b" outcome="Passed" testListId="8c84fa94-04c1-424b-9868-57a2d4851a1d" relativeResultsDirectory="9d180374-76b0-4dc3-9f85-71df010334f8" />
    <UnitTestResult executionId="cce59b2d-902c-4862-b7e9-653fbb9beb07" testId="2582410d-2726-a653-733b-0912934edde4" testName="BuckScience.Tests.Web.Helpers.WeatherHelpersTests.ConvertMoonPhaseTextToNumeric_ValidText_ReturnsCorrectValue(text: &quot;Last Quarter&quot;, expected: 0.75)" computerName="pkrvmccyg1gnepe" duration="00:00:00.0003605" startTime="2025-08-29T13:37:54.4177793+00:00" endTime="2025-08-29T13:37:54.4177794+00:00" testType="13cdc9d9-ddb5-4fa4-a97d-d965ccfc6d4b" outcome="Passed" testListId="8c84fa94-04c1-424b-9868-57a2d4851a1d" relativeResultsDirectory="cce59b2d-902c-4862-b7e9-653fbb9beb07" />
    <UnitTestResult executionId="f4131058-5c2d-45b7-a021-35afa4ac400d" testId="65305c54-3e3e-31b1-f5dd-4a4bc66b7c08" testName="BuckScience.Tests.CameraCreateVmTests.CameraCreateVm_ShouldIncludePropertyCoordinates" computerName="pkrvmccyg1gnepe" duration="00:00:00.0084807" startTime="2025-08-29T13:37:54.2705649+00:00" endTime="2025-08-29T13:37:54.2706280+00:00" testType="13cdc9d9-ddb5-4fa4-a97d-d965ccfc6d4b" outcome="Passed" testListId="8c84fa94-04c1-424b-9868-57a2d4851a1d" relativeResultsDirectory="f4131058-5c2d-45b7-a021-35afa4ac400d" />
    <UnitTestResult executionId="c60a6f2c-3b1b-4675-acee-338ed273f75e" testId="5fc7d131-6de1-7ffe-375b-8ea28a5dbcb8" testName="BuckScience.Tests.TaggingSystemTests.SetAsDefaultTag_ShouldSetTagAsDefault" computerName="pkrvmccyg1gnepe" duration="00:00:00.0000968" startTime="2025-08-29T13:37:55.2894397+00:00" endTime="2025-08-29T13:37:55.2894398+00:00" testType="13cdc9d9-ddb5-4fa4-a97d-d965ccfc6d4b" outcome="Passed" testListId="8c84fa94-04c1-424b-9868-57a2d4851a1d" relativeResultsDirectory="c60a6f2c-3b1b-4675-acee-338ed273f75e" />
    <UnitTestResult executionId="99e39f79-c3ac-46c0-8c04-14846582eab2" testId="4018bd47-d5cd-e85a-b6de-7760e129dafa" testName="BuckScience.Tests.Web.Helpers.WeatherHelpersTests.ConvertWindDirectionToText_VariousAngles_ReturnsCorrectDirection(degrees: 180, expected: &quot;S&quot;)" computerName="pkrvmccyg1gnepe" duration="00:00:00.0000089" startTime="2025-08-29T13:37:54.4115357+00:00" endTime="2025-08-29T13:37:54.4115358+00:00" testType="13cdc9d9-ddb5-4fa4-a97d-d965ccfc6d4b" outcome="Passed" testListId="8c84fa94-04c1-424b-9868-57a2d4851a1d" relativeResultsDirectory="99e39f79-c3ac-46c0-8c04-14846582eab2" />
    <UnitTestResult executionId="7060eb93-aa18-4371-829e-237976626c0f" testId="29048f6b-b73b-a720-ef94-9f27a4540f3c" testName="BuckScience.Tests.Web.Helpers.WeatherHelpersTests.ConvertMoonPhaseTextToNumeric_ValidText_ReturnsCorrectValue(text: &quot;New Moon&quot;, expected: 0)" computerName="pkrvmccyg1gnepe" duration="00:00:00.0000090" startTime="2025-08-29T13:37:54.4178968+00:00" endTime="2025-08-29T13:37:54.4178969+00:00" testType="13cdc9d9-ddb5-4fa4-a97d-d965ccfc6d4b" outcome="Passed" testListId="8c84fa94-04c1-424b-9868-57a2d4851a1d" relativeResultsDirectory="7060eb93-aa18-4371-829e-237976626c0f" />
    <UnitTestResult executionId="7a9d505e-3df6-46ff-80f3-dd8764e2a3d9" testId="62aa58ea-9077-0f9e-c60d-aafd4a8d0ad6" testName="BuckScience.Tests.Web.Helpers.WeatherHelpersTests.ConvertWindDirectionToText_VariousAngles_ReturnsCorrectDirection(degrees: -10, expected: &quot;N&quot;)" computerName="pkrvmccyg1gnepe" duration="00:00:00.0000054" startTime="2025-08-29T13:37:54.4136237+00:00" endTime="2025-08-29T13:37:54.4136237+00:00" testType="13cdc9d9-ddb5-4fa4-a97d-d965ccfc6d4b" outcome="Passed" testListId="8c84fa94-04c1-424b-9868-57a2d4851a1d" relativeResultsDirectory="7a9d505e-3df6-46ff-80f3-dd8764e2a3d9" />
    <UnitTestResult executionId="2d785635-b409-4277-8e1f-11578b24d491" testId="24c340fb-d377-9a86-7f7b-24671f6c604a" testName="BuckScience.Tests.UnitTest1.Test1" computerName="pkrvmccyg1gnepe" duration="00:00:00.0001174" startTime="2025-08-29T13:37:54.3157443+00:00" endTime="2025-08-29T13:37:54.3157444+00:00" testType="13cdc9d9-ddb5-4fa4-a97d-d965ccfc6d4b" outcome="Passed" testListId="8c84fa94-04c1-424b-9868-57a2d4851a1d" relativeResultsDirectory="2d785635-b409-4277-8e1f-11578b24d491" />
    <UnitTestResult executionId="6efce0ea-4dbc-447b-bfc7-3de4d9a7ee1d" testId="2cc2759a-0e74-d1e3-53c0-3d706804902c" testName="BuckScience.Tests.PhotoFilteringComprehensiveTests.PropertyPhotosVm_WithFilters_CorrectProperties" computerName="pkrvmccyg1gnepe" duration="00:00:00.0028140" startTime="2025-08-29T13:37:54.4035212+00:00" endTime="2025-08-29T13:37:54.4035214+00:00" testType="13cdc9d9-ddb5-4fa4-a97d-d965ccfc6d4b" outcome="Passed" testListId="8c84fa94-04c1-424b-9868-57a2d4851a1d" relativeResultsDirectory="6efce0ea-4dbc-447b-bfc7-3de4d9a7ee1d" />
    <UnitTestResult executionId="17be2fac-36e0-43b6-943e-85475dd52f02" testId="172a47eb-7de7-c6df-b8be-70c0be7e14f7" testName="BuckScience.Tests.Web.Helpers.WeatherHelpersTests.ConvertWindDirectionTextToNumeric_ValidDirections_ReturnsCorrectDegrees(direction: &quot;SSW&quot;, expected: 202.5)" computerName="pkrvmccyg1gnepe" duration="00:00:00.0000097" startTime="2025-08-29T13:37:54.4150529+00:00" endTime="2025-08-29T13:37:54.4150530+00:00" testType="13cdc9d9-ddb5-4fa4-a97d-d965ccfc6d4b" outcome="Passed" testListId="8c84fa94-04c1-424b-9868-57a2d4851a1d" relativeResultsDirectory="17be2fac-36e0-43b6-943e-85475dd52f02" />
    <UnitTestResult executionId="4e97f361-541e-47b0-ae4f-686de1e0b499" testId="b96d0d20-292a-e609-b515-79cd877929d7" testName="BuckScience.Tests.Web.Helpers.WeatherHelpersTests.ConvertWindDirectionToText_VariousAngles_ReturnsCorrectDirection(degrees: 337.5, expected: &quot;NNW&quot;)" computerName="pkrvmccyg1gnepe" duration="00:00:00.0000083" startTime="2025-08-29T13:37:54.4123336+00:00" endTime="2025-08-29T13:37:54.4123336+00:00" testType="13cdc9d9-ddb5-4fa4-a97d-d965ccfc6d4b" outcome="Passed" testListId="8c84fa94-04c1-424b-9868-57a2d4851a1d" relativeResultsDirectory="4e97f361-541e-47b0-ae4f-686de1e0b499" />
    <UnitTestResult executionId="a067e105-c847-40a8-96c1-2e838191e705" testId="d3a4b1bb-6aeb-d30b-4b3c-0f1cdc5eac6e" testName="BuckScience.Tests.Web.Helpers.WeatherHelpersTests.ConvertWindDirectionTextToNumeric_ValidDirections_ReturnsCorrectDegrees(direction: &quot;NNW&quot;, expected: 337.5)" computerName="pkrvmccyg1gnepe" duration="00:00:00.0001226" startTime="2025-08-29T13:37:54.4144342+00:00" endTime="2025-08-29T13:37:54.4144343+00:00" testType="13cdc9d9-ddb5-4fa4-a97d-d965ccfc6d4b" outcome="Passed" testListId="8c84fa94-04c1-424b-9868-57a2d4851a1d" relativeResultsDirectory="a067e105-c847-40a8-96c1-2e838191e705" />
    <UnitTestResult executionId="b3bd8105-cc08-41ff-86e8-d26f681288d7" testId="6d9ecacc-771f-c0f8-81b8-e7f5f5ecfa5f" testName="BuckScience.Tests.WeatherConfigurationTests.WeatherSettings_ShouldBindFromConfiguration" computerName="pkrvmccyg1gnepe" duration="00:00:00.0022597" startTime="2025-08-29T13:37:54.3156407+00:00" endTime="2025-08-29T13:37:54.3156408+00:00" testType="13cdc9d9-ddb5-4fa4-a97d-d965ccfc6d4b" outcome="Passed" testListId="8c84fa94-04c1-424b-9868-57a2d4851a1d" relativeResultsDirectory="b3bd8105-cc08-41ff-86e8-d26f681288d7" />
    <UnitTestResult executionId="545a2420-9833-4279-b2f9-9e3efe590a57" testId="088d383f-5fbc-e375-2326-3e321a2adf4f" testName="BuckScience.Tests.TaggingRequirementsTests.Requirement2_TagUniqueness_ShouldBeEnforced" computerName="pkrvmccyg1gnepe" duration="00:00:00.0538847" startTime="2025-08-29T13:37:55.2725828+00:00" endTime="2025-08-29T13:37:55.2725829+00:00" testType="13cdc9d9-ddb5-4fa4-a97d-d965ccfc6d4b" outcome="Passed" testListId="8c84fa94-04c1-424b-9868-57a2d4851a1d" relativeResultsDirectory="545a2420-9833-4279-b2f9-9e3efe590a57" />
    <UnitTestResult executionId="7adf99d7-efa2-4a2d-bff3-fabbacf9909f" testId="fb8ea106-f542-3a06-bc35-d8f4e171c2a2" testName="BuckScience.Tests.Web.Helpers.WeatherHelpersTests.ConvertMoonPhaseTextToNumeric_ValidText_ReturnsCorrectValue(text: &quot;Waning Gibbous&quot;, expected: 0.625)" computerName="pkrvmccyg1gnepe" duration="00:00:00.0000070" startTime="2025-08-29T13:37:54.4181208+00:00" endTime="2025-08-29T13:37:54.4181209+00:00" testType="13cdc9d9-ddb5-4fa4-a97d-d965ccfc6d4b" outcome="Passed" testListId="8c84fa94-04c1-424b-9868-57a2d4851a1d" relativeResultsDirectory="7adf99d7-efa2-4a2d-bff3-fabbacf9909f" />
    <UnitTestResult executionId="a979094e-415a-4cfb-8ffd-a3b45453dfdb" testId="8d324366-3662-08e0-9537-a5a51d46bda5" testName="BuckScience.Tests.Web.Helpers.WeatherHelpersTests.ConvertMoonPhaseToText_VariousValues_ReturnsCorrectText(phase: 0.5, expected: &quot;Full Moon&quot;)" computerName="pkrvmccyg1gnepe" duration="00:00:00.0000052" startTime="2025-08-29T13:37:54.4100440+00:00" endTime="2025-08-29T13:37:54.4100441+00:00" testType="13cdc9d9-ddb5-4fa4-a97d-d965ccfc6d4b" outcome="Passed" testListId="8c84fa94-04c1-424b-9868-57a2d4851a1d" relativeResultsDirectory="a979094e-415a-4cfb-8ffd-a3b45453dfdb" />
    <UnitTestResult executionId="f706ba3a-3ef7-49f7-b5c2-b8dd53d319cd" testId="df8d3f6f-dec6-fe48-30b1-4504bb2aa651" testName="BuckScience.Tests.Web.Helpers.WeatherHelpersTests.ConvertWindDirectionTextToNumeric_ValidDirections_ReturnsCorrectDegrees(direction: &quot;NE&quot;, expected: 45)" computerName="pkrvmccyg1gnepe" duration="00:00:00.0000077" startTime="2025-08-29T13:37:54.4161563+00:00" endTime="2025-08-29T13:37:54.4161563+00:00" testType="13cdc9d9-ddb5-4fa4-a97d-d965ccfc6d4b" outcome="Passed" testListId="8c84fa94-04c1-424b-9868-57a2d4851a1d" relativeResultsDirectory="f706ba3a-3ef7-49f7-b5c2-b8dd53d319cd" />
    <UnitTestResult executionId="2ef09519-803b-4e96-8013-67ca00c9b108" testId="4103318d-2de0-6e72-8544-27607329cbb3" testName="BuckScience.Tests.CameraDetailsVmTests.CameraDetailsVm_ShouldAllowNullModel" computerName="pkrvmccyg1gnepe" duration="00:00:00.0006584" startTime="2025-08-29T13:37:54.3790398+00:00" endTime="2025-08-29T13:37:54.3790399+00:00" testType="13cdc9d9-ddb5-4fa4-a97d-d965ccfc6d4b" outcome="Passed" testListId="8c84fa94-04c1-424b-9868-57a2d4851a1d" relativeResultsDirectory="2ef09519-803b-4e96-8013-67ca00c9b108" />
    <UnitTestResult executionId="f8bcc151-1067-4fec-b714-125e7b330125" testId="ddd7ef0f-f8d8-3f23-14c1-c969cc917d3a" testName="BuckScience.Tests.TaggingRequirementsTests.Requirement2_NewTagCreation_ShouldBeSupported" computerName="pkrvmccyg1gnepe" duration="00:00:00.0098945" startTime="2025-08-29T13:37:55.3733448+00:00" endTime="2025-08-29T13:37:55.3733449+00:00" testType="13cdc9d9-ddb5-4fa4-a97d-d965ccfc6d4b" outcome="Passed" testListId="8c84fa94-04c1-424b-9868-57a2d4851a1d" relativeResultsDirectory="f8bcc151-1067-4fec-b714-125e7b330125" />
    <UnitTestResult executionId="07b4151d-2cc1-4ac0-9a87-f4c53a91d4cd" testId="f36a8701-085e-04e9-1108-0b102bccb765" testName="BuckScience.Tests.Web.Helpers.WeatherHelpersTests.ConvertWindDirectionToText_RoundTrip_MaintainsAccuracy" computerName="pkrvmccyg1gnepe" duration="00:00:00.0003576" startTime="2025-08-29T13:37:54.4138263+00:00" endTime="2025-08-29T13:37:54.4138264+00:00" testType="13cdc9d9-ddb5-4fa4-a97d-d965ccfc6d4b" outcome="Passed" testListId="8c84fa94-04c1-424b-9868-57a2d4851a1d" relativeResultsDirectory="07b4151d-2cc1-4ac0-9a87-f4c53a91d4cd" />
    <UnitTestResult executionId="63245275-7467-4fd9-8c10-5ff5f049b0e3" testId="3f4d3f91-09a2-a334-5932-6e78104fd8ba" testName="BuckScience.Tests.WeatherBatchProcessingTests.PhotoGrouping_ShouldGroupByLocationAndDate" computerName="pkrvmccyg1gnepe" duration="00:00:00.0119119" startTime="2025-08-29T13:37:54.3860097+00:00" endTime="2025-08-29T13:37:54.3860099+00:00" testType="13cdc9d9-ddb5-4fa4-a97d-d965ccfc6d4b" outcome="Passed" testListId="8c84fa94-04c1-424b-9868-57a2d4851a1d" relativeResultsDirectory="63245275-7467-4fd9-8c10-5ff5f049b0e3" />
    <UnitTestResult executionId="0cfbc97f-b2db-4a44-9ad5-4aebecc9593f" testId="a52561ca-dbe3-d21e-cc1f-fbc0bb577901" testName="BuckScience.Tests.Web.Helpers.WeatherHelpersTests.ConvertMoonPhaseTextToNumeric_ValidText_ReturnsCorrectValue(text: &quot;Full Moon&quot;, expected: 0.5)" computerName="pkrvmccyg1gnepe" duration="00:00:00.0000088" startTime="2025-08-29T13:37:54.4180058+00:00" endTime="2025-08-29T13:37:54.4180059+00:00" testType="13cdc9d9-ddb5-4fa4-a97d-d965ccfc6d4b" outcome="Passed" testListId="8c84fa94-04c1-424b-9868-57a2d4851a1d" relativeResultsDirectory="0cfbc97f-b2db-4a44-9ad5-4aebecc9593f" />
    <UnitTestResult executionId="232400a5-bb2a-4c29-b73c-87b5d301f953" testId="5c61d628-c74f-c8f0-779e-82c0c2dc77df" testName="BuckScience.Tests.Web.Helpers.WeatherHelpersTests.ConvertWindDirectionTextToNumeric_ValidDirections_ReturnsCorrectDegrees(direction: &quot;N&quot;, expected: 0)" computerName="pkrvmccyg1gnepe" duration="00:00:00.0000072" startTime="2025-08-29T13:37:54.4162197+00:00" endTime="2025-08-29T13:37:54.4162198+00:00" testType="13cdc9d9-ddb5-4fa4-a97d-d965ccfc6d4b" outcome="Passed" testListId="8c84fa94-04c1-424b-9868-57a2d4851a1d" relativeResultsDirectory="232400a5-bb2a-4c29-b73c-87b5d301f953" />
    <UnitTestResult executionId="e3b839aa-edf6-45d2-b686-f890445d6456" testId="aac2053d-c1f1-3ae9-c811-84c25975dded" testName="BuckScience.Tests.TaggingIntegrationTests.CreateProperty_ShouldAutoAssignDefaultTags" computerName="pkrvmccyg1gnepe" duration="00:00:00.0223299" startTime="2025-08-29T13:37:55.3677705+00:00" endTime="2025-08-29T13:37:55.3677707+00:00" testType="13cdc9d9-ddb5-4fa4-a97d-d965ccfc6d4b" outcome="Passed" testListId="8c84fa94-04c1-424b-9868-57a2d4851a1d" relativeResultsDirectory="e3b839aa-edf6-45d2-b686-f890445d6456" />
    <UnitTestResult executionId="a0fece73-f396-4e02-a61e-f238e9c01352" testId="73d0473b-eb3b-71b8-da90-00961c42343e" testName="BuckScience.Tests.PhotoFilteringUrlExamples.BuildFilters_ConditionsParameters_ShouldParseCorrectly(conditions: &quot;Clear,Partly Cloudy,Overcast&quot;, expectedConditions: [&quot;Clear&quot;, &quot;Partly Cloudy&quot;, &quot;Overcast&quot;])" computerName="pkrvmccyg1gnepe" duration="00:00:00.0002880" startTime="2025-08-29T13:37:54.3994688+00:00" endTime="2025-08-29T13:37:54.3994690+00:00" testType="13cdc9d9-ddb5-4fa4-a97d-d965ccfc6d4b" outcome="Passed" testListId="8c84fa94-04c1-424b-9868-57a2d4851a1d" relativeResultsDirectory="a0fece73-f396-4e02-a61e-f238e9c01352" />
    <UnitTestResult executionId="7c8c8d99-e0dd-4024-b51d-6ee7cad69840" testId="7d4e8658-cb8d-0c66-3167-748289c2e3c6" testName="BuckScience.Tests.Web.Helpers.WeatherHelpersTests.ConvertWindDirectionToText_VariousAngles_ReturnsCorrectDirection(degrees: 135, expected: &quot;SE&quot;)" computerName="pkrvmccyg1gnepe" duration="00:00:00.0000037" startTime="2025-08-29T13:37:54.4133526+00:00" endTime="2025-08-29T13:37:54.4133526+00:00" testType="13cdc9d9-ddb5-4fa4-a97d-d965ccfc6d4b" outcome="Passed" testListId="8c84fa94-04c1-424b-9868-57a2d4851a1d" relativeResultsDirectory="7c8c8d99-e0dd-4024-b51d-6ee7cad69840" />
    <UnitTestResult executionId="8178601c-ba0d-4e4d-a2f4-5e7be699dd85" testId="c900e632-ca6a-8d11-765e-c59876f4f7f8" testName="BuckScience.Tests.PhotoFilteringIntegrationTests.BuildFilters_WithDateRange_ReturnsFiltersWithDates" computerName="pkrvmccyg1gnepe" duration="00:00:00.0024968" startTime="2025-08-29T13:37:54.3996043+00:00" endTime="2025-08-29T13:37:54.3996044+00:00" testType="13cdc9d9-ddb5-4fa4-a97d-d965ccfc6d4b" outcome="Passed" testListId="8c84fa94-04c1-424b-9868-57a2d4851a1d" relativeResultsDirectory="8178601c-ba0d-4e4d-a2f4-5e7be699dd85" />
    <UnitTestResult executionId="fa35b55e-92c9-4134-8ca5-27720207a140" testId="c005721b-05db-8d7a-5eea-e90626721b80" testName="BuckScience.Tests.Web.Helpers.WeatherHelpersTests.ConvertWindDirectionTextToNumeric_ValidDirections_ReturnsCorrectDegrees(direction: &quot;SW&quot;, expected: 225)" computerName="pkrvmccyg1gnepe" duration="00:00:00.0000083" startTime="2025-08-29T13:37:54.4158612+00:00" endTime="2025-08-29T13:37:54.4158613+00:00" testType="13cdc9d9-ddb5-4fa4-a97d-d965ccfc6d4b" outcome="Passed" testListId="8c84fa94-04c1-424b-9868-57a2d4851a1d" relativeResultsDirectory="fa35b55e-92c9-4134-8ca5-27720207a140" />
    <UnitTestResult executionId="ec27ca54-14a3-487a-87e0-25fbdbc5f8da" testId="d6582cc4-f5d7-7ddd-419a-8856fe5530f3" testName="BuckScience.Tests.TaggingSystemTests.AssignDefaultTagsToProperty_ShouldAssignOnlyDefaultTags" computerName="pkrvmccyg1gnepe" duration="00:00:00.0070136" startTime="2025-08-29T13:37:55.2776710+00:00" endTime="2025-08-29T13:37:55.2776712+00:00" testType="13cdc9d9-ddb5-4fa4-a97d-d965ccfc6d4b" outcome="Passed" testListId="8c84fa94-04c1-424b-9868-57a2d4851a1d" relativeResultsDirectory="ec27ca54-14a3-487a-87e0-25fbdbc5f8da" />
    <UnitTestResult executionId="8520d398-f7dc-4dbc-80b6-4ce460e9b415" testId="69b65817-cd82-0a96-5e68-ab587e27eb95" testName="BuckScience.Tests.PhotoFilteringUrlExamples.BuildFilters_UrlParameters_ShouldParseCorrectly(urlParams: &quot;tempMin=20&quot;, expectedTempMin: 20, expectedTempMax: null, expectedWindMin: null, expectedWindMax: null)" computerName="pkrvmccyg1gnepe" duration="00:00:00.0004973" startTime="2025-08-29T13:37:54.3967083+00:00" endTime="2025-08-29T13:37:54.3967084+00:00" testType="13cdc9d9-ddb5-4fa4-a97d-d965ccfc6d4b" outcome="Passed" testListId="8c84fa94-04c1-424b-9868-57a2d4851a1d" relativeResultsDirectory="8520d398-f7dc-4dbc-80b6-4ce460e9b415" />
    <UnitTestResult executionId="c16279e7-76d1-42b5-8cf1-dd77e00f91fa" testId="2eacfbf3-667b-5a8e-52a0-d9d512e960c7" testName="BuckScience.Tests.Web.Helpers.WeatherHelpersTests.ConvertWindDirectionToText_VariousAngles_ReturnsCorrectDirection(degrees: 270, expected: &quot;W&quot;)" computerName="pkrvmccyg1gnepe" duration="00:00:00.0000058" startTime="2025-08-29T13:37:54.4124823+00:00" endTime="2025-08-29T13:37:54.4124824+00:00" testType="13cdc9d9-ddb5-4fa4-a97d-d965ccfc6d4b" outcome="Passed" testListId="8c84fa94-04c1-424b-9868-57a2d4851a1d" relativeResultsDirectory="c16279e7-76d1-42b5-8cf1-dd77e00f91fa" />
    <UnitTestResult executionId="579b64bd-8881-4f25-be27-9218126b0769" testId="188163b5-3a99-e726-205c-6b6fc846baac" testName="BuckScience.Tests.PhotoGroupingTests.PhotoGrouping_ShouldGroupByMonthYear_Ascending" computerName="pkrvmccyg1gnepe" duration="00:00:00.0047508" startTime="2025-08-29T13:37:54.3309233+00:00" endTime="2025-08-29T13:37:54.3309234+00:00" testType="13cdc9d9-ddb5-4fa4-a97d-d965ccfc6d4b" outcome="Passed" testListId="8c84fa94-04c1-424b-9868-57a2d4851a1d" relativeResultsDirectory="579b64bd-8881-4f25-be27-9218126b0769" />
    <UnitTestResult executionId="a48180cc-319f-4117-9fa2-4f7e0c59fc8f" testId="0c5da287-efdb-ad86-5a1d-4f909e3eba8c" testName="BuckScience.Tests.PhotoFilteringUrlExamples.BuildFilters_UrlParameters_ShouldParseCorrectly(urlParams: &quot;windSpeedMin=5&amp;windSpeedMax=15&quot;, expectedTempMin: null, expectedTempMax: null, expectedWindMin: 5, expectedWindMax: 15)" computerName="pkrvmccyg1gnepe" duration="00:00:00.0000185" startTime="2025-08-29T13:37:54.3972651+00:00" endTime="2025-08-29T13:37:54.3972652+00:00" testType="13cdc9d9-ddb5-4fa4-a97d-d965ccfc6d4b" outcome="Passed" testListId="8c84fa94-04c1-424b-9868-57a2d4851a1d" relativeResultsDirectory="a48180cc-319f-4117-9fa2-4f7e0c59fc8f" />
    <UnitTestResult executionId="5dfe5493-0ceb-433f-869b-f194d9442646" testId="59d49ae8-fe17-c8a4-30e6-e31bf9671e6d" testName="BuckScience.Tests.Web.Helpers.WeatherHelpersTests.ConvertWindDirectionToText_VariousAngles_ReturnsCorrectDirection(degrees: 11.25, expected: &quot;NNE&quot;)" computerName="pkrvmccyg1gnepe" duration="00:00:00.0000068" startTime="2025-08-29T13:37:54.4125917+00:00" endTime="2025-08-29T13:37:54.4125917+00:00" testType="13cdc9d9-ddb5-4fa4-a97d-d965ccfc6d4b" outcome="Passed" testListId="8c84fa94-04c1-424b-9868-57a2d4851a1d" relativeResultsDirectory="5dfe5493-0ceb-433f-869b-f194d9442646" />
    <UnitTestResult executionId="ba98b4a5-b947-4ba9-9528-7cde4c46646b" testId="d158f051-212f-d40f-0819-bf99fbd314c0" testName="BuckScience.Tests.Web.Helpers.WeatherHelpersTests.ConvertWindDirectionToText_VariousAngles_ReturnsCorrectDirection(degrees: 0, expected: &quot;N&quot;)" computerName="pkrvmccyg1gnepe" duration="00:00:00.0000026" startTime="2025-08-29T13:37:54.4134698+00:00" endTime="2025-08-29T13:37:54.4134699+00:00" testType="13cdc9d9-ddb5-4fa4-a97d-d965ccfc6d4b" outcome="Passed" testListId="8c84fa94-04c1-424b-9868-57a2d4851a1d" relativeResultsDirectory="ba98b4a5-b947-4ba9-9528-7cde4c46646b" />
    <UnitTestResult executionId="90432609-5d14-474c-a4c8-37a423296a24" testId="d7049aa3-0901-3782-ef96-d1caac1bac5e" testName="BuckScience.Tests.Web.Helpers.WeatherHelpersTests.ConvertMoonPhaseToText_VariousValues_ReturnsCorrectText(phase: 0.02, expected: &quot;New Moon&quot;)" computerName="pkrvmccyg1gnepe" duration="00:00:00.0000048" startTime="2025-08-29T13:37:54.4107798+00:00" endTime="2025-08-29T13:37:54.4107799+00:00" testType="13cdc9d9-ddb5-4fa4-a97d-d965ccfc6d4b" outcome="Passed" testListId="8c84fa94-04c1-424b-9868-57a2d4851a1d" relativeResultsDirectory="90432609-5d14-474c-a4c8-37a423296a24" />
    <UnitTestResult executionId="4e5ff753-887f-4711-922f-fa93a05d6476" testId="1c0d7c7b-e498-3c7a-c145-fce1f6e14e16" testName="BuckScience.Tests.Web.Helpers.WeatherHelpersTests.ConvertMoonPhaseTextToNumeric_ValidText_ReturnsCorrectValue(text: &quot;Waxing Gibbous&quot;, expected: 0.375)" computerName="pkrvmccyg1gnepe" duration="00:00:00.0000117" startTime="2025-08-29T13:37:54.4178415+00:00" endTime="2025-08-29T13:37:54.4178416+00:00" testType="13cdc9d9-ddb5-4fa4-a97d-d965ccfc6d4b" outcome="Passed" testListId="8c84fa94-04c1-424b-9868-57a2d4851a1d" relativeResultsDirectory="4e5ff753-887f-4711-922f-fa93a05d6476" />
    <UnitTestResult executionId="6b6c50a8-2c88-4ef3-a1af-fd5ff2c493bb" testId="d23e84fd-71f4-7bce-d8fe-1741eb8da08e" testName="BuckScience.Tests.PhotoFilteringComprehensiveTests.PropertyPhotosVm_WithoutFilters_CorrectProperties" computerName="pkrvmccyg1gnepe" duration="00:00:00.0001313" startTime="2025-08-29T13:37:54.4038713+00:00" endTime="2025-08-29T13:37:54.4038714+00:00" testType="13cdc9d9-ddb5-4fa4-a97d-d965ccfc6d4b" outcome="Passed" testListId="8c84fa94-04c1-424b-9868-57a2d4851a1d" relativeResultsDirectory="6b6c50a8-2c88-4ef3-a1af-fd5ff2c493bb" />
    <UnitTestResult executionId="a9565895-8339-4ce8-952d-682b97e73e2a" testId="ce73eb79-a497-c2a4-9a02-ef4f9a7168c5" testName="BuckScience.Tests.PhotoFilteringUrlExamples.BuildFilters_UrlParameters_ShouldParseCorrectly(urlParams: &quot;tempMin=10&amp;tempMax=30&quot;, expectedTempMin: 10, expectedTempMax: 30, expectedWindMin: null, expectedWindMax: null)" computerName="pkrvmccyg1gnepe" duration="00:00:00.0000103" startTime="2025-08-29T13:37:54.3980784+00:00" endTime="2025-08-29T13:37:54.3980784+00:00" testType="13cdc9d9-ddb5-4fa4-a97d-d965ccfc6d4b" outcome="Passed" testListId="8c84fa94-04c1-424b-9868-57a2d4851a1d" relativeResultsDirectory="a9565895-8339-4ce8-952d-682b97e73e2a" />
    <UnitTestResult executionId="aa775b32-e28e-49cd-8737-5fe5104c10dc" testId="226e9057-54c6-53d9-d48c-5a3aaedbb305" testName="BuckScience.Tests.Web.Helpers.WeatherHelpersTests.ConvertWindDirectionTextToNumeric_ValidDirections_ReturnsCorrectDegrees(direction: &quot;ENE&quot;, expected: 67.5)" computerName="pkrvmccyg1gnepe" duration="00:00:00.0000078" startTime="2025-08-29T13:37:54.4146049+00:00" endTime="2025-08-29T13:37:54.4146049+00:00" testType="13cdc9d9-ddb5-4fa4-a97d-d965ccfc6d4b" outcome="Passed" testListId="8c84fa94-04c1-424b-9868-57a2d4851a1d" relativeResultsDirectory="aa775b32-e28e-49cd-8737-5fe5104c10dc" />
    <UnitTestResult executionId="6f23d8d5-5ae5-49a4-98f5-3431c683fdb6" testId="994b105a-2d3c-5d2b-62ff-1c998f53f588" testName="BuckScience.Tests.TaggingSystemTests.AddTagToPhotos_ShouldNotCreateDuplicates" computerName="pkrvmccyg1gnepe" duration="00:00:00.0057782" startTime="2025-08-29T13:37:55.2892890+00:00" endTime="2025-08-29T13:37:55.2892892+00:00" testType="13cdc9d9-ddb5-4fa4-a97d-d965ccfc6d4b" outcome="Passed" testListId="8c84fa94-04c1-424b-9868-57a2d4851a1d" relativeResultsDirectory="6f23d8d5-5ae5-49a4-98f5-3431c683fdb6" />
    <UnitTestResult executionId="a945ae99-243c-47e2-87ab-04a8e3480255" testId="ce19e570-cfff-5516-73c5-0c25670038af" testName="BuckScience.Tests.PhotoFiltersTests.PhotoFilters_HasWeatherFilters_ReturnsTrueWhenTemperatureFilterSet" computerName="pkrvmccyg1gnepe" duration="00:00:00.0003243" startTime="2025-08-29T13:37:54.2807978+00:00" endTime="2025-08-29T13:37:54.2807978+00:00" testType="13cdc9d9-ddb5-4fa4-a97d-d965ccfc6d4b" outcome="Passed" testListId="8c84fa94-04c1-424b-9868-57a2d4851a1d" relativeResultsDirectory="a945ae99-243c-47e2-87ab-04a8e3480255" />
    <UnitTestResult executionId="91492953-42fe-4f52-a738-0a58aa578ab2" testId="46016c60-0720-f808-02e7-68fa8d4036c4" testName="BuckScience.Tests.Web.Helpers.WeatherHelpersTests.ConvertMoonPhaseToText_VariousValues_ReturnsCorrectText(phase: 0.98999999999999999, expected: &quot;New Moon&quot;)" computerName="pkrvmccyg1gnepe" duration="00:00:00.0000085" startTime="2025-08-29T13:37:54.4096793+00:00" endTime="2025-08-29T13:37:54.4096793+00:00" testType="13cdc9d9-ddb5-4fa4-a97d-d965ccfc6d4b" outcome="Passed" testListId="8c84fa94-04c1-424b-9868-57a2d4851a1d" relativeResultsDirectory="91492953-42fe-4f52-a738-0a58aa578ab2" />
    <UnitTestResult executionId="27ca5bfb-0f5c-4c17-93e6-5c1fa81d055b" testId="fa35896d-315e-329a-8dc3-bb5ba3189b52" testName="BuckScience.Tests.Web.Helpers.WeatherHelpersTests.ConvertWindDirectionTextToNumeric_ValidDirections_ReturnsCorrectDegrees(direction: &quot;WNW&quot;, expected: 292.5)" computerName="pkrvmccyg1gnepe" duration="00:00:00.0002672" startTime="2025-08-29T13:37:54.4144941+00:00" endTime="2025-08-29T13:37:54.4144942+00:00" testType="13cdc9d9-ddb5-4fa4-a97d-d965ccfc6d4b" outcome="Passed" testListId="8c84fa94-04c1-424b-9868-57a2d4851a1d" relativeResultsDirectory="27ca5bfb-0f5c-4c17-93e6-5c1fa81d055b" />
    <UnitTestResult executionId="e63eb325-0b1f-4858-81b7-026d426e142f" testId="3b62dc28-12fd-93fe-6512-390293682652" testName="BuckScience.Tests.CameraCreateVmTests.CameraCreateVm_PropertyCoordinates_ShouldBeInitializedToZero" computerName="pkrvmccyg1gnepe" duration="00:00:00.0001334" startTime="2025-08-29T13:37:54.2807217+00:00" endTime="2025-08-29T13:37:54.2807218+00:00" testType="13cdc9d9-ddb5-4fa4-a97d-d965ccfc6d4b" outcome="Passed" testListId="8c84fa94-04c1-424b-9868-57a2d4851a1d" relativeResultsDirectory="e63eb325-0b1f-4858-81b7-026d426e142f" />
    <UnitTestResult executionId="d3206782-76a5-4b86-aa22-bf3285220fc5" testId="7aa5e31a-c407-5fc0-2788-70d3aa03acd3" testName="BuckScience.Tests.PhotoFilteringUrlExamples.BuildFilters_ConditionsParameters_ShouldParseCorrectly(conditions: &quot;Rainy&quot;, expectedConditions: [&quot;Rainy&quot;])" computerName="pkrvmccyg1gnepe" duration="00:00:00.0000157" startTime="2025-08-29T13:37:54.3995356+00:00" endTime="2025-08-29T13:37:54.3995357+00:00" testType="13cdc9d9-ddb5-4fa4-a97d-d965ccfc6d4b" outcome="Passed" testListId="8c84fa94-04c1-424b-9868-57a2d4851a1d" relativeResultsDirectory="d3206782-76a5-4b86-aa22-bf3285220fc5" />
    <UnitTestResult executionId="a23d7ba2-5674-4514-84ba-bdb5c2dc3a46" testId="396d4f9b-ac51-22fa-04b5-9956711699f1" testName="BuckScience.Tests.Web.Helpers.WeatherHelpersTests.ConvertWindDirectionToText_VariousAngles_ReturnsCorrectDirection(degrees: 360, expected: &quot;N&quot;)" computerName="pkrvmccyg1gnepe" duration="00:00:00.0000059" startTime="2025-08-29T13:37:54.4124336+00:00" endTime="2025-08-29T13:37:54.4124336+00:00" testType="13cdc9d9-ddb5-4fa4-a97d-d965ccfc6d4b" outcome="Passed" testListId="8c84fa94-04c1-424b-9868-57a2d4851a1d" relativeResultsDirectory="a23d7ba2-5674-4514-84ba-bdb5c2dc3a46" />
    <UnitTestResult executionId="509d07cf-8dca-4d2f-b88c-3fc499d52712" testId="8c733a46-a4ea-1620-69ec-bdd69e48dc0b" testName="BuckScience.Tests.PhotoFiltersTests.PhotoFilters_HasAnyFilters_ReturnsFalseWhenNoFiltersSet" computerName="pkrvmccyg1gnepe" duration="00:00:00.0004703" startTime="2025-08-29T13:37:54.2809409+00:00" endTime="2025-08-29T13:37:54.2809410+00:00" testType="13cdc9d9-ddb5-4fa4-a97d-d965ccfc6d4b" outcome="Passed" testListId="8c84fa94-04c1-424b-9868-57a2d4851a1d" relativeResultsDirectory="509d07cf-8dca-4d2f-b88c-3fc499d52712" />
    <UnitTestResult executionId="2292e7a2-12fb-4fb3-ada1-ddbeb81efe54" testId="b1f41500-5f15-b967-f0a8-55e935ea7819" testName="BuckScience.Tests.WeatherBatchProcessingTests.WeatherService_ShouldRoundCoordinatesConsistently" computerName="pkrvmccyg1gnepe" duration="00:00:00.1093081" startTime="2025-08-29T13:37:54.3748276+00:00" endTime="2025-08-29T13:37:54.3748278+00:00" testType="13cdc9d9-ddb5-4fa4-a97d-d965ccfc6d4b" outcome="Passed" testListId="8c84fa94-04c1-424b-9868-57a2d4851a1d" relativeResultsDirectory="2292e7a2-12fb-4fb3-ada1-ddbeb81efe54" />
    <UnitTestResult executionId="21f3a61b-9ec5-42e4-8f96-ac2dd75c2205" testId="48d95b96-b471-deb8-51bf-62c5a89928a2" testName="BuckScience.Tests.Web.Helpers.WeatherHelpersTests.ConvertMoonPhaseToText_VariousValues_ReturnsCorrectText(phase: 0.59999999999999998, expected: &quot;Waning Gibbous&quot;)" computerName="pkrvmccyg1gnepe" duration="00:00:00.0000060" startTime="2025-08-29T13:37:54.4099297+00:00" endTime="2025-08-29T13:37:54.4099298+00:00" testType="13cdc9d9-ddb5-4fa4-a97d-d965ccfc6d4b" outcome="Passed" testListId="8c84fa94-04c1-424b-9868-57a2d4851a1d" relativeResultsDirectory="21f3a61b-9ec5-42e4-8f96-ac2dd75c2205" />
    <UnitTestResult executionId="8c233d9c-ce0c-498c-95ba-db510df03744" testId="477057b0-3b6f-36a4-06fc-1b03c23a4da7" testName="BuckScience.Tests.PhotoFilteringUrlExamples.BuildFilters_ConditionsParameters_ShouldParseCorrectly(conditions: &quot;Clear,Cloudy&quot;, expectedConditions: [&quot;Clear&quot;, &quot;Cloudy&quot;])" computerName="pkrvmccyg1gnepe" duration="00:00:00.0006209" startTime="2025-08-29T13:37:54.3981550+00:00" endTime="2025-08-29T13:37:54.3981551+00:00" testType="13cdc9d9-ddb5-4fa4-a97d-d965ccfc6d4b" outcome="Passed" testListId="8c84fa94-04c1-424b-9868-57a2d4851a1d" relativeResultsDirectory="8c233d9c-ce0c-498c-95ba-db510df03744" />
    <UnitTestResult executionId="e07c2fec-5946-498f-bf3e-1b3368ff58cc" testId="7264d755-3cfa-51c2-00b7-8c3c5d03bdbd" testName="BuckScience.Tests.Web.Helpers.WeatherHelpersTests.ConvertMoonPhaseTextToNumeric_ValidText_ReturnsCorrectValue(text: &quot;Waxing Crescent&quot;, expected: 0.125)" computerName="pkrvmccyg1gnepe" duration="00:00:00.0000090" startTime="2025-08-29T13:37:54.4179527+00:00" endTime="2025-08-29T13:37:54.4179528+00:00" testType="13cdc9d9-ddb5-4fa4-a97d-d965ccfc6d4b" outcome="Passed" testListId="8c84fa94-04c1-424b-9868-57a2d4851a1d" relativeResultsDirectory="e07c2fec-5946-498f-bf3e-1b3368ff58cc" />
    <UnitTestResult executionId="2002d7ef-f83a-4a1f-a618-f4b6bdfa830e" testId="2e480f4f-8e65-8226-244e-bc56a9d64e7e" testName="BuckScience.Tests.Web.Helpers.WeatherHelpersTests.ConvertWindDirectionToText_VariousAngles_ReturnsCorrectDirection(degrees: 33.75, expected: &quot;NE&quot;)" computerName="pkrvmccyg1gnepe" duration="00:00:00.0000054" startTime="2025-08-29T13:37:54.4135715+00:00" endTime="2025-08-29T13:37:54.4135715+00:00" testType="13cdc9d9-ddb5-4fa4-a97d-d965ccfc6d4b" outcome="Passed" testListId="8c84fa94-04c1-424b-9868-57a2d4851a1d" relativeResultsDirectory="2002d7ef-f83a-4a1f-a618-f4b6bdfa830e" />
    <UnitTestResult executionId="c2ef5ec9-c864-4cc4-82bd-1837ca25c01f" testId="8f75422e-f196-d0f3-b885-da9f9acf8fde" testName="BuckScience.Tests.Web.Helpers.WeatherHelpersTests.ConvertWindDirectionTextToNumeric_InvalidText_ReturnsNull(direction: &quot;&quot;)" computerName="pkrvmccyg1gnepe" duration="00:00:00.0000059" startTime="2025-08-29T13:37:54.4110283+00:00" endTime="2025-08-29T13:37:54.4110284+00:00" testType="13cdc9d9-ddb5-4fa4-a97d-d965ccfc6d4b" outcome="Passed" testListId="8c84fa94-04c1-424b-9868-57a2d4851a1d" relativeResultsDirectory="c2ef5ec9-c864-4cc4-82bd-1837ca25c01f" />
    <UnitTestResult executionId="44eba551-cb82-4037-b226-510ebcd1dff0" testId="fa4cc283-dfe0-de36-3d73-29ab1e351353" testName="BuckScience.Tests.Web.Helpers.WeatherHelpersTests.ConvertWindDirectionToText_VariousAngles_ReturnsCorrectDirection(degrees: 348.75, expected: &quot;N&quot;)" computerName="pkrvmccyg1gnepe" duration="00:00:00.0002660" startTime="2025-08-29T13:37:54.4114680+00:00" endTime="2025-08-29T13:37:54.4114681+00:00" testType="13cdc9d9-ddb5-4fa4-a97d-d965ccfc6d4b" outcome="Passed" testListId="8c84fa94-04c1-424b-9868-57a2d4851a1d" relativeResultsDirectory="44eba551-cb82-4037-b226-510ebcd1dff0" />
    <UnitTestResult executionId="7bdd9f6b-9cef-42e5-9e75-3ea16bc604de" testId="5281d8e8-e57c-c45e-69f7-66dd4ef8cb7b" testName="BuckScience.Tests.PhotoFiltersTests.PhotoFilters_HasAnyFilters_ReturnsTrueWhenDateFilterSet" computerName="pkrvmccyg1gnepe" duration="00:00:00.0003504" startTime="2025-08-29T13:37:54.2810373+00:00" endTime="2025-08-29T13:37:54.2810374+00:00" testType="13cdc9d9-ddb5-4fa4-a97d-d965ccfc6d4b" outcome="Passed" testListId="8c84fa94-04c1-424b-9868-57a2d4851a1d" relativeResultsDirectory="7bdd9f6b-9cef-42e5-9e75-3ea16bc604de" />
    <UnitTestResult executionId="e51c0e3a-cf50-4d52-b6b5-ac93b68d03ef" testId="878dbf6d-4718-3010-2956-9a909a749d2f" testName="BuckScience.Tests.PhotoFilteringComprehensiveTests.PhotoFilters_EdgeCases_HandleCorrectly" computerName="pkrvmccyg1gnepe" duration="00:00:00.0004332" startTime="2025-08-29T13:37:54.4044034+00:00" endTime="2025-08-29T13:37:54.4044035+00:00" testType="13cdc9d9-ddb5-4fa4-a97d-d965ccfc6d4b" outcome="Passed" testListId="8c84fa94-04c1-424b-9868-57a2d4851a1d" relativeResultsDirectory="e51c0e3a-cf50-4d52-b6b5-ac93b68d03ef" />
    <UnitTestResult executionId="8e7448f9-47d9-41a4-a626-7014367ef695" testId="c91192db-21fb-4e08-e57b-721298eb140d" testName="BuckScience.Tests.Web.Helpers.WeatherHelpersTests.ConvertWindDirectionTextToNumeric_ValidDirections_ReturnsCorrectDegrees(direction: &quot;SE&quot;, expected: 135)" computerName="pkrvmccyg1gnepe" duration="00:00:00.0000099" startTime="2025-08-29T13:37:54.4159953+00:00" endTime="2025-08-29T13:37:54.4159954+00:00" testType="13cdc9d9-ddb5-4fa4-a97d-d965ccfc6d4b" outcome="Passed" testListId="8c84fa94-04c1-424b-9868-57a2d4851a1d" relativeResultsDirectory="8e7448f9-47d9-41a4-a626-7014367ef695" />
    <UnitTestResult executionId="d4ef368e-cf3f-40c4-aa0e-41349a53e6c7" testId="6219abff-caed-b73f-a3a3-a932c37fd5fb" testName="BuckScience.Tests.TaggingSystemTests.GetOrCreateTag_ShouldThrowException_WhenTagNameIsInvalid(invalidTagName: &quot;   &quot;)" computerName="pkrvmccyg1gnepe" duration="00:00:00.0001516" startTime="2025-08-29T13:37:55.2821888+00:00" endTime="2025-08-29T13:37:55.2821889+00:00" testType="13cdc9d9-ddb5-4fa4-a97d-d965ccfc6d4b" outcome="Passed" testListId="8c84fa94-04c1-424b-9868-57a2d4851a1d" relativeResultsDirectory="d4ef368e-cf3f-40c4-aa0e-41349a53e6c7" />
    <UnitTestResult executionId="36da6aa5-faca-4d29-90da-ba42356e4776" testId="5a1b2923-7867-c9d7-9184-902164877e6b" testName="BuckScience.Tests.WeatherBatchProcessingTests.WeatherBatchProcessing_ShouldMinimizeApiCalls" computerName="pkrvmccyg1gnepe" duration="00:00:00.0034019" startTime="2025-08-29T13:37:54.2977907+00:00" endTime="2025-08-29T13:37:54.2977908+00:00" testType="13cdc9d9-ddb5-4fa4-a97d-d965ccfc6d4b" outcome="Passed" testListId="8c84fa94-04c1-424b-9868-57a2d4851a1d" relativeResultsDirectory="36da6aa5-faca-4d29-90da-ba42356e4776" />
    <UnitTestResult executionId="82dea79b-0c80-4efb-bce7-56497b48fcd3" testId="9f164cb9-b0ee-2833-0b35-619b21bae903" testName="BuckScience.Tests.Web.Helpers.WeatherHelpersTests.ConvertWindDirectionToText_VariousAngles_ReturnsCorrectDirection(degrees: 348.74000000000001, expected: &quot;NNW&quot;)" computerName="pkrvmccyg1gnepe" duration="00:00:00.0000031" startTime="2025-08-29T13:37:54.4134164+00:00" endTime="2025-08-29T13:37:54.4134165+00:00" testType="13cdc9d9-ddb5-4fa4-a97d-d965ccfc6d4b" outcome="Passed" testListId="8c84fa94-04c1-424b-9868-57a2d4851a1d" relativeResultsDirectory="82dea79b-0c80-4efb-bce7-56497b48fcd3" />
    <UnitTestResult executionId="318b2414-9955-4cd0-932b-dffe9d255ce0" testId="13b70763-63fd-f0df-582a-0fb307fcad59" testName="BuckScience.Tests.PhotoFiltersTests.PhotoFilters_AllWeatherRangeFiltersWork" computerName="pkrvmccyg1gnepe" duration="00:00:00.0012110" startTime="2025-08-29T13:37:54.2808681+00:00" endTime="2025-08-29T13:37:54.2808682+00:00" testType="13cdc9d9-ddb5-4fa4-a97d-d965ccfc6d4b" outcome="Passed" testListId="8c84fa94-04c1-424b-9868-57a2d4851a1d" relativeResultsDirectory="318b2414-9955-4cd0-932b-dffe9d255ce0" />
    <UnitTestResult executionId="6c2968bb-74e0-4de4-901b-2fc5f7d8be96" testId="78d335ed-d8a0-4e68-1b07-0e64ec6fcf01" testName="BuckScience.Tests.Web.Helpers.WeatherHelpersTests.ConvertMoonPhaseToText_VariousValues_ReturnsCorrectText(phase: 0.75, expected: &quot;Last Quarter&quot;)" computerName="pkrvmccyg1gnepe" duration="00:00:00.0000058" startTime="2025-08-29T13:37:54.4097331+00:00" endTime="2025-08-29T13:37:54.4097331+00:00" testType="13cdc9d9-ddb5-4fa4-a97d-d965ccfc6d4b" outcome="Passed" testListId="8c84fa94-04c1-424b-9868-57a2d4851a1d" relativeResultsDirectory="6c2968bb-74e0-4de4-901b-2fc5f7d8be96" />
    <UnitTestResult executionId="7356aa45-8729-4772-9f6c-6acb8be2f2cf" testId="a7640c1c-3e1a-ff5f-a7c8-4da5a8b29af2" testName="BuckScience.Tests.Web.Helpers.WeatherHelpersTests.ConvertMoonPhaseTextToNumeric_ValidText_ReturnsCorrectValue(text: &quot;First Quarter&quot;, expected: 0.25)" computerName="pkrvmccyg1gnepe" duration="00:00:00.0000076" startTime="2025-08-29T13:37:54.4180630+00:00" endTime="2025-08-29T13:37:54.4180631+00:00" testType="13cdc9d9-ddb5-4fa4-a97d-d965ccfc6d4b" outcome="Passed" testListId="8c84fa94-04c1-424b-9868-57a2d4851a1d" relativeResultsDirectory="7356aa45-8729-4772-9f6c-6acb8be2f2cf" />
    <UnitTestResult executionId="8b7ec3a3-b2d8-499d-879d-bc29a44e0fc8" testId="81cae9df-520c-bb72-ca7a-30a828451359" testName="BuckScience.Tests.PhotoFilteringComprehensiveTests.PhotoFilters_ComplexCombination_AllFilterTypes" computerName="pkrvmccyg1gnepe" duration="00:00:00.0008638" startTime="2025-08-29T13:37:54.4054244+00:00" endTime="2025-08-29T13:37:54.4054246+00:00" testType="13cdc9d9-ddb5-4fa4-a97d-d965ccfc6d4b" outcome="Passed" testListId="8c84fa94-04c1-424b-9868-57a2d4851a1d" relativeResultsDirectory="8b7ec3a3-b2d8-499d-879d-bc29a44e0fc8" />
    <UnitTestResult executionId="ce1874ca-fbb1-47ca-9acb-3ebbe11789e9" testId="282510b6-3046-16e6-500c-da1402387fc9" testName="BuckScience.Tests.Web.Helpers.WeatherHelpersTests.ConvertWindDirectionToText_VariousAngles_ReturnsCorrectDirection(degrees: 90, expected: &quot;E&quot;)" computerName="pkrvmccyg1gnepe" duration="00:00:00.0000065" startTime="2025-08-29T13:37:54.4123845+00:00" endTime="2025-08-29T13:37:54.4123846+00:00" testType="13cdc9d9-ddb5-4fa4-a97d-d965ccfc6d4b" outcome="Passed" testListId="8c84fa94-04c1-424b-9868-57a2d4851a1d" relativeResultsDirectory="ce1874ca-fbb1-47ca-9acb-3ebbe11789e9" />
    <UnitTestResult executionId="9d65870e-fe3d-4ea1-adce-b4d495e41ea1" testId="22d4e883-d516-a3c1-91a6-c6ccca686050" testName="BuckScience.Tests.Web.Helpers.WeatherHelpersTests.ConvertMoonPhaseToText_VariousValues_ReturnsCorrectText(phase: 0.84999999999999998, expected: &quot;Waning Crescent&quot;)" computerName="pkrvmccyg1gnepe" duration="00:00:00.0002684" startTime="2025-08-29T13:37:54.4096196+00:00" endTime="2025-08-29T13:37:54.4096197+00:00" testType="13cdc9d9-ddb5-4fa4-a97d-d965ccfc6d4b" outcome="Passed" testListId="8c84fa94-04c1-424b-9868-57a2d4851a1d" relativeResultsDirectory="9d65870e-fe3d-4ea1-adce-b4d495e41ea1" />
    <UnitTestResult executionId="98c9acff-e826-4c55-a1e0-9965df8748c6" testId="11c53883-3d96-0957-d8a1-9dcf44cb5e78" testName="BuckScience.Tests.Web.Helpers.WeatherHelpersTests.StandardWindDirections_Contains16Directions" computerName="pkrvmccyg1gnepe" duration="00:00:00.0002591" startTime="2025-08-29T13:37:54.4195610+00:00" endTime="2025-08-29T13:37:54.4195611+00:00" testType="13cdc9d9-ddb5-4fa4-a97d-d965ccfc6d4b" outcome="Passed" testListId="8c84fa94-04c1-424b-9868-57a2d4851a1d" relativeResultsDirectory="98c9acff-e826-4c55-a1e0-9965df8748c6" />
    <UnitTestResult executionId="d566edd7-14a1-4010-8921-d6c9f1a32a50" testId="877174d0-c487-453a-b8ad-4f52137508be" testName="BuckScience.Tests.PhotoFiltersTests.PhotoFilters_HasWeatherFilters_ReturnsTrueWhenConditionsFilterSet" computerName="pkrvmccyg1gnepe" duration="00:00:00.0062844" startTime="2025-08-29T13:37:54.2788055+00:00" endTime="2025-08-29T13:37:54.2788056+00:00" testType="13cdc9d9-ddb5-4fa4-a97d-d965ccfc6d4b" outcome="Passed" testListId="8c84fa94-04c1-424b-9868-57a2d4851a1d" relativeResultsDirectory="d566edd7-14a1-4010-8921-d6c9f1a32a50" />
    <UnitTestResult executionId="5fd2ce2c-5d16-4995-9dfc-b7cb82af7c8f" testId="3f5baae7-b2ef-0a09-bc51-f8b04a3acced" testName="BuckScience.Tests.Web.Helpers.WeatherHelpersTests.ConvertWindDirectionToText_VariousAngles_ReturnsCorrectDirection(degrees: 67.5, expected: &quot;ENE&quot;)" computerName="pkrvmccyg1gnepe" duration="00:00:00.0000061" startTime="2025-08-29T13:37:54.4126469+00:00" endTime="2025-08-29T13:37:54.4126470+00:00" testType="13cdc9d9-ddb5-4fa4-a97d-d965ccfc6d4b" outcome="Passed" testListId="8c84fa94-04c1-424b-9868-57a2d4851a1d" relativeResultsDirectory="5fd2ce2c-5d16-4995-9dfc-b7cb82af7c8f" />
    <UnitTestResult executionId="6cb21fee-4d3d-42f1-b052-87bc54cab64f" testId="57fdcf56-cdf1-9f39-baba-1b1c695971d5" testName="BuckScience.Tests.Web.Helpers.WeatherHelpersTests.ConvertWindDirectionTextToNumeric_CaseInsensitive_Works" computerName="pkrvmccyg1gnepe" duration="00:00:00.0001923" startTime="2025-08-29T13:37:54.4194181+00:00" endTime="2025-08-29T13:37:54.4194181+00:00" testType="13cdc9d9-ddb5-4fa4-a97d-d965ccfc6d4b" outcome="Passed" testListId="8c84fa94-04c1-424b-9868-57a2d4851a1d" relativeResultsDirectory="6cb21fee-4d3d-42f1-b052-87bc54cab64f" />
    <UnitTestResult executionId="160c8dcb-31c9-48ee-9e68-0b1986698b97" testId="6e95a11c-ba0a-17a5-b618-642e6194107c" testName="BuckScience.Tests.PhotoFilteringComprehensiveTests.PhotoFiltering_BackwardCompatibility_WithoutFilters" computerName="pkrvmccyg1gnepe" duration="00:00:00.0004395" startTime="2025-08-29T13:37:54.4036664+00:00" endTime="2025-08-29T13:37:54.4036665+00:00" testType="13cdc9d9-ddb5-4fa4-a97d-d965ccfc6d4b" outcome="Passed" testListId="8c84fa94-04c1-424b-9868-57a2d4851a1d" relativeResultsDirectory="160c8dcb-31c9-48ee-9e68-0b1986698b97" />
    <UnitTestResult executionId="98ce016f-4dfd-4242-a684-4381076217cf" testId="9cd7f192-bb9b-abd8-007d-2585a8ffb5e9" testName="BuckScience.Tests.PhotoFilteringUrlExamples.PhotoFiltering_RealWorldScenario_TempAndCameraFilter" computerName="pkrvmccyg1gnepe" duration="00:00:00.0006679" startTime="2025-08-29T13:37:54.3996777+00:00" endTime="2025-08-29T13:37:54.3996777+00:00" testType="13cdc9d9-ddb5-4fa4-a97d-d965ccfc6d4b" outcome="Passed" testListId="8c84fa94-04c1-424b-9868-57a2d4851a1d" relativeResultsDirectory="98ce016f-4dfd-4242-a684-4381076217cf" />
    <UnitTestResult executionId="39e91329-eb79-42f9-81a6-fb3f06ced21d" testId="80f7e275-5c62-bf32-953c-a522d71f0911" testName="BuckScience.Tests.PhotoFilteringUrlExamples.PhotoFiltering_RealWorldScenario_MoonPhaseAndConditions" computerName="pkrvmccyg1gnepe" duration="00:00:00.0071672" startTime="2025-08-29T13:37:54.3943995+00:00" endTime="2025-08-29T13:37:54.3943996+00:00" testType="13cdc9d9-ddb5-4fa4-a97d-d965ccfc6d4b" outcome="Passed" testListId="8c84fa94-04c1-424b-9868-57a2d4851a1d" relativeResultsDirectory="39e91329-eb79-42f9-81a6-fb3f06ced21d" />
    <UnitTestResult executionId="371a4b72-4d53-4a7c-81c5-74093d8d5e9b" testId="f4c9aa46-811a-389b-d744-72a428dee7d2" testName="BuckScience.Tests.TaggingSystemTests.GetOrCreateTag_ShouldReturnExistingTag_WhenTagExists" computerName="pkrvmccyg1gnepe" duration="00:00:00.0012319" startTime="2025-08-29T13:37:55.2789674+00:00" endTime="2025-08-29T13:37:55.2789675+00:00" testType="13cdc9d9-ddb5-4fa4-a97d-d965ccfc6d4b" outcome="Passed" testListId="8c84fa94-04c1-424b-9868-57a2d4851a1d" relativeResultsDirectory="371a4b72-4d53-4a7c-81c5-74093d8d5e9b" />
    <UnitTestResult executionId="d39fb38f-92e2-4097-8f8e-68ebe1365390" testId="5258a2d0-41cb-c3df-1e8f-eff8f92d5e7f" testName="BuckScience.Tests.Web.Helpers.WeatherHelpersTests.ConvertWindDirectionTextToNumeric_InvalidText_ReturnsNull(direction: &quot;Invalid&quot;)" computerName="pkrvmccyg1gnepe" duration="00:00:00.0000130" startTime="2025-08-29T13:37:54.4109728+00:00" endTime="2025-08-29T13:37:54.4109729+00:00" testType="13cdc9d9-ddb5-4fa4-a97d-d965ccfc6d4b" outcome="Passed" testListId="8c84fa94-04c1-424b-9868-57a2d4851a1d" relativeResultsDirectory="d39fb38f-92e2-4097-8f8e-68ebe1365390" />
    <UnitTestResult executionId="3eb4ff13-4da8-4a10-a085-56b0999378ce" testId="61de09e0-94b0-9094-bdcf-74e56c5800ed" testName="BuckScience.Tests.TaggingRequirementsTests.Requirement1_DefaultTags_ShouldBePopulatedByMigration" computerName="pkrvmccyg1gnepe" duration="00:00:00.0040029" startTime="2025-08-29T13:37:55.3774169+00:00" endTime="2025-08-29T13:37:55.3774170+00:00" testType="13cdc9d9-ddb5-4fa4-a97d-d965ccfc6d4b" outcome="Passed" testListId="8c84fa94-04c1-424b-9868-57a2d4851a1d" relativeResultsDirectory="3eb4ff13-4da8-4a10-a085-56b0999378ce" />
    <UnitTestResult executionId="d57c9cf9-e9a5-4f1c-adb7-02cf5699f235" testId="5caf925d-9bc2-c40c-f14f-bb094f78a12c" testName="BuckScience.Tests.PhotoGroupingTests.PropertyPhotosSortBy_ShouldMapCorrectly" computerName="pkrvmccyg1gnepe" duration="00:00:00.0009055" startTime="2025-08-29T13:37:54.3245027+00:00" endTime="2025-08-29T13:37:54.3245028+00:00" testType="13cdc9d9-ddb5-4fa4-a97d-d965ccfc6d4b" outcome="Passed" testListId="8c84fa94-04c1-424b-9868-57a2d4851a1d" relativeResultsDirectory="d57c9cf9-e9a5-4f1c-adb7-02cf5699f235" />
    <UnitTestResult executionId="07cce441-0830-463d-93c2-f302ae4bee0e" testId="697a3a18-bb68-1bc4-ecac-a4680501e02f" testName="BuckScience.Tests.PhotoFilteringIntegrationTests.BuildFilters_WithNoParameters_ReturnsNull" computerName="pkrvmccyg1gnepe" duration="00:00:00.0019151" startTime="2025-08-29T13:37:54.3854283+00:00" endTime="2025-08-29T13:37:54.3854284+00:00" testType="13cdc9d9-ddb5-4fa4-a97d-d965ccfc6d4b" outcome="Passed" testListId="8c84fa94-04c1-424b-9868-57a2d4851a1d" relativeResultsDirectory="07cce441-0830-463d-93c2-f302ae4bee0e" />
    <UnitTestResult executionId="d093ec2b-ee40-4810-82bf-88f28a98e48f" testId="1634510e-087e-a71c-61ba-55901a3677cc" testName="BuckScience.Tests.Web.Helpers.WeatherHelpersTests.ConvertWindDirectionTextToNumeric_ValidDirections_ReturnsCorrectDegrees(direction: &quot;NNE&quot;, expected: 22.5)" computerName="pkrvmccyg1gnepe" duration="00:00:00.0000113" startTime="2025-08-29T13:37:54.4151126+00:00" endTime="2025-08-29T13:37:54.4151127+00:00" testType="13cdc9d9-ddb5-4fa4-a97d-d965ccfc6d4b" outcome="Passed" testListId="8c84fa94-04c1-424b-9868-57a2d4851a1d" relativeResultsDirectory="d093ec2b-ee40-4810-82bf-88f28a98e48f" />
    <UnitTestResult executionId="84104901-33c8-45bb-99e5-59f2180abcd4" testId="35d57337-18a5-4629-635a-b25a895ec8a2" testName="BuckScience.Tests.PhotoGroupingTests.CameraPhotoGrouping_ShouldGroupByMonthYear_Ascending" computerName="pkrvmccyg1gnepe" duration="00:00:00.0076708" startTime="2025-08-29T13:37:54.3232440+00:00" endTime="2025-08-29T13:37:54.3232441+00:00" testType="13cdc9d9-ddb5-4fa4-a97d-d965ccfc6d4b" outcome="Passed" testListId="8c84fa94-04c1-424b-9868-57a2d4851a1d" relativeResultsDirectory="84104901-33c8-45bb-99e5-59f2180abcd4" />
    <UnitTestResult executionId="31c932ea-e316-4922-803b-fd861e936aa4" testId="ec7cd5e3-a82c-cf66-66cc-45c1ba395a3e" testName="BuckScience.Tests.Web.Helpers.WeatherHelpersTests.ConvertMoonPhaseTextToNumeric_InvalidText_ReturnsNull(text: &quot;   &quot;)" computerName="pkrvmccyg1gnepe" duration="00:00:00.0000241" startTime="2025-08-29T13:37:54.4193464+00:00" endTime="2025-08-29T13:37:54.4193465+00:00" testType="13cdc9d9-ddb5-4fa4-a97d-d965ccfc6d4b" outcome="Passed" testListId="8c84fa94-04c1-424b-9868-57a2d4851a1d" relativeResultsDirectory="31c932ea-e316-4922-803b-fd861e936aa4" />
    <UnitTestResult executionId="fe559958-2e73-4d13-b2be-39e822b0a3f5" testId="35247ab4-97a5-e557-91c7-742a1f89dba4" testName="BuckScience.Tests.Web.Helpers.WeatherHelpersTests.ConvertWindDirectionTextToNumeric_InvalidText_ReturnsNull(direction: &quot;Northeast&quot;)" computerName="pkrvmccyg1gnepe" duration="00:00:00.0002998" startTime="2025-08-29T13:37:54.4109147+00:00" endTime="2025-08-29T13:37:54.4109148+00:00" testType="13cdc9d9-ddb5-4fa4-a97d-d965ccfc6d4b" outcome="Passed" testListId="8c84fa94-04c1-424b-9868-57a2d4851a1d" relativeResultsDirectory="fe559958-2e73-4d13-b2be-39e822b0a3f5" />
    <UnitTestResult executionId="7b038071-7321-4a64-a229-f45566d1dbc5" testId="a4c9dc78-d66c-c69a-90ef-d545d65a1a43" testName="BuckScience.Tests.Web.Helpers.WeatherHelpersTests.ConvertWindDirectionTextToNumeric_ValidDirections_ReturnsCorrectDegrees(direction: &quot;E&quot;, expected: 90)" computerName="pkrvmccyg1gnepe" duration="00:00:00.0000096" startTime="2025-08-29T13:37:54.4160450+00:00" endTime="2025-08-29T13:37:54.4160450+00:00" testType="13cdc9d9-ddb5-4fa4-a97d-d965ccfc6d4b" outcome="Passed" testListId="8c84fa94-04c1-424b-9868-57a2d4851a1d" relativeResultsDirectory="7b038071-7321-4a64-a229-f45566d1dbc5" />
    <UnitTestResult executionId="42541f8d-fa33-470f-b23a-62ed8736038e" testId="dab68c95-06ed-1b25-9b7e-b55b2972fccc" testName="BuckScience.Tests.WeatherServiceTests.RoundCoordinates_ShouldRoundTo1DecimalPlace" computerName="pkrvmccyg1gnepe" duration="00:00:00.0012037" startTime="2025-08-29T13:37:54.3781068+00:00" endTime="2025-08-29T13:37:54.3781069+00:00" testType="13cdc9d9-ddb5-4fa4-a97d-d965ccfc6d4b" outcome="Passed" testListId="8c84fa94-04c1-424b-9868-57a2d4851a1d" relativeResultsDirectory="42541f8d-fa33-470f-b23a-62ed8736038e" />
    <UnitTestResult executionId="2e9b09b7-1307-4d2e-98da-cb81c58da825" testId="5d43f699-35d1-a4da-58e9-d0a22f0dcdd2" testName="BuckScience.Tests.PhotoFiltersTests.PhotoFilters_HasWeatherFilters_ReturnsFalseWhenNoWeatherFiltersSet" computerName="pkrvmccyg1gnepe" duration="00:00:00.0002587" startTime="2025-08-29T13:37:54.2811103+00:00" endTime="2025-08-29T13:37:54.2811104+00:00" testType="13cdc9d9-ddb5-4fa4-a97d-d965ccfc6d4b" outcome="Passed" testListId="8c84fa94-04c1-424b-9868-57a2d4851a1d" relativeResultsDirectory="2e9b09b7-1307-4d2e-98da-cb81c58da825" />
    <UnitTestResult executionId="90054604-b04f-42fc-ae2e-582db036e4ed" testId="22960b58-9cb3-5bbf-01a8-8b59f0364e15" testName="BuckScience.Tests.CameraDetailsVmTests.CameraDetailsVm_ShouldHaveAllRequiredProperties" computerName="pkrvmccyg1gnepe" duration="00:00:00.0029294" startTime="2025-08-29T13:37:54.3820332+00:00" endTime="2025-08-29T13:37:54.3820333+00:00" testType="13cdc9d9-ddb5-4fa4-a97d-d965ccfc6d4b" outcome="Passed" testListId="8c84fa94-04c1-424b-9868-57a2d4851a1d" relativeResultsDirectory="90054604-b04f-42fc-ae2e-582db036e4ed" />
  </Results>
  <TestDefinitions>
    <UnitTest name="BuckScience.Tests.Web.Helpers.WeatherHelpersTests.ConvertWindDirectionTextToNumeric_ValidDirections_ReturnsCorrectDegrees(direction: &quot;ENE&quot;, expected: 67.5)" storage="/home/runner/work/buckscienceapp/buckscienceapp/tests/buckscience.tests/bin/release/net8.0/buckscience.tests.dll" id="226e9057-54c6-53d9-d48c-5a3aaedbb305">
      <Execution id="aa775b32-e28e-49cd-8737-5fe5104c10dc" />
      <TestMethod codeBase="/home/runner/work/BuckScienceApp/BuckScienceApp/tests/BuckScience.Tests/bin/Release/net8.0/BuckScience.Tests.dll" adapterTypeName="executor://xunit/VsTestRunner2/netcoreapp" className="BuckScience.Tests.Web.Helpers.WeatherHelpersTests" name="ConvertWindDirectionTextToNumeric_ValidDirections_ReturnsCorrectDegrees" />
    </UnitTest>
    <UnitTest name="BuckScience.Tests.Web.Helpers.WeatherHelpersTests.ConvertWindDirectionTextToNumeric_ValidDirections_ReturnsCorrectDegrees(direction: &quot;S&quot;, expected: 180)" storage="/home/runner/work/buckscienceapp/buckscienceapp/tests/buckscience.tests/bin/release/net8.0/buckscience.tests.dll" id="e294371f-24bd-e5af-41b0-5a6f22f8d71f">
      <Execution id="9ff381b6-b666-4a32-8b45-665a6313ce20" />
      <TestMethod codeBase="/home/runner/work/BuckScienceApp/BuckScienceApp/tests/BuckScience.Tests/bin/Release/net8.0/BuckScience.Tests.dll" adapterTypeName="executor://xunit/VsTestRunner2/netcoreapp" className="BuckScience.Tests.Web.Helpers.WeatherHelpersTests" name="ConvertWindDirectionTextToNumeric_ValidDirections_ReturnsCorrectDegrees" />
    </UnitTest>
    <UnitTest name="BuckScience.Tests.PhotoFilteringIntegrationTests.BuildFilters_WithConditions_ReturnsFiltersWithConditions" storage="/home/runner/work/buckscienceapp/buckscienceapp/tests/buckscience.tests/bin/release/net8.0/buckscience.tests.dll" id="407fdbb6-f29a-a8a2-0277-cd698b7b57a7">
      <Execution id="043ac9d1-8fc0-403b-8330-d2459c8b16ee" />
      <TestMethod codeBase="/home/runner/work/BuckScienceApp/BuckScienceApp/tests/BuckScience.Tests/bin/Release/net8.0/BuckScience.Tests.dll" adapterTypeName="executor://xunit/VsTestRunner2/netcoreapp" className="BuckScience.Tests.PhotoFilteringIntegrationTests" name="BuildFilters_WithConditions_ReturnsFiltersWithConditions" />
    </UnitTest>
    <UnitTest name="BuckScience.Tests.PhotoFilteringIntegrationTests.BuildFilters_WithTemperatureRange_ReturnsFiltersWithTemperature" storage="/home/runner/work/buckscienceapp/buckscienceapp/tests/buckscience.tests/bin/release/net8.0/buckscience.tests.dll" id="a1855258-2f38-7695-fb75-dcfca8f4ee44">
      <Execution id="8c43b6e0-35c7-493a-b8e8-d4adc4739d8f" />
      <TestMethod codeBase="/home/runner/work/BuckScienceApp/BuckScienceApp/tests/BuckScience.Tests/bin/Release/net8.0/BuckScience.Tests.dll" adapterTypeName="executor://xunit/VsTestRunner2/netcoreapp" className="BuckScience.Tests.PhotoFilteringIntegrationTests" name="BuildFilters_WithTemperatureRange_ReturnsFiltersWithTemperature" />
    </UnitTest>
    <UnitTest name="BuckScience.Tests.Web.Helpers.WeatherHelpersTests.ConvertWindDirectionToText_VariousAngles_ReturnsCorrectDirection(degrees: 180, expected: &quot;S&quot;)" storage="/home/runner/work/buckscienceapp/buckscienceapp/tests/buckscience.tests/bin/release/net8.0/buckscience.tests.dll" id="4018bd47-d5cd-e85a-b6de-7760e129dafa">
      <Execution id="99e39f79-c3ac-46c0-8c04-14846582eab2" />
      <TestMethod codeBase="/home/runner/work/BuckScienceApp/BuckScienceApp/tests/BuckScience.Tests/bin/Release/net8.0/BuckScience.Tests.dll" adapterTypeName="executor://xunit/VsTestRunner2/netcoreapp" className="BuckScience.Tests.Web.Helpers.WeatherHelpersTests" name="ConvertWindDirectionToText_VariousAngles_ReturnsCorrectDirection" />
    </UnitTest>
    <UnitTest name="BuckScience.Tests.Web.Helpers.WeatherHelpersTests.ConvertWindDirectionToText_VariousAngles_ReturnsCorrectDirection(degrees: 225, expected: &quot;SW&quot;)" storage="/home/runner/work/buckscienceapp/buckscienceapp/tests/buckscience.tests/bin/release/net8.0/buckscience.tests.dll" id="5184c208-ba66-a1eb-00ca-490830c3b61a">
      <Execution id="6ddde483-d529-4f98-a01f-d72afc1d1e44" />
      <TestMethod codeBase="/home/runner/work/BuckScienceApp/BuckScienceApp/tests/BuckScience.Tests/bin/Release/net8.0/BuckScience.Tests.dll" adapterTypeName="executor://xunit/VsTestRunner2/netcoreapp" className="BuckScience.Tests.Web.Helpers.WeatherHelpersTests" name="ConvertWindDirectionToText_VariousAngles_ReturnsCorrectDirection" />
    </UnitTest>
    <UnitTest name="BuckScience.Tests.Web.Helpers.WeatherHelpersTests.ConvertWindDirectionTextToNumeric_ValidDirections_ReturnsCorrectDegrees(direction: &quot;SW&quot;, expected: 225)" storage="/home/runner/work/buckscienceapp/buckscienceapp/tests/buckscience.tests/bin/release/net8.0/buckscience.tests.dll" id="c005721b-05db-8d7a-5eea-e90626721b80">
      <Execution id="fa35b55e-92c9-4134-8ca5-27720207a140" />
      <TestMethod codeBase="/home/runner/work/BuckScienceApp/BuckScienceApp/tests/BuckScience.Tests/bin/Release/net8.0/BuckScience.Tests.dll" adapterTypeName="executor://xunit/VsTestRunner2/netcoreapp" className="BuckScience.Tests.Web.Helpers.WeatherHelpersTests" name="ConvertWindDirectionTextToNumeric_ValidDirections_ReturnsCorrectDegrees" />
    </UnitTest>
    <UnitTest name="BuckScience.Tests.Web.Helpers.WeatherHelpersTests.ConvertWindDirectionToText_VariousAngles_ReturnsCorrectDirection(degrees: 270, expected: &quot;W&quot;)" storage="/home/runner/work/buckscienceapp/buckscienceapp/tests/buckscience.tests/bin/release/net8.0/buckscience.tests.dll" id="2eacfbf3-667b-5a8e-52a0-d9d512e960c7">
      <Execution id="c16279e7-76d1-42b5-8cf1-dd77e00f91fa" />
      <TestMethod codeBase="/home/runner/work/BuckScienceApp/BuckScienceApp/tests/BuckScience.Tests/bin/Release/net8.0/BuckScience.Tests.dll" adapterTypeName="executor://xunit/VsTestRunner2/netcoreapp" className="BuckScience.Tests.Web.Helpers.WeatherHelpersTests" name="ConvertWindDirectionToText_VariousAngles_ReturnsCorrectDirection" />
    </UnitTest>
    <UnitTest name="BuckScience.Tests.Web.Helpers.WeatherHelpersTests.ConvertMoonPhaseTextToNumeric_ValidText_ReturnsCorrectValue(text: &quot;Waning Crescent&quot;, expected: 0.875)" storage="/home/runner/work/buckscienceapp/buckscienceapp/tests/buckscience.tests/bin/release/net8.0/buckscience.tests.dll" id="dfe6a45f-34c2-c767-91dd-1f8de6538cc0">
      <Execution id="fd2bde7f-2747-4fd6-a9ac-ec52a15e7ace" />
      <TestMethod codeBase="/home/runner/work/BuckScienceApp/BuckScienceApp/tests/BuckScience.Tests/bin/Release/net8.0/BuckScience.Tests.dll" adapterTypeName="executor://xunit/VsTestRunner2/netcoreapp" className="BuckScience.Tests.Web.Helpers.WeatherHelpersTests" name="ConvertMoonPhaseTextToNumeric_ValidText_ReturnsCorrectValue" />
    </UnitTest>
    <UnitTest name="BuckScience.Tests.TaggingSystemTests.GetOrCreateTag_ShouldReturnExistingTag_WhenTagExists" storage="/home/runner/work/buckscienceapp/buckscienceapp/tests/buckscience.tests/bin/release/net8.0/buckscience.tests.dll" id="f4c9aa46-811a-389b-d744-72a428dee7d2">
      <Execution id="371a4b72-4d53-4a7c-81c5-74093d8d5e9b" />
      <TestMethod codeBase="/home/runner/work/BuckScienceApp/BuckScienceApp/tests/BuckScience.Tests/bin/Release/net8.0/BuckScience.Tests.dll" adapterTypeName="executor://xunit/VsTestRunner2/netcoreapp" className="BuckScience.Tests.TaggingSystemTests" name="GetOrCreateTag_ShouldReturnExistingTag_WhenTagExists" />
    </UnitTest>
    <UnitTest name="BuckScience.Tests.Web.Helpers.WeatherHelpersTests.ConvertWindDirectionToText_VariousAngles_ReturnsCorrectDirection(degrees: 315, expected: &quot;NW&quot;)" storage="/home/runner/work/buckscienceapp/buckscienceapp/tests/buckscience.tests/bin/release/net8.0/buckscience.tests.dll" id="310112f5-4d07-717c-55f6-37a269d700ab">
      <Execution id="f4b818f8-c251-4bd3-b46b-65f74842fb84" />
      <TestMethod codeBase="/home/runner/work/BuckScienceApp/BuckScienceApp/tests/BuckScience.Tests/bin/Release/net8.0/BuckScience.Tests.dll" adapterTypeName="executor://xunit/VsTestRunner2/netcoreapp" className="BuckScience.Tests.Web.Helpers.WeatherHelpersTests" name="ConvertWindDirectionToText_VariousAngles_ReturnsCorrectDirection" />
    </UnitTest>
    <UnitTest name="BuckScience.Tests.CameraDetailsVmTests.CameraDetailsVm_ShouldHaveAllRequiredProperties" storage="/home/runner/work/buckscienceapp/buckscienceapp/tests/buckscience.tests/bin/release/net8.0/buckscience.tests.dll" id="22960b58-9cb3-5bbf-01a8-8b59f0364e15">
      <Execution id="90054604-b04f-42fc-ae2e-582db036e4ed" />
      <TestMethod codeBase="/home/runner/work/BuckScienceApp/BuckScienceApp/tests/BuckScience.Tests/bin/Release/net8.0/BuckScience.Tests.dll" adapterTypeName="executor://xunit/VsTestRunner2/netcoreapp" className="BuckScience.Tests.CameraDetailsVmTests" name="CameraDetailsVm_ShouldHaveAllRequiredProperties" />
    </UnitTest>
    <UnitTest name="BuckScience.Tests.TaggingSystemTests.GetOrCreateTag_ShouldThrowException_WhenTagNameIsInvalid(invalidTagName: &quot;&quot;)" storage="/home/runner/work/buckscienceapp/buckscienceapp/tests/buckscience.tests/bin/release/net8.0/buckscience.tests.dll" id="f2a53262-1031-8641-ce23-2061a5c39410">
      <Execution id="d36d33c1-2a53-499a-bc8a-2abffa588a28" />
      <TestMethod codeBase="/home/runner/work/BuckScienceApp/BuckScienceApp/tests/BuckScience.Tests/bin/Release/net8.0/BuckScience.Tests.dll" adapterTypeName="executor://xunit/VsTestRunner2/netcoreapp" className="BuckScience.Tests.TaggingSystemTests" name="GetOrCreateTag_ShouldThrowException_WhenTagNameIsInvalid" />
    </UnitTest>
    <UnitTest name="BuckScience.Tests.Web.Helpers.WeatherHelpersTests.ConvertWindDirectionTextToNumeric_ValidDirections_ReturnsCorrectDegrees(direction: &quot;WNW&quot;, expected: 292.5)" storage="/home/runner/work/buckscienceapp/buckscienceapp/tests/buckscience.tests/bin/release/net8.0/buckscience.tests.dll" id="fa35896d-315e-329a-8dc3-bb5ba3189b52">
      <Execution id="27ca5bfb-0f5c-4c17-93e6-5c1fa81d055b" />
      <TestMethod codeBase="/home/runner/work/BuckScienceApp/BuckScienceApp/tests/BuckScience.Tests/bin/Release/net8.0/BuckScience.Tests.dll" adapterTypeName="executor://xunit/VsTestRunner2/netcoreapp" className="BuckScience.Tests.Web.Helpers.WeatherHelpersTests" name="ConvertWindDirectionTextToNumeric_ValidDirections_ReturnsCorrectDegrees" />
    </UnitTest>
    <UnitTest name="BuckScience.Tests.Web.Helpers.WeatherHelpersTests.GetWindDirectionOptions_WithAvailableDirections_SetsAvailability" storage="/home/runner/work/buckscienceapp/buckscienceapp/tests/buckscience.tests/bin/release/net8.0/buckscience.tests.dll" id="90576d28-8c3e-aa47-8e92-100b02ac5a05">
      <Execution id="77905792-b56d-447b-8e32-afa6d0fae8fe" />
      <TestMethod codeBase="/home/runner/work/BuckScienceApp/BuckScienceApp/tests/BuckScience.Tests/bin/Release/net8.0/BuckScience.Tests.dll" adapterTypeName="executor://xunit/VsTestRunner2/netcoreapp" className="BuckScience.Tests.Web.Helpers.WeatherHelpersTests" name="GetWindDirectionOptions_WithAvailableDirections_SetsAvailability" />
    </UnitTest>
    <UnitTest name="BuckScience.Tests.WeatherBatchProcessingTests.WeatherService_ShouldRoundCoordinatesConsistently" storage="/home/runner/work/buckscienceapp/buckscienceapp/tests/buckscience.tests/bin/release/net8.0/buckscience.tests.dll" id="b1f41500-5f15-b967-f0a8-55e935ea7819">
      <Execution id="2292e7a2-12fb-4fb3-ada1-ddbeb81efe54" />
      <TestMethod codeBase="/home/runner/work/BuckScienceApp/BuckScienceApp/tests/BuckScience.Tests/bin/Release/net8.0/BuckScience.Tests.dll" adapterTypeName="executor://xunit/VsTestRunner2/netcoreapp" className="BuckScience.Tests.WeatherBatchProcessingTests" name="WeatherService_ShouldRoundCoordinatesConsistently" />
    </UnitTest>
    <UnitTest name="BuckScience.Tests.Web.Helpers.WeatherHelpersTests.ConvertWindDirectionTextToNumeric_ValidDirections_ReturnsCorrectDegrees(direction: &quot;NNW&quot;, expected: 337.5)" storage="/home/runner/work/buckscienceapp/buckscienceapp/tests/buckscience.tests/bin/release/net8.0/buckscience.tests.dll" id="d3a4b1bb-6aeb-d30b-4b3c-0f1cdc5eac6e">
      <Execution id="a067e105-c847-40a8-96c1-2e838191e705" />
      <TestMethod codeBase="/home/runner/work/BuckScienceApp/BuckScienceApp/tests/BuckScience.Tests/bin/Release/net8.0/BuckScience.Tests.dll" adapterTypeName="executor://xunit/VsTestRunner2/netcoreapp" className="BuckScience.Tests.Web.Helpers.WeatherHelpersTests" name="ConvertWindDirectionTextToNumeric_ValidDirections_ReturnsCorrectDegrees" />
    </UnitTest>
    <UnitTest name="BuckScience.Tests.Web.Helpers.WeatherHelpersTests.ConvertWindDirectionToText_VariousAngles_ReturnsCorrectDirection(degrees: 67.5, expected: &quot;ENE&quot;)" storage="/home/runner/work/buckscienceapp/buckscienceapp/tests/buckscience.tests/bin/release/net8.0/buckscience.tests.dll" id="3f5baae7-b2ef-0a09-bc51-f8b04a3acced">
      <Execution id="5fd2ce2c-5d16-4995-9dfc-b7cb82af7c8f" />
      <TestMethod codeBase="/home/runner/work/BuckScienceApp/BuckScienceApp/tests/BuckScience.Tests/bin/Release/net8.0/BuckScience.Tests.dll" adapterTypeName="executor://xunit/VsTestRunner2/netcoreapp" className="BuckScience.Tests.Web.Helpers.WeatherHelpersTests" name="ConvertWindDirectionToText_VariousAngles_ReturnsCorrectDirection" />
    </UnitTest>
    <UnitTest name="BuckScience.Tests.Web.Helpers.WeatherHelpersTests.WindDirectionOption_Properties_Work" storage="/home/runner/work/buckscienceapp/buckscienceapp/tests/buckscience.tests/bin/release/net8.0/buckscience.tests.dll" id="6c5bb03b-3d70-308f-aed5-443e0f2530e1">
      <Execution id="e0f5e90c-49cf-4b1c-a60e-8f63c76392b3" />
      <TestMethod codeBase="/home/runner/work/BuckScienceApp/BuckScienceApp/tests/BuckScience.Tests/bin/Release/net8.0/BuckScience.Tests.dll" adapterTypeName="executor://xunit/VsTestRunner2/netcoreapp" className="BuckScience.Tests.Web.Helpers.WeatherHelpersTests" name="WindDirectionOption_Properties_Work" />
    </UnitTest>
    <UnitTest name="BuckScience.Tests.PhotoGroupingTests.PhotoGrouping_ShouldGroupByMonthYear_Ascending" storage="/home/runner/work/buckscienceapp/buckscienceapp/tests/buckscience.tests/bin/release/net8.0/buckscience.tests.dll" id="188163b5-3a99-e726-205c-6b6fc846baac">
      <Execution id="579b64bd-8881-4f25-be27-9218126b0769" />
      <TestMethod codeBase="/home/runner/work/BuckScienceApp/BuckScienceApp/tests/BuckScience.Tests/bin/Release/net8.0/BuckScience.Tests.dll" adapterTypeName="executor://xunit/VsTestRunner2/netcoreapp" className="BuckScience.Tests.PhotoGroupingTests" name="PhotoGrouping_ShouldGroupByMonthYear_Ascending" />
    </UnitTest>
    <UnitTest name="BuckScience.Tests.PhotoGroupingTests.CameraPhotoGrouping_ShouldGroupByMonthYear_Ascending" storage="/home/runner/work/buckscienceapp/buckscienceapp/tests/buckscience.tests/bin/release/net8.0/buckscience.tests.dll" id="35d57337-18a5-4629-635a-b25a895ec8a2">
      <Execution id="84104901-33c8-45bb-99e5-59f2180abcd4" />
      <TestMethod codeBase="/home/runner/work/BuckScienceApp/BuckScienceApp/tests/BuckScience.Tests/bin/Release/net8.0/BuckScience.Tests.dll" adapterTypeName="executor://xunit/VsTestRunner2/netcoreapp" className="BuckScience.Tests.PhotoGroupingTests" name="CameraPhotoGrouping_ShouldGroupByMonthYear_Ascending" />
    </UnitTest>
    <UnitTest name="BuckScience.Tests.TaggingSystemTests.SetAsDefaultTag_ShouldSetTagAsDefault" storage="/home/runner/work/buckscienceapp/buckscienceapp/tests/buckscience.tests/bin/release/net8.0/buckscience.tests.dll" id="5fc7d131-6de1-7ffe-375b-8ea28a5dbcb8">
      <Execution id="c60a6f2c-3b1b-4675-acee-338ed273f75e" />
      <TestMethod codeBase="/home/runner/work/BuckScienceApp/BuckScienceApp/tests/BuckScience.Tests/bin/Release/net8.0/BuckScience.Tests.dll" adapterTypeName="executor://xunit/VsTestRunner2/netcoreapp" className="BuckScience.Tests.TaggingSystemTests" name="SetAsDefaultTag_ShouldSetTagAsDefault" />
    </UnitTest>
    <UnitTest name="BuckScience.Tests.WeatherServiceTests.RoundCoordinates_ShouldRoundTo1DecimalPlace" storage="/home/runner/work/buckscienceapp/buckscienceapp/tests/buckscience.tests/bin/release/net8.0/buckscience.tests.dll" id="dab68c95-06ed-1b25-9b7e-b55b2972fccc">
      <Execution id="42541f8d-fa33-470f-b23a-62ed8736038e" />
      <TestMethod codeBase="/home/runner/work/BuckScienceApp/BuckScienceApp/tests/BuckScience.Tests/bin/Release/net8.0/BuckScience.Tests.dll" adapterTypeName="executor://xunit/VsTestRunner2/netcoreapp" className="BuckScience.Tests.WeatherServiceTests" name="RoundCoordinates_ShouldRoundTo1DecimalPlace" />
    </UnitTest>
    <UnitTest name="BuckScience.Tests.Web.Helpers.WeatherHelpersTests.ConvertMoonPhaseToText_VariousValues_ReturnsCorrectText(phase: 0.98999999999999999, expected: &quot;New Moon&quot;)" storage="/home/runner/work/buckscienceapp/buckscienceapp/tests/buckscience.tests/bin/release/net8.0/buckscience.tests.dll" id="46016c60-0720-f808-02e7-68fa8d4036c4">
      <Execution id="91492953-42fe-4f52-a738-0a58aa578ab2" />
      <TestMethod codeBase="/home/runner/work/BuckScienceApp/BuckScienceApp/tests/BuckScience.Tests/bin/Release/net8.0/BuckScience.Tests.dll" adapterTypeName="executor://xunit/VsTestRunner2/netcoreapp" className="BuckScience.Tests.Web.Helpers.WeatherHelpersTests" name="ConvertMoonPhaseToText_VariousValues_ReturnsCorrectText" />
    </UnitTest>
    <UnitTest name="BuckScience.Tests.TaggingIntegrationTests.EndToEndTaggingWorkflow_ShouldWorkCorrectly" storage="/home/runner/work/buckscienceapp/buckscienceapp/tests/buckscience.tests/bin/release/net8.0/buckscience.tests.dll" id="46a7f553-bbcf-0c84-0101-71d2924c06c9">
      <Execution id="4e8f7c5e-6214-437b-897d-5b237d894ab7" />
      <TestMethod codeBase="/home/runner/work/BuckScienceApp/BuckScienceApp/tests/BuckScience.Tests/bin/Release/net8.0/BuckScience.Tests.dll" adapterTypeName="executor://xunit/VsTestRunner2/netcoreapp" className="BuckScience.Tests.TaggingIntegrationTests" name="EndToEndTaggingWorkflow_ShouldWorkCorrectly" />
    </UnitTest>
    <UnitTest name="BuckScience.Tests.Web.Helpers.WeatherHelpersTests.ConvertWindDirectionToText_VariousAngles_ReturnsCorrectDirection(degrees: 361, expected: &quot;N&quot;)" storage="/home/runner/work/buckscienceapp/buckscienceapp/tests/buckscience.tests/bin/release/net8.0/buckscience.tests.dll" id="d983931e-3379-4c6a-5c76-852ec2540d36">
      <Execution id="83ece6c7-6f60-4413-95fa-d9f88f418c9c" />
      <TestMethod codeBase="/home/runner/work/BuckScienceApp/BuckScienceApp/tests/BuckScience.Tests/bin/Release/net8.0/BuckScience.Tests.dll" adapterTypeName="executor://xunit/VsTestRunner2/netcoreapp" className="BuckScience.Tests.Web.Helpers.WeatherHelpersTests" name="ConvertWindDirectionToText_VariousAngles_ReturnsCorrectDirection" />
    </UnitTest>
    <UnitTest name="BuckScience.Tests.Web.Helpers.WeatherHelpersTests.ConvertMoonPhaseToText_VariousValues_ReturnsCorrectText(phase: 0.84999999999999998, expected: &quot;Waning Crescent&quot;)" storage="/home/runner/work/buckscienceapp/buckscienceapp/tests/buckscience.tests/bin/release/net8.0/buckscience.tests.dll" id="22d4e883-d516-a3c1-91a6-c6ccca686050">
      <Execution id="9d65870e-fe3d-4ea1-adce-b4d495e41ea1" />
      <TestMethod codeBase="/home/runner/work/BuckScienceApp/BuckScienceApp/tests/BuckScience.Tests/bin/Release/net8.0/BuckScience.Tests.dll" adapterTypeName="executor://xunit/VsTestRunner2/netcoreapp" className="BuckScience.Tests.Web.Helpers.WeatherHelpersTests" name="ConvertMoonPhaseToText_VariousValues_ReturnsCorrectText" />
    </UnitTest>
    <UnitTest name="BuckScience.Tests.CameraCreateVmTests.CameraCreateVm_ShouldIncludePropertyCoordinates" storage="/home/runner/work/buckscienceapp/buckscienceapp/tests/buckscience.tests/bin/release/net8.0/buckscience.tests.dll" id="65305c54-3e3e-31b1-f5dd-4a4bc66b7c08">
      <Execution id="f4131058-5c2d-45b7-a021-35afa4ac400d" />
      <TestMethod codeBase="/home/runner/work/BuckScienceApp/BuckScienceApp/tests/BuckScience.Tests/bin/Release/net8.0/BuckScience.Tests.dll" adapterTypeName="executor://xunit/VsTestRunner2/netcoreapp" className="BuckScience.Tests.CameraCreateVmTests" name="CameraCreateVm_ShouldIncludePropertyCoordinates" />
    </UnitTest>
    <UnitTest name="BuckScience.Tests.PhotoGroupingTests.CameraPhotoGrouping_ShouldGroupByMonthYear" storage="/home/runner/work/buckscienceapp/buckscienceapp/tests/buckscience.tests/bin/release/net8.0/buckscience.tests.dll" id="fa20158d-fb5e-8e7a-f1da-aa0a1eb9ba5a">
      <Execution id="570f7ff1-b6d6-4427-b419-4c4e46597eaa" />
      <TestMethod codeBase="/home/runner/work/BuckScienceApp/BuckScienceApp/tests/BuckScience.Tests/bin/Release/net8.0/BuckScience.Tests.dll" adapterTypeName="executor://xunit/VsTestRunner2/netcoreapp" className="BuckScience.Tests.PhotoGroupingTests" name="CameraPhotoGrouping_ShouldGroupByMonthYear" />
    </UnitTest>
    <UnitTest name="BuckScience.Tests.Web.Helpers.WeatherHelpersTests.ConvertMoonPhaseTextToNumeric_InvalidText_ReturnsNull(text: &quot;Invalid Phase&quot;)" storage="/home/runner/work/buckscienceapp/buckscienceapp/tests/buckscience.tests/bin/release/net8.0/buckscience.tests.dll" id="e531c44f-a81a-259c-843c-505a398d8b55">
      <Execution id="7cb9adde-55c7-4feb-ba4a-fc929a49dfae" />
      <TestMethod codeBase="/home/runner/work/BuckScienceApp/BuckScienceApp/tests/BuckScience.Tests/bin/Release/net8.0/BuckScience.Tests.dll" adapterTypeName="executor://xunit/VsTestRunner2/netcoreapp" className="BuckScience.Tests.Web.Helpers.WeatherHelpersTests" name="ConvertMoonPhaseTextToNumeric_InvalidText_ReturnsNull" />
    </UnitTest>
    <UnitTest name="BuckScience.Tests.Web.Helpers.WeatherHelpersTests.ConvertWindDirectionTextToNumeric_InvalidText_ReturnsNull(direction: &quot;North&quot;)" storage="/home/runner/work/buckscienceapp/buckscienceapp/tests/buckscience.tests/bin/release/net8.0/buckscience.tests.dll" id="94acb547-5f92-9634-547a-02395bd6053e">
      <Execution id="272090c5-3b3a-4208-86c6-490947a77629" />
      <TestMethod codeBase="/home/runner/work/BuckScienceApp/BuckScienceApp/tests/BuckScience.Tests/bin/Release/net8.0/BuckScience.Tests.dll" adapterTypeName="executor://xunit/VsTestRunner2/netcoreapp" className="BuckScience.Tests.Web.Helpers.WeatherHelpersTests" name="ConvertWindDirectionTextToNumeric_InvalidText_ReturnsNull" />
    </UnitTest>
    <UnitTest name="BuckScience.Tests.Web.Helpers.WeatherHelpersTests.ConvertWindDirectionToText_VariousAngles_ReturnsCorrectDirection(degrees: 135, expected: &quot;SE&quot;)" storage="/home/runner/work/buckscienceapp/buckscienceapp/tests/buckscience.tests/bin/release/net8.0/buckscience.tests.dll" id="7d4e8658-cb8d-0c66-3167-748289c2e3c6">
      <Execution id="7c8c8d99-e0dd-4024-b51d-6ee7cad69840" />
      <TestMethod codeBase="/home/runner/work/BuckScienceApp/BuckScienceApp/tests/BuckScience.Tests/bin/Release/net8.0/BuckScience.Tests.dll" adapterTypeName="executor://xunit/VsTestRunner2/netcoreapp" className="BuckScience.Tests.Web.Helpers.WeatherHelpersTests" name="ConvertWindDirectionToText_VariousAngles_ReturnsCorrectDirection" />
    </UnitTest>
    <UnitTest name="BuckScience.Tests.Web.Helpers.WeatherHelpersTests.ConvertWindDirectionTextToNumeric_InvalidText_ReturnsNull(direction: &quot;   &quot;)" storage="/home/runner/work/buckscienceapp/buckscienceapp/tests/buckscience.tests/bin/release/net8.0/buckscience.tests.dll" id="ec065801-9998-c7ce-5285-3fe14e38cdac">
      <Execution id="778b3670-2ad3-4637-b74f-09d93e184dde" />
      <TestMethod codeBase="/home/runner/work/BuckScienceApp/BuckScienceApp/tests/BuckScience.Tests/bin/Release/net8.0/BuckScience.Tests.dll" adapterTypeName="executor://xunit/VsTestRunner2/netcoreapp" className="BuckScience.Tests.Web.Helpers.WeatherHelpersTests" name="ConvertWindDirectionTextToNumeric_InvalidText_ReturnsNull" />
    </UnitTest>
    <UnitTest name="BuckScience.Tests.Web.Helpers.WeatherHelpersTests.ConvertWindDirectionToText_VariousAngles_ReturnsCorrectDirection(degrees: 348.74000000000001, expected: &quot;NNW&quot;)" storage="/home/runner/work/buckscienceapp/buckscienceapp/tests/buckscience.tests/bin/release/net8.0/buckscience.tests.dll" id="9f164cb9-b0ee-2833-0b35-619b21bae903">
      <Execution id="82dea79b-0c80-4efb-bce7-56497b48fcd3" />
      <TestMethod codeBase="/home/runner/work/BuckScienceApp/BuckScienceApp/tests/BuckScience.Tests/bin/Release/net8.0/BuckScience.Tests.dll" adapterTypeName="executor://xunit/VsTestRunner2/netcoreapp" className="BuckScience.Tests.Web.Helpers.WeatherHelpersTests" name="ConvertWindDirectionToText_VariousAngles_ReturnsCorrectDirection" />
    </UnitTest>
    <UnitTest name="BuckScience.Tests.PhotoFilteringComprehensiveTests.CameraOption_PropertiesWork" storage="/home/runner/work/buckscienceapp/buckscienceapp/tests/buckscience.tests/bin/release/net8.0/buckscience.tests.dll" id="17d2bd4a-a575-7ccc-1676-102dfc4795d6">
      <Execution id="af4ea85a-af77-4c26-99c9-c57add8b6fbd" />
      <TestMethod codeBase="/home/runner/work/BuckScienceApp/BuckScienceApp/tests/BuckScience.Tests/bin/Release/net8.0/BuckScience.Tests.dll" adapterTypeName="executor://xunit/VsTestRunner2/netcoreapp" className="BuckScience.Tests.PhotoFilteringComprehensiveTests" name="CameraOption_PropertiesWork" />
    </UnitTest>
    <UnitTest name="BuckScience.Tests.Web.Helpers.WeatherHelpersTests.ConvertMoonPhaseTextToNumeric_ValidText_ReturnsCorrectValue(text: &quot;Waning Gibbous&quot;, expected: 0.625)" storage="/home/runner/work/buckscienceapp/buckscienceapp/tests/buckscience.tests/bin/release/net8.0/buckscience.tests.dll" id="fb8ea106-f542-3a06-bc35-d8f4e171c2a2">
      <Execution id="7adf99d7-efa2-4a2d-bff3-fabbacf9909f" />
      <TestMethod codeBase="/home/runner/work/BuckScienceApp/BuckScienceApp/tests/BuckScience.Tests/bin/Release/net8.0/BuckScience.Tests.dll" adapterTypeName="executor://xunit/VsTestRunner2/netcoreapp" className="BuckScience.Tests.Web.Helpers.WeatherHelpersTests" name="ConvertMoonPhaseTextToNumeric_ValidText_ReturnsCorrectValue" />
    </UnitTest>
    <UnitTest name="BuckScience.Tests.TaggingRequirementsTests.Requirement1_DefaultTags_ShouldBePopulatedByMigration" storage="/home/runner/work/buckscienceapp/buckscienceapp/tests/buckscience.tests/bin/release/net8.0/buckscience.tests.dll" id="61de09e0-94b0-9094-bdcf-74e56c5800ed">
      <Execution id="3eb4ff13-4da8-4a10-a085-56b0999378ce" />
      <TestMethod codeBase="/home/runner/work/BuckScienceApp/BuckScienceApp/tests/BuckScience.Tests/bin/Release/net8.0/BuckScience.Tests.dll" adapterTypeName="executor://xunit/VsTestRunner2/netcoreapp" className="BuckScience.Tests.TaggingRequirementsTests" name="Requirement1_DefaultTags_ShouldBePopulatedByMigration" />
    </UnitTest>
    <UnitTest name="BuckScience.Tests.PhotoFilteringUrlExamples.BuildFilters_ConditionsParameters_ShouldParseCorrectly(conditions: &quot;Rainy&quot;, expectedConditions: [&quot;Rainy&quot;])" storage="/home/runner/work/buckscienceapp/buckscienceapp/tests/buckscience.tests/bin/release/net8.0/buckscience.tests.dll" id="7aa5e31a-c407-5fc0-2788-70d3aa03acd3">
      <Execution id="d3206782-76a5-4b86-aa22-bf3285220fc5" />
      <TestMethod codeBase="/home/runner/work/BuckScienceApp/BuckScienceApp/tests/BuckScience.Tests/bin/Release/net8.0/BuckScience.Tests.dll" adapterTypeName="executor://xunit/VsTestRunner2/netcoreapp" className="BuckScience.Tests.PhotoFilteringUrlExamples" name="BuildFilters_ConditionsParameters_ShouldParseCorrectly" />
    </UnitTest>
    <UnitTest name="BuckScience.Tests.PhotoFilteringUrlExamples.PhotoFiltering_RealWorldScenario_TempAndCameraFilter" storage="/home/runner/work/buckscienceapp/buckscienceapp/tests/buckscience.tests/bin/release/net8.0/buckscience.tests.dll" id="9cd7f192-bb9b-abd8-007d-2585a8ffb5e9">
      <Execution id="98ce016f-4dfd-4242-a684-4381076217cf" />
      <TestMethod codeBase="/home/runner/work/BuckScienceApp/BuckScienceApp/tests/BuckScience.Tests/bin/Release/net8.0/BuckScience.Tests.dll" adapterTypeName="executor://xunit/VsTestRunner2/netcoreapp" className="BuckScience.Tests.PhotoFilteringUrlExamples" name="PhotoFiltering_RealWorldScenario_TempAndCameraFilter" />
    </UnitTest>
    <UnitTest name="BuckScience.Tests.Web.Helpers.WeatherHelpersTests.ConvertWindDirectionTextToNumeric_ValidDirections_ReturnsCorrectDegrees(direction: &quot;WSW&quot;, expected: 247.5)" storage="/home/runner/work/buckscienceapp/buckscienceapp/tests/buckscience.tests/bin/release/net8.0/buckscience.tests.dll" id="117d72dd-b186-d8e9-ce14-8d711079c929">
      <Execution id="7d7979ab-59ef-4393-becd-3b7e390fe669" />
      <TestMethod codeBase="/home/runner/work/BuckScienceApp/BuckScienceApp/tests/BuckScience.Tests/bin/Release/net8.0/BuckScience.Tests.dll" adapterTypeName="executor://xunit/VsTestRunner2/netcoreapp" className="BuckScience.Tests.Web.Helpers.WeatherHelpersTests" name="ConvertWindDirectionTextToNumeric_ValidDirections_ReturnsCorrectDegrees" />
    </UnitTest>
    <UnitTest name="BuckScience.Tests.Web.Helpers.WeatherHelpersTests.ConvertWindDirectionToText_VariousAngles_ReturnsCorrectDirection(degrees: 22.5, expected: &quot;NNE&quot;)" storage="/home/runner/work/buckscienceapp/buckscienceapp/tests/buckscience.tests/bin/release/net8.0/buckscience.tests.dll" id="33aaf4d3-9999-0bc6-ded9-bd2870cebad9">
      <Execution id="158d9cd4-a374-4db9-94ca-a76ccbb8c0f5" />
      <TestMethod codeBase="/home/runner/work/BuckScienceApp/BuckScienceApp/tests/BuckScience.Tests/bin/Release/net8.0/BuckScience.Tests.dll" adapterTypeName="executor://xunit/VsTestRunner2/netcoreapp" className="BuckScience.Tests.Web.Helpers.WeatherHelpersTests" name="ConvertWindDirectionToText_VariousAngles_ReturnsCorrectDirection" />
    </UnitTest>
    <UnitTest name="BuckScience.Tests.Web.Helpers.WeatherHelpersTests.ConvertMoonPhaseTextToNumeric_InvalidText_ReturnsNull(text: &quot;   &quot;)" storage="/home/runner/work/buckscienceapp/buckscienceapp/tests/buckscience.tests/bin/release/net8.0/buckscience.tests.dll" id="ec7cd5e3-a82c-cf66-66cc-45c1ba395a3e">
      <Execution id="31c932ea-e316-4922-803b-fd861e936aa4" />
      <TestMethod codeBase="/home/runner/work/BuckScienceApp/BuckScienceApp/tests/BuckScience.Tests/bin/Release/net8.0/BuckScience.Tests.dll" adapterTypeName="executor://xunit/VsTestRunner2/netcoreapp" className="BuckScience.Tests.Web.Helpers.WeatherHelpersTests" name="ConvertMoonPhaseTextToNumeric_InvalidText_ReturnsNull" />
    </UnitTest>
    <UnitTest name="BuckScience.Tests.TaggingIntegrationTests.TagUniqueness_ShouldBeEnforcedCorrectly" storage="/home/runner/work/buckscienceapp/buckscienceapp/tests/buckscience.tests/bin/release/net8.0/buckscience.tests.dll" id="4e6de647-43c0-2d5e-ffcc-d884e859b7df">
      <Execution id="2abd035a-9d31-46e9-a667-2bd9c9a9b1c7" />
      <TestMethod codeBase="/home/runner/work/BuckScienceApp/BuckScienceApp/tests/BuckScience.Tests/bin/Release/net8.0/BuckScience.Tests.dll" adapterTypeName="executor://xunit/VsTestRunner2/netcoreapp" className="BuckScience.Tests.TaggingIntegrationTests" name="TagUniqueness_ShouldBeEnforcedCorrectly" />
    </UnitTest>
    <UnitTest name="BuckScience.Tests.Web.Helpers.WeatherHelpersTests.ConvertMoonPhaseToText_VariousValues_ReturnsCorrectText(phase: 0.40000000000000002, expected: &quot;Waxing Gibbous&quot;)" storage="/home/runner/work/buckscienceapp/buckscienceapp/tests/buckscience.tests/bin/release/net8.0/buckscience.tests.dll" id="9f544328-b14d-2f96-b54b-781ab9cf51e8">
      <Execution id="4a475bab-5de4-4337-9997-40dc9b512e68" />
      <TestMethod codeBase="/home/runner/work/BuckScienceApp/BuckScienceApp/tests/BuckScience.Tests/bin/Release/net8.0/BuckScience.Tests.dll" adapterTypeName="executor://xunit/VsTestRunner2/netcoreapp" className="BuckScience.Tests.Web.Helpers.WeatherHelpersTests" name="ConvertMoonPhaseToText_VariousValues_ReturnsCorrectText" />
    </UnitTest>
    <UnitTest name="BuckScience.Tests.Web.Helpers.WeatherHelpersTests.ConvertWindDirectionTextToNumeric_ValidDirections_ReturnsCorrectDegrees(direction: &quot;NE&quot;, expected: 45)" storage="/home/runner/work/buckscienceapp/buckscienceapp/tests/buckscience.tests/bin/release/net8.0/buckscience.tests.dll" id="df8d3f6f-dec6-fe48-30b1-4504bb2aa651">
      <Execution id="f706ba3a-3ef7-49f7-b5c2-b8dd53d319cd" />
      <TestMethod codeBase="/home/runner/work/BuckScienceApp/BuckScienceApp/tests/BuckScience.Tests/bin/Release/net8.0/BuckScience.Tests.dll" adapterTypeName="executor://xunit/VsTestRunner2/netcoreapp" className="BuckScience.Tests.Web.Helpers.WeatherHelpersTests" name="ConvertWindDirectionTextToNumeric_ValidDirections_ReturnsCorrectDegrees" />
    </UnitTest>
    <UnitTest name="BuckScience.Tests.WeatherConfigurationTests.WeatherApiSettings_ShouldBindFromConfiguration" storage="/home/runner/work/buckscienceapp/buckscienceapp/tests/buckscience.tests/bin/release/net8.0/buckscience.tests.dll" id="b1a32a5b-bec7-9c13-ecb5-d09eae519281">
      <Execution id="04c8e9fa-78d3-4b94-b8e7-9d9325cab6e9" />
      <TestMethod codeBase="/home/runner/work/BuckScienceApp/BuckScienceApp/tests/BuckScience.Tests/bin/Release/net8.0/BuckScience.Tests.dll" adapterTypeName="executor://xunit/VsTestRunner2/netcoreapp" className="BuckScience.Tests.WeatherConfigurationTests" name="WeatherApiSettings_ShouldBindFromConfiguration" />
    </UnitTest>
    <UnitTest name="BuckScience.Tests.Web.Helpers.WeatherHelpersTests.ConvertWindDirectionToText_VariousAngles_ReturnsCorrectDirection(degrees: 11.24, expected: &quot;N&quot;)" storage="/home/runner/work/buckscienceapp/buckscienceapp/tests/buckscience.tests/bin/release/net8.0/buckscience.tests.dll" id="b8a41320-c868-9123-86b4-03e71d0ff6ef">
      <Execution id="939b3385-1fad-4a48-bdf9-50fb5081e3fc" />
      <TestMethod codeBase="/home/runner/work/BuckScienceApp/BuckScienceApp/tests/BuckScience.Tests/bin/Release/net8.0/BuckScience.Tests.dll" adapterTypeName="executor://xunit/VsTestRunner2/netcoreapp" className="BuckScience.Tests.Web.Helpers.WeatherHelpersTests" name="ConvertWindDirectionToText_VariousAngles_ReturnsCorrectDirection" />
    </UnitTest>
    <UnitTest name="BuckScience.Tests.Web.Helpers.WeatherHelpersTests.ConvertMoonPhaseToText_VariousValues_ReturnsCorrectText(phase: 1, expected: &quot;New Moon&quot;)" storage="/home/runner/work/buckscienceapp/buckscienceapp/tests/buckscience.tests/bin/release/net8.0/buckscience.tests.dll" id="c5847a99-4505-c2ed-d54d-fc269a080b27">
      <Execution id="de8392af-3424-4676-9a1b-a05c6168f8c3" />
      <TestMethod codeBase="/home/runner/work/BuckScienceApp/BuckScienceApp/tests/BuckScience.Tests/bin/Release/net8.0/BuckScience.Tests.dll" adapterTypeName="executor://xunit/VsTestRunner2/netcoreapp" className="BuckScience.Tests.Web.Helpers.WeatherHelpersTests" name="ConvertMoonPhaseToText_VariousValues_ReturnsCorrectText" />
    </UnitTest>
    <UnitTest name="BuckScience.Tests.Web.Helpers.WeatherHelpersTests.ConvertWindDirectionTextToNumeric_ValidDirections_ReturnsCorrectDegrees(direction: &quot;SSW&quot;, expected: 202.5)" storage="/home/runner/work/buckscienceapp/buckscienceapp/tests/buckscience.tests/bin/release/net8.0/buckscience.tests.dll" id="172a47eb-7de7-c6df-b8be-70c0be7e14f7">
      <Execution id="17be2fac-36e0-43b6-943e-85475dd52f02" />
      <TestMethod codeBase="/home/runner/work/BuckScienceApp/BuckScienceApp/tests/BuckScience.Tests/bin/Release/net8.0/BuckScience.Tests.dll" adapterTypeName="executor://xunit/VsTestRunner2/netcoreapp" className="BuckScience.Tests.Web.Helpers.WeatherHelpersTests" name="ConvertWindDirectionTextToNumeric_ValidDirections_ReturnsCorrectDegrees" />
    </UnitTest>
    <UnitTest name="BuckScience.Tests.TaggingSystemTests.GetOrCreateTag_ShouldBeCaseInsensitive" storage="/home/runner/work/buckscienceapp/buckscienceapp/tests/buckscience.tests/bin/release/net8.0/buckscience.tests.dll" id="18fd69b0-d054-4b67-4fab-caa28c12efff">
      <Execution id="d47858fe-3f6c-48c7-bed3-4115f91aae77" />
      <TestMethod codeBase="/home/runner/work/BuckScienceApp/BuckScienceApp/tests/BuckScience.Tests/bin/Release/net8.0/BuckScience.Tests.dll" adapterTypeName="executor://xunit/VsTestRunner2/netcoreapp" className="BuckScience.Tests.TaggingSystemTests" name="GetOrCreateTag_ShouldBeCaseInsensitive" />
    </UnitTest>
    <UnitTest name="BuckScience.Tests.PhotoFilteringIntegrationTests.BuildFilters_WithCameraIds_ReturnsFiltersWithCameras" storage="/home/runner/work/buckscienceapp/buckscienceapp/tests/buckscience.tests/bin/release/net8.0/buckscience.tests.dll" id="b909abe1-3b1d-c0ea-a3f1-0b971399890f">
      <Execution id="c7e1e9a3-435c-492b-99b2-f7d6e82192fa" />
      <TestMethod codeBase="/home/runner/work/BuckScienceApp/BuckScienceApp/tests/BuckScience.Tests/bin/Release/net8.0/BuckScience.Tests.dll" adapterTypeName="executor://xunit/VsTestRunner2/netcoreapp" className="BuckScience.Tests.PhotoFilteringIntegrationTests" name="BuildFilters_WithCameraIds_ReturnsFiltersWithCameras" />
    </UnitTest>
    <UnitTest name="BuckScience.Tests.TaggingRequirementsTests.Requirement2_PropertyCreation_ShouldAutoAssignDefaultTags" storage="/home/runner/work/buckscienceapp/buckscienceapp/tests/buckscience.tests/bin/release/net8.0/buckscience.tests.dll" id="62abf167-66b2-7338-5ead-888596c0fffe">
      <Execution id="9e1abaca-92bb-4cb3-9af4-caa72e936a32" />
      <TestMethod codeBase="/home/runner/work/BuckScienceApp/BuckScienceApp/tests/BuckScience.Tests/bin/Release/net8.0/BuckScience.Tests.dll" adapterTypeName="executor://xunit/VsTestRunner2/netcoreapp" className="BuckScience.Tests.TaggingRequirementsTests" name="Requirement2_PropertyCreation_ShouldAutoAssignDefaultTags" />
    </UnitTest>
    <UnitTest name="BuckScience.Tests.Web.Helpers.WeatherHelpersTests.ConvertMoonPhaseTextToNumeric_InvalidText_ReturnsNull(text: &quot;&quot;)" storage="/home/runner/work/buckscienceapp/buckscienceapp/tests/buckscience.tests/bin/release/net8.0/buckscience.tests.dll" id="f2ce22ba-4e0c-a11c-c657-a799ce863a26">
      <Execution id="10378f01-75cd-4dce-9423-be70568a5c04" />
      <TestMethod codeBase="/home/runner/work/BuckScienceApp/BuckScienceApp/tests/BuckScience.Tests/bin/Release/net8.0/BuckScience.Tests.dll" adapterTypeName="executor://xunit/VsTestRunner2/netcoreapp" className="BuckScience.Tests.Web.Helpers.WeatherHelpersTests" name="ConvertMoonPhaseTextToNumeric_InvalidText_ReturnsNull" />
    </UnitTest>
    <UnitTest name="BuckScience.Tests.Web.Helpers.WeatherHelpersTests.ConvertWindDirectionTextToNumeric_ValidDirections_ReturnsCorrectDegrees(direction: &quot;ESE&quot;, expected: 112.5)" storage="/home/runner/work/buckscienceapp/buckscienceapp/tests/buckscience.tests/bin/release/net8.0/buckscience.tests.dll" id="8bb24d97-4056-0aed-e738-d86e9d34f566">
      <Execution id="81d9028c-4734-42ac-95f1-0da11b87968b" />
      <TestMethod codeBase="/home/runner/work/BuckScienceApp/BuckScienceApp/tests/BuckScience.Tests/bin/Release/net8.0/BuckScience.Tests.dll" adapterTypeName="executor://xunit/VsTestRunner2/netcoreapp" className="BuckScience.Tests.Web.Helpers.WeatherHelpersTests" name="ConvertWindDirectionTextToNumeric_ValidDirections_ReturnsCorrectDegrees" />
    </UnitTest>
    <UnitTest name="BuckScience.Tests.WeatherServiceTests.RoundCoordinates_ShouldRoundTo2DecimalPlaces" storage="/home/runner/work/buckscienceapp/buckscienceapp/tests/buckscience.tests/bin/release/net8.0/buckscience.tests.dll" id="e79130f3-839b-5123-ac52-8ca3bb6ef8c5">
      <Execution id="c721f877-df75-4a73-b6eb-f237d53aedd2" />
      <TestMethod codeBase="/home/runner/work/BuckScienceApp/BuckScienceApp/tests/BuckScience.Tests/bin/Release/net8.0/BuckScience.Tests.dll" adapterTypeName="executor://xunit/VsTestRunner2/netcoreapp" className="BuckScience.Tests.WeatherServiceTests" name="RoundCoordinates_ShouldRoundTo2DecimalPlaces" />
    </UnitTest>
    <UnitTest name="BuckScience.Tests.TaggingIntegrationTests.CreateProperty_ShouldAutoAssignDefaultTags" storage="/home/runner/work/buckscienceapp/buckscienceapp/tests/buckscience.tests/bin/release/net8.0/buckscience.tests.dll" id="aac2053d-c1f1-3ae9-c811-84c25975dded">
      <Execution id="e3b839aa-edf6-45d2-b686-f890445d6456" />
      <TestMethod codeBase="/home/runner/work/BuckScienceApp/BuckScienceApp/tests/BuckScience.Tests/bin/Release/net8.0/BuckScience.Tests.dll" adapterTypeName="executor://xunit/VsTestRunner2/netcoreapp" className="BuckScience.Tests.TaggingIntegrationTests" name="CreateProperty_ShouldAutoAssignDefaultTags" />
    </UnitTest>
    <UnitTest name="BuckScience.Tests.WeatherBatchProcessingTests.PhotoGrouping_ShouldGroupByLocationAndDate" storage="/home/runner/work/buckscienceapp/buckscienceapp/tests/buckscience.tests/bin/release/net8.0/buckscience.tests.dll" id="3f4d3f91-09a2-a334-5932-6e78104fd8ba">
      <Execution id="63245275-7467-4fd9-8c10-5ff5f049b0e3" />
      <TestMethod codeBase="/home/runner/work/BuckScienceApp/BuckScienceApp/tests/BuckScience.Tests/bin/Release/net8.0/BuckScience.Tests.dll" adapterTypeName="executor://xunit/VsTestRunner2/netcoreapp" className="BuckScience.Tests.WeatherBatchProcessingTests" name="PhotoGrouping_ShouldGroupByLocationAndDate" />
    </UnitTest>
    <UnitTest name="BuckScience.Tests.Web.Helpers.WeatherHelpersTests.ConvertMoonPhaseTextToNumeric_CaseInsensitive_Works" storage="/home/runner/work/buckscienceapp/buckscienceapp/tests/buckscience.tests/bin/release/net8.0/buckscience.tests.dll" id="6ddbf3e0-3ece-b657-908f-2948ae07368f">
      <Execution id="807d0fc9-57e5-4c5a-bc3e-35fcc36ee027" />
      <TestMethod codeBase="/home/runner/work/BuckScienceApp/BuckScienceApp/tests/BuckScience.Tests/bin/Release/net8.0/BuckScience.Tests.dll" adapterTypeName="executor://xunit/VsTestRunner2/netcoreapp" className="BuckScience.Tests.Web.Helpers.WeatherHelpersTests" name="ConvertMoonPhaseTextToNumeric_CaseInsensitive_Works" />
    </UnitTest>
    <UnitTest name="BuckScience.Tests.Web.Helpers.WeatherHelpersTests.ConvertMoonPhaseToText_VariousValues_ReturnsCorrectText(phase: 0.59999999999999998, expected: &quot;Waning Gibbous&quot;)" storage="/home/runner/work/buckscienceapp/buckscienceapp/tests/buckscience.tests/bin/release/net8.0/buckscience.tests.dll" id="48d95b96-b471-deb8-51bf-62c5a89928a2">
      <Execution id="21f3a61b-9ec5-42e4-8f96-ac2dd75c2205" />
      <TestMethod codeBase="/home/runner/work/BuckScienceApp/BuckScienceApp/tests/BuckScience.Tests/bin/Release/net8.0/BuckScience.Tests.dll" adapterTypeName="executor://xunit/VsTestRunner2/netcoreapp" className="BuckScience.Tests.Web.Helpers.WeatherHelpersTests" name="ConvertMoonPhaseToText_VariousValues_ReturnsCorrectText" />
    </UnitTest>
    <UnitTest name="BuckScience.Tests.PhotoFilteringUrlExamples.PhotoFiltering_RealWorldScenario_MoonPhaseAndConditions" storage="/home/runner/work/buckscienceapp/buckscienceapp/tests/buckscience.tests/bin/release/net8.0/buckscience.tests.dll" id="80f7e275-5c62-bf32-953c-a522d71f0911">
      <Execution id="39e91329-eb79-42f9-81a6-fb3f06ced21d" />
      <TestMethod codeBase="/home/runner/work/BuckScienceApp/BuckScienceApp/tests/BuckScience.Tests/bin/Release/net8.0/BuckScience.Tests.dll" adapterTypeName="executor://xunit/VsTestRunner2/netcoreapp" className="BuckScience.Tests.PhotoFilteringUrlExamples" name="PhotoFiltering_RealWorldScenario_MoonPhaseAndConditions" />
    </UnitTest>
    <UnitTest name="BuckScience.Tests.WeatherBatchProcessingTests.WeatherBatchProcessing_ShouldMinimizeApiCalls" storage="/home/runner/work/buckscienceapp/buckscienceapp/tests/buckscience.tests/bin/release/net8.0/buckscience.tests.dll" id="5a1b2923-7867-c9d7-9184-902164877e6b">
      <Execution id="36da6aa5-faca-4d29-90da-ba42356e4776" />
      <TestMethod codeBase="/home/runner/work/BuckScienceApp/BuckScienceApp/tests/BuckScience.Tests/bin/Release/net8.0/BuckScience.Tests.dll" adapterTypeName="executor://xunit/VsTestRunner2/netcoreapp" className="BuckScience.Tests.WeatherBatchProcessingTests" name="WeatherBatchProcessing_ShouldMinimizeApiCalls" />
    </UnitTest>
    <UnitTest name="BuckScience.Tests.Web.Helpers.WeatherHelpersTests.ConvertWindDirectionToText_VariousAngles_ReturnsCorrectDirection(degrees: 337.5, expected: &quot;NNW&quot;)" storage="/home/runner/work/buckscienceapp/buckscienceapp/tests/buckscience.tests/bin/release/net8.0/buckscience.tests.dll" id="b96d0d20-292a-e609-b515-79cd877929d7">
      <Execution id="4e97f361-541e-47b0-ae4f-686de1e0b499" />
      <TestMethod codeBase="/home/runner/work/BuckScienceApp/BuckScienceApp/tests/BuckScience.Tests/bin/Release/net8.0/BuckScience.Tests.dll" adapterTypeName="executor://xunit/VsTestRunner2/netcoreapp" className="BuckScience.Tests.Web.Helpers.WeatherHelpersTests" name="ConvertWindDirectionToText_VariousAngles_ReturnsCorrectDirection" />
    </UnitTest>
    <UnitTest name="BuckScience.Tests.Web.Helpers.WeatherHelpersTests.GetWindDirectionOptions_WithNull_AllUnavailable" storage="/home/runner/work/buckscienceapp/buckscienceapp/tests/buckscience.tests/bin/release/net8.0/buckscience.tests.dll" id="dd76f619-e962-2008-d0f8-a714bb3f5c46">
      <Execution id="b5fef4ef-d144-4ae7-bf2c-5e252856a156" />
      <TestMethod codeBase="/home/runner/work/BuckScienceApp/BuckScienceApp/tests/BuckScience.Tests/bin/Release/net8.0/BuckScience.Tests.dll" adapterTypeName="executor://xunit/VsTestRunner2/netcoreapp" className="BuckScience.Tests.Web.Helpers.WeatherHelpersTests" name="GetWindDirectionOptions_WithNull_AllUnavailable" />
    </UnitTest>
    <UnitTest name="BuckScience.Tests.Web.Helpers.WeatherHelpersTests.ConvertMoonPhaseToText_VariousValues_ReturnsCorrectText(phase: 0.75, expected: &quot;Last Quarter&quot;)" storage="/home/runner/work/buckscienceapp/buckscienceapp/tests/buckscience.tests/bin/release/net8.0/buckscience.tests.dll" id="78d335ed-d8a0-4e68-1b07-0e64ec6fcf01">
      <Execution id="6c2968bb-74e0-4de4-901b-2fc5f7d8be96" />
      <TestMethod codeBase="/home/runner/work/BuckScienceApp/BuckScienceApp/tests/BuckScience.Tests/bin/Release/net8.0/BuckScience.Tests.dll" adapterTypeName="executor://xunit/VsTestRunner2/netcoreapp" className="BuckScience.Tests.Web.Helpers.WeatherHelpersTests" name="ConvertMoonPhaseToText_VariousValues_ReturnsCorrectText" />
    </UnitTest>
    <UnitTest name="BuckScience.Tests.WeatherConfigurationTests.WeatherSettings_ShouldBindFromConfiguration" storage="/home/runner/work/buckscienceapp/buckscienceapp/tests/buckscience.tests/bin/release/net8.0/buckscience.tests.dll" id="6d9ecacc-771f-c0f8-81b8-e7f5f5ecfa5f">
      <Execution id="b3bd8105-cc08-41ff-86e8-d26f681288d7" />
      <TestMethod codeBase="/home/runner/work/BuckScienceApp/BuckScienceApp/tests/BuckScience.Tests/bin/Release/net8.0/BuckScience.Tests.dll" adapterTypeName="executor://xunit/VsTestRunner2/netcoreapp" className="BuckScience.Tests.WeatherConfigurationTests" name="WeatherSettings_ShouldBindFromConfiguration" />
    </UnitTest>
    <UnitTest name="BuckScience.Tests.Web.Helpers.WeatherHelpersTests.ConvertMoonPhaseTextToNumeric_ValidText_ReturnsCorrectValue(text: &quot;New Moon&quot;, expected: 0)" storage="/home/runner/work/buckscienceapp/buckscienceapp/tests/buckscience.tests/bin/release/net8.0/buckscience.tests.dll" id="29048f6b-b73b-a720-ef94-9f27a4540f3c">
      <Execution id="7060eb93-aa18-4371-829e-237976626c0f" />
      <TestMethod codeBase="/home/runner/work/BuckScienceApp/BuckScienceApp/tests/BuckScience.Tests/bin/Release/net8.0/BuckScience.Tests.dll" adapterTypeName="executor://xunit/VsTestRunner2/netcoreapp" className="BuckScience.Tests.Web.Helpers.WeatherHelpersTests" name="ConvertMoonPhaseTextToNumeric_ValidText_ReturnsCorrectValue" />
    </UnitTest>
    <UnitTest name="BuckScience.Tests.Web.Helpers.WeatherHelpersTests.StandardWindDirections_Contains16Directions" storage="/home/runner/work/buckscienceapp/buckscienceapp/tests/buckscience.tests/bin/release/net8.0/buckscience.tests.dll" id="11c53883-3d96-0957-d8a1-9dcf44cb5e78">
      <Execution id="98c9acff-e826-4c55-a1e0-9965df8748c6" />
      <TestMethod codeBase="/home/runner/work/BuckScienceApp/BuckScienceApp/tests/BuckScience.Tests/bin/Release/net8.0/BuckScience.Tests.dll" adapterTypeName="executor://xunit/VsTestRunner2/netcoreapp" className="BuckScience.Tests.Web.Helpers.WeatherHelpersTests" name="StandardWindDirections_Contains16Directions" />
    </UnitTest>
    <UnitTest name="BuckScience.Tests.Web.Helpers.WeatherHelpersTests.ConvertWindDirectionTextToNumeric_InvalidText_ReturnsNull(direction: &quot;Northeast&quot;)" storage="/home/runner/work/buckscienceapp/buckscienceapp/tests/buckscience.tests/bin/release/net8.0/buckscience.tests.dll" id="35247ab4-97a5-e557-91c7-742a1f89dba4">
      <Execution id="fe559958-2e73-4d13-b2be-39e822b0a3f5" />
      <TestMethod codeBase="/home/runner/work/BuckScienceApp/BuckScienceApp/tests/BuckScience.Tests/bin/Release/net8.0/BuckScience.Tests.dll" adapterTypeName="executor://xunit/VsTestRunner2/netcoreapp" className="BuckScience.Tests.Web.Helpers.WeatherHelpersTests" name="ConvertWindDirectionTextToNumeric_InvalidText_ReturnsNull" />
    </UnitTest>
    <UnitTest name="BuckScience.Tests.TaggingSystemTests.AssignDefaultTagsToProperty_ShouldAssignOnlyDefaultTags" storage="/home/runner/work/buckscienceapp/buckscienceapp/tests/buckscience.tests/bin/release/net8.0/buckscience.tests.dll" id="d6582cc4-f5d7-7ddd-419a-8856fe5530f3">
      <Execution id="ec27ca54-14a3-487a-87e0-25fbdbc5f8da" />
      <TestMethod codeBase="/home/runner/work/BuckScienceApp/BuckScienceApp/tests/BuckScience.Tests/bin/Release/net8.0/BuckScience.Tests.dll" adapterTypeName="executor://xunit/VsTestRunner2/netcoreapp" className="BuckScience.Tests.TaggingSystemTests" name="AssignDefaultTagsToProperty_ShouldAssignOnlyDefaultTags" />
    </UnitTest>
    <UnitTest name="BuckScience.Tests.TaggingSystemTests.AddTagToPhotos_ShouldNotCreateDuplicates" storage="/home/runner/work/buckscienceapp/buckscienceapp/tests/buckscience.tests/bin/release/net8.0/buckscience.tests.dll" id="994b105a-2d3c-5d2b-62ff-1c998f53f588">
      <Execution id="6f23d8d5-5ae5-49a4-98f5-3431c683fdb6" />
      <TestMethod codeBase="/home/runner/work/BuckScienceApp/BuckScienceApp/tests/BuckScience.Tests/bin/Release/net8.0/BuckScience.Tests.dll" adapterTypeName="executor://xunit/VsTestRunner2/netcoreapp" className="BuckScience.Tests.TaggingSystemTests" name="AddTagToPhotos_ShouldNotCreateDuplicates" />
    </UnitTest>
    <UnitTest name="BuckScience.Tests.PhotoGroupingTests.PropertyPhotosSortBy_ShouldMapCorrectly" storage="/home/runner/work/buckscienceapp/buckscienceapp/tests/buckscience.tests/bin/release/net8.0/buckscience.tests.dll" id="5caf925d-9bc2-c40c-f14f-bb094f78a12c">
      <Execution id="d57c9cf9-e9a5-4f1c-adb7-02cf5699f235" />
      <TestMethod codeBase="/home/runner/work/BuckScienceApp/BuckScienceApp/tests/BuckScience.Tests/bin/Release/net8.0/BuckScience.Tests.dll" adapterTypeName="executor://xunit/VsTestRunner2/netcoreapp" className="BuckScience.Tests.PhotoGroupingTests" name="PropertyPhotosSortBy_ShouldMapCorrectly" />
    </UnitTest>
    <UnitTest name="BuckScience.Tests.Web.Helpers.WeatherHelpersTests.ConvertWindDirectionTextToNumeric_ValidDirections_ReturnsCorrectDegrees(direction: &quot;W&quot;, expected: 270)" storage="/home/runner/work/buckscienceapp/buckscienceapp/tests/buckscience.tests/bin/release/net8.0/buckscience.tests.dll" id="63390816-73a6-312f-e706-2ca3dfa39f0e">
      <Execution id="2c379dfc-c777-4284-bf24-0491e3d03020" />
      <TestMethod codeBase="/home/runner/work/BuckScienceApp/BuckScienceApp/tests/BuckScience.Tests/bin/Release/net8.0/BuckScience.Tests.dll" adapterTypeName="executor://xunit/VsTestRunner2/netcoreapp" className="BuckScience.Tests.Web.Helpers.WeatherHelpersTests" name="ConvertWindDirectionTextToNumeric_ValidDirections_ReturnsCorrectDegrees" />
    </UnitTest>
    <UnitTest name="BuckScience.Tests.Web.Helpers.WeatherHelpersTests.ConvertWindDirectionToText_RoundTrip_MaintainsAccuracy" storage="/home/runner/work/buckscienceapp/buckscienceapp/tests/buckscience.tests/bin/release/net8.0/buckscience.tests.dll" id="f36a8701-085e-04e9-1108-0b102bccb765">
      <Execution id="07b4151d-2cc1-4ac0-9a87-f4c53a91d4cd" />
      <TestMethod codeBase="/home/runner/work/BuckScienceApp/BuckScienceApp/tests/BuckScience.Tests/bin/Release/net8.0/BuckScience.Tests.dll" adapterTypeName="executor://xunit/VsTestRunner2/netcoreapp" className="BuckScience.Tests.Web.Helpers.WeatherHelpersTests" name="ConvertWindDirectionToText_RoundTrip_MaintainsAccuracy" />
    </UnitTest>
    <UnitTest name="BuckScience.Tests.Web.Helpers.WeatherHelpersTests.ConvertWindDirectionTextToNumeric_ValidDirections_ReturnsCorrectDegrees(direction: &quot;NW&quot;, expected: 315)" storage="/home/runner/work/buckscienceapp/buckscienceapp/tests/buckscience.tests/bin/release/net8.0/buckscience.tests.dll" id="7f448030-c6f3-ad7f-1c7b-809f60db9d71">
      <Execution id="e0873ae3-13a4-414d-a6b1-f4bdb76920eb" />
      <TestMethod codeBase="/home/runner/work/BuckScienceApp/BuckScienceApp/tests/BuckScience.Tests/bin/Release/net8.0/BuckScience.Tests.dll" adapterTypeName="executor://xunit/VsTestRunner2/netcoreapp" className="BuckScience.Tests.Web.Helpers.WeatherHelpersTests" name="ConvertWindDirectionTextToNumeric_ValidDirections_ReturnsCorrectDegrees" />
    </UnitTest>
    <UnitTest name="BuckScience.Tests.PhotoFilteringUrlExamples.BuildFilters_UrlParameters_ShouldParseCorrectly(urlParams: &quot;windSpeedMin=5&amp;windSpeedMax=15&quot;, expectedTempMin: null, expectedTempMax: null, expectedWindMin: 5, expectedWindMax: 15)" storage="/home/runner/work/buckscienceapp/buckscienceapp/tests/buckscience.tests/bin/release/net8.0/buckscience.tests.dll" id="0c5da287-efdb-ad86-5a1d-4f909e3eba8c">
      <Execution id="a48180cc-319f-4117-9fa2-4f7e0c59fc8f" />
      <TestMethod codeBase="/home/runner/work/BuckScienceApp/BuckScienceApp/tests/BuckScience.Tests/bin/Release/net8.0/BuckScience.Tests.dll" adapterTypeName="executor://xunit/VsTestRunner2/netcoreapp" className="BuckScience.Tests.PhotoFilteringUrlExamples" name="BuildFilters_UrlParameters_ShouldParseCorrectly" />
    </UnitTest>
    <UnitTest name="BuckScience.Tests.Web.Helpers.WeatherHelpersTests.ConvertWindDirectionToText_VariousAngles_ReturnsCorrectDirection(degrees: 45, expected: &quot;NE&quot;)" storage="/home/runner/work/buckscienceapp/buckscienceapp/tests/buckscience.tests/bin/release/net8.0/buckscience.tests.dll" id="1798213c-35a3-cbbc-3a0a-8843aace427d">
      <Execution id="2da50f73-f4b9-439c-a55f-68670b15e5a9" />
      <TestMethod codeBase="/home/runner/work/BuckScienceApp/BuckScienceApp/tests/BuckScience.Tests/bin/Release/net8.0/BuckScience.Tests.dll" adapterTypeName="executor://xunit/VsTestRunner2/netcoreapp" className="BuckScience.Tests.Web.Helpers.WeatherHelpersTests" name="ConvertWindDirectionToText_VariousAngles_ReturnsCorrectDirection" />
    </UnitTest>
    <UnitTest name="BuckScience.Tests.PhotoFilteringUrlExamples.BuildFilters_CameraParameters_ShouldParseCorrectly(cameras: &quot;1,2,3&quot;, expectedCameras: [1, 2, 3])" storage="/home/runner/work/buckscienceapp/buckscienceapp/tests/buckscience.tests/bin/release/net8.0/buckscience.tests.dll" id="b14ae956-297a-f056-fdd7-ca8f9b76076f">
      <Execution id="6e182664-ad15-426f-a6fd-89cf58d5ec03" />
      <TestMethod codeBase="/home/runner/work/BuckScienceApp/BuckScienceApp/tests/BuckScience.Tests/bin/Release/net8.0/BuckScience.Tests.dll" adapterTypeName="executor://xunit/VsTestRunner2/netcoreapp" className="BuckScience.Tests.PhotoFilteringUrlExamples" name="BuildFilters_CameraParameters_ShouldParseCorrectly" />
    </UnitTest>
    <UnitTest name="BuckScience.Tests.UnitTest1.Test1" storage="/home/runner/work/buckscienceapp/buckscienceapp/tests/buckscience.tests/bin/release/net8.0/buckscience.tests.dll" id="24c340fb-d377-9a86-7f7b-24671f6c604a">
      <Execution id="2d785635-b409-4277-8e1f-11578b24d491" />
      <TestMethod codeBase="/home/runner/work/BuckScienceApp/BuckScienceApp/tests/BuckScience.Tests/bin/Release/net8.0/BuckScience.Tests.dll" adapterTypeName="executor://xunit/VsTestRunner2/netcoreapp" className="BuckScience.Tests.UnitTest1" name="Test1" />
    </UnitTest>
    <UnitTest name="BuckScience.Tests.CameraDetailsVmTests.CameraDetailsVm_ShouldAllowNullModel" storage="/home/runner/work/buckscienceapp/buckscienceapp/tests/buckscience.tests/bin/release/net8.0/buckscience.tests.dll" id="4103318d-2de0-6e72-8544-27607329cbb3">
      <Execution id="2ef09519-803b-4e96-8013-67ca00c9b108" />
      <TestMethod codeBase="/home/runner/work/BuckScienceApp/BuckScienceApp/tests/BuckScience.Tests/bin/Release/net8.0/BuckScience.Tests.dll" adapterTypeName="executor://xunit/VsTestRunner2/netcoreapp" className="BuckScience.Tests.CameraDetailsVmTests" name="CameraDetailsVm_ShouldAllowNullModel" />
    </UnitTest>
    <UnitTest name="BuckScience.Tests.Web.Helpers.WeatherHelpersTests.ConvertMoonPhaseToText_VariousValues_ReturnsCorrectText(phase: 0.25, expected: &quot;First Quarter&quot;)" storage="/home/runner/work/buckscienceapp/buckscienceapp/tests/buckscience.tests/bin/release/net8.0/buckscience.tests.dll" id="639a2f8f-de06-aff0-2654-2e863df98d3d">
      <Execution id="f4091561-5d58-41e0-93cb-d23496ab6212" />
      <TestMethod codeBase="/home/runner/work/BuckScienceApp/BuckScienceApp/tests/BuckScience.Tests/bin/Release/net8.0/BuckScience.Tests.dll" adapterTypeName="executor://xunit/VsTestRunner2/netcoreapp" className="BuckScience.Tests.Web.Helpers.WeatherHelpersTests" name="ConvertMoonPhaseToText_VariousValues_ReturnsCorrectText" />
    </UnitTest>
    <UnitTest name="BuckScience.Tests.PhotoFilteringComprehensiveTests.PhotoFilters_EdgeCases_HandleCorrectly" storage="/home/runner/work/buckscienceapp/buckscienceapp/tests/buckscience.tests/bin/release/net8.0/buckscience.tests.dll" id="878dbf6d-4718-3010-2956-9a909a749d2f">
      <Execution id="e51c0e3a-cf50-4d52-b6b5-ac93b68d03ef" />
      <TestMethod codeBase="/home/runner/work/BuckScienceApp/BuckScienceApp/tests/BuckScience.Tests/bin/Release/net8.0/BuckScience.Tests.dll" adapterTypeName="executor://xunit/VsTestRunner2/netcoreapp" className="BuckScience.Tests.PhotoFilteringComprehensiveTests" name="PhotoFilters_EdgeCases_HandleCorrectly" />
    </UnitTest>
    <UnitTest name="BuckScience.Tests.PhotoFiltersTests.PhotoFilters_HasAnyFilters_ReturnsFalseWhenNoFiltersSet" storage="/home/runner/work/buckscienceapp/buckscienceapp/tests/buckscience.tests/bin/release/net8.0/buckscience.tests.dll" id="8c733a46-a4ea-1620-69ec-bdd69e48dc0b">
      <Execution id="509d07cf-8dca-4d2f-b88c-3fc499d52712" />
      <TestMethod codeBase="/home/runner/work/BuckScienceApp/BuckScienceApp/tests/BuckScience.Tests/bin/Release/net8.0/BuckScience.Tests.dll" adapterTypeName="executor://xunit/VsTestRunner2/netcoreapp" className="BuckScience.Tests.PhotoFiltersTests" name="PhotoFilters_HasAnyFilters_ReturnsFalseWhenNoFiltersSet" />
    </UnitTest>
    <UnitTest name="BuckScience.Tests.TaggingSystemTests.GetOrCreateTag_ShouldThrowException_WhenTagNameIsInvalid(invalidTagName: null)" storage="/home/runner/work/buckscienceapp/buckscienceapp/tests/buckscience.tests/bin/release/net8.0/buckscience.tests.dll" id="1335073e-5183-6141-99f1-caaa61dc86f4">
      <Execution id="22fe3c13-1041-42d3-ab87-963abeda0635" />
      <TestMethod codeBase="/home/runner/work/BuckScienceApp/BuckScienceApp/tests/BuckScience.Tests/bin/Release/net8.0/BuckScience.Tests.dll" adapterTypeName="executor://xunit/VsTestRunner2/netcoreapp" className="BuckScience.Tests.TaggingSystemTests" name="GetOrCreateTag_ShouldThrowException_WhenTagNameIsInvalid" />
    </UnitTest>
    <UnitTest name="BuckScience.Tests.Web.Helpers.WeatherHelpersTests.ConvertWindDirectionTextToNumeric_ValidDirections_ReturnsCorrectDegrees(direction: &quot;NNE&quot;, expected: 22.5)" storage="/home/runner/work/buckscienceapp/buckscienceapp/tests/buckscience.tests/bin/release/net8.0/buckscience.tests.dll" id="1634510e-087e-a71c-61ba-55901a3677cc">
      <Execution id="d093ec2b-ee40-4810-82bf-88f28a98e48f" />
      <TestMethod codeBase="/home/runner/work/BuckScienceApp/BuckScienceApp/tests/BuckScience.Tests/bin/Release/net8.0/BuckScience.Tests.dll" adapterTypeName="executor://xunit/VsTestRunner2/netcoreapp" className="BuckScience.Tests.Web.Helpers.WeatherHelpersTests" name="ConvertWindDirectionTextToNumeric_ValidDirections_ReturnsCorrectDegrees" />
    </UnitTest>
    <UnitTest name="BuckScience.Tests.CameraCreateVmTests.CameraCreateVm_PropertyCoordinates_ShouldBeInitializedToZero" storage="/home/runner/work/buckscienceapp/buckscienceapp/tests/buckscience.tests/bin/release/net8.0/buckscience.tests.dll" id="3b62dc28-12fd-93fe-6512-390293682652">
      <Execution id="e63eb325-0b1f-4858-81b7-026d426e142f" />
      <TestMethod codeBase="/home/runner/work/BuckScienceApp/BuckScienceApp/tests/BuckScience.Tests/bin/Release/net8.0/BuckScience.Tests.dll" adapterTypeName="executor://xunit/VsTestRunner2/netcoreapp" className="BuckScience.Tests.CameraCreateVmTests" name="CameraCreateVm_PropertyCoordinates_ShouldBeInitializedToZero" />
    </UnitTest>
    <UnitTest name="BuckScience.Tests.PhotoFilteringUrlExamples.BuildFilters_CameraParameters_ShouldParseCorrectly(cameras: &quot;5&quot;, expectedCameras: [5])" storage="/home/runner/work/buckscienceapp/buckscienceapp/tests/buckscience.tests/bin/release/net8.0/buckscience.tests.dll" id="9b0dd086-97eb-5a55-6e89-79dde58b1fca">
      <Execution id="fc2a6df2-ed46-422f-b6d6-97944cc200b3" />
      <TestMethod codeBase="/home/runner/work/BuckScienceApp/BuckScienceApp/tests/BuckScience.Tests/bin/Release/net8.0/BuckScience.Tests.dll" adapterTypeName="executor://xunit/VsTestRunner2/netcoreapp" className="BuckScience.Tests.PhotoFilteringUrlExamples" name="BuildFilters_CameraParameters_ShouldParseCorrectly" />
    </UnitTest>
    <UnitTest name="BuckScience.Tests.Web.Helpers.WeatherHelpersTests.ConvertWindDirectionToText_VariousAngles_ReturnsCorrectDirection(degrees: 33.740000000000002, expected: &quot;NNE&quot;)" storage="/home/runner/work/buckscienceapp/buckscienceapp/tests/buckscience.tests/bin/release/net8.0/buckscience.tests.dll" id="9323afa7-c6a5-6a33-bb74-8f4b3b4998d0">
      <Execution id="9d180374-76b0-4dc3-9f85-71df010334f8" />
      <TestMethod codeBase="/home/runner/work/BuckScienceApp/BuckScienceApp/tests/BuckScience.Tests/bin/Release/net8.0/BuckScience.Tests.dll" adapterTypeName="executor://xunit/VsTestRunner2/netcoreapp" className="BuckScience.Tests.Web.Helpers.WeatherHelpersTests" name="ConvertWindDirectionToText_VariousAngles_ReturnsCorrectDirection" />
    </UnitTest>
    <UnitTest name="BuckScience.Tests.PhotoGroupingTests.PhotoGrouping_ShouldGroupByMonthYear" storage="/home/runner/work/buckscienceapp/buckscienceapp/tests/buckscience.tests/bin/release/net8.0/buckscience.tests.dll" id="7d1b1cf4-8561-5b1e-3cb0-e9438583a7c7">
      <Execution id="4729a3b6-a630-4aa3-820c-163e6b0fcfec" />
      <TestMethod codeBase="/home/runner/work/BuckScienceApp/BuckScienceApp/tests/BuckScience.Tests/bin/Release/net8.0/BuckScience.Tests.dll" adapterTypeName="executor://xunit/VsTestRunner2/netcoreapp" className="BuckScience.Tests.PhotoGroupingTests" name="PhotoGrouping_ShouldGroupByMonthYear" />
    </UnitTest>
    <UnitTest name="BuckScience.Tests.Web.Helpers.WeatherHelpersTests.ConvertWindDirectionTextToNumeric_ValidDirections_ReturnsCorrectDegrees(direction: &quot;SSE&quot;, expected: 157.5)" storage="/home/runner/work/buckscienceapp/buckscienceapp/tests/buckscience.tests/bin/release/net8.0/buckscience.tests.dll" id="44213f5c-f4e3-7f19-6a5d-6c4a3c8d0dec">
      <Execution id="3417242b-c91d-4b70-84d0-1eec79025a63" />
      <TestMethod codeBase="/home/runner/work/BuckScienceApp/BuckScienceApp/tests/BuckScience.Tests/bin/Release/net8.0/BuckScience.Tests.dll" adapterTypeName="executor://xunit/VsTestRunner2/netcoreapp" className="BuckScience.Tests.Web.Helpers.WeatherHelpersTests" name="ConvertWindDirectionTextToNumeric_ValidDirections_ReturnsCorrectDegrees" />
    </UnitTest>
    <UnitTest name="BuckScience.Tests.Web.Helpers.WeatherHelpersTests.ConvertWindDirectionToText_VariousAngles_ReturnsCorrectDirection(degrees: 33.75, expected: &quot;NE&quot;)" storage="/home/runner/work/buckscienceapp/buckscienceapp/tests/buckscience.tests/bin/release/net8.0/buckscience.tests.dll" id="2e480f4f-8e65-8226-244e-bc56a9d64e7e">
      <Execution id="2002d7ef-f83a-4a1f-a618-f4b6bdfa830e" />
      <TestMethod codeBase="/home/runner/work/BuckScienceApp/BuckScienceApp/tests/BuckScience.Tests/bin/Release/net8.0/BuckScience.Tests.dll" adapterTypeName="executor://xunit/VsTestRunner2/netcoreapp" className="BuckScience.Tests.Web.Helpers.WeatherHelpersTests" name="ConvertWindDirectionToText_VariousAngles_ReturnsCorrectDirection" />
    </UnitTest>
    <UnitTest name="BuckScience.Tests.TaggingSystemTests.RemoveTagFromPhotos_ShouldRemoveSpecifiedTags" storage="/home/runner/work/buckscienceapp/buckscienceapp/tests/buckscience.tests/bin/release/net8.0/buckscience.tests.dll" id="5d2b9441-7258-8eb0-806c-14775f849641">
      <Execution id="b392782b-330a-4880-b641-4cfdf40913e0" />
      <TestMethod codeBase="/home/runner/work/BuckScienceApp/BuckScienceApp/tests/BuckScience.Tests/bin/Release/net8.0/BuckScience.Tests.dll" adapterTypeName="executor://xunit/VsTestRunner2/netcoreapp" className="BuckScience.Tests.TaggingSystemTests" name="RemoveTagFromPhotos_ShouldRemoveSpecifiedTags" />
    </UnitTest>
    <UnitTest name="BuckScience.Tests.PhotoFiltersTests.PhotoFilters_HasWeatherFilters_ReturnsFalseWhenNoWeatherFiltersSet" storage="/home/runner/work/buckscienceapp/buckscienceapp/tests/buckscience.tests/bin/release/net8.0/buckscience.tests.dll" id="5d43f699-35d1-a4da-58e9-d0a22f0dcdd2">
      <Execution id="2e9b09b7-1307-4d2e-98da-cb81c58da825" />
      <TestMethod codeBase="/home/runner/work/BuckScienceApp/BuckScienceApp/tests/BuckScience.Tests/bin/Release/net8.0/BuckScience.Tests.dll" adapterTypeName="executor://xunit/VsTestRunner2/netcoreapp" className="BuckScience.Tests.PhotoFiltersTests" name="PhotoFilters_HasWeatherFilters_ReturnsFalseWhenNoWeatherFiltersSet" />
    </UnitTest>
    <UnitTest name="BuckScience.Tests.Web.Helpers.WeatherHelpersTests.ConvertMoonPhaseTextToNumeric_InvalidText_ReturnsNull(text: &quot;Unknown&quot;)" storage="/home/runner/work/buckscienceapp/buckscienceapp/tests/buckscience.tests/bin/release/net8.0/buckscience.tests.dll" id="fb896724-2095-3026-71b5-ad9198efd098">
      <Execution id="87ebcb42-d206-409c-80aa-3a0691a2cb4a" />
      <TestMethod codeBase="/home/runner/work/BuckScienceApp/BuckScienceApp/tests/BuckScience.Tests/bin/Release/net8.0/BuckScience.Tests.dll" adapterTypeName="executor://xunit/VsTestRunner2/netcoreapp" className="BuckScience.Tests.Web.Helpers.WeatherHelpersTests" name="ConvertMoonPhaseTextToNumeric_InvalidText_ReturnsNull" />
    </UnitTest>
    <UnitTest name="BuckScience.Tests.PhotoFilteringUrlExamples.BuildFilters_ConditionsParameters_ShouldParseCorrectly(conditions: &quot;Clear,Cloudy&quot;, expectedConditions: [&quot;Clear&quot;, &quot;Cloudy&quot;])" storage="/home/runner/work/buckscienceapp/buckscienceapp/tests/buckscience.tests/bin/release/net8.0/buckscience.tests.dll" id="477057b0-3b6f-36a4-06fc-1b03c23a4da7">
      <Execution id="8c233d9c-ce0c-498c-95ba-db510df03744" />
      <TestMethod codeBase="/home/runner/work/BuckScienceApp/BuckScienceApp/tests/BuckScience.Tests/bin/Release/net8.0/BuckScience.Tests.dll" adapterTypeName="executor://xunit/VsTestRunner2/netcoreapp" className="BuckScience.Tests.PhotoFilteringUrlExamples" name="BuildFilters_ConditionsParameters_ShouldParseCorrectly" />
    </UnitTest>
    <UnitTest name="BuckScience.Tests.PhotoFilteringUrlExamples.BuildFilters_UrlParameters_ShouldParseCorrectly(urlParams: &quot;tempMin=20&quot;, expectedTempMin: 20, expectedTempMax: null, expectedWindMin: null, expectedWindMax: null)" storage="/home/runner/work/buckscienceapp/buckscienceapp/tests/buckscience.tests/bin/release/net8.0/buckscience.tests.dll" id="69b65817-cd82-0a96-5e68-ab587e27eb95">
      <Execution id="8520d398-f7dc-4dbc-80b6-4ce460e9b415" />
      <TestMethod codeBase="/home/runner/work/BuckScienceApp/BuckScienceApp/tests/BuckScience.Tests/bin/Release/net8.0/BuckScience.Tests.dll" adapterTypeName="executor://xunit/VsTestRunner2/netcoreapp" className="BuckScience.Tests.PhotoFilteringUrlExamples" name="BuildFilters_UrlParameters_ShouldParseCorrectly" />
    </UnitTest>
    <UnitTest name="BuckScience.Tests.Web.Helpers.WeatherHelpersTests.ConvertWindDirectionTextToNumeric_InvalidText_ReturnsNull(direction: &quot;&quot;)" storage="/home/runner/work/buckscienceapp/buckscienceapp/tests/buckscience.tests/bin/release/net8.0/buckscience.tests.dll" id="8f75422e-f196-d0f3-b885-da9f9acf8fde">
      <Execution id="c2ef5ec9-c864-4cc4-82bd-1837ca25c01f" />
      <TestMethod codeBase="/home/runner/work/BuckScienceApp/BuckScienceApp/tests/BuckScience.Tests/bin/Release/net8.0/BuckScience.Tests.dll" adapterTypeName="executor://xunit/VsTestRunner2/netcoreapp" className="BuckScience.Tests.Web.Helpers.WeatherHelpersTests" name="ConvertWindDirectionTextToNumeric_InvalidText_ReturnsNull" />
    </UnitTest>
    <UnitTest name="BuckScience.Tests.TaggingRequirementsTests.Requirement2_TagUniqueness_ShouldBeEnforced" storage="/home/runner/work/buckscienceapp/buckscienceapp/tests/buckscience.tests/bin/release/net8.0/buckscience.tests.dll" id="088d383f-5fbc-e375-2326-3e321a2adf4f">
      <Execution id="545a2420-9833-4279-b2f9-9e3efe590a57" />
      <TestMethod codeBase="/home/runner/work/BuckScienceApp/BuckScienceApp/tests/BuckScience.Tests/bin/Release/net8.0/BuckScience.Tests.dll" adapterTypeName="executor://xunit/VsTestRunner2/netcoreapp" className="BuckScience.Tests.TaggingRequirementsTests" name="Requirement2_TagUniqueness_ShouldBeEnforced" />
    </UnitTest>
    <UnitTest name="BuckScience.Tests.TaggingSystemTests.GetOrCreateTag_ShouldThrowException_WhenTagNameIsInvalid(invalidTagName: &quot;   &quot;)" storage="/home/runner/work/buckscienceapp/buckscienceapp/tests/buckscience.tests/bin/release/net8.0/buckscience.tests.dll" id="6219abff-caed-b73f-a3a3-a932c37fd5fb">
      <Execution id="d4ef368e-cf3f-40c4-aa0e-41349a53e6c7" />
      <TestMethod codeBase="/home/runner/work/BuckScienceApp/BuckScienceApp/tests/BuckScience.Tests/bin/Release/net8.0/BuckScience.Tests.dll" adapterTypeName="executor://xunit/VsTestRunner2/netcoreapp" className="BuckScience.Tests.TaggingSystemTests" name="GetOrCreateTag_ShouldThrowException_WhenTagNameIsInvalid" />
    </UnitTest>
    <UnitTest name="BuckScience.Tests.TaggingRequirementsTests.Requirement1_DatabaseSchema_ShouldMeetAllSpecifications" storage="/home/runner/work/buckscienceapp/buckscienceapp/tests/buckscience.tests/bin/release/net8.0/buckscience.tests.dll" id="a7aa3cc0-0ea1-3d0c-3a62-ac5a405bf34e">
      <Execution id="57d591ab-04d8-483b-b17b-19268b6e429d" />
      <TestMethod codeBase="/home/runner/work/BuckScienceApp/BuckScienceApp/tests/BuckScience.Tests/bin/Release/net8.0/BuckScience.Tests.dll" adapterTypeName="executor://xunit/VsTestRunner2/netcoreapp" className="BuckScience.Tests.TaggingRequirementsTests" name="Requirement1_DatabaseSchema_ShouldMeetAllSpecifications" />
    </UnitTest>
    <UnitTest name="BuckScience.Tests.Web.Helpers.WeatherHelpersTests.ConvertMoonPhaseTextToNumeric_ValidText_ReturnsCorrectValue(text: &quot;Full Moon&quot;, expected: 0.5)" storage="/home/runner/work/buckscienceapp/buckscienceapp/tests/buckscience.tests/bin/release/net8.0/buckscience.tests.dll" id="a52561ca-dbe3-d21e-cc1f-fbc0bb577901">
      <Execution id="0cfbc97f-b2db-4a44-9ad5-4aebecc9593f" />
      <TestMethod codeBase="/home/runner/work/BuckScienceApp/BuckScienceApp/tests/BuckScience.Tests/bin/Release/net8.0/BuckScience.Tests.dll" adapterTypeName="executor://xunit/VsTestRunner2/netcoreapp" className="BuckScience.Tests.Web.Helpers.WeatherHelpersTests" name="ConvertMoonPhaseTextToNumeric_ValidText_ReturnsCorrectValue" />
    </UnitTest>
    <UnitTest name="BuckScience.Tests.PhotoFiltersTests.PhotoFilters_HasAnyFilters_ReturnsTrueWhenDateFilterSet" storage="/home/runner/work/buckscienceapp/buckscienceapp/tests/buckscience.tests/bin/release/net8.0/buckscience.tests.dll" id="5281d8e8-e57c-c45e-69f7-66dd4ef8cb7b">
      <Execution id="7bdd9f6b-9cef-42e5-9e75-3ea16bc604de" />
      <TestMethod codeBase="/home/runner/work/BuckScienceApp/BuckScienceApp/tests/BuckScience.Tests/bin/Release/net8.0/BuckScience.Tests.dll" adapterTypeName="executor://xunit/VsTestRunner2/netcoreapp" className="BuckScience.Tests.PhotoFiltersTests" name="PhotoFilters_HasAnyFilters_ReturnsTrueWhenDateFilterSet" />
    </UnitTest>
    <UnitTest name="BuckScience.Tests.PhotoFilteringComprehensiveTests.PropertyPhotosVm_WithoutFilters_CorrectProperties" storage="/home/runner/work/buckscienceapp/buckscienceapp/tests/buckscience.tests/bin/release/net8.0/buckscience.tests.dll" id="d23e84fd-71f4-7bce-d8fe-1741eb8da08e">
      <Execution id="6b6c50a8-2c88-4ef3-a1af-fd5ff2c493bb" />
      <TestMethod codeBase="/home/runner/work/BuckScienceApp/BuckScienceApp/tests/BuckScience.Tests/bin/Release/net8.0/BuckScience.Tests.dll" adapterTypeName="executor://xunit/VsTestRunner2/netcoreapp" className="BuckScience.Tests.PhotoFilteringComprehensiveTests" name="PropertyPhotosVm_WithoutFilters_CorrectProperties" />
    </UnitTest>
    <UnitTest name="BuckScience.Tests.PhotoFiltersTests.PhotoFilters_AllWeatherRangeFiltersWork" storage="/home/runner/work/buckscienceapp/buckscienceapp/tests/buckscience.tests/bin/release/net8.0/buckscience.tests.dll" id="13b70763-63fd-f0df-582a-0fb307fcad59">
      <Execution id="318b2414-9955-4cd0-932b-dffe9d255ce0" />
      <TestMethod codeBase="/home/runner/work/BuckScienceApp/BuckScienceApp/tests/BuckScience.Tests/bin/Release/net8.0/BuckScience.Tests.dll" adapterTypeName="executor://xunit/VsTestRunner2/netcoreapp" className="BuckScience.Tests.PhotoFiltersTests" name="PhotoFilters_AllWeatherRangeFiltersWork" />
    </UnitTest>
    <UnitTest name="BuckScience.Tests.Web.Helpers.WeatherHelpersTests.ConvertMoonPhaseTextToNumeric_ValidText_ReturnsCorrectValue(text: &quot;Waxing Crescent&quot;, expected: 0.125)" storage="/home/runner/work/buckscienceapp/buckscienceapp/tests/buckscience.tests/bin/release/net8.0/buckscience.tests.dll" id="7264d755-3cfa-51c2-00b7-8c3c5d03bdbd">
      <Execution id="e07c2fec-5946-498f-bf3e-1b3368ff58cc" />
      <TestMethod codeBase="/home/runner/work/BuckScienceApp/BuckScienceApp/tests/BuckScience.Tests/bin/Release/net8.0/BuckScience.Tests.dll" adapterTypeName="executor://xunit/VsTestRunner2/netcoreapp" className="BuckScience.Tests.Web.Helpers.WeatherHelpersTests" name="ConvertMoonPhaseTextToNumeric_ValidText_ReturnsCorrectValue" />
    </UnitTest>
    <UnitTest name="BuckScience.Tests.Web.Helpers.WeatherHelpersTests.GetWindDirectionOptions_WithEmptyAvailable_AllUnavailable" storage="/home/runner/work/buckscienceapp/buckscienceapp/tests/buckscience.tests/bin/release/net8.0/buckscience.tests.dll" id="8dc17fe0-66a4-6cf2-3749-0f755c367e4d">
      <Execution id="fe0ff50a-e0e6-4f9f-be4f-1b41a0c43848" />
      <TestMethod codeBase="/home/runner/work/BuckScienceApp/BuckScienceApp/tests/BuckScience.Tests/bin/Release/net8.0/BuckScience.Tests.dll" adapterTypeName="executor://xunit/VsTestRunner2/netcoreapp" className="BuckScience.Tests.Web.Helpers.WeatherHelpersTests" name="GetWindDirectionOptions_WithEmptyAvailable_AllUnavailable" />
    </UnitTest>
    <UnitTest name="BuckScience.Tests.Web.Helpers.WeatherHelpersTests.ConvertMoonPhaseTextToNumeric_ValidText_ReturnsCorrectValue(text: &quot;First Quarter&quot;, expected: 0.25)" storage="/home/runner/work/buckscienceapp/buckscienceapp/tests/buckscience.tests/bin/release/net8.0/buckscience.tests.dll" id="a7640c1c-3e1a-ff5f-a7c8-4da5a8b29af2">
      <Execution id="7356aa45-8729-4772-9f6c-6acb8be2f2cf" />
      <TestMethod codeBase="/home/runner/work/BuckScienceApp/BuckScienceApp/tests/BuckScience.Tests/bin/Release/net8.0/BuckScience.Tests.dll" adapterTypeName="executor://xunit/VsTestRunner2/netcoreapp" className="BuckScience.Tests.Web.Helpers.WeatherHelpersTests" name="ConvertMoonPhaseTextToNumeric_ValidText_ReturnsCorrectValue" />
    </UnitTest>
    <UnitTest name="BuckScience.Tests.PhotoFiltersTests.PhotoFilters_HasWeatherFilters_ReturnsTrueWhenConditionsFilterSet" storage="/home/runner/work/buckscienceapp/buckscienceapp/tests/buckscience.tests/bin/release/net8.0/buckscience.tests.dll" id="877174d0-c487-453a-b8ad-4f52137508be">
      <Execution id="d566edd7-14a1-4010-8921-d6c9f1a32a50" />
      <TestMethod codeBase="/home/runner/work/BuckScienceApp/BuckScienceApp/tests/BuckScience.Tests/bin/Release/net8.0/BuckScience.Tests.dll" adapterTypeName="executor://xunit/VsTestRunner2/netcoreapp" className="BuckScience.Tests.PhotoFiltersTests" name="PhotoFilters_HasWeatherFilters_ReturnsTrueWhenConditionsFilterSet" />
    </UnitTest>
    <UnitTest name="BuckScience.Tests.TaggingRequirementsTests.Requirement2_PhotoTagging_ShouldSupportBulkOperations" storage="/home/runner/work/buckscienceapp/buckscienceapp/tests/buckscience.tests/bin/release/net8.0/buckscience.tests.dll" id="75db6be7-a24b-fda6-3919-e716d174ed3d">
      <Execution id="57582bae-07cb-4d44-add3-efd936009f62" />
      <TestMethod codeBase="/home/runner/work/BuckScienceApp/BuckScienceApp/tests/BuckScience.Tests/bin/Release/net8.0/BuckScience.Tests.dll" adapterTypeName="executor://xunit/VsTestRunner2/netcoreapp" className="BuckScience.Tests.TaggingRequirementsTests" name="Requirement2_PhotoTagging_ShouldSupportBulkOperations" />
    </UnitTest>
    <UnitTest name="BuckScience.Tests.PhotoFilteringUrlExamples.BuildFilters_ConditionsParameters_ShouldParseCorrectly(conditions: &quot;Clear,Partly Cloudy,Overcast&quot;, expectedConditions: [&quot;Clear&quot;, &quot;Partly Cloudy&quot;, &quot;Overcast&quot;])" storage="/home/runner/work/buckscienceapp/buckscienceapp/tests/buckscience.tests/bin/release/net8.0/buckscience.tests.dll" id="73d0473b-eb3b-71b8-da90-00961c42343e">
      <Execution id="a0fece73-f396-4e02-a61e-f238e9c01352" />
      <TestMethod codeBase="/home/runner/work/BuckScienceApp/BuckScienceApp/tests/BuckScience.Tests/bin/Release/net8.0/BuckScience.Tests.dll" adapterTypeName="executor://xunit/VsTestRunner2/netcoreapp" className="BuckScience.Tests.PhotoFilteringUrlExamples" name="BuildFilters_ConditionsParameters_ShouldParseCorrectly" />
    </UnitTest>
    <UnitTest name="BuckScience.Tests.Web.Helpers.WeatherHelpersTests.ConvertWindDirectionTextToNumeric_InvalidText_ReturnsNull(direction: &quot;Invalid&quot;)" storage="/home/runner/work/buckscienceapp/buckscienceapp/tests/buckscience.tests/bin/release/net8.0/buckscience.tests.dll" id="5258a2d0-41cb-c3df-1e8f-eff8f92d5e7f">
      <Execution id="d39fb38f-92e2-4097-8f8e-68ebe1365390" />
      <TestMethod codeBase="/home/runner/work/BuckScienceApp/BuckScienceApp/tests/BuckScience.Tests/bin/Release/net8.0/BuckScience.Tests.dll" adapterTypeName="executor://xunit/VsTestRunner2/netcoreapp" className="BuckScience.Tests.Web.Helpers.WeatherHelpersTests" name="ConvertWindDirectionTextToNumeric_InvalidText_ReturnsNull" />
    </UnitTest>
    <UnitTest name="BuckScience.Tests.PhotoFilteringUrlExamples.BuildFilters_UrlParameters_ShouldParseCorrectly(urlParams: &quot;tempMax=25&quot;, expectedTempMin: null, expectedTempMax: 25, expectedWindMin: null, expectedWindMax: null)" storage="/home/runner/work/buckscienceapp/buckscienceapp/tests/buckscience.tests/bin/release/net8.0/buckscience.tests.dll" id="78fd4f15-08d5-878b-fd2a-dd2d3bcc8384">
      <Execution id="de055d75-5620-4c37-9083-bef32de1ceb3" />
      <TestMethod codeBase="/home/runner/work/BuckScienceApp/BuckScienceApp/tests/BuckScience.Tests/bin/Release/net8.0/BuckScience.Tests.dll" adapterTypeName="executor://xunit/VsTestRunner2/netcoreapp" className="BuckScience.Tests.PhotoFilteringUrlExamples" name="BuildFilters_UrlParameters_ShouldParseCorrectly" />
    </UnitTest>
    <UnitTest name="BuckScience.Tests.PhotoFilteringComprehensiveTests.PropertyPhotosVm_WithFilters_CorrectProperties" storage="/home/runner/work/buckscienceapp/buckscienceapp/tests/buckscience.tests/bin/release/net8.0/buckscience.tests.dll" id="2cc2759a-0e74-d1e3-53c0-3d706804902c">
      <Execution id="6efce0ea-4dbc-447b-bfc7-3de4d9a7ee1d" />
      <TestMethod codeBase="/home/runner/work/BuckScienceApp/BuckScienceApp/tests/BuckScience.Tests/bin/Release/net8.0/BuckScience.Tests.dll" adapterTypeName="executor://xunit/VsTestRunner2/netcoreapp" className="BuckScience.Tests.PhotoFilteringComprehensiveTests" name="PropertyPhotosVm_WithFilters_CorrectProperties" />
    </UnitTest>
    <UnitTest name="BuckScience.Tests.Web.Helpers.WeatherHelpersTests.ConvertWindDirectionTextToNumeric_ValidDirections_ReturnsCorrectDegrees(direction: &quot;N&quot;, expected: 0)" storage="/home/runner/work/buckscienceapp/buckscienceapp/tests/buckscience.tests/bin/release/net8.0/buckscience.tests.dll" id="5c61d628-c74f-c8f0-779e-82c0c2dc77df">
      <Execution id="232400a5-bb2a-4c29-b73c-87b5d301f953" />
      <TestMethod codeBase="/home/runner/work/BuckScienceApp/BuckScienceApp/tests/BuckScience.Tests/bin/Release/net8.0/BuckScience.Tests.dll" adapterTypeName="executor://xunit/VsTestRunner2/netcoreapp" className="BuckScience.Tests.Web.Helpers.WeatherHelpersTests" name="ConvertWindDirectionTextToNumeric_ValidDirections_ReturnsCorrectDegrees" />
    </UnitTest>
    <UnitTest name="BuckScience.Tests.Web.Helpers.WeatherHelpersTests.ConvertMoonPhaseToText_VariousValues_ReturnsCorrectText(phase: 0.10000000000000001, expected: &quot;Waxing Crescent&quot;)" storage="/home/runner/work/buckscienceapp/buckscienceapp/tests/buckscience.tests/bin/release/net8.0/buckscience.tests.dll" id="31c8774a-1539-0a44-3404-de06d646b468">
      <Execution id="9248f1a0-d8b8-4ff5-b3a6-475ea3900fa7" />
      <TestMethod codeBase="/home/runner/work/BuckScienceApp/BuckScienceApp/tests/BuckScience.Tests/bin/Release/net8.0/BuckScience.Tests.dll" adapterTypeName="executor://xunit/VsTestRunner2/netcoreapp" className="BuckScience.Tests.Web.Helpers.WeatherHelpersTests" name="ConvertMoonPhaseToText_VariousValues_ReturnsCorrectText" />
    </UnitTest>
    <UnitTest name="BuckScience.Tests.PhotoFilteringUrlExamples.BuildFilters_UrlParameters_ShouldParseCorrectly(urlParams: &quot;tempMin=10&amp;tempMax=30&quot;, expectedTempMin: 10, expectedTempMax: 30, expectedWindMin: null, expectedWindMax: null)" storage="/home/runner/work/buckscienceapp/buckscienceapp/tests/buckscience.tests/bin/release/net8.0/buckscience.tests.dll" id="ce73eb79-a497-c2a4-9a02-ef4f9a7168c5">
      <Execution id="a9565895-8339-4ce8-952d-682b97e73e2a" />
      <TestMethod codeBase="/home/runner/work/BuckScienceApp/BuckScienceApp/tests/BuckScience.Tests/bin/Release/net8.0/BuckScience.Tests.dll" adapterTypeName="executor://xunit/VsTestRunner2/netcoreapp" className="BuckScience.Tests.PhotoFilteringUrlExamples" name="BuildFilters_UrlParameters_ShouldParseCorrectly" />
    </UnitTest>
    <UnitTest name="BuckScience.Tests.Web.Helpers.WeatherHelpersTests.ConvertWindDirectionToText_VariousAngles_ReturnsCorrectDirection(degrees: 360, expected: &quot;N&quot;)" storage="/home/runner/work/buckscienceapp/buckscienceapp/tests/buckscience.tests/bin/release/net8.0/buckscience.tests.dll" id="396d4f9b-ac51-22fa-04b5-9956711699f1">
      <Execution id="a23d7ba2-5674-4514-84ba-bdb5c2dc3a46" />
      <TestMethod codeBase="/home/runner/work/BuckScienceApp/BuckScienceApp/tests/BuckScience.Tests/bin/Release/net8.0/BuckScience.Tests.dll" adapterTypeName="executor://xunit/VsTestRunner2/netcoreapp" className="BuckScience.Tests.Web.Helpers.WeatherHelpersTests" name="ConvertWindDirectionToText_VariousAngles_ReturnsCorrectDirection" />
    </UnitTest>
    <UnitTest name="BuckScience.Tests.Web.Helpers.WeatherHelpersTests.ConvertWindDirectionTextToNumeric_ValidDirections_ReturnsCorrectDegrees(direction: &quot;E&quot;, expected: 90)" storage="/home/runner/work/buckscienceapp/buckscienceapp/tests/buckscience.tests/bin/release/net8.0/buckscience.tests.dll" id="a4c9dc78-d66c-c69a-90ef-d545d65a1a43">
      <Execution id="7b038071-7321-4a64-a229-f45566d1dbc5" />
      <TestMethod codeBase="/home/runner/work/BuckScienceApp/BuckScienceApp/tests/BuckScience.Tests/bin/Release/net8.0/BuckScience.Tests.dll" adapterTypeName="executor://xunit/VsTestRunner2/netcoreapp" className="BuckScience.Tests.Web.Helpers.WeatherHelpersTests" name="ConvertWindDirectionTextToNumeric_ValidDirections_ReturnsCorrectDegrees" />
    </UnitTest>
    <UnitTest name="BuckScience.Tests.Web.Helpers.WeatherHelpersTests.ConvertWindDirectionTextToNumeric_CaseInsensitive_Works" storage="/home/runner/work/buckscienceapp/buckscienceapp/tests/buckscience.tests/bin/release/net8.0/buckscience.tests.dll" id="57fdcf56-cdf1-9f39-baba-1b1c695971d5">
      <Execution id="6cb21fee-4d3d-42f1-b052-87bc54cab64f" />
      <TestMethod codeBase="/home/runner/work/BuckScienceApp/BuckScienceApp/tests/BuckScience.Tests/bin/Release/net8.0/BuckScience.Tests.dll" adapterTypeName="executor://xunit/VsTestRunner2/netcoreapp" className="BuckScience.Tests.Web.Helpers.WeatherHelpersTests" name="ConvertWindDirectionTextToNumeric_CaseInsensitive_Works" />
    </UnitTest>
    <UnitTest name="BuckScience.Tests.Web.Helpers.WeatherHelpersTests.ConvertWindDirectionToText_VariousAngles_ReturnsCorrectDirection(degrees: 90, expected: &quot;E&quot;)" storage="/home/runner/work/buckscienceapp/buckscienceapp/tests/buckscience.tests/bin/release/net8.0/buckscience.tests.dll" id="282510b6-3046-16e6-500c-da1402387fc9">
      <Execution id="ce1874ca-fbb1-47ca-9acb-3ebbe11789e9" />
      <TestMethod codeBase="/home/runner/work/BuckScienceApp/BuckScienceApp/tests/BuckScience.Tests/bin/Release/net8.0/BuckScience.Tests.dll" adapterTypeName="executor://xunit/VsTestRunner2/netcoreapp" className="BuckScience.Tests.Web.Helpers.WeatherHelpersTests" name="ConvertWindDirectionToText_VariousAngles_ReturnsCorrectDirection" />
    </UnitTest>
    <UnitTest name="BuckScience.Tests.Web.Helpers.WeatherHelpersTests.ConvertWindDirectionTextToNumeric_ValidDirections_ReturnsCorrectDegrees(direction: &quot;SE&quot;, expected: 135)" storage="/home/runner/work/buckscienceapp/buckscienceapp/tests/buckscience.tests/bin/release/net8.0/buckscience.tests.dll" id="c91192db-21fb-4e08-e57b-721298eb140d">
      <Execution id="8e7448f9-47d9-41a4-a626-7014367ef695" />
      <TestMethod codeBase="/home/runner/work/BuckScienceApp/BuckScienceApp/tests/BuckScience.Tests/bin/Release/net8.0/BuckScience.Tests.dll" adapterTypeName="executor://xunit/VsTestRunner2/netcoreapp" className="BuckScience.Tests.Web.Helpers.WeatherHelpersTests" name="ConvertWindDirectionTextToNumeric_ValidDirections_ReturnsCorrectDegrees" />
    </UnitTest>
    <UnitTest name="BuckScience.Tests.Web.Helpers.WeatherHelpersTests.ConvertWindDirectionToText_VariousAngles_ReturnsCorrectDirection(degrees: 0, expected: &quot;N&quot;)" storage="/home/runner/work/buckscienceapp/buckscienceapp/tests/buckscience.tests/bin/release/net8.0/buckscience.tests.dll" id="d158f051-212f-d40f-0819-bf99fbd314c0">
      <Execution id="ba98b4a5-b947-4ba9-9528-7cde4c46646b" />
      <TestMethod codeBase="/home/runner/work/BuckScienceApp/BuckScienceApp/tests/BuckScience.Tests/bin/Release/net8.0/BuckScience.Tests.dll" adapterTypeName="executor://xunit/VsTestRunner2/netcoreapp" className="BuckScience.Tests.Web.Helpers.WeatherHelpersTests" name="ConvertWindDirectionToText_VariousAngles_ReturnsCorrectDirection" />
    </UnitTest>
    <UnitTest name="BuckScience.Tests.PhotoFilteringIntegrationTests.BuildFilters_WithInvalidCameraIds_IgnoresInvalidIds" storage="/home/runner/work/buckscienceapp/buckscienceapp/tests/buckscience.tests/bin/release/net8.0/buckscience.tests.dll" id="22422765-9e0c-6be7-c83c-360c392ca9f5">
      <Execution id="484e987f-861e-40c9-8930-4d5f5f7331c0" />
      <TestMethod codeBase="/home/runner/work/BuckScienceApp/BuckScienceApp/tests/BuckScience.Tests/bin/Release/net8.0/BuckScience.Tests.dll" adapterTypeName="executor://xunit/VsTestRunner2/netcoreapp" className="BuckScience.Tests.PhotoFilteringIntegrationTests" name="BuildFilters_WithInvalidCameraIds_IgnoresInvalidIds" />
    </UnitTest>
    <UnitTest name="BuckScience.Tests.Web.Helpers.WeatherHelpersTests.ConvertMoonPhaseToText_VariousValues_ReturnsCorrectText(phase: 0.5, expected: &quot;Full Moon&quot;)" storage="/home/runner/work/buckscienceapp/buckscienceapp/tests/buckscience.tests/bin/release/net8.0/buckscience.tests.dll" id="8d324366-3662-08e0-9537-a5a51d46bda5">
      <Execution id="a979094e-415a-4cfb-8ffd-a3b45453dfdb" />
      <TestMethod codeBase="/home/runner/work/BuckScienceApp/BuckScienceApp/tests/BuckScience.Tests/bin/Release/net8.0/BuckScience.Tests.dll" adapterTypeName="executor://xunit/VsTestRunner2/netcoreapp" className="BuckScience.Tests.Web.Helpers.WeatherHelpersTests" name="ConvertMoonPhaseToText_VariousValues_ReturnsCorrectText" />
    </UnitTest>
    <UnitTest name="BuckScience.Tests.Web.Helpers.WeatherHelpersTests.ConvertMoonPhaseTextToNumeric_ValidText_ReturnsCorrectValue(text: &quot;Last Quarter&quot;, expected: 0.75)" storage="/home/runner/work/buckscienceapp/buckscienceapp/tests/buckscience.tests/bin/release/net8.0/buckscience.tests.dll" id="2582410d-2726-a653-733b-0912934edde4">
      <Execution id="cce59b2d-902c-4862-b7e9-653fbb9beb07" />
      <TestMethod codeBase="/home/runner/work/BuckScienceApp/BuckScienceApp/tests/BuckScience.Tests/bin/Release/net8.0/BuckScience.Tests.dll" adapterTypeName="executor://xunit/VsTestRunner2/netcoreapp" className="BuckScience.Tests.Web.Helpers.WeatherHelpersTests" name="ConvertMoonPhaseTextToNumeric_ValidText_ReturnsCorrectValue" />
    </UnitTest>
    <UnitTest name="BuckScience.Tests.PhotoFilteringComprehensiveTests.PhotoFiltering_BackwardCompatibility_WithoutFilters" storage="/home/runner/work/buckscienceapp/buckscienceapp/tests/buckscience.tests/bin/release/net8.0/buckscience.tests.dll" id="6e95a11c-ba0a-17a5-b618-642e6194107c">
      <Execution id="160c8dcb-31c9-48ee-9e68-0b1986698b97" />
      <TestMethod codeBase="/home/runner/work/BuckScienceApp/BuckScienceApp/tests/BuckScience.Tests/bin/Release/net8.0/BuckScience.Tests.dll" adapterTypeName="executor://xunit/VsTestRunner2/netcoreapp" className="BuckScience.Tests.PhotoFilteringComprehensiveTests" name="PhotoFiltering_BackwardCompatibility_WithoutFilters" />
    </UnitTest>
    <UnitTest name="BuckScience.Tests.Web.Helpers.WeatherHelpersTests.ConvertWindDirectionToText_VariousAngles_ReturnsCorrectDirection(degrees: 348.75, expected: &quot;N&quot;)" storage="/home/runner/work/buckscienceapp/buckscienceapp/tests/buckscience.tests/bin/release/net8.0/buckscience.tests.dll" id="fa4cc283-dfe0-de36-3d73-29ab1e351353">
      <Execution id="44eba551-cb82-4037-b226-510ebcd1dff0" />
      <TestMethod codeBase="/home/runner/work/BuckScienceApp/BuckScienceApp/tests/BuckScience.Tests/bin/Release/net8.0/BuckScience.Tests.dll" adapterTypeName="executor://xunit/VsTestRunner2/netcoreapp" className="BuckScience.Tests.Web.Helpers.WeatherHelpersTests" name="ConvertWindDirectionToText_VariousAngles_ReturnsCorrectDirection" />
    </UnitTest>
    <UnitTest name="BuckScience.Tests.Web.Helpers.WeatherHelpersTests.ConvertWindDirectionToText_VariousAngles_ReturnsCorrectDirection(degrees: -10, expected: &quot;N&quot;)" storage="/home/runner/work/buckscienceapp/buckscienceapp/tests/buckscience.tests/bin/release/net8.0/buckscience.tests.dll" id="62aa58ea-9077-0f9e-c60d-aafd4a8d0ad6">
      <Execution id="7a9d505e-3df6-46ff-80f3-dd8764e2a3d9" />
      <TestMethod codeBase="/home/runner/work/BuckScienceApp/BuckScienceApp/tests/BuckScience.Tests/bin/Release/net8.0/BuckScience.Tests.dll" adapterTypeName="executor://xunit/VsTestRunner2/netcoreapp" className="BuckScience.Tests.Web.Helpers.WeatherHelpersTests" name="ConvertWindDirectionToText_VariousAngles_ReturnsCorrectDirection" />
    </UnitTest>
    <UnitTest name="BuckScience.Tests.Web.Helpers.WeatherHelpersTests.ConvertMoonPhaseToText_VariousValues_ReturnsCorrectText(phase: 0.02, expected: &quot;New Moon&quot;)" storage="/home/runner/work/buckscienceapp/buckscienceapp/tests/buckscience.tests/bin/release/net8.0/buckscience.tests.dll" id="d7049aa3-0901-3782-ef96-d1caac1bac5e">
      <Execution id="90432609-5d14-474c-a4c8-37a423296a24" />
      <TestMethod codeBase="/home/runner/work/BuckScienceApp/BuckScienceApp/tests/BuckScience.Tests/bin/Release/net8.0/BuckScience.Tests.dll" adapterTypeName="executor://xunit/VsTestRunner2/netcoreapp" className="BuckScience.Tests.Web.Helpers.WeatherHelpersTests" name="ConvertMoonPhaseToText_VariousValues_ReturnsCorrectText" />
    </UnitTest>
    <UnitTest name="BuckScience.Tests.PhotoFilteringIntegrationTests.BuildFilters_WithDateRange_ReturnsFiltersWithDates" storage="/home/runner/work/buckscienceapp/buckscienceapp/tests/buckscience.tests/bin/release/net8.0/buckscience.tests.dll" id="c900e632-ca6a-8d11-765e-c59876f4f7f8">
      <Execution id="8178601c-ba0d-4e4d-a2f4-5e7be699dd85" />
      <TestMethod codeBase="/home/runner/work/BuckScienceApp/BuckScienceApp/tests/BuckScience.Tests/bin/Release/net8.0/BuckScience.Tests.dll" adapterTypeName="executor://xunit/VsTestRunner2/netcoreapp" className="BuckScience.Tests.PhotoFilteringIntegrationTests" name="BuildFilters_WithDateRange_ReturnsFiltersWithDates" />
    </UnitTest>
    <UnitTest name="BuckScience.Tests.Web.Helpers.WeatherHelpersTests.ConvertMoonPhaseToText_VariousValues_ReturnsCorrectText(phase: 0, expected: &quot;New Moon&quot;)" storage="/home/runner/work/buckscienceapp/buckscienceapp/tests/buckscience.tests/bin/release/net8.0/buckscience.tests.dll" id="61590a98-8800-c63c-636c-5d74543a54c1">
      <Execution id="74b7461e-c4bc-4aac-9ee7-8224e13cd4e7" />
      <TestMethod codeBase="/home/runner/work/BuckScienceApp/BuckScienceApp/tests/BuckScience.Tests/bin/Release/net8.0/BuckScience.Tests.dll" adapterTypeName="executor://xunit/VsTestRunner2/netcoreapp" className="BuckScience.Tests.Web.Helpers.WeatherHelpersTests" name="ConvertMoonPhaseToText_VariousValues_ReturnsCorrectText" />
    </UnitTest>
    <UnitTest name="BuckScience.Tests.PhotoFilteringIntegrationTests.BuildFilters_WithNoParameters_ReturnsNull" storage="/home/runner/work/buckscienceapp/buckscienceapp/tests/buckscience.tests/bin/release/net8.0/buckscience.tests.dll" id="697a3a18-bb68-1bc4-ecac-a4680501e02f">
      <Execution id="07cce441-0830-463d-93c2-f302ae4bee0e" />
      <TestMethod codeBase="/home/runner/work/BuckScienceApp/BuckScienceApp/tests/BuckScience.Tests/bin/Release/net8.0/BuckScience.Tests.dll" adapterTypeName="executor://xunit/VsTestRunner2/netcoreapp" className="BuckScience.Tests.PhotoFilteringIntegrationTests" name="BuildFilters_WithNoParameters_ReturnsNull" />
    </UnitTest>
    <UnitTest name="BuckScience.Tests.PhotoFiltersTests.PhotoFilters_HasWeatherFilters_ReturnsTrueWhenTemperatureFilterSet" storage="/home/runner/work/buckscienceapp/buckscienceapp/tests/buckscience.tests/bin/release/net8.0/buckscience.tests.dll" id="ce19e570-cfff-5516-73c5-0c25670038af">
      <Execution id="a945ae99-243c-47e2-87ab-04a8e3480255" />
      <TestMethod codeBase="/home/runner/work/BuckScienceApp/BuckScienceApp/tests/BuckScience.Tests/bin/Release/net8.0/BuckScience.Tests.dll" adapterTypeName="executor://xunit/VsTestRunner2/netcoreapp" className="BuckScience.Tests.PhotoFiltersTests" name="PhotoFilters_HasWeatherFilters_ReturnsTrueWhenTemperatureFilterSet" />
    </UnitTest>
    <UnitTest name="BuckScience.Tests.TaggingRequirementsTests.Requirement2_NewTagCreation_ShouldBeSupported" storage="/home/runner/work/buckscienceapp/buckscienceapp/tests/buckscience.tests/bin/release/net8.0/buckscience.tests.dll" id="ddd7ef0f-f8d8-3f23-14c1-c969cc917d3a">
      <Execution id="f8bcc151-1067-4fec-b714-125e7b330125" />
      <TestMethod codeBase="/home/runner/work/BuckScienceApp/BuckScienceApp/tests/BuckScience.Tests/bin/Release/net8.0/BuckScience.Tests.dll" adapterTypeName="executor://xunit/VsTestRunner2/netcoreapp" className="BuckScience.Tests.TaggingRequirementsTests" name="Requirement2_NewTagCreation_ShouldBeSupported" />
    </UnitTest>
    <UnitTest name="BuckScience.Tests.Web.Helpers.WeatherHelpersTests.ConvertWindDirectionToText_VariousAngles_ReturnsCorrectDirection(degrees: 11.25, expected: &quot;NNE&quot;)" storage="/home/runner/work/buckscienceapp/buckscienceapp/tests/buckscience.tests/bin/release/net8.0/buckscience.tests.dll" id="59d49ae8-fe17-c8a4-30e6-e31bf9671e6d">
      <Execution id="5dfe5493-0ceb-433f-869b-f194d9442646" />
      <TestMethod codeBase="/home/runner/work/BuckScienceApp/BuckScienceApp/tests/BuckScience.Tests/bin/Release/net8.0/BuckScience.Tests.dll" adapterTypeName="executor://xunit/VsTestRunner2/netcoreapp" className="BuckScience.Tests.Web.Helpers.WeatherHelpersTests" name="ConvertWindDirectionToText_VariousAngles_ReturnsCorrectDirection" />
    </UnitTest>
    <UnitTest name="BuckScience.Tests.PhotoFilteringUrlExamples.BuildFilters_CameraParameters_ShouldParseCorrectly(cameras: &quot;1,5,10&quot;, expectedCameras: [1, 5, 10])" storage="/home/runner/work/buckscienceapp/buckscienceapp/tests/buckscience.tests/bin/release/net8.0/buckscience.tests.dll" id="0249bb7c-cd9a-b690-46ba-3252e9d64885">
      <Execution id="e66ca2cf-1be9-4ad8-b93a-a384f9b7d8b7" />
      <TestMethod codeBase="/home/runner/work/BuckScienceApp/BuckScienceApp/tests/BuckScience.Tests/bin/Release/net8.0/BuckScience.Tests.dll" adapterTypeName="executor://xunit/VsTestRunner2/netcoreapp" className="BuckScience.Tests.PhotoFilteringUrlExamples" name="BuildFilters_CameraParameters_ShouldParseCorrectly" />
    </UnitTest>
    <UnitTest name="BuckScience.Tests.PhotoFilteringComprehensiveTests.PhotoFilters_ComplexCombination_AllFilterTypes" storage="/home/runner/work/buckscienceapp/buckscienceapp/tests/buckscience.tests/bin/release/net8.0/buckscience.tests.dll" id="81cae9df-520c-bb72-ca7a-30a828451359">
      <Execution id="8b7ec3a3-b2d8-499d-879d-bc29a44e0fc8" />
      <TestMethod codeBase="/home/runner/work/BuckScienceApp/BuckScienceApp/tests/BuckScience.Tests/bin/Release/net8.0/BuckScience.Tests.dll" adapterTypeName="executor://xunit/VsTestRunner2/netcoreapp" className="BuckScience.Tests.PhotoFilteringComprehensiveTests" name="PhotoFilters_ComplexCombination_AllFilterTypes" />
    </UnitTest>
    <UnitTest name="BuckScience.Tests.Web.Helpers.WeatherHelpersTests.ConvertMoonPhaseTextToNumeric_ValidText_ReturnsCorrectValue(text: &quot;Waxing Gibbous&quot;, expected: 0.375)" storage="/home/runner/work/buckscienceapp/buckscienceapp/tests/buckscience.tests/bin/release/net8.0/buckscience.tests.dll" id="1c0d7c7b-e498-3c7a-c145-fce1f6e14e16">
      <Execution id="4e5ff753-887f-4711-922f-fa93a05d6476" />
      <TestMethod codeBase="/home/runner/work/BuckScienceApp/BuckScienceApp/tests/BuckScience.Tests/bin/Release/net8.0/BuckScience.Tests.dll" adapterTypeName="executor://xunit/VsTestRunner2/netcoreapp" className="BuckScience.Tests.Web.Helpers.WeatherHelpersTests" name="ConvertMoonPhaseTextToNumeric_ValidText_ReturnsCorrectValue" />
    </UnitTest>
    <UnitTest name="BuckScience.Tests.TaggingSystemTests.GetOrCreateTag_ShouldCreateNewTag_WhenTagDoesNotExist" storage="/home/runner/work/buckscienceapp/buckscienceapp/tests/buckscience.tests/bin/release/net8.0/buckscience.tests.dll" id="f691e718-46df-21d8-be15-dfb8d4456f03">
      <Execution id="61563466-ab1e-40d1-854e-94e045be0672" />
      <TestMethod codeBase="/home/runner/work/BuckScienceApp/BuckScienceApp/tests/BuckScience.Tests/bin/Release/net8.0/BuckScience.Tests.dll" adapterTypeName="executor://xunit/VsTestRunner2/netcoreapp" className="BuckScience.Tests.TaggingSystemTests" name="GetOrCreateTag_ShouldCreateNewTag_WhenTagDoesNotExist" />
    </UnitTest>
  </TestDefinitions>
  <TestEntries>
    <TestEntry testId="5d2b9441-7258-8eb0-806c-14775f849641" executionId="b392782b-330a-4880-b641-4cfdf40913e0" testListId="8c84fa94-04c1-424b-9868-57a2d4851a1d" />
    <TestEntry testId="62abf167-66b2-7338-5ead-888596c0fffe" executionId="9e1abaca-92bb-4cb3-9af4-caa72e936a32" testListId="8c84fa94-04c1-424b-9868-57a2d4851a1d" />
    <TestEntry testId="94acb547-5f92-9634-547a-02395bd6053e" executionId="272090c5-3b3a-4208-86c6-490947a77629" testListId="8c84fa94-04c1-424b-9868-57a2d4851a1d" />
    <TestEntry testId="7f448030-c6f3-ad7f-1c7b-809f60db9d71" executionId="e0873ae3-13a4-414d-a6b1-f4bdb76920eb" testListId="8c84fa94-04c1-424b-9868-57a2d4851a1d" />
    <TestEntry testId="5184c208-ba66-a1eb-00ca-490830c3b61a" executionId="6ddde483-d529-4f98-a01f-d72afc1d1e44" testListId="8c84fa94-04c1-424b-9868-57a2d4851a1d" />
    <TestEntry testId="4e6de647-43c0-2d5e-ffcc-d884e859b7df" executionId="2abd035a-9d31-46e9-a667-2bd9c9a9b1c7" testListId="8c84fa94-04c1-424b-9868-57a2d4851a1d" />
    <TestEntry testId="44213f5c-f4e3-7f19-6a5d-6c4a3c8d0dec" executionId="3417242b-c91d-4b70-84d0-1eec79025a63" testListId="8c84fa94-04c1-424b-9868-57a2d4851a1d" />
    <TestEntry testId="a1855258-2f38-7695-fb75-dcfca8f4ee44" executionId="8c43b6e0-35c7-493a-b8e8-d4adc4739d8f" testListId="8c84fa94-04c1-424b-9868-57a2d4851a1d" />
    <TestEntry testId="dd76f619-e962-2008-d0f8-a714bb3f5c46" executionId="b5fef4ef-d144-4ae7-bf2c-5e252856a156" testListId="8c84fa94-04c1-424b-9868-57a2d4851a1d" />
    <TestEntry testId="6c5bb03b-3d70-308f-aed5-443e0f2530e1" executionId="e0f5e90c-49cf-4b1c-a60e-8f63c76392b3" testListId="8c84fa94-04c1-424b-9868-57a2d4851a1d" />
    <TestEntry testId="18fd69b0-d054-4b67-4fab-caa28c12efff" executionId="d47858fe-3f6c-48c7-bed3-4115f91aae77" testListId="8c84fa94-04c1-424b-9868-57a2d4851a1d" />
    <TestEntry testId="9f544328-b14d-2f96-b54b-781ab9cf51e8" executionId="4a475bab-5de4-4337-9997-40dc9b512e68" testListId="8c84fa94-04c1-424b-9868-57a2d4851a1d" />
    <TestEntry testId="a7aa3cc0-0ea1-3d0c-3a62-ac5a405bf34e" executionId="57d591ab-04d8-483b-b17b-19268b6e429d" testListId="8c84fa94-04c1-424b-9868-57a2d4851a1d" />
    <TestEntry testId="1335073e-5183-6141-99f1-caaa61dc86f4" executionId="22fe3c13-1041-42d3-ab87-963abeda0635" testListId="8c84fa94-04c1-424b-9868-57a2d4851a1d" />
    <TestEntry testId="8bb24d97-4056-0aed-e738-d86e9d34f566" executionId="81d9028c-4734-42ac-95f1-0da11b87968b" testListId="8c84fa94-04c1-424b-9868-57a2d4851a1d" />
    <TestEntry testId="75db6be7-a24b-fda6-3919-e716d174ed3d" executionId="57582bae-07cb-4d44-add3-efd936009f62" testListId="8c84fa94-04c1-424b-9868-57a2d4851a1d" />
    <TestEntry testId="e79130f3-839b-5123-ac52-8ca3bb6ef8c5" executionId="c721f877-df75-4a73-b6eb-f237d53aedd2" testListId="8c84fa94-04c1-424b-9868-57a2d4851a1d" />
    <TestEntry testId="78fd4f15-08d5-878b-fd2a-dd2d3bcc8384" executionId="de055d75-5620-4c37-9083-bef32de1ceb3" testListId="8c84fa94-04c1-424b-9868-57a2d4851a1d" />
    <TestEntry testId="22422765-9e0c-6be7-c83c-360c392ca9f5" executionId="484e987f-861e-40c9-8930-4d5f5f7331c0" testListId="8c84fa94-04c1-424b-9868-57a2d4851a1d" />
    <TestEntry testId="c5847a99-4505-c2ed-d54d-fc269a080b27" executionId="de8392af-3424-4676-9a1b-a05c6168f8c3" testListId="8c84fa94-04c1-424b-9868-57a2d4851a1d" />
    <TestEntry testId="d983931e-3379-4c6a-5c76-852ec2540d36" executionId="83ece6c7-6f60-4413-95fa-d9f88f418c9c" testListId="8c84fa94-04c1-424b-9868-57a2d4851a1d" />
    <TestEntry testId="90576d28-8c3e-aa47-8e92-100b02ac5a05" executionId="77905792-b56d-447b-8e32-afa6d0fae8fe" testListId="8c84fa94-04c1-424b-9868-57a2d4851a1d" />
    <TestEntry testId="33aaf4d3-9999-0bc6-ded9-bd2870cebad9" executionId="158d9cd4-a374-4db9-94ca-a76ccbb8c0f5" testListId="8c84fa94-04c1-424b-9868-57a2d4851a1d" />
    <TestEntry testId="f691e718-46df-21d8-be15-dfb8d4456f03" executionId="61563466-ab1e-40d1-854e-94e045be0672" testListId="8c84fa94-04c1-424b-9868-57a2d4851a1d" />
    <TestEntry testId="117d72dd-b186-d8e9-ce14-8d711079c929" executionId="7d7979ab-59ef-4393-becd-3b7e390fe669" testListId="8c84fa94-04c1-424b-9868-57a2d4851a1d" />
    <TestEntry testId="17d2bd4a-a575-7ccc-1676-102dfc4795d6" executionId="af4ea85a-af77-4c26-99c9-c57add8b6fbd" testListId="8c84fa94-04c1-424b-9868-57a2d4851a1d" />
    <TestEntry testId="1798213c-35a3-cbbc-3a0a-8843aace427d" executionId="2da50f73-f4b9-439c-a55f-68670b15e5a9" testListId="8c84fa94-04c1-424b-9868-57a2d4851a1d" />
    <TestEntry testId="46a7f553-bbcf-0c84-0101-71d2924c06c9" executionId="4e8f7c5e-6214-437b-897d-5b237d894ab7" testListId="8c84fa94-04c1-424b-9868-57a2d4851a1d" />
    <TestEntry testId="f2a53262-1031-8641-ce23-2061a5c39410" executionId="d36d33c1-2a53-499a-bc8a-2abffa588a28" testListId="8c84fa94-04c1-424b-9868-57a2d4851a1d" />
    <TestEntry testId="0249bb7c-cd9a-b690-46ba-3252e9d64885" executionId="e66ca2cf-1be9-4ad8-b93a-a384f9b7d8b7" testListId="8c84fa94-04c1-424b-9868-57a2d4851a1d" />
    <TestEntry testId="fb896724-2095-3026-71b5-ad9198efd098" executionId="87ebcb42-d206-409c-80aa-3a0691a2cb4a" testListId="8c84fa94-04c1-424b-9868-57a2d4851a1d" />
    <TestEntry testId="61590a98-8800-c63c-636c-5d74543a54c1" executionId="74b7461e-c4bc-4aac-9ee7-8224e13cd4e7" testListId="8c84fa94-04c1-424b-9868-57a2d4851a1d" />
    <TestEntry testId="ec065801-9998-c7ce-5285-3fe14e38cdac" executionId="778b3670-2ad3-4637-b74f-09d93e184dde" testListId="8c84fa94-04c1-424b-9868-57a2d4851a1d" />
    <TestEntry testId="b1a32a5b-bec7-9c13-ecb5-d09eae519281" executionId="04c8e9fa-78d3-4b94-b8e7-9d9325cab6e9" testListId="8c84fa94-04c1-424b-9868-57a2d4851a1d" />
    <TestEntry testId="310112f5-4d07-717c-55f6-37a269d700ab" executionId="f4b818f8-c251-4bd3-b46b-65f74842fb84" testListId="8c84fa94-04c1-424b-9868-57a2d4851a1d" />
    <TestEntry testId="e294371f-24bd-e5af-41b0-5a6f22f8d71f" executionId="9ff381b6-b666-4a32-8b45-665a6313ce20" testListId="8c84fa94-04c1-424b-9868-57a2d4851a1d" />
    <TestEntry testId="31c8774a-1539-0a44-3404-de06d646b468" executionId="9248f1a0-d8b8-4ff5-b3a6-475ea3900fa7" testListId="8c84fa94-04c1-424b-9868-57a2d4851a1d" />
    <TestEntry testId="9b0dd086-97eb-5a55-6e89-79dde58b1fca" executionId="fc2a6df2-ed46-422f-b6d6-97944cc200b3" testListId="8c84fa94-04c1-424b-9868-57a2d4851a1d" />
    <TestEntry testId="407fdbb6-f29a-a8a2-0277-cd698b7b57a7" executionId="043ac9d1-8fc0-403b-8330-d2459c8b16ee" testListId="8c84fa94-04c1-424b-9868-57a2d4851a1d" />
    <TestEntry testId="b909abe1-3b1d-c0ea-a3f1-0b971399890f" executionId="c7e1e9a3-435c-492b-99b2-f7d6e82192fa" testListId="8c84fa94-04c1-424b-9868-57a2d4851a1d" />
    <TestEntry testId="63390816-73a6-312f-e706-2ca3dfa39f0e" executionId="2c379dfc-c777-4284-bf24-0491e3d03020" testListId="8c84fa94-04c1-424b-9868-57a2d4851a1d" />
    <TestEntry testId="6ddbf3e0-3ece-b657-908f-2948ae07368f" executionId="807d0fc9-57e5-4c5a-bc3e-35fcc36ee027" testListId="8c84fa94-04c1-424b-9868-57a2d4851a1d" />
    <TestEntry testId="f2ce22ba-4e0c-a11c-c657-a799ce863a26" executionId="10378f01-75cd-4dce-9423-be70568a5c04" testListId="8c84fa94-04c1-424b-9868-57a2d4851a1d" />
    <TestEntry testId="b14ae956-297a-f056-fdd7-ca8f9b76076f" executionId="6e182664-ad15-426f-a6fd-89cf58d5ec03" testListId="8c84fa94-04c1-424b-9868-57a2d4851a1d" />
    <TestEntry testId="8dc17fe0-66a4-6cf2-3749-0f755c367e4d" executionId="fe0ff50a-e0e6-4f9f-be4f-1b41a0c43848" testListId="8c84fa94-04c1-424b-9868-57a2d4851a1d" />
    <TestEntry testId="e531c44f-a81a-259c-843c-505a398d8b55" executionId="7cb9adde-55c7-4feb-ba4a-fc929a49dfae" testListId="8c84fa94-04c1-424b-9868-57a2d4851a1d" />
    <TestEntry testId="dfe6a45f-34c2-c767-91dd-1f8de6538cc0" executionId="fd2bde7f-2747-4fd6-a9ac-ec52a15e7ace" testListId="8c84fa94-04c1-424b-9868-57a2d4851a1d" />
    <TestEntry testId="b8a41320-c868-9123-86b4-03e71d0ff6ef" executionId="939b3385-1fad-4a48-bdf9-50fb5081e3fc" testListId="8c84fa94-04c1-424b-9868-57a2d4851a1d" />
    <TestEntry testId="fa20158d-fb5e-8e7a-f1da-aa0a1eb9ba5a" executionId="570f7ff1-b6d6-4427-b419-4c4e46597eaa" testListId="8c84fa94-04c1-424b-9868-57a2d4851a1d" />
    <TestEntry testId="7d1b1cf4-8561-5b1e-3cb0-e9438583a7c7" executionId="4729a3b6-a630-4aa3-820c-163e6b0fcfec" testListId="8c84fa94-04c1-424b-9868-57a2d4851a1d" />
    <TestEntry testId="639a2f8f-de06-aff0-2654-2e863df98d3d" executionId="f4091561-5d58-41e0-93cb-d23496ab6212" testListId="8c84fa94-04c1-424b-9868-57a2d4851a1d" />
    <TestEntry testId="9323afa7-c6a5-6a33-bb74-8f4b3b4998d0" executionId="9d180374-76b0-4dc3-9f85-71df010334f8" testListId="8c84fa94-04c1-424b-9868-57a2d4851a1d" />
    <TestEntry testId="2582410d-2726-a653-733b-0912934edde4" executionId="cce59b2d-902c-4862-b7e9-653fbb9beb07" testListId="8c84fa94-04c1-424b-9868-57a2d4851a1d" />
    <TestEntry testId="65305c54-3e3e-31b1-f5dd-4a4bc66b7c08" executionId="f4131058-5c2d-45b7-a021-35afa4ac400d" testListId="8c84fa94-04c1-424b-9868-57a2d4851a1d" />
    <TestEntry testId="5fc7d131-6de1-7ffe-375b-8ea28a5dbcb8" executionId="c60a6f2c-3b1b-4675-acee-338ed273f75e" testListId="8c84fa94-04c1-424b-9868-57a2d4851a1d" />
    <TestEntry testId="4018bd47-d5cd-e85a-b6de-7760e129dafa" executionId="99e39f79-c3ac-46c0-8c04-14846582eab2" testListId="8c84fa94-04c1-424b-9868-57a2d4851a1d" />
    <TestEntry testId="29048f6b-b73b-a720-ef94-9f27a4540f3c" executionId="7060eb93-aa18-4371-829e-237976626c0f" testListId="8c84fa94-04c1-424b-9868-57a2d4851a1d" />
    <TestEntry testId="62aa58ea-9077-0f9e-c60d-aafd4a8d0ad6" executionId="7a9d505e-3df6-46ff-80f3-dd8764e2a3d9" testListId="8c84fa94-04c1-424b-9868-57a2d4851a1d" />
    <TestEntry testId="24c340fb-d377-9a86-7f7b-24671f6c604a" executionId="2d785635-b409-4277-8e1f-11578b24d491" testListId="8c84fa94-04c1-424b-9868-57a2d4851a1d" />
    <TestEntry testId="2cc2759a-0e74-d1e3-53c0-3d706804902c" executionId="6efce0ea-4dbc-447b-bfc7-3de4d9a7ee1d" testListId="8c84fa94-04c1-424b-9868-57a2d4851a1d" />
    <TestEntry testId="172a47eb-7de7-c6df-b8be-70c0be7e14f7" executionId="17be2fac-36e0-43b6-943e-85475dd52f02" testListId="8c84fa94-04c1-424b-9868-57a2d4851a1d" />
    <TestEntry testId="b96d0d20-292a-e609-b515-79cd877929d7" executionId="4e97f361-541e-47b0-ae4f-686de1e0b499" testListId="8c84fa94-04c1-424b-9868-57a2d4851a1d" />
    <TestEntry testId="d3a4b1bb-6aeb-d30b-4b3c-0f1cdc5eac6e" executionId="a067e105-c847-40a8-96c1-2e838191e705" testListId="8c84fa94-04c1-424b-9868-57a2d4851a1d" />
    <TestEntry testId="6d9ecacc-771f-c0f8-81b8-e7f5f5ecfa5f" executionId="b3bd8105-cc08-41ff-86e8-d26f681288d7" testListId="8c84fa94-04c1-424b-9868-57a2d4851a1d" />
    <TestEntry testId="088d383f-5fbc-e375-2326-3e321a2adf4f" executionId="545a2420-9833-4279-b2f9-9e3efe590a57" testListId="8c84fa94-04c1-424b-9868-57a2d4851a1d" />
    <TestEntry testId="fb8ea106-f542-3a06-bc35-d8f4e171c2a2" executionId="7adf99d7-efa2-4a2d-bff3-fabbacf9909f" testListId="8c84fa94-04c1-424b-9868-57a2d4851a1d" />
    <TestEntry testId="8d324366-3662-08e0-9537-a5a51d46bda5" executionId="a979094e-415a-4cfb-8ffd-a3b45453dfdb" testListId="8c84fa94-04c1-424b-9868-57a2d4851a1d" />
    <TestEntry testId="df8d3f6f-dec6-fe48-30b1-4504bb2aa651" executionId="f706ba3a-3ef7-49f7-b5c2-b8dd53d319cd" testListId="8c84fa94-04c1-424b-9868-57a2d4851a1d" />
    <TestEntry testId="4103318d-2de0-6e72-8544-27607329cbb3" executionId="2ef09519-803b-4e96-8013-67ca00c9b108" testListId="8c84fa94-04c1-424b-9868-57a2d4851a1d" />
    <TestEntry testId="ddd7ef0f-f8d8-3f23-14c1-c969cc917d3a" executionId="f8bcc151-1067-4fec-b714-125e7b330125" testListId="8c84fa94-04c1-424b-9868-57a2d4851a1d" />
    <TestEntry testId="f36a8701-085e-04e9-1108-0b102bccb765" executionId="07b4151d-2cc1-4ac0-9a87-f4c53a91d4cd" testListId="8c84fa94-04c1-424b-9868-57a2d4851a1d" />
    <TestEntry testId="3f4d3f91-09a2-a334-5932-6e78104fd8ba" executionId="63245275-7467-4fd9-8c10-5ff5f049b0e3" testListId="8c84fa94-04c1-424b-9868-57a2d4851a1d" />
    <TestEntry testId="a52561ca-dbe3-d21e-cc1f-fbc0bb577901" executionId="0cfbc97f-b2db-4a44-9ad5-4aebecc9593f" testListId="8c84fa94-04c1-424b-9868-57a2d4851a1d" />
    <TestEntry testId="5c61d628-c74f-c8f0-779e-82c0c2dc77df" executionId="232400a5-bb2a-4c29-b73c-87b5d301f953" testListId="8c84fa94-04c1-424b-9868-57a2d4851a1d" />
    <TestEntry testId="aac2053d-c1f1-3ae9-c811-84c25975dded" executionId="e3b839aa-edf6-45d2-b686-f890445d6456" testListId="8c84fa94-04c1-424b-9868-57a2d4851a1d" />
    <TestEntry testId="73d0473b-eb3b-71b8-da90-00961c42343e" executionId="a0fece73-f396-4e02-a61e-f238e9c01352" testListId="8c84fa94-04c1-424b-9868-57a2d4851a1d" />
    <TestEntry testId="7d4e8658-cb8d-0c66-3167-748289c2e3c6" executionId="7c8c8d99-e0dd-4024-b51d-6ee7cad69840" testListId="8c84fa94-04c1-424b-9868-57a2d4851a1d" />
    <TestEntry testId="c900e632-ca6a-8d11-765e-c59876f4f7f8" executionId="8178601c-ba0d-4e4d-a2f4-5e7be699dd85" testListId="8c84fa94-04c1-424b-9868-57a2d4851a1d" />
    <TestEntry testId="c005721b-05db-8d7a-5eea-e90626721b80" executionId="fa35b55e-92c9-4134-8ca5-27720207a140" testListId="8c84fa94-04c1-424b-9868-57a2d4851a1d" />
    <TestEntry testId="d6582cc4-f5d7-7ddd-419a-8856fe5530f3" executionId="ec27ca54-14a3-487a-87e0-25fbdbc5f8da" testListId="8c84fa94-04c1-424b-9868-57a2d4851a1d" />
    <TestEntry testId="69b65817-cd82-0a96-5e68-ab587e27eb95" executionId="8520d398-f7dc-4dbc-80b6-4ce460e9b415" testListId="8c84fa94-04c1-424b-9868-57a2d4851a1d" />
    <TestEntry testId="2eacfbf3-667b-5a8e-52a0-d9d512e960c7" executionId="c16279e7-76d1-42b5-8cf1-dd77e00f91fa" testListId="8c84fa94-04c1-424b-9868-57a2d4851a1d" />
    <TestEntry testId="188163b5-3a99-e726-205c-6b6fc846baac" executionId="579b64bd-8881-4f25-be27-9218126b0769" testListId="8c84fa94-04c1-424b-9868-57a2d4851a1d" />
    <TestEntry testId="0c5da287-efdb-ad86-5a1d-4f909e3eba8c" executionId="a48180cc-319f-4117-9fa2-4f7e0c59fc8f" testListId="8c84fa94-04c1-424b-9868-57a2d4851a1d" />
    <TestEntry testId="59d49ae8-fe17-c8a4-30e6-e31bf9671e6d" executionId="5dfe5493-0ceb-433f-869b-f194d9442646" testListId="8c84fa94-04c1-424b-9868-57a2d4851a1d" />
    <TestEntry testId="d158f051-212f-d40f-0819-bf99fbd314c0" executionId="ba98b4a5-b947-4ba9-9528-7cde4c46646b" testListId="8c84fa94-04c1-424b-9868-57a2d4851a1d" />
    <TestEntry testId="d7049aa3-0901-3782-ef96-d1caac1bac5e" executionId="90432609-5d14-474c-a4c8-37a423296a24" testListId="8c84fa94-04c1-424b-9868-57a2d4851a1d" />
    <TestEntry testId="1c0d7c7b-e498-3c7a-c145-fce1f6e14e16" executionId="4e5ff753-887f-4711-922f-fa93a05d6476" testListId="8c84fa94-04c1-424b-9868-57a2d4851a1d" />
    <TestEntry testId="d23e84fd-71f4-7bce-d8fe-1741eb8da08e" executionId="6b6c50a8-2c88-4ef3-a1af-fd5ff2c493bb" testListId="8c84fa94-04c1-424b-9868-57a2d4851a1d" />
    <TestEntry testId="ce73eb79-a497-c2a4-9a02-ef4f9a7168c5" executionId="a9565895-8339-4ce8-952d-682b97e73e2a" testListId="8c84fa94-04c1-424b-9868-57a2d4851a1d" />
    <TestEntry testId="226e9057-54c6-53d9-d48c-5a3aaedbb305" executionId="aa775b32-e28e-49cd-8737-5fe5104c10dc" testListId="8c84fa94-04c1-424b-9868-57a2d4851a1d" />
    <TestEntry testId="994b105a-2d3c-5d2b-62ff-1c998f53f588" executionId="6f23d8d5-5ae5-49a4-98f5-3431c683fdb6" testListId="8c84fa94-04c1-424b-9868-57a2d4851a1d" />
    <TestEntry testId="ce19e570-cfff-5516-73c5-0c25670038af" executionId="a945ae99-243c-47e2-87ab-04a8e3480255" testListId="8c84fa94-04c1-424b-9868-57a2d4851a1d" />
    <TestEntry testId="46016c60-0720-f808-02e7-68fa8d4036c4" executionId="91492953-42fe-4f52-a738-0a58aa578ab2" testListId="8c84fa94-04c1-424b-9868-57a2d4851a1d" />
    <TestEntry testId="fa35896d-315e-329a-8dc3-bb5ba3189b52" executionId="27ca5bfb-0f5c-4c17-93e6-5c1fa81d055b" testListId="8c84fa94-04c1-424b-9868-57a2d4851a1d" />
    <TestEntry testId="3b62dc28-12fd-93fe-6512-390293682652" executionId="e63eb325-0b1f-4858-81b7-026d426e142f" testListId="8c84fa94-04c1-424b-9868-57a2d4851a1d" />
    <TestEntry testId="7aa5e31a-c407-5fc0-2788-70d3aa03acd3" executionId="d3206782-76a5-4b86-aa22-bf3285220fc5" testListId="8c84fa94-04c1-424b-9868-57a2d4851a1d" />
    <TestEntry testId="396d4f9b-ac51-22fa-04b5-9956711699f1" executionId="a23d7ba2-5674-4514-84ba-bdb5c2dc3a46" testListId="8c84fa94-04c1-424b-9868-57a2d4851a1d" />
    <TestEntry testId="8c733a46-a4ea-1620-69ec-bdd69e48dc0b" executionId="509d07cf-8dca-4d2f-b88c-3fc499d52712" testListId="8c84fa94-04c1-424b-9868-57a2d4851a1d" />
    <TestEntry testId="b1f41500-5f15-b967-f0a8-55e935ea7819" executionId="2292e7a2-12fb-4fb3-ada1-ddbeb81efe54" testListId="8c84fa94-04c1-424b-9868-57a2d4851a1d" />
    <TestEntry testId="48d95b96-b471-deb8-51bf-62c5a89928a2" executionId="21f3a61b-9ec5-42e4-8f96-ac2dd75c2205" testListId="8c84fa94-04c1-424b-9868-57a2d4851a1d" />
    <TestEntry testId="477057b0-3b6f-36a4-06fc-1b03c23a4da7" executionId="8c233d9c-ce0c-498c-95ba-db510df03744" testListId="8c84fa94-04c1-424b-9868-57a2d4851a1d" />
    <TestEntry testId="7264d755-3cfa-51c2-00b7-8c3c5d03bdbd" executionId="e07c2fec-5946-498f-bf3e-1b3368ff58cc" testListId="8c84fa94-04c1-424b-9868-57a2d4851a1d" />
    <TestEntry testId="2e480f4f-8e65-8226-244e-bc56a9d64e7e" executionId="2002d7ef-f83a-4a1f-a618-f4b6bdfa830e" testListId="8c84fa94-04c1-424b-9868-57a2d4851a1d" />
    <TestEntry testId="8f75422e-f196-d0f3-b885-da9f9acf8fde" executionId="c2ef5ec9-c864-4cc4-82bd-1837ca25c01f" testListId="8c84fa94-04c1-424b-9868-57a2d4851a1d" />
    <TestEntry testId="fa4cc283-dfe0-de36-3d73-29ab1e351353" executionId="44eba551-cb82-4037-b226-510ebcd1dff0" testListId="8c84fa94-04c1-424b-9868-57a2d4851a1d" />
    <TestEntry testId="5281d8e8-e57c-c45e-69f7-66dd4ef8cb7b" executionId="7bdd9f6b-9cef-42e5-9e75-3ea16bc604de" testListId="8c84fa94-04c1-424b-9868-57a2d4851a1d" />
    <TestEntry testId="878dbf6d-4718-3010-2956-9a909a749d2f" executionId="e51c0e3a-cf50-4d52-b6b5-ac93b68d03ef" testListId="8c84fa94-04c1-424b-9868-57a2d4851a1d" />
    <TestEntry testId="c91192db-21fb-4e08-e57b-721298eb140d" executionId="8e7448f9-47d9-41a4-a626-7014367ef695" testListId="8c84fa94-04c1-424b-9868-57a2d4851a1d" />
    <TestEntry testId="6219abff-caed-b73f-a3a3-a932c37fd5fb" executionId="d4ef368e-cf3f-40c4-aa0e-41349a53e6c7" testListId="8c84fa94-04c1-424b-9868-57a2d4851a1d" />
    <TestEntry testId="5a1b2923-7867-c9d7-9184-902164877e6b" executionId="36da6aa5-faca-4d29-90da-ba42356e4776" testListId="8c84fa94-04c1-424b-9868-57a2d4851a1d" />
    <TestEntry testId="9f164cb9-b0ee-2833-0b35-619b21bae903" executionId="82dea79b-0c80-4efb-bce7-56497b48fcd3" testListId="8c84fa94-04c1-424b-9868-57a2d4851a1d" />
    <TestEntry testId="13b70763-63fd-f0df-582a-0fb307fcad59" executionId="318b2414-9955-4cd0-932b-dffe9d255ce0" testListId="8c84fa94-04c1-424b-9868-57a2d4851a1d" />
    <TestEntry testId="78d335ed-d8a0-4e68-1b07-0e64ec6fcf01" executionId="6c2968bb-74e0-4de4-901b-2fc5f7d8be96" testListId="8c84fa94-04c1-424b-9868-57a2d4851a1d" />
    <TestEntry testId="a7640c1c-3e1a-ff5f-a7c8-4da5a8b29af2" executionId="7356aa45-8729-4772-9f6c-6acb8be2f2cf" testListId="8c84fa94-04c1-424b-9868-57a2d4851a1d" />
    <TestEntry testId="81cae9df-520c-bb72-ca7a-30a828451359" executionId="8b7ec3a3-b2d8-499d-879d-bc29a44e0fc8" testListId="8c84fa94-04c1-424b-9868-57a2d4851a1d" />
    <TestEntry testId="282510b6-3046-16e6-500c-da1402387fc9" executionId="ce1874ca-fbb1-47ca-9acb-3ebbe11789e9" testListId="8c84fa94-04c1-424b-9868-57a2d4851a1d" />
    <TestEntry testId="22d4e883-d516-a3c1-91a6-c6ccca686050" executionId="9d65870e-fe3d-4ea1-adce-b4d495e41ea1" testListId="8c84fa94-04c1-424b-9868-57a2d4851a1d" />
    <TestEntry testId="11c53883-3d96-0957-d8a1-9dcf44cb5e78" executionId="98c9acff-e826-4c55-a1e0-9965df8748c6" testListId="8c84fa94-04c1-424b-9868-57a2d4851a1d" />
    <TestEntry testId="877174d0-c487-453a-b8ad-4f52137508be" executionId="d566edd7-14a1-4010-8921-d6c9f1a32a50" testListId="8c84fa94-04c1-424b-9868-57a2d4851a1d" />
    <TestEntry testId="3f5baae7-b2ef-0a09-bc51-f8b04a3acced" executionId="5fd2ce2c-5d16-4995-9dfc-b7cb82af7c8f" testListId="8c84fa94-04c1-424b-9868-57a2d4851a1d" />
    <TestEntry testId="57fdcf56-cdf1-9f39-baba-1b1c695971d5" executionId="6cb21fee-4d3d-42f1-b052-87bc54cab64f" testListId="8c84fa94-04c1-424b-9868-57a2d4851a1d" />
    <TestEntry testId="6e95a11c-ba0a-17a5-b618-642e6194107c" executionId="160c8dcb-31c9-48ee-9e68-0b1986698b97" testListId="8c84fa94-04c1-424b-9868-57a2d4851a1d" />
    <TestEntry testId="9cd7f192-bb9b-abd8-007d-2585a8ffb5e9" executionId="98ce016f-4dfd-4242-a684-4381076217cf" testListId="8c84fa94-04c1-424b-9868-57a2d4851a1d" />
    <TestEntry testId="80f7e275-5c62-bf32-953c-a522d71f0911" executionId="39e91329-eb79-42f9-81a6-fb3f06ced21d" testListId="8c84fa94-04c1-424b-9868-57a2d4851a1d" />
    <TestEntry testId="f4c9aa46-811a-389b-d744-72a428dee7d2" executionId="371a4b72-4d53-4a7c-81c5-74093d8d5e9b" testListId="8c84fa94-04c1-424b-9868-57a2d4851a1d" />
    <TestEntry testId="5258a2d0-41cb-c3df-1e8f-eff8f92d5e7f" executionId="d39fb38f-92e2-4097-8f8e-68ebe1365390" testListId="8c84fa94-04c1-424b-9868-57a2d4851a1d" />
    <TestEntry testId="61de09e0-94b0-9094-bdcf-74e56c5800ed" executionId="3eb4ff13-4da8-4a10-a085-56b0999378ce" testListId="8c84fa94-04c1-424b-9868-57a2d4851a1d" />
    <TestEntry testId="5caf925d-9bc2-c40c-f14f-bb094f78a12c" executionId="d57c9cf9-e9a5-4f1c-adb7-02cf5699f235" testListId="8c84fa94-04c1-424b-9868-57a2d4851a1d" />
    <TestEntry testId="697a3a18-bb68-1bc4-ecac-a4680501e02f" executionId="07cce441-0830-463d-93c2-f302ae4bee0e" testListId="8c84fa94-04c1-424b-9868-57a2d4851a1d" />
    <TestEntry testId="1634510e-087e-a71c-61ba-55901a3677cc" executionId="d093ec2b-ee40-4810-82bf-88f28a98e48f" testListId="8c84fa94-04c1-424b-9868-57a2d4851a1d" />
    <TestEntry testId="35d57337-18a5-4629-635a-b25a895ec8a2" executionId="84104901-33c8-45bb-99e5-59f2180abcd4" testListId="8c84fa94-04c1-424b-9868-57a2d4851a1d" />
    <TestEntry testId="ec7cd5e3-a82c-cf66-66cc-45c1ba395a3e" executionId="31c932ea-e316-4922-803b-fd861e936aa4" testListId="8c84fa94-04c1-424b-9868-57a2d4851a1d" />
    <TestEntry testId="35247ab4-97a5-e557-91c7-742a1f89dba4" executionId="fe559958-2e73-4d13-b2be-39e822b0a3f5" testListId="8c84fa94-04c1-424b-9868-57a2d4851a1d" />
    <TestEntry testId="a4c9dc78-d66c-c69a-90ef-d545d65a1a43" executionId="7b038071-7321-4a64-a229-f45566d1dbc5" testListId="8c84fa94-04c1-424b-9868-57a2d4851a1d" />
    <TestEntry testId="dab68c95-06ed-1b25-9b7e-b55b2972fccc" executionId="42541f8d-fa33-470f-b23a-62ed8736038e" testListId="8c84fa94-04c1-424b-9868-57a2d4851a1d" />
    <TestEntry testId="5d43f699-35d1-a4da-58e9-d0a22f0dcdd2" executionId="2e9b09b7-1307-4d2e-98da-cb81c58da825" testListId="8c84fa94-04c1-424b-9868-57a2d4851a1d" />
    <TestEntry testId="22960b58-9cb3-5bbf-01a8-8b59f0364e15" executionId="90054604-b04f-42fc-ae2e-582db036e4ed" testListId="8c84fa94-04c1-424b-9868-57a2d4851a1d" />
  </TestEntries>
  <TestLists>
    <TestList name="Results Not in a List" id="8c84fa94-04c1-424b-9868-57a2d4851a1d" />
    <TestList name="All Loaded Results" id="19431567-8539-422a-85d7-44ee4e166bda" />
  </TestLists>
  <ResultSummary outcome="Completed">
    <Counters total="138" executed="138" passed="138" failed="0" error="0" timeout="0" aborted="0" inconclusive="0" passedButRunAborted="0" notRunnable="0" notExecuted="0" disconnected="0" warning="0" completed="0" inProgress="0" pending="0" />
    <Output>
      <StdOut>[xUnit.net 00:00:00.00] xUnit.net VSTest Adapter v2.4.5+1caef2f33e (64-bit .NET 8.0.19)
[xUnit.net 00:00:07.83]   Discovering: BuckScience.Tests
[xUnit.net 00:00:07.91]   Discovered:  BuckScience.Tests
[xUnit.net 00:00:07.91]   Starting:    BuckScience.Tests
[xUnit.net 00:00:09.10]   Finished:    BuckScience.Tests
</StdOut>
    </Output>
  </ResultSummary>
</TestRun>