<?xml version="1.0" encoding="utf-8"?>
<TestRun id="a98a5f8f-c665-4182-814d-8b4e7d978609" name="@runnervmf4ws1 2025-09-10 18:11:40" xmlns="http://microsoft.com/schemas/VisualStudio/TeamTest/2010">
  <Times creation="2025-09-10T18:11:40.2976494+00:00" queuing="2025-09-10T18:11:40.2976495+00:00" start="2025-09-10T18:11:36.8731362+00:00" finish="2025-09-10T18:11:40.3111188+00:00" />
  <TestSettings name="default" id="56e2e39a-6e02-4d77-b160-d22c49528a6f">
    <Deployment runDeploymentRoot="_runnervmf4ws1_2025-09-10_18_11_40" />
  </TestSettings>
  <Results>
    <UnitTestResult executionId="e3c6eba5-5b86-47ff-ae46-8d7a1cdff251" testId="7acc5254-e1e8-fc5e-ffbb-a06142942287" testName="BuckScience.Tests.Application.FeatureWeights.UpdateFeatureWeightsTests.UpdateFeatureWeights_OnlyUpdatesSeasonalWeights_SetsOnlyThatAsCustom" computerName="runnervmf4ws1" duration="00:00:00.0560518" startTime="2025-09-10T18:11:40.1470386+00:00" endTime="2025-09-10T18:11:40.1470387+00:00" testType="13cdc9d9-ddb5-4fa4-a97d-d965ccfc6d4b" outcome="Passed" testListId="8c84fa94-04c1-424b-9868-57a2d4851a1d" relativeResultsDirectory="e3c6eba5-5b86-47ff-ae46-8d7a1cdff251" />
    <UnitTestResult executionId="a5d57e98-2462-44d6-9fe5-821e57ee41b2" testId="d9e9dfd4-db91-4986-9bbe-4cae120c9790" testName="BuckScience.Tests.Application.FeatureWeights.UpdateFeatureWeightsTests.UpdateFeatureWeights_MultipleUpdates_SetsEachCorrectly" computerName="runnervmf4ws1" duration="00:00:01.0722208" startTime="2025-09-10T18:11:40.0982395+00:00" endTime="2025-09-10T18:11:40.0982840+00:00" testType="13cdc9d9-ddb5-4fa4-a97d-d965ccfc6d4b" outcome="Failed" testListId="8c84fa94-04c1-424b-9868-57a2d4851a1d" relativeResultsDirectory="a5d57e98-2462-44d6-9fe5-821e57ee41b2">
      <Output>
        <ErrorInfo>
          <Message>Assert.True() Failure
Expected: True
Actual:   False</Message>
          <StackTrace>   at BuckScience.Tests.Application.FeatureWeights.UpdateFeatureWeightsTests.UpdateFeatureWeights_MultipleUpdates_SetsEachCorrectly() in /home/runner/work/BuckScienceApp/BuckScienceApp/tests/BuckScience.Tests/Application/FeatureWeights/UpdateFeatureWeightsTests.cs:line 244
--- End of stack trace from previous location ---</StackTrace>
        </ErrorInfo>
      </Output>
    </UnitTestResult>
    <UnitTestResult executionId="82892511-b7b9-4c50-ae17-55e6f1eb425b" testId="2c3f2f16-fb94-3325-49ee-53aa9585411a" testName="BuckScience.Tests.Application.FeatureWeights.UpdateFeatureWeightsTests.UpdateFeatureWeights_OnlyUpdatesSpecificWeight_SetsOnlyThatAsCustom" computerName="runnervmf4ws1" duration="00:00:00.0158923" startTime="2025-09-10T18:11:40.1645006+00:00" endTime="2025-09-10T18:11:40.1645007+00:00" testType="13cdc9d9-ddb5-4fa4-a97d-d965ccfc6d4b" outcome="Failed" testListId="8c84fa94-04c1-424b-9868-57a2d4851a1d" relativeResultsDirectory="82892511-b7b9-4c50-ae17-55e6f1eb425b">
      <Output>
        <ErrorInfo>
          <Message>Assert.True() Failure
Expected: True
Actual:   False</Message>
          <StackTrace>   at BuckScience.Tests.Application.FeatureWeights.UpdateFeatureWeightsTests.UpdateFeatureWeights_OnlyUpdatesSpecificWeight_SetsOnlyThatAsCustom() in /home/runner/work/BuckScienceApp/BuckScienceApp/tests/BuckScience.Tests/Application/FeatureWeights/UpdateFeatureWeightsTests.cs:line 102
--- End of stack trace from previous location ---</StackTrace>
        </ErrorInfo>
      </Output>
    </UnitTestResult>
  </Results>
  <TestDefinitions>
    <UnitTest name="BuckScience.Tests.Application.FeatureWeights.UpdateFeatureWeightsTests.UpdateFeatureWeights_OnlyUpdatesSeasonalWeights_SetsOnlyThatAsCustom" storage="/home/runner/work/buckscienceapp/buckscienceapp/tests/buckscience.tests/bin/debug/net8.0/buckscience.tests.dll" id="7acc5254-e1e8-fc5e-ffbb-a06142942287">
      <Execution id="e3c6eba5-5b86-47ff-ae46-8d7a1cdff251" />
      <TestMethod codeBase="/home/runner/work/BuckScienceApp/BuckScienceApp/tests/BuckScience.Tests/bin/Debug/net8.0/BuckScience.Tests.dll" adapterTypeName="executor://xunit/VsTestRunner2/netcoreapp" className="BuckScience.Tests.Application.FeatureWeights.UpdateFeatureWeightsTests" name="UpdateFeatureWeights_OnlyUpdatesSeasonalWeights_SetsOnlyThatAsCustom" />
    </UnitTest>
    <UnitTest name="BuckScience.Tests.Application.FeatureWeights.UpdateFeatureWeightsTests.UpdateFeatureWeights_OnlyUpdatesSpecificWeight_SetsOnlyThatAsCustom" storage="/home/runner/work/buckscienceapp/buckscienceapp/tests/buckscience.tests/bin/debug/net8.0/buckscience.tests.dll" id="2c3f2f16-fb94-3325-49ee-53aa9585411a">
      <Execution id="82892511-b7b9-4c50-ae17-55e6f1eb425b" />
      <TestMethod codeBase="/home/runner/work/BuckScienceApp/BuckScienceApp/tests/BuckScience.Tests/bin/Debug/net8.0/BuckScience.Tests.dll" adapterTypeName="executor://xunit/VsTestRunner2/netcoreapp" className="BuckScience.Tests.Application.FeatureWeights.UpdateFeatureWeightsTests" name="UpdateFeatureWeights_OnlyUpdatesSpecificWeight_SetsOnlyThatAsCustom" />
    </UnitTest>
    <UnitTest name="BuckScience.Tests.Application.FeatureWeights.UpdateFeatureWeightsTests.UpdateFeatureWeights_MultipleUpdates_SetsEachCorrectly" storage="/home/runner/work/buckscienceapp/buckscienceapp/tests/buckscience.tests/bin/debug/net8.0/buckscience.tests.dll" id="d9e9dfd4-db91-4986-9bbe-4cae120c9790">
      <Execution id="a5d57e98-2462-44d6-9fe5-821e57ee41b2" />
      <TestMethod codeBase="/home/runner/work/BuckScienceApp/BuckScienceApp/tests/BuckScience.Tests/bin/Debug/net8.0/BuckScience.Tests.dll" adapterTypeName="executor://xunit/VsTestRunner2/netcoreapp" className="BuckScience.Tests.Application.FeatureWeights.UpdateFeatureWeightsTests" name="UpdateFeatureWeights_MultipleUpdates_SetsEachCorrectly" />
    </UnitTest>
  </TestDefinitions>
  <TestEntries>
    <TestEntry testId="7acc5254-e1e8-fc5e-ffbb-a06142942287" executionId="e3c6eba5-5b86-47ff-ae46-8d7a1cdff251" testListId="8c84fa94-04c1-424b-9868-57a2d4851a1d" />
    <TestEntry testId="d9e9dfd4-db91-4986-9bbe-4cae120c9790" executionId="a5d57e98-2462-44d6-9fe5-821e57ee41b2" testListId="8c84fa94-04c1-424b-9868-57a2d4851a1d" />
    <TestEntry testId="2c3f2f16-fb94-3325-49ee-53aa9585411a" executionId="82892511-b7b9-4c50-ae17-55e6f1eb425b" testListId="8c84fa94-04c1-424b-9868-57a2d4851a1d" />
  </TestEntries>
  <TestLists>
    <TestList name="Results Not in a List" id="8c84fa94-04c1-424b-9868-57a2d4851a1d" />
    <TestList name="All Loaded Results" id="19431567-8539-422a-85d7-44ee4e166bda" />
  </TestLists>
  <ResultSummary outcome="Failed">
    <Counters total="3" executed="3" passed="1" failed="2" error="0" timeout="0" aborted="0" inconclusive="0" passedButRunAborted="0" notRunnable="0" notExecuted="0" disconnected="0" warning="0" completed="0" inProgress="0" pending="0" />
    <Output>
      <StdOut>[xUnit.net 00:00:00.00] xUnit.net VSTest Adapter v2.4.5+1caef2f33e (64-bit .NET 8.0.19)
[xUnit.net 00:00:01.25]   Discovering: BuckScience.Tests
[xUnit.net 00:00:01.37]   Discovered:  BuckScience.Tests
[xUnit.net 00:00:01.37]   Starting:    BuckScience.Tests
[xUnit.net 00:00:02.52]       Assert.True() Failure
[xUnit.net 00:00:02.52]       Expected: True
[xUnit.net 00:00:02.52]       Actual:   False
[xUnit.net 00:00:02.52]       Stack Trace:
[xUnit.net 00:00:02.52]         /home/runner/work/BuckScienceApp/BuckScienceApp/tests/BuckScience.Tests/Application/FeatureWeights/UpdateFeatureWeightsTests.cs(244,0): at BuckScience.Tests.Application.FeatureWeights.UpdateFeatureWeightsTests.UpdateFeatureWeights_MultipleUpdates_SetsEachCorrectly()
[xUnit.net 00:00:02.52]         --- End of stack trace from previous location ---
[xUnit.net 00:00:02.58]       Assert.True() Failure
[xUnit.net 00:00:02.58]       Expected: True
[xUnit.net 00:00:02.58]       Actual:   False
[xUnit.net 00:00:02.58]       Stack Trace:
[xUnit.net 00:00:02.59]         /home/runner/work/BuckScienceApp/BuckScienceApp/tests/BuckScience.Tests/Application/FeatureWeights/UpdateFeatureWeightsTests.cs(102,0): at BuckScience.Tests.Application.FeatureWeights.UpdateFeatureWeightsTests.UpdateFeatureWeights_OnlyUpdatesSpecificWeight_SetsOnlyThatAsCustom()
[xUnit.net 00:00:02.59]         --- End of stack trace from previous location ---
[xUnit.net 00:00:02.59]   Finished:    BuckScience.Tests
</StdOut>
    </Output>
    <RunInfos>
      <RunInfo computerName="runnervmf4ws1" outcome="Error" timestamp="2025-09-10T18:11:40.0943384+00:00">
        <Text>[xUnit.net 00:00:02.51]     BuckScience.Tests.Application.FeatureWeights.UpdateFeatureWeightsTests.UpdateFeatureWeights_MultipleUpdates_SetsEachCorrectly [FAIL]</Text>
      </RunInfo>
      <RunInfo computerName="runnervmf4ws1" outcome="Error" timestamp="2025-09-10T18:11:40.1630908+00:00">
        <Text>[xUnit.net 00:00:02.58]     BuckScience.Tests.Application.FeatureWeights.UpdateFeatureWeightsTests.UpdateFeatureWeights_OnlyUpdatesSpecificWeight_SetsOnlyThatAsCustom [FAIL]</Text>
      </RunInfo>
    </RunInfos>
  </ResultSummary>
</TestRun>