<?xml version="1.0" encoding="utf-8"?>
<TestRun id="b1c38788-f510-4940-bbae-553d34a08d58" name="@runnervmf4ws1 2025-09-10 18:10:03" xmlns="http://microsoft.com/schemas/VisualStudio/TeamTest/2010">
  <Times creation="2025-09-10T18:10:03.6401228+00:00" queuing="2025-09-10T18:10:03.6401230+00:00" start="2025-09-10T18:09:54.4230182+00:00" finish="2025-09-10T18:10:05.0529811+00:00" />
  <TestSettings name="default" id="33d211d4-7845-4d13-8e05-c62cc02a4f19">
    <Deployment runDeploymentRoot="_runnervmf4ws1_2025-09-10_18_10_03" />
  </TestSettings>
  <Results>
    <UnitTestResult executionId="615629b0-cf14-49b1-bbc9-9f0accf85f90" testId="226e9057-54c6-53d9-d48c-5a3aaedbb305" testName="BuckScience.Tests.Web.Helpers.WeatherHelpersTests.ConvertWindDirectionTextToNumeric_ValidDirections_ReturnsCorrectDegrees(direction: &quot;ENE&quot;, expected: 67.5)" computerName="runnervmf4ws1" duration="00:00:00.0000083" startTime="2025-09-10T18:10:03.6338454+00:00" endTime="2025-09-10T18:10:03.6338455+00:00" testType="13cdc9d9-ddb5-4fa4-a97d-d965ccfc6d4b" outcome="Passed" testListId="8c84fa94-04c1-424b-9868-57a2d4851a1d" relativeResultsDirectory="615629b0-cf14-49b1-bbc9-9f0accf85f90" />
    <UnitTestResult executionId="7b75d18f-4935-4883-9282-e0c20329982f" testId="5a1b2923-7867-c9d7-9184-902164877e6b" testName="BuckScience.Tests.WeatherBatchProcessingTests.WeatherBatchProcessing_ShouldMinimizeApiCalls" computerName="runnervmf4ws1" duration="00:00:00.0033980" startTime="2025-09-10T18:10:04.8910828+00:00" endTime="2025-09-10T18:10:04.8910830+00:00" testType="13cdc9d9-ddb5-4fa4-a97d-d965ccfc6d4b" outcome="Passed" testListId="8c84fa94-04c1-424b-9868-57a2d4851a1d" relativeResultsDirectory="7b75d18f-4935-4883-9282-e0c20329982f" />
    <UnitTestResult executionId="8fbe25e0-9398-47c2-a693-277fe0c20602" testId="8c733a46-a4ea-1620-69ec-bdd69e48dc0b" testName="BuckScience.Tests.PhotoFiltersTests.PhotoFilters_HasAnyFilters_ReturnsFalseWhenNoFiltersSet" computerName="runnervmf4ws1" duration="00:00:00.0005911" startTime="2025-09-10T18:10:03.5895089+00:00" endTime="2025-09-10T18:10:03.5895090+00:00" testType="13cdc9d9-ddb5-4fa4-a97d-d965ccfc6d4b" outcome="Passed" testListId="8c84fa94-04c1-424b-9868-57a2d4851a1d" relativeResultsDirectory="8fbe25e0-9398-47c2-a693-277fe0c20602" />
    <UnitTestResult executionId="7c95849c-fad7-4467-9cc2-a01e6450e568" testId="994b105a-2d3c-5d2b-62ff-1c998f53f588" testName="BuckScience.Tests.TaggingSystemTests.AddTagToPhotos_ShouldNotCreateDuplicates" computerName="runnervmf4ws1" duration="00:00:00.0152277" startTime="2025-09-10T18:10:04.6843360+00:00" endTime="2025-09-10T18:10:04.6843361+00:00" testType="13cdc9d9-ddb5-4fa4-a97d-d965ccfc6d4b" outcome="Passed" testListId="8c84fa94-04c1-424b-9868-57a2d4851a1d" relativeResultsDirectory="7c95849c-fad7-4467-9cc2-a01e6450e568" />
    <UnitTestResult executionId="989b7ac8-bf06-4fb3-8512-5a1654fb415c" testId="73d0473b-eb3b-71b8-da90-00961c42343e" testName="BuckScience.Tests.PhotoFilteringUrlExamples.BuildFilters_ConditionsParameters_ShouldParseCorrectly(conditions: &quot;Clear,Partly Cloudy,Overcast&quot;, expectedConditions: [&quot;Clear&quot;, &quot;Partly Cloudy&quot;, &quot;Overcast&quot;])" computerName="runnervmf4ws1" duration="00:00:00.0002277" startTime="2025-09-10T18:10:04.6951276+00:00" endTime="2025-09-10T18:10:04.6951277+00:00" testType="13cdc9d9-ddb5-4fa4-a97d-d965ccfc6d4b" outcome="Passed" testListId="8c84fa94-04c1-424b-9868-57a2d4851a1d" relativeResultsDirectory="989b7ac8-bf06-4fb3-8512-5a1654fb415c" />
    <UnitTestResult executionId="7caf470e-fb25-4659-a00e-79da520ceb9a" testId="a1855258-2f38-7695-fb75-dcfca8f4ee44" testName="BuckScience.Tests.PhotoFilteringIntegrationTests.BuildFilters_WithTemperatureRange_ReturnsFiltersWithTemperature" computerName="runnervmf4ws1" duration="00:00:00.0004040" startTime="2025-09-10T18:10:04.7024708+00:00" endTime="2025-09-10T18:10:04.7024709+00:00" testType="13cdc9d9-ddb5-4fa4-a97d-d965ccfc6d4b" outcome="Passed" testListId="8c84fa94-04c1-424b-9868-57a2d4851a1d" relativeResultsDirectory="7caf470e-fb25-4659-a00e-79da520ceb9a" />
    <UnitTestResult executionId="0dfd8077-d7b4-4006-b2da-cdbe560ec45d" testId="531c078f-331c-97b0-43b5-206453bfc074" testName="BuckScience.Tests.Domain.FeatureWeightTests.FeatureWeightHelper_GetDisplayName_ReturnsReadableNames" computerName="runnervmf4ws1" duration="00:00:00.0004952" startTime="2025-09-10T18:10:04.8603622+00:00" endTime="2025-09-10T18:10:04.8603622+00:00" testType="13cdc9d9-ddb5-4fa4-a97d-d965ccfc6d4b" outcome="Passed" testListId="8c84fa94-04c1-424b-9868-57a2d4851a1d" relativeResultsDirectory="0dfd8077-d7b4-4006-b2da-cdbe560ec45d" />
    <UnitTestResult executionId="841e99ec-7247-4932-bc82-937a1ac989cc" testId="ce7424f3-8800-2916-ce22-d9c4a6a2d917" testName="BuckScience.Tests.CameraPlacementHistoryTests.CameraPlacementHistory_EndPlacement_ShouldSetEndDateTime" computerName="runnervmf4ws1" duration="00:00:00.0002675" startTime="2025-09-10T18:10:04.8829921+00:00" endTime="2025-09-10T18:10:04.8829922+00:00" testType="13cdc9d9-ddb5-4fa4-a97d-d965ccfc6d4b" outcome="Passed" testListId="8c84fa94-04c1-424b-9868-57a2d4851a1d" relativeResultsDirectory="841e99ec-7247-4932-bc82-937a1ac989cc" />
    <UnitTestResult executionId="aa46a2ea-80d8-4dd2-8efd-964d6ea1016e" testId="28faaf32-b614-3b46-c8af-acfb48482d8d" testName="BuckScience.Tests.FeatureHelperTests.GetCategory_ShouldReturnCorrectCategoryForBeddingResources" computerName="runnervmf4ws1" duration="00:00:00.0001587" startTime="2025-09-10T18:10:03.6199379+00:00" endTime="2025-09-10T18:10:03.6199380+00:00" testType="13cdc9d9-ddb5-4fa4-a97d-d965ccfc6d4b" outcome="Passed" testListId="8c84fa94-04c1-424b-9868-57a2d4851a1d" relativeResultsDirectory="aa46a2ea-80d8-4dd2-8efd-964d6ea1016e" />
    <UnitTestResult executionId="61503a91-766b-4ca0-a342-90da0aa8f9cc" testId="305d09f5-4e54-c015-79c0-ffb75c48bf18" testName="BuckScience.Tests.Domain.SeasonExtensionsTests.GetDefaultMonths_PostRut_ReturnsCorrectMonths" computerName="runnervmf4ws1" duration="00:00:00.0120224" startTime="2025-09-10T18:10:03.5892044+00:00" endTime="2025-09-10T18:10:03.5892044+00:00" testType="13cdc9d9-ddb5-4fa4-a97d-d965ccfc6d4b" outcome="Passed" testListId="8c84fa94-04c1-424b-9868-57a2d4851a1d" relativeResultsDirectory="61503a91-766b-4ca0-a342-90da0aa8f9cc" />
    <UnitTestResult executionId="2f5ea31c-e7c0-47b4-98b4-8e1dae308091" testId="5586d107-f84a-20c0-07c2-a380e15c327c" testName="BuckScience.Tests.Domain.FeatureWeightTests.FeatureWeight_NullSeasonalWeights_ReturnsNullFromGetter" computerName="runnervmf4ws1" duration="00:00:00.0001526" startTime="2025-09-10T18:10:04.8765062+00:00" endTime="2025-09-10T18:10:04.8765062+00:00" testType="13cdc9d9-ddb5-4fa4-a97d-d965ccfc6d4b" outcome="Passed" testListId="8c84fa94-04c1-424b-9868-57a2d4851a1d" relativeResultsDirectory="2f5ea31c-e7c0-47b4-98b4-8e1dae308091" />
    <UnitTestResult executionId="05e12647-ed6e-4be7-b68a-9b099ab23241" testId="1393749b-9888-f339-bbe0-fe7c36d53117" testName="BuckScience.Tests.FeatureHelperTests.GetFeatureIcon_ShouldReturnCorrectIcons" computerName="runnervmf4ws1" duration="00:00:00.0003114" startTime="2025-09-10T18:10:03.6200554+00:00" endTime="2025-09-10T18:10:03.6200555+00:00" testType="13cdc9d9-ddb5-4fa4-a97d-d965ccfc6d4b" outcome="Passed" testListId="8c84fa94-04c1-424b-9868-57a2d4851a1d" relativeResultsDirectory="05e12647-ed6e-4be7-b68a-9b099ab23241" />
    <UnitTestResult executionId="f8d71ce2-9570-479a-8ddc-410957c71695" testId="5258a2d0-41cb-c3df-1e8f-eff8f92d5e7f" testName="BuckScience.Tests.Web.Helpers.WeatherHelpersTests.ConvertWindDirectionTextToNumeric_InvalidText_ReturnsNull(direction: &quot;Invalid&quot;)" computerName="runnervmf4ws1" duration="00:00:00.0000344" startTime="2025-09-10T18:10:03.6289395+00:00" endTime="2025-09-10T18:10:03.6289396+00:00" testType="13cdc9d9-ddb5-4fa4-a97d-d965ccfc6d4b" outcome="Passed" testListId="8c84fa94-04c1-424b-9868-57a2d4851a1d" relativeResultsDirectory="f8d71ce2-9570-479a-8ddc-410957c71695" />
    <UnitTestResult executionId="ec7e1060-dd87-4798-85be-eac1c99aa330" testId="1798213c-35a3-cbbc-3a0a-8843aace427d" testName="BuckScience.Tests.Web.Helpers.WeatherHelpersTests.ConvertWindDirectionToText_VariousAngles_ReturnsCorrectDirection(degrees: 45, expected: &quot;NE&quot;)" computerName="runnervmf4ws1" duration="00:00:00.0000056" startTime="2025-09-10T18:10:03.6334907+00:00" endTime="2025-09-10T18:10:03.6334907+00:00" testType="13cdc9d9-ddb5-4fa4-a97d-d965ccfc6d4b" outcome="Passed" testListId="8c84fa94-04c1-424b-9868-57a2d4851a1d" relativeResultsDirectory="ec7e1060-dd87-4798-85be-eac1c99aa330" />
    <UnitTestResult executionId="458d0cd5-901b-4393-b9fc-1b985d5a4abd" testId="f2c9e096-86d1-9457-0421-5a040989da55" testName="BuckScience.Tests.PhotoUploadIntegrationTests.PhotoUpload_WithoutCameraPlacement_ShouldHaveNullPlacementHistory" computerName="runnervmf4ws1" duration="00:00:00.0033445" startTime="2025-09-10T18:10:03.6274759+00:00" endTime="2025-09-10T18:10:03.6274760+00:00" testType="13cdc9d9-ddb5-4fa4-a97d-d965ccfc6d4b" outcome="Passed" testListId="8c84fa94-04c1-424b-9868-57a2d4851a1d" relativeResultsDirectory="458d0cd5-901b-4393-b9fc-1b985d5a4abd" />
    <UnitTestResult executionId="b7a1e323-8224-4dc1-960e-166d95f84e21" testId="62aa58ea-9077-0f9e-c60d-aafd4a8d0ad6" testName="BuckScience.Tests.Web.Helpers.WeatherHelpersTests.ConvertWindDirectionToText_VariousAngles_ReturnsCorrectDirection(degrees: -10, expected: &quot;N&quot;)" computerName="runnervmf4ws1" duration="00:00:00.0000041" startTime="2025-09-10T18:10:03.6333650+00:00" endTime="2025-09-10T18:10:03.6333651+00:00" testType="13cdc9d9-ddb5-4fa4-a97d-d965ccfc6d4b" outcome="Passed" testListId="8c84fa94-04c1-424b-9868-57a2d4851a1d" relativeResultsDirectory="b7a1e323-8224-4dc1-960e-166d95f84e21" />
    <UnitTestResult executionId="e4135b56-bb75-45a2-8809-b93b5592d3be" testId="e6b5dbec-3ede-e88e-98ad-309ef50c1b15" testName="BuckScience.Tests.FeatureHelperTests.CategoryMapping_ShouldContainAllClassificationTypes" computerName="runnervmf4ws1" duration="00:00:00.0003541" startTime="2025-09-10T18:10:03.6187635+00:00" endTime="2025-09-10T18:10:03.6187636+00:00" testType="13cdc9d9-ddb5-4fa4-a97d-d965ccfc6d4b" outcome="Passed" testListId="8c84fa94-04c1-424b-9868-57a2d4851a1d" relativeResultsDirectory="e4135b56-bb75-45a2-8809-b93b5592d3be" />
    <UnitTestResult executionId="36ce91b9-6744-42fa-bb54-0ad70f669801" testId="9cd7f192-bb9b-abd8-007d-2585a8ffb5e9" testName="BuckScience.Tests.PhotoFilteringUrlExamples.PhotoFiltering_RealWorldScenario_TempAndCameraFilter" computerName="runnervmf4ws1" duration="00:00:00.0027811" startTime="2025-09-10T18:10:04.6967304+00:00" endTime="2025-09-10T18:10:04.6967305+00:00" testType="13cdc9d9-ddb5-4fa4-a97d-d965ccfc6d4b" outcome="Passed" testListId="8c84fa94-04c1-424b-9868-57a2d4851a1d" relativeResultsDirectory="36ce91b9-6744-42fa-bb54-0ad70f669801" />
    <UnitTestResult executionId="f9812be7-281b-4f4a-8a2a-f4abdedc915a" testId="2e93bee1-fb36-0850-7490-5577524da5c2" testName="BuckScience.Tests.Domain.PropertySeasonMonthsOverrideTests.PropertySeasonMonthsOverride_Constructor_WithInvalidMonths_ThrowsArgumentOutOfRangeException(invalidMonths: [0])" computerName="runnervmf4ws1" duration="00:00:00.0000663" startTime="2025-09-10T18:10:03.8243105+00:00" endTime="2025-09-10T18:10:03.8243106+00:00" testType="13cdc9d9-ddb5-4fa4-a97d-d965ccfc6d4b" outcome="Passed" testListId="8c84fa94-04c1-424b-9868-57a2d4851a1d" relativeResultsDirectory="f9812be7-281b-4f4a-8a2a-f4abdedc915a" />
    <UnitTestResult executionId="751c0ffe-3f10-4e8d-86fd-2c41501d5abb" testId="117d72dd-b186-d8e9-ce14-8d711079c929" testName="BuckScience.Tests.Web.Helpers.WeatherHelpersTests.ConvertWindDirectionTextToNumeric_ValidDirections_ReturnsCorrectDegrees(direction: &quot;WSW&quot;, expected: 247.5)" computerName="runnervmf4ws1" duration="00:00:00.0000077" startTime="2025-09-10T18:10:03.6345706+00:00" endTime="2025-09-10T18:10:03.6345707+00:00" testType="13cdc9d9-ddb5-4fa4-a97d-d965ccfc6d4b" outcome="Passed" testListId="8c84fa94-04c1-424b-9868-57a2d4851a1d" relativeResultsDirectory="751c0ffe-3f10-4e8d-86fd-2c41501d5abb" />
    <UnitTestResult executionId="5972ec40-cf51-4d25-b692-ba3745c9d536" testId="d10743fd-41b6-9a87-757a-05484dce75fb" testName="BuckScience.Tests.TagCleanupTests.RemoveTagFromPhotos_ShouldCleanupPropertyTag_WhenNoOtherPhotosOnPropertyUseTag" computerName="runnervmf4ws1" duration="00:00:00.0431955" startTime="2025-09-10T18:10:04.8946991+00:00" endTime="2025-09-10T18:10:04.8946992+00:00" testType="13cdc9d9-ddb5-4fa4-a97d-d965ccfc6d4b" outcome="Passed" testListId="8c84fa94-04c1-424b-9868-57a2d4851a1d" relativeResultsDirectory="5972ec40-cf51-4d25-b692-ba3745c9d536" />
    <UnitTestResult executionId="4fabea3b-4dbf-4ca4-83f9-6b54186cc865" testId="c91192db-21fb-4e08-e57b-721298eb140d" testName="BuckScience.Tests.Web.Helpers.WeatherHelpersTests.ConvertWindDirectionTextToNumeric_ValidDirections_ReturnsCorrectDegrees(direction: &quot;SE&quot;, expected: 135)" computerName="runnervmf4ws1" duration="00:00:00.0000049" startTime="2025-09-10T18:10:03.6348644+00:00" endTime="2025-09-10T18:10:03.6348644+00:00" testType="13cdc9d9-ddb5-4fa4-a97d-d965ccfc6d4b" outcome="Passed" testListId="8c84fa94-04c1-424b-9868-57a2d4851a1d" relativeResultsDirectory="4fabea3b-4dbf-4ca4-83f9-6b54186cc865" />
    <UnitTestResult executionId="230883db-25f0-4c4c-a0dd-fce1ef53361e" testId="407fdbb6-f29a-a8a2-0277-cd698b7b57a7" testName="BuckScience.Tests.PhotoFilteringIntegrationTests.BuildFilters_WithConditions_ReturnsFiltersWithConditions" computerName="runnervmf4ws1" duration="00:00:00.0006607" startTime="2025-09-10T18:10:04.7051611+00:00" endTime="2025-09-10T18:10:04.7051612+00:00" testType="13cdc9d9-ddb5-4fa4-a97d-d965ccfc6d4b" outcome="Passed" testListId="8c84fa94-04c1-424b-9868-57a2d4851a1d" relativeResultsDirectory="230883db-25f0-4c4c-a0dd-fce1ef53361e" />
    <UnitTestResult executionId="8b8a2f2c-de26-499d-b184-f71381db356e" testId="1da9127c-d651-72aa-5a84-7cfe9f562b5c" testName="BuckScience.Tests.Domain.PropertySeasonMonthsOverrideTests.PropertySeasonMonthsOverride_Constructor_WithInvalidPropertyId_ThrowsArgumentOutOfRangeException(invalidPropertyId: -100)" computerName="runnervmf4ws1" duration="00:00:00.0002645" startTime="2025-09-10T18:10:03.7372705+00:00" endTime="2025-09-10T18:10:03.7372706+00:00" testType="13cdc9d9-ddb5-4fa4-a97d-d965ccfc6d4b" outcome="Passed" testListId="8c84fa94-04c1-424b-9868-57a2d4851a1d" relativeResultsDirectory="8b8a2f2c-de26-499d-b184-f71381db356e" />
    <UnitTestResult executionId="2b72e618-1da2-4533-a037-8bc7016ea4c1" testId="7d1b1cf4-8561-5b1e-3cb0-e9438583a7c7" testName="BuckScience.Tests.PhotoGroupingTests.PhotoGrouping_ShouldGroupByMonthYear" computerName="runnervmf4ws1" duration="00:00:00.0007835" startTime="2025-09-10T18:10:03.6160552+00:00" endTime="2025-09-10T18:10:03.6160552+00:00" testType="13cdc9d9-ddb5-4fa4-a97d-d965ccfc6d4b" outcome="Passed" testListId="8c84fa94-04c1-424b-9868-57a2d4851a1d" relativeResultsDirectory="2b72e618-1da2-4533-a037-8bc7016ea4c1" />
    <UnitTestResult executionId="6aad4091-8c55-4f61-9ead-051a8ea0b2d3" testId="1d7b16e9-5047-ebb1-e4a1-207c49ea6bcd" testName="BuckScience.Tests.Domain.PropertyFeatureTests.Constructor_WithInvalidWeight_ThrowsArgumentOutOfRangeException(weight: 2)" computerName="runnervmf4ws1" duration="00:00:00.0006762" startTime="2025-09-10T18:10:04.7104094+00:00" endTime="2025-09-10T18:10:04.7104095+00:00" testType="13cdc9d9-ddb5-4fa4-a97d-d965ccfc6d4b" outcome="Passed" testListId="8c84fa94-04c1-424b-9868-57a2d4851a1d" relativeResultsDirectory="6aad4091-8c55-4f61-9ead-051a8ea0b2d3" />
    <UnitTestResult executionId="3f4c15da-a6ae-4067-b870-87cc53f95f71" testId="9b597749-8f28-5ece-3f0e-b5bb4e23820c" testName="BuckScience.Tests.FeatureHelperTests.FeatureIcons_ShouldContainAllClassificationTypes" computerName="runnervmf4ws1" duration="00:00:00.0003405" startTime="2025-09-10T18:10:03.6198766+00:00" endTime="2025-09-10T18:10:03.6198766+00:00" testType="13cdc9d9-ddb5-4fa4-a97d-d965ccfc6d4b" outcome="Passed" testListId="8c84fa94-04c1-424b-9868-57a2d4851a1d" relativeResultsDirectory="3f4c15da-a6ae-4067-b870-87cc53f95f71" />
    <UnitTestResult executionId="07308f0d-1a7d-4d07-9e9d-b8f2b86adefd" testId="310112f5-4d07-717c-55f6-37a269d700ab" testName="BuckScience.Tests.Web.Helpers.WeatherHelpersTests.ConvertWindDirectionToText_VariousAngles_ReturnsCorrectDirection(degrees: 315, expected: &quot;NW&quot;)" computerName="runnervmf4ws1" duration="00:00:00.0000041" startTime="2025-09-10T18:10:03.6316078+00:00" endTime="2025-09-10T18:10:03.6316079+00:00" testType="13cdc9d9-ddb5-4fa4-a97d-d965ccfc6d4b" outcome="Passed" testListId="8c84fa94-04c1-424b-9868-57a2d4851a1d" relativeResultsDirectory="07308f0d-1a7d-4d07-9e9d-b8f2b86adefd" />
    <UnitTestResult executionId="bb526717-f071-4a8d-b9e4-30dd02687417" testId="5184c208-ba66-a1eb-00ca-490830c3b61a" testName="BuckScience.Tests.Web.Helpers.WeatherHelpersTests.ConvertWindDirectionToText_VariousAngles_ReturnsCorrectDirection(degrees: 225, expected: &quot;SW&quot;)" computerName="runnervmf4ws1" duration="00:00:00.0000029" startTime="2025-09-10T18:10:03.6326846+00:00" endTime="2025-09-10T18:10:03.6326847+00:00" testType="13cdc9d9-ddb5-4fa4-a97d-d965ccfc6d4b" outcome="Passed" testListId="8c84fa94-04c1-424b-9868-57a2d4851a1d" relativeResultsDirectory="bb526717-f071-4a8d-b9e4-30dd02687417" />
    <UnitTestResult executionId="740d1720-4807-43d2-939d-99e117025a29" testId="e6069ec8-dd96-68b5-2039-b29d0b89d8eb" testName="BuckScience.Tests.Domain.PropertyFeatureTests.UpdateWeight_WithInvalidWeight_ThrowsArgumentOutOfRangeException(weight: 1.5)" computerName="runnervmf4ws1" duration="00:00:00.0003694" startTime="2025-09-10T18:10:04.7091240+00:00" endTime="2025-09-10T18:10:04.7091242+00:00" testType="13cdc9d9-ddb5-4fa4-a97d-d965ccfc6d4b" outcome="Passed" testListId="8c84fa94-04c1-424b-9868-57a2d4851a1d" relativeResultsDirectory="740d1720-4807-43d2-939d-99e117025a29" />
    <UnitTestResult executionId="f6693d25-d937-4d9c-938b-1ce395dceffe" testId="64fa6710-678a-0a23-7d5a-26a655d565e8" testName="BuckScience.Tests.PhotoFilteringIntegrationTests.BuildFilters_WithCameraPlacementHistoryIds_ReturnsFiltersWithPlacementHistories" computerName="runnervmf4ws1" duration="00:00:00.0029525" startTime="2025-09-10T18:10:04.7011522+00:00" endTime="2025-09-10T18:10:04.7011523+00:00" testType="13cdc9d9-ddb5-4fa4-a97d-d965ccfc6d4b" outcome="Passed" testListId="8c84fa94-04c1-424b-9868-57a2d4851a1d" relativeResultsDirectory="f6693d25-d937-4d9c-938b-1ce395dceffe" />
    <UnitTestResult executionId="5f88ba88-780c-4a30-8678-d7747f6070d4" testId="35d57337-18a5-4629-635a-b25a895ec8a2" testName="BuckScience.Tests.PhotoGroupingTests.CameraPhotoGrouping_ShouldGroupByMonthYear_Ascending" computerName="runnervmf4ws1" duration="00:00:00.0180104" startTime="2025-09-10T18:10:03.6148371+00:00" endTime="2025-09-10T18:10:03.6148371+00:00" testType="13cdc9d9-ddb5-4fa4-a97d-d965ccfc6d4b" outcome="Passed" testListId="8c84fa94-04c1-424b-9868-57a2d4851a1d" relativeResultsDirectory="5f88ba88-780c-4a30-8678-d7747f6070d4" />
    <UnitTestResult executionId="4ccb8712-6656-49d9-b60f-9e1fb79017f5" testId="7af06183-9c70-25ca-b4dd-507d650d671c" testName="BuckScience.Tests.Application.SeasonMonthMappingServiceTests.SeasonMonthMappingService_CanBeInstantiated_WithValidDbContext" computerName="runnervmf4ws1" duration="00:00:00.0806436" startTime="2025-09-10T18:10:03.6871790+00:00" endTime="2025-09-10T18:10:03.6871792+00:00" testType="13cdc9d9-ddb5-4fa4-a97d-d965ccfc6d4b" outcome="Passed" testListId="8c84fa94-04c1-424b-9868-57a2d4851a1d" relativeResultsDirectory="4ccb8712-6656-49d9-b60f-9e1fb79017f5" />
    <UnitTestResult executionId="4ac65dd8-150d-47c5-ae92-6cebc035af14" testId="6a32519d-0b48-1a74-f23b-101b1449f4f4" testName="BuckScience.Tests.Domain.PropertyFeatureTests.SetWeight_WithNull_SetsWeightToNull" computerName="runnervmf4ws1" duration="00:00:00.0002006" startTime="2025-09-10T18:10:04.7122747+00:00" endTime="2025-09-10T18:10:04.7122748+00:00" testType="13cdc9d9-ddb5-4fa4-a97d-d965ccfc6d4b" outcome="Passed" testListId="8c84fa94-04c1-424b-9868-57a2d4851a1d" relativeResultsDirectory="4ac65dd8-150d-47c5-ae92-6cebc035af14" />
    <UnitTestResult executionId="f5e24abb-6930-4de1-8ed1-2af5a0e2815e" testId="b14ae956-297a-f056-fdd7-ca8f9b76076f" testName="BuckScience.Tests.PhotoFilteringUrlExamples.BuildFilters_CameraParameters_ShouldParseCorrectly(cameras: &quot;1,2,3&quot;, expectedCameras: [1, 2, 3])" computerName="runnervmf4ws1" duration="00:00:00.0055081" startTime="2025-09-10T18:10:04.6912907+00:00" endTime="2025-09-10T18:10:04.6912908+00:00" testType="13cdc9d9-ddb5-4fa4-a97d-d965ccfc6d4b" outcome="Passed" testListId="8c84fa94-04c1-424b-9868-57a2d4851a1d" relativeResultsDirectory="f5e24abb-6930-4de1-8ed1-2af5a0e2815e" />
    <UnitTestResult executionId="ed5907dc-3eac-49a4-a049-eb65f5a613c3" testId="3456ad39-e674-a27d-da41-053fedd7e6ad" testName="BuckScience.Tests.DirectionHelperTests.FromFloat_ShouldReturnCorrectDirection(degrees: 90, expectedDirection: E)" computerName="runnervmf4ws1" duration="00:00:00.0002144" startTime="2025-09-10T18:10:03.7130951+00:00" endTime="2025-09-10T18:10:03.7130952+00:00" testType="13cdc9d9-ddb5-4fa4-a97d-d965ccfc6d4b" outcome="Passed" testListId="8c84fa94-04c1-424b-9868-57a2d4851a1d" relativeResultsDirectory="ed5907dc-3eac-49a4-a049-eb65f5a613c3" />
    <UnitTestResult executionId="e4e184a4-f302-4495-b850-a31264e8d397" testId="7aa5e31a-c407-5fc0-2788-70d3aa03acd3" testName="BuckScience.Tests.PhotoFilteringUrlExamples.BuildFilters_ConditionsParameters_ShouldParseCorrectly(conditions: &quot;Rainy&quot;, expectedConditions: [&quot;Rainy&quot;])" computerName="runnervmf4ws1" duration="00:00:00.0000167" startTime="2025-09-10T18:10:04.6951831+00:00" endTime="2025-09-10T18:10:04.6951831+00:00" testType="13cdc9d9-ddb5-4fa4-a97d-d965ccfc6d4b" outcome="Passed" testListId="8c84fa94-04c1-424b-9868-57a2d4851a1d" relativeResultsDirectory="e4e184a4-f302-4495-b850-a31264e8d397" />
    <UnitTestResult executionId="6ba2c08d-abb7-442f-ae5f-700cd6790d39" testId="b96d0d20-292a-e609-b515-79cd877929d7" testName="BuckScience.Tests.Web.Helpers.WeatherHelpersTests.ConvertWindDirectionToText_VariousAngles_ReturnsCorrectDirection(degrees: 337.5, expected: &quot;NNW&quot;)" computerName="runnervmf4ws1" duration="00:00:00.0000046" startTime="2025-09-10T18:10:03.6298627+00:00" endTime="2025-09-10T18:10:03.6298628+00:00" testType="13cdc9d9-ddb5-4fa4-a97d-d965ccfc6d4b" outcome="Passed" testListId="8c84fa94-04c1-424b-9868-57a2d4851a1d" relativeResultsDirectory="6ba2c08d-abb7-442f-ae5f-700cd6790d39" />
    <UnitTestResult executionId="7eee204a-4b53-4fb0-984b-6ab43cfcb5c3" testId="dc5b4323-69df-5b53-04b8-b2edd86e4211" testName="BuckScience.Tests.TagCleanupTests.RemoveTagFromPhotos_ShouldKeepTagAndPropertyTag_WhenUsedOnOtherProperties" computerName="runnervmf4ws1" duration="00:00:00.0371172" startTime="2025-09-10T18:10:04.8514130+00:00" endTime="2025-09-10T18:10:04.8514132+00:00" testType="13cdc9d9-ddb5-4fa4-a97d-d965ccfc6d4b" outcome="Passed" testListId="8c84fa94-04c1-424b-9868-57a2d4851a1d" relativeResultsDirectory="7eee204a-4b53-4fb0-984b-6ab43cfcb5c3" />
    <UnitTestResult executionId="296fca96-c020-42fa-a64b-84a4b18b0679" testId="7b1afa91-2553-0542-d21b-b944f43fb732" testName="BuckScience.Tests.Application.PropertyFeatureApplicationTests.GetPropertyFeature_ReturnsWeightCorrectly" computerName="runnervmf4ws1" duration="00:00:01.1504771" startTime="2025-09-10T18:10:04.7075191+00:00" endTime="2025-09-10T18:10:04.7075192+00:00" testType="13cdc9d9-ddb5-4fa4-a97d-d965ccfc6d4b" outcome="Passed" testListId="8c84fa94-04c1-424b-9868-57a2d4851a1d" relativeResultsDirectory="296fca96-c020-42fa-a64b-84a4b18b0679" />
    <UnitTestResult executionId="87df67f1-f136-4f57-8e1c-d9abd8b8c048" testId="d6582cc4-f5d7-7ddd-419a-8856fe5530f3" testName="BuckScience.Tests.TaggingSystemTests.AssignDefaultTagsToProperty_ShouldAssignOnlyDefaultTags" computerName="runnervmf4ws1" duration="00:00:00.0100093" startTime="2025-09-10T18:10:04.6612424+00:00" endTime="2025-09-10T18:10:04.6612426+00:00" testType="13cdc9d9-ddb5-4fa4-a97d-d965ccfc6d4b" outcome="Passed" testListId="8c84fa94-04c1-424b-9868-57a2d4851a1d" relativeResultsDirectory="87df67f1-f136-4f57-8e1c-d9abd8b8c048" />
    <UnitTestResult executionId="ce5d1097-f028-4b43-a2f7-fefbde7d1243" testId="24c340fb-d377-9a86-7f7b-24671f6c604a" testName="BuckScience.Tests.UnitTest1.Test1" computerName="runnervmf4ws1" duration="00:00:00.0048728" startTime="2025-09-10T18:10:03.5791175+00:00" endTime="2025-09-10T18:10:03.5791791+00:00" testType="13cdc9d9-ddb5-4fa4-a97d-d965ccfc6d4b" outcome="Passed" testListId="8c84fa94-04c1-424b-9868-57a2d4851a1d" relativeResultsDirectory="ce5d1097-f028-4b43-a2f7-fefbde7d1243" />
    <UnitTestResult executionId="40cdd906-50af-4a95-a9bb-0c33fdacba50" testId="0df754ab-3374-deab-a269-326e3752e38a" testName="BuckScience.Tests.Domain.FeatureWeightTests.FeatureWeightHelper_GetCategory_ReturnsCorrectCategory(type: BeddingArea, expectedCategory: ResourceBedding)" computerName="runnervmf4ws1" duration="00:00:00.0003239" startTime="2025-09-10T18:10:04.8206992+00:00" endTime="2025-09-10T18:10:04.8206992+00:00" testType="13cdc9d9-ddb5-4fa4-a97d-d965ccfc6d4b" outcome="Passed" testListId="8c84fa94-04c1-424b-9868-57a2d4851a1d" relativeResultsDirectory="40cdd906-50af-4a95-a9bb-0c33fdacba50" />
    <UnitTestResult executionId="949c4cd3-3115-44de-946b-56d170d84091" testId="87537a65-edc4-293b-e0c7-ff87f3dc8e79" testName="BuckScience.Tests.PhotoPlacementHistoryTests.Photo_SetCameraPlacementHistory_ShouldThrowForInvalidId" computerName="runnervmf4ws1" duration="00:00:00.0058334" startTime="2025-09-10T18:10:03.6122320+00:00" endTime="2025-09-10T18:10:03.6122320+00:00" testType="13cdc9d9-ddb5-4fa4-a97d-d965ccfc6d4b" outcome="Passed" testListId="8c84fa94-04c1-424b-9868-57a2d4851a1d" relativeResultsDirectory="949c4cd3-3115-44de-946b-56d170d84091" />
    <UnitTestResult executionId="f4e8278a-ff89-4950-ad6d-ff9196a9e65f" testId="e59f6969-24d1-ee70-57fe-d99344040a63" testName="BuckScience.Tests.DirectionHelperTests.ToFloat_ShouldReturnCorrectDegrees(direction: W, expectedDegrees: 270)" computerName="runnervmf4ws1" duration="00:00:00.0000018" startTime="2025-09-10T18:10:03.7152511+00:00" endTime="2025-09-10T18:10:03.7152512+00:00" testType="13cdc9d9-ddb5-4fa4-a97d-d965ccfc6d4b" outcome="Passed" testListId="8c84fa94-04c1-424b-9868-57a2d4851a1d" relativeResultsDirectory="f4e8278a-ff89-4950-ad6d-ff9196a9e65f" />
    <UnitTestResult executionId="8c81c4a4-29db-4509-aa91-b9475d14c339" testId="f950f79e-ba5e-b1e8-b4c0-7c88acd39e8b" testName="BuckScience.Tests.CameraCreateVmTests.CameraCreateVm_DirectionSync_ShouldWorkForAllDirections(direction: SE, expectedDegrees: 135)" computerName="runnervmf4ws1" duration="00:00:00.0002917" startTime="2025-09-10T18:10:03.7058171+00:00" endTime="2025-09-10T18:10:03.7058172+00:00" testType="13cdc9d9-ddb5-4fa4-a97d-d965ccfc6d4b" outcome="Passed" testListId="8c84fa94-04c1-424b-9868-57a2d4851a1d" relativeResultsDirectory="8c81c4a4-29db-4509-aa91-b9475d14c339" />
    <UnitTestResult executionId="902d1b2e-11c1-4439-b447-9c7facc2fc1b" testId="282510b6-3046-16e6-500c-da1402387fc9" testName="BuckScience.Tests.Web.Helpers.WeatherHelpersTests.ConvertWindDirectionToText_VariousAngles_ReturnsCorrectDirection(degrees: 90, expected: &quot;E&quot;)" computerName="runnervmf4ws1" duration="00:00:00.0000044" startTime="2025-09-10T18:10:03.6299199+00:00" endTime="2025-09-10T18:10:03.6299200+00:00" testType="13cdc9d9-ddb5-4fa4-a97d-d965ccfc6d4b" outcome="Passed" testListId="8c84fa94-04c1-424b-9868-57a2d4851a1d" relativeResultsDirectory="902d1b2e-11c1-4439-b447-9c7facc2fc1b" />
    <UnitTestResult executionId="3fed4e45-7a07-4a74-9f5f-d168e206bc4b" testId="a6b1c1b8-42d6-da05-0367-8e170c8545bb" testName="BuckScience.Tests.Domain.PropertyFeatureTests.Constructor_WithValidWeight_SetsWeightCorrectly(weight: 1)" computerName="runnervmf4ws1" duration="00:00:00.0002459" startTime="2025-09-10T18:10:04.7148204+00:00" endTime="2025-09-10T18:10:04.7148205+00:00" testType="13cdc9d9-ddb5-4fa4-a97d-d965ccfc6d4b" outcome="Passed" testListId="8c84fa94-04c1-424b-9868-57a2d4851a1d" relativeResultsDirectory="3fed4e45-7a07-4a74-9f5f-d168e206bc4b" />
    <UnitTestResult executionId="37141881-bc30-472b-abb7-975e2735ed5a" testId="9f164cb9-b0ee-2833-0b35-619b21bae903" testName="BuckScience.Tests.Web.Helpers.WeatherHelpersTests.ConvertWindDirectionToText_VariousAngles_ReturnsCorrectDirection(degrees: 348.74000000000001, expected: &quot;NNW&quot;)" computerName="runnervmf4ws1" duration="00:00:00.0000026" startTime="2025-09-10T18:10:03.6325474+00:00" endTime="2025-09-10T18:10:03.6325475+00:00" testType="13cdc9d9-ddb5-4fa4-a97d-d965ccfc6d4b" outcome="Passed" testListId="8c84fa94-04c1-424b-9868-57a2d4851a1d" relativeResultsDirectory="37141881-bc30-472b-abb7-975e2735ed5a" />
    <UnitTestResult executionId="0f98b252-0872-4793-8069-6082a719da6b" testId="386e0330-7309-7b37-24f5-0984d80d3723" testName="BuckScience.Tests.CameraCreateVmTests.CameraCreateVm_DirectionSync_ShouldWorkForAllDirections(direction: SW, expectedDegrees: 225)" computerName="runnervmf4ws1" duration="00:00:00.0000039" startTime="2025-09-10T18:10:03.7060601+00:00" endTime="2025-09-10T18:10:03.7060602+00:00" testType="13cdc9d9-ddb5-4fa4-a97d-d965ccfc6d4b" outcome="Passed" testListId="8c84fa94-04c1-424b-9868-57a2d4851a1d" relativeResultsDirectory="0f98b252-0872-4793-8069-6082a719da6b" />
    <UnitTestResult executionId="71bed965-4405-4d59-be82-87a57bf0a229" testId="702f6073-82fe-153e-00ca-63e8665d8828" testName="BuckScience.Tests.Domain.PropertySeasonMonthsOverrideTests.PropertySeasonMonthsOverride_SetMonths_WithInvalidMonths_ThrowsArgumentOutOfRangeException(invalidMonths: [13])" computerName="runnervmf4ws1" duration="00:00:00.0002607" startTime="2025-09-10T18:10:03.8252854+00:00" endTime="2025-09-10T18:10:03.8252854+00:00" testType="13cdc9d9-ddb5-4fa4-a97d-d965ccfc6d4b" outcome="Passed" testListId="8c84fa94-04c1-424b-9868-57a2d4851a1d" relativeResultsDirectory="71bed965-4405-4d59-be82-87a57bf0a229" />
    <UnitTestResult executionId="b7918732-e4eb-4b26-a557-b8794514569a" testId="5d43f699-35d1-a4da-58e9-d0a22f0dcdd2" testName="BuckScience.Tests.PhotoFiltersTests.PhotoFilters_HasWeatherFilters_ReturnsFalseWhenNoWeatherFiltersSet" computerName="runnervmf4ws1" duration="00:00:00.0010245" startTime="2025-09-10T18:10:03.6121191+00:00" endTime="2025-09-10T18:10:03.6121192+00:00" testType="13cdc9d9-ddb5-4fa4-a97d-d965ccfc6d4b" outcome="Passed" testListId="8c84fa94-04c1-424b-9868-57a2d4851a1d" relativeResultsDirectory="b7918732-e4eb-4b26-a557-b8794514569a" />
    <UnitTestResult executionId="de7b0213-f5ea-4c95-bd57-fa525e69cf4b" testId="f36a8701-085e-04e9-1108-0b102bccb765" testName="BuckScience.Tests.Web.Helpers.WeatherHelpersTests.ConvertWindDirectionToText_RoundTrip_MaintainsAccuracy" computerName="runnervmf4ws1" duration="00:00:00.0003745" startTime="2025-09-10T18:10:03.6335706+00:00" endTime="2025-09-10T18:10:03.6335706+00:00" testType="13cdc9d9-ddb5-4fa4-a97d-d965ccfc6d4b" outcome="Passed" testListId="8c84fa94-04c1-424b-9868-57a2d4851a1d" relativeResultsDirectory="de7b0213-f5ea-4c95-bd57-fa525e69cf4b" />
    <UnitTestResult executionId="560323ab-53e3-4552-80d3-2518625ce9a5" testId="8dc17fe0-66a4-6cf2-3749-0f755c367e4d" testName="BuckScience.Tests.Web.Helpers.WeatherHelpersTests.GetWindDirectionOptions_WithEmptyAvailable_AllUnavailable" computerName="runnervmf4ws1" duration="00:00:00.0003161" startTime="2025-09-10T18:10:03.6406740+00:00" endTime="2025-09-10T18:10:03.6406741+00:00" testType="13cdc9d9-ddb5-4fa4-a97d-d965ccfc6d4b" outcome="Passed" testListId="8c84fa94-04c1-424b-9868-57a2d4851a1d" relativeResultsDirectory="560323ab-53e3-4552-80d3-2518625ce9a5" />
    <UnitTestResult executionId="ab07a35d-546d-4c36-b1ca-26f849f37611" testId="396d4f9b-ac51-22fa-04b5-9956711699f1" testName="BuckScience.Tests.Web.Helpers.WeatherHelpersTests.ConvertWindDirectionToText_VariousAngles_ReturnsCorrectDirection(degrees: 360, expected: &quot;N&quot;)" computerName="runnervmf4ws1" duration="00:00:00.0000041" startTime="2025-09-10T18:10:03.6299763+00:00" endTime="2025-09-10T18:10:03.6299764+00:00" testType="13cdc9d9-ddb5-4fa4-a97d-d965ccfc6d4b" outcome="Passed" testListId="8c84fa94-04c1-424b-9868-57a2d4851a1d" relativeResultsDirectory="ab07a35d-546d-4c36-b1ca-26f849f37611" />
    <UnitTestResult executionId="de83778c-1d35-48be-be1e-6da6ae6085cb" testId="e7cf9e58-42dd-8f47-eefc-754488b66343" testName="BuckScience.Tests.Domain.PropertySeasonMonthsOverrideTests.PropertySeasonMonthsOverride_SetMonths_WithInvalidMonths_ThrowsArgumentOutOfRangeException(invalidMonths: [0])" computerName="runnervmf4ws1" duration="00:00:00.0000737" startTime="2025-09-10T18:10:03.8261293+00:00" endTime="2025-09-10T18:10:03.8261294+00:00" testType="13cdc9d9-ddb5-4fa4-a97d-d965ccfc6d4b" outcome="Passed" testListId="8c84fa94-04c1-424b-9868-57a2d4851a1d" relativeResultsDirectory="de83778c-1d35-48be-be1e-6da6ae6085cb" />
    <UnitTestResult executionId="05beb6d5-c6f8-4d36-936b-084bcbe6ce6c" testId="49d22b5a-8a11-c5d8-4359-de2ffd90b380" testName="BuckScience.Tests.Application.FeatureWeights.UpdateDefaultFeatureWeightsTests.UpdateDefaultFeatureWeights_ValidatesWeightRange" computerName="runnervmf4ws1" duration="00:00:00.0225243" startTime="2025-09-10T18:10:04.8632819+00:00" endTime="2025-09-10T18:10:04.8632820+00:00" testType="13cdc9d9-ddb5-4fa4-a97d-d965ccfc6d4b" outcome="Passed" testListId="8c84fa94-04c1-424b-9868-57a2d4851a1d" relativeResultsDirectory="05beb6d5-c6f8-4d36-936b-084bcbe6ce6c" />
    <UnitTestResult executionId="1d585afa-146b-4a51-88b8-9af5a9621b83" testId="6acfe581-a1ff-0243-6a25-fa30ab98af8f" testName="BuckScience.Tests.FeatureHelperTests.GetCategory_ShouldReturnCorrectCategoryForFoodResources" computerName="runnervmf4ws1" duration="00:00:00.0001326" startTime="2025-09-10T18:10:03.6186849+00:00" endTime="2025-09-10T18:10:03.6186849+00:00" testType="13cdc9d9-ddb5-4fa4-a97d-d965ccfc6d4b" outcome="Passed" testListId="8c84fa94-04c1-424b-9868-57a2d4851a1d" relativeResultsDirectory="1d585afa-146b-4a51-88b8-9af5a9621b83" />
    <UnitTestResult executionId="1b5f232c-d0a9-4731-a3f4-8a5fb716c7cf" testId="90576d28-8c3e-aa47-8e92-100b02ac5a05" testName="BuckScience.Tests.Web.Helpers.WeatherHelpersTests.GetWindDirectionOptions_WithAvailableDirections_SetsAvailability" computerName="runnervmf4ws1" duration="00:00:00.0034651" startTime="2025-09-10T18:10:03.6397000+00:00" endTime="2025-09-10T18:10:03.6397001+00:00" testType="13cdc9d9-ddb5-4fa4-a97d-d965ccfc6d4b" outcome="Passed" testListId="8c84fa94-04c1-424b-9868-57a2d4851a1d" relativeResultsDirectory="1b5f232c-d0a9-4731-a3f4-8a5fb716c7cf" />
    <UnitTestResult executionId="1fec62fe-3d19-4183-874e-68794100fb95" testId="87e55bdd-4276-ed24-3a0c-df1323a9e2c9" testName="BuckScience.Tests.DirectionHelperTests.ToFloat_ShouldReturnCorrectDegrees(direction: S, expectedDegrees: 180)" computerName="runnervmf4ws1" duration="00:00:00.0002162" startTime="2025-09-10T18:10:03.7144834+00:00" endTime="2025-09-10T18:10:03.7144835+00:00" testType="13cdc9d9-ddb5-4fa4-a97d-d965ccfc6d4b" outcome="Passed" testListId="8c84fa94-04c1-424b-9868-57a2d4851a1d" relativeResultsDirectory="1fec62fe-3d19-4183-874e-68794100fb95" />
    <UnitTestResult executionId="44082322-1e7b-42c2-be1a-6406cd655d29" testId="18fd69b0-d054-4b67-4fab-caa28c12efff" testName="BuckScience.Tests.TaggingSystemTests.GetOrCreateTag_ShouldBeCaseInsensitive" computerName="runnervmf4ws1" duration="00:00:00.0016409" startTime="2025-09-10T18:10:04.6690351+00:00" endTime="2025-09-10T18:10:04.6690352+00:00" testType="13cdc9d9-ddb5-4fa4-a97d-d965ccfc6d4b" outcome="Passed" testListId="8c84fa94-04c1-424b-9868-57a2d4851a1d" relativeResultsDirectory="44082322-1e7b-42c2-be1a-6406cd655d29" />
    <UnitTestResult executionId="8238a150-6fc6-4137-8f50-b20149aec350" testId="d781b83d-5216-d63d-acc7-8c5d47cd7ccf" testName="BuckScience.Tests.CameraCreateVmTests.CameraCreateVm_DirectionSync_ShouldWorkForAllDirections(direction: W, expectedDegrees: 270)" computerName="runnervmf4ws1" duration="00:00:00.0000032" startTime="2025-09-10T18:10:03.7060036+00:00" endTime="2025-09-10T18:10:03.7060037+00:00" testType="13cdc9d9-ddb5-4fa4-a97d-d965ccfc6d4b" outcome="Passed" testListId="8c84fa94-04c1-424b-9868-57a2d4851a1d" relativeResultsDirectory="8238a150-6fc6-4137-8f50-b20149aec350" />
    <UnitTestResult executionId="e4ce9a44-3bbf-4838-b745-46f99412c4a0" testId="6ddbf3e0-3ece-b657-908f-2948ae07368f" testName="BuckScience.Tests.Web.Helpers.WeatherHelpersTests.ConvertMoonPhaseTextToNumeric_CaseInsensitive_Works" computerName="runnervmf4ws1" duration="00:00:00.0010294" startTime="2025-09-10T18:10:03.6356793+00:00" endTime="2025-09-10T18:10:03.6356794+00:00" testType="13cdc9d9-ddb5-4fa4-a97d-d965ccfc6d4b" outcome="Passed" testListId="8c84fa94-04c1-424b-9868-57a2d4851a1d" relativeResultsDirectory="e4ce9a44-3bbf-4838-b745-46f99412c4a0" />
    <UnitTestResult executionId="00508420-bf70-40b0-b10d-84115f3c35ca" testId="40701e53-787e-9af9-e51e-796a4964c5fd" testName="BuckScience.Tests.Domain.MonthsAttributeTests.MonthsAttribute_Constructor_WithMixedValidAndInvalidMonths_ThrowsArgumentOutOfRangeException" computerName="runnervmf4ws1" duration="00:00:00.0008946" startTime="2025-09-10T18:10:03.6188300+00:00" endTime="2025-09-10T18:10:03.6188301+00:00" testType="13cdc9d9-ddb5-4fa4-a97d-d965ccfc6d4b" outcome="Passed" testListId="8c84fa94-04c1-424b-9868-57a2d4851a1d" relativeResultsDirectory="00508420-bf70-40b0-b10d-84115f3c35ca" />
    <UnitTestResult executionId="40efc2b0-f1ad-4e80-9403-35643dc3a3df" testId="f2a53262-1031-8641-ce23-2061a5c39410" testName="BuckScience.Tests.TaggingSystemTests.GetOrCreateTag_ShouldThrowException_WhenTagNameIsInvalid(invalidTagName: &quot;&quot;)" computerName="runnervmf4ws1" duration="00:00:00.0036554" startTime="2025-09-10T18:10:04.6665981+00:00" endTime="2025-09-10T18:10:04.6665982+00:00" testType="13cdc9d9-ddb5-4fa4-a97d-d965ccfc6d4b" outcome="Passed" testListId="8c84fa94-04c1-424b-9868-57a2d4851a1d" relativeResultsDirectory="40efc2b0-f1ad-4e80-9403-35643dc3a3df" />
    <UnitTestResult executionId="bbd93d81-17c7-4b5f-accf-b192f202bd89" testId="22d4e883-d516-a3c1-91a6-c6ccca686050" testName="BuckScience.Tests.Web.Helpers.WeatherHelpersTests.ConvertMoonPhaseToText_VariousValues_ReturnsCorrectText(phase: 0.84999999999999998, expected: &quot;Waning Crescent&quot;)" computerName="runnervmf4ws1" duration="00:00:00.0002942" startTime="2025-09-10T18:10:03.6275988+00:00" endTime="2025-09-10T18:10:03.6275989+00:00" testType="13cdc9d9-ddb5-4fa4-a97d-d965ccfc6d4b" outcome="Passed" testListId="8c84fa94-04c1-424b-9868-57a2d4851a1d" relativeResultsDirectory="bbd93d81-17c7-4b5f-accf-b192f202bd89" />
    <UnitTestResult executionId="f6a2f31d-53b7-4991-94b1-0daf27536134" testId="6e1a460b-06b0-f626-b520-bfe11fd26de1" testName="BuckScience.Tests.Domain.FeatureWeightTests.FeatureWeight_SetSeasonalWeights_ValidatesWeightRange" computerName="runnervmf4ws1" duration="00:00:00.0005375" startTime="2025-09-10T18:10:04.8719427+00:00" endTime="2025-09-10T18:10:04.8719428+00:00" testType="13cdc9d9-ddb5-4fa4-a97d-d965ccfc6d4b" outcome="Passed" testListId="8c84fa94-04c1-424b-9868-57a2d4851a1d" relativeResultsDirectory="f6a2f31d-53b7-4991-94b1-0daf27536134" />
    <UnitTestResult executionId="1e5939fd-1e75-43e4-82dd-b3bd76321c1e" testId="7f448030-c6f3-ad7f-1c7b-809f60db9d71" testName="BuckScience.Tests.Web.Helpers.WeatherHelpersTests.ConvertWindDirectionTextToNumeric_ValidDirections_ReturnsCorrectDegrees(direction: &quot;NW&quot;, expected: 315)" computerName="runnervmf4ws1" duration="00:00:00.0000049" startTime="2025-09-10T18:10:03.6349710+00:00" endTime="2025-09-10T18:10:03.6349710+00:00" testType="13cdc9d9-ddb5-4fa4-a97d-d965ccfc6d4b" outcome="Passed" testListId="8c84fa94-04c1-424b-9868-57a2d4851a1d" relativeResultsDirectory="1e5939fd-1e75-43e4-82dd-b3bd76321c1e" />
    <UnitTestResult executionId="5b77c9f5-4f5e-4ead-a9b6-4a6c25e5fd7d" testId="78d335ed-d8a0-4e68-1b07-0e64ec6fcf01" testName="BuckScience.Tests.Web.Helpers.WeatherHelpersTests.ConvertMoonPhaseToText_VariousValues_ReturnsCorrectText(phase: 0.75, expected: &quot;Last Quarter&quot;)" computerName="runnervmf4ws1" duration="00:00:00.0000062" startTime="2025-09-10T18:10:03.6277241+00:00" endTime="2025-09-10T18:10:03.6277242+00:00" testType="13cdc9d9-ddb5-4fa4-a97d-d965ccfc6d4b" outcome="Passed" testListId="8c84fa94-04c1-424b-9868-57a2d4851a1d" relativeResultsDirectory="5b77c9f5-4f5e-4ead-a9b6-4a6c25e5fd7d" />
    <UnitTestResult executionId="c1d5326f-4328-4ca8-b2b7-c2852e81b711" testId="e35c95a4-d974-6814-c593-743bae04117a" testName="BuckScience.Tests.Domain.PropertyFeatureTests.UpdateWeight_WithInvalidWeight_ThrowsArgumentOutOfRangeException(weight: -0.5)" computerName="runnervmf4ws1" duration="00:00:00.0007616" startTime="2025-09-10T18:10:04.7081751+00:00" endTime="2025-09-10T18:10:04.7081752+00:00" testType="13cdc9d9-ddb5-4fa4-a97d-d965ccfc6d4b" outcome="Passed" testListId="8c84fa94-04c1-424b-9868-57a2d4851a1d" relativeResultsDirectory="c1d5326f-4328-4ca8-b2b7-c2852e81b711" />
    <UnitTestResult executionId="44dea955-e9a6-4556-9808-eea06e6648ed" testId="0046d277-9b70-8213-d3d2-32e9f1ff9915" testName="BuckScience.Tests.Domain.SeasonExtensionsTests.GetDefaultMonths_LateSeason_ReturnsCorrectMonths" computerName="runnervmf4ws1" duration="00:00:00.0001834" startTime="2025-09-10T18:10:03.6158417+00:00" endTime="2025-09-10T18:10:03.6158417+00:00" testType="13cdc9d9-ddb5-4fa4-a97d-d965ccfc6d4b" outcome="Passed" testListId="8c84fa94-04c1-424b-9868-57a2d4851a1d" relativeResultsDirectory="44dea955-e9a6-4556-9808-eea06e6648ed" />
    <UnitTestResult executionId="a0b9e24b-6d0c-4d9c-82f0-c33590c7b623" testId="356cc39e-f096-9eaf-df3c-a4d73a8c57b9" testName="BuckScience.Tests.Domain.PropertySeasonMonthsOverrideTests.PropertySeasonMonthsOverride_MonthsJson_SerializesCorrectly" computerName="runnervmf4ws1" duration="00:00:00.0006595" startTime="2025-09-10T18:10:03.8273163+00:00" endTime="2025-09-10T18:10:03.8273164+00:00" testType="13cdc9d9-ddb5-4fa4-a97d-d965ccfc6d4b" outcome="Passed" testListId="8c84fa94-04c1-424b-9868-57a2d4851a1d" relativeResultsDirectory="a0b9e24b-6d0c-4d9c-82f0-c33590c7b623" />
    <UnitTestResult executionId="fd772f3f-7ab8-4464-83fd-955b95cb8641" testId="df8d3f6f-dec6-fe48-30b1-4504bb2aa651" testName="BuckScience.Tests.Web.Helpers.WeatherHelpersTests.ConvertWindDirectionTextToNumeric_ValidDirections_ReturnsCorrectDegrees(direction: &quot;NE&quot;, expected: 45)" computerName="runnervmf4ws1" duration="00:00:00.0000112" startTime="2025-09-10T18:10:03.6355417+00:00" endTime="2025-09-10T18:10:03.6355418+00:00" testType="13cdc9d9-ddb5-4fa4-a97d-d965ccfc6d4b" outcome="Passed" testListId="8c84fa94-04c1-424b-9868-57a2d4851a1d" relativeResultsDirectory="fd772f3f-7ab8-4464-83fd-955b95cb8641" />
    <UnitTestResult executionId="a3f938c4-6c5e-4621-952d-c3dbd1934615" testId="b8a41320-c868-9123-86b4-03e71d0ff6ef" testName="BuckScience.Tests.Web.Helpers.WeatherHelpersTests.ConvertWindDirectionToText_VariousAngles_ReturnsCorrectDirection(degrees: 11.24, expected: &quot;N&quot;)" computerName="runnervmf4ws1" duration="00:00:00.0000045" startTime="2025-09-10T18:10:03.6324214+00:00" endTime="2025-09-10T18:10:03.6324215+00:00" testType="13cdc9d9-ddb5-4fa4-a97d-d965ccfc6d4b" outcome="Passed" testListId="8c84fa94-04c1-424b-9868-57a2d4851a1d" relativeResultsDirectory="a3f938c4-6c5e-4621-952d-c3dbd1934615" />
    <UnitTestResult executionId="cf1b591d-1ab2-495a-82dd-c09244c97040" testId="088d383f-5fbc-e375-2326-3e321a2adf4f" testName="BuckScience.Tests.TaggingRequirementsTests.Requirement2_TagUniqueness_ShouldBeEnforced" computerName="runnervmf4ws1" duration="00:00:00.0594897" startTime="2025-09-10T18:10:04.6487766+00:00" endTime="2025-09-10T18:10:04.6487768+00:00" testType="13cdc9d9-ddb5-4fa4-a97d-d965ccfc6d4b" outcome="Passed" testListId="8c84fa94-04c1-424b-9868-57a2d4851a1d" relativeResultsDirectory="cf1b591d-1ab2-495a-82dd-c09244c97040" />
    <UnitTestResult executionId="e95b9895-39fd-4fd7-8fce-81bf1510ec8a" testId="7f31b8c1-231f-a39c-8870-f0d4abe51343" testName="BuckScience.Tests.FeatureHelperTests.FeatureDescriptions_ShouldContainAllClassificationTypes" computerName="runnervmf4ws1" duration="00:00:00.0021771" startTime="2025-09-10T18:10:03.6184395+00:00" endTime="2025-09-10T18:10:03.6184396+00:00" testType="13cdc9d9-ddb5-4fa4-a97d-d965ccfc6d4b" outcome="Passed" testListId="8c84fa94-04c1-424b-9868-57a2d4851a1d" relativeResultsDirectory="e95b9895-39fd-4fd7-8fce-81bf1510ec8a" />
    <UnitTestResult executionId="304aadf4-120d-4ea4-a587-ccc9d79593e3" testId="0161b4d2-48af-5756-816a-41884dcebe59" testName="BuckScience.Tests.Domain.PropertyFeatureTests.Constructor_WithWeight_SetsWeightCorrectly" computerName="runnervmf4ws1" duration="00:00:00.0002060" startTime="2025-09-10T18:10:04.7116368+00:00" endTime="2025-09-10T18:10:04.7116369+00:00" testType="13cdc9d9-ddb5-4fa4-a97d-d965ccfc6d4b" outcome="Passed" testListId="8c84fa94-04c1-424b-9868-57a2d4851a1d" relativeResultsDirectory="304aadf4-120d-4ea4-a587-ccc9d79593e3" />
    <UnitTestResult executionId="0818d4f1-09c9-4665-8187-668ddee1dafd" testId="8f75422e-f196-d0f3-b885-da9f9acf8fde" testName="BuckScience.Tests.Web.Helpers.WeatherHelpersTests.ConvertWindDirectionTextToNumeric_InvalidText_ReturnsNull(direction: &quot;&quot;)" computerName="runnervmf4ws1" duration="00:00:00.0000071" startTime="2025-09-10T18:10:03.6289927+00:00" endTime="2025-09-10T18:10:03.6289928+00:00" testType="13cdc9d9-ddb5-4fa4-a97d-d965ccfc6d4b" outcome="Passed" testListId="8c84fa94-04c1-424b-9868-57a2d4851a1d" relativeResultsDirectory="0818d4f1-09c9-4665-8187-668ddee1dafd" />
    <UnitTestResult executionId="ef2568a3-a390-4998-a023-d1c1bd73f395" testId="2505d350-e44a-f204-9fd8-58dd92f22763" testName="BuckScience.Tests.DirectionHelperTests.ToFloat_ShouldReturnCorrectDegrees(direction: SE, expectedDegrees: 135)" computerName="runnervmf4ws1" duration="00:00:00.0000073" startTime="2025-09-10T18:10:03.7145329+00:00" endTime="2025-09-10T18:10:03.7145330+00:00" testType="13cdc9d9-ddb5-4fa4-a97d-d965ccfc6d4b" outcome="Passed" testListId="8c84fa94-04c1-424b-9868-57a2d4851a1d" relativeResultsDirectory="ef2568a3-a390-4998-a023-d1c1bd73f395" />
    <UnitTestResult executionId="8b8c4cdb-896b-4403-96b8-7d18c5871c9b" testId="75b50791-58b3-a264-c6bb-b7e6f52f0f9b" testName="BuckScience.Tests.Domain.MonthsAttributeTests.MonthsAttribute_Constructor_WithBoundaryValidMonths_SetsMonthsCorrectly(month: 1)" computerName="runnervmf4ws1" duration="00:00:00.0004337" startTime="2025-09-10T18:10:03.6175724+00:00" endTime="2025-09-10T18:10:03.6175725+00:00" testType="13cdc9d9-ddb5-4fa4-a97d-d965ccfc6d4b" outcome="Passed" testListId="8c84fa94-04c1-424b-9868-57a2d4851a1d" relativeResultsDirectory="8b8c4cdb-896b-4403-96b8-7d18c5871c9b" />
    <UnitTestResult executionId="cd9106bf-6fa4-4199-bebb-a1b17d874c6d" testId="f691e718-46df-21d8-be15-dfb8d4456f03" testName="BuckScience.Tests.TaggingSystemTests.GetOrCreateTag_ShouldCreateNewTag_WhenTagDoesNotExist" computerName="runnervmf4ws1" duration="00:00:00.0078148" startTime="2025-09-10T18:10:04.6511599+00:00" endTime="2025-09-10T18:10:04.6511599+00:00" testType="13cdc9d9-ddb5-4fa4-a97d-d965ccfc6d4b" outcome="Passed" testListId="8c84fa94-04c1-424b-9868-57a2d4851a1d" relativeResultsDirectory="cd9106bf-6fa4-4199-bebb-a1b17d874c6d" />
    <UnitTestResult executionId="a4d8085b-757b-428c-92d7-e9fd8cd362e7" testId="9323afa7-c6a5-6a33-bb74-8f4b3b4998d0" testName="BuckScience.Tests.Web.Helpers.WeatherHelpersTests.ConvertWindDirectionToText_VariousAngles_ReturnsCorrectDirection(degrees: 33.740000000000002, expected: &quot;NNE&quot;)" computerName="runnervmf4ws1" duration="00:00:00.0000030" startTime="2025-09-10T18:10:03.6334300+00:00" endTime="2025-09-10T18:10:03.6334300+00:00" testType="13cdc9d9-ddb5-4fa4-a97d-d965ccfc6d4b" outcome="Passed" testListId="8c84fa94-04c1-424b-9868-57a2d4851a1d" relativeResultsDirectory="a4d8085b-757b-428c-92d7-e9fd8cd362e7" />
    <UnitTestResult executionId="6343a01e-ea12-44ec-babd-0a22deadb658" testId="596b7c00-efcf-3d4d-3dbb-d2705ed5b371" testName="BuckScience.Tests.Application.FeatureWeights.UpdateDefaultFeatureWeightsTests.UpdateDefaultFeatureWeights_UpdatesDefaultWeightsCorrectly" computerName="runnervmf4ws1" duration="00:00:00.0136790" startTime="2025-09-10T18:10:04.8792125+00:00" endTime="2025-09-10T18:10:04.8792126+00:00" testType="13cdc9d9-ddb5-4fa4-a97d-d965ccfc6d4b" outcome="Passed" testListId="8c84fa94-04c1-424b-9868-57a2d4851a1d" relativeResultsDirectory="6343a01e-ea12-44ec-babd-0a22deadb658" />
    <UnitTestResult executionId="0f0dbd15-c478-4d7c-9859-890efc79c08c" testId="2e480f4f-8e65-8226-244e-bc56a9d64e7e" testName="BuckScience.Tests.Web.Helpers.WeatherHelpersTests.ConvertWindDirectionToText_VariousAngles_ReturnsCorrectDirection(degrees: 33.75, expected: &quot;NE&quot;)" computerName="runnervmf4ws1" duration="00:00:00.0000028" startTime="2025-09-10T18:10:03.6327454+00:00" endTime="2025-09-10T18:10:03.6327455+00:00" testType="13cdc9d9-ddb5-4fa4-a97d-d965ccfc6d4b" outcome="Passed" testListId="8c84fa94-04c1-424b-9868-57a2d4851a1d" relativeResultsDirectory="0f0dbd15-c478-4d7c-9859-890efc79c08c" />
    <UnitTestResult executionId="b26a1828-b03e-442e-b834-c0a7c9fe8664" testId="abed9d03-2d03-a6ea-317e-f9cbae3ef978" testName="BuckScience.Tests.DirectionHelperTests.FromFloat_ShouldReturnCorrectDirection(degrees: 45, expectedDirection: NE)" computerName="runnervmf4ws1" duration="00:00:00.0000029" startTime="2025-09-10T18:10:03.7142546+00:00" endTime="2025-09-10T18:10:03.7142547+00:00" testType="13cdc9d9-ddb5-4fa4-a97d-d965ccfc6d4b" outcome="Passed" testListId="8c84fa94-04c1-424b-9868-57a2d4851a1d" relativeResultsDirectory="b26a1828-b03e-442e-b834-c0a7c9fe8664" />
    <UnitTestResult executionId="4bd4f62f-cf79-4dfc-b86c-ddc51b45bd5b" testId="3e754e7c-3120-cf7a-7a68-ce1c9a477533" testName="BuckScience.Tests.CameraCreateVmTests.CameraCreateVm_DirectionSync_ShouldWorkForAllDirections(direction: NE, expectedDegrees: 45)" computerName="runnervmf4ws1" duration="00:00:00.0000040" startTime="2025-09-10T18:10:03.7067714+00:00" endTime="2025-09-10T18:10:03.7067715+00:00" testType="13cdc9d9-ddb5-4fa4-a97d-d965ccfc6d4b" outcome="Passed" testListId="8c84fa94-04c1-424b-9868-57a2d4851a1d" relativeResultsDirectory="4bd4f62f-cf79-4dfc-b86c-ddc51b45bd5b" />
    <UnitTestResult executionId="5161b3f9-6e1e-48cf-aff9-bf9534e547e5" testId="65305c54-3e3e-31b1-f5dd-4a4bc66b7c08" testName="BuckScience.Tests.CameraCreateVmTests.CameraCreateVm_ShouldIncludePropertyCoordinates" computerName="runnervmf4ws1" duration="00:00:00.0013712" startTime="2025-09-10T18:10:03.7074077+00:00" endTime="2025-09-10T18:10:03.7074078+00:00" testType="13cdc9d9-ddb5-4fa4-a97d-d965ccfc6d4b" outcome="Passed" testListId="8c84fa94-04c1-424b-9868-57a2d4851a1d" relativeResultsDirectory="5161b3f9-6e1e-48cf-aff9-bf9534e547e5" />
    <UnitTestResult executionId="3f40e200-27e9-4eb0-ab5e-382250dbecef" testId="b2bd5000-3749-abcf-9228-2b95c005c687" testName="BuckScience.Tests.DirectionHelperTests.FromFloat_ShouldFindClosestDirection(degrees: 67, expectedDirection: NE)" computerName="runnervmf4ws1" duration="00:00:00.0000106" startTime="2025-09-10T18:10:03.7155137+00:00" endTime="2025-09-10T18:10:03.7155137+00:00" testType="13cdc9d9-ddb5-4fa4-a97d-d965ccfc6d4b" outcome="Passed" testListId="8c84fa94-04c1-424b-9868-57a2d4851a1d" relativeResultsDirectory="3f40e200-27e9-4eb0-ab5e-382250dbecef" />
    <UnitTestResult executionId="0f350d9c-802a-4bbc-959a-472d8313296a" testId="22960b58-9cb3-5bbf-01a8-8b59f0364e15" testName="BuckScience.Tests.CameraDetailsVmTests.CameraDetailsVm_ShouldHaveAllRequiredProperties" computerName="runnervmf4ws1" duration="00:00:00.0051229" startTime="2025-09-10T18:10:03.6228743+00:00" endTime="2025-09-10T18:10:03.6228744+00:00" testType="13cdc9d9-ddb5-4fa4-a97d-d965ccfc6d4b" outcome="Passed" testListId="8c84fa94-04c1-424b-9868-57a2d4851a1d" relativeResultsDirectory="0f350d9c-802a-4bbc-959a-472d8313296a" />
    <UnitTestResult executionId="40c91e35-ffd1-426e-a31a-90c946d4f5e5" testId="d983931e-3379-4c6a-5c76-852ec2540d36" testName="BuckScience.Tests.Web.Helpers.WeatherHelpersTests.ConvertWindDirectionToText_VariousAngles_ReturnsCorrectDirection(degrees: 361, expected: &quot;N&quot;)" computerName="runnervmf4ws1" duration="00:00:00.0003103" startTime="2025-09-10T18:10:03.6296227+00:00" endTime="2025-09-10T18:10:03.6296227+00:00" testType="13cdc9d9-ddb5-4fa4-a97d-d965ccfc6d4b" outcome="Passed" testListId="8c84fa94-04c1-424b-9868-57a2d4851a1d" relativeResultsDirectory="40c91e35-ffd1-426e-a31a-90c946d4f5e5" />
    <UnitTestResult executionId="6849eb60-4e37-4d7d-b98f-30cd45ffc6cb" testId="df69a92c-44e3-a51a-3c69-97077bc8aa3a" testName="BuckScience.Tests.Domain.PropertyFeatureTests.Constructor_WithValidWeight_SetsWeightCorrectly(weight: 0.5)" computerName="runnervmf4ws1" duration="00:00:00.0000152" startTime="2025-09-10T18:10:04.7153259+00:00" endTime="2025-09-10T18:10:04.7153260+00:00" testType="13cdc9d9-ddb5-4fa4-a97d-d965ccfc6d4b" outcome="Passed" testListId="8c84fa94-04c1-424b-9868-57a2d4851a1d" relativeResultsDirectory="6849eb60-4e37-4d7d-b98f-30cd45ffc6cb" />
    <UnitTestResult executionId="7f746e54-25e3-4796-ae4b-9928ff4f1aee" testId="9e5e4569-9acc-0235-4e91-ee81d67e124e" testName="BuckScience.Tests.PhotoPlacementHistoryTests.Photo_WithPlacementHistory_ShouldAssociateCorrectly" computerName="runnervmf4ws1" duration="00:00:00.0002375" startTime="2025-09-10T18:10:03.6146692+00:00" endTime="2025-09-10T18:10:03.6146693+00:00" testType="13cdc9d9-ddb5-4fa4-a97d-d965ccfc6d4b" outcome="Passed" testListId="8c84fa94-04c1-424b-9868-57a2d4851a1d" relativeResultsDirectory="7f746e54-25e3-4796-ae4b-9928ff4f1aee" />
    <UnitTestResult executionId="67084a0c-e4d5-496e-b2ed-e3eda5555032" testId="46eed830-2953-fcd5-c0a0-3903ea3c299a" testName="BuckScience.Tests.Application.Profiles.ProfileCrudTests.DeleteProfile_ValidId_DeletesProfile" computerName="runnervmf4ws1" duration="00:00:00.0111642" startTime="2025-09-10T18:10:04.9652535+00:00" endTime="2025-09-10T18:10:04.9652536+00:00" testType="13cdc9d9-ddb5-4fa4-a97d-d965ccfc6d4b" outcome="Passed" testListId="8c84fa94-04c1-424b-9868-57a2d4851a1d" relativeResultsDirectory="67084a0c-e4d5-496e-b2ed-e3eda5555032" />
    <UnitTestResult executionId="a87a4ec5-1b2a-4c12-8de2-409a684f043a" testId="a8cebbec-cc48-449c-a357-e8867b7cdbdf" testName="BuckScience.Tests.DirectionHelperTests.DirectionMapping_ShouldBeConsistent" computerName="runnervmf4ws1" duration="00:00:00.0003522" startTime="2025-09-10T18:10:03.7165383+00:00" endTime="2025-09-10T18:10:03.7165384+00:00" testType="13cdc9d9-ddb5-4fa4-a97d-d965ccfc6d4b" outcome="Passed" testListId="8c84fa94-04c1-424b-9868-57a2d4851a1d" relativeResultsDirectory="a87a4ec5-1b2a-4c12-8de2-409a684f043a" />
    <UnitTestResult executionId="cccabd4a-ec7b-472e-b421-d7558015b271" testId="d269bbab-e11e-9189-e523-cf92a42762f7" testName="BuckScience.Tests.DirectionHelperTests.FromFloat_ShouldReturnCorrectDirection(degrees: 315, expectedDirection: NW)" computerName="runnervmf4ws1" duration="00:00:00.0000030" startTime="2025-09-10T18:10:03.7141901+00:00" endTime="2025-09-10T18:10:03.7141901+00:00" testType="13cdc9d9-ddb5-4fa4-a97d-d965ccfc6d4b" outcome="Passed" testListId="8c84fa94-04c1-424b-9868-57a2d4851a1d" relativeResultsDirectory="cccabd4a-ec7b-472e-b421-d7558015b271" />
    <UnitTestResult executionId="fe698a0b-b9f7-4ce1-9cb5-819d6fcddf6d" testId="5ad698c0-31c3-b3d2-caa9-9fa5ad866948" testName="BuckScience.Tests.FeatureHelperTests.FeatureNames_ShouldContainAllClassificationTypes" computerName="runnervmf4ws1" duration="00:00:00.0010743" startTime="2025-09-10T18:10:03.6228017+00:00" endTime="2025-09-10T18:10:03.6228018+00:00" testType="13cdc9d9-ddb5-4fa4-a97d-d965ccfc6d4b" outcome="Passed" testListId="8c84fa94-04c1-424b-9868-57a2d4851a1d" relativeResultsDirectory="fe698a0b-b9f7-4ce1-9cb5-819d6fcddf6d" />
    <UnitTestResult executionId="4f34d190-a0b7-445d-88fb-64d97931f1f3" testId="6d9ecacc-771f-c0f8-81b8-e7f5f5ecfa5f" testName="BuckScience.Tests.WeatherConfigurationTests.WeatherSettings_ShouldBindFromConfiguration" computerName="runnervmf4ws1" duration="00:00:00.0015370" startTime="2025-09-10T18:10:03.7360521+00:00" endTime="2025-09-10T18:10:03.7360522+00:00" testType="13cdc9d9-ddb5-4fa4-a97d-d965ccfc6d4b" outcome="Passed" testListId="8c84fa94-04c1-424b-9868-57a2d4851a1d" relativeResultsDirectory="4f34d190-a0b7-445d-88fb-64d97931f1f3" />
    <UnitTestResult executionId="cfb5c143-3472-4ec9-a57f-83a196d89024" testId="17d2bd4a-a575-7ccc-1676-102dfc4795d6" testName="BuckScience.Tests.PhotoFilteringComprehensiveTests.CameraOption_PropertiesWork" computerName="runnervmf4ws1" duration="00:00:00.0003031" startTime="2025-09-10T18:10:04.8891870+00:00" endTime="2025-09-10T18:10:04.8891871+00:00" testType="13cdc9d9-ddb5-4fa4-a97d-d965ccfc6d4b" outcome="Passed" testListId="8c84fa94-04c1-424b-9868-57a2d4851a1d" relativeResultsDirectory="cfb5c143-3472-4ec9-a57f-83a196d89024" />
    <UnitTestResult executionId="197a9938-d354-47b7-a8a9-5814c1ddce0b" testId="d85c6fd3-7663-9ff2-9595-f7d77c06aa38" testName="BuckScience.Tests.Application.PropertyFeatureApplicationTests.UpdatePropertyFeature_WithNullWeight_SetsWeightToNull" computerName="runnervmf4ws1" duration="00:00:00.0031123" startTime="2025-09-10T18:10:04.7745022+00:00" endTime="2025-09-10T18:10:04.7745024+00:00" testType="13cdc9d9-ddb5-4fa4-a97d-d965ccfc6d4b" outcome="Passed" testListId="8c84fa94-04c1-424b-9868-57a2d4851a1d" relativeResultsDirectory="197a9938-d354-47b7-a8a9-5814c1ddce0b" />
    <UnitTestResult executionId="58980f3c-6b40-4f8b-a3f6-8c53c59b6c31" testId="231e01f7-8ce3-c622-6ddb-f4a558f73635" testName="BuckScience.Tests.Domain.MonthsAttributeTests.MonthsAttribute_Constructor_WithBoundaryValidMonths_SetsMonthsCorrectly(month: 12)" computerName="runnervmf4ws1" duration="00:00:00.0002589" startTime="2025-09-10T18:10:03.6175112+00:00" endTime="2025-09-10T18:10:03.6175113+00:00" testType="13cdc9d9-ddb5-4fa4-a97d-d965ccfc6d4b" outcome="Passed" testListId="8c84fa94-04c1-424b-9868-57a2d4851a1d" relativeResultsDirectory="58980f3c-6b40-4f8b-a3f6-8c53c59b6c31" />
    <UnitTestResult executionId="78a5cc2d-dc84-4327-af7a-1ae6be52616c" testId="b10f5741-388a-3ae9-2087-f07485587a15" testName="BuckScience.Tests.FeatureHelperTests.GetCategory_ShouldReturnCorrectCategoryForTopographicalFeatures" computerName="runnervmf4ws1" duration="00:00:00.0001973" startTime="2025-09-10T18:10:03.6185731+00:00" endTime="2025-09-10T18:10:03.6185732+00:00" testType="13cdc9d9-ddb5-4fa4-a97d-d965ccfc6d4b" outcome="Passed" testListId="8c84fa94-04c1-424b-9868-57a2d4851a1d" relativeResultsDirectory="78a5cc2d-dc84-4327-af7a-1ae6be52616c" />
    <UnitTestResult executionId="8325ddb0-d1c0-41b4-a96c-e89f699aaa46" testId="7264d755-3cfa-51c2-00b7-8c3c5d03bdbd" testName="BuckScience.Tests.Web.Helpers.WeatherHelpersTests.ConvertMoonPhaseTextToNumeric_ValidText_ReturnsCorrectValue(text: &quot;Waxing Crescent&quot;, expected: 0.125)" computerName="runnervmf4ws1" duration="00:00:00.0000094" startTime="2025-09-10T18:10:03.6359277+00:00" endTime="2025-09-10T18:10:03.6359278+00:00" testType="13cdc9d9-ddb5-4fa4-a97d-d965ccfc6d4b" outcome="Passed" testListId="8c84fa94-04c1-424b-9868-57a2d4851a1d" relativeResultsDirectory="8325ddb0-d1c0-41b4-a96c-e89f699aaa46" />
    <UnitTestResult executionId="6e46f5d5-ac87-44aa-b768-35775998544e" testId="68647ad1-4f74-1b97-159d-5659e9979e01" testName="BuckScience.Tests.Domain.MonthsAttributeTests.MonthsAttribute_Constructor_WithInvalidMonth_ThrowsArgumentOutOfRangeException(invalidMonth: 0)" computerName="runnervmf4ws1" duration="00:00:00.0000618" startTime="2025-09-10T18:10:03.6171667+00:00" endTime="2025-09-10T18:10:03.6171668+00:00" testType="13cdc9d9-ddb5-4fa4-a97d-d965ccfc6d4b" outcome="Passed" testListId="8c84fa94-04c1-424b-9868-57a2d4851a1d" relativeResultsDirectory="6e46f5d5-ac87-44aa-b768-35775998544e" />
    <UnitTestResult executionId="e91202cd-7926-4738-b59a-e4e751ff1eb0" testId="4bb73173-b83c-b642-8102-032feaeaf8ff" testName="BuckScience.Tests.DirectionHelperTests.FromFloat_ShouldReturnCorrectDirection(degrees: 135, expectedDirection: SE)" computerName="runnervmf4ws1" duration="00:00:00.0000039" startTime="2025-09-10T18:10:03.7135604+00:00" endTime="2025-09-10T18:10:03.7135604+00:00" testType="13cdc9d9-ddb5-4fa4-a97d-d965ccfc6d4b" outcome="Passed" testListId="8c84fa94-04c1-424b-9868-57a2d4851a1d" relativeResultsDirectory="e91202cd-7926-4738-b59a-e4e751ff1eb0" />
    <UnitTestResult executionId="fd8e5f4e-204d-47ab-8b44-2db1d8a660d9" testId="94acb547-5f92-9634-547a-02395bd6053e" testName="BuckScience.Tests.Web.Helpers.WeatherHelpersTests.ConvertWindDirectionTextToNumeric_InvalidText_ReturnsNull(direction: &quot;North&quot;)" computerName="runnervmf4ws1" duration="00:00:00.0000071" startTime="2025-09-10T18:10:03.6295558+00:00" endTime="2025-09-10T18:10:03.6295559+00:00" testType="13cdc9d9-ddb5-4fa4-a97d-d965ccfc6d4b" outcome="Passed" testListId="8c84fa94-04c1-424b-9868-57a2d4851a1d" relativeResultsDirectory="fd8e5f4e-204d-47ab-8b44-2db1d8a660d9" />
    <UnitTestResult executionId="e8848dac-ed1c-44d1-adef-3114f3d63caf" testId="59d49ae8-fe17-c8a4-30e6-e31bf9671e6d" testName="BuckScience.Tests.Web.Helpers.WeatherHelpersTests.ConvertWindDirectionToText_VariousAngles_ReturnsCorrectDirection(degrees: 11.25, expected: &quot;NNE&quot;)" computerName="runnervmf4ws1" duration="00:00:00.0000052" startTime="2025-09-10T18:10:03.6316968+00:00" endTime="2025-09-10T18:10:03.6316969+00:00" testType="13cdc9d9-ddb5-4fa4-a97d-d965ccfc6d4b" outcome="Passed" testListId="8c84fa94-04c1-424b-9868-57a2d4851a1d" relativeResultsDirectory="e8848dac-ed1c-44d1-adef-3114f3d63caf" />
    <UnitTestResult executionId="ae6fd4dd-bb85-48d6-8b3f-6c459c227aa0" testId="0eac1afa-cee8-c2b1-e775-7c9bd515bfb3" testName="BuckScience.Tests.Domain.SeasonExtensionsTests.GetDefaultMonths_YearRound_ReturnsAllMonths" computerName="runnervmf4ws1" duration="00:00:00.0002256" startTime="2025-09-10T18:10:03.6124590+00:00" endTime="2025-09-10T18:10:03.6124591+00:00" testType="13cdc9d9-ddb5-4fa4-a97d-d965ccfc6d4b" outcome="Passed" testListId="8c84fa94-04c1-424b-9868-57a2d4851a1d" relativeResultsDirectory="ae6fd4dd-bb85-48d6-8b3f-6c459c227aa0" />
    <UnitTestResult executionId="1da5a422-d31f-48ef-b3fe-a511f40cce52" testId="46a7f553-bbcf-0c84-0101-71d2924c06c9" testName="BuckScience.Tests.TaggingIntegrationTests.EndToEndTaggingWorkflow_ShouldWorkCorrectly" computerName="runnervmf4ws1" duration="00:00:00.1018687" startTime="2025-09-10T18:10:04.8172160+00:00" endTime="2025-09-10T18:10:04.8172161+00:00" testType="13cdc9d9-ddb5-4fa4-a97d-d965ccfc6d4b" outcome="Passed" testListId="8c84fa94-04c1-424b-9868-57a2d4851a1d" relativeResultsDirectory="1da5a422-d31f-48ef-b3fe-a511f40cce52" />
    <UnitTestResult executionId="588c4adc-1c7e-4b01-b1a6-c3df05ab9886" testId="57fdcf56-cdf1-9f39-baba-1b1c695971d5" testName="BuckScience.Tests.Web.Helpers.WeatherHelpersTests.ConvertWindDirectionTextToNumeric_CaseInsensitive_Works" computerName="runnervmf4ws1" duration="00:00:00.0002233" startTime="2025-09-10T18:10:03.6400100+00:00" endTime="2025-09-10T18:10:03.6400100+00:00" testType="13cdc9d9-ddb5-4fa4-a97d-d965ccfc6d4b" outcome="Passed" testListId="8c84fa94-04c1-424b-9868-57a2d4851a1d" relativeResultsDirectory="588c4adc-1c7e-4b01-b1a6-c3df05ab9886" />
    <UnitTestResult executionId="8ceb2a93-41dd-48f5-b290-bcbb2ece4bde" testId="d3a4b1bb-6aeb-d30b-4b3c-0f1cdc5eac6e" testName="BuckScience.Tests.Web.Helpers.WeatherHelpersTests.ConvertWindDirectionTextToNumeric_ValidDirections_ReturnsCorrectDegrees(direction: &quot;NNW&quot;, expected: 337.5)" computerName="runnervmf4ws1" duration="00:00:00.0030117" startTime="2025-09-10T18:10:03.6336408+00:00" endTime="2025-09-10T18:10:03.6336409+00:00" testType="13cdc9d9-ddb5-4fa4-a97d-d965ccfc6d4b" outcome="Passed" testListId="8c84fa94-04c1-424b-9868-57a2d4851a1d" relativeResultsDirectory="8ceb2a93-41dd-48f5-b290-bcbb2ece4bde" />
    <UnitTestResult executionId="794c2d2d-8c6a-48b0-9819-cd37465a9938" testId="a52561ca-dbe3-d21e-cc1f-fbc0bb577901" testName="BuckScience.Tests.Web.Helpers.WeatherHelpersTests.ConvertMoonPhaseTextToNumeric_ValidText_ReturnsCorrectValue(text: &quot;Full Moon&quot;, expected: 0.5)" computerName="runnervmf4ws1" duration="00:00:00.0000085" startTime="2025-09-10T18:10:03.6359757+00:00" endTime="2025-09-10T18:10:03.6359758+00:00" testType="13cdc9d9-ddb5-4fa4-a97d-d965ccfc6d4b" outcome="Passed" testListId="8c84fa94-04c1-424b-9868-57a2d4851a1d" relativeResultsDirectory="794c2d2d-8c6a-48b0-9819-cd37465a9938" />
    <UnitTestResult executionId="bd6f10f5-e18d-43a7-9a9f-2d0625558371" testId="520cf6eb-1b87-3f3a-4e2f-2f4e620f4b62" testName="BuckScience.Tests.Domain.FeatureWeightTests.FeatureWeight_IsCustom_CanBeSetInConstructor" computerName="runnervmf4ws1" duration="00:00:00.0004137" startTime="2025-09-10T18:10:04.8079313+00:00" endTime="2025-09-10T18:10:04.8079313+00:00" testType="13cdc9d9-ddb5-4fa4-a97d-d965ccfc6d4b" outcome="Passed" testListId="8c84fa94-04c1-424b-9868-57a2d4851a1d" relativeResultsDirectory="bd6f10f5-e18d-43a7-9a9f-2d0625558371" />
    <UnitTestResult executionId="96895332-16d5-496c-a226-629bc197d15b" testId="185a6cd6-33af-0e1e-0bd1-2a440f9d65a0" testName="BuckScience.Tests.CameraPlacementHistoryTests.Camera_CurrentLocationProperties_ShouldReturnFromPlacementHistory" computerName="runnervmf4ws1" duration="00:00:00.0009461" startTime="2025-09-10T18:10:04.8803835+00:00" endTime="2025-09-10T18:10:04.8803836+00:00" testType="13cdc9d9-ddb5-4fa4-a97d-d965ccfc6d4b" outcome="Passed" testListId="8c84fa94-04c1-424b-9868-57a2d4851a1d" relativeResultsDirectory="96895332-16d5-496c-a226-629bc197d15b" />
    <UnitTestResult executionId="598820e1-c434-4287-8c7b-a916351bfa75" testId="a9d39b02-2996-0d69-08ab-284d0ae0393a" testName="BuckScience.Tests.Domain.PropertySeasonMonthsOverrideTests.PropertySeasonMonthsOverride_RoundTripSerialization_MaintainsData(months: [6, 7, 8])" computerName="runnervmf4ws1" duration="00:00:00.0002587" startTime="2025-09-10T18:10:03.8131369+00:00" endTime="2025-09-10T18:10:03.8131370+00:00" testType="13cdc9d9-ddb5-4fa4-a97d-d965ccfc6d4b" outcome="Passed" testListId="8c84fa94-04c1-424b-9868-57a2d4851a1d" relativeResultsDirectory="598820e1-c434-4287-8c7b-a916351bfa75" />
    <UnitTestResult executionId="bea0d65b-27c3-489d-ab81-651c8a8070c0" testId="9e88128c-c893-0f4c-cf4f-ba4eb6951e77" testName="BuckScience.Tests.Domain.MonthsAttributeTests.MonthsAttribute_Constructor_WithAllMonths_SetsAllMonthsCorrectly" computerName="runnervmf4ws1" duration="00:00:00.0002621" startTime="2025-09-10T18:10:03.6185188+00:00" endTime="2025-09-10T18:10:03.6185188+00:00" testType="13cdc9d9-ddb5-4fa4-a97d-d965ccfc6d4b" outcome="Passed" testListId="8c84fa94-04c1-424b-9868-57a2d4851a1d" relativeResultsDirectory="bea0d65b-27c3-489d-ab81-651c8a8070c0" />
    <UnitTestResult executionId="22c70a2d-3f2c-4eaa-b4a6-b1af676d7582" testId="8d324366-3662-08e0-9537-a5a51d46bda5" testName="BuckScience.Tests.Web.Helpers.WeatherHelpersTests.ConvertMoonPhaseToText_VariousValues_ReturnsCorrectText(phase: 0.5, expected: &quot;Full Moon&quot;)" computerName="runnervmf4ws1" duration="00:00:00.0000048" startTime="2025-09-10T18:10:03.6286784+00:00" endTime="2025-09-10T18:10:03.6286785+00:00" testType="13cdc9d9-ddb5-4fa4-a97d-d965ccfc6d4b" outcome="Passed" testListId="8c84fa94-04c1-424b-9868-57a2d4851a1d" relativeResultsDirectory="22c70a2d-3f2c-4eaa-b4a6-b1af676d7582" />
    <UnitTestResult executionId="3a9ca92d-0d6c-4026-93fb-8d69b12e6982" testId="9ad59ac2-75e0-43fa-c7a4-360f06bdf706" testName="BuckScience.Tests.Domain.SeasonExtensionsTests.GetDefaultMonths_Rut_ReturnsCorrectMonths" computerName="runnervmf4ws1" duration="00:00:00.0001717" startTime="2025-09-10T18:10:03.6117656+00:00" endTime="2025-09-10T18:10:03.6117657+00:00" testType="13cdc9d9-ddb5-4fa4-a97d-d965ccfc6d4b" outcome="Passed" testListId="8c84fa94-04c1-424b-9868-57a2d4851a1d" relativeResultsDirectory="3a9ca92d-0d6c-4026-93fb-8d69b12e6982" />
    <UnitTestResult executionId="22334564-2d31-4e3f-8621-1133359c1680" testId="aecfa300-816f-69bf-9efe-1e4204feea85" testName="BuckScience.Tests.Domain.SeasonExtensionsTests.GetDefaultMonths_AllSeasons_HaveValidAttributes" computerName="runnervmf4ws1" duration="00:00:00.0084590" startTime="2025-09-10T18:10:03.6123851+00:00" endTime="2025-09-10T18:10:03.6123852+00:00" testType="13cdc9d9-ddb5-4fa4-a97d-d965ccfc6d4b" outcome="Passed" testListId="8c84fa94-04c1-424b-9868-57a2d4851a1d" relativeResultsDirectory="22334564-2d31-4e3f-8621-1133359c1680" />
    <UnitTestResult executionId="c8a099e5-03dc-427d-9c3c-67eb218378d8" testId="5d068b70-09ca-86be-04bc-7a667c7e0484" testName="BuckScience.Tests.Domain.PropertyFeatureTests.Constructor_WithNullWeight_SetsWeightToNull" computerName="runnervmf4ws1" duration="00:00:00.0001871" startTime="2025-09-10T18:10:04.7123464+00:00" endTime="2025-09-10T18:10:04.7123464+00:00" testType="13cdc9d9-ddb5-4fa4-a97d-d965ccfc6d4b" outcome="Passed" testListId="8c84fa94-04c1-424b-9868-57a2d4851a1d" relativeResultsDirectory="c8a099e5-03dc-427d-9c3c-67eb218378d8" />
    <UnitTestResult executionId="0fd18190-e1a1-4bdd-afd1-a40c2253a110" testId="c005721b-05db-8d7a-5eea-e90626721b80" testName="BuckScience.Tests.Web.Helpers.WeatherHelpersTests.ConvertWindDirectionTextToNumeric_ValidDirections_ReturnsCorrectDegrees(direction: &quot;SW&quot;, expected: 225)" computerName="runnervmf4ws1" duration="00:00:00.0000056" startTime="2025-09-10T18:10:03.6347599+00:00" endTime="2025-09-10T18:10:03.6347599+00:00" testType="13cdc9d9-ddb5-4fa4-a97d-d965ccfc6d4b" outcome="Passed" testListId="8c84fa94-04c1-424b-9868-57a2d4851a1d" relativeResultsDirectory="0fd18190-e1a1-4bdd-afd1-a40c2253a110" />
    <UnitTestResult executionId="17215a67-e286-4078-adf6-1bbcf71397f3" testId="1634510e-087e-a71c-61ba-55901a3677cc" testName="BuckScience.Tests.Web.Helpers.WeatherHelpersTests.ConvertWindDirectionTextToNumeric_ValidDirections_ReturnsCorrectDegrees(direction: &quot;NNE&quot;, expected: 22.5)" computerName="runnervmf4ws1" duration="00:00:00.0000075" startTime="2025-09-10T18:10:03.6347071+00:00" endTime="2025-09-10T18:10:03.6347072+00:00" testType="13cdc9d9-ddb5-4fa4-a97d-d965ccfc6d4b" outcome="Passed" testListId="8c84fa94-04c1-424b-9868-57a2d4851a1d" relativeResultsDirectory="17215a67-e286-4078-adf6-1bbcf71397f3" />
    <UnitTestResult executionId="4be3f372-e505-43c6-9b8d-788c31dbf03e" testId="c900e632-ca6a-8d11-765e-c59876f4f7f8" testName="BuckScience.Tests.PhotoFilteringIntegrationTests.BuildFilters_WithDateRange_ReturnsFiltersWithDates" computerName="runnervmf4ws1" duration="00:00:00.0004390" startTime="2025-09-10T18:10:04.7017973+00:00" endTime="2025-09-10T18:10:04.7017974+00:00" testType="13cdc9d9-ddb5-4fa4-a97d-d965ccfc6d4b" outcome="Passed" testListId="8c84fa94-04c1-424b-9868-57a2d4851a1d" relativeResultsDirectory="4be3f372-e505-43c6-9b8d-788c31dbf03e" />
    <UnitTestResult executionId="a0ec2857-f58d-40c2-87ca-c93d51d34315" testId="5c035d64-72fa-5f12-cc21-1e89e4c3e9b9" testName="BuckScience.Tests.Domain.PropertyFeatureTests.Constructor_AllParameters_SetsAllPropertiesCorrectly" computerName="runnervmf4ws1" duration="00:00:00.0025246" startTime="2025-09-10T18:10:04.7145973+00:00" endTime="2025-09-10T18:10:04.7145974+00:00" testType="13cdc9d9-ddb5-4fa4-a97d-d965ccfc6d4b" outcome="Passed" testListId="8c84fa94-04c1-424b-9868-57a2d4851a1d" relativeResultsDirectory="a0ec2857-f58d-40c2-87ca-c93d51d34315" />
    <UnitTestResult executionId="336decf3-980b-4051-a7f6-8d223d65f6e0" testId="615647ea-1f6e-f46b-032e-269c67342efc" testName="BuckScience.Tests.Domain.MonthsAttributeTests.MonthsAttribute_Constructor_WithSingleMonth_SetsMonthCorrectly" computerName="runnervmf4ws1" duration="00:00:00.0004018" startTime="2025-09-10T18:10:03.6173619+00:00" endTime="2025-09-10T18:10:03.6173620+00:00" testType="13cdc9d9-ddb5-4fa4-a97d-d965ccfc6d4b" outcome="Passed" testListId="8c84fa94-04c1-424b-9868-57a2d4851a1d" relativeResultsDirectory="336decf3-980b-4051-a7f6-8d223d65f6e0" />
    <UnitTestResult executionId="8ef89bc7-6b7e-454a-8f1b-64647ba9e867" testId="0c283173-5d83-3aa6-5e6a-5b618b66073f" testName="BuckScience.Tests.Domain.MonthsAttributeTests.MonthsAttribute_Constructor_WithInvalidMonth_ThrowsArgumentOutOfRangeException(invalidMonth: 13)" computerName="runnervmf4ws1" duration="00:00:00.0003119" startTime="2025-09-10T18:10:03.6162511+00:00" endTime="2025-09-10T18:10:03.6162511+00:00" testType="13cdc9d9-ddb5-4fa4-a97d-d965ccfc6d4b" outcome="Passed" testListId="8c84fa94-04c1-424b-9868-57a2d4851a1d" relativeResultsDirectory="8ef89bc7-6b7e-454a-8f1b-64647ba9e867" />
    <UnitTestResult executionId="a12f26b3-e4ef-4e5e-9c2d-1ff7e395d3d4" testId="b1f41500-5f15-b967-f0a8-55e935ea7819" testName="BuckScience.Tests.WeatherBatchProcessingTests.WeatherService_ShouldRoundCoordinatesConsistently" computerName="runnervmf4ws1" duration="00:00:00.0307192" startTime="2025-09-10T18:10:04.9218765+00:00" endTime="2025-09-10T18:10:04.9218766+00:00" testType="13cdc9d9-ddb5-4fa4-a97d-d965ccfc6d4b" outcome="Passed" testListId="8c84fa94-04c1-424b-9868-57a2d4851a1d" relativeResultsDirectory="a12f26b3-e4ef-4e5e-9c2d-1ff7e395d3d4" />
    <UnitTestResult executionId="09d2fc24-bcb5-440c-8390-e3dba214992e" testId="d9d0929f-95f9-5181-aa9b-10571d330d53" testName="BuckScience.Tests.PropertyTagUpdateTest.TaggingPhoto_ShouldUpdatePropertyTags" computerName="runnervmf4ws1" duration="00:00:00.0121686" startTime="2025-09-10T18:10:04.8874577+00:00" endTime="2025-09-10T18:10:04.8874577+00:00" testType="13cdc9d9-ddb5-4fa4-a97d-d965ccfc6d4b" outcome="Passed" testListId="8c84fa94-04c1-424b-9868-57a2d4851a1d" relativeResultsDirectory="09d2fc24-bcb5-440c-8390-e3dba214992e" />
    <UnitTestResult executionId="f815926d-8084-449f-b788-54743588e541" testId="6e95a11c-ba0a-17a5-b618-642e6194107c" testName="BuckScience.Tests.PhotoFilteringComprehensiveTests.PhotoFiltering_BackwardCompatibility_WithoutFilters" computerName="runnervmf4ws1" duration="00:00:00.0005202" startTime="2025-09-10T18:10:04.8867820+00:00" endTime="2025-09-10T18:10:04.8867820+00:00" testType="13cdc9d9-ddb5-4fa4-a97d-d965ccfc6d4b" outcome="Passed" testListId="8c84fa94-04c1-424b-9868-57a2d4851a1d" relativeResultsDirectory="f815926d-8084-449f-b788-54743588e541" />
    <UnitTestResult executionId="50c0a823-0006-4fd6-b87a-a5eedf3d006d" testId="75db6be7-a24b-fda6-3919-e716d174ed3d" testName="BuckScience.Tests.TaggingRequirementsTests.Requirement2_PhotoTagging_ShouldSupportBulkOperations" computerName="runnervmf4ws1" duration="00:00:00.1588664" startTime="2025-09-10T18:10:04.8070331+00:00" endTime="2025-09-10T18:10:04.8070332+00:00" testType="13cdc9d9-ddb5-4fa4-a97d-d965ccfc6d4b" outcome="Passed" testListId="8c84fa94-04c1-424b-9868-57a2d4851a1d" relativeResultsDirectory="50c0a823-0006-4fd6-b87a-a5eedf3d006d" />
    <UnitTestResult executionId="22dd0bb1-7908-42e9-b3bb-5b8936a3fac8" testId="188163b5-3a99-e726-205c-6b6fc846baac" testName="BuckScience.Tests.PhotoGroupingTests.PhotoGrouping_ShouldGroupByMonthYear_Ascending" computerName="runnervmf4ws1" duration="00:00:00.0100719" startTime="2025-09-10T18:10:03.6157664+00:00" endTime="2025-09-10T18:10:03.6157664+00:00" testType="13cdc9d9-ddb5-4fa4-a97d-d965ccfc6d4b" outcome="Passed" testListId="8c84fa94-04c1-424b-9868-57a2d4851a1d" relativeResultsDirectory="22dd0bb1-7908-42e9-b3bb-5b8936a3fac8" />
    <UnitTestResult executionId="d0f78012-4a32-47fb-b33c-ae1f83f28f1d" testId="510de9dc-e90e-bdb2-662b-4a218168ebca" testName="BuckScience.Tests.DirectionHelperTests.FromFloat_ShouldReturnCorrectDirection(degrees: 180, expectedDirection: S)" computerName="runnervmf4ws1" duration="00:00:00.0002838" startTime="2025-09-10T18:10:03.7134414+00:00" endTime="2025-09-10T18:10:03.7134414+00:00" testType="13cdc9d9-ddb5-4fa4-a97d-d965ccfc6d4b" outcome="Passed" testListId="8c84fa94-04c1-424b-9868-57a2d4851a1d" relativeResultsDirectory="d0f78012-4a32-47fb-b33c-ae1f83f28f1d" />
    <UnitTestResult executionId="575370f0-dc7a-4644-917e-b76ae1352ce3" testId="4949997c-46c8-3183-1501-b1267871bfcf" testName="BuckScience.Tests.DirectionHelperTests.FromFloat_ShouldReturnCorrectDirection(degrees: 0, expectedDirection: N)" computerName="runnervmf4ws1" duration="00:00:00.0000027" startTime="2025-09-10T18:10:03.7143634+00:00" endTime="2025-09-10T18:10:03.7143635+00:00" testType="13cdc9d9-ddb5-4fa4-a97d-d965ccfc6d4b" outcome="Passed" testListId="8c84fa94-04c1-424b-9868-57a2d4851a1d" relativeResultsDirectory="575370f0-dc7a-4644-917e-b76ae1352ce3" />
    <UnitTestResult executionId="eca32b03-5066-47a3-956e-0cb4455d1bdf" testId="343fd73e-33e0-a251-14f5-344e69186a31" testName="BuckScience.Tests.Domain.PropertySeasonMonthsOverrideTests.PropertySeasonMonthsOverride_Constructor_WithInvalidMonths_ThrowsArgumentOutOfRangeException(invalidMonths: [1, 13])" computerName="runnervmf4ws1" duration="00:00:00.0000578" startTime="2025-09-10T18:10:03.8244214+00:00" endTime="2025-09-10T18:10:03.8244215+00:00" testType="13cdc9d9-ddb5-4fa4-a97d-d965ccfc6d4b" outcome="Passed" testListId="8c84fa94-04c1-424b-9868-57a2d4851a1d" relativeResultsDirectory="eca32b03-5066-47a3-956e-0cb4455d1bdf" />
    <UnitTestResult executionId="4ec14ad7-2996-4790-a61d-20afc3d41d1c" testId="44213f5c-f4e3-7f19-6a5d-6c4a3c8d0dec" testName="BuckScience.Tests.Web.Helpers.WeatherHelpersTests.ConvertWindDirectionTextToNumeric_ValidDirections_ReturnsCorrectDegrees(direction: &quot;SSE&quot;, expected: 157.5)" computerName="runnervmf4ws1" duration="00:00:00.0000135" startTime="2025-09-10T18:10:03.6337872+00:00" endTime="2025-09-10T18:10:03.6337873+00:00" testType="13cdc9d9-ddb5-4fa4-a97d-d965ccfc6d4b" outcome="Passed" testListId="8c84fa94-04c1-424b-9868-57a2d4851a1d" relativeResultsDirectory="4ec14ad7-2996-4790-a61d-20afc3d41d1c" />
    <UnitTestResult executionId="c8b11675-bf27-46d7-9861-2148c95ae525" testId="19df813d-aa7e-5539-ce76-ba8a68683016" testName="BuckScience.Tests.Application.Profiles.ProfileCrudTests.GetProfile_ValidId_ReturnsProfile" computerName="runnervmf4ws1" duration="00:00:00.0193370" startTime="2025-09-10T18:10:04.9540229+00:00" endTime="2025-09-10T18:10:04.9540230+00:00" testType="13cdc9d9-ddb5-4fa4-a97d-d965ccfc6d4b" outcome="Passed" testListId="8c84fa94-04c1-424b-9868-57a2d4851a1d" relativeResultsDirectory="c8b11675-bf27-46d7-9861-2148c95ae525" />
    <UnitTestResult executionId="63cf8c1c-17c3-4823-b924-2a25b5ded412" testId="78fd4f15-08d5-878b-fd2a-dd2d3bcc8384" testName="BuckScience.Tests.PhotoFilteringUrlExamples.BuildFilters_UrlParameters_ShouldParseCorrectly(urlParams: &quot;tempMax=25&quot;, expectedTempMin: null, expectedTempMax: 25, expectedWindMin: null, expectedWindMax: null)" computerName="runnervmf4ws1" duration="00:00:00.0003998" startTime="2025-09-10T18:10:04.6927573+00:00" endTime="2025-09-10T18:10:04.6927575+00:00" testType="13cdc9d9-ddb5-4fa4-a97d-d965ccfc6d4b" outcome="Passed" testListId="8c84fa94-04c1-424b-9868-57a2d4851a1d" relativeResultsDirectory="63cf8c1c-17c3-4823-b924-2a25b5ded412" />
    <UnitTestResult executionId="259c31ba-c82b-42e8-82b7-062eca831d11" testId="81cae9df-520c-bb72-ca7a-30a828451359" testName="BuckScience.Tests.PhotoFilteringComprehensiveTests.PhotoFilters_ComplexCombination_AllFilterTypes" computerName="runnervmf4ws1" duration="00:00:00.0009523" startTime="2025-09-10T18:10:04.8888185+00:00" endTime="2025-09-10T18:10:04.8888186+00:00" testType="13cdc9d9-ddb5-4fa4-a97d-d965ccfc6d4b" outcome="Passed" testListId="8c84fa94-04c1-424b-9868-57a2d4851a1d" relativeResultsDirectory="259c31ba-c82b-42e8-82b7-062eca831d11" />
    <UnitTestResult executionId="c4defdf1-0ce6-4dbf-b5ba-2214e2edf41a" testId="f34471f4-815a-4ec3-4038-5fedcb003a99" testName="BuckScience.Tests.Domain.FeatureWeightTests.FeatureWeight_IsCustom_DefaultsToFalse" computerName="runnervmf4ws1" duration="00:00:00.0001274" startTime="2025-09-10T18:10:04.8763599+00:00" endTime="2025-09-10T18:10:04.8763599+00:00" testType="13cdc9d9-ddb5-4fa4-a97d-d965ccfc6d4b" outcome="Passed" testListId="8c84fa94-04c1-424b-9868-57a2d4851a1d" relativeResultsDirectory="c4defdf1-0ce6-4dbf-b5ba-2214e2edf41a" />
    <UnitTestResult executionId="56d427a8-cf3e-43c2-8029-0de7b7777f9f" testId="4018bd47-d5cd-e85a-b6de-7760e129dafa" testName="BuckScience.Tests.Web.Helpers.WeatherHelpersTests.ConvertWindDirectionToText_VariousAngles_ReturnsCorrectDirection(degrees: 180, expected: &quot;S&quot;)" computerName="runnervmf4ws1" duration="00:00:00.0000083" startTime="2025-09-10T18:10:03.6297497+00:00" endTime="2025-09-10T18:10:03.6297497+00:00" testType="13cdc9d9-ddb5-4fa4-a97d-d965ccfc6d4b" outcome="Passed" testListId="8c84fa94-04c1-424b-9868-57a2d4851a1d" relativeResultsDirectory="56d427a8-cf3e-43c2-8029-0de7b7777f9f" />
    <UnitTestResult executionId="237fcb4e-c5e0-4026-9a5d-83e1707f9e81" testId="aef446e3-f136-0d0b-1c4f-72b145e6d953" testName="BuckScience.Tests.DirectionHelperTests.FromFloat_ShouldFindClosestDirection(degrees: 365, expectedDirection: N)" computerName="runnervmf4ws1" duration="00:00:00.0002455" startTime="2025-09-10T18:10:03.7154864+00:00" endTime="2025-09-10T18:10:03.7154865+00:00" testType="13cdc9d9-ddb5-4fa4-a97d-d965ccfc6d4b" outcome="Passed" testListId="8c84fa94-04c1-424b-9868-57a2d4851a1d" relativeResultsDirectory="237fcb4e-c5e0-4026-9a5d-83e1707f9e81" />
    <UnitTestResult executionId="afe0f799-d13f-4a67-bad2-ba5257e0f557" testId="f33495c4-e0d0-5acc-0d2f-99762039f6f2" testName="BuckScience.Tests.Domain.FeatureWeightTests.FeatureWeight_UpdateUserWeight_WithNullSetsIsCustomToFalse" computerName="runnervmf4ws1" duration="00:00:00.0001595" startTime="2025-09-10T18:10:04.8764373+00:00" endTime="2025-09-10T18:10:04.8764374+00:00" testType="13cdc9d9-ddb5-4fa4-a97d-d965ccfc6d4b" outcome="Passed" testListId="8c84fa94-04c1-424b-9868-57a2d4851a1d" relativeResultsDirectory="afe0f799-d13f-4a67-bad2-ba5257e0f557" />
    <UnitTestResult executionId="98af505f-b76c-4515-97ed-6b61df456422" testId="ccc07dc4-5c65-0922-771d-b881981eeb94" testName="BuckScience.Tests.PhotoPlacementHistoryTests.Photo_SetCameraPlacementHistory_ShouldAllowNull" computerName="runnervmf4ws1" duration="00:00:00.0004247" startTime="2025-09-10T18:10:03.6123107+00:00" endTime="2025-09-10T18:10:03.6123107+00:00" testType="13cdc9d9-ddb5-4fa4-a97d-d965ccfc6d4b" outcome="Passed" testListId="8c84fa94-04c1-424b-9868-57a2d4851a1d" relativeResultsDirectory="98af505f-b76c-4515-97ed-6b61df456422" />
    <UnitTestResult executionId="81d1c705-0478-4385-a9fc-877eec98a55a" testId="c77238a9-c057-c0ba-9741-2b480cb950cf" testName="BuckScience.Tests.Domain.PropertySeasonMonthsOverrideTests.PropertySeasonMonthsOverride_Constructor_WithInvalidMonths_ThrowsArgumentOutOfRangeException(invalidMonths: [13])" computerName="runnervmf4ws1" duration="00:00:00.0005156" startTime="2025-09-10T18:10:03.8238723+00:00" endTime="2025-09-10T18:10:03.8238724+00:00" testType="13cdc9d9-ddb5-4fa4-a97d-d965ccfc6d4b" outcome="Passed" testListId="8c84fa94-04c1-424b-9868-57a2d4851a1d" relativeResultsDirectory="81d1c705-0478-4385-a9fc-877eec98a55a" />
    <UnitTestResult executionId="701e3c37-7e7c-4af4-b655-f7196ff9a560" testId="7ae16dcf-6b89-2e79-9d90-4b5fa9ac7af9" testName="BuckScience.Tests.Domain.FeatureWeightTests.FeatureWeight_UpdateUserWeight_UpdatesValueAndTimestamp" computerName="runnervmf4ws1" duration="00:00:00.0109056" startTime="2025-09-10T18:10:04.8201214+00:00" endTime="2025-09-10T18:10:04.8201215+00:00" testType="13cdc9d9-ddb5-4fa4-a97d-d965ccfc6d4b" outcome="Passed" testListId="8c84fa94-04c1-424b-9868-57a2d4851a1d" relativeResultsDirectory="701e3c37-7e7c-4af4-b655-f7196ff9a560" />
    <UnitTestResult executionId="c430ad20-24e7-4a16-9b2f-b79e392bc952" testId="4331c44f-f3ff-6fce-80db-d30dfc1b0433" testName="BuckScience.Tests.DirectionHelperTests.ToFloat_ShouldReturnCorrectDegrees(direction: NE, expectedDegrees: 45)" computerName="runnervmf4ws1" duration="00:00:00.0000017" startTime="2025-09-10T18:10:03.7153703+00:00" endTime="2025-09-10T18:10:03.7153703+00:00" testType="13cdc9d9-ddb5-4fa4-a97d-d965ccfc6d4b" outcome="Passed" testListId="8c84fa94-04c1-424b-9868-57a2d4851a1d" relativeResultsDirectory="c430ad20-24e7-4a16-9b2f-b79e392bc952" />
    <UnitTestResult executionId="de035df4-7d3d-44b7-befd-9a37a9a81bdf" testId="ad4bf482-4b9d-1c7e-1b22-27f5b448acad" testName="BuckScience.Tests.Domain.MonthsAttributeTests.MonthsAttribute_Constructor_WithNullMonths_ThrowsArgumentNullException" computerName="runnervmf4ws1" duration="00:00:00.0007487" startTime="2025-09-10T18:10:03.6176460+00:00" endTime="2025-09-10T18:10:03.6176461+00:00" testType="13cdc9d9-ddb5-4fa4-a97d-d965ccfc6d4b" outcome="Passed" testListId="8c84fa94-04c1-424b-9868-57a2d4851a1d" relativeResultsDirectory="de035df4-7d3d-44b7-befd-9a37a9a81bdf" />
    <UnitTestResult executionId="cb94e807-8962-4bfb-885c-b17b120aa058" testId="8bb24d97-4056-0aed-e738-d86e9d34f566" testName="BuckScience.Tests.Web.Helpers.WeatherHelpersTests.ConvertWindDirectionTextToNumeric_ValidDirections_ReturnsCorrectDegrees(direction: &quot;ESE&quot;, expected: 112.5)" computerName="runnervmf4ws1" duration="00:00:00.0000074" startTime="2025-09-10T18:10:03.6345042+00:00" endTime="2025-09-10T18:10:03.6345043+00:00" testType="13cdc9d9-ddb5-4fa4-a97d-d965ccfc6d4b" outcome="Passed" testListId="8c84fa94-04c1-424b-9868-57a2d4851a1d" relativeResultsDirectory="cb94e807-8962-4bfb-885c-b17b120aa058" />
    <UnitTestResult executionId="fbafbbe6-2a77-4e1d-a20b-a2256968f76d" testId="a5f21c48-f469-8d11-cd8e-07391ae2a35b" testName="BuckScience.Tests.Domain.FeatureWeightTests.FeatureWeightHelper_GetDefaultWeight_ReturnsExpectedValues(type: Saddle, expectedWeight: 0.800000012)" computerName="runnervmf4ws1" duration="00:00:00.0002185" startTime="2025-09-10T18:10:04.8047833+00:00" endTime="2025-09-10T18:10:04.8047834+00:00" testType="13cdc9d9-ddb5-4fa4-a97d-d965ccfc6d4b" outcome="Passed" testListId="8c84fa94-04c1-424b-9868-57a2d4851a1d" relativeResultsDirectory="fbafbbe6-2a77-4e1d-a20b-a2256968f76d" />
    <UnitTestResult executionId="f94d7118-91d5-4b15-95b1-f07dfacac008" testId="d40d14e6-e55e-a2ee-7c2d-3f2b4d1650c4" testName="BuckScience.Tests.CameraEditVmTests.CameraEditVm_SyncSelectionFromDirection_ShouldUpdateDirectionSelection" computerName="runnervmf4ws1" duration="00:00:00.0004672" startTime="2025-09-10T18:10:03.7244208+00:00" endTime="2025-09-10T18:10:03.7244209+00:00" testType="13cdc9d9-ddb5-4fa4-a97d-d965ccfc6d4b" outcome="Passed" testListId="8c84fa94-04c1-424b-9868-57a2d4851a1d" relativeResultsDirectory="f94d7118-91d5-4b15-95b1-f07dfacac008" />
    <UnitTestResult executionId="eb881c48-d744-4b8d-9790-a8efb9509453" testId="99b19fe9-9646-fec1-29a0-b1e5f49baebb" testName="BuckScience.Tests.Domain.PropertyFeatureTests.SetWeight_WithInvalidWeight_ThrowsArgumentOutOfRangeException(weight: 1.10000002)" computerName="runnervmf4ws1" duration="00:00:00.0002574" startTime="2025-09-10T18:10:04.7099400+00:00" endTime="2025-09-10T18:10:04.7099401+00:00" testType="13cdc9d9-ddb5-4fa4-a97d-d965ccfc6d4b" outcome="Passed" testListId="8c84fa94-04c1-424b-9868-57a2d4851a1d" relativeResultsDirectory="eb881c48-d744-4b8d-9790-a8efb9509453" />
    <UnitTestResult executionId="4e32d6ef-0236-400a-8e3b-ff9a01b9a610" testId="5281d8e8-e57c-c45e-69f7-66dd4ef8cb7b" testName="BuckScience.Tests.PhotoFiltersTests.PhotoFilters_HasAnyFilters_ReturnsTrueWhenDateFilterSet" computerName="runnervmf4ws1" duration="00:00:00.0003980" startTime="2025-09-10T18:10:03.6119630+00:00" endTime="2025-09-10T18:10:03.6119631+00:00" testType="13cdc9d9-ddb5-4fa4-a97d-d965ccfc6d4b" outcome="Passed" testListId="8c84fa94-04c1-424b-9868-57a2d4851a1d" relativeResultsDirectory="4e32d6ef-0236-400a-8e3b-ff9a01b9a610" />
    <UnitTestResult executionId="0967636e-f392-4279-acaa-4c89bc8ebaec" testId="08a9b593-cfee-9bdf-6d80-833bb0b65ba9" testName="BuckScience.Tests.CameraCreateVmTests.CameraCreateVm_SyncSelectionFromDirection_ShouldUpdateDirectionSelection" computerName="runnervmf4ws1" duration="00:00:00.0046674" startTime="2025-09-10T18:10:03.7125344+00:00" endTime="2025-09-10T18:10:03.7125345+00:00" testType="13cdc9d9-ddb5-4fa4-a97d-d965ccfc6d4b" outcome="Passed" testListId="8c84fa94-04c1-424b-9868-57a2d4851a1d" relativeResultsDirectory="0967636e-f392-4279-acaa-4c89bc8ebaec" />
    <UnitTestResult executionId="6e851683-88d4-4b7f-9405-43e0a0e24b5d" testId="ce19e570-cfff-5516-73c5-0c25670038af" testName="BuckScience.Tests.PhotoFiltersTests.PhotoFilters_HasWeatherFilters_ReturnsTrueWhenTemperatureFilterSet" computerName="runnervmf4ws1" duration="00:00:00.0003856" startTime="2025-09-10T18:10:03.5890969+00:00" endTime="2025-09-10T18:10:03.5890970+00:00" testType="13cdc9d9-ddb5-4fa4-a97d-d965ccfc6d4b" outcome="Passed" testListId="8c84fa94-04c1-424b-9868-57a2d4851a1d" relativeResultsDirectory="6e851683-88d4-4b7f-9405-43e0a0e24b5d" />
    <UnitTestResult executionId="5fe6448d-922c-47a2-9f9a-92dca04bb9a2" testId="1d2cb59d-b905-737a-61a2-6d873910d1e1" testName="BuckScience.Tests.Domain.FeatureWeightTests.FeatureWeightHelper_GetCategory_ReturnsCorrectCategory(type: Creek, expectedCategory: ResourceWater)" computerName="runnervmf4ws1" duration="00:00:00.0000050" startTime="2025-09-10T18:10:04.8209475+00:00" endTime="2025-09-10T18:10:04.8209475+00:00" testType="13cdc9d9-ddb5-4fa4-a97d-d965ccfc6d4b" outcome="Passed" testListId="8c84fa94-04c1-424b-9868-57a2d4851a1d" relativeResultsDirectory="5fe6448d-922c-47a2-9f9a-92dca04bb9a2" />
    <UnitTestResult executionId="b519fd80-e3d9-4976-8336-5632e005a593" testId="3b62dc28-12fd-93fe-6512-390293682652" testName="BuckScience.Tests.CameraCreateVmTests.CameraCreateVm_PropertyCoordinates_ShouldBeInitializedToZero" computerName="runnervmf4ws1" duration="00:00:00.0001557" startTime="2025-09-10T18:10:03.7077974+00:00" endTime="2025-09-10T18:10:03.7077975+00:00" testType="13cdc9d9-ddb5-4fa4-a97d-d965ccfc6d4b" outcome="Passed" testListId="8c84fa94-04c1-424b-9868-57a2d4851a1d" relativeResultsDirectory="b519fd80-e3d9-4976-8336-5632e005a593" />
    <UnitTestResult executionId="ba0a3d4e-685f-4276-879f-eca81d46033b" testId="f2ce22ba-4e0c-a11c-c657-a799ce863a26" testName="BuckScience.Tests.Web.Helpers.WeatherHelpersTests.ConvertMoonPhaseTextToNumeric_InvalidText_ReturnsNull(text: &quot;&quot;)" computerName="runnervmf4ws1" duration="00:00:00.0001889" startTime="2025-09-10T18:10:03.6398350+00:00" endTime="2025-09-10T18:10:03.6398351+00:00" testType="13cdc9d9-ddb5-4fa4-a97d-d965ccfc6d4b" outcome="Passed" testListId="8c84fa94-04c1-424b-9868-57a2d4851a1d" relativeResultsDirectory="ba0a3d4e-685f-4276-879f-eca81d46033b" />
    <UnitTestResult executionId="97d65ae4-63a8-4562-a030-60d399725cc6" testId="ec065801-9998-c7ce-5285-3fe14e38cdac" testName="BuckScience.Tests.Web.Helpers.WeatherHelpersTests.ConvertWindDirectionTextToNumeric_InvalidText_ReturnsNull(direction: &quot;   &quot;)" computerName="runnervmf4ws1" duration="00:00:00.0005714" startTime="2025-09-10T18:10:03.6288378+00:00" endTime="2025-09-10T18:10:03.6288379+00:00" testType="13cdc9d9-ddb5-4fa4-a97d-d965ccfc6d4b" outcome="Passed" testListId="8c84fa94-04c1-424b-9868-57a2d4851a1d" relativeResultsDirectory="97d65ae4-63a8-4562-a030-60d399725cc6" />
    <UnitTestResult executionId="9b07e907-fd4a-4074-87b9-6b2d1be27ce5" testId="2b9ecce3-1ede-532e-6e3c-66b19452e797" testName="BuckScience.Tests.Application.SeasonMonthMappingServiceTests.GetMonthsForPropertyAsync_WithNullProperty_ReturnsDefaultMonths" computerName="runnervmf4ws1" duration="00:00:00.0024618" startTime="2025-09-10T18:10:03.6897289+00:00" endTime="2025-09-10T18:10:03.6897290+00:00" testType="13cdc9d9-ddb5-4fa4-a97d-d965ccfc6d4b" outcome="Passed" testListId="8c84fa94-04c1-424b-9868-57a2d4851a1d" relativeResultsDirectory="9b07e907-fd4a-4074-87b9-6b2d1be27ce5" />
    <UnitTestResult executionId="0d6c8540-d33e-4a5b-b016-e5a50b489d10" testId="d2d2f826-9cbd-9c14-4121-a07b2094c76e" testName="BuckScience.Tests.DirectionHelperTests.ToFloat_ShouldReturnCorrectDegrees(direction: SW, expectedDegrees: 225)" computerName="runnervmf4ws1" duration="00:00:00.0000023" startTime="2025-09-10T18:10:03.7145820+00:00" endTime="2025-09-10T18:10:03.7145820+00:00" testType="13cdc9d9-ddb5-4fa4-a97d-d965ccfc6d4b" outcome="Passed" testListId="8c84fa94-04c1-424b-9868-57a2d4851a1d" relativeResultsDirectory="0d6c8540-d33e-4a5b-b016-e5a50b489d10" />
    <UnitTestResult executionId="24c470a9-0896-40f0-8e72-1d7ed553b5b5" testId="e9f8fc86-f5b4-af50-fd5d-96735f013b0a" testName="BuckScience.Tests.PhotoUploadIntegrationTests.PhotoUpload_WithCameraPlacement_ShouldAssociatePlacementHistory" computerName="runnervmf4ws1" duration="00:00:00.0003900" startTime="2025-09-10T18:10:03.6407494+00:00" endTime="2025-09-10T18:10:03.6407494+00:00" testType="13cdc9d9-ddb5-4fa4-a97d-d965ccfc6d4b" outcome="Passed" testListId="8c84fa94-04c1-424b-9868-57a2d4851a1d" relativeResultsDirectory="24c470a9-0896-40f0-8e72-1d7ed553b5b5" />
    <UnitTestResult executionId="51efb924-00ce-485b-9aed-138dc120b64d" testId="7882d79f-7e75-7cd0-3f6e-4fc087cc8ade" testName="BuckScience.Tests.DirectionHelperTests.ToFloat_ShouldReturnCorrectDegrees(direction: N, expectedDegrees: 0)" computerName="runnervmf4ws1" duration="00:00:00.0000018" startTime="2025-09-10T18:10:03.7146328+00:00" endTime="2025-09-10T18:10:03.7146329+00:00" testType="13cdc9d9-ddb5-4fa4-a97d-d965ccfc6d4b" outcome="Passed" testListId="8c84fa94-04c1-424b-9868-57a2d4851a1d" relativeResultsDirectory="51efb924-00ce-485b-9aed-138dc120b64d" />
    <UnitTestResult executionId="d558d444-0da0-4a12-aafe-8cabdb11f9f3" testId="33aaf4d3-9999-0bc6-ded9-bd2870cebad9" testName="BuckScience.Tests.Web.Helpers.WeatherHelpersTests.ConvertWindDirectionToText_VariousAngles_ReturnsCorrectDirection(degrees: 22.5, expected: &quot;NNE&quot;)" computerName="runnervmf4ws1" duration="00:00:00.0000052" startTime="2025-09-10T18:10:03.6298059+00:00" endTime="2025-09-10T18:10:03.6298060+00:00" testType="13cdc9d9-ddb5-4fa4-a97d-d965ccfc6d4b" outcome="Passed" testListId="8c84fa94-04c1-424b-9868-57a2d4851a1d" relativeResultsDirectory="d558d444-0da0-4a12-aafe-8cabdb11f9f3" />
    <UnitTestResult executionId="aff6749e-9d49-46e6-b822-98e4e8fbaa54" testId="af05f3f5-fc25-06fd-0f22-fca8b27396d1" testName="BuckScience.Tests.Domain.PropertyFeatureTests.Constructor_WithInvalidWeight_ThrowsArgumentOutOfRangeException(weight: -1)" computerName="runnervmf4ws1" duration="00:00:00.0000655" startTime="2025-09-10T18:10:04.7115687+00:00" endTime="2025-09-10T18:10:04.7115688+00:00" testType="13cdc9d9-ddb5-4fa4-a97d-d965ccfc6d4b" outcome="Passed" testListId="8c84fa94-04c1-424b-9868-57a2d4851a1d" relativeResultsDirectory="aff6749e-9d49-46e6-b822-98e4e8fbaa54" />
    <UnitTestResult executionId="5662163d-b378-4e53-a568-809d2a8a804a" testId="b1a32a5b-bec7-9c13-ecb5-d09eae519281" testName="BuckScience.Tests.WeatherConfigurationTests.WeatherApiSettings_ShouldBindFromConfiguration" computerName="runnervmf4ws1" duration="00:00:00.0080759" startTime="2025-09-10T18:10:03.7344493+00:00" endTime="2025-09-10T18:10:03.7344494+00:00" testType="13cdc9d9-ddb5-4fa4-a97d-d965ccfc6d4b" outcome="Passed" testListId="8c84fa94-04c1-424b-9868-57a2d4851a1d" relativeResultsDirectory="5662163d-b378-4e53-a568-809d2a8a804a" />
    <UnitTestResult executionId="ccf7c512-e015-4590-b406-331f4c57fbcd" testId="5def33b1-c62c-99fb-8bf7-753117f8b16e" testName="BuckScience.Tests.Domain.FeatureWeightTests.FeatureWeight_ResetToDefault_ClearsCustomizations" computerName="runnervmf4ws1" duration="00:00:00.0005195" startTime="2025-09-10T18:10:04.8598032+00:00" endTime="2025-09-10T18:10:04.8598033+00:00" testType="13cdc9d9-ddb5-4fa4-a97d-d965ccfc6d4b" outcome="Passed" testListId="8c84fa94-04c1-424b-9868-57a2d4851a1d" relativeResultsDirectory="ccf7c512-e015-4590-b406-331f4c57fbcd" />
    <UnitTestResult executionId="c5caa781-2445-4be7-9d23-624e81e2be07" testId="b6a182bd-655d-0c92-283a-3c75d3d71c02" testName="BuckScience.Tests.Application.PropertyFeatureApplicationTests.ListPropertyFeatures_ReturnsWeightsCorrectly" computerName="runnervmf4ws1" duration="00:00:00.0241151" startTime="2025-09-10T18:10:04.8027188+00:00" endTime="2025-09-10T18:10:04.8027189+00:00" testType="13cdc9d9-ddb5-4fa4-a97d-d965ccfc6d4b" outcome="Passed" testListId="8c84fa94-04c1-424b-9868-57a2d4851a1d" relativeResultsDirectory="c5caa781-2445-4be7-9d23-624e81e2be07" />
    <UnitTestResult executionId="404eabb5-dfe4-4851-adcf-729406e56628" testId="3d204cd7-14f8-bc71-3ad1-38415f6304bc" testName="BuckScience.Tests.PhotoPlacementHistoryTests.Photo_SetCameraPlacementHistory_ShouldSetValue" computerName="runnervmf4ws1" duration="00:00:00.0002517" startTime="2025-09-10T18:10:03.6147429+00:00" endTime="2025-09-10T18:10:03.6147430+00:00" testType="13cdc9d9-ddb5-4fa4-a97d-d965ccfc6d4b" outcome="Passed" testListId="8c84fa94-04c1-424b-9868-57a2d4851a1d" relativeResultsDirectory="404eabb5-dfe4-4851-adcf-729406e56628" />
    <UnitTestResult executionId="d408700b-6c9e-451d-9ccd-d27efadbd6a5" testId="fa35896d-315e-329a-8dc3-bb5ba3189b52" testName="BuckScience.Tests.Web.Helpers.WeatherHelpersTests.ConvertWindDirectionTextToNumeric_ValidDirections_ReturnsCorrectDegrees(direction: &quot;WNW&quot;, expected: 292.5)" computerName="runnervmf4ws1" duration="00:00:00.0003186" startTime="2025-09-10T18:10:03.6337243+00:00" endTime="2025-09-10T18:10:03.6337243+00:00" testType="13cdc9d9-ddb5-4fa4-a97d-d965ccfc6d4b" outcome="Passed" testListId="8c84fa94-04c1-424b-9868-57a2d4851a1d" relativeResultsDirectory="d408700b-6c9e-451d-9ccd-d27efadbd6a5" />
    <UnitTestResult executionId="0bb04b59-dcbd-4ff3-824b-8575aa2160ab" testId="35247ab4-97a5-e557-91c7-742a1f89dba4" testName="BuckScience.Tests.Web.Helpers.WeatherHelpersTests.ConvertWindDirectionTextToNumeric_InvalidText_ReturnsNull(direction: &quot;Northeast&quot;)" computerName="runnervmf4ws1" duration="00:00:00.0003228" startTime="2025-09-10T18:10:03.6288880+00:00" endTime="2025-09-10T18:10:03.6288880+00:00" testType="13cdc9d9-ddb5-4fa4-a97d-d965ccfc6d4b" outcome="Passed" testListId="8c84fa94-04c1-424b-9868-57a2d4851a1d" relativeResultsDirectory="0bb04b59-dcbd-4ff3-824b-8575aa2160ab" />
    <UnitTestResult executionId="f4e978e0-022b-4ef2-9502-c6c7035c72a5" testId="48d95b96-b471-deb8-51bf-62c5a89928a2" testName="BuckScience.Tests.Web.Helpers.WeatherHelpersTests.ConvertMoonPhaseToText_VariousValues_ReturnsCorrectText(phase: 0.59999999999999998, expected: &quot;Waning Gibbous&quot;)" computerName="runnervmf4ws1" duration="00:00:00.0000035" startTime="2025-09-10T18:10:03.6285484+00:00" endTime="2025-09-10T18:10:03.6285484+00:00" testType="13cdc9d9-ddb5-4fa4-a97d-d965ccfc6d4b" outcome="Passed" testListId="8c84fa94-04c1-424b-9868-57a2d4851a1d" relativeResultsDirectory="f4e978e0-022b-4ef2-9502-c6c7035c72a5" />
    <UnitTestResult executionId="f3654349-bab9-4d95-9cfb-1a8d520d87a6" testId="6312f765-830a-9014-ae5b-70adf30832c5" testName="BuckScience.Tests.Domain.PropertyFeatureTests.SetWeight_WithInvalidWeight_ThrowsArgumentOutOfRangeException(weight: -0.100000001)" computerName="runnervmf4ws1" duration="00:00:00.0009471" startTime="2025-09-10T18:10:04.7098750+00:00" endTime="2025-09-10T18:10:04.7098751+00:00" testType="13cdc9d9-ddb5-4fa4-a97d-d965ccfc6d4b" outcome="Passed" testListId="8c84fa94-04c1-424b-9868-57a2d4851a1d" relativeResultsDirectory="f3654349-bab9-4d95-9cfb-1a8d520d87a6" />
    <UnitTestResult executionId="ff52f780-a6f3-4976-b6c2-a3bfba9a5806" testId="4e409710-7600-d8ec-3aaf-52ff72372913" testName="BuckScience.Tests.Domain.SeasonExtensionsTests.GetDefaultMonths_PreRut_ReturnsCorrectMonths" computerName="runnervmf4ws1" duration="00:00:00.0001448" startTime="2025-09-10T18:10:03.6159866+00:00" endTime="2025-09-10T18:10:03.6159867+00:00" testType="13cdc9d9-ddb5-4fa4-a97d-d965ccfc6d4b" outcome="Passed" testListId="8c84fa94-04c1-424b-9868-57a2d4851a1d" relativeResultsDirectory="ff52f780-a6f3-4976-b6c2-a3bfba9a5806" />
    <UnitTestResult executionId="37d4b077-ec7e-4823-819c-fa248b7a7fbf" testId="c7c0db12-a7c7-5d4d-aeb3-925cdb576fb9" testName="BuckScience.Tests.Domain.FeatureWeightTests.FeatureWeight_ResetToDefault_UpdatesTimestamp" computerName="runnervmf4ws1" duration="00:00:00.0102558" startTime="2025-09-10T18:10:04.8706986+00:00" endTime="2025-09-10T18:10:04.8706987+00:00" testType="13cdc9d9-ddb5-4fa4-a97d-d965ccfc6d4b" outcome="Passed" testListId="8c84fa94-04c1-424b-9868-57a2d4851a1d" relativeResultsDirectory="37d4b077-ec7e-4823-819c-fa248b7a7fbf" />
    <UnitTestResult executionId="ce746f92-f15a-4efb-a1c2-20814060b506" testId="bae1f3df-becb-30fb-65d6-6c7c19ab5a1d" testName="BuckScience.Tests.Domain.FeatureWeightTests.FeatureWeight_GetEffectiveWeight_FallsBackToDefaultWeight" computerName="runnervmf4ws1" duration="00:00:00.0005689" startTime="2025-09-10T18:10:04.8757818+00:00" endTime="2025-09-10T18:10:04.8757819+00:00" testType="13cdc9d9-ddb5-4fa4-a97d-d965ccfc6d4b" outcome="Passed" testListId="8c84fa94-04c1-424b-9868-57a2d4851a1d" relativeResultsDirectory="ce746f92-f15a-4efb-a1c2-20814060b506" />
    <UnitTestResult executionId="8d1d6c1a-d8a3-4c9d-a6f0-8ff9f401a2a1" testId="a7aa3cc0-0ea1-3d0c-3a62-ac5a405bf34e" testName="BuckScience.Tests.TaggingRequirementsTests.Requirement1_DatabaseSchema_ShouldMeetAllSpecifications" computerName="runnervmf4ws1" duration="00:00:00.9472431" startTime="2025-09-10T18:10:04.5889258+00:00" endTime="2025-09-10T18:10:04.5889260+00:00" testType="13cdc9d9-ddb5-4fa4-a97d-d965ccfc6d4b" outcome="Passed" testListId="8c84fa94-04c1-424b-9868-57a2d4851a1d" relativeResultsDirectory="8d1d6c1a-d8a3-4c9d-a6f0-8ff9f401a2a1" />
    <UnitTestResult executionId="3ca65296-7952-4810-99b3-36a8c816f84f" testId="4e68cf9a-2a3a-1e07-4a4f-0cf27d8d2bbb" testName="BuckScience.Tests.FeatureHelperTests.GetCategoryName_ShouldReturnCorrectCategoryNames" computerName="runnervmf4ws1" duration="00:00:00.0033456" startTime="2025-09-10T18:10:03.6196803+00:00" endTime="2025-09-10T18:10:03.6196804+00:00" testType="13cdc9d9-ddb5-4fa4-a97d-d965ccfc6d4b" outcome="Passed" testListId="8c84fa94-04c1-424b-9868-57a2d4851a1d" relativeResultsDirectory="3ca65296-7952-4810-99b3-36a8c816f84f" />
    <UnitTestResult executionId="7de7b09b-bada-484b-8771-b371abdfddf9" testId="5d2b9441-7258-8eb0-806c-14775f849641" testName="BuckScience.Tests.TaggingSystemTests.RemoveTagFromPhotos_ShouldRemoveSpecifiedTags" computerName="runnervmf4ws1" duration="00:00:00.9514455" startTime="2025-09-10T18:10:04.6445067+00:00" endTime="2025-09-10T18:10:04.6445069+00:00" testType="13cdc9d9-ddb5-4fa4-a97d-d965ccfc6d4b" outcome="Passed" testListId="8c84fa94-04c1-424b-9868-57a2d4851a1d" relativeResultsDirectory="7de7b09b-bada-484b-8771-b371abdfddf9" />
    <UnitTestResult executionId="5cc6aee7-0c8d-46c6-bb70-366b8c50b416" testId="2eacfbf3-667b-5a8e-52a0-d9d512e960c7" testName="BuckScience.Tests.Web.Helpers.WeatherHelpersTests.ConvertWindDirectionToText_VariousAngles_ReturnsCorrectDirection(degrees: 270, expected: &quot;W&quot;)" computerName="runnervmf4ws1" duration="00:00:00.0000048" startTime="2025-09-10T18:10:03.6300354+00:00" endTime="2025-09-10T18:10:03.6300355+00:00" testType="13cdc9d9-ddb5-4fa4-a97d-d965ccfc6d4b" outcome="Passed" testListId="8c84fa94-04c1-424b-9868-57a2d4851a1d" relativeResultsDirectory="5cc6aee7-0c8d-46c6-bb70-366b8c50b416" />
    <UnitTestResult executionId="35081296-3c4d-411d-9db1-a11b1dea226f" testId="e4c14db6-7ddb-4f54-d632-50f949736205" testName="BuckScience.Tests.Domain.FeatureWeightTests.FeatureWeightHelper_GetCategory_ReturnsCorrectCategory(type: AgCropField, expectedCategory: ResourceFood)" computerName="runnervmf4ws1" duration="00:00:00.0000086" startTime="2025-09-10T18:10:04.8208932+00:00" endTime="2025-09-10T18:10:04.8208933+00:00" testType="13cdc9d9-ddb5-4fa4-a97d-d965ccfc6d4b" outcome="Passed" testListId="8c84fa94-04c1-424b-9868-57a2d4851a1d" relativeResultsDirectory="35081296-3c4d-411d-9db1-a11b1dea226f" />
    <UnitTestResult executionId="402f1b56-11be-497e-87fb-f1fddb20dbcb" testId="fb1e59a0-19c5-d0be-0d94-4bf533d92746" testName="BuckScience.Tests.FeatureHelperTests.GetCategory_ShouldReturnCorrectCategoryForWaterResources" computerName="runnervmf4ws1" duration="00:00:00.0001510" startTime="2025-09-10T18:10:03.6199985+00:00" endTime="2025-09-10T18:10:03.6199985+00:00" testType="13cdc9d9-ddb5-4fa4-a97d-d965ccfc6d4b" outcome="Passed" testListId="8c84fa94-04c1-424b-9868-57a2d4851a1d" relativeResultsDirectory="402f1b56-11be-497e-87fb-f1fddb20dbcb" />
    <UnitTestResult executionId="a1fa2932-4bd2-4d28-ad93-588378d9a7d5" testId="80f7e275-5c62-bf32-953c-a522d71f0911" testName="BuckScience.Tests.PhotoFilteringUrlExamples.PhotoFiltering_RealWorldScenario_MoonPhaseAndConditions" computerName="runnervmf4ws1" duration="00:00:00.0007089" startTime="2025-09-10T18:10:04.6857074+00:00" endTime="2025-09-10T18:10:04.6857079+00:00" testType="13cdc9d9-ddb5-4fa4-a97d-d965ccfc6d4b" outcome="Passed" testListId="8c84fa94-04c1-424b-9868-57a2d4851a1d" relativeResultsDirectory="a1fa2932-4bd2-4d28-ad93-588378d9a7d5" />
    <UnitTestResult executionId="57961915-bbc1-4943-8562-36198ed2a8c5" testId="9c1cfe7d-bcc9-4b03-b265-ec26ee7c3263" testName="BuckScience.Tests.Application.Profiles.ProfileCrudTests.CreateProfile_ValidData_CreatesProfile" computerName="runnervmf4ws1" duration="00:00:00.0726007" startTime="2025-09-10T18:10:04.9179452+00:00" endTime="2025-09-10T18:10:04.9179453+00:00" testType="13cdc9d9-ddb5-4fa4-a97d-d965ccfc6d4b" outcome="Passed" testListId="8c84fa94-04c1-424b-9868-57a2d4851a1d" relativeResultsDirectory="57961915-bbc1-4943-8562-36198ed2a8c5" />
    <UnitTestResult executionId="e57827fe-6fff-461f-ae42-52bac8773f29" testId="415f1005-69c1-a314-0e6a-db0b7d4bab74" testName="BuckScience.Tests.Domain.MonthsAttributeTests.MonthsAttribute_Constructor_WithInvalidMonth_ThrowsArgumentOutOfRangeException(invalidMonth: -1)" computerName="runnervmf4ws1" duration="00:00:00.0021390" startTime="2025-09-10T18:10:03.6161866+00:00" endTime="2025-09-10T18:10:03.6161866+00:00" testType="13cdc9d9-ddb5-4fa4-a97d-d965ccfc6d4b" outcome="Passed" testListId="8c84fa94-04c1-424b-9868-57a2d4851a1d" relativeResultsDirectory="e57827fe-6fff-461f-ae42-52bac8773f29" />
    <UnitTestResult executionId="78ca31fb-4778-4b31-a376-bed1920158db" testId="ee1257ff-a5a9-5181-9e7b-d35ad6e89445" testName="BuckScience.Tests.Domain.FeatureWeightTests.FeatureWeight_GetEffectiveWeight_ReturnsSeasonalWeightWhenAvailable" computerName="runnervmf4ws1" duration="00:00:00.0005561" startTime="2025-09-10T18:10:04.8765704+00:00" endTime="2025-09-10T18:10:04.8765705+00:00" testType="13cdc9d9-ddb5-4fa4-a97d-d965ccfc6d4b" outcome="Passed" testListId="8c84fa94-04c1-424b-9868-57a2d4851a1d" relativeResultsDirectory="78ca31fb-4778-4b31-a376-bed1920158db" />
    <UnitTestResult executionId="7819b6c9-1807-43c7-8e02-8c2eec8d6807" testId="878dbf6d-4718-3010-2956-9a909a749d2f" testName="BuckScience.Tests.PhotoFilteringComprehensiveTests.PhotoFilters_EdgeCases_HandleCorrectly" computerName="runnervmf4ws1" duration="00:00:00.0007680" startTime="2025-09-10T18:10:04.8877946+00:00" endTime="2025-09-10T18:10:04.8877947+00:00" testType="13cdc9d9-ddb5-4fa4-a97d-d965ccfc6d4b" outcome="Passed" testListId="8c84fa94-04c1-424b-9868-57a2d4851a1d" relativeResultsDirectory="7819b6c9-1807-43c7-8e02-8c2eec8d6807" />
    <UnitTestResult executionId="f055c0c2-8a8e-42fa-b897-32e0ff59716a" testId="23376aab-8018-81b3-8b3c-57bc8b0141ed" testName="BuckScience.Tests.Application.Profiles.ProfileCrudTests.UpdateProfile_ValidData_UpdatesProfile" computerName="runnervmf4ws1" duration="00:00:00.0165806" startTime="2025-09-10T18:10:04.9346174+00:00" endTime="2025-09-10T18:10:04.9346175+00:00" testType="13cdc9d9-ddb5-4fa4-a97d-d965ccfc6d4b" outcome="Passed" testListId="8c84fa94-04c1-424b-9868-57a2d4851a1d" relativeResultsDirectory="f055c0c2-8a8e-42fa-b897-32e0ff59716a" />
    <UnitTestResult executionId="6c457836-c237-48b8-9375-318ab2f54297" testId="8c01a8cb-2ffc-5487-6da3-7bc37c88340c" testName="BuckScience.Tests.Domain.FeatureWeightTests.FeatureWeight_UpdateUserWeight_SetsIsCustomToTrue" computerName="runnervmf4ws1" duration="00:00:00.0001709" startTime="2025-09-10T18:10:04.8723820+00:00" endTime="2025-09-10T18:10:04.8723822+00:00" testType="13cdc9d9-ddb5-4fa4-a97d-d965ccfc6d4b" outcome="Passed" testListId="8c84fa94-04c1-424b-9868-57a2d4851a1d" relativeResultsDirectory="6c457836-c237-48b8-9375-318ab2f54297" />
    <UnitTestResult executionId="f7492845-c2f1-4e8a-977d-c264fd55238e" testId="bcc4ea35-2128-3f0c-9022-a8e4dbbfeab6" testName="BuckScience.Tests.Application.PropertyFeatureApplicationTests.UpdatePropertyFeature_WithWeight_UpdatesWeight" computerName="runnervmf4ws1" duration="00:00:00.0496314" startTime="2025-09-10T18:10:04.7677731+00:00" endTime="2025-09-10T18:10:04.7677733+00:00" testType="13cdc9d9-ddb5-4fa4-a97d-d965ccfc6d4b" outcome="Passed" testListId="8c84fa94-04c1-424b-9868-57a2d4851a1d" relativeResultsDirectory="f7492845-c2f1-4e8a-977d-c264fd55238e" />
    <UnitTestResult executionId="da578db8-9a84-4c38-afd6-a3ed8ad7f858" testId="42292f25-9e9f-80d8-c32a-5aae5cd0c643" testName="BuckScience.Tests.FeatureHelperTests.GetFeatureDescription_ShouldReturnCorrectDescriptions" computerName="runnervmf4ws1" duration="00:00:00.0019412" startTime="2025-09-10T18:10:03.6197498+00:00" endTime="2025-09-10T18:10:03.6197499+00:00" testType="13cdc9d9-ddb5-4fa4-a97d-d965ccfc6d4b" outcome="Passed" testListId="8c84fa94-04c1-424b-9868-57a2d4851a1d" relativeResultsDirectory="da578db8-9a84-4c38-afd6-a3ed8ad7f858" />
    <UnitTestResult executionId="91ecb6a2-aa46-40a3-bf21-3447f153ed94" testId="a4c9dc78-d66c-c69a-90ef-d545d65a1a43" testName="BuckScience.Tests.Web.Helpers.WeatherHelpersTests.ConvertWindDirectionTextToNumeric_ValidDirections_ReturnsCorrectDegrees(direction: &quot;E&quot;, expected: 90)" computerName="runnervmf4ws1" duration="00:00:00.0000050" startTime="2025-09-10T18:10:03.6349207+00:00" endTime="2025-09-10T18:10:03.6349207+00:00" testType="13cdc9d9-ddb5-4fa4-a97d-d965ccfc6d4b" outcome="Passed" testListId="8c84fa94-04c1-424b-9868-57a2d4851a1d" relativeResultsDirectory="91ecb6a2-aa46-40a3-bf21-3447f153ed94" />
    <UnitTestResult executionId="d77c9083-5028-4598-92a7-8f6e0dc67b25" testId="6d7b3d93-71ec-c074-924a-c624993f0b1a" testName="BuckScience.Tests.CameraPlacementHistoryTests.CameraCreateVm_ShouldIncludeDirectionDegrees" computerName="runnervmf4ws1" duration="00:00:00.0002028" startTime="2025-09-10T18:10:04.8837212+00:00" endTime="2025-09-10T18:10:04.8837213+00:00" testType="13cdc9d9-ddb5-4fa4-a97d-d965ccfc6d4b" outcome="Passed" testListId="8c84fa94-04c1-424b-9868-57a2d4851a1d" relativeResultsDirectory="d77c9083-5028-4598-92a7-8f6e0dc67b25" />
    <UnitTestResult executionId="a3b61094-e722-4520-942e-c8413b60dad0" testId="ddea20c7-b2e3-61c7-335c-b2bd52df33d9" testName="BuckScience.Tests.Domain.PropertyFeatureTests.Constructor_WithInvalidWeight_ThrowsArgumentOutOfRangeException(weight: 1.10000002)" computerName="runnervmf4ws1" duration="00:00:00.0003138" startTime="2025-09-10T18:10:04.7109083+00:00" endTime="2025-09-10T18:10:04.7109084+00:00" testType="13cdc9d9-ddb5-4fa4-a97d-d965ccfc6d4b" outcome="Passed" testListId="8c84fa94-04c1-424b-9868-57a2d4851a1d" relativeResultsDirectory="a3b61094-e722-4520-942e-c8413b60dad0" />
    <UnitTestResult executionId="90dedf5f-4651-4979-9ef6-4e8cf9704c12" testId="8c9fb467-c9d9-e4ca-cb2a-8456e527af16" testName="BuckScience.Tests.Domain.SeasonExtensionsTests.GetMonthsForProperty_WithProperty_ReturnsDefaultMonths" computerName="runnervmf4ws1" duration="00:00:00.0218896" startTime="2025-09-10T18:10:03.6150570+00:00" endTime="2025-09-10T18:10:03.6150571+00:00" testType="13cdc9d9-ddb5-4fa4-a97d-d965ccfc6d4b" outcome="Passed" testListId="8c84fa94-04c1-424b-9868-57a2d4851a1d" relativeResultsDirectory="90dedf5f-4651-4979-9ef6-4e8cf9704c12" />
    <UnitTestResult executionId="b301cb9e-f301-43f5-b370-19d227ea9ecd" testId="e5846600-5bfc-193d-66eb-f1933de5487e" testName="BuckScience.Tests.CameraEditVmTests.CameraEditVm_SyncDirectionFromSelection_ShouldUpdateDirectionDegrees" computerName="runnervmf4ws1" duration="00:00:00.0001602" startTime="2025-09-10T18:10:03.7246310+00:00" endTime="2025-09-10T18:10:03.7246311+00:00" testType="13cdc9d9-ddb5-4fa4-a97d-d965ccfc6d4b" outcome="Passed" testListId="8c84fa94-04c1-424b-9868-57a2d4851a1d" relativeResultsDirectory="b301cb9e-f301-43f5-b370-19d227ea9ecd" />
    <UnitTestResult executionId="5819247d-f869-45bb-9a7e-89903795520c" testId="827cffd5-57e2-399d-4e16-80e94a843b77" testName="BuckScience.Tests.PhotoPlacementHistoryTests.Photo_Constructor_ShouldAllowNullCameraPlacementHistoryId" computerName="runnervmf4ws1" duration="00:00:00.0057052" startTime="2025-09-10T18:10:03.6144988+00:00" endTime="2025-09-10T18:10:03.6144989+00:00" testType="13cdc9d9-ddb5-4fa4-a97d-d965ccfc6d4b" outcome="Passed" testListId="8c84fa94-04c1-424b-9868-57a2d4851a1d" relativeResultsDirectory="5819247d-f869-45bb-9a7e-89903795520c" />
    <UnitTestResult executionId="ae8919dd-19c7-4e1c-b875-37d0e616f6bc" testId="dc5f28f7-09cd-2ab7-408b-876a39c8dcda" testName="BuckScience.Tests.PhotoPlacementHistoryTests.Photo_Constructor_ShouldAcceptCameraPlacementHistoryId" computerName="runnervmf4ws1" duration="00:00:00.0022751" startTime="2025-09-10T18:10:03.6145815+00:00" endTime="2025-09-10T18:10:03.6145816+00:00" testType="13cdc9d9-ddb5-4fa4-a97d-d965ccfc6d4b" outcome="Passed" testListId="8c84fa94-04c1-424b-9868-57a2d4851a1d" relativeResultsDirectory="ae8919dd-19c7-4e1c-b875-37d0e616f6bc" />
    <UnitTestResult executionId="d35118f2-ed01-4bff-a51f-920fad9ad27d" testId="89ecaa3a-044a-88b6-09ea-2d19af9e4614" testName="BuckScience.Tests.Domain.PropertyFeatureTests.Constructor_WithInvalidWeight_ThrowsArgumentOutOfRangeException(weight: -0.100000001)" computerName="runnervmf4ws1" duration="00:00:00.0000688" startTime="2025-09-10T18:10:04.7110301+00:00" endTime="2025-09-10T18:10:04.7110301+00:00" testType="13cdc9d9-ddb5-4fa4-a97d-d965ccfc6d4b" outcome="Passed" testListId="8c84fa94-04c1-424b-9868-57a2d4851a1d" relativeResultsDirectory="d35118f2-ed01-4bff-a51f-920fad9ad27d" />
    <UnitTestResult executionId="016a4e78-c820-4213-92d9-ea5d00daa5d4" testId="e531c44f-a81a-259c-843c-505a398d8b55" testName="BuckScience.Tests.Web.Helpers.WeatherHelpersTests.ConvertMoonPhaseTextToNumeric_InvalidText_ReturnsNull(text: &quot;Invalid Phase&quot;)" computerName="runnervmf4ws1" duration="00:00:00.0000090" startTime="2025-09-10T18:10:03.6398910+00:00" endTime="2025-09-10T18:10:03.6398910+00:00" testType="13cdc9d9-ddb5-4fa4-a97d-d965ccfc6d4b" outcome="Passed" testListId="8c84fa94-04c1-424b-9868-57a2d4851a1d" relativeResultsDirectory="016a4e78-c820-4213-92d9-ea5d00daa5d4" />
    <UnitTestResult executionId="970ec338-b913-4fbe-959e-136c1fccfd1a" testId="b173cbcd-a6a7-597f-40e4-5532d9298452" testName="BuckScience.Tests.Domain.PropertyFeatureTests.Constructor_WithValidWeight_SetsWeightCorrectly(weight: 0)" computerName="runnervmf4ws1" duration="00:00:00.0001916" startTime="2025-09-10T18:10:04.7151395+00:00" endTime="2025-09-10T18:10:04.7151396+00:00" testType="13cdc9d9-ddb5-4fa4-a97d-d965ccfc6d4b" outcome="Passed" testListId="8c84fa94-04c1-424b-9868-57a2d4851a1d" relativeResultsDirectory="970ec338-b913-4fbe-959e-136c1fccfd1a" />
    <UnitTestResult executionId="76d81615-7df0-409b-8456-cd9f2911cd0f" testId="85f24840-3222-d447-0677-9820b9294533" testName="BuckScience.Tests.Domain.PropertySeasonMonthsOverrideTests.PropertySeasonMonthsOverride_Constructor_WithEmptyMonths_ThrowsArgumentException" computerName="runnervmf4ws1" duration="00:00:00.0003443" startTime="2025-09-10T18:10:03.7378094+00:00" endTime="2025-09-10T18:10:03.7378096+00:00" testType="13cdc9d9-ddb5-4fa4-a97d-d965ccfc6d4b" outcome="Passed" testListId="8c84fa94-04c1-424b-9868-57a2d4851a1d" relativeResultsDirectory="76d81615-7df0-409b-8456-cd9f2911cd0f" />
    <UnitTestResult executionId="51a2af29-af55-494f-9e99-aa0146d9a23c" testId="8d702d1b-c14c-4dd0-cea5-aaa087d77d3f" testName="BuckScience.Tests.CameraEditVmTests.CameraEditVm_SyncSelectionFromDirection_ShouldFindClosestDirection" computerName="runnervmf4ws1" duration="00:00:00.0001509" startTime="2025-09-10T18:10:03.7248331+00:00" endTime="2025-09-10T18:10:03.7248333+00:00" testType="13cdc9d9-ddb5-4fa4-a97d-d965ccfc6d4b" outcome="Passed" testListId="8c84fa94-04c1-424b-9868-57a2d4851a1d" relativeResultsDirectory="51a2af29-af55-494f-9e99-aa0146d9a23c" />
    <UnitTestResult executionId="0a2bf0d9-f793-47ba-9802-74d5633fd695" testId="61590a98-8800-c63c-636c-5d74543a54c1" testName="BuckScience.Tests.Web.Helpers.WeatherHelpersTests.ConvertMoonPhaseToText_VariousValues_ReturnsCorrectText(phase: 0, expected: &quot;New Moon&quot;)" computerName="runnervmf4ws1" duration="00:00:00.0000058" startTime="2025-09-10T18:10:03.6287280+00:00" endTime="2025-09-10T18:10:03.6287281+00:00" testType="13cdc9d9-ddb5-4fa4-a97d-d965ccfc6d4b" outcome="Passed" testListId="8c84fa94-04c1-424b-9868-57a2d4851a1d" relativeResultsDirectory="0a2bf0d9-f793-47ba-9802-74d5633fd695" />
    <UnitTestResult executionId="4a933ee7-2fc0-418b-832e-b639a6a852ce" testId="e294371f-24bd-e5af-41b0-5a6f22f8d71f" testName="BuckScience.Tests.Web.Helpers.WeatherHelpersTests.ConvertWindDirectionTextToNumeric_ValidDirections_ReturnsCorrectDegrees(direction: &quot;S&quot;, expected: 180)" computerName="runnervmf4ws1" duration="00:00:00.0000082" startTime="2025-09-10T18:10:03.6339035+00:00" endTime="2025-09-10T18:10:03.6339036+00:00" testType="13cdc9d9-ddb5-4fa4-a97d-d965ccfc6d4b" outcome="Passed" testListId="8c84fa94-04c1-424b-9868-57a2d4851a1d" relativeResultsDirectory="4a933ee7-2fc0-418b-832e-b639a6a852ce" />
    <UnitTestResult executionId="c357c249-b197-44c3-96aa-8aa39e03cd95" testId="69b65817-cd82-0a96-5e68-ab587e27eb95" testName="BuckScience.Tests.PhotoFilteringUrlExamples.BuildFilters_UrlParameters_ShouldParseCorrectly(urlParams: &quot;tempMin=20&quot;, expectedTempMin: 20, expectedTempMax: null, expectedWindMin: null, expectedWindMax: null)" computerName="runnervmf4ws1" duration="00:00:00.0006095" startTime="2025-09-10T18:10:04.6922896+00:00" endTime="2025-09-10T18:10:04.6922897+00:00" testType="13cdc9d9-ddb5-4fa4-a97d-d965ccfc6d4b" outcome="Passed" testListId="8c84fa94-04c1-424b-9868-57a2d4851a1d" relativeResultsDirectory="c357c249-b197-44c3-96aa-8aa39e03cd95" />
    <UnitTestResult executionId="a62f6780-220f-4491-8172-b741426df9f5" testId="9660e9b2-80f8-e700-08d8-e0b7717e9f85" testName="BuckScience.Tests.Domain.PropertyFeatureTests.Constructor_WithoutWeight_SetsWeightToNull" computerName="runnervmf4ws1" duration="00:00:00.0002093" startTime="2025-09-10T18:10:04.7062801+00:00" endTime="2025-09-10T18:10:04.7062802+00:00" testType="13cdc9d9-ddb5-4fa4-a97d-d965ccfc6d4b" outcome="Passed" testListId="8c84fa94-04c1-424b-9868-57a2d4851a1d" relativeResultsDirectory="a62f6780-220f-4491-8172-b741426df9f5" />
    <UnitTestResult executionId="2b727d93-6226-477a-aa1f-efc62dc9e098" testId="517f9dbf-42b8-6c68-c79b-d5d973668018" testName="BuckScience.Tests.CameraCreateVmTests.CameraCreateVm_DirectionSync_ShouldWorkForAllDirections(direction: N, expectedDegrees: 0)" computerName="runnervmf4ws1" duration="00:00:00.0068080" startTime="2025-09-10T18:10:03.7054535+00:00" endTime="2025-09-10T18:10:03.7054536+00:00" testType="13cdc9d9-ddb5-4fa4-a97d-d965ccfc6d4b" outcome="Passed" testListId="8c84fa94-04c1-424b-9868-57a2d4851a1d" relativeResultsDirectory="2b727d93-6226-477a-aa1f-efc62dc9e098" />
    <UnitTestResult executionId="dd096a29-8f16-4094-b0ed-5fb4bb1db1b4" testId="3fd3b076-d6e9-95cb-3f37-7d353eff3a42" testName="BuckScience.Tests.CameraCreateVmTests.CameraCreateVm_DirectionSync_ShouldWorkForAllDirections(direction: S, expectedDegrees: 180)" computerName="runnervmf4ws1" duration="00:00:00.0000041" startTime="2025-09-10T18:10:03.7059416+00:00" endTime="2025-09-10T18:10:03.7059417+00:00" testType="13cdc9d9-ddb5-4fa4-a97d-d965ccfc6d4b" outcome="Passed" testListId="8c84fa94-04c1-424b-9868-57a2d4851a1d" relativeResultsDirectory="dd096a29-8f16-4094-b0ed-5fb4bb1db1b4" />
    <UnitTestResult executionId="30d1c6c6-b2f1-420f-a27b-6ee9e64225f2" testId="f4c9aa46-811a-389b-d744-72a428dee7d2" testName="BuckScience.Tests.TaggingSystemTests.GetOrCreateTag_ShouldReturnExistingTag_WhenTagExists" computerName="runnervmf4ws1" duration="00:00:00.0015569" startTime="2025-09-10T18:10:04.6628669+00:00" endTime="2025-09-10T18:10:04.6628670+00:00" testType="13cdc9d9-ddb5-4fa4-a97d-d965ccfc6d4b" outcome="Passed" testListId="8c84fa94-04c1-424b-9868-57a2d4851a1d" relativeResultsDirectory="30d1c6c6-b2f1-420f-a27b-6ee9e64225f2" />
    <UnitTestResult executionId="29bc8ecb-7581-4edf-9a5c-57816e306156" testId="13b70763-63fd-f0df-582a-0fb307fcad59" testName="BuckScience.Tests.PhotoFiltersTests.PhotoFilters_AllWeatherRangeFiltersWork" computerName="runnervmf4ws1" duration="00:00:00.0018764" startTime="2025-09-10T18:10:03.5894326+00:00" endTime="2025-09-10T18:10:03.5894327+00:00" testType="13cdc9d9-ddb5-4fa4-a97d-d965ccfc6d4b" outcome="Passed" testListId="8c84fa94-04c1-424b-9868-57a2d4851a1d" relativeResultsDirectory="29bc8ecb-7581-4edf-9a5c-57816e306156" />
    <UnitTestResult executionId="6a001f14-2056-4287-b689-b558df07f2f0" testId="eb717265-8ce6-9ca5-299a-76e8f4608ecc" testName="BuckScience.Tests.CameraEditVmTests.CameraEditVm_DefaultValues_ShouldBeCorrect" computerName="runnervmf4ws1" duration="00:00:00.0001559" startTime="2025-09-10T18:10:03.7265636+00:00" endTime="2025-09-10T18:10:03.7265637+00:00" testType="13cdc9d9-ddb5-4fa4-a97d-d965ccfc6d4b" outcome="Passed" testListId="8c84fa94-04c1-424b-9868-57a2d4851a1d" relativeResultsDirectory="6a001f14-2056-4287-b689-b558df07f2f0" />
    <UnitTestResult executionId="97e05cc2-5ff3-4fd9-992d-026098ee690e" testId="1be37c51-af7c-9e7b-8fa3-a746d27f5f9b" testName="BuckScience.Tests.CameraCreateVmTests.CameraCreateVm_SyncDirectionFromSelection_ShouldUpdateDirectionDegrees" computerName="runnervmf4ws1" duration="00:00:00.0001430" startTime="2025-09-10T18:10:03.7077223+00:00" endTime="2025-09-10T18:10:03.7077224+00:00" testType="13cdc9d9-ddb5-4fa4-a97d-d965ccfc6d4b" outcome="Passed" testListId="8c84fa94-04c1-424b-9868-57a2d4851a1d" relativeResultsDirectory="97e05cc2-5ff3-4fd9-992d-026098ee690e" />
    <UnitTestResult executionId="0006ea26-276c-4a92-bbd4-ec7667bec7cf" testId="def966b3-b198-e5b0-2219-bdde89be7924" testName="BuckScience.Tests.CameraEditVmTests.CameraEditVm_ValidationAttributes_ShouldBeApplied" computerName="runnervmf4ws1" duration="00:00:00.0006489" startTime="2025-09-10T18:10:03.7255471+00:00" endTime="2025-09-10T18:10:03.7255473+00:00" testType="13cdc9d9-ddb5-4fa4-a97d-d965ccfc6d4b" outcome="Passed" testListId="8c84fa94-04c1-424b-9868-57a2d4851a1d" relativeResultsDirectory="0006ea26-276c-4a92-bbd4-ec7667bec7cf" />
    <UnitTestResult executionId="3bfa4864-fdaa-4e02-a57e-dc7c8eb29a50" testId="1c742a22-39f7-5815-626c-daa50ff10c87" testName="BuckScience.Tests.Domain.FeatureWeightTests.FeatureWeight_SeasonalWeights_JsonSerialization_WorksCorrectly" computerName="runnervmf4ws1" duration="00:00:00.0003628" startTime="2025-09-10T18:10:04.8767113+00:00" endTime="2025-09-10T18:10:04.8767114+00:00" testType="13cdc9d9-ddb5-4fa4-a97d-d965ccfc6d4b" outcome="Passed" testListId="8c84fa94-04c1-424b-9868-57a2d4851a1d" relativeResultsDirectory="3bfa4864-fdaa-4e02-a57e-dc7c8eb29a50" />
    <UnitTestResult executionId="867acb78-7ba2-418f-af92-351d9b662115" testId="93b0e2c3-3a46-c74b-dad5-afcb4f0bfcfa" testName="BuckScience.Tests.CameraEditVmTests.CameraEditVm_ShouldSetAllProperties" computerName="runnervmf4ws1" duration="00:00:00.0004254" startTime="2025-09-10T18:10:03.7260214+00:00" endTime="2025-09-10T18:10:03.7260215+00:00" testType="13cdc9d9-ddb5-4fa4-a97d-d965ccfc6d4b" outcome="Passed" testListId="8c84fa94-04c1-424b-9868-57a2d4851a1d" relativeResultsDirectory="867acb78-7ba2-418f-af92-351d9b662115" />
    <UnitTestResult executionId="bafb0c6d-c182-402c-90b2-04668502c605" testId="5c61d628-c74f-c8f0-779e-82c0c2dc77df" testName="BuckScience.Tests.Web.Helpers.WeatherHelpersTests.ConvertWindDirectionTextToNumeric_ValidDirections_ReturnsCorrectDegrees(direction: &quot;N&quot;, expected: 0)" computerName="runnervmf4ws1" duration="00:00:00.0000049" startTime="2025-09-10T18:10:03.6355971+00:00" endTime="2025-09-10T18:10:03.6355972+00:00" testType="13cdc9d9-ddb5-4fa4-a97d-d965ccfc6d4b" outcome="Passed" testListId="8c84fa94-04c1-424b-9868-57a2d4851a1d" relativeResultsDirectory="bafb0c6d-c182-402c-90b2-04668502c605" />
    <UnitTestResult executionId="9c79f66e-fcee-4faf-9284-a0bea69fb828" testId="b7a065c7-7a2e-0d14-6498-b30f746da816" testName="BuckScience.Tests.DirectionHelperTests.ToFloat_ShouldReturnCorrectDegrees(direction: E, expectedDegrees: 90)" computerName="runnervmf4ws1" duration="00:00:00.0001200" startTime="2025-09-10T18:10:03.7144297+00:00" endTime="2025-09-10T18:10:03.7144298+00:00" testType="13cdc9d9-ddb5-4fa4-a97d-d965ccfc6d4b" outcome="Passed" testListId="8c84fa94-04c1-424b-9868-57a2d4851a1d" relativeResultsDirectory="9c79f66e-fcee-4faf-9284-a0bea69fb828" />
    <UnitTestResult executionId="8eea6650-9171-43c9-95a3-b77a5fa2e599" testId="8106ff23-bb8f-04f9-7754-208ee15e0e54" testName="BuckScience.Tests.Domain.PropertySeasonMonthsOverrideTests.PropertySeasonMonthsOverride_Constructor_WithInvalidPropertyId_ThrowsArgumentOutOfRangeException(invalidPropertyId: 0)" computerName="runnervmf4ws1" duration="00:00:00.0006274" startTime="2025-09-10T18:10:03.7369445+00:00" endTime="2025-09-10T18:10:03.7369446+00:00" testType="13cdc9d9-ddb5-4fa4-a97d-d965ccfc6d4b" outcome="Passed" testListId="8c84fa94-04c1-424b-9868-57a2d4851a1d" relativeResultsDirectory="8eea6650-9171-43c9-95a3-b77a5fa2e599" />
    <UnitTestResult executionId="b43c1909-7d62-461f-94a0-a46fd5eee302" testId="c5847a99-4505-c2ed-d54d-fc269a080b27" testName="BuckScience.Tests.Web.Helpers.WeatherHelpersTests.ConvertMoonPhaseToText_VariousValues_ReturnsCorrectText(phase: 1, expected: &quot;New Moon&quot;)" computerName="runnervmf4ws1" duration="00:00:00.0000038" startTime="2025-09-10T18:10:03.6277787+00:00" endTime="2025-09-10T18:10:03.6277788+00:00" testType="13cdc9d9-ddb5-4fa4-a97d-d965ccfc6d4b" outcome="Passed" testListId="8c84fa94-04c1-424b-9868-57a2d4851a1d" relativeResultsDirectory="b43c1909-7d62-461f-94a0-a46fd5eee302" />
    <UnitTestResult executionId="dddbc0fc-859d-4757-bccc-8bc67d501f94" testId="c32ae7c7-19e6-4795-4595-b867002163f4" testName="BuckScience.Tests.TagCleanupTests.RemoveTagFromPhotos_ShouldNotRemoveDefaultTag_EvenWhenUnused" computerName="runnervmf4ws1" duration="00:00:00.9788672" startTime="2025-09-10T18:10:04.8142394+00:00" endTime="2025-09-10T18:10:04.8142395+00:00" testType="13cdc9d9-ddb5-4fa4-a97d-d965ccfc6d4b" outcome="Passed" testListId="8c84fa94-04c1-424b-9868-57a2d4851a1d" relativeResultsDirectory="dddbc0fc-859d-4757-bccc-8bc67d501f94" />
    <UnitTestResult executionId="5be9b119-06eb-42e9-80d9-8829e6b2ac43" testId="75f4d661-9754-0157-eb91-1cb0c3ea30c4" testName="BuckScience.Tests.Domain.PropertySeasonMonthsOverrideTests.PropertySeasonMonthsOverride_SetMonths_WithEmptyArray_ClearsMonths" computerName="runnervmf4ws1" duration="00:00:00.0001994" startTime="2025-09-10T18:10:03.8274725+00:00" endTime="2025-09-10T18:10:03.8274726+00:00" testType="13cdc9d9-ddb5-4fa4-a97d-d965ccfc6d4b" outcome="Passed" testListId="8c84fa94-04c1-424b-9868-57a2d4851a1d" relativeResultsDirectory="5be9b119-06eb-42e9-80d9-8829e6b2ac43" />
    <UnitTestResult executionId="b66a3a11-1301-40ca-93ee-464b58438924" testId="639a2f8f-de06-aff0-2654-2e863df98d3d" testName="BuckScience.Tests.Web.Helpers.WeatherHelpersTests.ConvertMoonPhaseToText_VariousValues_ReturnsCorrectText(phase: 0.25, expected: &quot;First Quarter&quot;)" computerName="runnervmf4ws1" duration="00:00:00.0011895" startTime="2025-09-10T18:10:03.6275309+00:00" endTime="2025-09-10T18:10:03.6275309+00:00" testType="13cdc9d9-ddb5-4fa4-a97d-d965ccfc6d4b" outcome="Passed" testListId="8c84fa94-04c1-424b-9868-57a2d4851a1d" relativeResultsDirectory="b66a3a11-1301-40ca-93ee-464b58438924" />
    <UnitTestResult executionId="9026d7e8-5784-4807-9861-7e7ba9856fa6" testId="0a4fef64-4b22-b6e1-3068-172d5dc1b64f" testName="BuckScience.Tests.PhotoFilteringIntegrationTests.BuildFilters_WithInvalidCameraPlacementHistoryIds_IgnoresInvalidIds" computerName="runnervmf4ws1" duration="00:00:00.0021024" startTime="2025-09-10T18:10:04.7047116+00:00" endTime="2025-09-10T18:10:04.7047117+00:00" testType="13cdc9d9-ddb5-4fa4-a97d-d965ccfc6d4b" outcome="Passed" testListId="8c84fa94-04c1-424b-9868-57a2d4851a1d" relativeResultsDirectory="9026d7e8-5784-4807-9861-7e7ba9856fa6" />
    <UnitTestResult executionId="3bde7511-89e8-441f-8885-3bc5a15a77c3" testId="5caf925d-9bc2-c40c-f14f-bb094f78a12c" testName="BuckScience.Tests.PhotoGroupingTests.PropertyPhotosSortBy_ShouldMapCorrectly" computerName="runnervmf4ws1" duration="00:00:00.0008137" startTime="2025-09-10T18:10:03.6149176+00:00" endTime="2025-09-10T18:10:03.6149177+00:00" testType="13cdc9d9-ddb5-4fa4-a97d-d965ccfc6d4b" outcome="Passed" testListId="8c84fa94-04c1-424b-9868-57a2d4851a1d" relativeResultsDirectory="3bde7511-89e8-441f-8885-3bc5a15a77c3" />
    <UnitTestResult executionId="b6bf50a0-f012-464f-bddd-54a953aee636" testId="4e6de647-43c0-2d5e-ffcc-d884e859b7df" testName="BuckScience.Tests.TaggingIntegrationTests.TagUniqueness_ShouldBeEnforcedCorrectly" computerName="runnervmf4ws1" duration="00:00:00.0020738" startTime="2025-09-10T18:10:04.8207634+00:00" endTime="2025-09-10T18:10:04.8207635+00:00" testType="13cdc9d9-ddb5-4fa4-a97d-d965ccfc6d4b" outcome="Passed" testListId="8c84fa94-04c1-424b-9868-57a2d4851a1d" relativeResultsDirectory="b6bf50a0-f012-464f-bddd-54a953aee636" />
    <UnitTestResult executionId="fdf05137-ceb2-4fe9-b902-05586cd7a88e" testId="5639502e-a141-45eb-1c4f-81dc941ff67a" testName="BuckScience.Tests.Domain.PropertySeasonMonthsOverrideTests.PropertySeasonMonthsOverride_GetMonths_ReturnsCorrectMonths" computerName="runnervmf4ws1" duration="00:00:00.0002189" startTime="2025-09-10T18:10:03.8262055+00:00" endTime="2025-09-10T18:10:03.8262060+00:00" testType="13cdc9d9-ddb5-4fa4-a97d-d965ccfc6d4b" outcome="Passed" testListId="8c84fa94-04c1-424b-9868-57a2d4851a1d" relativeResultsDirectory="fdf05137-ceb2-4fe9-b902-05586cd7a88e" />
    <UnitTestResult executionId="594e5a1b-e6c1-44d6-be8d-2540c9db6f76" testId="08ddb4d1-1ea9-4a39-f70b-490a5dd2fdfe" testName="BuckScience.Tests.Domain.FeatureWeightTests.FeatureWeightHelper_GetDefaultWeight_ReturnsExpectedValues(type: BeddingArea, expectedWeight: 0.899999976)" computerName="runnervmf4ws1" duration="00:00:00.0000122" startTime="2025-09-10T18:10:04.8071951+00:00" endTime="2025-09-10T18:10:04.8071952+00:00" testType="13cdc9d9-ddb5-4fa4-a97d-d965ccfc6d4b" outcome="Passed" testListId="8c84fa94-04c1-424b-9868-57a2d4851a1d" relativeResultsDirectory="594e5a1b-e6c1-44d6-be8d-2540c9db6f76" />
    <UnitTestResult executionId="7851ea3d-f77d-4ca7-adf1-582731ba85c2" testId="172a47eb-7de7-c6df-b8be-70c0be7e14f7" testName="BuckScience.Tests.Web.Helpers.WeatherHelpersTests.ConvertWindDirectionTextToNumeric_ValidDirections_ReturnsCorrectDegrees(direction: &quot;SSW&quot;, expected: 202.5)" computerName="runnervmf4ws1" duration="00:00:00.0000072" startTime="2025-09-10T18:10:03.6346310+00:00" endTime="2025-09-10T18:10:03.6346311+00:00" testType="13cdc9d9-ddb5-4fa4-a97d-d965ccfc6d4b" outcome="Passed" testListId="8c84fa94-04c1-424b-9868-57a2d4851a1d" relativeResultsDirectory="7851ea3d-f77d-4ca7-adf1-582731ba85c2" />
    <UnitTestResult executionId="43c47c62-a622-4389-a7fb-a8eeae5757cd" testId="e59ff618-3ced-6a2f-d01c-20262e337085" testName="BuckScience.Tests.DirectionHelperTests.FromFloat_ShouldFindClosestDirection(degrees: 68, expectedDirection: E)" computerName="runnervmf4ws1" duration="00:00:00.0000081" startTime="2025-09-10T18:10:03.7160256+00:00" endTime="2025-09-10T18:10:03.7160256+00:00" testType="13cdc9d9-ddb5-4fa4-a97d-d965ccfc6d4b" outcome="Passed" testListId="8c84fa94-04c1-424b-9868-57a2d4851a1d" relativeResultsDirectory="43c47c62-a622-4389-a7fb-a8eeae5757cd" />
    <UnitTestResult executionId="18e90347-8ab3-407c-b183-07897aa7ed4c" testId="1346760c-63cd-b7f1-1c05-6d40bed27cce" testName="BuckScience.Tests.Application.PropertyFeatureApplicationTests.UpdatePropertyFeature_WithInvalidWeight_ThrowsArgumentOutOfRangeException" computerName="runnervmf4ws1" duration="00:00:00.0028268" startTime="2025-09-10T18:10:04.7775727+00:00" endTime="2025-09-10T18:10:04.7775728+00:00" testType="13cdc9d9-ddb5-4fa4-a97d-d965ccfc6d4b" outcome="Passed" testListId="8c84fa94-04c1-424b-9868-57a2d4851a1d" relativeResultsDirectory="18e90347-8ab3-407c-b183-07897aa7ed4c" />
    <UnitTestResult executionId="ec74cea4-a291-4e72-853a-2f05f3a85e59" testId="dd76f619-e962-2008-d0f8-a714bb3f5c46" testName="BuckScience.Tests.Web.Helpers.WeatherHelpersTests.GetWindDirectionOptions_WithNull_AllUnavailable" computerName="runnervmf4ws1" duration="00:00:00.0031701" startTime="2025-09-10T18:10:03.6247034+00:00" endTime="2025-09-10T18:10:03.6247035+00:00" testType="13cdc9d9-ddb5-4fa4-a97d-d965ccfc6d4b" outcome="Passed" testListId="8c84fa94-04c1-424b-9868-57a2d4851a1d" relativeResultsDirectory="ec74cea4-a291-4e72-853a-2f05f3a85e59" />
    <UnitTestResult executionId="98354178-513a-4103-9bfd-013d2fe0ce5a" testId="d5e7318a-a156-7dde-f329-f35fdf925ffa" testName="BuckScience.Tests.Domain.PropertySeasonMonthsOverrideTests.PropertySeasonMonthsOverride_SetMonths_WithNullMonths_ClearsMonths" computerName="runnervmf4ws1" duration="00:00:00.0620725" startTime="2025-09-10T18:10:03.7999495+00:00" endTime="2025-09-10T18:10:03.7999497+00:00" testType="13cdc9d9-ddb5-4fa4-a97d-d965ccfc6d4b" outcome="Passed" testListId="8c84fa94-04c1-424b-9868-57a2d4851a1d" relativeResultsDirectory="98354178-513a-4103-9bfd-013d2fe0ce5a" />
    <UnitTestResult executionId="be08c944-f08e-4b76-a21b-3914d8a52c88" testId="725e041b-cd4a-19c3-f7e9-4d20b2961a86" testName="BuckScience.Tests.Domain.MonthsAttributeTests.MonthsAttribute_Constructor_WithInvalidMonth_ThrowsArgumentOutOfRangeException(invalidMonth: 25)" computerName="runnervmf4ws1" duration="00:00:00.0000620" startTime="2025-09-10T18:10:03.6172265+00:00" endTime="2025-09-10T18:10:03.6172266+00:00" testType="13cdc9d9-ddb5-4fa4-a97d-d965ccfc6d4b" outcome="Passed" testListId="8c84fa94-04c1-424b-9868-57a2d4851a1d" relativeResultsDirectory="be08c944-f08e-4b76-a21b-3914d8a52c88" />
    <UnitTestResult executionId="e836ce2f-9834-4feb-aacf-6dc38c0cb9bb" testId="54dac1bc-0f72-9d60-bad7-07e4a0566a24" testName="BuckScience.Tests.CameraPlacementHistoryTests.Camera_Move_ShouldEndCurrentPlacementAndCreateNew" computerName="runnervmf4ws1" duration="00:00:00.0005578" startTime="2025-09-10T18:10:04.8826412+00:00" endTime="2025-09-10T18:10:04.8826413+00:00" testType="13cdc9d9-ddb5-4fa4-a97d-d965ccfc6d4b" outcome="Passed" testListId="8c84fa94-04c1-424b-9868-57a2d4851a1d" relativeResultsDirectory="e836ce2f-9834-4feb-aacf-6dc38c0cb9bb" />
    <UnitTestResult executionId="e86482cf-7544-49d1-b27b-2329e7400924" testId="477057b0-3b6f-36a4-06fc-1b03c23a4da7" testName="BuckScience.Tests.PhotoFilteringUrlExamples.BuildFilters_ConditionsParameters_ShouldParseCorrectly(conditions: &quot;Clear,Cloudy&quot;, expectedConditions: [&quot;Clear&quot;, &quot;Cloudy&quot;])" computerName="runnervmf4ws1" duration="00:00:00.0006566" startTime="2025-09-10T18:10:04.6950690+00:00" endTime="2025-09-10T18:10:04.6950690+00:00" testType="13cdc9d9-ddb5-4fa4-a97d-d965ccfc6d4b" outcome="Passed" testListId="8c84fa94-04c1-424b-9868-57a2d4851a1d" relativeResultsDirectory="e86482cf-7544-49d1-b27b-2329e7400924" />
    <UnitTestResult executionId="1d976fa4-d338-41ba-8a03-8e51cae5d064" testId="08260a64-8541-0630-0fbb-fef9aaa19f85" testName="BuckScience.Tests.Domain.PropertySeasonMonthsOverrideTests.PropertySeasonMonthsOverride_GetMonths_WithCorruptedJson_ReturnsNull" computerName="runnervmf4ws1" duration="00:00:00.0051537" startTime="2025-09-10T18:10:03.8350560+00:00" endTime="2025-09-10T18:10:03.8350561+00:00" testType="13cdc9d9-ddb5-4fa4-a97d-d965ccfc6d4b" outcome="Passed" testListId="8c84fa94-04c1-424b-9868-57a2d4851a1d" relativeResultsDirectory="1d976fa4-d338-41ba-8a03-8e51cae5d064" />
    <UnitTestResult executionId="b2e3df36-5480-453f-9226-2cacbde68ad5" testId="e79130f3-839b-5123-ac52-8ca3bb6ef8c5" testName="BuckScience.Tests.WeatherServiceTests.RoundCoordinates_ShouldRoundTo2DecimalPlaces" computerName="runnervmf4ws1" duration="00:00:00.0573466" startTime="2025-09-10T18:10:03.6977007+00:00" endTime="2025-09-10T18:10:03.6977008+00:00" testType="13cdc9d9-ddb5-4fa4-a97d-d965ccfc6d4b" outcome="Passed" testListId="8c84fa94-04c1-424b-9868-57a2d4851a1d" relativeResultsDirectory="b2e3df36-5480-453f-9226-2cacbde68ad5" />
    <UnitTestResult executionId="62d7abe5-ef75-4b7f-808e-9b18893d2def" testId="fa20158d-fb5e-8e7a-f1da-aa0a1eb9ba5a" testName="BuckScience.Tests.PhotoGroupingTests.CameraPhotoGrouping_ShouldGroupByMonthYear" computerName="runnervmf4ws1" duration="00:00:00.0014290" startTime="2025-09-10T18:10:03.6149899+00:00" endTime="2025-09-10T18:10:03.6149899+00:00" testType="13cdc9d9-ddb5-4fa4-a97d-d965ccfc6d4b" outcome="Passed" testListId="8c84fa94-04c1-424b-9868-57a2d4851a1d" relativeResultsDirectory="62d7abe5-ef75-4b7f-808e-9b18893d2def" />
    <UnitTestResult executionId="dd0da4f4-43a5-478a-8adc-f03ada7c9143" testId="88b5a428-7422-548a-ca90-5bd2a62420ae" testName="BuckScience.Tests.DirectionHelperTests.FromFloat_ShouldReturnCorrectDirection(degrees: 225, expectedDirection: SW)" computerName="runnervmf4ws1" duration="00:00:00.0000090" startTime="2025-09-10T18:10:03.7135028+00:00" endTime="2025-09-10T18:10:03.7135029+00:00" testType="13cdc9d9-ddb5-4fa4-a97d-d965ccfc6d4b" outcome="Passed" testListId="8c84fa94-04c1-424b-9868-57a2d4851a1d" relativeResultsDirectory="dd0da4f4-43a5-478a-8adc-f03ada7c9143" />
    <UnitTestResult executionId="b67fb249-e306-4bfb-8a3e-73c8567d75e6" testId="41d6624e-c316-a2d4-4992-8e24e9424bdf" testName="BuckScience.Tests.Domain.PropertySeasonMonthsOverrideTests.PropertySeasonMonthsOverride_RoundTripSerialization_MaintainsData(months: [1, 2, 3, 4, 5, ...])" computerName="runnervmf4ws1" duration="00:00:00.0122855" startTime="2025-09-10T18:10:03.8123229+00:00" endTime="2025-09-10T18:10:03.8123230+00:00" testType="13cdc9d9-ddb5-4fa4-a97d-d965ccfc6d4b" outcome="Passed" testListId="8c84fa94-04c1-424b-9868-57a2d4851a1d" relativeResultsDirectory="b67fb249-e306-4bfb-8a3e-73c8567d75e6" />
    <UnitTestResult executionId="052d7246-6e1f-467e-b7bc-a7cf4d3291f3" testId="7175185a-7456-021f-eecb-6c991ffd0d08" testName="BuckScience.Tests.Application.Profiles.ProfileCrudTests.CreateProfile_InvalidPropertyId_ThrowsUnauthorizedAccessException" computerName="runnervmf4ws1" duration="00:00:00.0020823" startTime="2025-09-10T18:10:04.9674013+00:00" endTime="2025-09-10T18:10:04.9674015+00:00" testType="13cdc9d9-ddb5-4fa4-a97d-d965ccfc6d4b" outcome="Passed" testListId="8c84fa94-04c1-424b-9868-57a2d4851a1d" relativeResultsDirectory="052d7246-6e1f-467e-b7bc-a7cf4d3291f3" />
    <UnitTestResult executionId="578bbd30-8799-442c-b8e7-791c71b6cfad" testId="1335073e-5183-6141-99f1-caaa61dc86f4" testName="BuckScience.Tests.TaggingSystemTests.GetOrCreateTag_ShouldThrowException_WhenTagNameIsInvalid(invalidTagName: null)" computerName="runnervmf4ws1" duration="00:00:00.0004079" startTime="2025-09-10T18:10:04.6670687+00:00" endTime="2025-09-10T18:10:04.6670688+00:00" testType="13cdc9d9-ddb5-4fa4-a97d-d965ccfc6d4b" outcome="Passed" testListId="8c84fa94-04c1-424b-9868-57a2d4851a1d" relativeResultsDirectory="578bbd30-8799-442c-b8e7-791c71b6cfad" />
    <UnitTestResult executionId="f6127e1b-f0fb-4cd9-a4a3-eb081833ca1a" testId="5be58517-5610-e8d0-dec2-520046d41b5e" testName="BuckScience.Tests.Domain.PropertySeasonMonthsOverrideTests.PropertySeasonMonthsOverride_Constructor_WithInvalidPropertyId_ThrowsArgumentOutOfRangeException(invalidPropertyId: -1)" computerName="runnervmf4ws1" duration="00:00:00.0000567" startTime="2025-09-10T18:10:03.7373752+00:00" endTime="2025-09-10T18:10:03.7373753+00:00" testType="13cdc9d9-ddb5-4fa4-a97d-d965ccfc6d4b" outcome="Passed" testListId="8c84fa94-04c1-424b-9868-57a2d4851a1d" relativeResultsDirectory="f6127e1b-f0fb-4cd9-a4a3-eb081833ca1a" />
    <UnitTestResult executionId="8c0abd19-96b5-4335-994e-3772af141050" testId="1ccac014-6a4c-a22a-90fa-db21298e0651" testName="BuckScience.Tests.Domain.FeatureWeightTests.FeatureWeightHelper_GetDefaultWeight_ReturnsExpectedValues(type: Waterhole, expectedWeight: 0.800000012)" computerName="runnervmf4ws1" duration="00:00:00.0000106" startTime="2025-09-10T18:10:04.8055603+00:00" endTime="2025-09-10T18:10:04.8055604+00:00" testType="13cdc9d9-ddb5-4fa4-a97d-d965ccfc6d4b" outcome="Passed" testListId="8c84fa94-04c1-424b-9868-57a2d4851a1d" relativeResultsDirectory="8c0abd19-96b5-4335-994e-3772af141050" />
    <UnitTestResult executionId="423762f7-8d98-4935-9b61-93e960e666d2" testId="31c8774a-1539-0a44-3404-de06d646b468" testName="BuckScience.Tests.Web.Helpers.WeatherHelpersTests.ConvertMoonPhaseToText_VariousValues_ReturnsCorrectText(phase: 0.10000000000000001, expected: &quot;Waxing Crescent&quot;)" computerName="runnervmf4ws1" duration="00:00:00.0000038" startTime="2025-09-10T18:10:03.6278366+00:00" endTime="2025-09-10T18:10:03.6278367+00:00" testType="13cdc9d9-ddb5-4fa4-a97d-d965ccfc6d4b" outcome="Passed" testListId="8c84fa94-04c1-424b-9868-57a2d4851a1d" relativeResultsDirectory="423762f7-8d98-4935-9b61-93e960e666d2" />
    <UnitTestResult executionId="0b8c2918-6255-479d-83b1-11408e7b5166" testId="d158f051-212f-d40f-0819-bf99fbd314c0" testName="BuckScience.Tests.Web.Helpers.WeatherHelpersTests.ConvertWindDirectionToText_VariousAngles_ReturnsCorrectDirection(degrees: 0, expected: &quot;N&quot;)" computerName="runnervmf4ws1" duration="00:00:00.0000028" startTime="2025-09-10T18:10:03.6326058+00:00" endTime="2025-09-10T18:10:03.6326059+00:00" testType="13cdc9d9-ddb5-4fa4-a97d-d965ccfc6d4b" outcome="Passed" testListId="8c84fa94-04c1-424b-9868-57a2d4851a1d" relativeResultsDirectory="0b8c2918-6255-479d-83b1-11408e7b5166" />
    <UnitTestResult executionId="3a067123-1734-4b97-86b9-bdda9e2ecd74" testId="29c59d8d-b92b-cfb2-1c78-b6b82406cb09" testName="BuckScience.Tests.Domain.SeasonExtensionsTests.GetDefaultMonths_ReturnsArrayCopy_PreventsMutation" computerName="runnervmf4ws1" duration="00:00:00.0002899" startTime="2025-09-10T18:10:03.6159143+00:00" endTime="2025-09-10T18:10:03.6159144+00:00" testType="13cdc9d9-ddb5-4fa4-a97d-d965ccfc6d4b" outcome="Passed" testListId="8c84fa94-04c1-424b-9868-57a2d4851a1d" relativeResultsDirectory="3a067123-1734-4b97-86b9-bdda9e2ecd74" />
    <UnitTestResult executionId="95bff504-ee8b-44e2-9cb6-7e54e216e50b" testId="2b043a8d-e346-04e5-47b3-898bfcbeb615" testName="BuckScience.Tests.CameraPlacementHistoryTests.CameraPlacementHistory_Duration_ShouldCalculateCorrectly" computerName="runnervmf4ws1" duration="00:00:00.0005159" startTime="2025-09-10T18:10:04.8810266+00:00" endTime="2025-09-10T18:10:04.8810267+00:00" testType="13cdc9d9-ddb5-4fa4-a97d-d965ccfc6d4b" outcome="Passed" testListId="8c84fa94-04c1-424b-9868-57a2d4851a1d" relativeResultsDirectory="95bff504-ee8b-44e2-9cb6-7e54e216e50b" />
    <UnitTestResult executionId="5e1b8da9-f8cc-4cad-8696-78a2470de572" testId="be34b3ae-4d99-48a5-415d-a9f5ba8821a1" testName="BuckScience.Tests.CameraCreateVmTests.CameraCreateVm_DirectionSync_ShouldWorkForAllDirections(direction: NW, expectedDegrees: 315)" computerName="runnervmf4ws1" duration="00:00:00.0000087" startTime="2025-09-10T18:10:03.7058834+00:00" endTime="2025-09-10T18:10:03.7058835+00:00" testType="13cdc9d9-ddb5-4fa4-a97d-d965ccfc6d4b" outcome="Passed" testListId="8c84fa94-04c1-424b-9868-57a2d4851a1d" relativeResultsDirectory="5e1b8da9-f8cc-4cad-8696-78a2470de572" />
    <UnitTestResult executionId="27f5970a-eece-4394-8a02-2b7a7455671d" testId="877174d0-c487-453a-b8ad-4f52137508be" testName="BuckScience.Tests.PhotoFiltersTests.PhotoFilters_HasWeatherFilters_ReturnsTrueWhenConditionsFilterSet" computerName="runnervmf4ws1" duration="00:00:00.0063616" startTime="2025-09-10T18:10:03.5864731+00:00" endTime="2025-09-10T18:10:03.5864732+00:00" testType="13cdc9d9-ddb5-4fa4-a97d-d965ccfc6d4b" outcome="Passed" testListId="8c84fa94-04c1-424b-9868-57a2d4851a1d" relativeResultsDirectory="27f5970a-eece-4394-8a02-2b7a7455671d" />
    <UnitTestResult executionId="514f3c8d-3dfd-4c11-9fb4-89aca4f7547a" testId="62abf167-66b2-7338-5ead-888596c0fffe" testName="BuckScience.Tests.TaggingRequirementsTests.Requirement2_PropertyCreation_ShouldAutoAssignDefaultTags" computerName="runnervmf4ws1" duration="00:00:00.0177890" startTime="2025-09-10T18:10:04.8248909+00:00" endTime="2025-09-10T18:10:04.8248910+00:00" testType="13cdc9d9-ddb5-4fa4-a97d-d965ccfc6d4b" outcome="Passed" testListId="8c84fa94-04c1-424b-9868-57a2d4851a1d" relativeResultsDirectory="514f3c8d-3dfd-4c11-9fb4-89aca4f7547a" />
    <UnitTestResult executionId="93b2de33-cb37-4c84-b120-4c711efda10d" testId="abcb8fa3-cd85-2471-5636-a22af31205a3" testName="BuckScience.Tests.Domain.FeatureWeightTests.FeatureWeightHelper_GetDefaultWeight_ReturnsExpectedValues(type: AgCropField, expectedWeight: 0.800000012)" computerName="runnervmf4ws1" duration="00:00:00.0000110" startTime="2025-09-10T18:10:04.8058900+00:00" endTime="2025-09-10T18:10:04.8058901+00:00" testType="13cdc9d9-ddb5-4fa4-a97d-d965ccfc6d4b" outcome="Passed" testListId="8c84fa94-04c1-424b-9868-57a2d4851a1d" relativeResultsDirectory="93b2de33-cb37-4c84-b120-4c711efda10d" />
    <UnitTestResult executionId="5df8e8ac-59d8-461a-9b1b-6cc969cd2ab7" testId="d6776beb-14db-e4df-c8a3-8f90548062bb" testName="BuckScience.Tests.Domain.FeatureWeightTests.FeatureWeight_SetSeasonalWeights_SetsIsCustomToTrue" computerName="runnervmf4ws1" duration="00:00:00.0003513" startTime="2025-09-10T18:10:04.8756979+00:00" endTime="2025-09-10T18:10:04.8756980+00:00" testType="13cdc9d9-ddb5-4fa4-a97d-d965ccfc6d4b" outcome="Passed" testListId="8c84fa94-04c1-424b-9868-57a2d4851a1d" relativeResultsDirectory="5df8e8ac-59d8-461a-9b1b-6cc969cd2ab7" />
    <UnitTestResult executionId="dfd4d2dc-9380-4fd3-bc27-a534d9f96254" testId="3df0dc6c-72ae-14e2-377c-12e9cf0a4276" testName="BuckScience.Tests.PhotoUploadIntegrationTests.PhotoUpload_AfterCameraMove_ShouldUseNewPlacement" computerName="runnervmf4ws1" duration="00:00:00.0137279" startTime="2025-09-10T18:10:03.6400436+00:00" endTime="2025-09-10T18:10:03.6400437+00:00" testType="13cdc9d9-ddb5-4fa4-a97d-d965ccfc6d4b" outcome="Passed" testListId="8c84fa94-04c1-424b-9868-57a2d4851a1d" relativeResultsDirectory="dfd4d2dc-9380-4fd3-bc27-a534d9f96254" />
    <UnitTestResult executionId="9060aa3b-f84e-402b-bd44-af0a62ee0401" testId="77c94a3a-bf51-e754-8b05-8ef3b5f32220" testName="BuckScience.Tests.DirectionHelperTests.FromFloat_ShouldReturnCorrectDirection(degrees: 270, expectedDirection: W)" computerName="runnervmf4ws1" duration="00:00:00.0000027" startTime="2025-09-10T18:10:03.7143078+00:00" endTime="2025-09-10T18:10:03.7143079+00:00" testType="13cdc9d9-ddb5-4fa4-a97d-d965ccfc6d4b" outcome="Passed" testListId="8c84fa94-04c1-424b-9868-57a2d4851a1d" relativeResultsDirectory="9060aa3b-f84e-402b-bd44-af0a62ee0401" />
    <UnitTestResult executionId="2b6cf1d0-86b1-4f07-9cb5-46cf711d2dc2" testId="3101a1d2-70b0-545d-5f32-eb96f6803b5f" testName="BuckScience.Tests.Domain.FeatureWeightTests.FeatureWeightHelper_GetCategory_ReturnsCorrectCategory(type: Ridge, expectedCategory: Topographical)" computerName="runnervmf4ws1" duration="00:00:00.0002769" startTime="2025-09-10T18:10:04.8208356+00:00" endTime="2025-09-10T18:10:04.8208357+00:00" testType="13cdc9d9-ddb5-4fa4-a97d-d965ccfc6d4b" outcome="Passed" testListId="8c84fa94-04c1-424b-9868-57a2d4851a1d" relativeResultsDirectory="2b6cf1d0-86b1-4f07-9cb5-46cf711d2dc2" />
    <UnitTestResult executionId="c44c6255-9eb4-4a6e-8340-55147cdec626" testId="ce73eb79-a497-c2a4-9a02-ef4f9a7168c5" testName="BuckScience.Tests.PhotoFilteringUrlExamples.BuildFilters_UrlParameters_ShouldParseCorrectly(urlParams: &quot;tempMin=10&amp;tempMax=30&quot;, expectedTempMin: 10, expectedTempMax: 30, expectedWindMin: null, expectedWindMax: null)" computerName="runnervmf4ws1" duration="00:00:00.0000095" startTime="2025-09-10T18:10:04.6949935+00:00" endTime="2025-09-10T18:10:04.6949936+00:00" testType="13cdc9d9-ddb5-4fa4-a97d-d965ccfc6d4b" outcome="Passed" testListId="8c84fa94-04c1-424b-9868-57a2d4851a1d" relativeResultsDirectory="c44c6255-9eb4-4a6e-8340-55147cdec626" />
    <UnitTestResult executionId="83208f49-0a0c-4419-88dc-23ab4864e5c0" testId="1c0d7c7b-e498-3c7a-c145-fce1f6e14e16" testName="BuckScience.Tests.Web.Helpers.WeatherHelpersTests.ConvertMoonPhaseTextToNumeric_ValidText_ReturnsCorrectValue(text: &quot;Waxing Gibbous&quot;, expected: 0.375)" computerName="runnervmf4ws1" duration="00:00:00.0000090" startTime="2025-09-10T18:10:03.6358347+00:00" endTime="2025-09-10T18:10:03.6358348+00:00" testType="13cdc9d9-ddb5-4fa4-a97d-d965ccfc6d4b" outcome="Passed" testListId="8c84fa94-04c1-424b-9868-57a2d4851a1d" relativeResultsDirectory="83208f49-0a0c-4419-88dc-23ab4864e5c0" />
    <UnitTestResult executionId="0cf7a27c-3b37-43aa-a480-b263a8c843c6" testId="44b98cc9-e1a6-60bb-436a-f6cfa2554196" testName="BuckScience.Tests.Application.PropertyFeatureApplicationTests.CreatePropertyFeature_WithInvalidWeight_ThrowsArgumentOutOfRangeException" computerName="runnervmf4ws1" duration="00:00:00.0021843" startTime="2025-09-10T18:10:04.8029438+00:00" endTime="2025-09-10T18:10:04.8029439+00:00" testType="13cdc9d9-ddb5-4fa4-a97d-d965ccfc6d4b" outcome="Passed" testListId="8c84fa94-04c1-424b-9868-57a2d4851a1d" relativeResultsDirectory="0cf7a27c-3b37-43aa-a480-b263a8c843c6" />
    <UnitTestResult executionId="a6cb8f29-4c56-4d57-aa95-56c85a3ada61" testId="d91077c4-486f-699f-e7de-7a096da96d2b" testName="BuckScience.Tests.Domain.PropertyFeatureTests.UpdateWeight_WithValidWeight_SetsWeightCorrectly" computerName="runnervmf4ws1" duration="00:00:00.0005863" startTime="2025-09-10T18:10:04.7059945+00:00" endTime="2025-09-10T18:10:04.7059947+00:00" testType="13cdc9d9-ddb5-4fa4-a97d-d965ccfc6d4b" outcome="Passed" testListId="8c84fa94-04c1-424b-9868-57a2d4851a1d" relativeResultsDirectory="a6cb8f29-4c56-4d57-aa95-56c85a3ada61" />
    <UnitTestResult executionId="d53ceae3-0aa9-4b58-a937-fcdaf9970c9c" testId="42b838e4-a515-a0a8-9201-8a5607fcd950" testName="BuckScience.Tests.CameraPlacementHistoryTests.CameraEditVm_ShouldIncludeDirectionDegrees" computerName="runnervmf4ws1" duration="00:00:00.0002110" startTime="2025-09-10T18:10:04.8814633+00:00" endTime="2025-09-10T18:10:04.8814634+00:00" testType="13cdc9d9-ddb5-4fa4-a97d-d965ccfc6d4b" outcome="Passed" testListId="8c84fa94-04c1-424b-9868-57a2d4851a1d" relativeResultsDirectory="d53ceae3-0aa9-4b58-a937-fcdaf9970c9c" />
    <UnitTestResult executionId="4e676302-edec-482f-bdf8-0d523c6fb356" testId="e180b2c2-7fc8-0f15-5653-0156d254c8c9" testName="BuckScience.Tests.DirectionHelperTests.FromFloat_ShouldFindClosestDirection(degrees: 23, expectedDirection: NE)" computerName="runnervmf4ws1" duration="00:00:00.0000090" startTime="2025-09-10T18:10:03.7155960+00:00" endTime="2025-09-10T18:10:03.7155960+00:00" testType="13cdc9d9-ddb5-4fa4-a97d-d965ccfc6d4b" outcome="Passed" testListId="8c84fa94-04c1-424b-9868-57a2d4851a1d" relativeResultsDirectory="4e676302-edec-482f-bdf8-0d523c6fb356" />
    <UnitTestResult executionId="7382b6c1-d8c3-4a74-8c20-b1cf78a3c004" testId="0bff2ecc-4f41-029d-f57b-08de3b707d06" testName="BuckScience.Tests.Domain.FeatureWeightTests.FeatureWeight_SetSeasonalWeights_WithNullSetsIsCustomToFalse" computerName="runnervmf4ws1" duration="00:00:00.0002009" startTime="2025-09-10T18:10:04.8766334+00:00" endTime="2025-09-10T18:10:04.8766335+00:00" testType="13cdc9d9-ddb5-4fa4-a97d-d965ccfc6d4b" outcome="Passed" testListId="8c84fa94-04c1-424b-9868-57a2d4851a1d" relativeResultsDirectory="7382b6c1-d8c3-4a74-8c20-b1cf78a3c004" />
    <UnitTestResult executionId="39af75c4-5489-493e-b1b2-879c26e97857" testId="d619cb92-2daa-6482-f5e5-56eaf7f3851b" testName="BuckScience.Tests.Domain.FeatureWeightTests.FeatureWeight_UpdateDefaultWeight_ValidatesWeightRange" computerName="runnervmf4ws1" duration="00:00:00.0005733" startTime="2025-09-10T18:10:04.8713369+00:00" endTime="2025-09-10T18:10:04.8713370+00:00" testType="13cdc9d9-ddb5-4fa4-a97d-d965ccfc6d4b" outcome="Passed" testListId="8c84fa94-04c1-424b-9868-57a2d4851a1d" relativeResultsDirectory="39af75c4-5489-493e-b1b2-879c26e97857" />
    <UnitTestResult executionId="56ffff70-a90c-4b9b-a7de-f4569f8c98e1" testId="51c22198-79c6-8565-1359-1e7a59cd2ad4" testName="BuckScience.Tests.Application.FeatureWeights.UpdateDefaultFeatureWeightsTests.UpdateDefaultFeatureWeights_ReturnsFalseForNonExistentProperty" computerName="runnervmf4ws1" duration="00:00:00.0019272" startTime="2025-09-10T18:10:04.8655565+00:00" endTime="2025-09-10T18:10:04.8655566+00:00" testType="13cdc9d9-ddb5-4fa4-a97d-d965ccfc6d4b" outcome="Passed" testListId="8c84fa94-04c1-424b-9868-57a2d4851a1d" relativeResultsDirectory="56ffff70-a90c-4b9b-a7de-f4569f8c98e1" />
    <UnitTestResult executionId="1e020cd1-4374-4703-bbb1-3d3d93ad3e4c" testId="4103318d-2de0-6e72-8544-27607329cbb3" testName="BuckScience.Tests.CameraDetailsVmTests.CameraDetailsVm_ShouldAllowNullModel" computerName="runnervmf4ws1" duration="00:00:00.0009641" startTime="2025-09-10T18:10:03.6189853+00:00" endTime="2025-09-10T18:10:03.6189854+00:00" testType="13cdc9d9-ddb5-4fa4-a97d-d965ccfc6d4b" outcome="Passed" testListId="8c84fa94-04c1-424b-9868-57a2d4851a1d" relativeResultsDirectory="1e020cd1-4374-4703-bbb1-3d3d93ad3e4c" />
    <UnitTestResult executionId="3b202256-49c0-4c04-91b1-48c1870aefe6" testId="93232e33-f6c8-82c0-b755-94e963fff023" testName="BuckScience.Tests.FeatureHelperTests.GetCategory_ShouldReturnOtherForOtherType" computerName="runnervmf4ws1" duration="00:00:00.0187921" startTime="2025-09-10T18:10:03.6172980+00:00" endTime="2025-09-10T18:10:03.6172980+00:00" testType="13cdc9d9-ddb5-4fa4-a97d-d965ccfc6d4b" outcome="Passed" testListId="8c84fa94-04c1-424b-9868-57a2d4851a1d" relativeResultsDirectory="3b202256-49c0-4c04-91b1-48c1870aefe6" />
    <UnitTestResult executionId="653bdd0b-0117-4bb4-a998-2732993a733d" testId="8a64a4c9-65f1-e14d-6fbe-7d49565403f4" testName="BuckScience.Tests.Domain.PropertySeasonMonthsOverrideTests.PropertySeasonMonthsOverride_Constructor_WithValidParameters_SetsPropertiesCorrectly" computerName="runnervmf4ws1" duration="00:00:00.0026186" startTime="2025-09-10T18:10:03.8298363+00:00" endTime="2025-09-10T18:10:03.8298365+00:00" testType="13cdc9d9-ddb5-4fa4-a97d-d965ccfc6d4b" outcome="Passed" testListId="8c84fa94-04c1-424b-9868-57a2d4851a1d" relativeResultsDirectory="653bdd0b-0117-4bb4-a998-2732993a733d" />
    <UnitTestResult executionId="c6c0b019-e3b9-4331-ac3b-42c1adade7cb" testId="11c53883-3d96-0957-d8a1-9dcf44cb5e78" testName="BuckScience.Tests.Web.Helpers.WeatherHelpersTests.StandardWindDirections_Contains16Directions" computerName="runnervmf4ws1" duration="00:00:00.0005416" startTime="2025-09-10T18:10:03.6408388+00:00" endTime="2025-09-10T18:10:03.6408388+00:00" testType="13cdc9d9-ddb5-4fa4-a97d-d965ccfc6d4b" outcome="Passed" testListId="8c84fa94-04c1-424b-9868-57a2d4851a1d" relativeResultsDirectory="c6c0b019-e3b9-4331-ac3b-42c1adade7cb" />
    <UnitTestResult executionId="364e3062-59b9-43de-acf7-d083a0c55a5c" testId="fa4cc283-dfe0-de36-3d73-29ab1e351353" testName="BuckScience.Tests.Web.Helpers.WeatherHelpersTests.ConvertWindDirectionToText_VariousAngles_ReturnsCorrectDirection(degrees: 348.75, expected: &quot;N&quot;)" computerName="runnervmf4ws1" duration="00:00:00.0001979" startTime="2025-09-10T18:10:03.6296895+00:00" endTime="2025-09-10T18:10:03.6296895+00:00" testType="13cdc9d9-ddb5-4fa4-a97d-d965ccfc6d4b" outcome="Passed" testListId="8c84fa94-04c1-424b-9868-57a2d4851a1d" relativeResultsDirectory="364e3062-59b9-43de-acf7-d083a0c55a5c" />
    <UnitTestResult executionId="c38e8ac0-aba1-494c-9e04-fbaecb00a812" testId="12f16ac3-f6d6-9802-1d09-4301de2f7efc" testName="BuckScience.Tests.Domain.PropertySeasonMonthsOverrideTests.PropertySeasonMonthsOverride_Constructor_WithInvalidMonths_ThrowsArgumentOutOfRangeException(invalidMonths: [0, 5, 10])" computerName="runnervmf4ws1" duration="00:00:00.0002701" startTime="2025-09-10T18:10:03.8242082+00:00" endTime="2025-09-10T18:10:03.8242083+00:00" testType="13cdc9d9-ddb5-4fa4-a97d-d965ccfc6d4b" outcome="Passed" testListId="8c84fa94-04c1-424b-9868-57a2d4851a1d" relativeResultsDirectory="c38e8ac0-aba1-494c-9e04-fbaecb00a812" />
    <UnitTestResult executionId="7a2414da-610d-44bc-93d3-69761063b85a" testId="973ec4a4-75bf-519b-ad67-04ada4756976" testName="BuckScience.Tests.DirectionHelperTests.FromFloat_ShouldFindClosestDirection(degrees: 22, expectedDirection: N)" computerName="runnervmf4ws1" duration="00:00:00.0001189" startTime="2025-09-10T18:10:03.7154428+00:00" endTime="2025-09-10T18:10:03.7154429+00:00" testType="13cdc9d9-ddb5-4fa4-a97d-d965ccfc6d4b" outcome="Passed" testListId="8c84fa94-04c1-424b-9868-57a2d4851a1d" relativeResultsDirectory="7a2414da-610d-44bc-93d3-69761063b85a" />
    <UnitTestResult executionId="ec7adc62-c580-4252-885c-3fae414c7bb5" testId="61feef70-4f4a-625c-42d0-d394030d758f" testName="BuckScience.Tests.Domain.FeatureWeightTests.FeatureWeightHelper_GetDefaultWeight_ReturnsExpectedValues(type: PinchPointFunnel, expectedWeight: 0.899999976)" computerName="runnervmf4ws1" duration="00:00:00.0002417" startTime="2025-09-10T18:10:04.8052894+00:00" endTime="2025-09-10T18:10:04.8052895+00:00" testType="13cdc9d9-ddb5-4fa4-a97d-d965ccfc6d4b" outcome="Passed" testListId="8c84fa94-04c1-424b-9868-57a2d4851a1d" relativeResultsDirectory="ec7adc62-c580-4252-885c-3fae414c7bb5" />
    <UnitTestResult executionId="5d459c81-d552-49fc-a9d9-521de2fd9dc3" testId="1bb4d31b-4aa9-50a4-5ac5-e8f09827ba51" testName="BuckScience.Tests.Domain.SeasonExtensionsTests.GetDefaultMonths_EarlySeason_ReturnsCorrectMonths" computerName="runnervmf4ws1" duration="00:00:00.0007627" startTime="2025-09-10T18:10:03.5895553+00:00" endTime="2025-09-10T18:10:03.5895553+00:00" testType="13cdc9d9-ddb5-4fa4-a97d-d965ccfc6d4b" outcome="Passed" testListId="8c84fa94-04c1-424b-9868-57a2d4851a1d" relativeResultsDirectory="5d459c81-d552-49fc-a9d9-521de2fd9dc3" />
    <UnitTestResult executionId="4a47d635-f4a4-4181-a17f-a03937b83b41" testId="fb8ea106-f542-3a06-bc35-d8f4e171c2a2" testName="BuckScience.Tests.Web.Helpers.WeatherHelpersTests.ConvertMoonPhaseTextToNumeric_ValidText_ReturnsCorrectValue(text: &quot;Waning Gibbous&quot;, expected: 0.625)" computerName="runnervmf4ws1" duration="00:00:00.0000062" startTime="2025-09-10T18:10:03.6365874+00:00" endTime="2025-09-10T18:10:03.6365875+00:00" testType="13cdc9d9-ddb5-4fa4-a97d-d965ccfc6d4b" outcome="Passed" testListId="8c84fa94-04c1-424b-9868-57a2d4851a1d" relativeResultsDirectory="4a47d635-f4a4-4181-a17f-a03937b83b41" />
    <UnitTestResult executionId="d96b22c7-14d8-4c64-8f63-4bf434349c28" testId="d1c2a2fd-4568-2e97-946f-7480ea03bef1" testName="BuckScience.Tests.FeatureHelperTests.GetFeatureName_ShouldReturnCorrectDisplayNames" computerName="runnervmf4ws1" duration="00:00:00.0003160" startTime="2025-09-10T18:10:03.6198144+00:00" endTime="2025-09-10T18:10:03.6198145+00:00" testType="13cdc9d9-ddb5-4fa4-a97d-d965ccfc6d4b" outcome="Passed" testListId="8c84fa94-04c1-424b-9868-57a2d4851a1d" relativeResultsDirectory="d96b22c7-14d8-4c64-8f63-4bf434349c28" />
    <UnitTestResult executionId="4d481e6d-f530-4737-8593-306219b1afe4" testId="d7049aa3-0901-3782-ef96-d1caac1bac5e" testName="BuckScience.Tests.Web.Helpers.WeatherHelpersTests.ConvertMoonPhaseToText_VariousValues_ReturnsCorrectText(phase: 0.02, expected: &quot;New Moon&quot;)" computerName="runnervmf4ws1" duration="00:00:00.0000048" startTime="2025-09-10T18:10:03.6287764+00:00" endTime="2025-09-10T18:10:03.6287765+00:00" testType="13cdc9d9-ddb5-4fa4-a97d-d965ccfc6d4b" outcome="Passed" testListId="8c84fa94-04c1-424b-9868-57a2d4851a1d" relativeResultsDirectory="4d481e6d-f530-4737-8593-306219b1afe4" />
    <UnitTestResult executionId="8b1b920d-14db-486a-895e-69dc54964efe" testId="b1f7f7a9-9f3c-0788-8363-349e751ff986" testName="BuckScience.Tests.Domain.PropertyFeatureTests.UpdateWeight_WithNull_SetsWeightToNull" computerName="runnervmf4ws1" duration="00:00:00.0003203" startTime="2025-09-10T18:10:04.7075906+00:00" endTime="2025-09-10T18:10:04.7075906+00:00" testType="13cdc9d9-ddb5-4fa4-a97d-d965ccfc6d4b" outcome="Passed" testListId="8c84fa94-04c1-424b-9868-57a2d4851a1d" relativeResultsDirectory="8b1b920d-14db-486a-895e-69dc54964efe" />
    <UnitTestResult executionId="8497c461-d4f4-4ab6-8ebe-29ed8ae454ef" testId="63390816-73a6-312f-e706-2ca3dfa39f0e" testName="BuckScience.Tests.Web.Helpers.WeatherHelpersTests.ConvertWindDirectionTextToNumeric_ValidDirections_ReturnsCorrectDegrees(direction: &quot;W&quot;, expected: 270)" computerName="runnervmf4ws1" duration="00:00:00.0000053" startTime="2025-09-10T18:10:03.6348095+00:00" endTime="2025-09-10T18:10:03.6348095+00:00" testType="13cdc9d9-ddb5-4fa4-a97d-d965ccfc6d4b" outcome="Passed" testListId="8c84fa94-04c1-424b-9868-57a2d4851a1d" relativeResultsDirectory="8497c461-d4f4-4ab6-8ebe-29ed8ae454ef" />
    <UnitTestResult executionId="c88d90be-570f-42ba-a640-73d2b993ef5e" testId="5fc7d131-6de1-7ffe-375b-8ea28a5dbcb8" testName="BuckScience.Tests.TaggingSystemTests.SetAsDefaultTag_ShouldSetTagAsDefault" computerName="runnervmf4ws1" duration="00:00:00.0001246" startTime="2025-09-10T18:10:04.6845309+00:00" endTime="2025-09-10T18:10:04.6845310+00:00" testType="13cdc9d9-ddb5-4fa4-a97d-d965ccfc6d4b" outcome="Passed" testListId="8c84fa94-04c1-424b-9868-57a2d4851a1d" relativeResultsDirectory="c88d90be-570f-42ba-a640-73d2b993ef5e" />
    <UnitTestResult executionId="3df5d027-f4f3-4bf6-ae1c-3d6b1a225e61" testId="3f4d3f91-09a2-a334-5932-6e78104fd8ba" testName="BuckScience.Tests.WeatherBatchProcessingTests.PhotoGrouping_ShouldGroupByLocationAndDate" computerName="runnervmf4ws1" duration="00:00:00.0095287" startTime="2025-09-10T18:10:04.9314595+00:00" endTime="2025-09-10T18:10:04.9314597+00:00" testType="13cdc9d9-ddb5-4fa4-a97d-d965ccfc6d4b" outcome="Passed" testListId="8c84fa94-04c1-424b-9868-57a2d4851a1d" relativeResultsDirectory="3df5d027-f4f3-4bf6-ae1c-3d6b1a225e61" />
    <UnitTestResult executionId="cf5176b6-072f-4bbb-b4d7-a50622012e3d" testId="3f5baae7-b2ef-0a09-bc51-f8b04a3acced" testName="BuckScience.Tests.Web.Helpers.WeatherHelpersTests.ConvertWindDirectionToText_VariousAngles_ReturnsCorrectDirection(degrees: 67.5, expected: &quot;ENE&quot;)" computerName="runnervmf4ws1" duration="00:00:00.0000037" startTime="2025-09-10T18:10:03.6323546+00:00" endTime="2025-09-10T18:10:03.6323548+00:00" testType="13cdc9d9-ddb5-4fa4-a97d-d965ccfc6d4b" outcome="Passed" testListId="8c84fa94-04c1-424b-9868-57a2d4851a1d" relativeResultsDirectory="cf5176b6-072f-4bbb-b4d7-a50622012e3d" />
    <UnitTestResult executionId="176ca6e4-9d22-44e3-849b-c0aa9def892e" testId="ddd7ef0f-f8d8-3f23-14c1-c969cc917d3a" testName="BuckScience.Tests.TaggingRequirementsTests.Requirement2_NewTagCreation_ShouldBeSupported" computerName="runnervmf4ws1" duration="00:00:00.0142499" startTime="2025-09-10T18:10:04.8392128+00:00" endTime="2025-09-10T18:10:04.8392129+00:00" testType="13cdc9d9-ddb5-4fa4-a97d-d965ccfc6d4b" outcome="Passed" testListId="8c84fa94-04c1-424b-9868-57a2d4851a1d" relativeResultsDirectory="176ca6e4-9d22-44e3-849b-c0aa9def892e" />
    <UnitTestResult executionId="2e4f88c8-1e7f-43a9-a569-b1c24eafc35b" testId="2b789b90-6459-6d41-420f-e5502ba7ca12" testName="BuckScience.Tests.DirectionHelperTests.GetDisplayName_ShouldReturnCorrectDisplayNames" computerName="runnervmf4ws1" duration="00:00:00.0011761" startTime="2025-09-10T18:10:03.7160655+00:00" endTime="2025-09-10T18:10:03.7160655+00:00" testType="13cdc9d9-ddb5-4fa4-a97d-d965ccfc6d4b" outcome="Passed" testListId="8c84fa94-04c1-424b-9868-57a2d4851a1d" relativeResultsDirectory="2e4f88c8-1e7f-43a9-a569-b1c24eafc35b" />
    <UnitTestResult executionId="ea8324b0-c7ee-451d-b123-93ddfced2610" testId="2cc2759a-0e74-d1e3-53c0-3d706804902c" testName="BuckScience.Tests.PhotoFilteringComprehensiveTests.PropertyPhotosVm_WithFilters_CorrectProperties" computerName="runnervmf4ws1" duration="00:00:00.0022605" startTime="2025-09-10T18:10:04.8867018+00:00" endTime="2025-09-10T18:10:04.8867020+00:00" testType="13cdc9d9-ddb5-4fa4-a97d-d965ccfc6d4b" outcome="Passed" testListId="8c84fa94-04c1-424b-9868-57a2d4851a1d" relativeResultsDirectory="ea8324b0-c7ee-451d-b123-93ddfced2610" />
    <UnitTestResult executionId="fc2c7dfb-6434-44e5-b27d-faaccd2082c9" testId="dfe6a45f-34c2-c767-91dd-1f8de6538cc0" testName="BuckScience.Tests.Web.Helpers.WeatherHelpersTests.ConvertMoonPhaseTextToNumeric_ValidText_ReturnsCorrectValue(text: &quot;Waning Crescent&quot;, expected: 0.875)" computerName="runnervmf4ws1" duration="00:00:00.0001782" startTime="2025-09-10T18:10:03.6357386+00:00" endTime="2025-09-10T18:10:03.6357386+00:00" testType="13cdc9d9-ddb5-4fa4-a97d-d965ccfc6d4b" outcome="Passed" testListId="8c84fa94-04c1-424b-9868-57a2d4851a1d" relativeResultsDirectory="fc2c7dfb-6434-44e5-b27d-faaccd2082c9" />
    <UnitTestResult executionId="af150ea4-74c5-4041-a3e8-3dcb2ab7b97d" testId="9f544328-b14d-2f96-b54b-781ab9cf51e8" testName="BuckScience.Tests.Web.Helpers.WeatherHelpersTests.ConvertMoonPhaseToText_VariousValues_ReturnsCorrectText(phase: 0.40000000000000002, expected: &quot;Waxing Gibbous&quot;)" computerName="runnervmf4ws1" duration="00:00:00.0000060" startTime="2025-09-10T18:10:03.6286088+00:00" endTime="2025-09-10T18:10:03.6286089+00:00" testType="13cdc9d9-ddb5-4fa4-a97d-d965ccfc6d4b" outcome="Passed" testListId="8c84fa94-04c1-424b-9868-57a2d4851a1d" relativeResultsDirectory="af150ea4-74c5-4041-a3e8-3dcb2ab7b97d" />
    <UnitTestResult executionId="ff6966c9-dfc5-4c12-94c0-7027e4211a3a" testId="752ffb05-78eb-92e0-4e1e-4d5811cca95a" testName="BuckScience.Tests.Domain.MonthsAttributeTests.MonthsAttribute_Constructor_WithEmptyMonths_ThrowsArgumentException" computerName="runnervmf4ws1" duration="00:00:00.0018080" startTime="2025-09-10T18:10:03.6188930+00:00" endTime="2025-09-10T18:10:03.6188930+00:00" testType="13cdc9d9-ddb5-4fa4-a97d-d965ccfc6d4b" outcome="Passed" testListId="8c84fa94-04c1-424b-9868-57a2d4851a1d" relativeResultsDirectory="ff6966c9-dfc5-4c12-94c0-7027e4211a3a" />
    <UnitTestResult executionId="166709e6-ef5e-43f6-aac5-d5187c3081aa" testId="46016c60-0720-f808-02e7-68fa8d4036c4" testName="BuckScience.Tests.Web.Helpers.WeatherHelpersTests.ConvertMoonPhaseToText_VariousValues_ReturnsCorrectText(phase: 0.98999999999999999, expected: &quot;New Moon&quot;)" computerName="runnervmf4ws1" duration="00:00:00.0000116" startTime="2025-09-10T18:10:03.6276502+00:00" endTime="2025-09-10T18:10:03.6276503+00:00" testType="13cdc9d9-ddb5-4fa4-a97d-d965ccfc6d4b" outcome="Passed" testListId="8c84fa94-04c1-424b-9868-57a2d4851a1d" relativeResultsDirectory="166709e6-ef5e-43f6-aac5-d5187c3081aa" />
    <UnitTestResult executionId="27f0ca4d-2a0a-4831-a5b8-2274b501ddf6" testId="5439de61-630e-08c6-3445-f1eed3fd3847" testName="BuckScience.Tests.TagCleanupTests.RemoveTagFromPhotos_ShouldCleanupTag_WhenNotUsedAnywhere" computerName="runnervmf4ws1" duration="00:00:00.0154271" startTime="2025-09-10T18:10:04.9102061+00:00" endTime="2025-09-10T18:10:04.9102062+00:00" testType="13cdc9d9-ddb5-4fa4-a97d-d965ccfc6d4b" outcome="Passed" testListId="8c84fa94-04c1-424b-9868-57a2d4851a1d" relativeResultsDirectory="27f0ca4d-2a0a-4831-a5b8-2274b501ddf6" />
    <UnitTestResult executionId="d9e5780f-f774-46fc-b4c9-effbe81cdd44" testId="dab68c95-06ed-1b25-9b7e-b55b2972fccc" testName="BuckScience.Tests.WeatherServiceTests.RoundCoordinates_ShouldRoundTo1DecimalPlace" computerName="runnervmf4ws1" duration="00:00:00.0006338" startTime="2025-09-10T18:10:03.6984040+00:00" endTime="2025-09-10T18:10:03.6984042+00:00" testType="13cdc9d9-ddb5-4fa4-a97d-d965ccfc6d4b" outcome="Passed" testListId="8c84fa94-04c1-424b-9868-57a2d4851a1d" relativeResultsDirectory="d9e5780f-f774-46fc-b4c9-effbe81cdd44" />
    <UnitTestResult executionId="5187b4ed-bee7-462d-b905-9aa641cb4a99" testId="2d42558b-0e16-1806-a5ca-7006bc54a2c7" testName="BuckScience.Tests.Domain.PropertySeasonMonthsOverrideTests.PropertySeasonMonthsOverride_SetMonths_WithInvalidMonths_ThrowsArgumentOutOfRangeException(invalidMonths: [1, 0, 5])" computerName="runnervmf4ws1" duration="00:00:00.0004838" startTime="2025-09-10T18:10:03.8249758+00:00" endTime="2025-09-10T18:10:03.8249760+00:00" testType="13cdc9d9-ddb5-4fa4-a97d-d965ccfc6d4b" outcome="Passed" testListId="8c84fa94-04c1-424b-9868-57a2d4851a1d" relativeResultsDirectory="5187b4ed-bee7-462d-b905-9aa641cb4a99" />
    <UnitTestResult executionId="c8485f9e-6570-419e-b0d3-1ff23680e2aa" testId="be89a856-c15c-81ed-5ddb-4973639d716d" testName="BuckScience.Tests.CameraPlacementHistoryTests.Camera_PlaceAt_ShouldCreateNewPlacementHistory" computerName="runnervmf4ws1" duration="00:00:00.0003963" startTime="2025-09-10T18:10:04.8834550+00:00" endTime="2025-09-10T18:10:04.8834551+00:00" testType="13cdc9d9-ddb5-4fa4-a97d-d965ccfc6d4b" outcome="Passed" testListId="8c84fa94-04c1-424b-9868-57a2d4851a1d" relativeResultsDirectory="c8485f9e-6570-419e-b0d3-1ff23680e2aa" />
    <UnitTestResult executionId="ca693c16-b09c-45c0-90aa-a1b0025cdeda" testId="3b0de714-8f13-7aca-97ab-ed01b955f773" testName="BuckScience.Tests.Domain.FeatureWeightTests.FeatureWeight_Constructor_SetsPropertiesCorrectly" computerName="runnervmf4ws1" duration="00:00:00.0395482" startTime="2025-09-10T18:10:04.8592158+00:00" endTime="2025-09-10T18:10:04.8592160+00:00" testType="13cdc9d9-ddb5-4fa4-a97d-d965ccfc6d4b" outcome="Passed" testListId="8c84fa94-04c1-424b-9868-57a2d4851a1d" relativeResultsDirectory="ca693c16-b09c-45c0-90aa-a1b0025cdeda" />
    <UnitTestResult executionId="ce3c053c-2bf7-4ed5-b89a-5edabbe14a89" testId="61de09e0-94b0-9094-bdcf-74e56c5800ed" testName="BuckScience.Tests.TaggingRequirementsTests.Requirement1_DefaultTags_ShouldBePopulatedByMigration" computerName="runnervmf4ws1" duration="00:00:00.0058278" startTime="2025-09-10T18:10:04.8451111+00:00" endTime="2025-09-10T18:10:04.8451112+00:00" testType="13cdc9d9-ddb5-4fa4-a97d-d965ccfc6d4b" outcome="Passed" testListId="8c84fa94-04c1-424b-9868-57a2d4851a1d" relativeResultsDirectory="ce3c053c-2bf7-4ed5-b89a-5edabbe14a89" />
    <UnitTestResult executionId="fec4bbdf-c601-4c85-be00-b09961aed469" testId="db79dd17-8f15-9022-848e-d377803a0707" testName="BuckScience.Tests.Domain.MonthsAttributeTests.MonthsAttribute_Constructor_WithValidMonths_SetsMonthsCorrectly" computerName="runnervmf4ws1" duration="00:00:00.0002967" startTime="2025-09-10T18:10:03.6174284+00:00" endTime="2025-09-10T18:10:03.6174285+00:00" testType="13cdc9d9-ddb5-4fa4-a97d-d965ccfc6d4b" outcome="Passed" testListId="8c84fa94-04c1-424b-9868-57a2d4851a1d" relativeResultsDirectory="fec4bbdf-c601-4c85-be00-b09961aed469" />
    <UnitTestResult executionId="89ba6395-82a1-40a6-9054-bf4e2faf45d4" testId="a6b7ec4e-8439-0e75-5dff-9c306313533e" testName="BuckScience.Tests.Domain.PropertySeasonMonthsOverrideTests.PropertySeasonMonthsOverride_Constructor_WithNullMonths_ThrowsArgumentNullException" computerName="runnervmf4ws1" duration="00:00:00.0004041" startTime="2025-09-10T18:10:03.8273980+00:00" endTime="2025-09-10T18:10:03.8273981+00:00" testType="13cdc9d9-ddb5-4fa4-a97d-d965ccfc6d4b" outcome="Passed" testListId="8c84fa94-04c1-424b-9868-57a2d4851a1d" relativeResultsDirectory="89ba6395-82a1-40a6-9054-bf4e2faf45d4" />
    <UnitTestResult executionId="b1a71685-dacc-4749-9ac8-fb1f82d908df" testId="9b0f50d1-0319-2e52-3133-7e2638dde793" testName="BuckScience.Tests.CameraCreateVmTests.CameraCreateVm_DirectionSync_ShouldWorkForAllDirections(direction: E, expectedDegrees: 90)" computerName="runnervmf4ws1" duration="00:00:00.0000031" startTime="2025-09-10T18:10:03.7061132+00:00" endTime="2025-09-10T18:10:03.7061133+00:00" testType="13cdc9d9-ddb5-4fa4-a97d-d965ccfc6d4b" outcome="Passed" testListId="8c84fa94-04c1-424b-9868-57a2d4851a1d" relativeResultsDirectory="b1a71685-dacc-4749-9ac8-fb1f82d908df" />
    <UnitTestResult executionId="1c8283a3-58ba-402f-808b-2cfa354666b8" testId="0c5da287-efdb-ad86-5a1d-4f909e3eba8c" testName="BuckScience.Tests.PhotoFilteringUrlExamples.BuildFilters_UrlParameters_ShouldParseCorrectly(urlParams: &quot;windSpeedMin=5&amp;windSpeedMax=15&quot;, expectedTempMin: null, expectedTempMax: null, expectedWindMin: 5, expectedWindMax: 15)" computerName="runnervmf4ws1" duration="00:00:00.0000158" startTime="2025-09-10T18:10:04.6949309+00:00" endTime="2025-09-10T18:10:04.6949310+00:00" testType="13cdc9d9-ddb5-4fa4-a97d-d965ccfc6d4b" outcome="Passed" testListId="8c84fa94-04c1-424b-9868-57a2d4851a1d" relativeResultsDirectory="1c8283a3-58ba-402f-808b-2cfa354666b8" />
    <UnitTestResult executionId="eee3a92f-1e0a-49a0-8eb9-11d642e27050" testId="633c7180-abf2-d38a-1f50-b48e71e9c2bd" testName="BuckScience.Tests.Domain.PropertySeasonMonthsOverrideTests.PropertySeasonMonthsOverride_SetMonths_WithValidMonths_UpdatesMonthsAndTimestamp" computerName="runnervmf4ws1" duration="00:00:00.0104814" startTime="2025-09-10T18:10:03.8232854+00:00" endTime="2025-09-10T18:10:03.8232855+00:00" testType="13cdc9d9-ddb5-4fa4-a97d-d965ccfc6d4b" outcome="Passed" testListId="8c84fa94-04c1-424b-9868-57a2d4851a1d" relativeResultsDirectory="eee3a92f-1e0a-49a0-8eb9-11d642e27050" />
    <UnitTestResult executionId="34c4a254-a958-49ca-a683-d4708cae1a60" testId="8bb24e9f-b033-fdc0-7830-bccb21534250" testName="BuckScience.Tests.DirectionHelperTests.GetAllDirections_ShouldReturnAllDirectionsWithCorrectData" computerName="runnervmf4ws1" duration="00:00:00.0072990" startTime="2025-09-10T18:10:03.7237866+00:00" endTime="2025-09-10T18:10:03.7237867+00:00" testType="13cdc9d9-ddb5-4fa4-a97d-d965ccfc6d4b" outcome="Passed" testListId="8c84fa94-04c1-424b-9868-57a2d4851a1d" relativeResultsDirectory="34c4a254-a958-49ca-a683-d4708cae1a60" />
    <UnitTestResult executionId="356d6542-4fde-4f56-a45c-6e3869448ee1" testId="aac2053d-c1f1-3ae9-c811-84c25975dded" testName="BuckScience.Tests.TaggingIntegrationTests.CreateProperty_ShouldAutoAssignDefaultTags" computerName="runnervmf4ws1" duration="00:00:00.0210080" startTime="2025-09-10T18:10:04.8419016+00:00" endTime="2025-09-10T18:10:04.8419018+00:00" testType="13cdc9d9-ddb5-4fa4-a97d-d965ccfc6d4b" outcome="Passed" testListId="8c84fa94-04c1-424b-9868-57a2d4851a1d" relativeResultsDirectory="356d6542-4fde-4f56-a45c-6e3869448ee1" />
    <UnitTestResult executionId="b87648b8-039c-4d56-ba27-92a6d56cc225" testId="ea3e05c1-5c7d-865c-be9d-8f2ae46de9bb" testName="BuckScience.Tests.Application.PropertyFeatureApplicationTests.CreatePropertyFeature_WithoutWeight_CreatesFeatureWithDefaultWeight" computerName="runnervmf4ws1" duration="00:00:00.0026625" startTime="2025-09-10T18:10:04.7705813+00:00" endTime="2025-09-10T18:10:04.7705815+00:00" testType="13cdc9d9-ddb5-4fa4-a97d-d965ccfc6d4b" outcome="Passed" testListId="8c84fa94-04c1-424b-9868-57a2d4851a1d" relativeResultsDirectory="b87648b8-039c-4d56-ba27-92a6d56cc225" />
    <UnitTestResult executionId="fa0e0395-be0c-439b-ae74-6c2f7b9b95cd" testId="57048c9f-2c1b-ae85-11e6-989795af7a80" testName="BuckScience.Tests.Domain.SeasonExtensionsTests.GetMonthsForProperty_WithNullProperty_ReturnsDefaultMonths" computerName="runnervmf4ws1" duration="00:00:00.0004442" startTime="2025-09-10T18:10:03.6156934+00:00" endTime="2025-09-10T18:10:03.6156934+00:00" testType="13cdc9d9-ddb5-4fa4-a97d-d965ccfc6d4b" outcome="Passed" testListId="8c84fa94-04c1-424b-9868-57a2d4851a1d" relativeResultsDirectory="fa0e0395-be0c-439b-ae74-6c2f7b9b95cd" />
    <UnitTestResult executionId="e836a8ab-d958-4d63-bc8f-dfee71146f16" testId="fb896724-2095-3026-71b5-ad9198efd098" testName="BuckScience.Tests.Web.Helpers.WeatherHelpersTests.ConvertMoonPhaseTextToNumeric_InvalidText_ReturnsNull(text: &quot;Unknown&quot;)" computerName="runnervmf4ws1" duration="00:00:00.0001163" startTime="2025-09-10T18:10:03.6397781+00:00" endTime="2025-09-10T18:10:03.6397782+00:00" testType="13cdc9d9-ddb5-4fa4-a97d-d965ccfc6d4b" outcome="Passed" testListId="8c84fa94-04c1-424b-9868-57a2d4851a1d" relativeResultsDirectory="e836a8ab-d958-4d63-bc8f-dfee71146f16" />
    <UnitTestResult executionId="0db3ebf2-cb20-411c-acd1-67052c61c997" testId="9b0dd086-97eb-5a55-6e89-79dde58b1fca" testName="BuckScience.Tests.PhotoFilteringUrlExamples.BuildFilters_CameraParameters_ShouldParseCorrectly(cameras: &quot;5&quot;, expectedCameras: [5])" computerName="runnervmf4ws1" duration="00:00:00.0002173" startTime="2025-09-10T18:10:04.6915681+00:00" endTime="2025-09-10T18:10:04.6915682+00:00" testType="13cdc9d9-ddb5-4fa4-a97d-d965ccfc6d4b" outcome="Passed" testListId="8c84fa94-04c1-424b-9868-57a2d4851a1d" relativeResultsDirectory="0db3ebf2-cb20-411c-acd1-67052c61c997" />
    <UnitTestResult executionId="92e03989-a974-4feb-8431-65c1d0de0774" testId="4bbe555c-8fb0-44dc-18a4-86549d9ecd64" testName="BuckScience.Tests.DirectionHelperTests.FromFloat_ShouldFindClosestDirection(degrees: -15, expectedDirection: NW)" computerName="runnervmf4ws1" duration="00:00:00.0000063" startTime="2025-09-10T18:10:03.7155695+00:00" endTime="2025-09-10T18:10:03.7155695+00:00" testType="13cdc9d9-ddb5-4fa4-a97d-d965ccfc6d4b" outcome="Passed" testListId="8c84fa94-04c1-424b-9868-57a2d4851a1d" relativeResultsDirectory="92e03989-a974-4feb-8431-65c1d0de0774" />
    <UnitTestResult executionId="5fbe1fe0-1262-4729-b438-fbb442d49ac1" testId="7d4e8658-cb8d-0c66-3167-748289c2e3c6" testName="BuckScience.Tests.Web.Helpers.WeatherHelpersTests.ConvertWindDirectionToText_VariousAngles_ReturnsCorrectDirection(degrees: 135, expected: &quot;SE&quot;)" computerName="runnervmf4ws1" duration="00:00:00.0000028" startTime="2025-09-10T18:10:03.6324861+00:00" endTime="2025-09-10T18:10:03.6324862+00:00" testType="13cdc9d9-ddb5-4fa4-a97d-d965ccfc6d4b" outcome="Passed" testListId="8c84fa94-04c1-424b-9868-57a2d4851a1d" relativeResultsDirectory="5fbe1fe0-1262-4729-b438-fbb442d49ac1" />
    <UnitTestResult executionId="b15a1790-3388-45f4-9c77-d8915cc557bf" testId="2582410d-2726-a653-733b-0912934edde4" testName="BuckScience.Tests.Web.Helpers.WeatherHelpersTests.ConvertMoonPhaseTextToNumeric_ValidText_ReturnsCorrectValue(text: &quot;Last Quarter&quot;, expected: 0.75)" computerName="runnervmf4ws1" duration="00:00:00.0003043" startTime="2025-09-10T18:10:03.6357872+00:00" endTime="2025-09-10T18:10:03.6357872+00:00" testType="13cdc9d9-ddb5-4fa4-a97d-d965ccfc6d4b" outcome="Passed" testListId="8c84fa94-04c1-424b-9868-57a2d4851a1d" relativeResultsDirectory="b15a1790-3388-45f4-9c77-d8915cc557bf" />
    <UnitTestResult executionId="7b1a5974-32b2-43c5-9127-903d112eafdf" testId="10354eb4-4c14-dba7-068b-24dcfb475d53" testName="BuckScience.Tests.DirectionHelperTests.FromFloat_ShouldFindClosestDirection(degrees: 360, expectedDirection: N)" computerName="runnervmf4ws1" duration="00:00:00.0000075" startTime="2025-09-10T18:10:03.7155432+00:00" endTime="2025-09-10T18:10:03.7155432+00:00" testType="13cdc9d9-ddb5-4fa4-a97d-d965ccfc6d4b" outcome="Passed" testListId="8c84fa94-04c1-424b-9868-57a2d4851a1d" relativeResultsDirectory="7b1a5974-32b2-43c5-9127-903d112eafdf" />
    <UnitTestResult executionId="a1cba7f8-9469-486f-a75b-9935696c4364" testId="a7640c1c-3e1a-ff5f-a7c8-4da5a8b29af2" testName="BuckScience.Tests.Web.Helpers.WeatherHelpersTests.ConvertMoonPhaseTextToNumeric_ValidText_ReturnsCorrectValue(text: &quot;First Quarter&quot;, expected: 0.25)" computerName="runnervmf4ws1" duration="00:00:00.0000070" startTime="2025-09-10T18:10:03.6365283+00:00" endTime="2025-09-10T18:10:03.6365284+00:00" testType="13cdc9d9-ddb5-4fa4-a97d-d965ccfc6d4b" outcome="Passed" testListId="8c84fa94-04c1-424b-9868-57a2d4851a1d" relativeResultsDirectory="a1cba7f8-9469-486f-a75b-9935696c4364" />
    <UnitTestResult executionId="aee993f0-9d33-4531-92a5-c2be11e22668" testId="162f6cfb-c27f-27d9-ae85-1a410ddacc2e" testName="BuckScience.Tests.Application.SeasonMonthMappingServiceTests.SeasonMonthMappingService_Constructor_WithNullDbContext_ThrowsArgumentNullException" computerName="runnervmf4ws1" duration="00:00:00.0005264" startTime="2025-09-10T18:10:03.6906121+00:00" endTime="2025-09-10T18:10:03.6906122+00:00" testType="13cdc9d9-ddb5-4fa4-a97d-d965ccfc6d4b" outcome="Passed" testListId="8c84fa94-04c1-424b-9868-57a2d4851a1d" relativeResultsDirectory="aee993f0-9d33-4531-92a5-c2be11e22668" />
    <UnitTestResult executionId="deef80d5-4888-4319-95f2-795ee6ccdbb3" testId="dca73a03-b0b0-9398-437e-9e75519b25e4" testName="BuckScience.Tests.CameraPlacementHistoryTests.CameraPlacementHistory_EndPlacement_ShouldThrowIfAlreadyEnded" computerName="runnervmf4ws1" duration="00:00:00.0004894" startTime="2025-09-10T18:10:04.8820176+00:00" endTime="2025-09-10T18:10:04.8820177+00:00" testType="13cdc9d9-ddb5-4fa4-a97d-d965ccfc6d4b" outcome="Passed" testListId="8c84fa94-04c1-424b-9868-57a2d4851a1d" relativeResultsDirectory="deef80d5-4888-4319-95f2-795ee6ccdbb3" />
    <UnitTestResult executionId="2c974f80-dab0-49bc-b9c0-3a9cbb694f05" testId="0249bb7c-cd9a-b690-46ba-3252e9d64885" testName="BuckScience.Tests.PhotoFilteringUrlExamples.BuildFilters_CameraParameters_ShouldParseCorrectly(cameras: &quot;1,5,10&quot;, expectedCameras: [1, 5, 10])" computerName="runnervmf4ws1" duration="00:00:00.0000148" startTime="2025-09-10T18:10:04.6916345+00:00" endTime="2025-09-10T18:10:04.6916346+00:00" testType="13cdc9d9-ddb5-4fa4-a97d-d965ccfc6d4b" outcome="Passed" testListId="8c84fa94-04c1-424b-9868-57a2d4851a1d" relativeResultsDirectory="2c974f80-dab0-49bc-b9c0-3a9cbb694f05" />
    <UnitTestResult executionId="9f6b91ff-3ae3-4554-982f-4a2dae47f1fb" testId="6c5bb03b-3d70-308f-aed5-443e0f2530e1" testName="BuckScience.Tests.Web.Helpers.WeatherHelpersTests.WindDirectionOption_Properties_Work" computerName="runnervmf4ws1" duration="00:00:00.0002334" startTime="2025-09-10T18:10:03.6437001+00:00" endTime="2025-09-10T18:10:03.6437002+00:00" testType="13cdc9d9-ddb5-4fa4-a97d-d965ccfc6d4b" outcome="Passed" testListId="8c84fa94-04c1-424b-9868-57a2d4851a1d" relativeResultsDirectory="9f6b91ff-3ae3-4554-982f-4a2dae47f1fb" />
    <UnitTestResult executionId="c746918b-4172-4f02-be37-65ebc6826700" testId="e7727167-90de-6177-0043-c32edeea9377" testName="BuckScience.Tests.Domain.PropertySeasonMonthsOverrideTests.PropertySeasonMonthsOverride_RoundTripSerialization_MaintainsData(months: [1])" computerName="runnervmf4ws1" duration="00:00:00.0000574" startTime="2025-09-10T18:10:03.8132007+00:00" endTime="2025-09-10T18:10:03.8132007+00:00" testType="13cdc9d9-ddb5-4fa4-a97d-d965ccfc6d4b" outcome="Passed" testListId="8c84fa94-04c1-424b-9868-57a2d4851a1d" relativeResultsDirectory="c746918b-4172-4f02-be37-65ebc6826700" />
    <UnitTestResult executionId="de497c44-c15c-479f-ba8c-590dac0d9be7" testId="697a3a18-bb68-1bc4-ecac-a4680501e02f" testName="BuckScience.Tests.PhotoFilteringIntegrationTests.BuildFilters_WithNoParameters_ReturnsNull" computerName="runnervmf4ws1" duration="00:00:00.0013166" startTime="2025-09-10T18:10:04.7012855+00:00" endTime="2025-09-10T18:10:04.7012856+00:00" testType="13cdc9d9-ddb5-4fa4-a97d-d965ccfc6d4b" outcome="Passed" testListId="8c84fa94-04c1-424b-9868-57a2d4851a1d" relativeResultsDirectory="de497c44-c15c-479f-ba8c-590dac0d9be7" />
    <UnitTestResult executionId="c5846837-febb-4459-bda4-098e04218cdf" testId="29048f6b-b73b-a720-ef94-9f27a4540f3c" testName="BuckScience.Tests.Web.Helpers.WeatherHelpersTests.ConvertMoonPhaseTextToNumeric_ValidText_ReturnsCorrectValue(text: &quot;New Moon&quot;, expected: 0)" computerName="runnervmf4ws1" duration="00:00:00.0000086" startTime="2025-09-10T18:10:03.6358817+00:00" endTime="2025-09-10T18:10:03.6358818+00:00" testType="13cdc9d9-ddb5-4fa4-a97d-d965ccfc6d4b" outcome="Passed" testListId="8c84fa94-04c1-424b-9868-57a2d4851a1d" relativeResultsDirectory="c5846837-febb-4459-bda4-098e04218cdf" />
    <UnitTestResult executionId="c07246de-ad2b-4839-ab1a-7a9e95be89ac" testId="6219abff-caed-b73f-a3a3-a932c37fd5fb" testName="BuckScience.Tests.TaggingSystemTests.GetOrCreateTag_ShouldThrowException_WhenTagNameIsInvalid(invalidTagName: &quot;   &quot;)" computerName="runnervmf4ws1" duration="00:00:00.0001990" startTime="2025-09-10T18:10:04.6677024+00:00" endTime="2025-09-10T18:10:04.6677025+00:00" testType="13cdc9d9-ddb5-4fa4-a97d-d965ccfc6d4b" outcome="Passed" testListId="8c84fa94-04c1-424b-9868-57a2d4851a1d" relativeResultsDirectory="c07246de-ad2b-4839-ab1a-7a9e95be89ac" />
    <UnitTestResult executionId="9d428891-bb89-4339-abc1-e496a3c49167" testId="7711d213-9779-8d22-c44f-611f07df932a" testName="BuckScience.Tests.Domain.PropertyFeatureTests.SetWeight_WithValidWeight_SetsWeightCorrectly" computerName="runnervmf4ws1" duration="00:00:00.0002471" startTime="2025-09-10T18:10:04.7065937+00:00" endTime="2025-09-10T18:10:04.7065938+00:00" testType="13cdc9d9-ddb5-4fa4-a97d-d965ccfc6d4b" outcome="Passed" testListId="8c84fa94-04c1-424b-9868-57a2d4851a1d" relativeResultsDirectory="9d428891-bb89-4339-abc1-e496a3c49167" />
    <UnitTestResult executionId="bc79f428-ac77-40b7-a2a0-8b50c6cb966f" testId="d23e84fd-71f4-7bce-d8fe-1741eb8da08e" testName="BuckScience.Tests.PhotoFilteringComprehensiveTests.PropertyPhotosVm_WithoutFilters_CorrectProperties" computerName="runnervmf4ws1" duration="00:00:00.0001611" startTime="2025-09-10T18:10:04.8873836+00:00" endTime="2025-09-10T18:10:04.8873837+00:00" testType="13cdc9d9-ddb5-4fa4-a97d-d965ccfc6d4b" outcome="Passed" testListId="8c84fa94-04c1-424b-9868-57a2d4851a1d" relativeResultsDirectory="bc79f428-ac77-40b7-a2a0-8b50c6cb966f" />
    <UnitTestResult executionId="c444d929-0bcd-4b06-9736-74d5eafb874f" testId="26223a8b-ac6d-ffcd-1256-75d18fb727f7" testName="BuckScience.Tests.DirectionHelperTests.ToFloat_ShouldReturnCorrectDegrees(direction: NW, expectedDegrees: 315)" computerName="runnervmf4ws1" duration="00:00:00.0000017" startTime="2025-09-10T18:10:03.7153135+00:00" endTime="2025-09-10T18:10:03.7153135+00:00" testType="13cdc9d9-ddb5-4fa4-a97d-d965ccfc6d4b" outcome="Passed" testListId="8c84fa94-04c1-424b-9868-57a2d4851a1d" relativeResultsDirectory="c444d929-0bcd-4b06-9736-74d5eafb874f" />
    <UnitTestResult executionId="81cd3d42-41be-489a-af05-3148d036629a" testId="b737e5bb-0356-fd2c-e9f5-061fb14537a5" testName="BuckScience.Tests.Application.PropertyFeatureApplicationTests.CreatePropertyFeature_WithWeight_CreatesFeatureWithWeight" computerName="runnervmf4ws1" duration="00:00:00.0108751" startTime="2025-09-10T18:10:04.7183462+00:00" endTime="2025-09-10T18:10:04.7183463+00:00" testType="13cdc9d9-ddb5-4fa4-a97d-d965ccfc6d4b" outcome="Passed" testListId="8c84fa94-04c1-424b-9868-57a2d4851a1d" relativeResultsDirectory="81cd3d42-41be-489a-af05-3148d036629a" />
    <UnitTestResult executionId="e35a7b45-8508-4ee9-bd3e-475096fa7ff0" testId="ec7cd5e3-a82c-cf66-66cc-45c1ba395a3e" testName="BuckScience.Tests.Web.Helpers.WeatherHelpersTests.ConvertMoonPhaseTextToNumeric_InvalidText_ReturnsNull(text: &quot;   &quot;)" computerName="runnervmf4ws1" duration="00:00:00.0000035" startTime="2025-09-10T18:10:03.6399451+00:00" endTime="2025-09-10T18:10:03.6399452+00:00" testType="13cdc9d9-ddb5-4fa4-a97d-d965ccfc6d4b" outcome="Passed" testListId="8c84fa94-04c1-424b-9868-57a2d4851a1d" relativeResultsDirectory="e35a7b45-8508-4ee9-bd3e-475096fa7ff0" />
  </Results>
  <TestDefinitions>
    <UnitTest name="BuckScience.Tests.PhotoFiltersTests.PhotoFilters_HasWeatherFilters_ReturnsFalseWhenNoWeatherFiltersSet" storage="/home/runner/work/buckscienceapp/buckscienceapp/tests/buckscience.tests/bin/debug/net8.0/buckscience.tests.dll" id="5d43f699-35d1-a4da-58e9-d0a22f0dcdd2">
      <Execution id="b7918732-e4eb-4b26-a557-b8794514569a" />
      <TestMethod codeBase="/home/runner/work/BuckScienceApp/BuckScienceApp/tests/BuckScience.Tests/bin/Debug/net8.0/BuckScience.Tests.dll" adapterTypeName="executor://xunit/VsTestRunner2/netcoreapp" className="BuckScience.Tests.PhotoFiltersTests" name="PhotoFilters_HasWeatherFilters_ReturnsFalseWhenNoWeatherFiltersSet" />
    </UnitTest>
    <UnitTest name="BuckScience.Tests.Web.Helpers.WeatherHelpersTests.ConvertWindDirectionTextToNumeric_ValidDirections_ReturnsCorrectDegrees(direction: &quot;NW&quot;, expected: 315)" storage="/home/runner/work/buckscienceapp/buckscienceapp/tests/buckscience.tests/bin/debug/net8.0/buckscience.tests.dll" id="7f448030-c6f3-ad7f-1c7b-809f60db9d71">
      <Execution id="1e5939fd-1e75-43e4-82dd-b3bd76321c1e" />
      <TestMethod codeBase="/home/runner/work/BuckScienceApp/BuckScienceApp/tests/BuckScience.Tests/bin/Debug/net8.0/BuckScience.Tests.dll" adapterTypeName="executor://xunit/VsTestRunner2/netcoreapp" className="BuckScience.Tests.Web.Helpers.WeatherHelpersTests" name="ConvertWindDirectionTextToNumeric_ValidDirections_ReturnsCorrectDegrees" />
    </UnitTest>
    <UnitTest name="BuckScience.Tests.Web.Helpers.WeatherHelpersTests.ConvertMoonPhaseToText_VariousValues_ReturnsCorrectText(phase: 0.75, expected: &quot;Last Quarter&quot;)" storage="/home/runner/work/buckscienceapp/buckscienceapp/tests/buckscience.tests/bin/debug/net8.0/buckscience.tests.dll" id="78d335ed-d8a0-4e68-1b07-0e64ec6fcf01">
      <Execution id="5b77c9f5-4f5e-4ead-a9b6-4a6c25e5fd7d" />
      <TestMethod codeBase="/home/runner/work/BuckScienceApp/BuckScienceApp/tests/BuckScience.Tests/bin/Debug/net8.0/BuckScience.Tests.dll" adapterTypeName="executor://xunit/VsTestRunner2/netcoreapp" className="BuckScience.Tests.Web.Helpers.WeatherHelpersTests" name="ConvertMoonPhaseToText_VariousValues_ReturnsCorrectText" />
    </UnitTest>
    <UnitTest name="BuckScience.Tests.DirectionHelperTests.ToFloat_ShouldReturnCorrectDegrees(direction: SW, expectedDegrees: 225)" storage="/home/runner/work/buckscienceapp/buckscienceapp/tests/buckscience.tests/bin/debug/net8.0/buckscience.tests.dll" id="d2d2f826-9cbd-9c14-4121-a07b2094c76e">
      <Execution id="0d6c8540-d33e-4a5b-b016-e5a50b489d10" />
      <TestMethod codeBase="/home/runner/work/BuckScienceApp/BuckScienceApp/tests/BuckScience.Tests/bin/Debug/net8.0/BuckScience.Tests.dll" adapterTypeName="executor://xunit/VsTestRunner2/netcoreapp" className="BuckScience.Tests.DirectionHelperTests" name="ToFloat_ShouldReturnCorrectDegrees" />
    </UnitTest>
    <UnitTest name="BuckScience.Tests.DirectionHelperTests.FromFloat_ShouldFindClosestDirection(degrees: -15, expectedDirection: NW)" storage="/home/runner/work/buckscienceapp/buckscienceapp/tests/buckscience.tests/bin/debug/net8.0/buckscience.tests.dll" id="4bbe555c-8fb0-44dc-18a4-86549d9ecd64">
      <Execution id="92e03989-a974-4feb-8431-65c1d0de0774" />
      <TestMethod codeBase="/home/runner/work/BuckScienceApp/BuckScienceApp/tests/BuckScience.Tests/bin/Debug/net8.0/BuckScience.Tests.dll" adapterTypeName="executor://xunit/VsTestRunner2/netcoreapp" className="BuckScience.Tests.DirectionHelperTests" name="FromFloat_ShouldFindClosestDirection" />
    </UnitTest>
    <UnitTest name="BuckScience.Tests.Web.Helpers.WeatherHelpersTests.ConvertMoonPhaseToText_VariousValues_ReturnsCorrectText(phase: 0, expected: &quot;New Moon&quot;)" storage="/home/runner/work/buckscienceapp/buckscienceapp/tests/buckscience.tests/bin/debug/net8.0/buckscience.tests.dll" id="61590a98-8800-c63c-636c-5d74543a54c1">
      <Execution id="0a2bf0d9-f793-47ba-9802-74d5633fd695" />
      <TestMethod codeBase="/home/runner/work/BuckScienceApp/BuckScienceApp/tests/BuckScience.Tests/bin/Debug/net8.0/BuckScience.Tests.dll" adapterTypeName="executor://xunit/VsTestRunner2/netcoreapp" className="BuckScience.Tests.Web.Helpers.WeatherHelpersTests" name="ConvertMoonPhaseToText_VariousValues_ReturnsCorrectText" />
    </UnitTest>
    <UnitTest name="BuckScience.Tests.Domain.PropertyFeatureTests.Constructor_WithInvalidWeight_ThrowsArgumentOutOfRangeException(weight: -1)" storage="/home/runner/work/buckscienceapp/buckscienceapp/tests/buckscience.tests/bin/debug/net8.0/buckscience.tests.dll" id="af05f3f5-fc25-06fd-0f22-fca8b27396d1">
      <Execution id="aff6749e-9d49-46e6-b822-98e4e8fbaa54" />
      <TestMethod codeBase="/home/runner/work/BuckScienceApp/BuckScienceApp/tests/BuckScience.Tests/bin/Debug/net8.0/BuckScience.Tests.dll" adapterTypeName="executor://xunit/VsTestRunner2/netcoreapp" className="BuckScience.Tests.Domain.PropertyFeatureTests" name="Constructor_WithInvalidWeight_ThrowsArgumentOutOfRangeException" />
    </UnitTest>
    <UnitTest name="BuckScience.Tests.Application.PropertyFeatureApplicationTests.ListPropertyFeatures_ReturnsWeightsCorrectly" storage="/home/runner/work/buckscienceapp/buckscienceapp/tests/buckscience.tests/bin/debug/net8.0/buckscience.tests.dll" id="b6a182bd-655d-0c92-283a-3c75d3d71c02">
      <Execution id="c5caa781-2445-4be7-9d23-624e81e2be07" />
      <TestMethod codeBase="/home/runner/work/BuckScienceApp/BuckScienceApp/tests/BuckScience.Tests/bin/Debug/net8.0/BuckScience.Tests.dll" adapterTypeName="executor://xunit/VsTestRunner2/netcoreapp" className="BuckScience.Tests.Application.PropertyFeatureApplicationTests" name="ListPropertyFeatures_ReturnsWeightsCorrectly" />
    </UnitTest>
    <UnitTest name="BuckScience.Tests.Application.Profiles.ProfileCrudTests.DeleteProfile_ValidId_DeletesProfile" storage="/home/runner/work/buckscienceapp/buckscienceapp/tests/buckscience.tests/bin/debug/net8.0/buckscience.tests.dll" id="46eed830-2953-fcd5-c0a0-3903ea3c299a">
      <Execution id="67084a0c-e4d5-496e-b2ed-e3eda5555032" />
      <TestMethod codeBase="/home/runner/work/BuckScienceApp/BuckScienceApp/tests/BuckScience.Tests/bin/Debug/net8.0/BuckScience.Tests.dll" adapterTypeName="executor://xunit/VsTestRunner2/netcoreapp" className="BuckScience.Tests.Application.Profiles.ProfileCrudTests" name="DeleteProfile_ValidId_DeletesProfile" />
    </UnitTest>
    <UnitTest name="BuckScience.Tests.PhotoFilteringUrlExamples.BuildFilters_CameraParameters_ShouldParseCorrectly(cameras: &quot;1,5,10&quot;, expectedCameras: [1, 5, 10])" storage="/home/runner/work/buckscienceapp/buckscienceapp/tests/buckscience.tests/bin/debug/net8.0/buckscience.tests.dll" id="0249bb7c-cd9a-b690-46ba-3252e9d64885">
      <Execution id="2c974f80-dab0-49bc-b9c0-3a9cbb694f05" />
      <TestMethod codeBase="/home/runner/work/BuckScienceApp/BuckScienceApp/tests/BuckScience.Tests/bin/Debug/net8.0/BuckScience.Tests.dll" adapterTypeName="executor://xunit/VsTestRunner2/netcoreapp" className="BuckScience.Tests.PhotoFilteringUrlExamples" name="BuildFilters_CameraParameters_ShouldParseCorrectly" />
    </UnitTest>
    <UnitTest name="BuckScience.Tests.Domain.FeatureWeightTests.FeatureWeight_SetSeasonalWeights_SetsIsCustomToTrue" storage="/home/runner/work/buckscienceapp/buckscienceapp/tests/buckscience.tests/bin/debug/net8.0/buckscience.tests.dll" id="d6776beb-14db-e4df-c8a3-8f90548062bb">
      <Execution id="5df8e8ac-59d8-461a-9b1b-6cc969cd2ab7" />
      <TestMethod codeBase="/home/runner/work/BuckScienceApp/BuckScienceApp/tests/BuckScience.Tests/bin/Debug/net8.0/BuckScience.Tests.dll" adapterTypeName="executor://xunit/VsTestRunner2/netcoreapp" className="BuckScience.Tests.Domain.FeatureWeightTests" name="FeatureWeight_SetSeasonalWeights_SetsIsCustomToTrue" />
    </UnitTest>
    <UnitTest name="BuckScience.Tests.Domain.PropertyFeatureTests.SetWeight_WithInvalidWeight_ThrowsArgumentOutOfRangeException(weight: -0.100000001)" storage="/home/runner/work/buckscienceapp/buckscienceapp/tests/buckscience.tests/bin/debug/net8.0/buckscience.tests.dll" id="6312f765-830a-9014-ae5b-70adf30832c5">
      <Execution id="f3654349-bab9-4d95-9cfb-1a8d520d87a6" />
      <TestMethod codeBase="/home/runner/work/BuckScienceApp/BuckScienceApp/tests/BuckScience.Tests/bin/Debug/net8.0/BuckScience.Tests.dll" adapterTypeName="executor://xunit/VsTestRunner2/netcoreapp" className="BuckScience.Tests.Domain.PropertyFeatureTests" name="SetWeight_WithInvalidWeight_ThrowsArgumentOutOfRangeException" />
    </UnitTest>
    <UnitTest name="BuckScience.Tests.Domain.PropertySeasonMonthsOverrideTests.PropertySeasonMonthsOverride_RoundTripSerialization_MaintainsData(months: [1])" storage="/home/runner/work/buckscienceapp/buckscienceapp/tests/buckscience.tests/bin/debug/net8.0/buckscience.tests.dll" id="e7727167-90de-6177-0043-c32edeea9377">
      <Execution id="c746918b-4172-4f02-be37-65ebc6826700" />
      <TestMethod codeBase="/home/runner/work/BuckScienceApp/BuckScienceApp/tests/BuckScience.Tests/bin/Debug/net8.0/BuckScience.Tests.dll" adapterTypeName="executor://xunit/VsTestRunner2/netcoreapp" className="BuckScience.Tests.Domain.PropertySeasonMonthsOverrideTests" name="PropertySeasonMonthsOverride_RoundTripSerialization_MaintainsData" />
    </UnitTest>
    <UnitTest name="BuckScience.Tests.CameraCreateVmTests.CameraCreateVm_DirectionSync_ShouldWorkForAllDirections(direction: E, expectedDegrees: 90)" storage="/home/runner/work/buckscienceapp/buckscienceapp/tests/buckscience.tests/bin/debug/net8.0/buckscience.tests.dll" id="9b0f50d1-0319-2e52-3133-7e2638dde793">
      <Execution id="b1a71685-dacc-4749-9ac8-fb1f82d908df" />
      <TestMethod codeBase="/home/runner/work/BuckScienceApp/BuckScienceApp/tests/BuckScience.Tests/bin/Debug/net8.0/BuckScience.Tests.dll" adapterTypeName="executor://xunit/VsTestRunner2/netcoreapp" className="BuckScience.Tests.CameraCreateVmTests" name="CameraCreateVm_DirectionSync_ShouldWorkForAllDirections" />
    </UnitTest>
    <UnitTest name="BuckScience.Tests.DirectionHelperTests.ToFloat_ShouldReturnCorrectDegrees(direction: S, expectedDegrees: 180)" storage="/home/runner/work/buckscienceapp/buckscienceapp/tests/buckscience.tests/bin/debug/net8.0/buckscience.tests.dll" id="87e55bdd-4276-ed24-3a0c-df1323a9e2c9">
      <Execution id="1fec62fe-3d19-4183-874e-68794100fb95" />
      <TestMethod codeBase="/home/runner/work/BuckScienceApp/BuckScienceApp/tests/BuckScience.Tests/bin/Debug/net8.0/BuckScience.Tests.dll" adapterTypeName="executor://xunit/VsTestRunner2/netcoreapp" className="BuckScience.Tests.DirectionHelperTests" name="ToFloat_ShouldReturnCorrectDegrees" />
    </UnitTest>
    <UnitTest name="BuckScience.Tests.DirectionHelperTests.GetDisplayName_ShouldReturnCorrectDisplayNames" storage="/home/runner/work/buckscienceapp/buckscienceapp/tests/buckscience.tests/bin/debug/net8.0/buckscience.tests.dll" id="2b789b90-6459-6d41-420f-e5502ba7ca12">
      <Execution id="2e4f88c8-1e7f-43a9-a569-b1c24eafc35b" />
      <TestMethod codeBase="/home/runner/work/BuckScienceApp/BuckScienceApp/tests/BuckScience.Tests/bin/Debug/net8.0/BuckScience.Tests.dll" adapterTypeName="executor://xunit/VsTestRunner2/netcoreapp" className="BuckScience.Tests.DirectionHelperTests" name="GetDisplayName_ShouldReturnCorrectDisplayNames" />
    </UnitTest>
    <UnitTest name="BuckScience.Tests.PhotoFilteringIntegrationTests.BuildFilters_WithTemperatureRange_ReturnsFiltersWithTemperature" storage="/home/runner/work/buckscienceapp/buckscienceapp/tests/buckscience.tests/bin/debug/net8.0/buckscience.tests.dll" id="a1855258-2f38-7695-fb75-dcfca8f4ee44">
      <Execution id="7caf470e-fb25-4659-a00e-79da520ceb9a" />
      <TestMethod codeBase="/home/runner/work/BuckScienceApp/BuckScienceApp/tests/BuckScience.Tests/bin/Debug/net8.0/BuckScience.Tests.dll" adapterTypeName="executor://xunit/VsTestRunner2/netcoreapp" className="BuckScience.Tests.PhotoFilteringIntegrationTests" name="BuildFilters_WithTemperatureRange_ReturnsFiltersWithTemperature" />
    </UnitTest>
    <UnitTest name="BuckScience.Tests.Domain.FeatureWeightTests.FeatureWeightHelper_GetDisplayName_ReturnsReadableNames" storage="/home/runner/work/buckscienceapp/buckscienceapp/tests/buckscience.tests/bin/debug/net8.0/buckscience.tests.dll" id="531c078f-331c-97b0-43b5-206453bfc074">
      <Execution id="0dfd8077-d7b4-4006-b2da-cdbe560ec45d" />
      <TestMethod codeBase="/home/runner/work/BuckScienceApp/BuckScienceApp/tests/BuckScience.Tests/bin/Debug/net8.0/BuckScience.Tests.dll" adapterTypeName="executor://xunit/VsTestRunner2/netcoreapp" className="BuckScience.Tests.Domain.FeatureWeightTests" name="FeatureWeightHelper_GetDisplayName_ReturnsReadableNames" />
    </UnitTest>
    <UnitTest name="BuckScience.Tests.DirectionHelperTests.FromFloat_ShouldReturnCorrectDirection(degrees: 135, expectedDirection: SE)" storage="/home/runner/work/buckscienceapp/buckscienceapp/tests/buckscience.tests/bin/debug/net8.0/buckscience.tests.dll" id="4bb73173-b83c-b642-8102-032feaeaf8ff">
      <Execution id="e91202cd-7926-4738-b59a-e4e751ff1eb0" />
      <TestMethod codeBase="/home/runner/work/BuckScienceApp/BuckScienceApp/tests/BuckScience.Tests/bin/Debug/net8.0/BuckScience.Tests.dll" adapterTypeName="executor://xunit/VsTestRunner2/netcoreapp" className="BuckScience.Tests.DirectionHelperTests" name="FromFloat_ShouldReturnCorrectDirection" />
    </UnitTest>
    <UnitTest name="BuckScience.Tests.Web.Helpers.WeatherHelpersTests.ConvertWindDirectionTextToNumeric_CaseInsensitive_Works" storage="/home/runner/work/buckscienceapp/buckscienceapp/tests/buckscience.tests/bin/debug/net8.0/buckscience.tests.dll" id="57fdcf56-cdf1-9f39-baba-1b1c695971d5">
      <Execution id="588c4adc-1c7e-4b01-b1a6-c3df05ab9886" />
      <TestMethod codeBase="/home/runner/work/BuckScienceApp/BuckScienceApp/tests/BuckScience.Tests/bin/Debug/net8.0/BuckScience.Tests.dll" adapterTypeName="executor://xunit/VsTestRunner2/netcoreapp" className="BuckScience.Tests.Web.Helpers.WeatherHelpersTests" name="ConvertWindDirectionTextToNumeric_CaseInsensitive_Works" />
    </UnitTest>
    <UnitTest name="BuckScience.Tests.Web.Helpers.WeatherHelpersTests.ConvertWindDirectionTextToNumeric_ValidDirections_ReturnsCorrectDegrees(direction: &quot;NNE&quot;, expected: 22.5)" storage="/home/runner/work/buckscienceapp/buckscienceapp/tests/buckscience.tests/bin/debug/net8.0/buckscience.tests.dll" id="1634510e-087e-a71c-61ba-55901a3677cc">
      <Execution id="17215a67-e286-4078-adf6-1bbcf71397f3" />
      <TestMethod codeBase="/home/runner/work/BuckScienceApp/BuckScienceApp/tests/BuckScience.Tests/bin/Debug/net8.0/BuckScience.Tests.dll" adapterTypeName="executor://xunit/VsTestRunner2/netcoreapp" className="BuckScience.Tests.Web.Helpers.WeatherHelpersTests" name="ConvertWindDirectionTextToNumeric_ValidDirections_ReturnsCorrectDegrees" />
    </UnitTest>
    <UnitTest name="BuckScience.Tests.Domain.PropertySeasonMonthsOverrideTests.PropertySeasonMonthsOverride_SetMonths_WithNullMonths_ClearsMonths" storage="/home/runner/work/buckscienceapp/buckscienceapp/tests/buckscience.tests/bin/debug/net8.0/buckscience.tests.dll" id="d5e7318a-a156-7dde-f329-f35fdf925ffa">
      <Execution id="98354178-513a-4103-9bfd-013d2fe0ce5a" />
      <TestMethod codeBase="/home/runner/work/BuckScienceApp/BuckScienceApp/tests/BuckScience.Tests/bin/Debug/net8.0/BuckScience.Tests.dll" adapterTypeName="executor://xunit/VsTestRunner2/netcoreapp" className="BuckScience.Tests.Domain.PropertySeasonMonthsOverrideTests" name="PropertySeasonMonthsOverride_SetMonths_WithNullMonths_ClearsMonths" />
    </UnitTest>
    <UnitTest name="BuckScience.Tests.Web.Helpers.WeatherHelpersTests.ConvertWindDirectionTextToNumeric_InvalidText_ReturnsNull(direction: &quot;Invalid&quot;)" storage="/home/runner/work/buckscienceapp/buckscienceapp/tests/buckscience.tests/bin/debug/net8.0/buckscience.tests.dll" id="5258a2d0-41cb-c3df-1e8f-eff8f92d5e7f">
      <Execution id="f8d71ce2-9570-479a-8ddc-410957c71695" />
      <TestMethod codeBase="/home/runner/work/BuckScienceApp/BuckScienceApp/tests/BuckScience.Tests/bin/Debug/net8.0/BuckScience.Tests.dll" adapterTypeName="executor://xunit/VsTestRunner2/netcoreapp" className="BuckScience.Tests.Web.Helpers.WeatherHelpersTests" name="ConvertWindDirectionTextToNumeric_InvalidText_ReturnsNull" />
    </UnitTest>
    <UnitTest name="BuckScience.Tests.FeatureHelperTests.CategoryMapping_ShouldContainAllClassificationTypes" storage="/home/runner/work/buckscienceapp/buckscienceapp/tests/buckscience.tests/bin/debug/net8.0/buckscience.tests.dll" id="e6b5dbec-3ede-e88e-98ad-309ef50c1b15">
      <Execution id="e4135b56-bb75-45a2-8809-b93b5592d3be" />
      <TestMethod codeBase="/home/runner/work/BuckScienceApp/BuckScienceApp/tests/BuckScience.Tests/bin/Debug/net8.0/BuckScience.Tests.dll" adapterTypeName="executor://xunit/VsTestRunner2/netcoreapp" className="BuckScience.Tests.FeatureHelperTests" name="CategoryMapping_ShouldContainAllClassificationTypes" />
    </UnitTest>
    <UnitTest name="BuckScience.Tests.Domain.MonthsAttributeTests.MonthsAttribute_Constructor_WithInvalidMonth_ThrowsArgumentOutOfRangeException(invalidMonth: 25)" storage="/home/runner/work/buckscienceapp/buckscienceapp/tests/buckscience.tests/bin/debug/net8.0/buckscience.tests.dll" id="725e041b-cd4a-19c3-f7e9-4d20b2961a86">
      <Execution id="be08c944-f08e-4b76-a21b-3914d8a52c88" />
      <TestMethod codeBase="/home/runner/work/BuckScienceApp/BuckScienceApp/tests/BuckScience.Tests/bin/Debug/net8.0/BuckScience.Tests.dll" adapterTypeName="executor://xunit/VsTestRunner2/netcoreapp" className="BuckScience.Tests.Domain.MonthsAttributeTests" name="MonthsAttribute_Constructor_WithInvalidMonth_ThrowsArgumentOutOfRangeException" />
    </UnitTest>
    <UnitTest name="BuckScience.Tests.Domain.MonthsAttributeTests.MonthsAttribute_Constructor_WithBoundaryValidMonths_SetsMonthsCorrectly(month: 12)" storage="/home/runner/work/buckscienceapp/buckscienceapp/tests/buckscience.tests/bin/debug/net8.0/buckscience.tests.dll" id="231e01f7-8ce3-c622-6ddb-f4a558f73635">
      <Execution id="58980f3c-6b40-4f8b-a3f6-8c53c59b6c31" />
      <TestMethod codeBase="/home/runner/work/BuckScienceApp/BuckScienceApp/tests/BuckScience.Tests/bin/Debug/net8.0/BuckScience.Tests.dll" adapterTypeName="executor://xunit/VsTestRunner2/netcoreapp" className="BuckScience.Tests.Domain.MonthsAttributeTests" name="MonthsAttribute_Constructor_WithBoundaryValidMonths_SetsMonthsCorrectly" />
    </UnitTest>
    <UnitTest name="BuckScience.Tests.Domain.PropertySeasonMonthsOverrideTests.PropertySeasonMonthsOverride_Constructor_WithInvalidPropertyId_ThrowsArgumentOutOfRangeException(invalidPropertyId: 0)" storage="/home/runner/work/buckscienceapp/buckscienceapp/tests/buckscience.tests/bin/debug/net8.0/buckscience.tests.dll" id="8106ff23-bb8f-04f9-7754-208ee15e0e54">
      <Execution id="8eea6650-9171-43c9-95a3-b77a5fa2e599" />
      <TestMethod codeBase="/home/runner/work/BuckScienceApp/BuckScienceApp/tests/BuckScience.Tests/bin/Debug/net8.0/BuckScience.Tests.dll" adapterTypeName="executor://xunit/VsTestRunner2/netcoreapp" className="BuckScience.Tests.Domain.PropertySeasonMonthsOverrideTests" name="PropertySeasonMonthsOverride_Constructor_WithInvalidPropertyId_ThrowsArgumentOutOfRangeException" />
    </UnitTest>
    <UnitTest name="BuckScience.Tests.CameraCreateVmTests.CameraCreateVm_ShouldIncludePropertyCoordinates" storage="/home/runner/work/buckscienceapp/buckscienceapp/tests/buckscience.tests/bin/debug/net8.0/buckscience.tests.dll" id="65305c54-3e3e-31b1-f5dd-4a4bc66b7c08">
      <Execution id="5161b3f9-6e1e-48cf-aff9-bf9534e547e5" />
      <TestMethod codeBase="/home/runner/work/BuckScienceApp/BuckScienceApp/tests/BuckScience.Tests/bin/Debug/net8.0/BuckScience.Tests.dll" adapterTypeName="executor://xunit/VsTestRunner2/netcoreapp" className="BuckScience.Tests.CameraCreateVmTests" name="CameraCreateVm_ShouldIncludePropertyCoordinates" />
    </UnitTest>
    <UnitTest name="BuckScience.Tests.PhotoUploadIntegrationTests.PhotoUpload_WithCameraPlacement_ShouldAssociatePlacementHistory" storage="/home/runner/work/buckscienceapp/buckscienceapp/tests/buckscience.tests/bin/debug/net8.0/buckscience.tests.dll" id="e9f8fc86-f5b4-af50-fd5d-96735f013b0a">
      <Execution id="24c470a9-0896-40f0-8e72-1d7ed553b5b5" />
      <TestMethod codeBase="/home/runner/work/BuckScienceApp/BuckScienceApp/tests/BuckScience.Tests/bin/Debug/net8.0/BuckScience.Tests.dll" adapterTypeName="executor://xunit/VsTestRunner2/netcoreapp" className="BuckScience.Tests.PhotoUploadIntegrationTests" name="PhotoUpload_WithCameraPlacement_ShouldAssociatePlacementHistory" />
    </UnitTest>
    <UnitTest name="BuckScience.Tests.CameraCreateVmTests.CameraCreateVm_DirectionSync_ShouldWorkForAllDirections(direction: NE, expectedDegrees: 45)" storage="/home/runner/work/buckscienceapp/buckscienceapp/tests/buckscience.tests/bin/debug/net8.0/buckscience.tests.dll" id="3e754e7c-3120-cf7a-7a68-ce1c9a477533">
      <Execution id="4bd4f62f-cf79-4dfc-b86c-ddc51b45bd5b" />
      <TestMethod codeBase="/home/runner/work/BuckScienceApp/BuckScienceApp/tests/BuckScience.Tests/bin/Debug/net8.0/BuckScience.Tests.dll" adapterTypeName="executor://xunit/VsTestRunner2/netcoreapp" className="BuckScience.Tests.CameraCreateVmTests" name="CameraCreateVm_DirectionSync_ShouldWorkForAllDirections" />
    </UnitTest>
    <UnitTest name="BuckScience.Tests.FeatureHelperTests.GetCategory_ShouldReturnCorrectCategoryForFoodResources" storage="/home/runner/work/buckscienceapp/buckscienceapp/tests/buckscience.tests/bin/debug/net8.0/buckscience.tests.dll" id="6acfe581-a1ff-0243-6a25-fa30ab98af8f">
      <Execution id="1d585afa-146b-4a51-88b8-9af5a9621b83" />
      <TestMethod codeBase="/home/runner/work/BuckScienceApp/BuckScienceApp/tests/BuckScience.Tests/bin/Debug/net8.0/BuckScience.Tests.dll" adapterTypeName="executor://xunit/VsTestRunner2/netcoreapp" className="BuckScience.Tests.FeatureHelperTests" name="GetCategory_ShouldReturnCorrectCategoryForFoodResources" />
    </UnitTest>
    <UnitTest name="BuckScience.Tests.Domain.PropertyFeatureTests.Constructor_WithWeight_SetsWeightCorrectly" storage="/home/runner/work/buckscienceapp/buckscienceapp/tests/buckscience.tests/bin/debug/net8.0/buckscience.tests.dll" id="0161b4d2-48af-5756-816a-41884dcebe59">
      <Execution id="304aadf4-120d-4ea4-a587-ccc9d79593e3" />
      <TestMethod codeBase="/home/runner/work/BuckScienceApp/BuckScienceApp/tests/BuckScience.Tests/bin/Debug/net8.0/BuckScience.Tests.dll" adapterTypeName="executor://xunit/VsTestRunner2/netcoreapp" className="BuckScience.Tests.Domain.PropertyFeatureTests" name="Constructor_WithWeight_SetsWeightCorrectly" />
    </UnitTest>
    <UnitTest name="BuckScience.Tests.CameraCreateVmTests.CameraCreateVm_DirectionSync_ShouldWorkForAllDirections(direction: N, expectedDegrees: 0)" storage="/home/runner/work/buckscienceapp/buckscienceapp/tests/buckscience.tests/bin/debug/net8.0/buckscience.tests.dll" id="517f9dbf-42b8-6c68-c79b-d5d973668018">
      <Execution id="2b727d93-6226-477a-aa1f-efc62dc9e098" />
      <TestMethod codeBase="/home/runner/work/BuckScienceApp/BuckScienceApp/tests/BuckScience.Tests/bin/Debug/net8.0/BuckScience.Tests.dll" adapterTypeName="executor://xunit/VsTestRunner2/netcoreapp" className="BuckScience.Tests.CameraCreateVmTests" name="CameraCreateVm_DirectionSync_ShouldWorkForAllDirections" />
    </UnitTest>
    <UnitTest name="BuckScience.Tests.Domain.PropertySeasonMonthsOverrideTests.PropertySeasonMonthsOverride_SetMonths_WithInvalidMonths_ThrowsArgumentOutOfRangeException(invalidMonths: [1, 0, 5])" storage="/home/runner/work/buckscienceapp/buckscienceapp/tests/buckscience.tests/bin/debug/net8.0/buckscience.tests.dll" id="2d42558b-0e16-1806-a5ca-7006bc54a2c7">
      <Execution id="5187b4ed-bee7-462d-b905-9aa641cb4a99" />
      <TestMethod codeBase="/home/runner/work/BuckScienceApp/BuckScienceApp/tests/BuckScience.Tests/bin/Debug/net8.0/BuckScience.Tests.dll" adapterTypeName="executor://xunit/VsTestRunner2/netcoreapp" className="BuckScience.Tests.Domain.PropertySeasonMonthsOverrideTests" name="PropertySeasonMonthsOverride_SetMonths_WithInvalidMonths_ThrowsArgumentOutOfRangeException" />
    </UnitTest>
    <UnitTest name="BuckScience.Tests.Web.Helpers.WeatherHelpersTests.ConvertWindDirectionTextToNumeric_InvalidText_ReturnsNull(direction: &quot;North&quot;)" storage="/home/runner/work/buckscienceapp/buckscienceapp/tests/buckscience.tests/bin/debug/net8.0/buckscience.tests.dll" id="94acb547-5f92-9634-547a-02395bd6053e">
      <Execution id="fd8e5f4e-204d-47ab-8b44-2db1d8a660d9" />
      <TestMethod codeBase="/home/runner/work/BuckScienceApp/BuckScienceApp/tests/BuckScience.Tests/bin/Debug/net8.0/BuckScience.Tests.dll" adapterTypeName="executor://xunit/VsTestRunner2/netcoreapp" className="BuckScience.Tests.Web.Helpers.WeatherHelpersTests" name="ConvertWindDirectionTextToNumeric_InvalidText_ReturnsNull" />
    </UnitTest>
    <UnitTest name="BuckScience.Tests.WeatherConfigurationTests.WeatherSettings_ShouldBindFromConfiguration" storage="/home/runner/work/buckscienceapp/buckscienceapp/tests/buckscience.tests/bin/debug/net8.0/buckscience.tests.dll" id="6d9ecacc-771f-c0f8-81b8-e7f5f5ecfa5f">
      <Execution id="4f34d190-a0b7-445d-88fb-64d97931f1f3" />
      <TestMethod codeBase="/home/runner/work/BuckScienceApp/BuckScienceApp/tests/BuckScience.Tests/bin/Debug/net8.0/BuckScience.Tests.dll" adapterTypeName="executor://xunit/VsTestRunner2/netcoreapp" className="BuckScience.Tests.WeatherConfigurationTests" name="WeatherSettings_ShouldBindFromConfiguration" />
    </UnitTest>
    <UnitTest name="BuckScience.Tests.WeatherServiceTests.RoundCoordinates_ShouldRoundTo1DecimalPlace" storage="/home/runner/work/buckscienceapp/buckscienceapp/tests/buckscience.tests/bin/debug/net8.0/buckscience.tests.dll" id="dab68c95-06ed-1b25-9b7e-b55b2972fccc">
      <Execution id="d9e5780f-f774-46fc-b4c9-effbe81cdd44" />
      <TestMethod codeBase="/home/runner/work/BuckScienceApp/BuckScienceApp/tests/BuckScience.Tests/bin/Debug/net8.0/BuckScience.Tests.dll" adapterTypeName="executor://xunit/VsTestRunner2/netcoreapp" className="BuckScience.Tests.WeatherServiceTests" name="RoundCoordinates_ShouldRoundTo1DecimalPlace" />
    </UnitTest>
    <UnitTest name="BuckScience.Tests.CameraCreateVmTests.CameraCreateVm_PropertyCoordinates_ShouldBeInitializedToZero" storage="/home/runner/work/buckscienceapp/buckscienceapp/tests/buckscience.tests/bin/debug/net8.0/buckscience.tests.dll" id="3b62dc28-12fd-93fe-6512-390293682652">
      <Execution id="b519fd80-e3d9-4976-8336-5632e005a593" />
      <TestMethod codeBase="/home/runner/work/BuckScienceApp/BuckScienceApp/tests/BuckScience.Tests/bin/Debug/net8.0/BuckScience.Tests.dll" adapterTypeName="executor://xunit/VsTestRunner2/netcoreapp" className="BuckScience.Tests.CameraCreateVmTests" name="CameraCreateVm_PropertyCoordinates_ShouldBeInitializedToZero" />
    </UnitTest>
    <UnitTest name="BuckScience.Tests.CameraEditVmTests.CameraEditVm_SyncSelectionFromDirection_ShouldUpdateDirectionSelection" storage="/home/runner/work/buckscienceapp/buckscienceapp/tests/buckscience.tests/bin/debug/net8.0/buckscience.tests.dll" id="d40d14e6-e55e-a2ee-7c2d-3f2b4d1650c4">
      <Execution id="f94d7118-91d5-4b15-95b1-f07dfacac008" />
      <TestMethod codeBase="/home/runner/work/BuckScienceApp/BuckScienceApp/tests/BuckScience.Tests/bin/Debug/net8.0/BuckScience.Tests.dll" adapterTypeName="executor://xunit/VsTestRunner2/netcoreapp" className="BuckScience.Tests.CameraEditVmTests" name="CameraEditVm_SyncSelectionFromDirection_ShouldUpdateDirectionSelection" />
    </UnitTest>
    <UnitTest name="BuckScience.Tests.Web.Helpers.WeatherHelpersTests.ConvertWindDirectionToText_VariousAngles_ReturnsCorrectDirection(degrees: 22.5, expected: &quot;NNE&quot;)" storage="/home/runner/work/buckscienceapp/buckscienceapp/tests/buckscience.tests/bin/debug/net8.0/buckscience.tests.dll" id="33aaf4d3-9999-0bc6-ded9-bd2870cebad9">
      <Execution id="d558d444-0da0-4a12-aafe-8cabdb11f9f3" />
      <TestMethod codeBase="/home/runner/work/BuckScienceApp/BuckScienceApp/tests/BuckScience.Tests/bin/Debug/net8.0/BuckScience.Tests.dll" adapterTypeName="executor://xunit/VsTestRunner2/netcoreapp" className="BuckScience.Tests.Web.Helpers.WeatherHelpersTests" name="ConvertWindDirectionToText_VariousAngles_ReturnsCorrectDirection" />
    </UnitTest>
    <UnitTest name="BuckScience.Tests.Domain.FeatureWeightTests.FeatureWeight_NullSeasonalWeights_ReturnsNullFromGetter" storage="/home/runner/work/buckscienceapp/buckscienceapp/tests/buckscience.tests/bin/debug/net8.0/buckscience.tests.dll" id="5586d107-f84a-20c0-07c2-a380e15c327c">
      <Execution id="2f5ea31c-e7c0-47b4-98b4-8e1dae308091" />
      <TestMethod codeBase="/home/runner/work/BuckScienceApp/BuckScienceApp/tests/BuckScience.Tests/bin/Debug/net8.0/BuckScience.Tests.dll" adapterTypeName="executor://xunit/VsTestRunner2/netcoreapp" className="BuckScience.Tests.Domain.FeatureWeightTests" name="FeatureWeight_NullSeasonalWeights_ReturnsNullFromGetter" />
    </UnitTest>
    <UnitTest name="BuckScience.Tests.CameraPlacementHistoryTests.Camera_PlaceAt_ShouldCreateNewPlacementHistory" storage="/home/runner/work/buckscienceapp/buckscienceapp/tests/buckscience.tests/bin/debug/net8.0/buckscience.tests.dll" id="be89a856-c15c-81ed-5ddb-4973639d716d">
      <Execution id="c8485f9e-6570-419e-b0d3-1ff23680e2aa" />
      <TestMethod codeBase="/home/runner/work/BuckScienceApp/BuckScienceApp/tests/BuckScience.Tests/bin/Debug/net8.0/BuckScience.Tests.dll" adapterTypeName="executor://xunit/VsTestRunner2/netcoreapp" className="BuckScience.Tests.CameraPlacementHistoryTests" name="Camera_PlaceAt_ShouldCreateNewPlacementHistory" />
    </UnitTest>
    <UnitTest name="BuckScience.Tests.PhotoFiltersTests.PhotoFilters_HasAnyFilters_ReturnsFalseWhenNoFiltersSet" storage="/home/runner/work/buckscienceapp/buckscienceapp/tests/buckscience.tests/bin/debug/net8.0/buckscience.tests.dll" id="8c733a46-a4ea-1620-69ec-bdd69e48dc0b">
      <Execution id="8fbe25e0-9398-47c2-a693-277fe0c20602" />
      <TestMethod codeBase="/home/runner/work/BuckScienceApp/BuckScienceApp/tests/BuckScience.Tests/bin/Debug/net8.0/BuckScience.Tests.dll" adapterTypeName="executor://xunit/VsTestRunner2/netcoreapp" className="BuckScience.Tests.PhotoFiltersTests" name="PhotoFilters_HasAnyFilters_ReturnsFalseWhenNoFiltersSet" />
    </UnitTest>
    <UnitTest name="BuckScience.Tests.Domain.PropertySeasonMonthsOverrideTests.PropertySeasonMonthsOverride_Constructor_WithInvalidMonths_ThrowsArgumentOutOfRangeException(invalidMonths: [0, 5, 10])" storage="/home/runner/work/buckscienceapp/buckscienceapp/tests/buckscience.tests/bin/debug/net8.0/buckscience.tests.dll" id="12f16ac3-f6d6-9802-1d09-4301de2f7efc">
      <Execution id="c38e8ac0-aba1-494c-9e04-fbaecb00a812" />
      <TestMethod codeBase="/home/runner/work/BuckScienceApp/BuckScienceApp/tests/BuckScience.Tests/bin/Debug/net8.0/BuckScience.Tests.dll" adapterTypeName="executor://xunit/VsTestRunner2/netcoreapp" className="BuckScience.Tests.Domain.PropertySeasonMonthsOverrideTests" name="PropertySeasonMonthsOverride_Constructor_WithInvalidMonths_ThrowsArgumentOutOfRangeException" />
    </UnitTest>
    <UnitTest name="BuckScience.Tests.PhotoFilteringUrlExamples.BuildFilters_ConditionsParameters_ShouldParseCorrectly(conditions: &quot;Clear,Partly Cloudy,Overcast&quot;, expectedConditions: [&quot;Clear&quot;, &quot;Partly Cloudy&quot;, &quot;Overcast&quot;])" storage="/home/runner/work/buckscienceapp/buckscienceapp/tests/buckscience.tests/bin/debug/net8.0/buckscience.tests.dll" id="73d0473b-eb3b-71b8-da90-00961c42343e">
      <Execution id="989b7ac8-bf06-4fb3-8512-5a1654fb415c" />
      <TestMethod codeBase="/home/runner/work/BuckScienceApp/BuckScienceApp/tests/BuckScience.Tests/bin/Debug/net8.0/BuckScience.Tests.dll" adapterTypeName="executor://xunit/VsTestRunner2/netcoreapp" className="BuckScience.Tests.PhotoFilteringUrlExamples" name="BuildFilters_ConditionsParameters_ShouldParseCorrectly" />
    </UnitTest>
    <UnitTest name="BuckScience.Tests.Domain.PropertySeasonMonthsOverrideTests.PropertySeasonMonthsOverride_GetMonths_ReturnsCorrectMonths" storage="/home/runner/work/buckscienceapp/buckscienceapp/tests/buckscience.tests/bin/debug/net8.0/buckscience.tests.dll" id="5639502e-a141-45eb-1c4f-81dc941ff67a">
      <Execution id="fdf05137-ceb2-4fe9-b902-05586cd7a88e" />
      <TestMethod codeBase="/home/runner/work/BuckScienceApp/BuckScienceApp/tests/BuckScience.Tests/bin/Debug/net8.0/BuckScience.Tests.dll" adapterTypeName="executor://xunit/VsTestRunner2/netcoreapp" className="BuckScience.Tests.Domain.PropertySeasonMonthsOverrideTests" name="PropertySeasonMonthsOverride_GetMonths_ReturnsCorrectMonths" />
    </UnitTest>
    <UnitTest name="BuckScience.Tests.Domain.PropertyFeatureTests.UpdateWeight_WithNull_SetsWeightToNull" storage="/home/runner/work/buckscienceapp/buckscienceapp/tests/buckscience.tests/bin/debug/net8.0/buckscience.tests.dll" id="b1f7f7a9-9f3c-0788-8363-349e751ff986">
      <Execution id="8b1b920d-14db-486a-895e-69dc54964efe" />
      <TestMethod codeBase="/home/runner/work/BuckScienceApp/BuckScienceApp/tests/BuckScience.Tests/bin/Debug/net8.0/BuckScience.Tests.dll" adapterTypeName="executor://xunit/VsTestRunner2/netcoreapp" className="BuckScience.Tests.Domain.PropertyFeatureTests" name="UpdateWeight_WithNull_SetsWeightToNull" />
    </UnitTest>
    <UnitTest name="BuckScience.Tests.Web.Helpers.WeatherHelpersTests.ConvertWindDirectionTextToNumeric_ValidDirections_ReturnsCorrectDegrees(direction: &quot;S&quot;, expected: 180)" storage="/home/runner/work/buckscienceapp/buckscienceapp/tests/buckscience.tests/bin/debug/net8.0/buckscience.tests.dll" id="e294371f-24bd-e5af-41b0-5a6f22f8d71f">
      <Execution id="4a933ee7-2fc0-418b-832e-b639a6a852ce" />
      <TestMethod codeBase="/home/runner/work/BuckScienceApp/BuckScienceApp/tests/BuckScience.Tests/bin/Debug/net8.0/BuckScience.Tests.dll" adapterTypeName="executor://xunit/VsTestRunner2/netcoreapp" className="BuckScience.Tests.Web.Helpers.WeatherHelpersTests" name="ConvertWindDirectionTextToNumeric_ValidDirections_ReturnsCorrectDegrees" />
    </UnitTest>
    <UnitTest name="BuckScience.Tests.Domain.FeatureWeightTests.FeatureWeight_Constructor_SetsPropertiesCorrectly" storage="/home/runner/work/buckscienceapp/buckscienceapp/tests/buckscience.tests/bin/debug/net8.0/buckscience.tests.dll" id="3b0de714-8f13-7aca-97ab-ed01b955f773">
      <Execution id="ca693c16-b09c-45c0-90aa-a1b0025cdeda" />
      <TestMethod codeBase="/home/runner/work/BuckScienceApp/BuckScienceApp/tests/BuckScience.Tests/bin/Debug/net8.0/BuckScience.Tests.dll" adapterTypeName="executor://xunit/VsTestRunner2/netcoreapp" className="BuckScience.Tests.Domain.FeatureWeightTests" name="FeatureWeight_Constructor_SetsPropertiesCorrectly" />
    </UnitTest>
    <UnitTest name="BuckScience.Tests.Web.Helpers.WeatherHelpersTests.ConvertWindDirectionTextToNumeric_ValidDirections_ReturnsCorrectDegrees(direction: &quot;WNW&quot;, expected: 292.5)" storage="/home/runner/work/buckscienceapp/buckscienceapp/tests/buckscience.tests/bin/debug/net8.0/buckscience.tests.dll" id="fa35896d-315e-329a-8dc3-bb5ba3189b52">
      <Execution id="d408700b-6c9e-451d-9ccd-d27efadbd6a5" />
      <TestMethod codeBase="/home/runner/work/BuckScienceApp/BuckScienceApp/tests/BuckScience.Tests/bin/Debug/net8.0/BuckScience.Tests.dll" adapterTypeName="executor://xunit/VsTestRunner2/netcoreapp" className="BuckScience.Tests.Web.Helpers.WeatherHelpersTests" name="ConvertWindDirectionTextToNumeric_ValidDirections_ReturnsCorrectDegrees" />
    </UnitTest>
    <UnitTest name="BuckScience.Tests.Web.Helpers.WeatherHelpersTests.ConvertMoonPhaseTextToNumeric_ValidText_ReturnsCorrectValue(text: &quot;Waning Gibbous&quot;, expected: 0.625)" storage="/home/runner/work/buckscienceapp/buckscienceapp/tests/buckscience.tests/bin/debug/net8.0/buckscience.tests.dll" id="fb8ea106-f542-3a06-bc35-d8f4e171c2a2">
      <Execution id="4a47d635-f4a4-4181-a17f-a03937b83b41" />
      <TestMethod codeBase="/home/runner/work/BuckScienceApp/BuckScienceApp/tests/BuckScience.Tests/bin/Debug/net8.0/BuckScience.Tests.dll" adapterTypeName="executor://xunit/VsTestRunner2/netcoreapp" className="BuckScience.Tests.Web.Helpers.WeatherHelpersTests" name="ConvertMoonPhaseTextToNumeric_ValidText_ReturnsCorrectValue" />
    </UnitTest>
    <UnitTest name="BuckScience.Tests.Web.Helpers.WeatherHelpersTests.ConvertWindDirectionTextToNumeric_ValidDirections_ReturnsCorrectDegrees(direction: &quot;W&quot;, expected: 270)" storage="/home/runner/work/buckscienceapp/buckscienceapp/tests/buckscience.tests/bin/debug/net8.0/buckscience.tests.dll" id="63390816-73a6-312f-e706-2ca3dfa39f0e">
      <Execution id="8497c461-d4f4-4ab6-8ebe-29ed8ae454ef" />
      <TestMethod codeBase="/home/runner/work/BuckScienceApp/BuckScienceApp/tests/BuckScience.Tests/bin/Debug/net8.0/BuckScience.Tests.dll" adapterTypeName="executor://xunit/VsTestRunner2/netcoreapp" className="BuckScience.Tests.Web.Helpers.WeatherHelpersTests" name="ConvertWindDirectionTextToNumeric_ValidDirections_ReturnsCorrectDegrees" />
    </UnitTest>
    <UnitTest name="BuckScience.Tests.Web.Helpers.WeatherHelpersTests.ConvertMoonPhaseTextToNumeric_InvalidText_ReturnsNull(text: &quot;&quot;)" storage="/home/runner/work/buckscienceapp/buckscienceapp/tests/buckscience.tests/bin/debug/net8.0/buckscience.tests.dll" id="f2ce22ba-4e0c-a11c-c657-a799ce863a26">
      <Execution id="ba0a3d4e-685f-4276-879f-eca81d46033b" />
      <TestMethod codeBase="/home/runner/work/BuckScienceApp/BuckScienceApp/tests/BuckScience.Tests/bin/Debug/net8.0/BuckScience.Tests.dll" adapterTypeName="executor://xunit/VsTestRunner2/netcoreapp" className="BuckScience.Tests.Web.Helpers.WeatherHelpersTests" name="ConvertMoonPhaseTextToNumeric_InvalidText_ReturnsNull" />
    </UnitTest>
    <UnitTest name="BuckScience.Tests.Web.Helpers.WeatherHelpersTests.WindDirectionOption_Properties_Work" storage="/home/runner/work/buckscienceapp/buckscienceapp/tests/buckscience.tests/bin/debug/net8.0/buckscience.tests.dll" id="6c5bb03b-3d70-308f-aed5-443e0f2530e1">
      <Execution id="9f6b91ff-3ae3-4554-982f-4a2dae47f1fb" />
      <TestMethod codeBase="/home/runner/work/BuckScienceApp/BuckScienceApp/tests/BuckScience.Tests/bin/Debug/net8.0/BuckScience.Tests.dll" adapterTypeName="executor://xunit/VsTestRunner2/netcoreapp" className="BuckScience.Tests.Web.Helpers.WeatherHelpersTests" name="WindDirectionOption_Properties_Work" />
    </UnitTest>
    <UnitTest name="BuckScience.Tests.TaggingSystemTests.AddTagToPhotos_ShouldNotCreateDuplicates" storage="/home/runner/work/buckscienceapp/buckscienceapp/tests/buckscience.tests/bin/debug/net8.0/buckscience.tests.dll" id="994b105a-2d3c-5d2b-62ff-1c998f53f588">
      <Execution id="7c95849c-fad7-4467-9cc2-a01e6450e568" />
      <TestMethod codeBase="/home/runner/work/BuckScienceApp/BuckScienceApp/tests/BuckScience.Tests/bin/Debug/net8.0/BuckScience.Tests.dll" adapterTypeName="executor://xunit/VsTestRunner2/netcoreapp" className="BuckScience.Tests.TaggingSystemTests" name="AddTagToPhotos_ShouldNotCreateDuplicates" />
    </UnitTest>
    <UnitTest name="BuckScience.Tests.Domain.PropertyFeatureTests.Constructor_WithInvalidWeight_ThrowsArgumentOutOfRangeException(weight: 2)" storage="/home/runner/work/buckscienceapp/buckscienceapp/tests/buckscience.tests/bin/debug/net8.0/buckscience.tests.dll" id="1d7b16e9-5047-ebb1-e4a1-207c49ea6bcd">
      <Execution id="6aad4091-8c55-4f61-9ead-051a8ea0b2d3" />
      <TestMethod codeBase="/home/runner/work/BuckScienceApp/BuckScienceApp/tests/BuckScience.Tests/bin/Debug/net8.0/BuckScience.Tests.dll" adapterTypeName="executor://xunit/VsTestRunner2/netcoreapp" className="BuckScience.Tests.Domain.PropertyFeatureTests" name="Constructor_WithInvalidWeight_ThrowsArgumentOutOfRangeException" />
    </UnitTest>
    <UnitTest name="BuckScience.Tests.FeatureHelperTests.GetCategoryName_ShouldReturnCorrectCategoryNames" storage="/home/runner/work/buckscienceapp/buckscienceapp/tests/buckscience.tests/bin/debug/net8.0/buckscience.tests.dll" id="4e68cf9a-2a3a-1e07-4a4f-0cf27d8d2bbb">
      <Execution id="3ca65296-7952-4810-99b3-36a8c816f84f" />
      <TestMethod codeBase="/home/runner/work/BuckScienceApp/BuckScienceApp/tests/BuckScience.Tests/bin/Debug/net8.0/BuckScience.Tests.dll" adapterTypeName="executor://xunit/VsTestRunner2/netcoreapp" className="BuckScience.Tests.FeatureHelperTests" name="GetCategoryName_ShouldReturnCorrectCategoryNames" />
    </UnitTest>
    <UnitTest name="BuckScience.Tests.Web.Helpers.WeatherHelpersTests.ConvertWindDirectionTextToNumeric_ValidDirections_ReturnsCorrectDegrees(direction: &quot;SW&quot;, expected: 225)" storage="/home/runner/work/buckscienceapp/buckscienceapp/tests/buckscience.tests/bin/debug/net8.0/buckscience.tests.dll" id="c005721b-05db-8d7a-5eea-e90626721b80">
      <Execution id="0fd18190-e1a1-4bdd-afd1-a40c2253a110" />
      <TestMethod codeBase="/home/runner/work/BuckScienceApp/BuckScienceApp/tests/BuckScience.Tests/bin/Debug/net8.0/BuckScience.Tests.dll" adapterTypeName="executor://xunit/VsTestRunner2/netcoreapp" className="BuckScience.Tests.Web.Helpers.WeatherHelpersTests" name="ConvertWindDirectionTextToNumeric_ValidDirections_ReturnsCorrectDegrees" />
    </UnitTest>
    <UnitTest name="BuckScience.Tests.PhotoGroupingTests.PropertyPhotosSortBy_ShouldMapCorrectly" storage="/home/runner/work/buckscienceapp/buckscienceapp/tests/buckscience.tests/bin/debug/net8.0/buckscience.tests.dll" id="5caf925d-9bc2-c40c-f14f-bb094f78a12c">
      <Execution id="3bde7511-89e8-441f-8885-3bc5a15a77c3" />
      <TestMethod codeBase="/home/runner/work/BuckScienceApp/BuckScienceApp/tests/BuckScience.Tests/bin/Debug/net8.0/BuckScience.Tests.dll" adapterTypeName="executor://xunit/VsTestRunner2/netcoreapp" className="BuckScience.Tests.PhotoGroupingTests" name="PropertyPhotosSortBy_ShouldMapCorrectly" />
    </UnitTest>
    <UnitTest name="BuckScience.Tests.FeatureHelperTests.GetFeatureName_ShouldReturnCorrectDisplayNames" storage="/home/runner/work/buckscienceapp/buckscienceapp/tests/buckscience.tests/bin/debug/net8.0/buckscience.tests.dll" id="d1c2a2fd-4568-2e97-946f-7480ea03bef1">
      <Execution id="d96b22c7-14d8-4c64-8f63-4bf434349c28" />
      <TestMethod codeBase="/home/runner/work/BuckScienceApp/BuckScienceApp/tests/BuckScience.Tests/bin/Debug/net8.0/BuckScience.Tests.dll" adapterTypeName="executor://xunit/VsTestRunner2/netcoreapp" className="BuckScience.Tests.FeatureHelperTests" name="GetFeatureName_ShouldReturnCorrectDisplayNames" />
    </UnitTest>
    <UnitTest name="BuckScience.Tests.PhotoFiltersTests.PhotoFilters_HasAnyFilters_ReturnsTrueWhenDateFilterSet" storage="/home/runner/work/buckscienceapp/buckscienceapp/tests/buckscience.tests/bin/debug/net8.0/buckscience.tests.dll" id="5281d8e8-e57c-c45e-69f7-66dd4ef8cb7b">
      <Execution id="4e32d6ef-0236-400a-8e3b-ff9a01b9a610" />
      <TestMethod codeBase="/home/runner/work/BuckScienceApp/BuckScienceApp/tests/BuckScience.Tests/bin/Debug/net8.0/BuckScience.Tests.dll" adapterTypeName="executor://xunit/VsTestRunner2/netcoreapp" className="BuckScience.Tests.PhotoFiltersTests" name="PhotoFilters_HasAnyFilters_ReturnsTrueWhenDateFilterSet" />
    </UnitTest>
    <UnitTest name="BuckScience.Tests.CameraPlacementHistoryTests.Camera_CurrentLocationProperties_ShouldReturnFromPlacementHistory" storage="/home/runner/work/buckscienceapp/buckscienceapp/tests/buckscience.tests/bin/debug/net8.0/buckscience.tests.dll" id="185a6cd6-33af-0e1e-0bd1-2a440f9d65a0">
      <Execution id="96895332-16d5-496c-a226-629bc197d15b" />
      <TestMethod codeBase="/home/runner/work/BuckScienceApp/BuckScienceApp/tests/BuckScience.Tests/bin/Debug/net8.0/BuckScience.Tests.dll" adapterTypeName="executor://xunit/VsTestRunner2/netcoreapp" className="BuckScience.Tests.CameraPlacementHistoryTests" name="Camera_CurrentLocationProperties_ShouldReturnFromPlacementHistory" />
    </UnitTest>
    <UnitTest name="BuckScience.Tests.Domain.MonthsAttributeTests.MonthsAttribute_Constructor_WithEmptyMonths_ThrowsArgumentException" storage="/home/runner/work/buckscienceapp/buckscienceapp/tests/buckscience.tests/bin/debug/net8.0/buckscience.tests.dll" id="752ffb05-78eb-92e0-4e1e-4d5811cca95a">
      <Execution id="ff6966c9-dfc5-4c12-94c0-7027e4211a3a" />
      <TestMethod codeBase="/home/runner/work/BuckScienceApp/BuckScienceApp/tests/BuckScience.Tests/bin/Debug/net8.0/BuckScience.Tests.dll" adapterTypeName="executor://xunit/VsTestRunner2/netcoreapp" className="BuckScience.Tests.Domain.MonthsAttributeTests" name="MonthsAttribute_Constructor_WithEmptyMonths_ThrowsArgumentException" />
    </UnitTest>
    <UnitTest name="BuckScience.Tests.Web.Helpers.WeatherHelpersTests.StandardWindDirections_Contains16Directions" storage="/home/runner/work/buckscienceapp/buckscienceapp/tests/buckscience.tests/bin/debug/net8.0/buckscience.tests.dll" id="11c53883-3d96-0957-d8a1-9dcf44cb5e78">
      <Execution id="c6c0b019-e3b9-4331-ac3b-42c1adade7cb" />
      <TestMethod codeBase="/home/runner/work/BuckScienceApp/BuckScienceApp/tests/BuckScience.Tests/bin/Debug/net8.0/BuckScience.Tests.dll" adapterTypeName="executor://xunit/VsTestRunner2/netcoreapp" className="BuckScience.Tests.Web.Helpers.WeatherHelpersTests" name="StandardWindDirections_Contains16Directions" />
    </UnitTest>
    <UnitTest name="BuckScience.Tests.Application.PropertyFeatureApplicationTests.UpdatePropertyFeature_WithWeight_UpdatesWeight" storage="/home/runner/work/buckscienceapp/buckscienceapp/tests/buckscience.tests/bin/debug/net8.0/buckscience.tests.dll" id="bcc4ea35-2128-3f0c-9022-a8e4dbbfeab6">
      <Execution id="f7492845-c2f1-4e8a-977d-c264fd55238e" />
      <TestMethod codeBase="/home/runner/work/BuckScienceApp/BuckScienceApp/tests/BuckScience.Tests/bin/Debug/net8.0/BuckScience.Tests.dll" adapterTypeName="executor://xunit/VsTestRunner2/netcoreapp" className="BuckScience.Tests.Application.PropertyFeatureApplicationTests" name="UpdatePropertyFeature_WithWeight_UpdatesWeight" />
    </UnitTest>
    <UnitTest name="BuckScience.Tests.PhotoFilteringComprehensiveTests.PropertyPhotosVm_WithoutFilters_CorrectProperties" storage="/home/runner/work/buckscienceapp/buckscienceapp/tests/buckscience.tests/bin/debug/net8.0/buckscience.tests.dll" id="d23e84fd-71f4-7bce-d8fe-1741eb8da08e">
      <Execution id="bc79f428-ac77-40b7-a2a0-8b50c6cb966f" />
      <TestMethod codeBase="/home/runner/work/BuckScienceApp/BuckScienceApp/tests/BuckScience.Tests/bin/Debug/net8.0/BuckScience.Tests.dll" adapterTypeName="executor://xunit/VsTestRunner2/netcoreapp" className="BuckScience.Tests.PhotoFilteringComprehensiveTests" name="PropertyPhotosVm_WithoutFilters_CorrectProperties" />
    </UnitTest>
    <UnitTest name="BuckScience.Tests.Domain.SeasonExtensionsTests.GetDefaultMonths_Rut_ReturnsCorrectMonths" storage="/home/runner/work/buckscienceapp/buckscienceapp/tests/buckscience.tests/bin/debug/net8.0/buckscience.tests.dll" id="9ad59ac2-75e0-43fa-c7a4-360f06bdf706">
      <Execution id="3a9ca92d-0d6c-4026-93fb-8d69b12e6982" />
      <TestMethod codeBase="/home/runner/work/BuckScienceApp/BuckScienceApp/tests/BuckScience.Tests/bin/Debug/net8.0/BuckScience.Tests.dll" adapterTypeName="executor://xunit/VsTestRunner2/netcoreapp" className="BuckScience.Tests.Domain.SeasonExtensionsTests" name="GetDefaultMonths_Rut_ReturnsCorrectMonths" />
    </UnitTest>
    <UnitTest name="BuckScience.Tests.Web.Helpers.WeatherHelpersTests.ConvertMoonPhaseTextToNumeric_ValidText_ReturnsCorrectValue(text: &quot;Waxing Gibbous&quot;, expected: 0.375)" storage="/home/runner/work/buckscienceapp/buckscienceapp/tests/buckscience.tests/bin/debug/net8.0/buckscience.tests.dll" id="1c0d7c7b-e498-3c7a-c145-fce1f6e14e16">
      <Execution id="83208f49-0a0c-4419-88dc-23ab4864e5c0" />
      <TestMethod codeBase="/home/runner/work/BuckScienceApp/BuckScienceApp/tests/BuckScience.Tests/bin/Debug/net8.0/BuckScience.Tests.dll" adapterTypeName="executor://xunit/VsTestRunner2/netcoreapp" className="BuckScience.Tests.Web.Helpers.WeatherHelpersTests" name="ConvertMoonPhaseTextToNumeric_ValidText_ReturnsCorrectValue" />
    </UnitTest>
    <UnitTest name="BuckScience.Tests.Domain.PropertySeasonMonthsOverrideTests.PropertySeasonMonthsOverride_Constructor_WithNullMonths_ThrowsArgumentNullException" storage="/home/runner/work/buckscienceapp/buckscienceapp/tests/buckscience.tests/bin/debug/net8.0/buckscience.tests.dll" id="a6b7ec4e-8439-0e75-5dff-9c306313533e">
      <Execution id="89ba6395-82a1-40a6-9054-bf4e2faf45d4" />
      <TestMethod codeBase="/home/runner/work/BuckScienceApp/BuckScienceApp/tests/BuckScience.Tests/bin/Debug/net8.0/BuckScience.Tests.dll" adapterTypeName="executor://xunit/VsTestRunner2/netcoreapp" className="BuckScience.Tests.Domain.PropertySeasonMonthsOverrideTests" name="PropertySeasonMonthsOverride_Constructor_WithNullMonths_ThrowsArgumentNullException" />
    </UnitTest>
    <UnitTest name="BuckScience.Tests.Domain.PropertyFeatureTests.Constructor_WithInvalidWeight_ThrowsArgumentOutOfRangeException(weight: 1.10000002)" storage="/home/runner/work/buckscienceapp/buckscienceapp/tests/buckscience.tests/bin/debug/net8.0/buckscience.tests.dll" id="ddea20c7-b2e3-61c7-335c-b2bd52df33d9">
      <Execution id="a3b61094-e722-4520-942e-c8413b60dad0" />
      <TestMethod codeBase="/home/runner/work/BuckScienceApp/BuckScienceApp/tests/BuckScience.Tests/bin/Debug/net8.0/BuckScience.Tests.dll" adapterTypeName="executor://xunit/VsTestRunner2/netcoreapp" className="BuckScience.Tests.Domain.PropertyFeatureTests" name="Constructor_WithInvalidWeight_ThrowsArgumentOutOfRangeException" />
    </UnitTest>
    <UnitTest name="BuckScience.Tests.Web.Helpers.WeatherHelpersTests.ConvertMoonPhaseToText_VariousValues_ReturnsCorrectText(phase: 1, expected: &quot;New Moon&quot;)" storage="/home/runner/work/buckscienceapp/buckscienceapp/tests/buckscience.tests/bin/debug/net8.0/buckscience.tests.dll" id="c5847a99-4505-c2ed-d54d-fc269a080b27">
      <Execution id="b43c1909-7d62-461f-94a0-a46fd5eee302" />
      <TestMethod codeBase="/home/runner/work/BuckScienceApp/BuckScienceApp/tests/BuckScience.Tests/bin/Debug/net8.0/BuckScience.Tests.dll" adapterTypeName="executor://xunit/VsTestRunner2/netcoreapp" className="BuckScience.Tests.Web.Helpers.WeatherHelpersTests" name="ConvertMoonPhaseToText_VariousValues_ReturnsCorrectText" />
    </UnitTest>
    <UnitTest name="BuckScience.Tests.CameraEditVmTests.CameraEditVm_SyncSelectionFromDirection_ShouldFindClosestDirection" storage="/home/runner/work/buckscienceapp/buckscienceapp/tests/buckscience.tests/bin/debug/net8.0/buckscience.tests.dll" id="8d702d1b-c14c-4dd0-cea5-aaa087d77d3f">
      <Execution id="51a2af29-af55-494f-9e99-aa0146d9a23c" />
      <TestMethod codeBase="/home/runner/work/BuckScienceApp/BuckScienceApp/tests/BuckScience.Tests/bin/Debug/net8.0/BuckScience.Tests.dll" adapterTypeName="executor://xunit/VsTestRunner2/netcoreapp" className="BuckScience.Tests.CameraEditVmTests" name="CameraEditVm_SyncSelectionFromDirection_ShouldFindClosestDirection" />
    </UnitTest>
    <UnitTest name="BuckScience.Tests.Application.Profiles.ProfileCrudTests.CreateProfile_ValidData_CreatesProfile" storage="/home/runner/work/buckscienceapp/buckscienceapp/tests/buckscience.tests/bin/debug/net8.0/buckscience.tests.dll" id="9c1cfe7d-bcc9-4b03-b265-ec26ee7c3263">
      <Execution id="57961915-bbc1-4943-8562-36198ed2a8c5" />
      <TestMethod codeBase="/home/runner/work/BuckScienceApp/BuckScienceApp/tests/BuckScience.Tests/bin/Debug/net8.0/BuckScience.Tests.dll" adapterTypeName="executor://xunit/VsTestRunner2/netcoreapp" className="BuckScience.Tests.Application.Profiles.ProfileCrudTests" name="CreateProfile_ValidData_CreatesProfile" />
    </UnitTest>
    <UnitTest name="BuckScience.Tests.DirectionHelperTests.FromFloat_ShouldFindClosestDirection(degrees: 23, expectedDirection: NE)" storage="/home/runner/work/buckscienceapp/buckscienceapp/tests/buckscience.tests/bin/debug/net8.0/buckscience.tests.dll" id="e180b2c2-7fc8-0f15-5653-0156d254c8c9">
      <Execution id="4e676302-edec-482f-bdf8-0d523c6fb356" />
      <TestMethod codeBase="/home/runner/work/BuckScienceApp/BuckScienceApp/tests/BuckScience.Tests/bin/Debug/net8.0/BuckScience.Tests.dll" adapterTypeName="executor://xunit/VsTestRunner2/netcoreapp" className="BuckScience.Tests.DirectionHelperTests" name="FromFloat_ShouldFindClosestDirection" />
    </UnitTest>
    <UnitTest name="BuckScience.Tests.TagCleanupTests.RemoveTagFromPhotos_ShouldKeepTagAndPropertyTag_WhenUsedOnOtherProperties" storage="/home/runner/work/buckscienceapp/buckscienceapp/tests/buckscience.tests/bin/debug/net8.0/buckscience.tests.dll" id="dc5b4323-69df-5b53-04b8-b2edd86e4211">
      <Execution id="7eee204a-4b53-4fb0-984b-6ab43cfcb5c3" />
      <TestMethod codeBase="/home/runner/work/BuckScienceApp/BuckScienceApp/tests/BuckScience.Tests/bin/Debug/net8.0/BuckScience.Tests.dll" adapterTypeName="executor://xunit/VsTestRunner2/netcoreapp" className="BuckScience.Tests.TagCleanupTests" name="RemoveTagFromPhotos_ShouldKeepTagAndPropertyTag_WhenUsedOnOtherProperties" />
    </UnitTest>
    <UnitTest name="BuckScience.Tests.PhotoPlacementHistoryTests.Photo_WithPlacementHistory_ShouldAssociateCorrectly" storage="/home/runner/work/buckscienceapp/buckscienceapp/tests/buckscience.tests/bin/debug/net8.0/buckscience.tests.dll" id="9e5e4569-9acc-0235-4e91-ee81d67e124e">
      <Execution id="7f746e54-25e3-4796-ae4b-9928ff4f1aee" />
      <TestMethod codeBase="/home/runner/work/BuckScienceApp/BuckScienceApp/tests/BuckScience.Tests/bin/Debug/net8.0/BuckScience.Tests.dll" adapterTypeName="executor://xunit/VsTestRunner2/netcoreapp" className="BuckScience.Tests.PhotoPlacementHistoryTests" name="Photo_WithPlacementHistory_ShouldAssociateCorrectly" />
    </UnitTest>
    <UnitTest name="BuckScience.Tests.Application.SeasonMonthMappingServiceTests.SeasonMonthMappingService_Constructor_WithNullDbContext_ThrowsArgumentNullException" storage="/home/runner/work/buckscienceapp/buckscienceapp/tests/buckscience.tests/bin/debug/net8.0/buckscience.tests.dll" id="162f6cfb-c27f-27d9-ae85-1a410ddacc2e">
      <Execution id="aee993f0-9d33-4531-92a5-c2be11e22668" />
      <TestMethod codeBase="/home/runner/work/BuckScienceApp/BuckScienceApp/tests/BuckScience.Tests/bin/Debug/net8.0/BuckScience.Tests.dll" adapterTypeName="executor://xunit/VsTestRunner2/netcoreapp" className="BuckScience.Tests.Application.SeasonMonthMappingServiceTests" name="SeasonMonthMappingService_Constructor_WithNullDbContext_ThrowsArgumentNullException" />
    </UnitTest>
    <UnitTest name="BuckScience.Tests.CameraPlacementHistoryTests.CameraPlacementHistory_Duration_ShouldCalculateCorrectly" storage="/home/runner/work/buckscienceapp/buckscienceapp/tests/buckscience.tests/bin/debug/net8.0/buckscience.tests.dll" id="2b043a8d-e346-04e5-47b3-898bfcbeb615">
      <Execution id="95bff504-ee8b-44e2-9cb6-7e54e216e50b" />
      <TestMethod codeBase="/home/runner/work/BuckScienceApp/BuckScienceApp/tests/BuckScience.Tests/bin/Debug/net8.0/BuckScience.Tests.dll" adapterTypeName="executor://xunit/VsTestRunner2/netcoreapp" className="BuckScience.Tests.CameraPlacementHistoryTests" name="CameraPlacementHistory_Duration_ShouldCalculateCorrectly" />
    </UnitTest>
    <UnitTest name="BuckScience.Tests.PhotoFilteringComprehensiveTests.PhotoFiltering_BackwardCompatibility_WithoutFilters" storage="/home/runner/work/buckscienceapp/buckscienceapp/tests/buckscience.tests/bin/debug/net8.0/buckscience.tests.dll" id="6e95a11c-ba0a-17a5-b618-642e6194107c">
      <Execution id="f815926d-8084-449f-b788-54743588e541" />
      <TestMethod codeBase="/home/runner/work/BuckScienceApp/BuckScienceApp/tests/BuckScience.Tests/bin/Debug/net8.0/BuckScience.Tests.dll" adapterTypeName="executor://xunit/VsTestRunner2/netcoreapp" className="BuckScience.Tests.PhotoFilteringComprehensiveTests" name="PhotoFiltering_BackwardCompatibility_WithoutFilters" />
    </UnitTest>
    <UnitTest name="BuckScience.Tests.TaggingRequirementsTests.Requirement1_DefaultTags_ShouldBePopulatedByMigration" storage="/home/runner/work/buckscienceapp/buckscienceapp/tests/buckscience.tests/bin/debug/net8.0/buckscience.tests.dll" id="61de09e0-94b0-9094-bdcf-74e56c5800ed">
      <Execution id="ce3c053c-2bf7-4ed5-b89a-5edabbe14a89" />
      <TestMethod codeBase="/home/runner/work/BuckScienceApp/BuckScienceApp/tests/BuckScience.Tests/bin/Debug/net8.0/BuckScience.Tests.dll" adapterTypeName="executor://xunit/VsTestRunner2/netcoreapp" className="BuckScience.Tests.TaggingRequirementsTests" name="Requirement1_DefaultTags_ShouldBePopulatedByMigration" />
    </UnitTest>
    <UnitTest name="BuckScience.Tests.PhotoFiltersTests.PhotoFilters_HasWeatherFilters_ReturnsTrueWhenTemperatureFilterSet" storage="/home/runner/work/buckscienceapp/buckscienceapp/tests/buckscience.tests/bin/debug/net8.0/buckscience.tests.dll" id="ce19e570-cfff-5516-73c5-0c25670038af">
      <Execution id="6e851683-88d4-4b7f-9405-43e0a0e24b5d" />
      <TestMethod codeBase="/home/runner/work/BuckScienceApp/BuckScienceApp/tests/BuckScience.Tests/bin/Debug/net8.0/BuckScience.Tests.dll" adapterTypeName="executor://xunit/VsTestRunner2/netcoreapp" className="BuckScience.Tests.PhotoFiltersTests" name="PhotoFilters_HasWeatherFilters_ReturnsTrueWhenTemperatureFilterSet" />
    </UnitTest>
    <UnitTest name="BuckScience.Tests.DirectionHelperTests.FromFloat_ShouldReturnCorrectDirection(degrees: 45, expectedDirection: NE)" storage="/home/runner/work/buckscienceapp/buckscienceapp/tests/buckscience.tests/bin/debug/net8.0/buckscience.tests.dll" id="abed9d03-2d03-a6ea-317e-f9cbae3ef978">
      <Execution id="b26a1828-b03e-442e-b834-c0a7c9fe8664" />
      <TestMethod codeBase="/home/runner/work/BuckScienceApp/BuckScienceApp/tests/BuckScience.Tests/bin/Debug/net8.0/BuckScience.Tests.dll" adapterTypeName="executor://xunit/VsTestRunner2/netcoreapp" className="BuckScience.Tests.DirectionHelperTests" name="FromFloat_ShouldReturnCorrectDirection" />
    </UnitTest>
    <UnitTest name="BuckScience.Tests.CameraEditVmTests.CameraEditVm_ValidationAttributes_ShouldBeApplied" storage="/home/runner/work/buckscienceapp/buckscienceapp/tests/buckscience.tests/bin/debug/net8.0/buckscience.tests.dll" id="def966b3-b198-e5b0-2219-bdde89be7924">
      <Execution id="0006ea26-276c-4a92-bbd4-ec7667bec7cf" />
      <TestMethod codeBase="/home/runner/work/BuckScienceApp/BuckScienceApp/tests/BuckScience.Tests/bin/Debug/net8.0/BuckScience.Tests.dll" adapterTypeName="executor://xunit/VsTestRunner2/netcoreapp" className="BuckScience.Tests.CameraEditVmTests" name="CameraEditVm_ValidationAttributes_ShouldBeApplied" />
    </UnitTest>
    <UnitTest name="BuckScience.Tests.TaggingIntegrationTests.CreateProperty_ShouldAutoAssignDefaultTags" storage="/home/runner/work/buckscienceapp/buckscienceapp/tests/buckscience.tests/bin/debug/net8.0/buckscience.tests.dll" id="aac2053d-c1f1-3ae9-c811-84c25975dded">
      <Execution id="356d6542-4fde-4f56-a45c-6e3869448ee1" />
      <TestMethod codeBase="/home/runner/work/BuckScienceApp/BuckScienceApp/tests/BuckScience.Tests/bin/Debug/net8.0/BuckScience.Tests.dll" adapterTypeName="executor://xunit/VsTestRunner2/netcoreapp" className="BuckScience.Tests.TaggingIntegrationTests" name="CreateProperty_ShouldAutoAssignDefaultTags" />
    </UnitTest>
    <UnitTest name="BuckScience.Tests.Domain.FeatureWeightTests.FeatureWeightHelper_GetDefaultWeight_ReturnsExpectedValues(type: AgCropField, expectedWeight: 0.800000012)" storage="/home/runner/work/buckscienceapp/buckscienceapp/tests/buckscience.tests/bin/debug/net8.0/buckscience.tests.dll" id="abcb8fa3-cd85-2471-5636-a22af31205a3">
      <Execution id="93b2de33-cb37-4c84-b120-4c711efda10d" />
      <TestMethod codeBase="/home/runner/work/BuckScienceApp/BuckScienceApp/tests/BuckScience.Tests/bin/Debug/net8.0/BuckScience.Tests.dll" adapterTypeName="executor://xunit/VsTestRunner2/netcoreapp" className="BuckScience.Tests.Domain.FeatureWeightTests" name="FeatureWeightHelper_GetDefaultWeight_ReturnsExpectedValues" />
    </UnitTest>
    <UnitTest name="BuckScience.Tests.Domain.PropertySeasonMonthsOverrideTests.PropertySeasonMonthsOverride_Constructor_WithEmptyMonths_ThrowsArgumentException" storage="/home/runner/work/buckscienceapp/buckscienceapp/tests/buckscience.tests/bin/debug/net8.0/buckscience.tests.dll" id="85f24840-3222-d447-0677-9820b9294533">
      <Execution id="76d81615-7df0-409b-8456-cd9f2911cd0f" />
      <TestMethod codeBase="/home/runner/work/BuckScienceApp/BuckScienceApp/tests/BuckScience.Tests/bin/Debug/net8.0/BuckScience.Tests.dll" adapterTypeName="executor://xunit/VsTestRunner2/netcoreapp" className="BuckScience.Tests.Domain.PropertySeasonMonthsOverrideTests" name="PropertySeasonMonthsOverride_Constructor_WithEmptyMonths_ThrowsArgumentException" />
    </UnitTest>
    <UnitTest name="BuckScience.Tests.PhotoFilteringUrlExamples.BuildFilters_UrlParameters_ShouldParseCorrectly(urlParams: &quot;windSpeedMin=5&amp;windSpeedMax=15&quot;, expectedTempMin: null, expectedTempMax: null, expectedWindMin: 5, expectedWindMax: 15)" storage="/home/runner/work/buckscienceapp/buckscienceapp/tests/buckscience.tests/bin/debug/net8.0/buckscience.tests.dll" id="0c5da287-efdb-ad86-5a1d-4f909e3eba8c">
      <Execution id="1c8283a3-58ba-402f-808b-2cfa354666b8" />
      <TestMethod codeBase="/home/runner/work/BuckScienceApp/BuckScienceApp/tests/BuckScience.Tests/bin/Debug/net8.0/BuckScience.Tests.dll" adapterTypeName="executor://xunit/VsTestRunner2/netcoreapp" className="BuckScience.Tests.PhotoFilteringUrlExamples" name="BuildFilters_UrlParameters_ShouldParseCorrectly" />
    </UnitTest>
    <UnitTest name="BuckScience.Tests.Web.Helpers.WeatherHelpersTests.ConvertMoonPhaseToText_VariousValues_ReturnsCorrectText(phase: 0.84999999999999998, expected: &quot;Waning Crescent&quot;)" storage="/home/runner/work/buckscienceapp/buckscienceapp/tests/buckscience.tests/bin/debug/net8.0/buckscience.tests.dll" id="22d4e883-d516-a3c1-91a6-c6ccca686050">
      <Execution id="bbd93d81-17c7-4b5f-accf-b192f202bd89" />
      <TestMethod codeBase="/home/runner/work/BuckScienceApp/BuckScienceApp/tests/BuckScience.Tests/bin/Debug/net8.0/BuckScience.Tests.dll" adapterTypeName="executor://xunit/VsTestRunner2/netcoreapp" className="BuckScience.Tests.Web.Helpers.WeatherHelpersTests" name="ConvertMoonPhaseToText_VariousValues_ReturnsCorrectText" />
    </UnitTest>
    <UnitTest name="BuckScience.Tests.Domain.PropertySeasonMonthsOverrideTests.PropertySeasonMonthsOverride_SetMonths_WithInvalidMonths_ThrowsArgumentOutOfRangeException(invalidMonths: [13])" storage="/home/runner/work/buckscienceapp/buckscienceapp/tests/buckscience.tests/bin/debug/net8.0/buckscience.tests.dll" id="702f6073-82fe-153e-00ca-63e8665d8828">
      <Execution id="71bed965-4405-4d59-be82-87a57bf0a229" />
      <TestMethod codeBase="/home/runner/work/BuckScienceApp/BuckScienceApp/tests/BuckScience.Tests/bin/Debug/net8.0/BuckScience.Tests.dll" adapterTypeName="executor://xunit/VsTestRunner2/netcoreapp" className="BuckScience.Tests.Domain.PropertySeasonMonthsOverrideTests" name="PropertySeasonMonthsOverride_SetMonths_WithInvalidMonths_ThrowsArgumentOutOfRangeException" />
    </UnitTest>
    <UnitTest name="BuckScience.Tests.CameraPlacementHistoryTests.CameraPlacementHistory_EndPlacement_ShouldSetEndDateTime" storage="/home/runner/work/buckscienceapp/buckscienceapp/tests/buckscience.tests/bin/debug/net8.0/buckscience.tests.dll" id="ce7424f3-8800-2916-ce22-d9c4a6a2d917">
      <Execution id="841e99ec-7247-4932-bc82-937a1ac989cc" />
      <TestMethod codeBase="/home/runner/work/BuckScienceApp/BuckScienceApp/tests/BuckScience.Tests/bin/Debug/net8.0/BuckScience.Tests.dll" adapterTypeName="executor://xunit/VsTestRunner2/netcoreapp" className="BuckScience.Tests.CameraPlacementHistoryTests" name="CameraPlacementHistory_EndPlacement_ShouldSetEndDateTime" />
    </UnitTest>
    <UnitTest name="BuckScience.Tests.Domain.MonthsAttributeTests.MonthsAttribute_Constructor_WithAllMonths_SetsAllMonthsCorrectly" storage="/home/runner/work/buckscienceapp/buckscienceapp/tests/buckscience.tests/bin/debug/net8.0/buckscience.tests.dll" id="9e88128c-c893-0f4c-cf4f-ba4eb6951e77">
      <Execution id="bea0d65b-27c3-489d-ab81-651c8a8070c0" />
      <TestMethod codeBase="/home/runner/work/BuckScienceApp/BuckScienceApp/tests/BuckScience.Tests/bin/Debug/net8.0/BuckScience.Tests.dll" adapterTypeName="executor://xunit/VsTestRunner2/netcoreapp" className="BuckScience.Tests.Domain.MonthsAttributeTests" name="MonthsAttribute_Constructor_WithAllMonths_SetsAllMonthsCorrectly" />
    </UnitTest>
    <UnitTest name="BuckScience.Tests.WeatherBatchProcessingTests.WeatherBatchProcessing_ShouldMinimizeApiCalls" storage="/home/runner/work/buckscienceapp/buckscienceapp/tests/buckscience.tests/bin/debug/net8.0/buckscience.tests.dll" id="5a1b2923-7867-c9d7-9184-902164877e6b">
      <Execution id="7b75d18f-4935-4883-9282-e0c20329982f" />
      <TestMethod codeBase="/home/runner/work/BuckScienceApp/BuckScienceApp/tests/BuckScience.Tests/bin/Debug/net8.0/BuckScience.Tests.dll" adapterTypeName="executor://xunit/VsTestRunner2/netcoreapp" className="BuckScience.Tests.WeatherBatchProcessingTests" name="WeatherBatchProcessing_ShouldMinimizeApiCalls" />
    </UnitTest>
    <UnitTest name="BuckScience.Tests.Web.Helpers.WeatherHelpersTests.ConvertWindDirectionTextToNumeric_ValidDirections_ReturnsCorrectDegrees(direction: &quot;N&quot;, expected: 0)" storage="/home/runner/work/buckscienceapp/buckscienceapp/tests/buckscience.tests/bin/debug/net8.0/buckscience.tests.dll" id="5c61d628-c74f-c8f0-779e-82c0c2dc77df">
      <Execution id="bafb0c6d-c182-402c-90b2-04668502c605" />
      <TestMethod codeBase="/home/runner/work/BuckScienceApp/BuckScienceApp/tests/BuckScience.Tests/bin/Debug/net8.0/BuckScience.Tests.dll" adapterTypeName="executor://xunit/VsTestRunner2/netcoreapp" className="BuckScience.Tests.Web.Helpers.WeatherHelpersTests" name="ConvertWindDirectionTextToNumeric_ValidDirections_ReturnsCorrectDegrees" />
    </UnitTest>
    <UnitTest name="BuckScience.Tests.DirectionHelperTests.FromFloat_ShouldFindClosestDirection(degrees: 360, expectedDirection: N)" storage="/home/runner/work/buckscienceapp/buckscienceapp/tests/buckscience.tests/bin/debug/net8.0/buckscience.tests.dll" id="10354eb4-4c14-dba7-068b-24dcfb475d53">
      <Execution id="7b1a5974-32b2-43c5-9127-903d112eafdf" />
      <TestMethod codeBase="/home/runner/work/BuckScienceApp/BuckScienceApp/tests/BuckScience.Tests/bin/Debug/net8.0/BuckScience.Tests.dll" adapterTypeName="executor://xunit/VsTestRunner2/netcoreapp" className="BuckScience.Tests.DirectionHelperTests" name="FromFloat_ShouldFindClosestDirection" />
    </UnitTest>
    <UnitTest name="BuckScience.Tests.Domain.PropertySeasonMonthsOverrideTests.PropertySeasonMonthsOverride_Constructor_WithInvalidMonths_ThrowsArgumentOutOfRangeException(invalidMonths: [13])" storage="/home/runner/work/buckscienceapp/buckscienceapp/tests/buckscience.tests/bin/debug/net8.0/buckscience.tests.dll" id="c77238a9-c057-c0ba-9741-2b480cb950cf">
      <Execution id="81d1c705-0478-4385-a9fc-877eec98a55a" />
      <TestMethod codeBase="/home/runner/work/BuckScienceApp/BuckScienceApp/tests/BuckScience.Tests/bin/Debug/net8.0/BuckScience.Tests.dll" adapterTypeName="executor://xunit/VsTestRunner2/netcoreapp" className="BuckScience.Tests.Domain.PropertySeasonMonthsOverrideTests" name="PropertySeasonMonthsOverride_Constructor_WithInvalidMonths_ThrowsArgumentOutOfRangeException" />
    </UnitTest>
    <UnitTest name="BuckScience.Tests.TaggingIntegrationTests.TagUniqueness_ShouldBeEnforcedCorrectly" storage="/home/runner/work/buckscienceapp/buckscienceapp/tests/buckscience.tests/bin/debug/net8.0/buckscience.tests.dll" id="4e6de647-43c0-2d5e-ffcc-d884e859b7df">
      <Execution id="b6bf50a0-f012-464f-bddd-54a953aee636" />
      <TestMethod codeBase="/home/runner/work/BuckScienceApp/BuckScienceApp/tests/BuckScience.Tests/bin/Debug/net8.0/BuckScience.Tests.dll" adapterTypeName="executor://xunit/VsTestRunner2/netcoreapp" className="BuckScience.Tests.TaggingIntegrationTests" name="TagUniqueness_ShouldBeEnforcedCorrectly" />
    </UnitTest>
    <UnitTest name="BuckScience.Tests.TaggingSystemTests.SetAsDefaultTag_ShouldSetTagAsDefault" storage="/home/runner/work/buckscienceapp/buckscienceapp/tests/buckscience.tests/bin/debug/net8.0/buckscience.tests.dll" id="5fc7d131-6de1-7ffe-375b-8ea28a5dbcb8">
      <Execution id="c88d90be-570f-42ba-a640-73d2b993ef5e" />
      <TestMethod codeBase="/home/runner/work/BuckScienceApp/BuckScienceApp/tests/BuckScience.Tests/bin/Debug/net8.0/BuckScience.Tests.dll" adapterTypeName="executor://xunit/VsTestRunner2/netcoreapp" className="BuckScience.Tests.TaggingSystemTests" name="SetAsDefaultTag_ShouldSetTagAsDefault" />
    </UnitTest>
    <UnitTest name="BuckScience.Tests.PhotoUploadIntegrationTests.PhotoUpload_AfterCameraMove_ShouldUseNewPlacement" storage="/home/runner/work/buckscienceapp/buckscienceapp/tests/buckscience.tests/bin/debug/net8.0/buckscience.tests.dll" id="3df0dc6c-72ae-14e2-377c-12e9cf0a4276">
      <Execution id="dfd4d2dc-9380-4fd3-bc27-a534d9f96254" />
      <TestMethod codeBase="/home/runner/work/BuckScienceApp/BuckScienceApp/tests/BuckScience.Tests/bin/Debug/net8.0/BuckScience.Tests.dll" adapterTypeName="executor://xunit/VsTestRunner2/netcoreapp" className="BuckScience.Tests.PhotoUploadIntegrationTests" name="PhotoUpload_AfterCameraMove_ShouldUseNewPlacement" />
    </UnitTest>
    <UnitTest name="BuckScience.Tests.TaggingRequirementsTests.Requirement2_PropertyCreation_ShouldAutoAssignDefaultTags" storage="/home/runner/work/buckscienceapp/buckscienceapp/tests/buckscience.tests/bin/debug/net8.0/buckscience.tests.dll" id="62abf167-66b2-7338-5ead-888596c0fffe">
      <Execution id="514f3c8d-3dfd-4c11-9fb4-89aca4f7547a" />
      <TestMethod codeBase="/home/runner/work/BuckScienceApp/BuckScienceApp/tests/BuckScience.Tests/bin/Debug/net8.0/BuckScience.Tests.dll" adapterTypeName="executor://xunit/VsTestRunner2/netcoreapp" className="BuckScience.Tests.TaggingRequirementsTests" name="Requirement2_PropertyCreation_ShouldAutoAssignDefaultTags" />
    </UnitTest>
    <UnitTest name="BuckScience.Tests.Domain.SeasonExtensionsTests.GetDefaultMonths_PostRut_ReturnsCorrectMonths" storage="/home/runner/work/buckscienceapp/buckscienceapp/tests/buckscience.tests/bin/debug/net8.0/buckscience.tests.dll" id="305d09f5-4e54-c015-79c0-ffb75c48bf18">
      <Execution id="61503a91-766b-4ca0-a342-90da0aa8f9cc" />
      <TestMethod codeBase="/home/runner/work/BuckScienceApp/BuckScienceApp/tests/BuckScience.Tests/bin/Debug/net8.0/BuckScience.Tests.dll" adapterTypeName="executor://xunit/VsTestRunner2/netcoreapp" className="BuckScience.Tests.Domain.SeasonExtensionsTests" name="GetDefaultMonths_PostRut_ReturnsCorrectMonths" />
    </UnitTest>
    <UnitTest name="BuckScience.Tests.Web.Helpers.WeatherHelpersTests.ConvertMoonPhaseToText_VariousValues_ReturnsCorrectText(phase: 0.25, expected: &quot;First Quarter&quot;)" storage="/home/runner/work/buckscienceapp/buckscienceapp/tests/buckscience.tests/bin/debug/net8.0/buckscience.tests.dll" id="639a2f8f-de06-aff0-2654-2e863df98d3d">
      <Execution id="b66a3a11-1301-40ca-93ee-464b58438924" />
      <TestMethod codeBase="/home/runner/work/BuckScienceApp/BuckScienceApp/tests/BuckScience.Tests/bin/Debug/net8.0/BuckScience.Tests.dll" adapterTypeName="executor://xunit/VsTestRunner2/netcoreapp" className="BuckScience.Tests.Web.Helpers.WeatherHelpersTests" name="ConvertMoonPhaseToText_VariousValues_ReturnsCorrectText" />
    </UnitTest>
    <UnitTest name="BuckScience.Tests.DirectionHelperTests.GetAllDirections_ShouldReturnAllDirectionsWithCorrectData" storage="/home/runner/work/buckscienceapp/buckscienceapp/tests/buckscience.tests/bin/debug/net8.0/buckscience.tests.dll" id="8bb24e9f-b033-fdc0-7830-bccb21534250">
      <Execution id="34c4a254-a958-49ca-a683-d4708cae1a60" />
      <TestMethod codeBase="/home/runner/work/BuckScienceApp/BuckScienceApp/tests/BuckScience.Tests/bin/Debug/net8.0/BuckScience.Tests.dll" adapterTypeName="executor://xunit/VsTestRunner2/netcoreapp" className="BuckScience.Tests.DirectionHelperTests" name="GetAllDirections_ShouldReturnAllDirectionsWithCorrectData" />
    </UnitTest>
    <UnitTest name="BuckScience.Tests.Domain.FeatureWeightTests.FeatureWeightHelper_GetDefaultWeight_ReturnsExpectedValues(type: Saddle, expectedWeight: 0.800000012)" storage="/home/runner/work/buckscienceapp/buckscienceapp/tests/buckscience.tests/bin/debug/net8.0/buckscience.tests.dll" id="a5f21c48-f469-8d11-cd8e-07391ae2a35b">
      <Execution id="fbafbbe6-2a77-4e1d-a20b-a2256968f76d" />
      <TestMethod codeBase="/home/runner/work/BuckScienceApp/BuckScienceApp/tests/BuckScience.Tests/bin/Debug/net8.0/BuckScience.Tests.dll" adapterTypeName="executor://xunit/VsTestRunner2/netcoreapp" className="BuckScience.Tests.Domain.FeatureWeightTests" name="FeatureWeightHelper_GetDefaultWeight_ReturnsExpectedValues" />
    </UnitTest>
    <UnitTest name="BuckScience.Tests.DirectionHelperTests.FromFloat_ShouldFindClosestDirection(degrees: 365, expectedDirection: N)" storage="/home/runner/work/buckscienceapp/buckscienceapp/tests/buckscience.tests/bin/debug/net8.0/buckscience.tests.dll" id="aef446e3-f136-0d0b-1c4f-72b145e6d953">
      <Execution id="237fcb4e-c5e0-4026-9a5d-83e1707f9e81" />
      <TestMethod codeBase="/home/runner/work/BuckScienceApp/BuckScienceApp/tests/BuckScience.Tests/bin/Debug/net8.0/BuckScience.Tests.dll" adapterTypeName="executor://xunit/VsTestRunner2/netcoreapp" className="BuckScience.Tests.DirectionHelperTests" name="FromFloat_ShouldFindClosestDirection" />
    </UnitTest>
    <UnitTest name="BuckScience.Tests.Domain.FeatureWeightTests.FeatureWeightHelper_GetCategory_ReturnsCorrectCategory(type: AgCropField, expectedCategory: ResourceFood)" storage="/home/runner/work/buckscienceapp/buckscienceapp/tests/buckscience.tests/bin/debug/net8.0/buckscience.tests.dll" id="e4c14db6-7ddb-4f54-d632-50f949736205">
      <Execution id="35081296-3c4d-411d-9db1-a11b1dea226f" />
      <TestMethod codeBase="/home/runner/work/BuckScienceApp/BuckScienceApp/tests/BuckScience.Tests/bin/Debug/net8.0/BuckScience.Tests.dll" adapterTypeName="executor://xunit/VsTestRunner2/netcoreapp" className="BuckScience.Tests.Domain.FeatureWeightTests" name="FeatureWeightHelper_GetCategory_ReturnsCorrectCategory" />
    </UnitTest>
    <UnitTest name="BuckScience.Tests.Web.Helpers.WeatherHelpersTests.ConvertWindDirectionToText_VariousAngles_ReturnsCorrectDirection(degrees: 270, expected: &quot;W&quot;)" storage="/home/runner/work/buckscienceapp/buckscienceapp/tests/buckscience.tests/bin/debug/net8.0/buckscience.tests.dll" id="2eacfbf3-667b-5a8e-52a0-d9d512e960c7">
      <Execution id="5cc6aee7-0c8d-46c6-bb70-366b8c50b416" />
      <TestMethod codeBase="/home/runner/work/BuckScienceApp/BuckScienceApp/tests/BuckScience.Tests/bin/Debug/net8.0/BuckScience.Tests.dll" adapterTypeName="executor://xunit/VsTestRunner2/netcoreapp" className="BuckScience.Tests.Web.Helpers.WeatherHelpersTests" name="ConvertWindDirectionToText_VariousAngles_ReturnsCorrectDirection" />
    </UnitTest>
    <UnitTest name="BuckScience.Tests.CameraCreateVmTests.CameraCreateVm_DirectionSync_ShouldWorkForAllDirections(direction: SW, expectedDegrees: 225)" storage="/home/runner/work/buckscienceapp/buckscienceapp/tests/buckscience.tests/bin/debug/net8.0/buckscience.tests.dll" id="386e0330-7309-7b37-24f5-0984d80d3723">
      <Execution id="0f98b252-0872-4793-8069-6082a719da6b" />
      <TestMethod codeBase="/home/runner/work/BuckScienceApp/BuckScienceApp/tests/BuckScience.Tests/bin/Debug/net8.0/BuckScience.Tests.dll" adapterTypeName="executor://xunit/VsTestRunner2/netcoreapp" className="BuckScience.Tests.CameraCreateVmTests" name="CameraCreateVm_DirectionSync_ShouldWorkForAllDirections" />
    </UnitTest>
    <UnitTest name="BuckScience.Tests.Application.PropertyFeatureApplicationTests.CreatePropertyFeature_WithoutWeight_CreatesFeatureWithDefaultWeight" storage="/home/runner/work/buckscienceapp/buckscienceapp/tests/buckscience.tests/bin/debug/net8.0/buckscience.tests.dll" id="ea3e05c1-5c7d-865c-be9d-8f2ae46de9bb">
      <Execution id="b87648b8-039c-4d56-ba27-92a6d56cc225" />
      <TestMethod codeBase="/home/runner/work/BuckScienceApp/BuckScienceApp/tests/BuckScience.Tests/bin/Debug/net8.0/BuckScience.Tests.dll" adapterTypeName="executor://xunit/VsTestRunner2/netcoreapp" className="BuckScience.Tests.Application.PropertyFeatureApplicationTests" name="CreatePropertyFeature_WithoutWeight_CreatesFeatureWithDefaultWeight" />
    </UnitTest>
    <UnitTest name="BuckScience.Tests.PhotoGroupingTests.PhotoGrouping_ShouldGroupByMonthYear" storage="/home/runner/work/buckscienceapp/buckscienceapp/tests/buckscience.tests/bin/debug/net8.0/buckscience.tests.dll" id="7d1b1cf4-8561-5b1e-3cb0-e9438583a7c7">
      <Execution id="2b72e618-1da2-4533-a037-8bc7016ea4c1" />
      <TestMethod codeBase="/home/runner/work/BuckScienceApp/BuckScienceApp/tests/BuckScience.Tests/bin/Debug/net8.0/BuckScience.Tests.dll" adapterTypeName="executor://xunit/VsTestRunner2/netcoreapp" className="BuckScience.Tests.PhotoGroupingTests" name="PhotoGrouping_ShouldGroupByMonthYear" />
    </UnitTest>
    <UnitTest name="BuckScience.Tests.FeatureHelperTests.FeatureIcons_ShouldContainAllClassificationTypes" storage="/home/runner/work/buckscienceapp/buckscienceapp/tests/buckscience.tests/bin/debug/net8.0/buckscience.tests.dll" id="9b597749-8f28-5ece-3f0e-b5bb4e23820c">
      <Execution id="3f4c15da-a6ae-4067-b870-87cc53f95f71" />
      <TestMethod codeBase="/home/runner/work/BuckScienceApp/BuckScienceApp/tests/BuckScience.Tests/bin/Debug/net8.0/BuckScience.Tests.dll" adapterTypeName="executor://xunit/VsTestRunner2/netcoreapp" className="BuckScience.Tests.FeatureHelperTests" name="FeatureIcons_ShouldContainAllClassificationTypes" />
    </UnitTest>
    <UnitTest name="BuckScience.Tests.Web.Helpers.WeatherHelpersTests.ConvertWindDirectionTextToNumeric_ValidDirections_ReturnsCorrectDegrees(direction: &quot;SSE&quot;, expected: 157.5)" storage="/home/runner/work/buckscienceapp/buckscienceapp/tests/buckscience.tests/bin/debug/net8.0/buckscience.tests.dll" id="44213f5c-f4e3-7f19-6a5d-6c4a3c8d0dec">
      <Execution id="4ec14ad7-2996-4790-a61d-20afc3d41d1c" />
      <TestMethod codeBase="/home/runner/work/BuckScienceApp/BuckScienceApp/tests/BuckScience.Tests/bin/Debug/net8.0/BuckScience.Tests.dll" adapterTypeName="executor://xunit/VsTestRunner2/netcoreapp" className="BuckScience.Tests.Web.Helpers.WeatherHelpersTests" name="ConvertWindDirectionTextToNumeric_ValidDirections_ReturnsCorrectDegrees" />
    </UnitTest>
    <UnitTest name="BuckScience.Tests.DirectionHelperTests.FromFloat_ShouldFindClosestDirection(degrees: 22, expectedDirection: N)" storage="/home/runner/work/buckscienceapp/buckscienceapp/tests/buckscience.tests/bin/debug/net8.0/buckscience.tests.dll" id="973ec4a4-75bf-519b-ad67-04ada4756976">
      <Execution id="7a2414da-610d-44bc-93d3-69761063b85a" />
      <TestMethod codeBase="/home/runner/work/BuckScienceApp/BuckScienceApp/tests/BuckScience.Tests/bin/Debug/net8.0/BuckScience.Tests.dll" adapterTypeName="executor://xunit/VsTestRunner2/netcoreapp" className="BuckScience.Tests.DirectionHelperTests" name="FromFloat_ShouldFindClosestDirection" />
    </UnitTest>
    <UnitTest name="BuckScience.Tests.Web.Helpers.WeatherHelpersTests.ConvertWindDirectionToText_VariousAngles_ReturnsCorrectDirection(degrees: 360, expected: &quot;N&quot;)" storage="/home/runner/work/buckscienceapp/buckscienceapp/tests/buckscience.tests/bin/debug/net8.0/buckscience.tests.dll" id="396d4f9b-ac51-22fa-04b5-9956711699f1">
      <Execution id="ab07a35d-546d-4c36-b1ca-26f849f37611" />
      <TestMethod codeBase="/home/runner/work/BuckScienceApp/BuckScienceApp/tests/BuckScience.Tests/bin/Debug/net8.0/BuckScience.Tests.dll" adapterTypeName="executor://xunit/VsTestRunner2/netcoreapp" className="BuckScience.Tests.Web.Helpers.WeatherHelpersTests" name="ConvertWindDirectionToText_VariousAngles_ReturnsCorrectDirection" />
    </UnitTest>
    <UnitTest name="BuckScience.Tests.Web.Helpers.WeatherHelpersTests.ConvertWindDirectionTextToNumeric_InvalidText_ReturnsNull(direction: &quot;Northeast&quot;)" storage="/home/runner/work/buckscienceapp/buckscienceapp/tests/buckscience.tests/bin/debug/net8.0/buckscience.tests.dll" id="35247ab4-97a5-e557-91c7-742a1f89dba4">
      <Execution id="0bb04b59-dcbd-4ff3-824b-8575aa2160ab" />
      <TestMethod codeBase="/home/runner/work/BuckScienceApp/BuckScienceApp/tests/BuckScience.Tests/bin/Debug/net8.0/BuckScience.Tests.dll" adapterTypeName="executor://xunit/VsTestRunner2/netcoreapp" className="BuckScience.Tests.Web.Helpers.WeatherHelpersTests" name="ConvertWindDirectionTextToNumeric_InvalidText_ReturnsNull" />
    </UnitTest>
    <UnitTest name="BuckScience.Tests.Domain.FeatureWeightTests.FeatureWeightHelper_GetDefaultWeight_ReturnsExpectedValues(type: Waterhole, expectedWeight: 0.800000012)" storage="/home/runner/work/buckscienceapp/buckscienceapp/tests/buckscience.tests/bin/debug/net8.0/buckscience.tests.dll" id="1ccac014-6a4c-a22a-90fa-db21298e0651">
      <Execution id="8c0abd19-96b5-4335-994e-3772af141050" />
      <TestMethod codeBase="/home/runner/work/BuckScienceApp/BuckScienceApp/tests/BuckScience.Tests/bin/Debug/net8.0/BuckScience.Tests.dll" adapterTypeName="executor://xunit/VsTestRunner2/netcoreapp" className="BuckScience.Tests.Domain.FeatureWeightTests" name="FeatureWeightHelper_GetDefaultWeight_ReturnsExpectedValues" />
    </UnitTest>
    <UnitTest name="BuckScience.Tests.Application.FeatureWeights.UpdateDefaultFeatureWeightsTests.UpdateDefaultFeatureWeights_ReturnsFalseForNonExistentProperty" storage="/home/runner/work/buckscienceapp/buckscienceapp/tests/buckscience.tests/bin/debug/net8.0/buckscience.tests.dll" id="51c22198-79c6-8565-1359-1e7a59cd2ad4">
      <Execution id="56ffff70-a90c-4b9b-a7de-f4569f8c98e1" />
      <TestMethod codeBase="/home/runner/work/BuckScienceApp/BuckScienceApp/tests/BuckScience.Tests/bin/Debug/net8.0/BuckScience.Tests.dll" adapterTypeName="executor://xunit/VsTestRunner2/netcoreapp" className="BuckScience.Tests.Application.FeatureWeights.UpdateDefaultFeatureWeightsTests" name="UpdateDefaultFeatureWeights_ReturnsFalseForNonExistentProperty" />
    </UnitTest>
    <UnitTest name="BuckScience.Tests.Domain.MonthsAttributeTests.MonthsAttribute_Constructor_WithSingleMonth_SetsMonthCorrectly" storage="/home/runner/work/buckscienceapp/buckscienceapp/tests/buckscience.tests/bin/debug/net8.0/buckscience.tests.dll" id="615647ea-1f6e-f46b-032e-269c67342efc">
      <Execution id="336decf3-980b-4051-a7f6-8d223d65f6e0" />
      <TestMethod codeBase="/home/runner/work/BuckScienceApp/BuckScienceApp/tests/BuckScience.Tests/bin/Debug/net8.0/BuckScience.Tests.dll" adapterTypeName="executor://xunit/VsTestRunner2/netcoreapp" className="BuckScience.Tests.Domain.MonthsAttributeTests" name="MonthsAttribute_Constructor_WithSingleMonth_SetsMonthCorrectly" />
    </UnitTest>
    <UnitTest name="BuckScience.Tests.PhotoPlacementHistoryTests.Photo_Constructor_ShouldAllowNullCameraPlacementHistoryId" storage="/home/runner/work/buckscienceapp/buckscienceapp/tests/buckscience.tests/bin/debug/net8.0/buckscience.tests.dll" id="827cffd5-57e2-399d-4e16-80e94a843b77">
      <Execution id="5819247d-f869-45bb-9a7e-89903795520c" />
      <TestMethod codeBase="/home/runner/work/BuckScienceApp/BuckScienceApp/tests/BuckScience.Tests/bin/Debug/net8.0/BuckScience.Tests.dll" adapterTypeName="executor://xunit/VsTestRunner2/netcoreapp" className="BuckScience.Tests.PhotoPlacementHistoryTests" name="Photo_Constructor_ShouldAllowNullCameraPlacementHistoryId" />
    </UnitTest>
    <UnitTest name="BuckScience.Tests.Domain.FeatureWeightTests.FeatureWeight_IsCustom_CanBeSetInConstructor" storage="/home/runner/work/buckscienceapp/buckscienceapp/tests/buckscience.tests/bin/debug/net8.0/buckscience.tests.dll" id="520cf6eb-1b87-3f3a-4e2f-2f4e620f4b62">
      <Execution id="bd6f10f5-e18d-43a7-9a9f-2d0625558371" />
      <TestMethod codeBase="/home/runner/work/BuckScienceApp/BuckScienceApp/tests/BuckScience.Tests/bin/Debug/net8.0/BuckScience.Tests.dll" adapterTypeName="executor://xunit/VsTestRunner2/netcoreapp" className="BuckScience.Tests.Domain.FeatureWeightTests" name="FeatureWeight_IsCustom_CanBeSetInConstructor" />
    </UnitTest>
    <UnitTest name="BuckScience.Tests.Domain.SeasonExtensionsTests.GetMonthsForProperty_WithNullProperty_ReturnsDefaultMonths" storage="/home/runner/work/buckscienceapp/buckscienceapp/tests/buckscience.tests/bin/debug/net8.0/buckscience.tests.dll" id="57048c9f-2c1b-ae85-11e6-989795af7a80">
      <Execution id="fa0e0395-be0c-439b-ae74-6c2f7b9b95cd" />
      <TestMethod codeBase="/home/runner/work/BuckScienceApp/BuckScienceApp/tests/BuckScience.Tests/bin/Debug/net8.0/BuckScience.Tests.dll" adapterTypeName="executor://xunit/VsTestRunner2/netcoreapp" className="BuckScience.Tests.Domain.SeasonExtensionsTests" name="GetMonthsForProperty_WithNullProperty_ReturnsDefaultMonths" />
    </UnitTest>
    <UnitTest name="BuckScience.Tests.Application.SeasonMonthMappingServiceTests.SeasonMonthMappingService_CanBeInstantiated_WithValidDbContext" storage="/home/runner/work/buckscienceapp/buckscienceapp/tests/buckscience.tests/bin/debug/net8.0/buckscience.tests.dll" id="7af06183-9c70-25ca-b4dd-507d650d671c">
      <Execution id="4ccb8712-6656-49d9-b60f-9e1fb79017f5" />
      <TestMethod codeBase="/home/runner/work/BuckScienceApp/BuckScienceApp/tests/BuckScience.Tests/bin/Debug/net8.0/BuckScience.Tests.dll" adapterTypeName="executor://xunit/VsTestRunner2/netcoreapp" className="BuckScience.Tests.Application.SeasonMonthMappingServiceTests" name="SeasonMonthMappingService_CanBeInstantiated_WithValidDbContext" />
    </UnitTest>
    <UnitTest name="BuckScience.Tests.Domain.PropertySeasonMonthsOverrideTests.PropertySeasonMonthsOverride_Constructor_WithInvalidPropertyId_ThrowsArgumentOutOfRangeException(invalidPropertyId: -1)" storage="/home/runner/work/buckscienceapp/buckscienceapp/tests/buckscience.tests/bin/debug/net8.0/buckscience.tests.dll" id="5be58517-5610-e8d0-dec2-520046d41b5e">
      <Execution id="f6127e1b-f0fb-4cd9-a4a3-eb081833ca1a" />
      <TestMethod codeBase="/home/runner/work/BuckScienceApp/BuckScienceApp/tests/BuckScience.Tests/bin/Debug/net8.0/BuckScience.Tests.dll" adapterTypeName="executor://xunit/VsTestRunner2/netcoreapp" className="BuckScience.Tests.Domain.PropertySeasonMonthsOverrideTests" name="PropertySeasonMonthsOverride_Constructor_WithInvalidPropertyId_ThrowsArgumentOutOfRangeException" />
    </UnitTest>
    <UnitTest name="BuckScience.Tests.PropertyTagUpdateTest.TaggingPhoto_ShouldUpdatePropertyTags" storage="/home/runner/work/buckscienceapp/buckscienceapp/tests/buckscience.tests/bin/debug/net8.0/buckscience.tests.dll" id="d9d0929f-95f9-5181-aa9b-10571d330d53">
      <Execution id="09d2fc24-bcb5-440c-8390-e3dba214992e" />
      <TestMethod codeBase="/home/runner/work/BuckScienceApp/BuckScienceApp/tests/BuckScience.Tests/bin/Debug/net8.0/BuckScience.Tests.dll" adapterTypeName="executor://xunit/VsTestRunner2/netcoreapp" className="BuckScience.Tests.PropertyTagUpdateTest" name="TaggingPhoto_ShouldUpdatePropertyTags" />
    </UnitTest>
    <UnitTest name="BuckScience.Tests.Web.Helpers.WeatherHelpersTests.ConvertMoonPhaseToText_VariousValues_ReturnsCorrectText(phase: 0.5, expected: &quot;Full Moon&quot;)" storage="/home/runner/work/buckscienceapp/buckscienceapp/tests/buckscience.tests/bin/debug/net8.0/buckscience.tests.dll" id="8d324366-3662-08e0-9537-a5a51d46bda5">
      <Execution id="22c70a2d-3f2c-4eaa-b4a6-b1af676d7582" />
      <TestMethod codeBase="/home/runner/work/BuckScienceApp/BuckScienceApp/tests/BuckScience.Tests/bin/Debug/net8.0/BuckScience.Tests.dll" adapterTypeName="executor://xunit/VsTestRunner2/netcoreapp" className="BuckScience.Tests.Web.Helpers.WeatherHelpersTests" name="ConvertMoonPhaseToText_VariousValues_ReturnsCorrectText" />
    </UnitTest>
    <UnitTest name="BuckScience.Tests.WeatherConfigurationTests.WeatherApiSettings_ShouldBindFromConfiguration" storage="/home/runner/work/buckscienceapp/buckscienceapp/tests/buckscience.tests/bin/debug/net8.0/buckscience.tests.dll" id="b1a32a5b-bec7-9c13-ecb5-d09eae519281">
      <Execution id="5662163d-b378-4e53-a568-809d2a8a804a" />
      <TestMethod codeBase="/home/runner/work/BuckScienceApp/BuckScienceApp/tests/BuckScience.Tests/bin/Debug/net8.0/BuckScience.Tests.dll" adapterTypeName="executor://xunit/VsTestRunner2/netcoreapp" className="BuckScience.Tests.WeatherConfigurationTests" name="WeatherApiSettings_ShouldBindFromConfiguration" />
    </UnitTest>
    <UnitTest name="BuckScience.Tests.TaggingRequirementsTests.Requirement2_PhotoTagging_ShouldSupportBulkOperations" storage="/home/runner/work/buckscienceapp/buckscienceapp/tests/buckscience.tests/bin/debug/net8.0/buckscience.tests.dll" id="75db6be7-a24b-fda6-3919-e716d174ed3d">
      <Execution id="50c0a823-0006-4fd6-b87a-a5eedf3d006d" />
      <TestMethod codeBase="/home/runner/work/BuckScienceApp/BuckScienceApp/tests/BuckScience.Tests/bin/Debug/net8.0/BuckScience.Tests.dll" adapterTypeName="executor://xunit/VsTestRunner2/netcoreapp" className="BuckScience.Tests.TaggingRequirementsTests" name="Requirement2_PhotoTagging_ShouldSupportBulkOperations" />
    </UnitTest>
    <UnitTest name="BuckScience.Tests.PhotoFiltersTests.PhotoFilters_AllWeatherRangeFiltersWork" storage="/home/runner/work/buckscienceapp/buckscienceapp/tests/buckscience.tests/bin/debug/net8.0/buckscience.tests.dll" id="13b70763-63fd-f0df-582a-0fb307fcad59">
      <Execution id="29bc8ecb-7581-4edf-9a5c-57816e306156" />
      <TestMethod codeBase="/home/runner/work/BuckScienceApp/BuckScienceApp/tests/BuckScience.Tests/bin/Debug/net8.0/BuckScience.Tests.dll" adapterTypeName="executor://xunit/VsTestRunner2/netcoreapp" className="BuckScience.Tests.PhotoFiltersTests" name="PhotoFilters_AllWeatherRangeFiltersWork" />
    </UnitTest>
    <UnitTest name="BuckScience.Tests.Web.Helpers.WeatherHelpersTests.ConvertWindDirectionToText_VariousAngles_ReturnsCorrectDirection(degrees: 361, expected: &quot;N&quot;)" storage="/home/runner/work/buckscienceapp/buckscienceapp/tests/buckscience.tests/bin/debug/net8.0/buckscience.tests.dll" id="d983931e-3379-4c6a-5c76-852ec2540d36">
      <Execution id="40c91e35-ffd1-426e-a31a-90c946d4f5e5" />
      <TestMethod codeBase="/home/runner/work/BuckScienceApp/BuckScienceApp/tests/BuckScience.Tests/bin/Debug/net8.0/BuckScience.Tests.dll" adapterTypeName="executor://xunit/VsTestRunner2/netcoreapp" className="BuckScience.Tests.Web.Helpers.WeatherHelpersTests" name="ConvertWindDirectionToText_VariousAngles_ReturnsCorrectDirection" />
    </UnitTest>
    <UnitTest name="BuckScience.Tests.TaggingSystemTests.GetOrCreateTag_ShouldThrowException_WhenTagNameIsInvalid(invalidTagName: &quot;   &quot;)" storage="/home/runner/work/buckscienceapp/buckscienceapp/tests/buckscience.tests/bin/debug/net8.0/buckscience.tests.dll" id="6219abff-caed-b73f-a3a3-a932c37fd5fb">
      <Execution id="c07246de-ad2b-4839-ab1a-7a9e95be89ac" />
      <TestMethod codeBase="/home/runner/work/BuckScienceApp/BuckScienceApp/tests/BuckScience.Tests/bin/Debug/net8.0/BuckScience.Tests.dll" adapterTypeName="executor://xunit/VsTestRunner2/netcoreapp" className="BuckScience.Tests.TaggingSystemTests" name="GetOrCreateTag_ShouldThrowException_WhenTagNameIsInvalid" />
    </UnitTest>
    <UnitTest name="BuckScience.Tests.Domain.FeatureWeightTests.FeatureWeight_UpdateUserWeight_UpdatesValueAndTimestamp" storage="/home/runner/work/buckscienceapp/buckscienceapp/tests/buckscience.tests/bin/debug/net8.0/buckscience.tests.dll" id="7ae16dcf-6b89-2e79-9d90-4b5fa9ac7af9">
      <Execution id="701e3c37-7e7c-4af4-b655-f7196ff9a560" />
      <TestMethod codeBase="/home/runner/work/BuckScienceApp/BuckScienceApp/tests/BuckScience.Tests/bin/Debug/net8.0/BuckScience.Tests.dll" adapterTypeName="executor://xunit/VsTestRunner2/netcoreapp" className="BuckScience.Tests.Domain.FeatureWeightTests" name="FeatureWeight_UpdateUserWeight_UpdatesValueAndTimestamp" />
    </UnitTest>
    <UnitTest name="BuckScience.Tests.Web.Helpers.WeatherHelpersTests.ConvertMoonPhaseTextToNumeric_ValidText_ReturnsCorrectValue(text: &quot;Waxing Crescent&quot;, expected: 0.125)" storage="/home/runner/work/buckscienceapp/buckscienceapp/tests/buckscience.tests/bin/debug/net8.0/buckscience.tests.dll" id="7264d755-3cfa-51c2-00b7-8c3c5d03bdbd">
      <Execution id="8325ddb0-d1c0-41b4-a96c-e89f699aaa46" />
      <TestMethod codeBase="/home/runner/work/BuckScienceApp/BuckScienceApp/tests/BuckScience.Tests/bin/Debug/net8.0/BuckScience.Tests.dll" adapterTypeName="executor://xunit/VsTestRunner2/netcoreapp" className="BuckScience.Tests.Web.Helpers.WeatherHelpersTests" name="ConvertMoonPhaseTextToNumeric_ValidText_ReturnsCorrectValue" />
    </UnitTest>
    <UnitTest name="BuckScience.Tests.TaggingRequirementsTests.Requirement1_DatabaseSchema_ShouldMeetAllSpecifications" storage="/home/runner/work/buckscienceapp/buckscienceapp/tests/buckscience.tests/bin/debug/net8.0/buckscience.tests.dll" id="a7aa3cc0-0ea1-3d0c-3a62-ac5a405bf34e">
      <Execution id="8d1d6c1a-d8a3-4c9d-a6f0-8ff9f401a2a1" />
      <TestMethod codeBase="/home/runner/work/BuckScienceApp/BuckScienceApp/tests/BuckScience.Tests/bin/Debug/net8.0/BuckScience.Tests.dll" adapterTypeName="executor://xunit/VsTestRunner2/netcoreapp" className="BuckScience.Tests.TaggingRequirementsTests" name="Requirement1_DatabaseSchema_ShouldMeetAllSpecifications" />
    </UnitTest>
    <UnitTest name="BuckScience.Tests.TaggingSystemTests.GetOrCreateTag_ShouldCreateNewTag_WhenTagDoesNotExist" storage="/home/runner/work/buckscienceapp/buckscienceapp/tests/buckscience.tests/bin/debug/net8.0/buckscience.tests.dll" id="f691e718-46df-21d8-be15-dfb8d4456f03">
      <Execution id="cd9106bf-6fa4-4199-bebb-a1b17d874c6d" />
      <TestMethod codeBase="/home/runner/work/BuckScienceApp/BuckScienceApp/tests/BuckScience.Tests/bin/Debug/net8.0/BuckScience.Tests.dll" adapterTypeName="executor://xunit/VsTestRunner2/netcoreapp" className="BuckScience.Tests.TaggingSystemTests" name="GetOrCreateTag_ShouldCreateNewTag_WhenTagDoesNotExist" />
    </UnitTest>
    <UnitTest name="BuckScience.Tests.Domain.FeatureWeightTests.FeatureWeight_UpdateUserWeight_WithNullSetsIsCustomToFalse" storage="/home/runner/work/buckscienceapp/buckscienceapp/tests/buckscience.tests/bin/debug/net8.0/buckscience.tests.dll" id="f33495c4-e0d0-5acc-0d2f-99762039f6f2">
      <Execution id="afe0f799-d13f-4a67-bad2-ba5257e0f557" />
      <TestMethod codeBase="/home/runner/work/BuckScienceApp/BuckScienceApp/tests/BuckScience.Tests/bin/Debug/net8.0/BuckScience.Tests.dll" adapterTypeName="executor://xunit/VsTestRunner2/netcoreapp" className="BuckScience.Tests.Domain.FeatureWeightTests" name="FeatureWeight_UpdateUserWeight_WithNullSetsIsCustomToFalse" />
    </UnitTest>
    <UnitTest name="BuckScience.Tests.Domain.PropertySeasonMonthsOverrideTests.PropertySeasonMonthsOverride_MonthsJson_SerializesCorrectly" storage="/home/runner/work/buckscienceapp/buckscienceapp/tests/buckscience.tests/bin/debug/net8.0/buckscience.tests.dll" id="356cc39e-f096-9eaf-df3c-a4d73a8c57b9">
      <Execution id="a0b9e24b-6d0c-4d9c-82f0-c33590c7b623" />
      <TestMethod codeBase="/home/runner/work/BuckScienceApp/BuckScienceApp/tests/BuckScience.Tests/bin/Debug/net8.0/BuckScience.Tests.dll" adapterTypeName="executor://xunit/VsTestRunner2/netcoreapp" className="BuckScience.Tests.Domain.PropertySeasonMonthsOverrideTests" name="PropertySeasonMonthsOverride_MonthsJson_SerializesCorrectly" />
    </UnitTest>
    <UnitTest name="BuckScience.Tests.PhotoFilteringIntegrationTests.BuildFilters_WithCameraPlacementHistoryIds_ReturnsFiltersWithPlacementHistories" storage="/home/runner/work/buckscienceapp/buckscienceapp/tests/buckscience.tests/bin/debug/net8.0/buckscience.tests.dll" id="64fa6710-678a-0a23-7d5a-26a655d565e8">
      <Execution id="f6693d25-d937-4d9c-938b-1ce395dceffe" />
      <TestMethod codeBase="/home/runner/work/BuckScienceApp/BuckScienceApp/tests/BuckScience.Tests/bin/Debug/net8.0/BuckScience.Tests.dll" adapterTypeName="executor://xunit/VsTestRunner2/netcoreapp" className="BuckScience.Tests.PhotoFilteringIntegrationTests" name="BuildFilters_WithCameraPlacementHistoryIds_ReturnsFiltersWithPlacementHistories" />
    </UnitTest>
    <UnitTest name="BuckScience.Tests.DirectionHelperTests.FromFloat_ShouldFindClosestDirection(degrees: 68, expectedDirection: E)" storage="/home/runner/work/buckscienceapp/buckscienceapp/tests/buckscience.tests/bin/debug/net8.0/buckscience.tests.dll" id="e59ff618-3ced-6a2f-d01c-20262e337085">
      <Execution id="43c47c62-a622-4389-a7fb-a8eeae5757cd" />
      <TestMethod codeBase="/home/runner/work/BuckScienceApp/BuckScienceApp/tests/BuckScience.Tests/bin/Debug/net8.0/BuckScience.Tests.dll" adapterTypeName="executor://xunit/VsTestRunner2/netcoreapp" className="BuckScience.Tests.DirectionHelperTests" name="FromFloat_ShouldFindClosestDirection" />
    </UnitTest>
    <UnitTest name="BuckScience.Tests.Web.Helpers.WeatherHelpersTests.ConvertMoonPhaseToText_VariousValues_ReturnsCorrectText(phase: 0.10000000000000001, expected: &quot;Waxing Crescent&quot;)" storage="/home/runner/work/buckscienceapp/buckscienceapp/tests/buckscience.tests/bin/debug/net8.0/buckscience.tests.dll" id="31c8774a-1539-0a44-3404-de06d646b468">
      <Execution id="423762f7-8d98-4935-9b61-93e960e666d2" />
      <TestMethod codeBase="/home/runner/work/BuckScienceApp/BuckScienceApp/tests/BuckScience.Tests/bin/Debug/net8.0/BuckScience.Tests.dll" adapterTypeName="executor://xunit/VsTestRunner2/netcoreapp" className="BuckScience.Tests.Web.Helpers.WeatherHelpersTests" name="ConvertMoonPhaseToText_VariousValues_ReturnsCorrectText" />
    </UnitTest>
    <UnitTest name="BuckScience.Tests.Domain.PropertyFeatureTests.Constructor_AllParameters_SetsAllPropertiesCorrectly" storage="/home/runner/work/buckscienceapp/buckscienceapp/tests/buckscience.tests/bin/debug/net8.0/buckscience.tests.dll" id="5c035d64-72fa-5f12-cc21-1e89e4c3e9b9">
      <Execution id="a0ec2857-f58d-40c2-87ca-c93d51d34315" />
      <TestMethod codeBase="/home/runner/work/BuckScienceApp/BuckScienceApp/tests/BuckScience.Tests/bin/Debug/net8.0/BuckScience.Tests.dll" adapterTypeName="executor://xunit/VsTestRunner2/netcoreapp" className="BuckScience.Tests.Domain.PropertyFeatureTests" name="Constructor_AllParameters_SetsAllPropertiesCorrectly" />
    </UnitTest>
    <UnitTest name="BuckScience.Tests.CameraDetailsVmTests.CameraDetailsVm_ShouldHaveAllRequiredProperties" storage="/home/runner/work/buckscienceapp/buckscienceapp/tests/buckscience.tests/bin/debug/net8.0/buckscience.tests.dll" id="22960b58-9cb3-5bbf-01a8-8b59f0364e15">
      <Execution id="0f350d9c-802a-4bbc-959a-472d8313296a" />
      <TestMethod codeBase="/home/runner/work/BuckScienceApp/BuckScienceApp/tests/BuckScience.Tests/bin/Debug/net8.0/BuckScience.Tests.dll" adapterTypeName="executor://xunit/VsTestRunner2/netcoreapp" className="BuckScience.Tests.CameraDetailsVmTests" name="CameraDetailsVm_ShouldHaveAllRequiredProperties" />
    </UnitTest>
    <UnitTest name="BuckScience.Tests.Domain.MonthsAttributeTests.MonthsAttribute_Constructor_WithMixedValidAndInvalidMonths_ThrowsArgumentOutOfRangeException" storage="/home/runner/work/buckscienceapp/buckscienceapp/tests/buckscience.tests/bin/debug/net8.0/buckscience.tests.dll" id="40701e53-787e-9af9-e51e-796a4964c5fd">
      <Execution id="00508420-bf70-40b0-b10d-84115f3c35ca" />
      <TestMethod codeBase="/home/runner/work/BuckScienceApp/BuckScienceApp/tests/BuckScience.Tests/bin/Debug/net8.0/BuckScience.Tests.dll" adapterTypeName="executor://xunit/VsTestRunner2/netcoreapp" className="BuckScience.Tests.Domain.MonthsAttributeTests" name="MonthsAttribute_Constructor_WithMixedValidAndInvalidMonths_ThrowsArgumentOutOfRangeException" />
    </UnitTest>
    <UnitTest name="BuckScience.Tests.Web.Helpers.WeatherHelpersTests.ConvertWindDirectionTextToNumeric_InvalidText_ReturnsNull(direction: &quot;   &quot;)" storage="/home/runner/work/buckscienceapp/buckscienceapp/tests/buckscience.tests/bin/debug/net8.0/buckscience.tests.dll" id="ec065801-9998-c7ce-5285-3fe14e38cdac">
      <Execution id="97d65ae4-63a8-4562-a030-60d399725cc6" />
      <TestMethod codeBase="/home/runner/work/BuckScienceApp/BuckScienceApp/tests/BuckScience.Tests/bin/Debug/net8.0/BuckScience.Tests.dll" adapterTypeName="executor://xunit/VsTestRunner2/netcoreapp" className="BuckScience.Tests.Web.Helpers.WeatherHelpersTests" name="ConvertWindDirectionTextToNumeric_InvalidText_ReturnsNull" />
    </UnitTest>
    <UnitTest name="BuckScience.Tests.PhotoFilteringIntegrationTests.BuildFilters_WithDateRange_ReturnsFiltersWithDates" storage="/home/runner/work/buckscienceapp/buckscienceapp/tests/buckscience.tests/bin/debug/net8.0/buckscience.tests.dll" id="c900e632-ca6a-8d11-765e-c59876f4f7f8">
      <Execution id="4be3f372-e505-43c6-9b8d-788c31dbf03e" />
      <TestMethod codeBase="/home/runner/work/BuckScienceApp/BuckScienceApp/tests/BuckScience.Tests/bin/Debug/net8.0/BuckScience.Tests.dll" adapterTypeName="executor://xunit/VsTestRunner2/netcoreapp" className="BuckScience.Tests.PhotoFilteringIntegrationTests" name="BuildFilters_WithDateRange_ReturnsFiltersWithDates" />
    </UnitTest>
    <UnitTest name="BuckScience.Tests.Domain.MonthsAttributeTests.MonthsAttribute_Constructor_WithBoundaryValidMonths_SetsMonthsCorrectly(month: 1)" storage="/home/runner/work/buckscienceapp/buckscienceapp/tests/buckscience.tests/bin/debug/net8.0/buckscience.tests.dll" id="75b50791-58b3-a264-c6bb-b7e6f52f0f9b">
      <Execution id="8b8c4cdb-896b-4403-96b8-7d18c5871c9b" />
      <TestMethod codeBase="/home/runner/work/BuckScienceApp/BuckScienceApp/tests/BuckScience.Tests/bin/Debug/net8.0/BuckScience.Tests.dll" adapterTypeName="executor://xunit/VsTestRunner2/netcoreapp" className="BuckScience.Tests.Domain.MonthsAttributeTests" name="MonthsAttribute_Constructor_WithBoundaryValidMonths_SetsMonthsCorrectly" />
    </UnitTest>
    <UnitTest name="BuckScience.Tests.Web.Helpers.WeatherHelpersTests.ConvertWindDirectionToText_VariousAngles_ReturnsCorrectDirection(degrees: 45, expected: &quot;NE&quot;)" storage="/home/runner/work/buckscienceapp/buckscienceapp/tests/buckscience.tests/bin/debug/net8.0/buckscience.tests.dll" id="1798213c-35a3-cbbc-3a0a-8843aace427d">
      <Execution id="ec7e1060-dd87-4798-85be-eac1c99aa330" />
      <TestMethod codeBase="/home/runner/work/BuckScienceApp/BuckScienceApp/tests/BuckScience.Tests/bin/Debug/net8.0/BuckScience.Tests.dll" adapterTypeName="executor://xunit/VsTestRunner2/netcoreapp" className="BuckScience.Tests.Web.Helpers.WeatherHelpersTests" name="ConvertWindDirectionToText_VariousAngles_ReturnsCorrectDirection" />
    </UnitTest>
    <UnitTest name="BuckScience.Tests.Domain.PropertyFeatureTests.SetWeight_WithNull_SetsWeightToNull" storage="/home/runner/work/buckscienceapp/buckscienceapp/tests/buckscience.tests/bin/debug/net8.0/buckscience.tests.dll" id="6a32519d-0b48-1a74-f23b-101b1449f4f4">
      <Execution id="4ac65dd8-150d-47c5-ae92-6cebc035af14" />
      <TestMethod codeBase="/home/runner/work/BuckScienceApp/BuckScienceApp/tests/BuckScience.Tests/bin/Debug/net8.0/BuckScience.Tests.dll" adapterTypeName="executor://xunit/VsTestRunner2/netcoreapp" className="BuckScience.Tests.Domain.PropertyFeatureTests" name="SetWeight_WithNull_SetsWeightToNull" />
    </UnitTest>
    <UnitTest name="BuckScience.Tests.Web.Helpers.WeatherHelpersTests.ConvertWindDirectionTextToNumeric_ValidDirections_ReturnsCorrectDegrees(direction: &quot;ENE&quot;, expected: 67.5)" storage="/home/runner/work/buckscienceapp/buckscienceapp/tests/buckscience.tests/bin/debug/net8.0/buckscience.tests.dll" id="226e9057-54c6-53d9-d48c-5a3aaedbb305">
      <Execution id="615629b0-cf14-49b1-bbc9-9f0accf85f90" />
      <TestMethod codeBase="/home/runner/work/BuckScienceApp/BuckScienceApp/tests/BuckScience.Tests/bin/Debug/net8.0/BuckScience.Tests.dll" adapterTypeName="executor://xunit/VsTestRunner2/netcoreapp" className="BuckScience.Tests.Web.Helpers.WeatherHelpersTests" name="ConvertWindDirectionTextToNumeric_ValidDirections_ReturnsCorrectDegrees" />
    </UnitTest>
    <UnitTest name="BuckScience.Tests.FeatureHelperTests.GetCategory_ShouldReturnCorrectCategoryForWaterResources" storage="/home/runner/work/buckscienceapp/buckscienceapp/tests/buckscience.tests/bin/debug/net8.0/buckscience.tests.dll" id="fb1e59a0-19c5-d0be-0d94-4bf533d92746">
      <Execution id="402f1b56-11be-497e-87fb-f1fddb20dbcb" />
      <TestMethod codeBase="/home/runner/work/BuckScienceApp/BuckScienceApp/tests/BuckScience.Tests/bin/Debug/net8.0/BuckScience.Tests.dll" adapterTypeName="executor://xunit/VsTestRunner2/netcoreapp" className="BuckScience.Tests.FeatureHelperTests" name="GetCategory_ShouldReturnCorrectCategoryForWaterResources" />
    </UnitTest>
    <UnitTest name="BuckScience.Tests.CameraEditVmTests.CameraEditVm_SyncDirectionFromSelection_ShouldUpdateDirectionDegrees" storage="/home/runner/work/buckscienceapp/buckscienceapp/tests/buckscience.tests/bin/debug/net8.0/buckscience.tests.dll" id="e5846600-5bfc-193d-66eb-f1933de5487e">
      <Execution id="b301cb9e-f301-43f5-b370-19d227ea9ecd" />
      <TestMethod codeBase="/home/runner/work/BuckScienceApp/BuckScienceApp/tests/BuckScience.Tests/bin/Debug/net8.0/BuckScience.Tests.dll" adapterTypeName="executor://xunit/VsTestRunner2/netcoreapp" className="BuckScience.Tests.CameraEditVmTests" name="CameraEditVm_SyncDirectionFromSelection_ShouldUpdateDirectionDegrees" />
    </UnitTest>
    <UnitTest name="BuckScience.Tests.Domain.FeatureWeightTests.FeatureWeight_ResetToDefault_ClearsCustomizations" storage="/home/runner/work/buckscienceapp/buckscienceapp/tests/buckscience.tests/bin/debug/net8.0/buckscience.tests.dll" id="5def33b1-c62c-99fb-8bf7-753117f8b16e">
      <Execution id="ccf7c512-e015-4590-b406-331f4c57fbcd" />
      <TestMethod codeBase="/home/runner/work/BuckScienceApp/BuckScienceApp/tests/BuckScience.Tests/bin/Debug/net8.0/BuckScience.Tests.dll" adapterTypeName="executor://xunit/VsTestRunner2/netcoreapp" className="BuckScience.Tests.Domain.FeatureWeightTests" name="FeatureWeight_ResetToDefault_ClearsCustomizations" />
    </UnitTest>
    <UnitTest name="BuckScience.Tests.Domain.PropertySeasonMonthsOverrideTests.PropertySeasonMonthsOverride_Constructor_WithInvalidMonths_ThrowsArgumentOutOfRangeException(invalidMonths: [1, 13])" storage="/home/runner/work/buckscienceapp/buckscienceapp/tests/buckscience.tests/bin/debug/net8.0/buckscience.tests.dll" id="343fd73e-33e0-a251-14f5-344e69186a31">
      <Execution id="eca32b03-5066-47a3-956e-0cb4455d1bdf" />
      <TestMethod codeBase="/home/runner/work/BuckScienceApp/BuckScienceApp/tests/BuckScience.Tests/bin/Debug/net8.0/BuckScience.Tests.dll" adapterTypeName="executor://xunit/VsTestRunner2/netcoreapp" className="BuckScience.Tests.Domain.PropertySeasonMonthsOverrideTests" name="PropertySeasonMonthsOverride_Constructor_WithInvalidMonths_ThrowsArgumentOutOfRangeException" />
    </UnitTest>
    <UnitTest name="BuckScience.Tests.DirectionHelperTests.FromFloat_ShouldReturnCorrectDirection(degrees: 315, expectedDirection: NW)" storage="/home/runner/work/buckscienceapp/buckscienceapp/tests/buckscience.tests/bin/debug/net8.0/buckscience.tests.dll" id="d269bbab-e11e-9189-e523-cf92a42762f7">
      <Execution id="cccabd4a-ec7b-472e-b421-d7558015b271" />
      <TestMethod codeBase="/home/runner/work/BuckScienceApp/BuckScienceApp/tests/BuckScience.Tests/bin/Debug/net8.0/BuckScience.Tests.dll" adapterTypeName="executor://xunit/VsTestRunner2/netcoreapp" className="BuckScience.Tests.DirectionHelperTests" name="FromFloat_ShouldReturnCorrectDirection" />
    </UnitTest>
    <UnitTest name="BuckScience.Tests.CameraDetailsVmTests.CameraDetailsVm_ShouldAllowNullModel" storage="/home/runner/work/buckscienceapp/buckscienceapp/tests/buckscience.tests/bin/debug/net8.0/buckscience.tests.dll" id="4103318d-2de0-6e72-8544-27607329cbb3">
      <Execution id="1e020cd1-4374-4703-bbb1-3d3d93ad3e4c" />
      <TestMethod codeBase="/home/runner/work/BuckScienceApp/BuckScienceApp/tests/BuckScience.Tests/bin/Debug/net8.0/BuckScience.Tests.dll" adapterTypeName="executor://xunit/VsTestRunner2/netcoreapp" className="BuckScience.Tests.CameraDetailsVmTests" name="CameraDetailsVm_ShouldAllowNullModel" />
    </UnitTest>
    <UnitTest name="BuckScience.Tests.FeatureHelperTests.GetFeatureDescription_ShouldReturnCorrectDescriptions" storage="/home/runner/work/buckscienceapp/buckscienceapp/tests/buckscience.tests/bin/debug/net8.0/buckscience.tests.dll" id="42292f25-9e9f-80d8-c32a-5aae5cd0c643">
      <Execution id="da578db8-9a84-4c38-afd6-a3ed8ad7f858" />
      <TestMethod codeBase="/home/runner/work/BuckScienceApp/BuckScienceApp/tests/BuckScience.Tests/bin/Debug/net8.0/BuckScience.Tests.dll" adapterTypeName="executor://xunit/VsTestRunner2/netcoreapp" className="BuckScience.Tests.FeatureHelperTests" name="GetFeatureDescription_ShouldReturnCorrectDescriptions" />
    </UnitTest>
    <UnitTest name="BuckScience.Tests.Domain.FeatureWeightTests.FeatureWeight_UpdateUserWeight_SetsIsCustomToTrue" storage="/home/runner/work/buckscienceapp/buckscienceapp/tests/buckscience.tests/bin/debug/net8.0/buckscience.tests.dll" id="8c01a8cb-2ffc-5487-6da3-7bc37c88340c">
      <Execution id="6c457836-c237-48b8-9375-318ab2f54297" />
      <TestMethod codeBase="/home/runner/work/BuckScienceApp/BuckScienceApp/tests/BuckScience.Tests/bin/Debug/net8.0/BuckScience.Tests.dll" adapterTypeName="executor://xunit/VsTestRunner2/netcoreapp" className="BuckScience.Tests.Domain.FeatureWeightTests" name="FeatureWeight_UpdateUserWeight_SetsIsCustomToTrue" />
    </UnitTest>
    <UnitTest name="BuckScience.Tests.TaggingSystemTests.GetOrCreateTag_ShouldThrowException_WhenTagNameIsInvalid(invalidTagName: null)" storage="/home/runner/work/buckscienceapp/buckscienceapp/tests/buckscience.tests/bin/debug/net8.0/buckscience.tests.dll" id="1335073e-5183-6141-99f1-caaa61dc86f4">
      <Execution id="578bbd30-8799-442c-b8e7-791c71b6cfad" />
      <TestMethod codeBase="/home/runner/work/BuckScienceApp/BuckScienceApp/tests/BuckScience.Tests/bin/Debug/net8.0/BuckScience.Tests.dll" adapterTypeName="executor://xunit/VsTestRunner2/netcoreapp" className="BuckScience.Tests.TaggingSystemTests" name="GetOrCreateTag_ShouldThrowException_WhenTagNameIsInvalid" />
    </UnitTest>
    <UnitTest name="BuckScience.Tests.FeatureHelperTests.GetCategory_ShouldReturnOtherForOtherType" storage="/home/runner/work/buckscienceapp/buckscienceapp/tests/buckscience.tests/bin/debug/net8.0/buckscience.tests.dll" id="93232e33-f6c8-82c0-b755-94e963fff023">
      <Execution id="3b202256-49c0-4c04-91b1-48c1870aefe6" />
      <TestMethod codeBase="/home/runner/work/BuckScienceApp/BuckScienceApp/tests/BuckScience.Tests/bin/Debug/net8.0/BuckScience.Tests.dll" adapterTypeName="executor://xunit/VsTestRunner2/netcoreapp" className="BuckScience.Tests.FeatureHelperTests" name="GetCategory_ShouldReturnOtherForOtherType" />
    </UnitTest>
    <UnitTest name="BuckScience.Tests.TaggingRequirementsTests.Requirement2_NewTagCreation_ShouldBeSupported" storage="/home/runner/work/buckscienceapp/buckscienceapp/tests/buckscience.tests/bin/debug/net8.0/buckscience.tests.dll" id="ddd7ef0f-f8d8-3f23-14c1-c969cc917d3a">
      <Execution id="176ca6e4-9d22-44e3-849b-c0aa9def892e" />
      <TestMethod codeBase="/home/runner/work/BuckScienceApp/BuckScienceApp/tests/BuckScience.Tests/bin/Debug/net8.0/BuckScience.Tests.dll" adapterTypeName="executor://xunit/VsTestRunner2/netcoreapp" className="BuckScience.Tests.TaggingRequirementsTests" name="Requirement2_NewTagCreation_ShouldBeSupported" />
    </UnitTest>
    <UnitTest name="BuckScience.Tests.Domain.FeatureWeightTests.FeatureWeightHelper_GetCategory_ReturnsCorrectCategory(type: Ridge, expectedCategory: Topographical)" storage="/home/runner/work/buckscienceapp/buckscienceapp/tests/buckscience.tests/bin/debug/net8.0/buckscience.tests.dll" id="3101a1d2-70b0-545d-5f32-eb96f6803b5f">
      <Execution id="2b6cf1d0-86b1-4f07-9cb5-46cf711d2dc2" />
      <TestMethod codeBase="/home/runner/work/BuckScienceApp/BuckScienceApp/tests/BuckScience.Tests/bin/Debug/net8.0/BuckScience.Tests.dll" adapterTypeName="executor://xunit/VsTestRunner2/netcoreapp" className="BuckScience.Tests.Domain.FeatureWeightTests" name="FeatureWeightHelper_GetCategory_ReturnsCorrectCategory" />
    </UnitTest>
    <UnitTest name="BuckScience.Tests.Web.Helpers.WeatherHelpersTests.ConvertMoonPhaseToText_VariousValues_ReturnsCorrectText(phase: 0.98999999999999999, expected: &quot;New Moon&quot;)" storage="/home/runner/work/buckscienceapp/buckscienceapp/tests/buckscience.tests/bin/debug/net8.0/buckscience.tests.dll" id="46016c60-0720-f808-02e7-68fa8d4036c4">
      <Execution id="166709e6-ef5e-43f6-aac5-d5187c3081aa" />
      <TestMethod codeBase="/home/runner/work/BuckScienceApp/BuckScienceApp/tests/BuckScience.Tests/bin/Debug/net8.0/BuckScience.Tests.dll" adapterTypeName="executor://xunit/VsTestRunner2/netcoreapp" className="BuckScience.Tests.Web.Helpers.WeatherHelpersTests" name="ConvertMoonPhaseToText_VariousValues_ReturnsCorrectText" />
    </UnitTest>
    <UnitTest name="BuckScience.Tests.PhotoFilteringComprehensiveTests.CameraOption_PropertiesWork" storage="/home/runner/work/buckscienceapp/buckscienceapp/tests/buckscience.tests/bin/debug/net8.0/buckscience.tests.dll" id="17d2bd4a-a575-7ccc-1676-102dfc4795d6">
      <Execution id="cfb5c143-3472-4ec9-a57f-83a196d89024" />
      <TestMethod codeBase="/home/runner/work/BuckScienceApp/BuckScienceApp/tests/BuckScience.Tests/bin/Debug/net8.0/BuckScience.Tests.dll" adapterTypeName="executor://xunit/VsTestRunner2/netcoreapp" className="BuckScience.Tests.PhotoFilteringComprehensiveTests" name="CameraOption_PropertiesWork" />
    </UnitTest>
    <UnitTest name="BuckScience.Tests.Web.Helpers.WeatherHelpersTests.ConvertMoonPhaseTextToNumeric_ValidText_ReturnsCorrectValue(text: &quot;New Moon&quot;, expected: 0)" storage="/home/runner/work/buckscienceapp/buckscienceapp/tests/buckscience.tests/bin/debug/net8.0/buckscience.tests.dll" id="29048f6b-b73b-a720-ef94-9f27a4540f3c">
      <Execution id="c5846837-febb-4459-bda4-098e04218cdf" />
      <TestMethod codeBase="/home/runner/work/BuckScienceApp/BuckScienceApp/tests/BuckScience.Tests/bin/Debug/net8.0/BuckScience.Tests.dll" adapterTypeName="executor://xunit/VsTestRunner2/netcoreapp" className="BuckScience.Tests.Web.Helpers.WeatherHelpersTests" name="ConvertMoonPhaseTextToNumeric_ValidText_ReturnsCorrectValue" />
    </UnitTest>
    <UnitTest name="BuckScience.Tests.Web.Helpers.WeatherHelpersTests.ConvertWindDirectionTextToNumeric_ValidDirections_ReturnsCorrectDegrees(direction: &quot;NNW&quot;, expected: 337.5)" storage="/home/runner/work/buckscienceapp/buckscienceapp/tests/buckscience.tests/bin/debug/net8.0/buckscience.tests.dll" id="d3a4b1bb-6aeb-d30b-4b3c-0f1cdc5eac6e">
      <Execution id="8ceb2a93-41dd-48f5-b290-bcbb2ece4bde" />
      <TestMethod codeBase="/home/runner/work/BuckScienceApp/BuckScienceApp/tests/BuckScience.Tests/bin/Debug/net8.0/BuckScience.Tests.dll" adapterTypeName="executor://xunit/VsTestRunner2/netcoreapp" className="BuckScience.Tests.Web.Helpers.WeatherHelpersTests" name="ConvertWindDirectionTextToNumeric_ValidDirections_ReturnsCorrectDegrees" />
    </UnitTest>
    <UnitTest name="BuckScience.Tests.CameraCreateVmTests.CameraCreateVm_DirectionSync_ShouldWorkForAllDirections(direction: NW, expectedDegrees: 315)" storage="/home/runner/work/buckscienceapp/buckscienceapp/tests/buckscience.tests/bin/debug/net8.0/buckscience.tests.dll" id="be34b3ae-4d99-48a5-415d-a9f5ba8821a1">
      <Execution id="5e1b8da9-f8cc-4cad-8696-78a2470de572" />
      <TestMethod codeBase="/home/runner/work/BuckScienceApp/BuckScienceApp/tests/BuckScience.Tests/bin/Debug/net8.0/BuckScience.Tests.dll" adapterTypeName="executor://xunit/VsTestRunner2/netcoreapp" className="BuckScience.Tests.CameraCreateVmTests" name="CameraCreateVm_DirectionSync_ShouldWorkForAllDirections" />
    </UnitTest>
    <UnitTest name="BuckScience.Tests.Web.Helpers.WeatherHelpersTests.ConvertWindDirectionToText_VariousAngles_ReturnsCorrectDirection(degrees: 180, expected: &quot;S&quot;)" storage="/home/runner/work/buckscienceapp/buckscienceapp/tests/buckscience.tests/bin/debug/net8.0/buckscience.tests.dll" id="4018bd47-d5cd-e85a-b6de-7760e129dafa">
      <Execution id="56d427a8-cf3e-43c2-8029-0de7b7777f9f" />
      <TestMethod codeBase="/home/runner/work/BuckScienceApp/BuckScienceApp/tests/BuckScience.Tests/bin/Debug/net8.0/BuckScience.Tests.dll" adapterTypeName="executor://xunit/VsTestRunner2/netcoreapp" className="BuckScience.Tests.Web.Helpers.WeatherHelpersTests" name="ConvertWindDirectionToText_VariousAngles_ReturnsCorrectDirection" />
    </UnitTest>
    <UnitTest name="BuckScience.Tests.Application.FeatureWeights.UpdateDefaultFeatureWeightsTests.UpdateDefaultFeatureWeights_UpdatesDefaultWeightsCorrectly" storage="/home/runner/work/buckscienceapp/buckscienceapp/tests/buckscience.tests/bin/debug/net8.0/buckscience.tests.dll" id="596b7c00-efcf-3d4d-3dbb-d2705ed5b371">
      <Execution id="6343a01e-ea12-44ec-babd-0a22deadb658" />
      <TestMethod codeBase="/home/runner/work/BuckScienceApp/BuckScienceApp/tests/BuckScience.Tests/bin/Debug/net8.0/BuckScience.Tests.dll" adapterTypeName="executor://xunit/VsTestRunner2/netcoreapp" className="BuckScience.Tests.Application.FeatureWeights.UpdateDefaultFeatureWeightsTests" name="UpdateDefaultFeatureWeights_UpdatesDefaultWeightsCorrectly" />
    </UnitTest>
    <UnitTest name="BuckScience.Tests.Web.Helpers.WeatherHelpersTests.ConvertWindDirectionToText_VariousAngles_ReturnsCorrectDirection(degrees: 0, expected: &quot;N&quot;)" storage="/home/runner/work/buckscienceapp/buckscienceapp/tests/buckscience.tests/bin/debug/net8.0/buckscience.tests.dll" id="d158f051-212f-d40f-0819-bf99fbd314c0">
      <Execution id="0b8c2918-6255-479d-83b1-11408e7b5166" />
      <TestMethod codeBase="/home/runner/work/BuckScienceApp/BuckScienceApp/tests/BuckScience.Tests/bin/Debug/net8.0/BuckScience.Tests.dll" adapterTypeName="executor://xunit/VsTestRunner2/netcoreapp" className="BuckScience.Tests.Web.Helpers.WeatherHelpersTests" name="ConvertWindDirectionToText_VariousAngles_ReturnsCorrectDirection" />
    </UnitTest>
    <UnitTest name="BuckScience.Tests.PhotoGroupingTests.CameraPhotoGrouping_ShouldGroupByMonthYear" storage="/home/runner/work/buckscienceapp/buckscienceapp/tests/buckscience.tests/bin/debug/net8.0/buckscience.tests.dll" id="fa20158d-fb5e-8e7a-f1da-aa0a1eb9ba5a">
      <Execution id="62d7abe5-ef75-4b7f-808e-9b18893d2def" />
      <TestMethod codeBase="/home/runner/work/BuckScienceApp/BuckScienceApp/tests/BuckScience.Tests/bin/Debug/net8.0/BuckScience.Tests.dll" adapterTypeName="executor://xunit/VsTestRunner2/netcoreapp" className="BuckScience.Tests.PhotoGroupingTests" name="CameraPhotoGrouping_ShouldGroupByMonthYear" />
    </UnitTest>
    <UnitTest name="BuckScience.Tests.Web.Helpers.WeatherHelpersTests.ConvertWindDirectionTextToNumeric_ValidDirections_ReturnsCorrectDegrees(direction: &quot;SE&quot;, expected: 135)" storage="/home/runner/work/buckscienceapp/buckscienceapp/tests/buckscience.tests/bin/debug/net8.0/buckscience.tests.dll" id="c91192db-21fb-4e08-e57b-721298eb140d">
      <Execution id="4fabea3b-4dbf-4ca4-83f9-6b54186cc865" />
      <TestMethod codeBase="/home/runner/work/BuckScienceApp/BuckScienceApp/tests/BuckScience.Tests/bin/Debug/net8.0/BuckScience.Tests.dll" adapterTypeName="executor://xunit/VsTestRunner2/netcoreapp" className="BuckScience.Tests.Web.Helpers.WeatherHelpersTests" name="ConvertWindDirectionTextToNumeric_ValidDirections_ReturnsCorrectDegrees" />
    </UnitTest>
    <UnitTest name="BuckScience.Tests.Domain.SeasonExtensionsTests.GetDefaultMonths_PreRut_ReturnsCorrectMonths" storage="/home/runner/work/buckscienceapp/buckscienceapp/tests/buckscience.tests/bin/debug/net8.0/buckscience.tests.dll" id="4e409710-7600-d8ec-3aaf-52ff72372913">
      <Execution id="ff52f780-a6f3-4976-b6c2-a3bfba9a5806" />
      <TestMethod codeBase="/home/runner/work/BuckScienceApp/BuckScienceApp/tests/BuckScience.Tests/bin/Debug/net8.0/BuckScience.Tests.dll" adapterTypeName="executor://xunit/VsTestRunner2/netcoreapp" className="BuckScience.Tests.Domain.SeasonExtensionsTests" name="GetDefaultMonths_PreRut_ReturnsCorrectMonths" />
    </UnitTest>
    <UnitTest name="BuckScience.Tests.Application.FeatureWeights.UpdateDefaultFeatureWeightsTests.UpdateDefaultFeatureWeights_ValidatesWeightRange" storage="/home/runner/work/buckscienceapp/buckscienceapp/tests/buckscience.tests/bin/debug/net8.0/buckscience.tests.dll" id="49d22b5a-8a11-c5d8-4359-de2ffd90b380">
      <Execution id="05beb6d5-c6f8-4d36-936b-084bcbe6ce6c" />
      <TestMethod codeBase="/home/runner/work/BuckScienceApp/BuckScienceApp/tests/BuckScience.Tests/bin/Debug/net8.0/BuckScience.Tests.dll" adapterTypeName="executor://xunit/VsTestRunner2/netcoreapp" className="BuckScience.Tests.Application.FeatureWeights.UpdateDefaultFeatureWeightsTests" name="UpdateDefaultFeatureWeights_ValidatesWeightRange" />
    </UnitTest>
    <UnitTest name="BuckScience.Tests.Domain.PropertySeasonMonthsOverrideTests.PropertySeasonMonthsOverride_SetMonths_WithInvalidMonths_ThrowsArgumentOutOfRangeException(invalidMonths: [0])" storage="/home/runner/work/buckscienceapp/buckscienceapp/tests/buckscience.tests/bin/debug/net8.0/buckscience.tests.dll" id="e7cf9e58-42dd-8f47-eefc-754488b66343">
      <Execution id="de83778c-1d35-48be-be1e-6da6ae6085cb" />
      <TestMethod codeBase="/home/runner/work/BuckScienceApp/BuckScienceApp/tests/BuckScience.Tests/bin/Debug/net8.0/BuckScience.Tests.dll" adapterTypeName="executor://xunit/VsTestRunner2/netcoreapp" className="BuckScience.Tests.Domain.PropertySeasonMonthsOverrideTests" name="PropertySeasonMonthsOverride_SetMonths_WithInvalidMonths_ThrowsArgumentOutOfRangeException" />
    </UnitTest>
    <UnitTest name="BuckScience.Tests.Domain.FeatureWeightTests.FeatureWeight_SeasonalWeights_JsonSerialization_WorksCorrectly" storage="/home/runner/work/buckscienceapp/buckscienceapp/tests/buckscience.tests/bin/debug/net8.0/buckscience.tests.dll" id="1c742a22-39f7-5815-626c-daa50ff10c87">
      <Execution id="3bfa4864-fdaa-4e02-a57e-dc7c8eb29a50" />
      <TestMethod codeBase="/home/runner/work/BuckScienceApp/BuckScienceApp/tests/BuckScience.Tests/bin/Debug/net8.0/BuckScience.Tests.dll" adapterTypeName="executor://xunit/VsTestRunner2/netcoreapp" className="BuckScience.Tests.Domain.FeatureWeightTests" name="FeatureWeight_SeasonalWeights_JsonSerialization_WorksCorrectly" />
    </UnitTest>
    <UnitTest name="BuckScience.Tests.DirectionHelperTests.ToFloat_ShouldReturnCorrectDegrees(direction: NE, expectedDegrees: 45)" storage="/home/runner/work/buckscienceapp/buckscienceapp/tests/buckscience.tests/bin/debug/net8.0/buckscience.tests.dll" id="4331c44f-f3ff-6fce-80db-d30dfc1b0433">
      <Execution id="c430ad20-24e7-4a16-9b2f-b79e392bc952" />
      <TestMethod codeBase="/home/runner/work/BuckScienceApp/BuckScienceApp/tests/BuckScience.Tests/bin/Debug/net8.0/BuckScience.Tests.dll" adapterTypeName="executor://xunit/VsTestRunner2/netcoreapp" className="BuckScience.Tests.DirectionHelperTests" name="ToFloat_ShouldReturnCorrectDegrees" />
    </UnitTest>
    <UnitTest name="BuckScience.Tests.Web.Helpers.WeatherHelpersTests.GetWindDirectionOptions_WithNull_AllUnavailable" storage="/home/runner/work/buckscienceapp/buckscienceapp/tests/buckscience.tests/bin/debug/net8.0/buckscience.tests.dll" id="dd76f619-e962-2008-d0f8-a714bb3f5c46">
      <Execution id="ec74cea4-a291-4e72-853a-2f05f3a85e59" />
      <TestMethod codeBase="/home/runner/work/BuckScienceApp/BuckScienceApp/tests/BuckScience.Tests/bin/Debug/net8.0/BuckScience.Tests.dll" adapterTypeName="executor://xunit/VsTestRunner2/netcoreapp" className="BuckScience.Tests.Web.Helpers.WeatherHelpersTests" name="GetWindDirectionOptions_WithNull_AllUnavailable" />
    </UnitTest>
    <UnitTest name="BuckScience.Tests.PhotoFiltersTests.PhotoFilters_HasWeatherFilters_ReturnsTrueWhenConditionsFilterSet" storage="/home/runner/work/buckscienceapp/buckscienceapp/tests/buckscience.tests/bin/debug/net8.0/buckscience.tests.dll" id="877174d0-c487-453a-b8ad-4f52137508be">
      <Execution id="27f5970a-eece-4394-8a02-2b7a7455671d" />
      <TestMethod codeBase="/home/runner/work/BuckScienceApp/BuckScienceApp/tests/BuckScience.Tests/bin/Debug/net8.0/BuckScience.Tests.dll" adapterTypeName="executor://xunit/VsTestRunner2/netcoreapp" className="BuckScience.Tests.PhotoFiltersTests" name="PhotoFilters_HasWeatherFilters_ReturnsTrueWhenConditionsFilterSet" />
    </UnitTest>
    <UnitTest name="BuckScience.Tests.DirectionHelperTests.ToFloat_ShouldReturnCorrectDegrees(direction: E, expectedDegrees: 90)" storage="/home/runner/work/buckscienceapp/buckscienceapp/tests/buckscience.tests/bin/debug/net8.0/buckscience.tests.dll" id="b7a065c7-7a2e-0d14-6498-b30f746da816">
      <Execution id="9c79f66e-fcee-4faf-9284-a0bea69fb828" />
      <TestMethod codeBase="/home/runner/work/BuckScienceApp/BuckScienceApp/tests/BuckScience.Tests/bin/Debug/net8.0/BuckScience.Tests.dll" adapterTypeName="executor://xunit/VsTestRunner2/netcoreapp" className="BuckScience.Tests.DirectionHelperTests" name="ToFloat_ShouldReturnCorrectDegrees" />
    </UnitTest>
    <UnitTest name="BuckScience.Tests.PhotoGroupingTests.PhotoGrouping_ShouldGroupByMonthYear_Ascending" storage="/home/runner/work/buckscienceapp/buckscienceapp/tests/buckscience.tests/bin/debug/net8.0/buckscience.tests.dll" id="188163b5-3a99-e726-205c-6b6fc846baac">
      <Execution id="22dd0bb1-7908-42e9-b3bb-5b8936a3fac8" />
      <TestMethod codeBase="/home/runner/work/BuckScienceApp/BuckScienceApp/tests/BuckScience.Tests/bin/Debug/net8.0/BuckScience.Tests.dll" adapterTypeName="executor://xunit/VsTestRunner2/netcoreapp" className="BuckScience.Tests.PhotoGroupingTests" name="PhotoGrouping_ShouldGroupByMonthYear_Ascending" />
    </UnitTest>
    <UnitTest name="BuckScience.Tests.Domain.SeasonExtensionsTests.GetDefaultMonths_YearRound_ReturnsAllMonths" storage="/home/runner/work/buckscienceapp/buckscienceapp/tests/buckscience.tests/bin/debug/net8.0/buckscience.tests.dll" id="0eac1afa-cee8-c2b1-e775-7c9bd515bfb3">
      <Execution id="ae6fd4dd-bb85-48d6-8b3f-6c459c227aa0" />
      <TestMethod codeBase="/home/runner/work/BuckScienceApp/BuckScienceApp/tests/BuckScience.Tests/bin/Debug/net8.0/BuckScience.Tests.dll" adapterTypeName="executor://xunit/VsTestRunner2/netcoreapp" className="BuckScience.Tests.Domain.SeasonExtensionsTests" name="GetDefaultMonths_YearRound_ReturnsAllMonths" />
    </UnitTest>
    <UnitTest name="BuckScience.Tests.DirectionHelperTests.DirectionMapping_ShouldBeConsistent" storage="/home/runner/work/buckscienceapp/buckscienceapp/tests/buckscience.tests/bin/debug/net8.0/buckscience.tests.dll" id="a8cebbec-cc48-449c-a357-e8867b7cdbdf">
      <Execution id="a87a4ec5-1b2a-4c12-8de2-409a684f043a" />
      <TestMethod codeBase="/home/runner/work/BuckScienceApp/BuckScienceApp/tests/BuckScience.Tests/bin/Debug/net8.0/BuckScience.Tests.dll" adapterTypeName="executor://xunit/VsTestRunner2/netcoreapp" className="BuckScience.Tests.DirectionHelperTests" name="DirectionMapping_ShouldBeConsistent" />
    </UnitTest>
    <UnitTest name="BuckScience.Tests.Application.PropertyFeatureApplicationTests.GetPropertyFeature_ReturnsWeightCorrectly" storage="/home/runner/work/buckscienceapp/buckscienceapp/tests/buckscience.tests/bin/debug/net8.0/buckscience.tests.dll" id="7b1afa91-2553-0542-d21b-b944f43fb732">
      <Execution id="296fca96-c020-42fa-a64b-84a4b18b0679" />
      <TestMethod codeBase="/home/runner/work/BuckScienceApp/BuckScienceApp/tests/BuckScience.Tests/bin/Debug/net8.0/BuckScience.Tests.dll" adapterTypeName="executor://xunit/VsTestRunner2/netcoreapp" className="BuckScience.Tests.Application.PropertyFeatureApplicationTests" name="GetPropertyFeature_ReturnsWeightCorrectly" />
    </UnitTest>
    <UnitTest name="BuckScience.Tests.TagCleanupTests.RemoveTagFromPhotos_ShouldCleanupTag_WhenNotUsedAnywhere" storage="/home/runner/work/buckscienceapp/buckscienceapp/tests/buckscience.tests/bin/debug/net8.0/buckscience.tests.dll" id="5439de61-630e-08c6-3445-f1eed3fd3847">
      <Execution id="27f0ca4d-2a0a-4831-a5b8-2274b501ddf6" />
      <TestMethod codeBase="/home/runner/work/BuckScienceApp/BuckScienceApp/tests/BuckScience.Tests/bin/Debug/net8.0/BuckScience.Tests.dll" adapterTypeName="executor://xunit/VsTestRunner2/netcoreapp" className="BuckScience.Tests.TagCleanupTests" name="RemoveTagFromPhotos_ShouldCleanupTag_WhenNotUsedAnywhere" />
    </UnitTest>
    <UnitTest name="BuckScience.Tests.Web.Helpers.WeatherHelpersTests.ConvertWindDirectionToText_VariousAngles_ReturnsCorrectDirection(degrees: 33.740000000000002, expected: &quot;NNE&quot;)" storage="/home/runner/work/buckscienceapp/buckscienceapp/tests/buckscience.tests/bin/debug/net8.0/buckscience.tests.dll" id="9323afa7-c6a5-6a33-bb74-8f4b3b4998d0">
      <Execution id="a4d8085b-757b-428c-92d7-e9fd8cd362e7" />
      <TestMethod codeBase="/home/runner/work/BuckScienceApp/BuckScienceApp/tests/BuckScience.Tests/bin/Debug/net8.0/BuckScience.Tests.dll" adapterTypeName="executor://xunit/VsTestRunner2/netcoreapp" className="BuckScience.Tests.Web.Helpers.WeatherHelpersTests" name="ConvertWindDirectionToText_VariousAngles_ReturnsCorrectDirection" />
    </UnitTest>
    <UnitTest name="BuckScience.Tests.CameraCreateVmTests.CameraCreateVm_DirectionSync_ShouldWorkForAllDirections(direction: SE, expectedDegrees: 135)" storage="/home/runner/work/buckscienceapp/buckscienceapp/tests/buckscience.tests/bin/debug/net8.0/buckscience.tests.dll" id="f950f79e-ba5e-b1e8-b4c0-7c88acd39e8b">
      <Execution id="8c81c4a4-29db-4509-aa91-b9475d14c339" />
      <TestMethod codeBase="/home/runner/work/BuckScienceApp/BuckScienceApp/tests/BuckScience.Tests/bin/Debug/net8.0/BuckScience.Tests.dll" adapterTypeName="executor://xunit/VsTestRunner2/netcoreapp" className="BuckScience.Tests.CameraCreateVmTests" name="CameraCreateVm_DirectionSync_ShouldWorkForAllDirections" />
    </UnitTest>
    <UnitTest name="BuckScience.Tests.Domain.SeasonExtensionsTests.GetMonthsForProperty_WithProperty_ReturnsDefaultMonths" storage="/home/runner/work/buckscienceapp/buckscienceapp/tests/buckscience.tests/bin/debug/net8.0/buckscience.tests.dll" id="8c9fb467-c9d9-e4ca-cb2a-8456e527af16">
      <Execution id="90dedf5f-4651-4979-9ef6-4e8cf9704c12" />
      <TestMethod codeBase="/home/runner/work/BuckScienceApp/BuckScienceApp/tests/BuckScience.Tests/bin/Debug/net8.0/BuckScience.Tests.dll" adapterTypeName="executor://xunit/VsTestRunner2/netcoreapp" className="BuckScience.Tests.Domain.SeasonExtensionsTests" name="GetMonthsForProperty_WithProperty_ReturnsDefaultMonths" />
    </UnitTest>
    <UnitTest name="BuckScience.Tests.FeatureHelperTests.FeatureDescriptions_ShouldContainAllClassificationTypes" storage="/home/runner/work/buckscienceapp/buckscienceapp/tests/buckscience.tests/bin/debug/net8.0/buckscience.tests.dll" id="7f31b8c1-231f-a39c-8870-f0d4abe51343">
      <Execution id="e95b9895-39fd-4fd7-8fce-81bf1510ec8a" />
      <TestMethod codeBase="/home/runner/work/BuckScienceApp/BuckScienceApp/tests/BuckScience.Tests/bin/Debug/net8.0/BuckScience.Tests.dll" adapterTypeName="executor://xunit/VsTestRunner2/netcoreapp" className="BuckScience.Tests.FeatureHelperTests" name="FeatureDescriptions_ShouldContainAllClassificationTypes" />
    </UnitTest>
    <UnitTest name="BuckScience.Tests.PhotoPlacementHistoryTests.Photo_Constructor_ShouldAcceptCameraPlacementHistoryId" storage="/home/runner/work/buckscienceapp/buckscienceapp/tests/buckscience.tests/bin/debug/net8.0/buckscience.tests.dll" id="dc5f28f7-09cd-2ab7-408b-876a39c8dcda">
      <Execution id="ae8919dd-19c7-4e1c-b875-37d0e616f6bc" />
      <TestMethod codeBase="/home/runner/work/BuckScienceApp/BuckScienceApp/tests/BuckScience.Tests/bin/Debug/net8.0/BuckScience.Tests.dll" adapterTypeName="executor://xunit/VsTestRunner2/netcoreapp" className="BuckScience.Tests.PhotoPlacementHistoryTests" name="Photo_Constructor_ShouldAcceptCameraPlacementHistoryId" />
    </UnitTest>
    <UnitTest name="BuckScience.Tests.PhotoFilteringComprehensiveTests.PhotoFilters_EdgeCases_HandleCorrectly" storage="/home/runner/work/buckscienceapp/buckscienceapp/tests/buckscience.tests/bin/debug/net8.0/buckscience.tests.dll" id="878dbf6d-4718-3010-2956-9a909a749d2f">
      <Execution id="7819b6c9-1807-43c7-8e02-8c2eec8d6807" />
      <TestMethod codeBase="/home/runner/work/BuckScienceApp/BuckScienceApp/tests/BuckScience.Tests/bin/Debug/net8.0/BuckScience.Tests.dll" adapterTypeName="executor://xunit/VsTestRunner2/netcoreapp" className="BuckScience.Tests.PhotoFilteringComprehensiveTests" name="PhotoFilters_EdgeCases_HandleCorrectly" />
    </UnitTest>
    <UnitTest name="BuckScience.Tests.Web.Helpers.WeatherHelpersTests.ConvertWindDirectionToText_VariousAngles_ReturnsCorrectDirection(degrees: 315, expected: &quot;NW&quot;)" storage="/home/runner/work/buckscienceapp/buckscienceapp/tests/buckscience.tests/bin/debug/net8.0/buckscience.tests.dll" id="310112f5-4d07-717c-55f6-37a269d700ab">
      <Execution id="07308f0d-1a7d-4d07-9e9d-b8f2b86adefd" />
      <TestMethod codeBase="/home/runner/work/BuckScienceApp/BuckScienceApp/tests/BuckScience.Tests/bin/Debug/net8.0/BuckScience.Tests.dll" adapterTypeName="executor://xunit/VsTestRunner2/netcoreapp" className="BuckScience.Tests.Web.Helpers.WeatherHelpersTests" name="ConvertWindDirectionToText_VariousAngles_ReturnsCorrectDirection" />
    </UnitTest>
    <UnitTest name="BuckScience.Tests.DirectionHelperTests.FromFloat_ShouldReturnCorrectDirection(degrees: 0, expectedDirection: N)" storage="/home/runner/work/buckscienceapp/buckscienceapp/tests/buckscience.tests/bin/debug/net8.0/buckscience.tests.dll" id="4949997c-46c8-3183-1501-b1267871bfcf">
      <Execution id="575370f0-dc7a-4644-917e-b76ae1352ce3" />
      <TestMethod codeBase="/home/runner/work/BuckScienceApp/BuckScienceApp/tests/BuckScience.Tests/bin/Debug/net8.0/BuckScience.Tests.dll" adapterTypeName="executor://xunit/VsTestRunner2/netcoreapp" className="BuckScience.Tests.DirectionHelperTests" name="FromFloat_ShouldReturnCorrectDirection" />
    </UnitTest>
    <UnitTest name="BuckScience.Tests.CameraEditVmTests.CameraEditVm_DefaultValues_ShouldBeCorrect" storage="/home/runner/work/buckscienceapp/buckscienceapp/tests/buckscience.tests/bin/debug/net8.0/buckscience.tests.dll" id="eb717265-8ce6-9ca5-299a-76e8f4608ecc">
      <Execution id="6a001f14-2056-4287-b689-b558df07f2f0" />
      <TestMethod codeBase="/home/runner/work/BuckScienceApp/BuckScienceApp/tests/BuckScience.Tests/bin/Debug/net8.0/BuckScience.Tests.dll" adapterTypeName="executor://xunit/VsTestRunner2/netcoreapp" className="BuckScience.Tests.CameraEditVmTests" name="CameraEditVm_DefaultValues_ShouldBeCorrect" />
    </UnitTest>
    <UnitTest name="BuckScience.Tests.Web.Helpers.WeatherHelpersTests.ConvertMoonPhaseTextToNumeric_InvalidText_ReturnsNull(text: &quot;Unknown&quot;)" storage="/home/runner/work/buckscienceapp/buckscienceapp/tests/buckscience.tests/bin/debug/net8.0/buckscience.tests.dll" id="fb896724-2095-3026-71b5-ad9198efd098">
      <Execution id="e836a8ab-d958-4d63-bc8f-dfee71146f16" />
      <TestMethod codeBase="/home/runner/work/BuckScienceApp/BuckScienceApp/tests/BuckScience.Tests/bin/Debug/net8.0/BuckScience.Tests.dll" adapterTypeName="executor://xunit/VsTestRunner2/netcoreapp" className="BuckScience.Tests.Web.Helpers.WeatherHelpersTests" name="ConvertMoonPhaseTextToNumeric_InvalidText_ReturnsNull" />
    </UnitTest>
    <UnitTest name="BuckScience.Tests.Web.Helpers.WeatherHelpersTests.ConvertWindDirectionToText_VariousAngles_ReturnsCorrectDirection(degrees: 135, expected: &quot;SE&quot;)" storage="/home/runner/work/buckscienceapp/buckscienceapp/tests/buckscience.tests/bin/debug/net8.0/buckscience.tests.dll" id="7d4e8658-cb8d-0c66-3167-748289c2e3c6">
      <Execution id="5fbe1fe0-1262-4729-b438-fbb442d49ac1" />
      <TestMethod codeBase="/home/runner/work/BuckScienceApp/BuckScienceApp/tests/BuckScience.Tests/bin/Debug/net8.0/BuckScience.Tests.dll" adapterTypeName="executor://xunit/VsTestRunner2/netcoreapp" className="BuckScience.Tests.Web.Helpers.WeatherHelpersTests" name="ConvertWindDirectionToText_VariousAngles_ReturnsCorrectDirection" />
    </UnitTest>
    <UnitTest name="BuckScience.Tests.PhotoFilteringComprehensiveTests.PhotoFilters_ComplexCombination_AllFilterTypes" storage="/home/runner/work/buckscienceapp/buckscienceapp/tests/buckscience.tests/bin/debug/net8.0/buckscience.tests.dll" id="81cae9df-520c-bb72-ca7a-30a828451359">
      <Execution id="259c31ba-c82b-42e8-82b7-062eca831d11" />
      <TestMethod codeBase="/home/runner/work/BuckScienceApp/BuckScienceApp/tests/BuckScience.Tests/bin/Debug/net8.0/BuckScience.Tests.dll" adapterTypeName="executor://xunit/VsTestRunner2/netcoreapp" className="BuckScience.Tests.PhotoFilteringComprehensiveTests" name="PhotoFilters_ComplexCombination_AllFilterTypes" />
    </UnitTest>
    <UnitTest name="BuckScience.Tests.CameraCreateVmTests.CameraCreateVm_SyncSelectionFromDirection_ShouldUpdateDirectionSelection" storage="/home/runner/work/buckscienceapp/buckscienceapp/tests/buckscience.tests/bin/debug/net8.0/buckscience.tests.dll" id="08a9b593-cfee-9bdf-6d80-833bb0b65ba9">
      <Execution id="0967636e-f392-4279-acaa-4c89bc8ebaec" />
      <TestMethod codeBase="/home/runner/work/BuckScienceApp/BuckScienceApp/tests/BuckScience.Tests/bin/Debug/net8.0/BuckScience.Tests.dll" adapterTypeName="executor://xunit/VsTestRunner2/netcoreapp" className="BuckScience.Tests.CameraCreateVmTests" name="CameraCreateVm_SyncSelectionFromDirection_ShouldUpdateDirectionSelection" />
    </UnitTest>
    <UnitTest name="BuckScience.Tests.Domain.PropertyFeatureTests.UpdateWeight_WithInvalidWeight_ThrowsArgumentOutOfRangeException(weight: 1.5)" storage="/home/runner/work/buckscienceapp/buckscienceapp/tests/buckscience.tests/bin/debug/net8.0/buckscience.tests.dll" id="e6069ec8-dd96-68b5-2039-b29d0b89d8eb">
      <Execution id="740d1720-4807-43d2-939d-99e117025a29" />
      <TestMethod codeBase="/home/runner/work/BuckScienceApp/BuckScienceApp/tests/BuckScience.Tests/bin/Debug/net8.0/BuckScience.Tests.dll" adapterTypeName="executor://xunit/VsTestRunner2/netcoreapp" className="BuckScience.Tests.Domain.PropertyFeatureTests" name="UpdateWeight_WithInvalidWeight_ThrowsArgumentOutOfRangeException" />
    </UnitTest>
    <UnitTest name="BuckScience.Tests.TaggingSystemTests.AssignDefaultTagsToProperty_ShouldAssignOnlyDefaultTags" storage="/home/runner/work/buckscienceapp/buckscienceapp/tests/buckscience.tests/bin/debug/net8.0/buckscience.tests.dll" id="d6582cc4-f5d7-7ddd-419a-8856fe5530f3">
      <Execution id="87df67f1-f136-4f57-8e1c-d9abd8b8c048" />
      <TestMethod codeBase="/home/runner/work/BuckScienceApp/BuckScienceApp/tests/BuckScience.Tests/bin/Debug/net8.0/BuckScience.Tests.dll" adapterTypeName="executor://xunit/VsTestRunner2/netcoreapp" className="BuckScience.Tests.TaggingSystemTests" name="AssignDefaultTagsToProperty_ShouldAssignOnlyDefaultTags" />
    </UnitTest>
    <UnitTest name="BuckScience.Tests.Domain.PropertyFeatureTests.Constructor_WithInvalidWeight_ThrowsArgumentOutOfRangeException(weight: -0.100000001)" storage="/home/runner/work/buckscienceapp/buckscienceapp/tests/buckscience.tests/bin/debug/net8.0/buckscience.tests.dll" id="89ecaa3a-044a-88b6-09ea-2d19af9e4614">
      <Execution id="d35118f2-ed01-4bff-a51f-920fad9ad27d" />
      <TestMethod codeBase="/home/runner/work/BuckScienceApp/BuckScienceApp/tests/BuckScience.Tests/bin/Debug/net8.0/BuckScience.Tests.dll" adapterTypeName="executor://xunit/VsTestRunner2/netcoreapp" className="BuckScience.Tests.Domain.PropertyFeatureTests" name="Constructor_WithInvalidWeight_ThrowsArgumentOutOfRangeException" />
    </UnitTest>
    <UnitTest name="BuckScience.Tests.Web.Helpers.WeatherHelpersTests.ConvertWindDirectionToText_VariousAngles_ReturnsCorrectDirection(degrees: -10, expected: &quot;N&quot;)" storage="/home/runner/work/buckscienceapp/buckscienceapp/tests/buckscience.tests/bin/debug/net8.0/buckscience.tests.dll" id="62aa58ea-9077-0f9e-c60d-aafd4a8d0ad6">
      <Execution id="b7a1e323-8224-4dc1-960e-166d95f84e21" />
      <TestMethod codeBase="/home/runner/work/BuckScienceApp/BuckScienceApp/tests/BuckScience.Tests/bin/Debug/net8.0/BuckScience.Tests.dll" adapterTypeName="executor://xunit/VsTestRunner2/netcoreapp" className="BuckScience.Tests.Web.Helpers.WeatherHelpersTests" name="ConvertWindDirectionToText_VariousAngles_ReturnsCorrectDirection" />
    </UnitTest>
    <UnitTest name="BuckScience.Tests.Domain.SeasonExtensionsTests.GetDefaultMonths_LateSeason_ReturnsCorrectMonths" storage="/home/runner/work/buckscienceapp/buckscienceapp/tests/buckscience.tests/bin/debug/net8.0/buckscience.tests.dll" id="0046d277-9b70-8213-d3d2-32e9f1ff9915">
      <Execution id="44dea955-e9a6-4556-9808-eea06e6648ed" />
      <TestMethod codeBase="/home/runner/work/BuckScienceApp/BuckScienceApp/tests/BuckScience.Tests/bin/Debug/net8.0/BuckScience.Tests.dll" adapterTypeName="executor://xunit/VsTestRunner2/netcoreapp" className="BuckScience.Tests.Domain.SeasonExtensionsTests" name="GetDefaultMonths_LateSeason_ReturnsCorrectMonths" />
    </UnitTest>
    <UnitTest name="BuckScience.Tests.PhotoGroupingTests.CameraPhotoGrouping_ShouldGroupByMonthYear_Ascending" storage="/home/runner/work/buckscienceapp/buckscienceapp/tests/buckscience.tests/bin/debug/net8.0/buckscience.tests.dll" id="35d57337-18a5-4629-635a-b25a895ec8a2">
      <Execution id="5f88ba88-780c-4a30-8678-d7747f6070d4" />
      <TestMethod codeBase="/home/runner/work/BuckScienceApp/BuckScienceApp/tests/BuckScience.Tests/bin/Debug/net8.0/BuckScience.Tests.dll" adapterTypeName="executor://xunit/VsTestRunner2/netcoreapp" className="BuckScience.Tests.PhotoGroupingTests" name="CameraPhotoGrouping_ShouldGroupByMonthYear_Ascending" />
    </UnitTest>
    <UnitTest name="BuckScience.Tests.Domain.PropertySeasonMonthsOverrideTests.PropertySeasonMonthsOverride_RoundTripSerialization_MaintainsData(months: [1, 2, 3, 4, 5, ...])" storage="/home/runner/work/buckscienceapp/buckscienceapp/tests/buckscience.tests/bin/debug/net8.0/buckscience.tests.dll" id="41d6624e-c316-a2d4-4992-8e24e9424bdf">
      <Execution id="b67fb249-e306-4bfb-8a3e-73c8567d75e6" />
      <TestMethod codeBase="/home/runner/work/BuckScienceApp/BuckScienceApp/tests/BuckScience.Tests/bin/Debug/net8.0/BuckScience.Tests.dll" adapterTypeName="executor://xunit/VsTestRunner2/netcoreapp" className="BuckScience.Tests.Domain.PropertySeasonMonthsOverrideTests" name="PropertySeasonMonthsOverride_RoundTripSerialization_MaintainsData" />
    </UnitTest>
    <UnitTest name="BuckScience.Tests.Application.PropertyFeatureApplicationTests.UpdatePropertyFeature_WithNullWeight_SetsWeightToNull" storage="/home/runner/work/buckscienceapp/buckscienceapp/tests/buckscience.tests/bin/debug/net8.0/buckscience.tests.dll" id="d85c6fd3-7663-9ff2-9595-f7d77c06aa38">
      <Execution id="197a9938-d354-47b7-a8a9-5814c1ddce0b" />
      <TestMethod codeBase="/home/runner/work/BuckScienceApp/BuckScienceApp/tests/BuckScience.Tests/bin/Debug/net8.0/BuckScience.Tests.dll" adapterTypeName="executor://xunit/VsTestRunner2/netcoreapp" className="BuckScience.Tests.Application.PropertyFeatureApplicationTests" name="UpdatePropertyFeature_WithNullWeight_SetsWeightToNull" />
    </UnitTest>
    <UnitTest name="BuckScience.Tests.Domain.MonthsAttributeTests.MonthsAttribute_Constructor_WithValidMonths_SetsMonthsCorrectly" storage="/home/runner/work/buckscienceapp/buckscienceapp/tests/buckscience.tests/bin/debug/net8.0/buckscience.tests.dll" id="db79dd17-8f15-9022-848e-d377803a0707">
      <Execution id="fec4bbdf-c601-4c85-be00-b09961aed469" />
      <TestMethod codeBase="/home/runner/work/BuckScienceApp/BuckScienceApp/tests/BuckScience.Tests/bin/Debug/net8.0/BuckScience.Tests.dll" adapterTypeName="executor://xunit/VsTestRunner2/netcoreapp" className="BuckScience.Tests.Domain.MonthsAttributeTests" name="MonthsAttribute_Constructor_WithValidMonths_SetsMonthsCorrectly" />
    </UnitTest>
    <UnitTest name="BuckScience.Tests.FeatureHelperTests.GetCategory_ShouldReturnCorrectCategoryForTopographicalFeatures" storage="/home/runner/work/buckscienceapp/buckscienceapp/tests/buckscience.tests/bin/debug/net8.0/buckscience.tests.dll" id="b10f5741-388a-3ae9-2087-f07485587a15">
      <Execution id="78a5cc2d-dc84-4327-af7a-1ae6be52616c" />
      <TestMethod codeBase="/home/runner/work/BuckScienceApp/BuckScienceApp/tests/BuckScience.Tests/bin/Debug/net8.0/BuckScience.Tests.dll" adapterTypeName="executor://xunit/VsTestRunner2/netcoreapp" className="BuckScience.Tests.FeatureHelperTests" name="GetCategory_ShouldReturnCorrectCategoryForTopographicalFeatures" />
    </UnitTest>
    <UnitTest name="BuckScience.Tests.PhotoFilteringUrlExamples.BuildFilters_CameraParameters_ShouldParseCorrectly(cameras: &quot;5&quot;, expectedCameras: [5])" storage="/home/runner/work/buckscienceapp/buckscienceapp/tests/buckscience.tests/bin/debug/net8.0/buckscience.tests.dll" id="9b0dd086-97eb-5a55-6e89-79dde58b1fca">
      <Execution id="0db3ebf2-cb20-411c-acd1-67052c61c997" />
      <TestMethod codeBase="/home/runner/work/BuckScienceApp/BuckScienceApp/tests/BuckScience.Tests/bin/Debug/net8.0/BuckScience.Tests.dll" adapterTypeName="executor://xunit/VsTestRunner2/netcoreapp" className="BuckScience.Tests.PhotoFilteringUrlExamples" name="BuildFilters_CameraParameters_ShouldParseCorrectly" />
    </UnitTest>
    <UnitTest name="BuckScience.Tests.UnitTest1.Test1" storage="/home/runner/work/buckscienceapp/buckscienceapp/tests/buckscience.tests/bin/debug/net8.0/buckscience.tests.dll" id="24c340fb-d377-9a86-7f7b-24671f6c604a">
      <Execution id="ce5d1097-f028-4b43-a2f7-fefbde7d1243" />
      <TestMethod codeBase="/home/runner/work/BuckScienceApp/BuckScienceApp/tests/BuckScience.Tests/bin/Debug/net8.0/BuckScience.Tests.dll" adapterTypeName="executor://xunit/VsTestRunner2/netcoreapp" className="BuckScience.Tests.UnitTest1" name="Test1" />
    </UnitTest>
    <UnitTest name="BuckScience.Tests.CameraCreateVmTests.CameraCreateVm_DirectionSync_ShouldWorkForAllDirections(direction: W, expectedDegrees: 270)" storage="/home/runner/work/buckscienceapp/buckscienceapp/tests/buckscience.tests/bin/debug/net8.0/buckscience.tests.dll" id="d781b83d-5216-d63d-acc7-8c5d47cd7ccf">
      <Execution id="8238a150-6fc6-4137-8f50-b20149aec350" />
      <TestMethod codeBase="/home/runner/work/BuckScienceApp/BuckScienceApp/tests/BuckScience.Tests/bin/Debug/net8.0/BuckScience.Tests.dll" adapterTypeName="executor://xunit/VsTestRunner2/netcoreapp" className="BuckScience.Tests.CameraCreateVmTests" name="CameraCreateVm_DirectionSync_ShouldWorkForAllDirections" />
    </UnitTest>
    <UnitTest name="BuckScience.Tests.PhotoFilteringIntegrationTests.BuildFilters_WithConditions_ReturnsFiltersWithConditions" storage="/home/runner/work/buckscienceapp/buckscienceapp/tests/buckscience.tests/bin/debug/net8.0/buckscience.tests.dll" id="407fdbb6-f29a-a8a2-0277-cd698b7b57a7">
      <Execution id="230883db-25f0-4c4c-a0dd-fce1ef53361e" />
      <TestMethod codeBase="/home/runner/work/BuckScienceApp/BuckScienceApp/tests/BuckScience.Tests/bin/Debug/net8.0/BuckScience.Tests.dll" adapterTypeName="executor://xunit/VsTestRunner2/netcoreapp" className="BuckScience.Tests.PhotoFilteringIntegrationTests" name="BuildFilters_WithConditions_ReturnsFiltersWithConditions" />
    </UnitTest>
    <UnitTest name="BuckScience.Tests.Web.Helpers.WeatherHelpersTests.GetWindDirectionOptions_WithAvailableDirections_SetsAvailability" storage="/home/runner/work/buckscienceapp/buckscienceapp/tests/buckscience.tests/bin/debug/net8.0/buckscience.tests.dll" id="90576d28-8c3e-aa47-8e92-100b02ac5a05">
      <Execution id="1b5f232c-d0a9-4731-a3f4-8a5fb716c7cf" />
      <TestMethod codeBase="/home/runner/work/BuckScienceApp/BuckScienceApp/tests/BuckScience.Tests/bin/Debug/net8.0/BuckScience.Tests.dll" adapterTypeName="executor://xunit/VsTestRunner2/netcoreapp" className="BuckScience.Tests.Web.Helpers.WeatherHelpersTests" name="GetWindDirectionOptions_WithAvailableDirections_SetsAvailability" />
    </UnitTest>
    <UnitTest name="BuckScience.Tests.Web.Helpers.WeatherHelpersTests.ConvertMoonPhaseTextToNumeric_CaseInsensitive_Works" storage="/home/runner/work/buckscienceapp/buckscienceapp/tests/buckscience.tests/bin/debug/net8.0/buckscience.tests.dll" id="6ddbf3e0-3ece-b657-908f-2948ae07368f">
      <Execution id="e4ce9a44-3bbf-4838-b745-46f99412c4a0" />
      <TestMethod codeBase="/home/runner/work/BuckScienceApp/BuckScienceApp/tests/BuckScience.Tests/bin/Debug/net8.0/BuckScience.Tests.dll" adapterTypeName="executor://xunit/VsTestRunner2/netcoreapp" className="BuckScience.Tests.Web.Helpers.WeatherHelpersTests" name="ConvertMoonPhaseTextToNumeric_CaseInsensitive_Works" />
    </UnitTest>
    <UnitTest name="BuckScience.Tests.CameraCreateVmTests.CameraCreateVm_SyncDirectionFromSelection_ShouldUpdateDirectionDegrees" storage="/home/runner/work/buckscienceapp/buckscienceapp/tests/buckscience.tests/bin/debug/net8.0/buckscience.tests.dll" id="1be37c51-af7c-9e7b-8fa3-a746d27f5f9b">
      <Execution id="97e05cc2-5ff3-4fd9-992d-026098ee690e" />
      <TestMethod codeBase="/home/runner/work/BuckScienceApp/BuckScienceApp/tests/BuckScience.Tests/bin/Debug/net8.0/BuckScience.Tests.dll" adapterTypeName="executor://xunit/VsTestRunner2/netcoreapp" className="BuckScience.Tests.CameraCreateVmTests" name="CameraCreateVm_SyncDirectionFromSelection_ShouldUpdateDirectionDegrees" />
    </UnitTest>
    <UnitTest name="BuckScience.Tests.Domain.MonthsAttributeTests.MonthsAttribute_Constructor_WithNullMonths_ThrowsArgumentNullException" storage="/home/runner/work/buckscienceapp/buckscienceapp/tests/buckscience.tests/bin/debug/net8.0/buckscience.tests.dll" id="ad4bf482-4b9d-1c7e-1b22-27f5b448acad">
      <Execution id="de035df4-7d3d-44b7-befd-9a37a9a81bdf" />
      <TestMethod codeBase="/home/runner/work/BuckScienceApp/BuckScienceApp/tests/BuckScience.Tests/bin/Debug/net8.0/BuckScience.Tests.dll" adapterTypeName="executor://xunit/VsTestRunner2/netcoreapp" className="BuckScience.Tests.Domain.MonthsAttributeTests" name="MonthsAttribute_Constructor_WithNullMonths_ThrowsArgumentNullException" />
    </UnitTest>
    <UnitTest name="BuckScience.Tests.FeatureHelperTests.GetCategory_ShouldReturnCorrectCategoryForBeddingResources" storage="/home/runner/work/buckscienceapp/buckscienceapp/tests/buckscience.tests/bin/debug/net8.0/buckscience.tests.dll" id="28faaf32-b614-3b46-c8af-acfb48482d8d">
      <Execution id="aa46a2ea-80d8-4dd2-8efd-964d6ea1016e" />
      <TestMethod codeBase="/home/runner/work/BuckScienceApp/BuckScienceApp/tests/BuckScience.Tests/bin/Debug/net8.0/BuckScience.Tests.dll" adapterTypeName="executor://xunit/VsTestRunner2/netcoreapp" className="BuckScience.Tests.FeatureHelperTests" name="GetCategory_ShouldReturnCorrectCategoryForBeddingResources" />
    </UnitTest>
    <UnitTest name="BuckScience.Tests.Domain.PropertyFeatureTests.UpdateWeight_WithInvalidWeight_ThrowsArgumentOutOfRangeException(weight: -0.5)" storage="/home/runner/work/buckscienceapp/buckscienceapp/tests/buckscience.tests/bin/debug/net8.0/buckscience.tests.dll" id="e35c95a4-d974-6814-c593-743bae04117a">
      <Execution id="c1d5326f-4328-4ca8-b2b7-c2852e81b711" />
      <TestMethod codeBase="/home/runner/work/BuckScienceApp/BuckScienceApp/tests/BuckScience.Tests/bin/Debug/net8.0/BuckScience.Tests.dll" adapterTypeName="executor://xunit/VsTestRunner2/netcoreapp" className="BuckScience.Tests.Domain.PropertyFeatureTests" name="UpdateWeight_WithInvalidWeight_ThrowsArgumentOutOfRangeException" />
    </UnitTest>
    <UnitTest name="BuckScience.Tests.CameraPlacementHistoryTests.CameraPlacementHistory_EndPlacement_ShouldThrowIfAlreadyEnded" storage="/home/runner/work/buckscienceapp/buckscienceapp/tests/buckscience.tests/bin/debug/net8.0/buckscience.tests.dll" id="dca73a03-b0b0-9398-437e-9e75519b25e4">
      <Execution id="deef80d5-4888-4319-95f2-795ee6ccdbb3" />
      <TestMethod codeBase="/home/runner/work/BuckScienceApp/BuckScienceApp/tests/BuckScience.Tests/bin/Debug/net8.0/BuckScience.Tests.dll" adapterTypeName="executor://xunit/VsTestRunner2/netcoreapp" className="BuckScience.Tests.CameraPlacementHistoryTests" name="CameraPlacementHistory_EndPlacement_ShouldThrowIfAlreadyEnded" />
    </UnitTest>
    <UnitTest name="BuckScience.Tests.DirectionHelperTests.FromFloat_ShouldFindClosestDirection(degrees: 67, expectedDirection: NE)" storage="/home/runner/work/buckscienceapp/buckscienceapp/tests/buckscience.tests/bin/debug/net8.0/buckscience.tests.dll" id="b2bd5000-3749-abcf-9228-2b95c005c687">
      <Execution id="3f40e200-27e9-4eb0-ab5e-382250dbecef" />
      <TestMethod codeBase="/home/runner/work/BuckScienceApp/BuckScienceApp/tests/BuckScience.Tests/bin/Debug/net8.0/BuckScience.Tests.dll" adapterTypeName="executor://xunit/VsTestRunner2/netcoreapp" className="BuckScience.Tests.DirectionHelperTests" name="FromFloat_ShouldFindClosestDirection" />
    </UnitTest>
    <UnitTest name="BuckScience.Tests.DirectionHelperTests.FromFloat_ShouldReturnCorrectDirection(degrees: 180, expectedDirection: S)" storage="/home/runner/work/buckscienceapp/buckscienceapp/tests/buckscience.tests/bin/debug/net8.0/buckscience.tests.dll" id="510de9dc-e90e-bdb2-662b-4a218168ebca">
      <Execution id="d0f78012-4a32-47fb-b33c-ae1f83f28f1d" />
      <TestMethod codeBase="/home/runner/work/BuckScienceApp/BuckScienceApp/tests/BuckScience.Tests/bin/Debug/net8.0/BuckScience.Tests.dll" adapterTypeName="executor://xunit/VsTestRunner2/netcoreapp" className="BuckScience.Tests.DirectionHelperTests" name="FromFloat_ShouldReturnCorrectDirection" />
    </UnitTest>
    <UnitTest name="BuckScience.Tests.Domain.PropertySeasonMonthsOverrideTests.PropertySeasonMonthsOverride_SetMonths_WithValidMonths_UpdatesMonthsAndTimestamp" storage="/home/runner/work/buckscienceapp/buckscienceapp/tests/buckscience.tests/bin/debug/net8.0/buckscience.tests.dll" id="633c7180-abf2-d38a-1f50-b48e71e9c2bd">
      <Execution id="eee3a92f-1e0a-49a0-8eb9-11d642e27050" />
      <TestMethod codeBase="/home/runner/work/BuckScienceApp/BuckScienceApp/tests/BuckScience.Tests/bin/Debug/net8.0/BuckScience.Tests.dll" adapterTypeName="executor://xunit/VsTestRunner2/netcoreapp" className="BuckScience.Tests.Domain.PropertySeasonMonthsOverrideTests" name="PropertySeasonMonthsOverride_SetMonths_WithValidMonths_UpdatesMonthsAndTimestamp" />
    </UnitTest>
    <UnitTest name="BuckScience.Tests.PhotoFilteringIntegrationTests.BuildFilters_WithNoParameters_ReturnsNull" storage="/home/runner/work/buckscienceapp/buckscienceapp/tests/buckscience.tests/bin/debug/net8.0/buckscience.tests.dll" id="697a3a18-bb68-1bc4-ecac-a4680501e02f">
      <Execution id="de497c44-c15c-479f-ba8c-590dac0d9be7" />
      <TestMethod codeBase="/home/runner/work/BuckScienceApp/BuckScienceApp/tests/BuckScience.Tests/bin/Debug/net8.0/BuckScience.Tests.dll" adapterTypeName="executor://xunit/VsTestRunner2/netcoreapp" className="BuckScience.Tests.PhotoFilteringIntegrationTests" name="BuildFilters_WithNoParameters_ReturnsNull" />
    </UnitTest>
    <UnitTest name="BuckScience.Tests.DirectionHelperTests.FromFloat_ShouldReturnCorrectDirection(degrees: 270, expectedDirection: W)" storage="/home/runner/work/buckscienceapp/buckscienceapp/tests/buckscience.tests/bin/debug/net8.0/buckscience.tests.dll" id="77c94a3a-bf51-e754-8b05-8ef3b5f32220">
      <Execution id="9060aa3b-f84e-402b-bd44-af0a62ee0401" />
      <TestMethod codeBase="/home/runner/work/BuckScienceApp/BuckScienceApp/tests/BuckScience.Tests/bin/Debug/net8.0/BuckScience.Tests.dll" adapterTypeName="executor://xunit/VsTestRunner2/netcoreapp" className="BuckScience.Tests.DirectionHelperTests" name="FromFloat_ShouldReturnCorrectDirection" />
    </UnitTest>
    <UnitTest name="BuckScience.Tests.Web.Helpers.WeatherHelpersTests.ConvertWindDirectionToText_VariousAngles_ReturnsCorrectDirection(degrees: 67.5, expected: &quot;ENE&quot;)" storage="/home/runner/work/buckscienceapp/buckscienceapp/tests/buckscience.tests/bin/debug/net8.0/buckscience.tests.dll" id="3f5baae7-b2ef-0a09-bc51-f8b04a3acced">
      <Execution id="cf5176b6-072f-4bbb-b4d7-a50622012e3d" />
      <TestMethod codeBase="/home/runner/work/BuckScienceApp/BuckScienceApp/tests/BuckScience.Tests/bin/Debug/net8.0/BuckScience.Tests.dll" adapterTypeName="executor://xunit/VsTestRunner2/netcoreapp" className="BuckScience.Tests.Web.Helpers.WeatherHelpersTests" name="ConvertWindDirectionToText_VariousAngles_ReturnsCorrectDirection" />
    </UnitTest>
    <UnitTest name="BuckScience.Tests.Application.PropertyFeatureApplicationTests.CreatePropertyFeature_WithWeight_CreatesFeatureWithWeight" storage="/home/runner/work/buckscienceapp/buckscienceapp/tests/buckscience.tests/bin/debug/net8.0/buckscience.tests.dll" id="b737e5bb-0356-fd2c-e9f5-061fb14537a5">
      <Execution id="81cd3d42-41be-489a-af05-3148d036629a" />
      <TestMethod codeBase="/home/runner/work/BuckScienceApp/BuckScienceApp/tests/BuckScience.Tests/bin/Debug/net8.0/BuckScience.Tests.dll" adapterTypeName="executor://xunit/VsTestRunner2/netcoreapp" className="BuckScience.Tests.Application.PropertyFeatureApplicationTests" name="CreatePropertyFeature_WithWeight_CreatesFeatureWithWeight" />
    </UnitTest>
    <UnitTest name="BuckScience.Tests.Domain.PropertyFeatureTests.SetWeight_WithInvalidWeight_ThrowsArgumentOutOfRangeException(weight: 1.10000002)" storage="/home/runner/work/buckscienceapp/buckscienceapp/tests/buckscience.tests/bin/debug/net8.0/buckscience.tests.dll" id="99b19fe9-9646-fec1-29a0-b1e5f49baebb">
      <Execution id="eb881c48-d744-4b8d-9790-a8efb9509453" />
      <TestMethod codeBase="/home/runner/work/BuckScienceApp/BuckScienceApp/tests/BuckScience.Tests/bin/Debug/net8.0/BuckScience.Tests.dll" adapterTypeName="executor://xunit/VsTestRunner2/netcoreapp" className="BuckScience.Tests.Domain.PropertyFeatureTests" name="SetWeight_WithInvalidWeight_ThrowsArgumentOutOfRangeException" />
    </UnitTest>
    <UnitTest name="BuckScience.Tests.Domain.FeatureWeightTests.FeatureWeightHelper_GetDefaultWeight_ReturnsExpectedValues(type: BeddingArea, expectedWeight: 0.899999976)" storage="/home/runner/work/buckscienceapp/buckscienceapp/tests/buckscience.tests/bin/debug/net8.0/buckscience.tests.dll" id="08ddb4d1-1ea9-4a39-f70b-490a5dd2fdfe">
      <Execution id="594e5a1b-e6c1-44d6-be8d-2540c9db6f76" />
      <TestMethod codeBase="/home/runner/work/BuckScienceApp/BuckScienceApp/tests/BuckScience.Tests/bin/Debug/net8.0/BuckScience.Tests.dll" adapterTypeName="executor://xunit/VsTestRunner2/netcoreapp" className="BuckScience.Tests.Domain.FeatureWeightTests" name="FeatureWeightHelper_GetDefaultWeight_ReturnsExpectedValues" />
    </UnitTest>
    <UnitTest name="BuckScience.Tests.Web.Helpers.WeatherHelpersTests.GetWindDirectionOptions_WithEmptyAvailable_AllUnavailable" storage="/home/runner/work/buckscienceapp/buckscienceapp/tests/buckscience.tests/bin/debug/net8.0/buckscience.tests.dll" id="8dc17fe0-66a4-6cf2-3749-0f755c367e4d">
      <Execution id="560323ab-53e3-4552-80d3-2518625ce9a5" />
      <TestMethod codeBase="/home/runner/work/BuckScienceApp/BuckScienceApp/tests/BuckScience.Tests/bin/Debug/net8.0/BuckScience.Tests.dll" adapterTypeName="executor://xunit/VsTestRunner2/netcoreapp" className="BuckScience.Tests.Web.Helpers.WeatherHelpersTests" name="GetWindDirectionOptions_WithEmptyAvailable_AllUnavailable" />
    </UnitTest>
    <UnitTest name="BuckScience.Tests.Web.Helpers.WeatherHelpersTests.ConvertWindDirectionToText_VariousAngles_ReturnsCorrectDirection(degrees: 348.74000000000001, expected: &quot;NNW&quot;)" storage="/home/runner/work/buckscienceapp/buckscienceapp/tests/buckscience.tests/bin/debug/net8.0/buckscience.tests.dll" id="9f164cb9-b0ee-2833-0b35-619b21bae903">
      <Execution id="37141881-bc30-472b-abb7-975e2735ed5a" />
      <TestMethod codeBase="/home/runner/work/BuckScienceApp/BuckScienceApp/tests/BuckScience.Tests/bin/Debug/net8.0/BuckScience.Tests.dll" adapterTypeName="executor://xunit/VsTestRunner2/netcoreapp" className="BuckScience.Tests.Web.Helpers.WeatherHelpersTests" name="ConvertWindDirectionToText_VariousAngles_ReturnsCorrectDirection" />
    </UnitTest>
    <UnitTest name="BuckScience.Tests.Web.Helpers.WeatherHelpersTests.ConvertWindDirectionToText_VariousAngles_ReturnsCorrectDirection(degrees: 90, expected: &quot;E&quot;)" storage="/home/runner/work/buckscienceapp/buckscienceapp/tests/buckscience.tests/bin/debug/net8.0/buckscience.tests.dll" id="282510b6-3046-16e6-500c-da1402387fc9">
      <Execution id="902d1b2e-11c1-4439-b447-9c7facc2fc1b" />
      <TestMethod codeBase="/home/runner/work/BuckScienceApp/BuckScienceApp/tests/BuckScience.Tests/bin/Debug/net8.0/BuckScience.Tests.dll" adapterTypeName="executor://xunit/VsTestRunner2/netcoreapp" className="BuckScience.Tests.Web.Helpers.WeatherHelpersTests" name="ConvertWindDirectionToText_VariousAngles_ReturnsCorrectDirection" />
    </UnitTest>
    <UnitTest name="BuckScience.Tests.Web.Helpers.WeatherHelpersTests.ConvertWindDirectionToText_VariousAngles_ReturnsCorrectDirection(degrees: 225, expected: &quot;SW&quot;)" storage="/home/runner/work/buckscienceapp/buckscienceapp/tests/buckscience.tests/bin/debug/net8.0/buckscience.tests.dll" id="5184c208-ba66-a1eb-00ca-490830c3b61a">
      <Execution id="bb526717-f071-4a8d-b9e4-30dd02687417" />
      <TestMethod codeBase="/home/runner/work/BuckScienceApp/BuckScienceApp/tests/BuckScience.Tests/bin/Debug/net8.0/BuckScience.Tests.dll" adapterTypeName="executor://xunit/VsTestRunner2/netcoreapp" className="BuckScience.Tests.Web.Helpers.WeatherHelpersTests" name="ConvertWindDirectionToText_VariousAngles_ReturnsCorrectDirection" />
    </UnitTest>
    <UnitTest name="BuckScience.Tests.Domain.PropertyFeatureTests.Constructor_WithValidWeight_SetsWeightCorrectly(weight: 0)" storage="/home/runner/work/buckscienceapp/buckscienceapp/tests/buckscience.tests/bin/debug/net8.0/buckscience.tests.dll" id="b173cbcd-a6a7-597f-40e4-5532d9298452">
      <Execution id="970ec338-b913-4fbe-959e-136c1fccfd1a" />
      <TestMethod codeBase="/home/runner/work/BuckScienceApp/BuckScienceApp/tests/BuckScience.Tests/bin/Debug/net8.0/BuckScience.Tests.dll" adapterTypeName="executor://xunit/VsTestRunner2/netcoreapp" className="BuckScience.Tests.Domain.PropertyFeatureTests" name="Constructor_WithValidWeight_SetsWeightCorrectly" />
    </UnitTest>
    <UnitTest name="BuckScience.Tests.PhotoFilteringComprehensiveTests.PropertyPhotosVm_WithFilters_CorrectProperties" storage="/home/runner/work/buckscienceapp/buckscienceapp/tests/buckscience.tests/bin/debug/net8.0/buckscience.tests.dll" id="2cc2759a-0e74-d1e3-53c0-3d706804902c">
      <Execution id="ea8324b0-c7ee-451d-b123-93ddfced2610" />
      <TestMethod codeBase="/home/runner/work/BuckScienceApp/BuckScienceApp/tests/BuckScience.Tests/bin/Debug/net8.0/BuckScience.Tests.dll" adapterTypeName="executor://xunit/VsTestRunner2/netcoreapp" className="BuckScience.Tests.PhotoFilteringComprehensiveTests" name="PropertyPhotosVm_WithFilters_CorrectProperties" />
    </UnitTest>
    <UnitTest name="BuckScience.Tests.TagCleanupTests.RemoveTagFromPhotos_ShouldNotRemoveDefaultTag_EvenWhenUnused" storage="/home/runner/work/buckscienceapp/buckscienceapp/tests/buckscience.tests/bin/debug/net8.0/buckscience.tests.dll" id="c32ae7c7-19e6-4795-4595-b867002163f4">
      <Execution id="dddbc0fc-859d-4757-bccc-8bc67d501f94" />
      <TestMethod codeBase="/home/runner/work/BuckScienceApp/BuckScienceApp/tests/BuckScience.Tests/bin/Debug/net8.0/BuckScience.Tests.dll" adapterTypeName="executor://xunit/VsTestRunner2/netcoreapp" className="BuckScience.Tests.TagCleanupTests" name="RemoveTagFromPhotos_ShouldNotRemoveDefaultTag_EvenWhenUnused" />
    </UnitTest>
    <UnitTest name="BuckScience.Tests.Web.Helpers.WeatherHelpersTests.ConvertWindDirectionToText_VariousAngles_ReturnsCorrectDirection(degrees: 337.5, expected: &quot;NNW&quot;)" storage="/home/runner/work/buckscienceapp/buckscienceapp/tests/buckscience.tests/bin/debug/net8.0/buckscience.tests.dll" id="b96d0d20-292a-e609-b515-79cd877929d7">
      <Execution id="6ba2c08d-abb7-442f-ae5f-700cd6790d39" />
      <TestMethod codeBase="/home/runner/work/BuckScienceApp/BuckScienceApp/tests/BuckScience.Tests/bin/Debug/net8.0/BuckScience.Tests.dll" adapterTypeName="executor://xunit/VsTestRunner2/netcoreapp" className="BuckScience.Tests.Web.Helpers.WeatherHelpersTests" name="ConvertWindDirectionToText_VariousAngles_ReturnsCorrectDirection" />
    </UnitTest>
    <UnitTest name="BuckScience.Tests.PhotoFilteringIntegrationTests.BuildFilters_WithInvalidCameraPlacementHistoryIds_IgnoresInvalidIds" storage="/home/runner/work/buckscienceapp/buckscienceapp/tests/buckscience.tests/bin/debug/net8.0/buckscience.tests.dll" id="0a4fef64-4b22-b6e1-3068-172d5dc1b64f">
      <Execution id="9026d7e8-5784-4807-9861-7e7ba9856fa6" />
      <TestMethod codeBase="/home/runner/work/BuckScienceApp/BuckScienceApp/tests/BuckScience.Tests/bin/Debug/net8.0/BuckScience.Tests.dll" adapterTypeName="executor://xunit/VsTestRunner2/netcoreapp" className="BuckScience.Tests.PhotoFilteringIntegrationTests" name="BuildFilters_WithInvalidCameraPlacementHistoryIds_IgnoresInvalidIds" />
    </UnitTest>
    <UnitTest name="BuckScience.Tests.WeatherBatchProcessingTests.PhotoGrouping_ShouldGroupByLocationAndDate" storage="/home/runner/work/buckscienceapp/buckscienceapp/tests/buckscience.tests/bin/debug/net8.0/buckscience.tests.dll" id="3f4d3f91-09a2-a334-5932-6e78104fd8ba">
      <Execution id="3df5d027-f4f3-4bf6-ae1c-3d6b1a225e61" />
      <TestMethod codeBase="/home/runner/work/BuckScienceApp/BuckScienceApp/tests/BuckScience.Tests/bin/Debug/net8.0/BuckScience.Tests.dll" adapterTypeName="executor://xunit/VsTestRunner2/netcoreapp" className="BuckScience.Tests.WeatherBatchProcessingTests" name="PhotoGrouping_ShouldGroupByLocationAndDate" />
    </UnitTest>
    <UnitTest name="BuckScience.Tests.CameraCreateVmTests.CameraCreateVm_DirectionSync_ShouldWorkForAllDirections(direction: S, expectedDegrees: 180)" storage="/home/runner/work/buckscienceapp/buckscienceapp/tests/buckscience.tests/bin/debug/net8.0/buckscience.tests.dll" id="3fd3b076-d6e9-95cb-3f37-7d353eff3a42">
      <Execution id="dd096a29-8f16-4094-b0ed-5fb4bb1db1b4" />
      <TestMethod codeBase="/home/runner/work/BuckScienceApp/BuckScienceApp/tests/BuckScience.Tests/bin/Debug/net8.0/BuckScience.Tests.dll" adapterTypeName="executor://xunit/VsTestRunner2/netcoreapp" className="BuckScience.Tests.CameraCreateVmTests" name="CameraCreateVm_DirectionSync_ShouldWorkForAllDirections" />
    </UnitTest>
    <UnitTest name="BuckScience.Tests.Domain.SeasonExtensionsTests.GetDefaultMonths_EarlySeason_ReturnsCorrectMonths" storage="/home/runner/work/buckscienceapp/buckscienceapp/tests/buckscience.tests/bin/debug/net8.0/buckscience.tests.dll" id="1bb4d31b-4aa9-50a4-5ac5-e8f09827ba51">
      <Execution id="5d459c81-d552-49fc-a9d9-521de2fd9dc3" />
      <TestMethod codeBase="/home/runner/work/BuckScienceApp/BuckScienceApp/tests/BuckScience.Tests/bin/Debug/net8.0/BuckScience.Tests.dll" adapterTypeName="executor://xunit/VsTestRunner2/netcoreapp" className="BuckScience.Tests.Domain.SeasonExtensionsTests" name="GetDefaultMonths_EarlySeason_ReturnsCorrectMonths" />
    </UnitTest>
    <UnitTest name="BuckScience.Tests.Web.Helpers.WeatherHelpersTests.ConvertMoonPhaseTextToNumeric_ValidText_ReturnsCorrectValue(text: &quot;Full Moon&quot;, expected: 0.5)" storage="/home/runner/work/buckscienceapp/buckscienceapp/tests/buckscience.tests/bin/debug/net8.0/buckscience.tests.dll" id="a52561ca-dbe3-d21e-cc1f-fbc0bb577901">
      <Execution id="794c2d2d-8c6a-48b0-9819-cd37465a9938" />
      <TestMethod codeBase="/home/runner/work/BuckScienceApp/BuckScienceApp/tests/BuckScience.Tests/bin/Debug/net8.0/BuckScience.Tests.dll" adapterTypeName="executor://xunit/VsTestRunner2/netcoreapp" className="BuckScience.Tests.Web.Helpers.WeatherHelpersTests" name="ConvertMoonPhaseTextToNumeric_ValidText_ReturnsCorrectValue" />
    </UnitTest>
    <UnitTest name="BuckScience.Tests.Web.Helpers.WeatherHelpersTests.ConvertWindDirectionTextToNumeric_ValidDirections_ReturnsCorrectDegrees(direction: &quot;E&quot;, expected: 90)" storage="/home/runner/work/buckscienceapp/buckscienceapp/tests/buckscience.tests/bin/debug/net8.0/buckscience.tests.dll" id="a4c9dc78-d66c-c69a-90ef-d545d65a1a43">
      <Execution id="91ecb6a2-aa46-40a3-bf21-3447f153ed94" />
      <TestMethod codeBase="/home/runner/work/BuckScienceApp/BuckScienceApp/tests/BuckScience.Tests/bin/Debug/net8.0/BuckScience.Tests.dll" adapterTypeName="executor://xunit/VsTestRunner2/netcoreapp" className="BuckScience.Tests.Web.Helpers.WeatherHelpersTests" name="ConvertWindDirectionTextToNumeric_ValidDirections_ReturnsCorrectDegrees" />
    </UnitTest>
    <UnitTest name="BuckScience.Tests.PhotoFilteringUrlExamples.PhotoFiltering_RealWorldScenario_TempAndCameraFilter" storage="/home/runner/work/buckscienceapp/buckscienceapp/tests/buckscience.tests/bin/debug/net8.0/buckscience.tests.dll" id="9cd7f192-bb9b-abd8-007d-2585a8ffb5e9">
      <Execution id="36ce91b9-6744-42fa-bb54-0ad70f669801" />
      <TestMethod codeBase="/home/runner/work/BuckScienceApp/BuckScienceApp/tests/BuckScience.Tests/bin/Debug/net8.0/BuckScience.Tests.dll" adapterTypeName="executor://xunit/VsTestRunner2/netcoreapp" className="BuckScience.Tests.PhotoFilteringUrlExamples" name="PhotoFiltering_RealWorldScenario_TempAndCameraFilter" />
    </UnitTest>
    <UnitTest name="BuckScience.Tests.DirectionHelperTests.ToFloat_ShouldReturnCorrectDegrees(direction: W, expectedDegrees: 270)" storage="/home/runner/work/buckscienceapp/buckscienceapp/tests/buckscience.tests/bin/debug/net8.0/buckscience.tests.dll" id="e59f6969-24d1-ee70-57fe-d99344040a63">
      <Execution id="f4e8278a-ff89-4950-ad6d-ff9196a9e65f" />
      <TestMethod codeBase="/home/runner/work/BuckScienceApp/BuckScienceApp/tests/BuckScience.Tests/bin/Debug/net8.0/BuckScience.Tests.dll" adapterTypeName="executor://xunit/VsTestRunner2/netcoreapp" className="BuckScience.Tests.DirectionHelperTests" name="ToFloat_ShouldReturnCorrectDegrees" />
    </UnitTest>
    <UnitTest name="BuckScience.Tests.Web.Helpers.WeatherHelpersTests.ConvertMoonPhaseTextToNumeric_ValidText_ReturnsCorrectValue(text: &quot;Waning Crescent&quot;, expected: 0.875)" storage="/home/runner/work/buckscienceapp/buckscienceapp/tests/buckscience.tests/bin/debug/net8.0/buckscience.tests.dll" id="dfe6a45f-34c2-c767-91dd-1f8de6538cc0">
      <Execution id="fc2c7dfb-6434-44e5-b27d-faaccd2082c9" />
      <TestMethod codeBase="/home/runner/work/BuckScienceApp/BuckScienceApp/tests/BuckScience.Tests/bin/Debug/net8.0/BuckScience.Tests.dll" adapterTypeName="executor://xunit/VsTestRunner2/netcoreapp" className="BuckScience.Tests.Web.Helpers.WeatherHelpersTests" name="ConvertMoonPhaseTextToNumeric_ValidText_ReturnsCorrectValue" />
    </UnitTest>
    <UnitTest name="BuckScience.Tests.Domain.FeatureWeightTests.FeatureWeightHelper_GetCategory_ReturnsCorrectCategory(type: Creek, expectedCategory: ResourceWater)" storage="/home/runner/work/buckscienceapp/buckscienceapp/tests/buckscience.tests/bin/debug/net8.0/buckscience.tests.dll" id="1d2cb59d-b905-737a-61a2-6d873910d1e1">
      <Execution id="5fe6448d-922c-47a2-9f9a-92dca04bb9a2" />
      <TestMethod codeBase="/home/runner/work/BuckScienceApp/BuckScienceApp/tests/BuckScience.Tests/bin/Debug/net8.0/BuckScience.Tests.dll" adapterTypeName="executor://xunit/VsTestRunner2/netcoreapp" className="BuckScience.Tests.Domain.FeatureWeightTests" name="FeatureWeightHelper_GetCategory_ReturnsCorrectCategory" />
    </UnitTest>
    <UnitTest name="BuckScience.Tests.Application.PropertyFeatureApplicationTests.UpdatePropertyFeature_WithInvalidWeight_ThrowsArgumentOutOfRangeException" storage="/home/runner/work/buckscienceapp/buckscienceapp/tests/buckscience.tests/bin/debug/net8.0/buckscience.tests.dll" id="1346760c-63cd-b7f1-1c05-6d40bed27cce">
      <Execution id="18e90347-8ab3-407c-b183-07897aa7ed4c" />
      <TestMethod codeBase="/home/runner/work/BuckScienceApp/BuckScienceApp/tests/BuckScience.Tests/bin/Debug/net8.0/BuckScience.Tests.dll" adapterTypeName="executor://xunit/VsTestRunner2/netcoreapp" className="BuckScience.Tests.Application.PropertyFeatureApplicationTests" name="UpdatePropertyFeature_WithInvalidWeight_ThrowsArgumentOutOfRangeException" />
    </UnitTest>
    <UnitTest name="BuckScience.Tests.FeatureHelperTests.FeatureNames_ShouldContainAllClassificationTypes" storage="/home/runner/work/buckscienceapp/buckscienceapp/tests/buckscience.tests/bin/debug/net8.0/buckscience.tests.dll" id="5ad698c0-31c3-b3d2-caa9-9fa5ad866948">
      <Execution id="fe698a0b-b9f7-4ce1-9cb5-819d6fcddf6d" />
      <TestMethod codeBase="/home/runner/work/BuckScienceApp/BuckScienceApp/tests/BuckScience.Tests/bin/Debug/net8.0/BuckScience.Tests.dll" adapterTypeName="executor://xunit/VsTestRunner2/netcoreapp" className="BuckScience.Tests.FeatureHelperTests" name="FeatureNames_ShouldContainAllClassificationTypes" />
    </UnitTest>
    <UnitTest name="BuckScience.Tests.PhotoFilteringUrlExamples.BuildFilters_UrlParameters_ShouldParseCorrectly(urlParams: &quot;tempMin=20&quot;, expectedTempMin: 20, expectedTempMax: null, expectedWindMin: null, expectedWindMax: null)" storage="/home/runner/work/buckscienceapp/buckscienceapp/tests/buckscience.tests/bin/debug/net8.0/buckscience.tests.dll" id="69b65817-cd82-0a96-5e68-ab587e27eb95">
      <Execution id="c357c249-b197-44c3-96aa-8aa39e03cd95" />
      <TestMethod codeBase="/home/runner/work/BuckScienceApp/BuckScienceApp/tests/BuckScience.Tests/bin/Debug/net8.0/BuckScience.Tests.dll" adapterTypeName="executor://xunit/VsTestRunner2/netcoreapp" className="BuckScience.Tests.PhotoFilteringUrlExamples" name="BuildFilters_UrlParameters_ShouldParseCorrectly" />
    </UnitTest>
    <UnitTest name="BuckScience.Tests.Web.Helpers.WeatherHelpersTests.ConvertWindDirectionToText_VariousAngles_ReturnsCorrectDirection(degrees: 11.25, expected: &quot;NNE&quot;)" storage="/home/runner/work/buckscienceapp/buckscienceapp/tests/buckscience.tests/bin/debug/net8.0/buckscience.tests.dll" id="59d49ae8-fe17-c8a4-30e6-e31bf9671e6d">
      <Execution id="e8848dac-ed1c-44d1-adef-3114f3d63caf" />
      <TestMethod codeBase="/home/runner/work/BuckScienceApp/BuckScienceApp/tests/BuckScience.Tests/bin/Debug/net8.0/BuckScience.Tests.dll" adapterTypeName="executor://xunit/VsTestRunner2/netcoreapp" className="BuckScience.Tests.Web.Helpers.WeatherHelpersTests" name="ConvertWindDirectionToText_VariousAngles_ReturnsCorrectDirection" />
    </UnitTest>
    <UnitTest name="BuckScience.Tests.TagCleanupTests.RemoveTagFromPhotos_ShouldCleanupPropertyTag_WhenNoOtherPhotosOnPropertyUseTag" storage="/home/runner/work/buckscienceapp/buckscienceapp/tests/buckscience.tests/bin/debug/net8.0/buckscience.tests.dll" id="d10743fd-41b6-9a87-757a-05484dce75fb">
      <Execution id="5972ec40-cf51-4d25-b692-ba3745c9d536" />
      <TestMethod codeBase="/home/runner/work/BuckScienceApp/BuckScienceApp/tests/BuckScience.Tests/bin/Debug/net8.0/BuckScience.Tests.dll" adapterTypeName="executor://xunit/VsTestRunner2/netcoreapp" className="BuckScience.Tests.TagCleanupTests" name="RemoveTagFromPhotos_ShouldCleanupPropertyTag_WhenNoOtherPhotosOnPropertyUseTag" />
    </UnitTest>
    <UnitTest name="BuckScience.Tests.Domain.SeasonExtensionsTests.GetDefaultMonths_ReturnsArrayCopy_PreventsMutation" storage="/home/runner/work/buckscienceapp/buckscienceapp/tests/buckscience.tests/bin/debug/net8.0/buckscience.tests.dll" id="29c59d8d-b92b-cfb2-1c78-b6b82406cb09">
      <Execution id="3a067123-1734-4b97-86b9-bdda9e2ecd74" />
      <TestMethod codeBase="/home/runner/work/BuckScienceApp/BuckScienceApp/tests/BuckScience.Tests/bin/Debug/net8.0/BuckScience.Tests.dll" adapterTypeName="executor://xunit/VsTestRunner2/netcoreapp" className="BuckScience.Tests.Domain.SeasonExtensionsTests" name="GetDefaultMonths_ReturnsArrayCopy_PreventsMutation" />
    </UnitTest>
    <UnitTest name="BuckScience.Tests.PhotoPlacementHistoryTests.Photo_SetCameraPlacementHistory_ShouldThrowForInvalidId" storage="/home/runner/work/buckscienceapp/buckscienceapp/tests/buckscience.tests/bin/debug/net8.0/buckscience.tests.dll" id="87537a65-edc4-293b-e0c7-ff87f3dc8e79">
      <Execution id="949c4cd3-3115-44de-946b-56d170d84091" />
      <TestMethod codeBase="/home/runner/work/BuckScienceApp/BuckScienceApp/tests/BuckScience.Tests/bin/Debug/net8.0/BuckScience.Tests.dll" adapterTypeName="executor://xunit/VsTestRunner2/netcoreapp" className="BuckScience.Tests.PhotoPlacementHistoryTests" name="Photo_SetCameraPlacementHistory_ShouldThrowForInvalidId" />
    </UnitTest>
    <UnitTest name="BuckScience.Tests.TaggingSystemTests.GetOrCreateTag_ShouldThrowException_WhenTagNameIsInvalid(invalidTagName: &quot;&quot;)" storage="/home/runner/work/buckscienceapp/buckscienceapp/tests/buckscience.tests/bin/debug/net8.0/buckscience.tests.dll" id="f2a53262-1031-8641-ce23-2061a5c39410">
      <Execution id="40efc2b0-f1ad-4e80-9403-35643dc3a3df" />
      <TestMethod codeBase="/home/runner/work/BuckScienceApp/BuckScienceApp/tests/BuckScience.Tests/bin/Debug/net8.0/BuckScience.Tests.dll" adapterTypeName="executor://xunit/VsTestRunner2/netcoreapp" className="BuckScience.Tests.TaggingSystemTests" name="GetOrCreateTag_ShouldThrowException_WhenTagNameIsInvalid" />
    </UnitTest>
    <UnitTest name="BuckScience.Tests.Domain.MonthsAttributeTests.MonthsAttribute_Constructor_WithInvalidMonth_ThrowsArgumentOutOfRangeException(invalidMonth: 0)" storage="/home/runner/work/buckscienceapp/buckscienceapp/tests/buckscience.tests/bin/debug/net8.0/buckscience.tests.dll" id="68647ad1-4f74-1b97-159d-5659e9979e01">
      <Execution id="6e46f5d5-ac87-44aa-b768-35775998544e" />
      <TestMethod codeBase="/home/runner/work/BuckScienceApp/BuckScienceApp/tests/BuckScience.Tests/bin/Debug/net8.0/BuckScience.Tests.dll" adapterTypeName="executor://xunit/VsTestRunner2/netcoreapp" className="BuckScience.Tests.Domain.MonthsAttributeTests" name="MonthsAttribute_Constructor_WithInvalidMonth_ThrowsArgumentOutOfRangeException" />
    </UnitTest>
    <UnitTest name="BuckScience.Tests.PhotoPlacementHistoryTests.Photo_SetCameraPlacementHistory_ShouldSetValue" storage="/home/runner/work/buckscienceapp/buckscienceapp/tests/buckscience.tests/bin/debug/net8.0/buckscience.tests.dll" id="3d204cd7-14f8-bc71-3ad1-38415f6304bc">
      <Execution id="404eabb5-dfe4-4851-adcf-729406e56628" />
      <TestMethod codeBase="/home/runner/work/BuckScienceApp/BuckScienceApp/tests/BuckScience.Tests/bin/Debug/net8.0/BuckScience.Tests.dll" adapterTypeName="executor://xunit/VsTestRunner2/netcoreapp" className="BuckScience.Tests.PhotoPlacementHistoryTests" name="Photo_SetCameraPlacementHistory_ShouldSetValue" />
    </UnitTest>
    <UnitTest name="BuckScience.Tests.Web.Helpers.WeatherHelpersTests.ConvertWindDirectionTextToNumeric_ValidDirections_ReturnsCorrectDegrees(direction: &quot;NE&quot;, expected: 45)" storage="/home/runner/work/buckscienceapp/buckscienceapp/tests/buckscience.tests/bin/debug/net8.0/buckscience.tests.dll" id="df8d3f6f-dec6-fe48-30b1-4504bb2aa651">
      <Execution id="fd772f3f-7ab8-4464-83fd-955b95cb8641" />
      <TestMethod codeBase="/home/runner/work/BuckScienceApp/BuckScienceApp/tests/BuckScience.Tests/bin/Debug/net8.0/BuckScience.Tests.dll" adapterTypeName="executor://xunit/VsTestRunner2/netcoreapp" className="BuckScience.Tests.Web.Helpers.WeatherHelpersTests" name="ConvertWindDirectionTextToNumeric_ValidDirections_ReturnsCorrectDegrees" />
    </UnitTest>
    <UnitTest name="BuckScience.Tests.Domain.FeatureWeightTests.FeatureWeight_IsCustom_DefaultsToFalse" storage="/home/runner/work/buckscienceapp/buckscienceapp/tests/buckscience.tests/bin/debug/net8.0/buckscience.tests.dll" id="f34471f4-815a-4ec3-4038-5fedcb003a99">
      <Execution id="c4defdf1-0ce6-4dbf-b5ba-2214e2edf41a" />
      <TestMethod codeBase="/home/runner/work/BuckScienceApp/BuckScienceApp/tests/BuckScience.Tests/bin/Debug/net8.0/BuckScience.Tests.dll" adapterTypeName="executor://xunit/VsTestRunner2/netcoreapp" className="BuckScience.Tests.Domain.FeatureWeightTests" name="FeatureWeight_IsCustom_DefaultsToFalse" />
    </UnitTest>
    <UnitTest name="BuckScience.Tests.WeatherBatchProcessingTests.WeatherService_ShouldRoundCoordinatesConsistently" storage="/home/runner/work/buckscienceapp/buckscienceapp/tests/buckscience.tests/bin/debug/net8.0/buckscience.tests.dll" id="b1f41500-5f15-b967-f0a8-55e935ea7819">
      <Execution id="a12f26b3-e4ef-4e5e-9c2d-1ff7e395d3d4" />
      <TestMethod codeBase="/home/runner/work/BuckScienceApp/BuckScienceApp/tests/BuckScience.Tests/bin/Debug/net8.0/BuckScience.Tests.dll" adapterTypeName="executor://xunit/VsTestRunner2/netcoreapp" className="BuckScience.Tests.WeatherBatchProcessingTests" name="WeatherService_ShouldRoundCoordinatesConsistently" />
    </UnitTest>
    <UnitTest name="BuckScience.Tests.Domain.PropertySeasonMonthsOverrideTests.PropertySeasonMonthsOverride_SetMonths_WithEmptyArray_ClearsMonths" storage="/home/runner/work/buckscienceapp/buckscienceapp/tests/buckscience.tests/bin/debug/net8.0/buckscience.tests.dll" id="75f4d661-9754-0157-eb91-1cb0c3ea30c4">
      <Execution id="5be9b119-06eb-42e9-80d9-8829e6b2ac43" />
      <TestMethod codeBase="/home/runner/work/BuckScienceApp/BuckScienceApp/tests/BuckScience.Tests/bin/Debug/net8.0/BuckScience.Tests.dll" adapterTypeName="executor://xunit/VsTestRunner2/netcoreapp" className="BuckScience.Tests.Domain.PropertySeasonMonthsOverrideTests" name="PropertySeasonMonthsOverride_SetMonths_WithEmptyArray_ClearsMonths" />
    </UnitTest>
    <UnitTest name="BuckScience.Tests.DirectionHelperTests.FromFloat_ShouldReturnCorrectDirection(degrees: 225, expectedDirection: SW)" storage="/home/runner/work/buckscienceapp/buckscienceapp/tests/buckscience.tests/bin/debug/net8.0/buckscience.tests.dll" id="88b5a428-7422-548a-ca90-5bd2a62420ae">
      <Execution id="dd0da4f4-43a5-478a-8adc-f03ada7c9143" />
      <TestMethod codeBase="/home/runner/work/BuckScienceApp/BuckScienceApp/tests/BuckScience.Tests/bin/Debug/net8.0/BuckScience.Tests.dll" adapterTypeName="executor://xunit/VsTestRunner2/netcoreapp" className="BuckScience.Tests.DirectionHelperTests" name="FromFloat_ShouldReturnCorrectDirection" />
    </UnitTest>
    <UnitTest name="BuckScience.Tests.Web.Helpers.WeatherHelpersTests.ConvertWindDirectionToText_VariousAngles_ReturnsCorrectDirection(degrees: 11.24, expected: &quot;N&quot;)" storage="/home/runner/work/buckscienceapp/buckscienceapp/tests/buckscience.tests/bin/debug/net8.0/buckscience.tests.dll" id="b8a41320-c868-9123-86b4-03e71d0ff6ef">
      <Execution id="a3f938c4-6c5e-4621-952d-c3dbd1934615" />
      <TestMethod codeBase="/home/runner/work/BuckScienceApp/BuckScienceApp/tests/BuckScience.Tests/bin/Debug/net8.0/BuckScience.Tests.dll" adapterTypeName="executor://xunit/VsTestRunner2/netcoreapp" className="BuckScience.Tests.Web.Helpers.WeatherHelpersTests" name="ConvertWindDirectionToText_VariousAngles_ReturnsCorrectDirection" />
    </UnitTest>
    <UnitTest name="BuckScience.Tests.Domain.PropertySeasonMonthsOverrideTests.PropertySeasonMonthsOverride_Constructor_WithInvalidMonths_ThrowsArgumentOutOfRangeException(invalidMonths: [0])" storage="/home/runner/work/buckscienceapp/buckscienceapp/tests/buckscience.tests/bin/debug/net8.0/buckscience.tests.dll" id="2e93bee1-fb36-0850-7490-5577524da5c2">
      <Execution id="f9812be7-281b-4f4a-8a2a-f4abdedc915a" />
      <TestMethod codeBase="/home/runner/work/BuckScienceApp/BuckScienceApp/tests/BuckScience.Tests/bin/Debug/net8.0/BuckScience.Tests.dll" adapterTypeName="executor://xunit/VsTestRunner2/netcoreapp" className="BuckScience.Tests.Domain.PropertySeasonMonthsOverrideTests" name="PropertySeasonMonthsOverride_Constructor_WithInvalidMonths_ThrowsArgumentOutOfRangeException" />
    </UnitTest>
    <UnitTest name="BuckScience.Tests.TaggingIntegrationTests.EndToEndTaggingWorkflow_ShouldWorkCorrectly" storage="/home/runner/work/buckscienceapp/buckscienceapp/tests/buckscience.tests/bin/debug/net8.0/buckscience.tests.dll" id="46a7f553-bbcf-0c84-0101-71d2924c06c9">
      <Execution id="1da5a422-d31f-48ef-b3fe-a511f40cce52" />
      <TestMethod codeBase="/home/runner/work/BuckScienceApp/BuckScienceApp/tests/BuckScience.Tests/bin/Debug/net8.0/BuckScience.Tests.dll" adapterTypeName="executor://xunit/VsTestRunner2/netcoreapp" className="BuckScience.Tests.TaggingIntegrationTests" name="EndToEndTaggingWorkflow_ShouldWorkCorrectly" />
    </UnitTest>
    <UnitTest name="BuckScience.Tests.Domain.PropertySeasonMonthsOverrideTests.PropertySeasonMonthsOverride_GetMonths_WithCorruptedJson_ReturnsNull" storage="/home/runner/work/buckscienceapp/buckscienceapp/tests/buckscience.tests/bin/debug/net8.0/buckscience.tests.dll" id="08260a64-8541-0630-0fbb-fef9aaa19f85">
      <Execution id="1d976fa4-d338-41ba-8a03-8e51cae5d064" />
      <TestMethod codeBase="/home/runner/work/BuckScienceApp/BuckScienceApp/tests/BuckScience.Tests/bin/Debug/net8.0/BuckScience.Tests.dll" adapterTypeName="executor://xunit/VsTestRunner2/netcoreapp" className="BuckScience.Tests.Domain.PropertySeasonMonthsOverrideTests" name="PropertySeasonMonthsOverride_GetMonths_WithCorruptedJson_ReturnsNull" />
    </UnitTest>
    <UnitTest name="BuckScience.Tests.Web.Helpers.WeatherHelpersTests.ConvertMoonPhaseTextToNumeric_InvalidText_ReturnsNull(text: &quot;Invalid Phase&quot;)" storage="/home/runner/work/buckscienceapp/buckscienceapp/tests/buckscience.tests/bin/debug/net8.0/buckscience.tests.dll" id="e531c44f-a81a-259c-843c-505a398d8b55">
      <Execution id="016a4e78-c820-4213-92d9-ea5d00daa5d4" />
      <TestMethod codeBase="/home/runner/work/BuckScienceApp/BuckScienceApp/tests/BuckScience.Tests/bin/Debug/net8.0/BuckScience.Tests.dll" adapterTypeName="executor://xunit/VsTestRunner2/netcoreapp" className="BuckScience.Tests.Web.Helpers.WeatherHelpersTests" name="ConvertMoonPhaseTextToNumeric_InvalidText_ReturnsNull" />
    </UnitTest>
    <UnitTest name="BuckScience.Tests.PhotoFilteringUrlExamples.BuildFilters_UrlParameters_ShouldParseCorrectly(urlParams: &quot;tempMax=25&quot;, expectedTempMin: null, expectedTempMax: 25, expectedWindMin: null, expectedWindMax: null)" storage="/home/runner/work/buckscienceapp/buckscienceapp/tests/buckscience.tests/bin/debug/net8.0/buckscience.tests.dll" id="78fd4f15-08d5-878b-fd2a-dd2d3bcc8384">
      <Execution id="63cf8c1c-17c3-4823-b924-2a25b5ded412" />
      <TestMethod codeBase="/home/runner/work/BuckScienceApp/BuckScienceApp/tests/BuckScience.Tests/bin/Debug/net8.0/BuckScience.Tests.dll" adapterTypeName="executor://xunit/VsTestRunner2/netcoreapp" className="BuckScience.Tests.PhotoFilteringUrlExamples" name="BuildFilters_UrlParameters_ShouldParseCorrectly" />
    </UnitTest>
    <UnitTest name="BuckScience.Tests.Web.Helpers.WeatherHelpersTests.ConvertWindDirectionTextToNumeric_InvalidText_ReturnsNull(direction: &quot;&quot;)" storage="/home/runner/work/buckscienceapp/buckscienceapp/tests/buckscience.tests/bin/debug/net8.0/buckscience.tests.dll" id="8f75422e-f196-d0f3-b885-da9f9acf8fde">
      <Execution id="0818d4f1-09c9-4665-8187-668ddee1dafd" />
      <TestMethod codeBase="/home/runner/work/BuckScienceApp/BuckScienceApp/tests/BuckScience.Tests/bin/Debug/net8.0/BuckScience.Tests.dll" adapterTypeName="executor://xunit/VsTestRunner2/netcoreapp" className="BuckScience.Tests.Web.Helpers.WeatherHelpersTests" name="ConvertWindDirectionTextToNumeric_InvalidText_ReturnsNull" />
    </UnitTest>
    <UnitTest name="BuckScience.Tests.PhotoFilteringUrlExamples.BuildFilters_ConditionsParameters_ShouldParseCorrectly(conditions: &quot;Clear,Cloudy&quot;, expectedConditions: [&quot;Clear&quot;, &quot;Cloudy&quot;])" storage="/home/runner/work/buckscienceapp/buckscienceapp/tests/buckscience.tests/bin/debug/net8.0/buckscience.tests.dll" id="477057b0-3b6f-36a4-06fc-1b03c23a4da7">
      <Execution id="e86482cf-7544-49d1-b27b-2329e7400924" />
      <TestMethod codeBase="/home/runner/work/BuckScienceApp/BuckScienceApp/tests/BuckScience.Tests/bin/Debug/net8.0/BuckScience.Tests.dll" adapterTypeName="executor://xunit/VsTestRunner2/netcoreapp" className="BuckScience.Tests.PhotoFilteringUrlExamples" name="BuildFilters_ConditionsParameters_ShouldParseCorrectly" />
    </UnitTest>
    <UnitTest name="BuckScience.Tests.Domain.FeatureWeightTests.FeatureWeight_ResetToDefault_UpdatesTimestamp" storage="/home/runner/work/buckscienceapp/buckscienceapp/tests/buckscience.tests/bin/debug/net8.0/buckscience.tests.dll" id="c7c0db12-a7c7-5d4d-aeb3-925cdb576fb9">
      <Execution id="37d4b077-ec7e-4823-819c-fa248b7a7fbf" />
      <TestMethod codeBase="/home/runner/work/BuckScienceApp/BuckScienceApp/tests/BuckScience.Tests/bin/Debug/net8.0/BuckScience.Tests.dll" adapterTypeName="executor://xunit/VsTestRunner2/netcoreapp" className="BuckScience.Tests.Domain.FeatureWeightTests" name="FeatureWeight_ResetToDefault_UpdatesTimestamp" />
    </UnitTest>
    <UnitTest name="BuckScience.Tests.Web.Helpers.WeatherHelpersTests.ConvertMoonPhaseToText_VariousValues_ReturnsCorrectText(phase: 0.59999999999999998, expected: &quot;Waning Gibbous&quot;)" storage="/home/runner/work/buckscienceapp/buckscienceapp/tests/buckscience.tests/bin/debug/net8.0/buckscience.tests.dll" id="48d95b96-b471-deb8-51bf-62c5a89928a2">
      <Execution id="f4e978e0-022b-4ef2-9502-c6c7035c72a5" />
      <TestMethod codeBase="/home/runner/work/BuckScienceApp/BuckScienceApp/tests/BuckScience.Tests/bin/Debug/net8.0/BuckScience.Tests.dll" adapterTypeName="executor://xunit/VsTestRunner2/netcoreapp" className="BuckScience.Tests.Web.Helpers.WeatherHelpersTests" name="ConvertMoonPhaseToText_VariousValues_ReturnsCorrectText" />
    </UnitTest>
    <UnitTest name="BuckScience.Tests.CameraPlacementHistoryTests.CameraEditVm_ShouldIncludeDirectionDegrees" storage="/home/runner/work/buckscienceapp/buckscienceapp/tests/buckscience.tests/bin/debug/net8.0/buckscience.tests.dll" id="42b838e4-a515-a0a8-9201-8a5607fcd950">
      <Execution id="d53ceae3-0aa9-4b58-a937-fcdaf9970c9c" />
      <TestMethod codeBase="/home/runner/work/BuckScienceApp/BuckScienceApp/tests/BuckScience.Tests/bin/Debug/net8.0/BuckScience.Tests.dll" adapterTypeName="executor://xunit/VsTestRunner2/netcoreapp" className="BuckScience.Tests.CameraPlacementHistoryTests" name="CameraEditVm_ShouldIncludeDirectionDegrees" />
    </UnitTest>
    <UnitTest name="BuckScience.Tests.Domain.FeatureWeightTests.FeatureWeight_SetSeasonalWeights_WithNullSetsIsCustomToFalse" storage="/home/runner/work/buckscienceapp/buckscienceapp/tests/buckscience.tests/bin/debug/net8.0/buckscience.tests.dll" id="0bff2ecc-4f41-029d-f57b-08de3b707d06">
      <Execution id="7382b6c1-d8c3-4a74-8c20-b1cf78a3c004" />
      <TestMethod codeBase="/home/runner/work/BuckScienceApp/BuckScienceApp/tests/BuckScience.Tests/bin/Debug/net8.0/BuckScience.Tests.dll" adapterTypeName="executor://xunit/VsTestRunner2/netcoreapp" className="BuckScience.Tests.Domain.FeatureWeightTests" name="FeatureWeight_SetSeasonalWeights_WithNullSetsIsCustomToFalse" />
    </UnitTest>
    <UnitTest name="BuckScience.Tests.Domain.FeatureWeightTests.FeatureWeightHelper_GetCategory_ReturnsCorrectCategory(type: BeddingArea, expectedCategory: ResourceBedding)" storage="/home/runner/work/buckscienceapp/buckscienceapp/tests/buckscience.tests/bin/debug/net8.0/buckscience.tests.dll" id="0df754ab-3374-deab-a269-326e3752e38a">
      <Execution id="40cdd906-50af-4a95-a9bb-0c33fdacba50" />
      <TestMethod codeBase="/home/runner/work/BuckScienceApp/BuckScienceApp/tests/BuckScience.Tests/bin/Debug/net8.0/BuckScience.Tests.dll" adapterTypeName="executor://xunit/VsTestRunner2/netcoreapp" className="BuckScience.Tests.Domain.FeatureWeightTests" name="FeatureWeightHelper_GetCategory_ReturnsCorrectCategory" />
    </UnitTest>
    <UnitTest name="BuckScience.Tests.Application.Profiles.ProfileCrudTests.GetProfile_ValidId_ReturnsProfile" storage="/home/runner/work/buckscienceapp/buckscienceapp/tests/buckscience.tests/bin/debug/net8.0/buckscience.tests.dll" id="19df813d-aa7e-5539-ce76-ba8a68683016">
      <Execution id="c8b11675-bf27-46d7-9861-2148c95ae525" />
      <TestMethod codeBase="/home/runner/work/BuckScienceApp/BuckScienceApp/tests/BuckScience.Tests/bin/Debug/net8.0/BuckScience.Tests.dll" adapterTypeName="executor://xunit/VsTestRunner2/netcoreapp" className="BuckScience.Tests.Application.Profiles.ProfileCrudTests" name="GetProfile_ValidId_ReturnsProfile" />
    </UnitTest>
    <UnitTest name="BuckScience.Tests.CameraEditVmTests.CameraEditVm_ShouldSetAllProperties" storage="/home/runner/work/buckscienceapp/buckscienceapp/tests/buckscience.tests/bin/debug/net8.0/buckscience.tests.dll" id="93b0e2c3-3a46-c74b-dad5-afcb4f0bfcfa">
      <Execution id="867acb78-7ba2-418f-af92-351d9b662115" />
      <TestMethod codeBase="/home/runner/work/BuckScienceApp/BuckScienceApp/tests/BuckScience.Tests/bin/Debug/net8.0/BuckScience.Tests.dll" adapterTypeName="executor://xunit/VsTestRunner2/netcoreapp" className="BuckScience.Tests.CameraEditVmTests" name="CameraEditVm_ShouldSetAllProperties" />
    </UnitTest>
    <UnitTest name="BuckScience.Tests.Web.Helpers.WeatherHelpersTests.ConvertWindDirectionToText_RoundTrip_MaintainsAccuracy" storage="/home/runner/work/buckscienceapp/buckscienceapp/tests/buckscience.tests/bin/debug/net8.0/buckscience.tests.dll" id="f36a8701-085e-04e9-1108-0b102bccb765">
      <Execution id="de7b0213-f5ea-4c95-bd57-fa525e69cf4b" />
      <TestMethod codeBase="/home/runner/work/BuckScienceApp/BuckScienceApp/tests/BuckScience.Tests/bin/Debug/net8.0/BuckScience.Tests.dll" adapterTypeName="executor://xunit/VsTestRunner2/netcoreapp" className="BuckScience.Tests.Web.Helpers.WeatherHelpersTests" name="ConvertWindDirectionToText_RoundTrip_MaintainsAccuracy" />
    </UnitTest>
    <UnitTest name="BuckScience.Tests.Domain.PropertyFeatureTests.Constructor_WithNullWeight_SetsWeightToNull" storage="/home/runner/work/buckscienceapp/buckscienceapp/tests/buckscience.tests/bin/debug/net8.0/buckscience.tests.dll" id="5d068b70-09ca-86be-04bc-7a667c7e0484">
      <Execution id="c8a099e5-03dc-427d-9c3c-67eb218378d8" />
      <TestMethod codeBase="/home/runner/work/BuckScienceApp/BuckScienceApp/tests/BuckScience.Tests/bin/Debug/net8.0/BuckScience.Tests.dll" adapterTypeName="executor://xunit/VsTestRunner2/netcoreapp" className="BuckScience.Tests.Domain.PropertyFeatureTests" name="Constructor_WithNullWeight_SetsWeightToNull" />
    </UnitTest>
    <UnitTest name="BuckScience.Tests.Domain.PropertyFeatureTests.Constructor_WithoutWeight_SetsWeightToNull" storage="/home/runner/work/buckscienceapp/buckscienceapp/tests/buckscience.tests/bin/debug/net8.0/buckscience.tests.dll" id="9660e9b2-80f8-e700-08d8-e0b7717e9f85">
      <Execution id="a62f6780-220f-4491-8172-b741426df9f5" />
      <TestMethod codeBase="/home/runner/work/BuckScienceApp/BuckScienceApp/tests/BuckScience.Tests/bin/Debug/net8.0/BuckScience.Tests.dll" adapterTypeName="executor://xunit/VsTestRunner2/netcoreapp" className="BuckScience.Tests.Domain.PropertyFeatureTests" name="Constructor_WithoutWeight_SetsWeightToNull" />
    </UnitTest>
    <UnitTest name="BuckScience.Tests.FeatureHelperTests.GetFeatureIcon_ShouldReturnCorrectIcons" storage="/home/runner/work/buckscienceapp/buckscienceapp/tests/buckscience.tests/bin/debug/net8.0/buckscience.tests.dll" id="1393749b-9888-f339-bbe0-fe7c36d53117">
      <Execution id="05e12647-ed6e-4be7-b68a-9b099ab23241" />
      <TestMethod codeBase="/home/runner/work/BuckScienceApp/BuckScienceApp/tests/BuckScience.Tests/bin/Debug/net8.0/BuckScience.Tests.dll" adapterTypeName="executor://xunit/VsTestRunner2/netcoreapp" className="BuckScience.Tests.FeatureHelperTests" name="GetFeatureIcon_ShouldReturnCorrectIcons" />
    </UnitTest>
    <UnitTest name="BuckScience.Tests.Domain.FeatureWeightTests.FeatureWeight_GetEffectiveWeight_ReturnsSeasonalWeightWhenAvailable" storage="/home/runner/work/buckscienceapp/buckscienceapp/tests/buckscience.tests/bin/debug/net8.0/buckscience.tests.dll" id="ee1257ff-a5a9-5181-9e7b-d35ad6e89445">
      <Execution id="78ca31fb-4778-4b31-a376-bed1920158db" />
      <TestMethod codeBase="/home/runner/work/BuckScienceApp/BuckScienceApp/tests/BuckScience.Tests/bin/Debug/net8.0/BuckScience.Tests.dll" adapterTypeName="executor://xunit/VsTestRunner2/netcoreapp" className="BuckScience.Tests.Domain.FeatureWeightTests" name="FeatureWeight_GetEffectiveWeight_ReturnsSeasonalWeightWhenAvailable" />
    </UnitTest>
    <UnitTest name="BuckScience.Tests.Domain.FeatureWeightTests.FeatureWeight_UpdateDefaultWeight_ValidatesWeightRange" storage="/home/runner/work/buckscienceapp/buckscienceapp/tests/buckscience.tests/bin/debug/net8.0/buckscience.tests.dll" id="d619cb92-2daa-6482-f5e5-56eaf7f3851b">
      <Execution id="39af75c4-5489-493e-b1b2-879c26e97857" />
      <TestMethod codeBase="/home/runner/work/BuckScienceApp/BuckScienceApp/tests/BuckScience.Tests/bin/Debug/net8.0/BuckScience.Tests.dll" adapterTypeName="executor://xunit/VsTestRunner2/netcoreapp" className="BuckScience.Tests.Domain.FeatureWeightTests" name="FeatureWeight_UpdateDefaultWeight_ValidatesWeightRange" />
    </UnitTest>
    <UnitTest name="BuckScience.Tests.Domain.PropertySeasonMonthsOverrideTests.PropertySeasonMonthsOverride_Constructor_WithInvalidPropertyId_ThrowsArgumentOutOfRangeException(invalidPropertyId: -100)" storage="/home/runner/work/buckscienceapp/buckscienceapp/tests/buckscience.tests/bin/debug/net8.0/buckscience.tests.dll" id="1da9127c-d651-72aa-5a84-7cfe9f562b5c">
      <Execution id="8b8a2f2c-de26-499d-b184-f71381db356e" />
      <TestMethod codeBase="/home/runner/work/BuckScienceApp/BuckScienceApp/tests/BuckScience.Tests/bin/Debug/net8.0/BuckScience.Tests.dll" adapterTypeName="executor://xunit/VsTestRunner2/netcoreapp" className="BuckScience.Tests.Domain.PropertySeasonMonthsOverrideTests" name="PropertySeasonMonthsOverride_Constructor_WithInvalidPropertyId_ThrowsArgumentOutOfRangeException" />
    </UnitTest>
    <UnitTest name="BuckScience.Tests.Domain.PropertySeasonMonthsOverrideTests.PropertySeasonMonthsOverride_RoundTripSerialization_MaintainsData(months: [6, 7, 8])" storage="/home/runner/work/buckscienceapp/buckscienceapp/tests/buckscience.tests/bin/debug/net8.0/buckscience.tests.dll" id="a9d39b02-2996-0d69-08ab-284d0ae0393a">
      <Execution id="598820e1-c434-4287-8c7b-a916351bfa75" />
      <TestMethod codeBase="/home/runner/work/BuckScienceApp/BuckScienceApp/tests/BuckScience.Tests/bin/Debug/net8.0/BuckScience.Tests.dll" adapterTypeName="executor://xunit/VsTestRunner2/netcoreapp" className="BuckScience.Tests.Domain.PropertySeasonMonthsOverrideTests" name="PropertySeasonMonthsOverride_RoundTripSerialization_MaintainsData" />
    </UnitTest>
    <UnitTest name="BuckScience.Tests.CameraPlacementHistoryTests.Camera_Move_ShouldEndCurrentPlacementAndCreateNew" storage="/home/runner/work/buckscienceapp/buckscienceapp/tests/buckscience.tests/bin/debug/net8.0/buckscience.tests.dll" id="54dac1bc-0f72-9d60-bad7-07e4a0566a24">
      <Execution id="e836ce2f-9834-4feb-aacf-6dc38c0cb9bb" />
      <TestMethod codeBase="/home/runner/work/BuckScienceApp/BuckScienceApp/tests/BuckScience.Tests/bin/Debug/net8.0/BuckScience.Tests.dll" adapterTypeName="executor://xunit/VsTestRunner2/netcoreapp" className="BuckScience.Tests.CameraPlacementHistoryTests" name="Camera_Move_ShouldEndCurrentPlacementAndCreateNew" />
    </UnitTest>
    <UnitTest name="BuckScience.Tests.CameraPlacementHistoryTests.CameraCreateVm_ShouldIncludeDirectionDegrees" storage="/home/runner/work/buckscienceapp/buckscienceapp/tests/buckscience.tests/bin/debug/net8.0/buckscience.tests.dll" id="6d7b3d93-71ec-c074-924a-c624993f0b1a">
      <Execution id="d77c9083-5028-4598-92a7-8f6e0dc67b25" />
      <TestMethod codeBase="/home/runner/work/BuckScienceApp/BuckScienceApp/tests/BuckScience.Tests/bin/Debug/net8.0/BuckScience.Tests.dll" adapterTypeName="executor://xunit/VsTestRunner2/netcoreapp" className="BuckScience.Tests.CameraPlacementHistoryTests" name="CameraCreateVm_ShouldIncludeDirectionDegrees" />
    </UnitTest>
    <UnitTest name="BuckScience.Tests.PhotoFilteringUrlExamples.BuildFilters_ConditionsParameters_ShouldParseCorrectly(conditions: &quot;Rainy&quot;, expectedConditions: [&quot;Rainy&quot;])" storage="/home/runner/work/buckscienceapp/buckscienceapp/tests/buckscience.tests/bin/debug/net8.0/buckscience.tests.dll" id="7aa5e31a-c407-5fc0-2788-70d3aa03acd3">
      <Execution id="e4e184a4-f302-4495-b850-a31264e8d397" />
      <TestMethod codeBase="/home/runner/work/BuckScienceApp/BuckScienceApp/tests/BuckScience.Tests/bin/Debug/net8.0/BuckScience.Tests.dll" adapterTypeName="executor://xunit/VsTestRunner2/netcoreapp" className="BuckScience.Tests.PhotoFilteringUrlExamples" name="BuildFilters_ConditionsParameters_ShouldParseCorrectly" />
    </UnitTest>
    <UnitTest name="BuckScience.Tests.Web.Helpers.WeatherHelpersTests.ConvertWindDirectionToText_VariousAngles_ReturnsCorrectDirection(degrees: 348.75, expected: &quot;N&quot;)" storage="/home/runner/work/buckscienceapp/buckscienceapp/tests/buckscience.tests/bin/debug/net8.0/buckscience.tests.dll" id="fa4cc283-dfe0-de36-3d73-29ab1e351353">
      <Execution id="364e3062-59b9-43de-acf7-d083a0c55a5c" />
      <TestMethod codeBase="/home/runner/work/BuckScienceApp/BuckScienceApp/tests/BuckScience.Tests/bin/Debug/net8.0/BuckScience.Tests.dll" adapterTypeName="executor://xunit/VsTestRunner2/netcoreapp" className="BuckScience.Tests.Web.Helpers.WeatherHelpersTests" name="ConvertWindDirectionToText_VariousAngles_ReturnsCorrectDirection" />
    </UnitTest>
    <UnitTest name="BuckScience.Tests.TaggingSystemTests.GetOrCreateTag_ShouldReturnExistingTag_WhenTagExists" storage="/home/runner/work/buckscienceapp/buckscienceapp/tests/buckscience.tests/bin/debug/net8.0/buckscience.tests.dll" id="f4c9aa46-811a-389b-d744-72a428dee7d2">
      <Execution id="30d1c6c6-b2f1-420f-a27b-6ee9e64225f2" />
      <TestMethod codeBase="/home/runner/work/BuckScienceApp/BuckScienceApp/tests/BuckScience.Tests/bin/Debug/net8.0/BuckScience.Tests.dll" adapterTypeName="executor://xunit/VsTestRunner2/netcoreapp" className="BuckScience.Tests.TaggingSystemTests" name="GetOrCreateTag_ShouldReturnExistingTag_WhenTagExists" />
    </UnitTest>
    <UnitTest name="BuckScience.Tests.Web.Helpers.WeatherHelpersTests.ConvertWindDirectionTextToNumeric_ValidDirections_ReturnsCorrectDegrees(direction: &quot;SSW&quot;, expected: 202.5)" storage="/home/runner/work/buckscienceapp/buckscienceapp/tests/buckscience.tests/bin/debug/net8.0/buckscience.tests.dll" id="172a47eb-7de7-c6df-b8be-70c0be7e14f7">
      <Execution id="7851ea3d-f77d-4ca7-adf1-582731ba85c2" />
      <TestMethod codeBase="/home/runner/work/BuckScienceApp/BuckScienceApp/tests/BuckScience.Tests/bin/Debug/net8.0/BuckScience.Tests.dll" adapterTypeName="executor://xunit/VsTestRunner2/netcoreapp" className="BuckScience.Tests.Web.Helpers.WeatherHelpersTests" name="ConvertWindDirectionTextToNumeric_ValidDirections_ReturnsCorrectDegrees" />
    </UnitTest>
    <UnitTest name="BuckScience.Tests.Domain.PropertyFeatureTests.Constructor_WithValidWeight_SetsWeightCorrectly(weight: 1)" storage="/home/runner/work/buckscienceapp/buckscienceapp/tests/buckscience.tests/bin/debug/net8.0/buckscience.tests.dll" id="a6b1c1b8-42d6-da05-0367-8e170c8545bb">
      <Execution id="3fed4e45-7a07-4a74-9f5f-d168e206bc4b" />
      <TestMethod codeBase="/home/runner/work/BuckScienceApp/BuckScienceApp/tests/BuckScience.Tests/bin/Debug/net8.0/BuckScience.Tests.dll" adapterTypeName="executor://xunit/VsTestRunner2/netcoreapp" className="BuckScience.Tests.Domain.PropertyFeatureTests" name="Constructor_WithValidWeight_SetsWeightCorrectly" />
    </UnitTest>
    <UnitTest name="BuckScience.Tests.Web.Helpers.WeatherHelpersTests.ConvertMoonPhaseToText_VariousValues_ReturnsCorrectText(phase: 0.40000000000000002, expected: &quot;Waxing Gibbous&quot;)" storage="/home/runner/work/buckscienceapp/buckscienceapp/tests/buckscience.tests/bin/debug/net8.0/buckscience.tests.dll" id="9f544328-b14d-2f96-b54b-781ab9cf51e8">
      <Execution id="af150ea4-74c5-4041-a3e8-3dcb2ab7b97d" />
      <TestMethod codeBase="/home/runner/work/BuckScienceApp/BuckScienceApp/tests/BuckScience.Tests/bin/Debug/net8.0/BuckScience.Tests.dll" adapterTypeName="executor://xunit/VsTestRunner2/netcoreapp" className="BuckScience.Tests.Web.Helpers.WeatherHelpersTests" name="ConvertMoonPhaseToText_VariousValues_ReturnsCorrectText" />
    </UnitTest>
    <UnitTest name="BuckScience.Tests.Web.Helpers.WeatherHelpersTests.ConvertWindDirectionTextToNumeric_ValidDirections_ReturnsCorrectDegrees(direction: &quot;ESE&quot;, expected: 112.5)" storage="/home/runner/work/buckscienceapp/buckscienceapp/tests/buckscience.tests/bin/debug/net8.0/buckscience.tests.dll" id="8bb24d97-4056-0aed-e738-d86e9d34f566">
      <Execution id="cb94e807-8962-4bfb-885c-b17b120aa058" />
      <TestMethod codeBase="/home/runner/work/BuckScienceApp/BuckScienceApp/tests/BuckScience.Tests/bin/Debug/net8.0/BuckScience.Tests.dll" adapterTypeName="executor://xunit/VsTestRunner2/netcoreapp" className="BuckScience.Tests.Web.Helpers.WeatherHelpersTests" name="ConvertWindDirectionTextToNumeric_ValidDirections_ReturnsCorrectDegrees" />
    </UnitTest>
    <UnitTest name="BuckScience.Tests.Web.Helpers.WeatherHelpersTests.ConvertMoonPhaseToText_VariousValues_ReturnsCorrectText(phase: 0.02, expected: &quot;New Moon&quot;)" storage="/home/runner/work/buckscienceapp/buckscienceapp/tests/buckscience.tests/bin/debug/net8.0/buckscience.tests.dll" id="d7049aa3-0901-3782-ef96-d1caac1bac5e">
      <Execution id="4d481e6d-f530-4737-8593-306219b1afe4" />
      <TestMethod codeBase="/home/runner/work/BuckScienceApp/BuckScienceApp/tests/BuckScience.Tests/bin/Debug/net8.0/BuckScience.Tests.dll" adapterTypeName="executor://xunit/VsTestRunner2/netcoreapp" className="BuckScience.Tests.Web.Helpers.WeatherHelpersTests" name="ConvertMoonPhaseToText_VariousValues_ReturnsCorrectText" />
    </UnitTest>
    <UnitTest name="BuckScience.Tests.Domain.MonthsAttributeTests.MonthsAttribute_Constructor_WithInvalidMonth_ThrowsArgumentOutOfRangeException(invalidMonth: 13)" storage="/home/runner/work/buckscienceapp/buckscienceapp/tests/buckscience.tests/bin/debug/net8.0/buckscience.tests.dll" id="0c283173-5d83-3aa6-5e6a-5b618b66073f">
      <Execution id="8ef89bc7-6b7e-454a-8f1b-64647ba9e867" />
      <TestMethod codeBase="/home/runner/work/BuckScienceApp/BuckScienceApp/tests/BuckScience.Tests/bin/Debug/net8.0/BuckScience.Tests.dll" adapterTypeName="executor://xunit/VsTestRunner2/netcoreapp" className="BuckScience.Tests.Domain.MonthsAttributeTests" name="MonthsAttribute_Constructor_WithInvalidMonth_ThrowsArgumentOutOfRangeException" />
    </UnitTest>
    <UnitTest name="BuckScience.Tests.Domain.PropertyFeatureTests.UpdateWeight_WithValidWeight_SetsWeightCorrectly" storage="/home/runner/work/buckscienceapp/buckscienceapp/tests/buckscience.tests/bin/debug/net8.0/buckscience.tests.dll" id="d91077c4-486f-699f-e7de-7a096da96d2b">
      <Execution id="a6cb8f29-4c56-4d57-aa95-56c85a3ada61" />
      <TestMethod codeBase="/home/runner/work/BuckScienceApp/BuckScienceApp/tests/BuckScience.Tests/bin/Debug/net8.0/BuckScience.Tests.dll" adapterTypeName="executor://xunit/VsTestRunner2/netcoreapp" className="BuckScience.Tests.Domain.PropertyFeatureTests" name="UpdateWeight_WithValidWeight_SetsWeightCorrectly" />
    </UnitTest>
    <UnitTest name="BuckScience.Tests.Domain.MonthsAttributeTests.MonthsAttribute_Constructor_WithInvalidMonth_ThrowsArgumentOutOfRangeException(invalidMonth: -1)" storage="/home/runner/work/buckscienceapp/buckscienceapp/tests/buckscience.tests/bin/debug/net8.0/buckscience.tests.dll" id="415f1005-69c1-a314-0e6a-db0b7d4bab74">
      <Execution id="e57827fe-6fff-461f-ae42-52bac8773f29" />
      <TestMethod codeBase="/home/runner/work/BuckScienceApp/BuckScienceApp/tests/BuckScience.Tests/bin/Debug/net8.0/BuckScience.Tests.dll" adapterTypeName="executor://xunit/VsTestRunner2/netcoreapp" className="BuckScience.Tests.Domain.MonthsAttributeTests" name="MonthsAttribute_Constructor_WithInvalidMonth_ThrowsArgumentOutOfRangeException" />
    </UnitTest>
    <UnitTest name="BuckScience.Tests.WeatherServiceTests.RoundCoordinates_ShouldRoundTo2DecimalPlaces" storage="/home/runner/work/buckscienceapp/buckscienceapp/tests/buckscience.tests/bin/debug/net8.0/buckscience.tests.dll" id="e79130f3-839b-5123-ac52-8ca3bb6ef8c5">
      <Execution id="b2e3df36-5480-453f-9226-2cacbde68ad5" />
      <TestMethod codeBase="/home/runner/work/BuckScienceApp/BuckScienceApp/tests/BuckScience.Tests/bin/Debug/net8.0/BuckScience.Tests.dll" adapterTypeName="executor://xunit/VsTestRunner2/netcoreapp" className="BuckScience.Tests.WeatherServiceTests" name="RoundCoordinates_ShouldRoundTo2DecimalPlaces" />
    </UnitTest>
    <UnitTest name="BuckScience.Tests.DirectionHelperTests.FromFloat_ShouldReturnCorrectDirection(degrees: 90, expectedDirection: E)" storage="/home/runner/work/buckscienceapp/buckscienceapp/tests/buckscience.tests/bin/debug/net8.0/buckscience.tests.dll" id="3456ad39-e674-a27d-da41-053fedd7e6ad">
      <Execution id="ed5907dc-3eac-49a4-a049-eb65f5a613c3" />
      <TestMethod codeBase="/home/runner/work/BuckScienceApp/BuckScienceApp/tests/BuckScience.Tests/bin/Debug/net8.0/BuckScience.Tests.dll" adapterTypeName="executor://xunit/VsTestRunner2/netcoreapp" className="BuckScience.Tests.DirectionHelperTests" name="FromFloat_ShouldReturnCorrectDirection" />
    </UnitTest>
    <UnitTest name="BuckScience.Tests.Domain.FeatureWeightTests.FeatureWeightHelper_GetDefaultWeight_ReturnsExpectedValues(type: PinchPointFunnel, expectedWeight: 0.899999976)" storage="/home/runner/work/buckscienceapp/buckscienceapp/tests/buckscience.tests/bin/debug/net8.0/buckscience.tests.dll" id="61feef70-4f4a-625c-42d0-d394030d758f">
      <Execution id="ec7adc62-c580-4252-885c-3fae414c7bb5" />
      <TestMethod codeBase="/home/runner/work/BuckScienceApp/BuckScienceApp/tests/BuckScience.Tests/bin/Debug/net8.0/BuckScience.Tests.dll" adapterTypeName="executor://xunit/VsTestRunner2/netcoreapp" className="BuckScience.Tests.Domain.FeatureWeightTests" name="FeatureWeightHelper_GetDefaultWeight_ReturnsExpectedValues" />
    </UnitTest>
    <UnitTest name="BuckScience.Tests.Domain.FeatureWeightTests.FeatureWeight_GetEffectiveWeight_FallsBackToDefaultWeight" storage="/home/runner/work/buckscienceapp/buckscienceapp/tests/buckscience.tests/bin/debug/net8.0/buckscience.tests.dll" id="bae1f3df-becb-30fb-65d6-6c7c19ab5a1d">
      <Execution id="ce746f92-f15a-4efb-a1c2-20814060b506" />
      <TestMethod codeBase="/home/runner/work/BuckScienceApp/BuckScienceApp/tests/BuckScience.Tests/bin/Debug/net8.0/BuckScience.Tests.dll" adapterTypeName="executor://xunit/VsTestRunner2/netcoreapp" className="BuckScience.Tests.Domain.FeatureWeightTests" name="FeatureWeight_GetEffectiveWeight_FallsBackToDefaultWeight" />
    </UnitTest>
    <UnitTest name="BuckScience.Tests.DirectionHelperTests.ToFloat_ShouldReturnCorrectDegrees(direction: N, expectedDegrees: 0)" storage="/home/runner/work/buckscienceapp/buckscienceapp/tests/buckscience.tests/bin/debug/net8.0/buckscience.tests.dll" id="7882d79f-7e75-7cd0-3f6e-4fc087cc8ade">
      <Execution id="51efb924-00ce-485b-9aed-138dc120b64d" />
      <TestMethod codeBase="/home/runner/work/BuckScienceApp/BuckScienceApp/tests/BuckScience.Tests/bin/Debug/net8.0/BuckScience.Tests.dll" adapterTypeName="executor://xunit/VsTestRunner2/netcoreapp" className="BuckScience.Tests.DirectionHelperTests" name="ToFloat_ShouldReturnCorrectDegrees" />
    </UnitTest>
    <UnitTest name="BuckScience.Tests.PhotoFilteringUrlExamples.BuildFilters_UrlParameters_ShouldParseCorrectly(urlParams: &quot;tempMin=10&amp;tempMax=30&quot;, expectedTempMin: 10, expectedTempMax: 30, expectedWindMin: null, expectedWindMax: null)" storage="/home/runner/work/buckscienceapp/buckscienceapp/tests/buckscience.tests/bin/debug/net8.0/buckscience.tests.dll" id="ce73eb79-a497-c2a4-9a02-ef4f9a7168c5">
      <Execution id="c44c6255-9eb4-4a6e-8340-55147cdec626" />
      <TestMethod codeBase="/home/runner/work/BuckScienceApp/BuckScienceApp/tests/BuckScience.Tests/bin/Debug/net8.0/BuckScience.Tests.dll" adapterTypeName="executor://xunit/VsTestRunner2/netcoreapp" className="BuckScience.Tests.PhotoFilteringUrlExamples" name="BuildFilters_UrlParameters_ShouldParseCorrectly" />
    </UnitTest>
    <UnitTest name="BuckScience.Tests.TaggingSystemTests.GetOrCreateTag_ShouldBeCaseInsensitive" storage="/home/runner/work/buckscienceapp/buckscienceapp/tests/buckscience.tests/bin/debug/net8.0/buckscience.tests.dll" id="18fd69b0-d054-4b67-4fab-caa28c12efff">
      <Execution id="44082322-1e7b-42c2-be1a-6406cd655d29" />
      <TestMethod codeBase="/home/runner/work/BuckScienceApp/BuckScienceApp/tests/BuckScience.Tests/bin/Debug/net8.0/BuckScience.Tests.dll" adapterTypeName="executor://xunit/VsTestRunner2/netcoreapp" className="BuckScience.Tests.TaggingSystemTests" name="GetOrCreateTag_ShouldBeCaseInsensitive" />
    </UnitTest>
    <UnitTest name="BuckScience.Tests.PhotoUploadIntegrationTests.PhotoUpload_WithoutCameraPlacement_ShouldHaveNullPlacementHistory" storage="/home/runner/work/buckscienceapp/buckscienceapp/tests/buckscience.tests/bin/debug/net8.0/buckscience.tests.dll" id="f2c9e096-86d1-9457-0421-5a040989da55">
      <Execution id="458d0cd5-901b-4393-b9fc-1b985d5a4abd" />
      <TestMethod codeBase="/home/runner/work/BuckScienceApp/BuckScienceApp/tests/BuckScience.Tests/bin/Debug/net8.0/BuckScience.Tests.dll" adapterTypeName="executor://xunit/VsTestRunner2/netcoreapp" className="BuckScience.Tests.PhotoUploadIntegrationTests" name="PhotoUpload_WithoutCameraPlacement_ShouldHaveNullPlacementHistory" />
    </UnitTest>
    <UnitTest name="BuckScience.Tests.Domain.SeasonExtensionsTests.GetDefaultMonths_AllSeasons_HaveValidAttributes" storage="/home/runner/work/buckscienceapp/buckscienceapp/tests/buckscience.tests/bin/debug/net8.0/buckscience.tests.dll" id="aecfa300-816f-69bf-9efe-1e4204feea85">
      <Execution id="22334564-2d31-4e3f-8621-1133359c1680" />
      <TestMethod codeBase="/home/runner/work/BuckScienceApp/BuckScienceApp/tests/BuckScience.Tests/bin/Debug/net8.0/BuckScience.Tests.dll" adapterTypeName="executor://xunit/VsTestRunner2/netcoreapp" className="BuckScience.Tests.Domain.SeasonExtensionsTests" name="GetDefaultMonths_AllSeasons_HaveValidAttributes" />
    </UnitTest>
    <UnitTest name="BuckScience.Tests.TaggingSystemTests.RemoveTagFromPhotos_ShouldRemoveSpecifiedTags" storage="/home/runner/work/buckscienceapp/buckscienceapp/tests/buckscience.tests/bin/debug/net8.0/buckscience.tests.dll" id="5d2b9441-7258-8eb0-806c-14775f849641">
      <Execution id="7de7b09b-bada-484b-8771-b371abdfddf9" />
      <TestMethod codeBase="/home/runner/work/BuckScienceApp/BuckScienceApp/tests/BuckScience.Tests/bin/Debug/net8.0/BuckScience.Tests.dll" adapterTypeName="executor://xunit/VsTestRunner2/netcoreapp" className="BuckScience.Tests.TaggingSystemTests" name="RemoveTagFromPhotos_ShouldRemoveSpecifiedTags" />
    </UnitTest>
    <UnitTest name="BuckScience.Tests.PhotoFilteringUrlExamples.BuildFilters_CameraParameters_ShouldParseCorrectly(cameras: &quot;1,2,3&quot;, expectedCameras: [1, 2, 3])" storage="/home/runner/work/buckscienceapp/buckscienceapp/tests/buckscience.tests/bin/debug/net8.0/buckscience.tests.dll" id="b14ae956-297a-f056-fdd7-ca8f9b76076f">
      <Execution id="f5e24abb-6930-4de1-8ed1-2af5a0e2815e" />
      <TestMethod codeBase="/home/runner/work/BuckScienceApp/BuckScienceApp/tests/BuckScience.Tests/bin/Debug/net8.0/BuckScience.Tests.dll" adapterTypeName="executor://xunit/VsTestRunner2/netcoreapp" className="BuckScience.Tests.PhotoFilteringUrlExamples" name="BuildFilters_CameraParameters_ShouldParseCorrectly" />
    </UnitTest>
    <UnitTest name="BuckScience.Tests.Web.Helpers.WeatherHelpersTests.ConvertMoonPhaseTextToNumeric_ValidText_ReturnsCorrectValue(text: &quot;Last Quarter&quot;, expected: 0.75)" storage="/home/runner/work/buckscienceapp/buckscienceapp/tests/buckscience.tests/bin/debug/net8.0/buckscience.tests.dll" id="2582410d-2726-a653-733b-0912934edde4">
      <Execution id="b15a1790-3388-45f4-9c77-d8915cc557bf" />
      <TestMethod codeBase="/home/runner/work/BuckScienceApp/BuckScienceApp/tests/BuckScience.Tests/bin/Debug/net8.0/BuckScience.Tests.dll" adapterTypeName="executor://xunit/VsTestRunner2/netcoreapp" className="BuckScience.Tests.Web.Helpers.WeatherHelpersTests" name="ConvertMoonPhaseTextToNumeric_ValidText_ReturnsCorrectValue" />
    </UnitTest>
    <UnitTest name="BuckScience.Tests.PhotoPlacementHistoryTests.Photo_SetCameraPlacementHistory_ShouldAllowNull" storage="/home/runner/work/buckscienceapp/buckscienceapp/tests/buckscience.tests/bin/debug/net8.0/buckscience.tests.dll" id="ccc07dc4-5c65-0922-771d-b881981eeb94">
      <Execution id="98af505f-b76c-4515-97ed-6b61df456422" />
      <TestMethod codeBase="/home/runner/work/BuckScienceApp/BuckScienceApp/tests/BuckScience.Tests/bin/Debug/net8.0/BuckScience.Tests.dll" adapterTypeName="executor://xunit/VsTestRunner2/netcoreapp" className="BuckScience.Tests.PhotoPlacementHistoryTests" name="Photo_SetCameraPlacementHistory_ShouldAllowNull" />
    </UnitTest>
    <UnitTest name="BuckScience.Tests.DirectionHelperTests.ToFloat_ShouldReturnCorrectDegrees(direction: SE, expectedDegrees: 135)" storage="/home/runner/work/buckscienceapp/buckscienceapp/tests/buckscience.tests/bin/debug/net8.0/buckscience.tests.dll" id="2505d350-e44a-f204-9fd8-58dd92f22763">
      <Execution id="ef2568a3-a390-4998-a023-d1c1bd73f395" />
      <TestMethod codeBase="/home/runner/work/BuckScienceApp/BuckScienceApp/tests/BuckScience.Tests/bin/Debug/net8.0/BuckScience.Tests.dll" adapterTypeName="executor://xunit/VsTestRunner2/netcoreapp" className="BuckScience.Tests.DirectionHelperTests" name="ToFloat_ShouldReturnCorrectDegrees" />
    </UnitTest>
    <UnitTest name="BuckScience.Tests.Domain.PropertyFeatureTests.Constructor_WithValidWeight_SetsWeightCorrectly(weight: 0.5)" storage="/home/runner/work/buckscienceapp/buckscienceapp/tests/buckscience.tests/bin/debug/net8.0/buckscience.tests.dll" id="df69a92c-44e3-a51a-3c69-97077bc8aa3a">
      <Execution id="6849eb60-4e37-4d7d-b98f-30cd45ffc6cb" />
      <TestMethod codeBase="/home/runner/work/BuckScienceApp/BuckScienceApp/tests/BuckScience.Tests/bin/Debug/net8.0/BuckScience.Tests.dll" adapterTypeName="executor://xunit/VsTestRunner2/netcoreapp" className="BuckScience.Tests.Domain.PropertyFeatureTests" name="Constructor_WithValidWeight_SetsWeightCorrectly" />
    </UnitTest>
    <UnitTest name="BuckScience.Tests.Web.Helpers.WeatherHelpersTests.ConvertWindDirectionToText_VariousAngles_ReturnsCorrectDirection(degrees: 33.75, expected: &quot;NE&quot;)" storage="/home/runner/work/buckscienceapp/buckscienceapp/tests/buckscience.tests/bin/debug/net8.0/buckscience.tests.dll" id="2e480f4f-8e65-8226-244e-bc56a9d64e7e">
      <Execution id="0f0dbd15-c478-4d7c-9859-890efc79c08c" />
      <TestMethod codeBase="/home/runner/work/BuckScienceApp/BuckScienceApp/tests/BuckScience.Tests/bin/Debug/net8.0/BuckScience.Tests.dll" adapterTypeName="executor://xunit/VsTestRunner2/netcoreapp" className="BuckScience.Tests.Web.Helpers.WeatherHelpersTests" name="ConvertWindDirectionToText_VariousAngles_ReturnsCorrectDirection" />
    </UnitTest>
    <UnitTest name="BuckScience.Tests.Domain.PropertySeasonMonthsOverrideTests.PropertySeasonMonthsOverride_Constructor_WithValidParameters_SetsPropertiesCorrectly" storage="/home/runner/work/buckscienceapp/buckscienceapp/tests/buckscience.tests/bin/debug/net8.0/buckscience.tests.dll" id="8a64a4c9-65f1-e14d-6fbe-7d49565403f4">
      <Execution id="653bdd0b-0117-4bb4-a998-2732993a733d" />
      <TestMethod codeBase="/home/runner/work/BuckScienceApp/BuckScienceApp/tests/BuckScience.Tests/bin/Debug/net8.0/BuckScience.Tests.dll" adapterTypeName="executor://xunit/VsTestRunner2/netcoreapp" className="BuckScience.Tests.Domain.PropertySeasonMonthsOverrideTests" name="PropertySeasonMonthsOverride_Constructor_WithValidParameters_SetsPropertiesCorrectly" />
    </UnitTest>
    <UnitTest name="BuckScience.Tests.Web.Helpers.WeatherHelpersTests.ConvertMoonPhaseTextToNumeric_InvalidText_ReturnsNull(text: &quot;   &quot;)" storage="/home/runner/work/buckscienceapp/buckscienceapp/tests/buckscience.tests/bin/debug/net8.0/buckscience.tests.dll" id="ec7cd5e3-a82c-cf66-66cc-45c1ba395a3e">
      <Execution id="e35a7b45-8508-4ee9-bd3e-475096fa7ff0" />
      <TestMethod codeBase="/home/runner/work/BuckScienceApp/BuckScienceApp/tests/BuckScience.Tests/bin/Debug/net8.0/BuckScience.Tests.dll" adapterTypeName="executor://xunit/VsTestRunner2/netcoreapp" className="BuckScience.Tests.Web.Helpers.WeatherHelpersTests" name="ConvertMoonPhaseTextToNumeric_InvalidText_ReturnsNull" />
    </UnitTest>
    <UnitTest name="BuckScience.Tests.Application.Profiles.ProfileCrudTests.CreateProfile_InvalidPropertyId_ThrowsUnauthorizedAccessException" storage="/home/runner/work/buckscienceapp/buckscienceapp/tests/buckscience.tests/bin/debug/net8.0/buckscience.tests.dll" id="7175185a-7456-021f-eecb-6c991ffd0d08">
      <Execution id="052d7246-6e1f-467e-b7bc-a7cf4d3291f3" />
      <TestMethod codeBase="/home/runner/work/BuckScienceApp/BuckScienceApp/tests/BuckScience.Tests/bin/Debug/net8.0/BuckScience.Tests.dll" adapterTypeName="executor://xunit/VsTestRunner2/netcoreapp" className="BuckScience.Tests.Application.Profiles.ProfileCrudTests" name="CreateProfile_InvalidPropertyId_ThrowsUnauthorizedAccessException" />
    </UnitTest>
    <UnitTest name="BuckScience.Tests.Application.SeasonMonthMappingServiceTests.GetMonthsForPropertyAsync_WithNullProperty_ReturnsDefaultMonths" storage="/home/runner/work/buckscienceapp/buckscienceapp/tests/buckscience.tests/bin/debug/net8.0/buckscience.tests.dll" id="2b9ecce3-1ede-532e-6e3c-66b19452e797">
      <Execution id="9b07e907-fd4a-4074-87b9-6b2d1be27ce5" />
      <TestMethod codeBase="/home/runner/work/BuckScienceApp/BuckScienceApp/tests/BuckScience.Tests/bin/Debug/net8.0/BuckScience.Tests.dll" adapterTypeName="executor://xunit/VsTestRunner2/netcoreapp" className="BuckScience.Tests.Application.SeasonMonthMappingServiceTests" name="GetMonthsForPropertyAsync_WithNullProperty_ReturnsDefaultMonths" />
    </UnitTest>
    <UnitTest name="BuckScience.Tests.Domain.PropertyFeatureTests.SetWeight_WithValidWeight_SetsWeightCorrectly" storage="/home/runner/work/buckscienceapp/buckscienceapp/tests/buckscience.tests/bin/debug/net8.0/buckscience.tests.dll" id="7711d213-9779-8d22-c44f-611f07df932a">
      <Execution id="9d428891-bb89-4339-abc1-e496a3c49167" />
      <TestMethod codeBase="/home/runner/work/BuckScienceApp/BuckScienceApp/tests/BuckScience.Tests/bin/Debug/net8.0/BuckScience.Tests.dll" adapterTypeName="executor://xunit/VsTestRunner2/netcoreapp" className="BuckScience.Tests.Domain.PropertyFeatureTests" name="SetWeight_WithValidWeight_SetsWeightCorrectly" />
    </UnitTest>
    <UnitTest name="BuckScience.Tests.TaggingRequirementsTests.Requirement2_TagUniqueness_ShouldBeEnforced" storage="/home/runner/work/buckscienceapp/buckscienceapp/tests/buckscience.tests/bin/debug/net8.0/buckscience.tests.dll" id="088d383f-5fbc-e375-2326-3e321a2adf4f">
      <Execution id="cf1b591d-1ab2-495a-82dd-c09244c97040" />
      <TestMethod codeBase="/home/runner/work/BuckScienceApp/BuckScienceApp/tests/BuckScience.Tests/bin/Debug/net8.0/BuckScience.Tests.dll" adapterTypeName="executor://xunit/VsTestRunner2/netcoreapp" className="BuckScience.Tests.TaggingRequirementsTests" name="Requirement2_TagUniqueness_ShouldBeEnforced" />
    </UnitTest>
    <UnitTest name="BuckScience.Tests.Web.Helpers.WeatherHelpersTests.ConvertMoonPhaseTextToNumeric_ValidText_ReturnsCorrectValue(text: &quot;First Quarter&quot;, expected: 0.25)" storage="/home/runner/work/buckscienceapp/buckscienceapp/tests/buckscience.tests/bin/debug/net8.0/buckscience.tests.dll" id="a7640c1c-3e1a-ff5f-a7c8-4da5a8b29af2">
      <Execution id="a1cba7f8-9469-486f-a75b-9935696c4364" />
      <TestMethod codeBase="/home/runner/work/BuckScienceApp/BuckScienceApp/tests/BuckScience.Tests/bin/Debug/net8.0/BuckScience.Tests.dll" adapterTypeName="executor://xunit/VsTestRunner2/netcoreapp" className="BuckScience.Tests.Web.Helpers.WeatherHelpersTests" name="ConvertMoonPhaseTextToNumeric_ValidText_ReturnsCorrectValue" />
    </UnitTest>
    <UnitTest name="BuckScience.Tests.DirectionHelperTests.ToFloat_ShouldReturnCorrectDegrees(direction: NW, expectedDegrees: 315)" storage="/home/runner/work/buckscienceapp/buckscienceapp/tests/buckscience.tests/bin/debug/net8.0/buckscience.tests.dll" id="26223a8b-ac6d-ffcd-1256-75d18fb727f7">
      <Execution id="c444d929-0bcd-4b06-9736-74d5eafb874f" />
      <TestMethod codeBase="/home/runner/work/BuckScienceApp/BuckScienceApp/tests/BuckScience.Tests/bin/Debug/net8.0/BuckScience.Tests.dll" adapterTypeName="executor://xunit/VsTestRunner2/netcoreapp" className="BuckScience.Tests.DirectionHelperTests" name="ToFloat_ShouldReturnCorrectDegrees" />
    </UnitTest>
    <UnitTest name="BuckScience.Tests.Application.Profiles.ProfileCrudTests.UpdateProfile_ValidData_UpdatesProfile" storage="/home/runner/work/buckscienceapp/buckscienceapp/tests/buckscience.tests/bin/debug/net8.0/buckscience.tests.dll" id="23376aab-8018-81b3-8b3c-57bc8b0141ed">
      <Execution id="f055c0c2-8a8e-42fa-b897-32e0ff59716a" />
      <TestMethod codeBase="/home/runner/work/BuckScienceApp/BuckScienceApp/tests/BuckScience.Tests/bin/Debug/net8.0/BuckScience.Tests.dll" adapterTypeName="executor://xunit/VsTestRunner2/netcoreapp" className="BuckScience.Tests.Application.Profiles.ProfileCrudTests" name="UpdateProfile_ValidData_UpdatesProfile" />
    </UnitTest>
    <UnitTest name="BuckScience.Tests.Domain.FeatureWeightTests.FeatureWeight_SetSeasonalWeights_ValidatesWeightRange" storage="/home/runner/work/buckscienceapp/buckscienceapp/tests/buckscience.tests/bin/debug/net8.0/buckscience.tests.dll" id="6e1a460b-06b0-f626-b520-bfe11fd26de1">
      <Execution id="f6a2f31d-53b7-4991-94b1-0daf27536134" />
      <TestMethod codeBase="/home/runner/work/BuckScienceApp/BuckScienceApp/tests/BuckScience.Tests/bin/Debug/net8.0/BuckScience.Tests.dll" adapterTypeName="executor://xunit/VsTestRunner2/netcoreapp" className="BuckScience.Tests.Domain.FeatureWeightTests" name="FeatureWeight_SetSeasonalWeights_ValidatesWeightRange" />
    </UnitTest>
    <UnitTest name="BuckScience.Tests.PhotoFilteringUrlExamples.PhotoFiltering_RealWorldScenario_MoonPhaseAndConditions" storage="/home/runner/work/buckscienceapp/buckscienceapp/tests/buckscience.tests/bin/debug/net8.0/buckscience.tests.dll" id="80f7e275-5c62-bf32-953c-a522d71f0911">
      <Execution id="a1fa2932-4bd2-4d28-ad93-588378d9a7d5" />
      <TestMethod codeBase="/home/runner/work/BuckScienceApp/BuckScienceApp/tests/BuckScience.Tests/bin/Debug/net8.0/BuckScience.Tests.dll" adapterTypeName="executor://xunit/VsTestRunner2/netcoreapp" className="BuckScience.Tests.PhotoFilteringUrlExamples" name="PhotoFiltering_RealWorldScenario_MoonPhaseAndConditions" />
    </UnitTest>
    <UnitTest name="BuckScience.Tests.Application.PropertyFeatureApplicationTests.CreatePropertyFeature_WithInvalidWeight_ThrowsArgumentOutOfRangeException" storage="/home/runner/work/buckscienceapp/buckscienceapp/tests/buckscience.tests/bin/debug/net8.0/buckscience.tests.dll" id="44b98cc9-e1a6-60bb-436a-f6cfa2554196">
      <Execution id="0cf7a27c-3b37-43aa-a480-b263a8c843c6" />
      <TestMethod codeBase="/home/runner/work/BuckScienceApp/BuckScienceApp/tests/BuckScience.Tests/bin/Debug/net8.0/BuckScience.Tests.dll" adapterTypeName="executor://xunit/VsTestRunner2/netcoreapp" className="BuckScience.Tests.Application.PropertyFeatureApplicationTests" name="CreatePropertyFeature_WithInvalidWeight_ThrowsArgumentOutOfRangeException" />
    </UnitTest>
    <UnitTest name="BuckScience.Tests.Web.Helpers.WeatherHelpersTests.ConvertWindDirectionTextToNumeric_ValidDirections_ReturnsCorrectDegrees(direction: &quot;WSW&quot;, expected: 247.5)" storage="/home/runner/work/buckscienceapp/buckscienceapp/tests/buckscience.tests/bin/debug/net8.0/buckscience.tests.dll" id="117d72dd-b186-d8e9-ce14-8d711079c929">
      <Execution id="751c0ffe-3f10-4e8d-86fd-2c41501d5abb" />
      <TestMethod codeBase="/home/runner/work/BuckScienceApp/BuckScienceApp/tests/BuckScience.Tests/bin/Debug/net8.0/BuckScience.Tests.dll" adapterTypeName="executor://xunit/VsTestRunner2/netcoreapp" className="BuckScience.Tests.Web.Helpers.WeatherHelpersTests" name="ConvertWindDirectionTextToNumeric_ValidDirections_ReturnsCorrectDegrees" />
    </UnitTest>
  </TestDefinitions>
  <TestEntries>
    <TestEntry testId="226e9057-54c6-53d9-d48c-5a3aaedbb305" executionId="615629b0-cf14-49b1-bbc9-9f0accf85f90" testListId="8c84fa94-04c1-424b-9868-57a2d4851a1d" />
    <TestEntry testId="5a1b2923-7867-c9d7-9184-902164877e6b" executionId="7b75d18f-4935-4883-9282-e0c20329982f" testListId="8c84fa94-04c1-424b-9868-57a2d4851a1d" />
    <TestEntry testId="8c733a46-a4ea-1620-69ec-bdd69e48dc0b" executionId="8fbe25e0-9398-47c2-a693-277fe0c20602" testListId="8c84fa94-04c1-424b-9868-57a2d4851a1d" />
    <TestEntry testId="994b105a-2d3c-5d2b-62ff-1c998f53f588" executionId="7c95849c-fad7-4467-9cc2-a01e6450e568" testListId="8c84fa94-04c1-424b-9868-57a2d4851a1d" />
    <TestEntry testId="73d0473b-eb3b-71b8-da90-00961c42343e" executionId="989b7ac8-bf06-4fb3-8512-5a1654fb415c" testListId="8c84fa94-04c1-424b-9868-57a2d4851a1d" />
    <TestEntry testId="a1855258-2f38-7695-fb75-dcfca8f4ee44" executionId="7caf470e-fb25-4659-a00e-79da520ceb9a" testListId="8c84fa94-04c1-424b-9868-57a2d4851a1d" />
    <TestEntry testId="531c078f-331c-97b0-43b5-206453bfc074" executionId="0dfd8077-d7b4-4006-b2da-cdbe560ec45d" testListId="8c84fa94-04c1-424b-9868-57a2d4851a1d" />
    <TestEntry testId="ce7424f3-8800-2916-ce22-d9c4a6a2d917" executionId="841e99ec-7247-4932-bc82-937a1ac989cc" testListId="8c84fa94-04c1-424b-9868-57a2d4851a1d" />
    <TestEntry testId="28faaf32-b614-3b46-c8af-acfb48482d8d" executionId="aa46a2ea-80d8-4dd2-8efd-964d6ea1016e" testListId="8c84fa94-04c1-424b-9868-57a2d4851a1d" />
    <TestEntry testId="305d09f5-4e54-c015-79c0-ffb75c48bf18" executionId="61503a91-766b-4ca0-a342-90da0aa8f9cc" testListId="8c84fa94-04c1-424b-9868-57a2d4851a1d" />
    <TestEntry testId="5586d107-f84a-20c0-07c2-a380e15c327c" executionId="2f5ea31c-e7c0-47b4-98b4-8e1dae308091" testListId="8c84fa94-04c1-424b-9868-57a2d4851a1d" />
    <TestEntry testId="1393749b-9888-f339-bbe0-fe7c36d53117" executionId="05e12647-ed6e-4be7-b68a-9b099ab23241" testListId="8c84fa94-04c1-424b-9868-57a2d4851a1d" />
    <TestEntry testId="5258a2d0-41cb-c3df-1e8f-eff8f92d5e7f" executionId="f8d71ce2-9570-479a-8ddc-410957c71695" testListId="8c84fa94-04c1-424b-9868-57a2d4851a1d" />
    <TestEntry testId="1798213c-35a3-cbbc-3a0a-8843aace427d" executionId="ec7e1060-dd87-4798-85be-eac1c99aa330" testListId="8c84fa94-04c1-424b-9868-57a2d4851a1d" />
    <TestEntry testId="f2c9e096-86d1-9457-0421-5a040989da55" executionId="458d0cd5-901b-4393-b9fc-1b985d5a4abd" testListId="8c84fa94-04c1-424b-9868-57a2d4851a1d" />
    <TestEntry testId="62aa58ea-9077-0f9e-c60d-aafd4a8d0ad6" executionId="b7a1e323-8224-4dc1-960e-166d95f84e21" testListId="8c84fa94-04c1-424b-9868-57a2d4851a1d" />
    <TestEntry testId="e6b5dbec-3ede-e88e-98ad-309ef50c1b15" executionId="e4135b56-bb75-45a2-8809-b93b5592d3be" testListId="8c84fa94-04c1-424b-9868-57a2d4851a1d" />
    <TestEntry testId="9cd7f192-bb9b-abd8-007d-2585a8ffb5e9" executionId="36ce91b9-6744-42fa-bb54-0ad70f669801" testListId="8c84fa94-04c1-424b-9868-57a2d4851a1d" />
    <TestEntry testId="2e93bee1-fb36-0850-7490-5577524da5c2" executionId="f9812be7-281b-4f4a-8a2a-f4abdedc915a" testListId="8c84fa94-04c1-424b-9868-57a2d4851a1d" />
    <TestEntry testId="117d72dd-b186-d8e9-ce14-8d711079c929" executionId="751c0ffe-3f10-4e8d-86fd-2c41501d5abb" testListId="8c84fa94-04c1-424b-9868-57a2d4851a1d" />
    <TestEntry testId="d10743fd-41b6-9a87-757a-05484dce75fb" executionId="5972ec40-cf51-4d25-b692-ba3745c9d536" testListId="8c84fa94-04c1-424b-9868-57a2d4851a1d" />
    <TestEntry testId="c91192db-21fb-4e08-e57b-721298eb140d" executionId="4fabea3b-4dbf-4ca4-83f9-6b54186cc865" testListId="8c84fa94-04c1-424b-9868-57a2d4851a1d" />
    <TestEntry testId="407fdbb6-f29a-a8a2-0277-cd698b7b57a7" executionId="230883db-25f0-4c4c-a0dd-fce1ef53361e" testListId="8c84fa94-04c1-424b-9868-57a2d4851a1d" />
    <TestEntry testId="1da9127c-d651-72aa-5a84-7cfe9f562b5c" executionId="8b8a2f2c-de26-499d-b184-f71381db356e" testListId="8c84fa94-04c1-424b-9868-57a2d4851a1d" />
    <TestEntry testId="7d1b1cf4-8561-5b1e-3cb0-e9438583a7c7" executionId="2b72e618-1da2-4533-a037-8bc7016ea4c1" testListId="8c84fa94-04c1-424b-9868-57a2d4851a1d" />
    <TestEntry testId="1d7b16e9-5047-ebb1-e4a1-207c49ea6bcd" executionId="6aad4091-8c55-4f61-9ead-051a8ea0b2d3" testListId="8c84fa94-04c1-424b-9868-57a2d4851a1d" />
    <TestEntry testId="9b597749-8f28-5ece-3f0e-b5bb4e23820c" executionId="3f4c15da-a6ae-4067-b870-87cc53f95f71" testListId="8c84fa94-04c1-424b-9868-57a2d4851a1d" />
    <TestEntry testId="310112f5-4d07-717c-55f6-37a269d700ab" executionId="07308f0d-1a7d-4d07-9e9d-b8f2b86adefd" testListId="8c84fa94-04c1-424b-9868-57a2d4851a1d" />
    <TestEntry testId="5184c208-ba66-a1eb-00ca-490830c3b61a" executionId="bb526717-f071-4a8d-b9e4-30dd02687417" testListId="8c84fa94-04c1-424b-9868-57a2d4851a1d" />
    <TestEntry testId="e6069ec8-dd96-68b5-2039-b29d0b89d8eb" executionId="740d1720-4807-43d2-939d-99e117025a29" testListId="8c84fa94-04c1-424b-9868-57a2d4851a1d" />
    <TestEntry testId="64fa6710-678a-0a23-7d5a-26a655d565e8" executionId="f6693d25-d937-4d9c-938b-1ce395dceffe" testListId="8c84fa94-04c1-424b-9868-57a2d4851a1d" />
    <TestEntry testId="35d57337-18a5-4629-635a-b25a895ec8a2" executionId="5f88ba88-780c-4a30-8678-d7747f6070d4" testListId="8c84fa94-04c1-424b-9868-57a2d4851a1d" />
    <TestEntry testId="7af06183-9c70-25ca-b4dd-507d650d671c" executionId="4ccb8712-6656-49d9-b60f-9e1fb79017f5" testListId="8c84fa94-04c1-424b-9868-57a2d4851a1d" />
    <TestEntry testId="6a32519d-0b48-1a74-f23b-101b1449f4f4" executionId="4ac65dd8-150d-47c5-ae92-6cebc035af14" testListId="8c84fa94-04c1-424b-9868-57a2d4851a1d" />
    <TestEntry testId="b14ae956-297a-f056-fdd7-ca8f9b76076f" executionId="f5e24abb-6930-4de1-8ed1-2af5a0e2815e" testListId="8c84fa94-04c1-424b-9868-57a2d4851a1d" />
    <TestEntry testId="3456ad39-e674-a27d-da41-053fedd7e6ad" executionId="ed5907dc-3eac-49a4-a049-eb65f5a613c3" testListId="8c84fa94-04c1-424b-9868-57a2d4851a1d" />
    <TestEntry testId="7aa5e31a-c407-5fc0-2788-70d3aa03acd3" executionId="e4e184a4-f302-4495-b850-a31264e8d397" testListId="8c84fa94-04c1-424b-9868-57a2d4851a1d" />
    <TestEntry testId="b96d0d20-292a-e609-b515-79cd877929d7" executionId="6ba2c08d-abb7-442f-ae5f-700cd6790d39" testListId="8c84fa94-04c1-424b-9868-57a2d4851a1d" />
    <TestEntry testId="dc5b4323-69df-5b53-04b8-b2edd86e4211" executionId="7eee204a-4b53-4fb0-984b-6ab43cfcb5c3" testListId="8c84fa94-04c1-424b-9868-57a2d4851a1d" />
    <TestEntry testId="7b1afa91-2553-0542-d21b-b944f43fb732" executionId="296fca96-c020-42fa-a64b-84a4b18b0679" testListId="8c84fa94-04c1-424b-9868-57a2d4851a1d" />
    <TestEntry testId="d6582cc4-f5d7-7ddd-419a-8856fe5530f3" executionId="87df67f1-f136-4f57-8e1c-d9abd8b8c048" testListId="8c84fa94-04c1-424b-9868-57a2d4851a1d" />
    <TestEntry testId="24c340fb-d377-9a86-7f7b-24671f6c604a" executionId="ce5d1097-f028-4b43-a2f7-fefbde7d1243" testListId="8c84fa94-04c1-424b-9868-57a2d4851a1d" />
    <TestEntry testId="0df754ab-3374-deab-a269-326e3752e38a" executionId="40cdd906-50af-4a95-a9bb-0c33fdacba50" testListId="8c84fa94-04c1-424b-9868-57a2d4851a1d" />
    <TestEntry testId="87537a65-edc4-293b-e0c7-ff87f3dc8e79" executionId="949c4cd3-3115-44de-946b-56d170d84091" testListId="8c84fa94-04c1-424b-9868-57a2d4851a1d" />
    <TestEntry testId="e59f6969-24d1-ee70-57fe-d99344040a63" executionId="f4e8278a-ff89-4950-ad6d-ff9196a9e65f" testListId="8c84fa94-04c1-424b-9868-57a2d4851a1d" />
    <TestEntry testId="f950f79e-ba5e-b1e8-b4c0-7c88acd39e8b" executionId="8c81c4a4-29db-4509-aa91-b9475d14c339" testListId="8c84fa94-04c1-424b-9868-57a2d4851a1d" />
    <TestEntry testId="282510b6-3046-16e6-500c-da1402387fc9" executionId="902d1b2e-11c1-4439-b447-9c7facc2fc1b" testListId="8c84fa94-04c1-424b-9868-57a2d4851a1d" />
    <TestEntry testId="a6b1c1b8-42d6-da05-0367-8e170c8545bb" executionId="3fed4e45-7a07-4a74-9f5f-d168e206bc4b" testListId="8c84fa94-04c1-424b-9868-57a2d4851a1d" />
    <TestEntry testId="9f164cb9-b0ee-2833-0b35-619b21bae903" executionId="37141881-bc30-472b-abb7-975e2735ed5a" testListId="8c84fa94-04c1-424b-9868-57a2d4851a1d" />
    <TestEntry testId="386e0330-7309-7b37-24f5-0984d80d3723" executionId="0f98b252-0872-4793-8069-6082a719da6b" testListId="8c84fa94-04c1-424b-9868-57a2d4851a1d" />
    <TestEntry testId="702f6073-82fe-153e-00ca-63e8665d8828" executionId="71bed965-4405-4d59-be82-87a57bf0a229" testListId="8c84fa94-04c1-424b-9868-57a2d4851a1d" />
    <TestEntry testId="5d43f699-35d1-a4da-58e9-d0a22f0dcdd2" executionId="b7918732-e4eb-4b26-a557-b8794514569a" testListId="8c84fa94-04c1-424b-9868-57a2d4851a1d" />
    <TestEntry testId="f36a8701-085e-04e9-1108-0b102bccb765" executionId="de7b0213-f5ea-4c95-bd57-fa525e69cf4b" testListId="8c84fa94-04c1-424b-9868-57a2d4851a1d" />
    <TestEntry testId="8dc17fe0-66a4-6cf2-3749-0f755c367e4d" executionId="560323ab-53e3-4552-80d3-2518625ce9a5" testListId="8c84fa94-04c1-424b-9868-57a2d4851a1d" />
    <TestEntry testId="396d4f9b-ac51-22fa-04b5-9956711699f1" executionId="ab07a35d-546d-4c36-b1ca-26f849f37611" testListId="8c84fa94-04c1-424b-9868-57a2d4851a1d" />
    <TestEntry testId="e7cf9e58-42dd-8f47-eefc-754488b66343" executionId="de83778c-1d35-48be-be1e-6da6ae6085cb" testListId="8c84fa94-04c1-424b-9868-57a2d4851a1d" />
    <TestEntry testId="49d22b5a-8a11-c5d8-4359-de2ffd90b380" executionId="05beb6d5-c6f8-4d36-936b-084bcbe6ce6c" testListId="8c84fa94-04c1-424b-9868-57a2d4851a1d" />
    <TestEntry testId="6acfe581-a1ff-0243-6a25-fa30ab98af8f" executionId="1d585afa-146b-4a51-88b8-9af5a9621b83" testListId="8c84fa94-04c1-424b-9868-57a2d4851a1d" />
    <TestEntry testId="90576d28-8c3e-aa47-8e92-100b02ac5a05" executionId="1b5f232c-d0a9-4731-a3f4-8a5fb716c7cf" testListId="8c84fa94-04c1-424b-9868-57a2d4851a1d" />
    <TestEntry testId="87e55bdd-4276-ed24-3a0c-df1323a9e2c9" executionId="1fec62fe-3d19-4183-874e-68794100fb95" testListId="8c84fa94-04c1-424b-9868-57a2d4851a1d" />
    <TestEntry testId="18fd69b0-d054-4b67-4fab-caa28c12efff" executionId="44082322-1e7b-42c2-be1a-6406cd655d29" testListId="8c84fa94-04c1-424b-9868-57a2d4851a1d" />
    <TestEntry testId="d781b83d-5216-d63d-acc7-8c5d47cd7ccf" executionId="8238a150-6fc6-4137-8f50-b20149aec350" testListId="8c84fa94-04c1-424b-9868-57a2d4851a1d" />
    <TestEntry testId="6ddbf3e0-3ece-b657-908f-2948ae07368f" executionId="e4ce9a44-3bbf-4838-b745-46f99412c4a0" testListId="8c84fa94-04c1-424b-9868-57a2d4851a1d" />
    <TestEntry testId="40701e53-787e-9af9-e51e-796a4964c5fd" executionId="00508420-bf70-40b0-b10d-84115f3c35ca" testListId="8c84fa94-04c1-424b-9868-57a2d4851a1d" />
    <TestEntry testId="f2a53262-1031-8641-ce23-2061a5c39410" executionId="40efc2b0-f1ad-4e80-9403-35643dc3a3df" testListId="8c84fa94-04c1-424b-9868-57a2d4851a1d" />
    <TestEntry testId="22d4e883-d516-a3c1-91a6-c6ccca686050" executionId="bbd93d81-17c7-4b5f-accf-b192f202bd89" testListId="8c84fa94-04c1-424b-9868-57a2d4851a1d" />
    <TestEntry testId="6e1a460b-06b0-f626-b520-bfe11fd26de1" executionId="f6a2f31d-53b7-4991-94b1-0daf27536134" testListId="8c84fa94-04c1-424b-9868-57a2d4851a1d" />
    <TestEntry testId="7f448030-c6f3-ad7f-1c7b-809f60db9d71" executionId="1e5939fd-1e75-43e4-82dd-b3bd76321c1e" testListId="8c84fa94-04c1-424b-9868-57a2d4851a1d" />
    <TestEntry testId="78d335ed-d8a0-4e68-1b07-0e64ec6fcf01" executionId="5b77c9f5-4f5e-4ead-a9b6-4a6c25e5fd7d" testListId="8c84fa94-04c1-424b-9868-57a2d4851a1d" />
    <TestEntry testId="e35c95a4-d974-6814-c593-743bae04117a" executionId="c1d5326f-4328-4ca8-b2b7-c2852e81b711" testListId="8c84fa94-04c1-424b-9868-57a2d4851a1d" />
    <TestEntry testId="0046d277-9b70-8213-d3d2-32e9f1ff9915" executionId="44dea955-e9a6-4556-9808-eea06e6648ed" testListId="8c84fa94-04c1-424b-9868-57a2d4851a1d" />
    <TestEntry testId="356cc39e-f096-9eaf-df3c-a4d73a8c57b9" executionId="a0b9e24b-6d0c-4d9c-82f0-c33590c7b623" testListId="8c84fa94-04c1-424b-9868-57a2d4851a1d" />
    <TestEntry testId="df8d3f6f-dec6-fe48-30b1-4504bb2aa651" executionId="fd772f3f-7ab8-4464-83fd-955b95cb8641" testListId="8c84fa94-04c1-424b-9868-57a2d4851a1d" />
    <TestEntry testId="b8a41320-c868-9123-86b4-03e71d0ff6ef" executionId="a3f938c4-6c5e-4621-952d-c3dbd1934615" testListId="8c84fa94-04c1-424b-9868-57a2d4851a1d" />
    <TestEntry testId="088d383f-5fbc-e375-2326-3e321a2adf4f" executionId="cf1b591d-1ab2-495a-82dd-c09244c97040" testListId="8c84fa94-04c1-424b-9868-57a2d4851a1d" />
    <TestEntry testId="7f31b8c1-231f-a39c-8870-f0d4abe51343" executionId="e95b9895-39fd-4fd7-8fce-81bf1510ec8a" testListId="8c84fa94-04c1-424b-9868-57a2d4851a1d" />
    <TestEntry testId="0161b4d2-48af-5756-816a-41884dcebe59" executionId="304aadf4-120d-4ea4-a587-ccc9d79593e3" testListId="8c84fa94-04c1-424b-9868-57a2d4851a1d" />
    <TestEntry testId="8f75422e-f196-d0f3-b885-da9f9acf8fde" executionId="0818d4f1-09c9-4665-8187-668ddee1dafd" testListId="8c84fa94-04c1-424b-9868-57a2d4851a1d" />
    <TestEntry testId="2505d350-e44a-f204-9fd8-58dd92f22763" executionId="ef2568a3-a390-4998-a023-d1c1bd73f395" testListId="8c84fa94-04c1-424b-9868-57a2d4851a1d" />
    <TestEntry testId="75b50791-58b3-a264-c6bb-b7e6f52f0f9b" executionId="8b8c4cdb-896b-4403-96b8-7d18c5871c9b" testListId="8c84fa94-04c1-424b-9868-57a2d4851a1d" />
    <TestEntry testId="f691e718-46df-21d8-be15-dfb8d4456f03" executionId="cd9106bf-6fa4-4199-bebb-a1b17d874c6d" testListId="8c84fa94-04c1-424b-9868-57a2d4851a1d" />
    <TestEntry testId="9323afa7-c6a5-6a33-bb74-8f4b3b4998d0" executionId="a4d8085b-757b-428c-92d7-e9fd8cd362e7" testListId="8c84fa94-04c1-424b-9868-57a2d4851a1d" />
    <TestEntry testId="596b7c00-efcf-3d4d-3dbb-d2705ed5b371" executionId="6343a01e-ea12-44ec-babd-0a22deadb658" testListId="8c84fa94-04c1-424b-9868-57a2d4851a1d" />
    <TestEntry testId="2e480f4f-8e65-8226-244e-bc56a9d64e7e" executionId="0f0dbd15-c478-4d7c-9859-890efc79c08c" testListId="8c84fa94-04c1-424b-9868-57a2d4851a1d" />
    <TestEntry testId="abed9d03-2d03-a6ea-317e-f9cbae3ef978" executionId="b26a1828-b03e-442e-b834-c0a7c9fe8664" testListId="8c84fa94-04c1-424b-9868-57a2d4851a1d" />
    <TestEntry testId="3e754e7c-3120-cf7a-7a68-ce1c9a477533" executionId="4bd4f62f-cf79-4dfc-b86c-ddc51b45bd5b" testListId="8c84fa94-04c1-424b-9868-57a2d4851a1d" />
    <TestEntry testId="65305c54-3e3e-31b1-f5dd-4a4bc66b7c08" executionId="5161b3f9-6e1e-48cf-aff9-bf9534e547e5" testListId="8c84fa94-04c1-424b-9868-57a2d4851a1d" />
    <TestEntry testId="b2bd5000-3749-abcf-9228-2b95c005c687" executionId="3f40e200-27e9-4eb0-ab5e-382250dbecef" testListId="8c84fa94-04c1-424b-9868-57a2d4851a1d" />
    <TestEntry testId="22960b58-9cb3-5bbf-01a8-8b59f0364e15" executionId="0f350d9c-802a-4bbc-959a-472d8313296a" testListId="8c84fa94-04c1-424b-9868-57a2d4851a1d" />
    <TestEntry testId="d983931e-3379-4c6a-5c76-852ec2540d36" executionId="40c91e35-ffd1-426e-a31a-90c946d4f5e5" testListId="8c84fa94-04c1-424b-9868-57a2d4851a1d" />
    <TestEntry testId="df69a92c-44e3-a51a-3c69-97077bc8aa3a" executionId="6849eb60-4e37-4d7d-b98f-30cd45ffc6cb" testListId="8c84fa94-04c1-424b-9868-57a2d4851a1d" />
    <TestEntry testId="9e5e4569-9acc-0235-4e91-ee81d67e124e" executionId="7f746e54-25e3-4796-ae4b-9928ff4f1aee" testListId="8c84fa94-04c1-424b-9868-57a2d4851a1d" />
    <TestEntry testId="46eed830-2953-fcd5-c0a0-3903ea3c299a" executionId="67084a0c-e4d5-496e-b2ed-e3eda5555032" testListId="8c84fa94-04c1-424b-9868-57a2d4851a1d" />
    <TestEntry testId="a8cebbec-cc48-449c-a357-e8867b7cdbdf" executionId="a87a4ec5-1b2a-4c12-8de2-409a684f043a" testListId="8c84fa94-04c1-424b-9868-57a2d4851a1d" />
    <TestEntry testId="d269bbab-e11e-9189-e523-cf92a42762f7" executionId="cccabd4a-ec7b-472e-b421-d7558015b271" testListId="8c84fa94-04c1-424b-9868-57a2d4851a1d" />
    <TestEntry testId="5ad698c0-31c3-b3d2-caa9-9fa5ad866948" executionId="fe698a0b-b9f7-4ce1-9cb5-819d6fcddf6d" testListId="8c84fa94-04c1-424b-9868-57a2d4851a1d" />
    <TestEntry testId="6d9ecacc-771f-c0f8-81b8-e7f5f5ecfa5f" executionId="4f34d190-a0b7-445d-88fb-64d97931f1f3" testListId="8c84fa94-04c1-424b-9868-57a2d4851a1d" />
    <TestEntry testId="17d2bd4a-a575-7ccc-1676-102dfc4795d6" executionId="cfb5c143-3472-4ec9-a57f-83a196d89024" testListId="8c84fa94-04c1-424b-9868-57a2d4851a1d" />
    <TestEntry testId="d85c6fd3-7663-9ff2-9595-f7d77c06aa38" executionId="197a9938-d354-47b7-a8a9-5814c1ddce0b" testListId="8c84fa94-04c1-424b-9868-57a2d4851a1d" />
    <TestEntry testId="231e01f7-8ce3-c622-6ddb-f4a558f73635" executionId="58980f3c-6b40-4f8b-a3f6-8c53c59b6c31" testListId="8c84fa94-04c1-424b-9868-57a2d4851a1d" />
    <TestEntry testId="b10f5741-388a-3ae9-2087-f07485587a15" executionId="78a5cc2d-dc84-4327-af7a-1ae6be52616c" testListId="8c84fa94-04c1-424b-9868-57a2d4851a1d" />
    <TestEntry testId="7264d755-3cfa-51c2-00b7-8c3c5d03bdbd" executionId="8325ddb0-d1c0-41b4-a96c-e89f699aaa46" testListId="8c84fa94-04c1-424b-9868-57a2d4851a1d" />
    <TestEntry testId="68647ad1-4f74-1b97-159d-5659e9979e01" executionId="6e46f5d5-ac87-44aa-b768-35775998544e" testListId="8c84fa94-04c1-424b-9868-57a2d4851a1d" />
    <TestEntry testId="4bb73173-b83c-b642-8102-032feaeaf8ff" executionId="e91202cd-7926-4738-b59a-e4e751ff1eb0" testListId="8c84fa94-04c1-424b-9868-57a2d4851a1d" />
    <TestEntry testId="94acb547-5f92-9634-547a-02395bd6053e" executionId="fd8e5f4e-204d-47ab-8b44-2db1d8a660d9" testListId="8c84fa94-04c1-424b-9868-57a2d4851a1d" />
    <TestEntry testId="59d49ae8-fe17-c8a4-30e6-e31bf9671e6d" executionId="e8848dac-ed1c-44d1-adef-3114f3d63caf" testListId="8c84fa94-04c1-424b-9868-57a2d4851a1d" />
    <TestEntry testId="0eac1afa-cee8-c2b1-e775-7c9bd515bfb3" executionId="ae6fd4dd-bb85-48d6-8b3f-6c459c227aa0" testListId="8c84fa94-04c1-424b-9868-57a2d4851a1d" />
    <TestEntry testId="46a7f553-bbcf-0c84-0101-71d2924c06c9" executionId="1da5a422-d31f-48ef-b3fe-a511f40cce52" testListId="8c84fa94-04c1-424b-9868-57a2d4851a1d" />
    <TestEntry testId="57fdcf56-cdf1-9f39-baba-1b1c695971d5" executionId="588c4adc-1c7e-4b01-b1a6-c3df05ab9886" testListId="8c84fa94-04c1-424b-9868-57a2d4851a1d" />
    <TestEntry testId="d3a4b1bb-6aeb-d30b-4b3c-0f1cdc5eac6e" executionId="8ceb2a93-41dd-48f5-b290-bcbb2ece4bde" testListId="8c84fa94-04c1-424b-9868-57a2d4851a1d" />
    <TestEntry testId="a52561ca-dbe3-d21e-cc1f-fbc0bb577901" executionId="794c2d2d-8c6a-48b0-9819-cd37465a9938" testListId="8c84fa94-04c1-424b-9868-57a2d4851a1d" />
    <TestEntry testId="520cf6eb-1b87-3f3a-4e2f-2f4e620f4b62" executionId="bd6f10f5-e18d-43a7-9a9f-2d0625558371" testListId="8c84fa94-04c1-424b-9868-57a2d4851a1d" />
    <TestEntry testId="185a6cd6-33af-0e1e-0bd1-2a440f9d65a0" executionId="96895332-16d5-496c-a226-629bc197d15b" testListId="8c84fa94-04c1-424b-9868-57a2d4851a1d" />
    <TestEntry testId="a9d39b02-2996-0d69-08ab-284d0ae0393a" executionId="598820e1-c434-4287-8c7b-a916351bfa75" testListId="8c84fa94-04c1-424b-9868-57a2d4851a1d" />
    <TestEntry testId="9e88128c-c893-0f4c-cf4f-ba4eb6951e77" executionId="bea0d65b-27c3-489d-ab81-651c8a8070c0" testListId="8c84fa94-04c1-424b-9868-57a2d4851a1d" />
    <TestEntry testId="8d324366-3662-08e0-9537-a5a51d46bda5" executionId="22c70a2d-3f2c-4eaa-b4a6-b1af676d7582" testListId="8c84fa94-04c1-424b-9868-57a2d4851a1d" />
    <TestEntry testId="9ad59ac2-75e0-43fa-c7a4-360f06bdf706" executionId="3a9ca92d-0d6c-4026-93fb-8d69b12e6982" testListId="8c84fa94-04c1-424b-9868-57a2d4851a1d" />
    <TestEntry testId="aecfa300-816f-69bf-9efe-1e4204feea85" executionId="22334564-2d31-4e3f-8621-1133359c1680" testListId="8c84fa94-04c1-424b-9868-57a2d4851a1d" />
    <TestEntry testId="5d068b70-09ca-86be-04bc-7a667c7e0484" executionId="c8a099e5-03dc-427d-9c3c-67eb218378d8" testListId="8c84fa94-04c1-424b-9868-57a2d4851a1d" />
    <TestEntry testId="c005721b-05db-8d7a-5eea-e90626721b80" executionId="0fd18190-e1a1-4bdd-afd1-a40c2253a110" testListId="8c84fa94-04c1-424b-9868-57a2d4851a1d" />
    <TestEntry testId="1634510e-087e-a71c-61ba-55901a3677cc" executionId="17215a67-e286-4078-adf6-1bbcf71397f3" testListId="8c84fa94-04c1-424b-9868-57a2d4851a1d" />
    <TestEntry testId="c900e632-ca6a-8d11-765e-c59876f4f7f8" executionId="4be3f372-e505-43c6-9b8d-788c31dbf03e" testListId="8c84fa94-04c1-424b-9868-57a2d4851a1d" />
    <TestEntry testId="5c035d64-72fa-5f12-cc21-1e89e4c3e9b9" executionId="a0ec2857-f58d-40c2-87ca-c93d51d34315" testListId="8c84fa94-04c1-424b-9868-57a2d4851a1d" />
    <TestEntry testId="615647ea-1f6e-f46b-032e-269c67342efc" executionId="336decf3-980b-4051-a7f6-8d223d65f6e0" testListId="8c84fa94-04c1-424b-9868-57a2d4851a1d" />
    <TestEntry testId="0c283173-5d83-3aa6-5e6a-5b618b66073f" executionId="8ef89bc7-6b7e-454a-8f1b-64647ba9e867" testListId="8c84fa94-04c1-424b-9868-57a2d4851a1d" />
    <TestEntry testId="b1f41500-5f15-b967-f0a8-55e935ea7819" executionId="a12f26b3-e4ef-4e5e-9c2d-1ff7e395d3d4" testListId="8c84fa94-04c1-424b-9868-57a2d4851a1d" />
    <TestEntry testId="d9d0929f-95f9-5181-aa9b-10571d330d53" executionId="09d2fc24-bcb5-440c-8390-e3dba214992e" testListId="8c84fa94-04c1-424b-9868-57a2d4851a1d" />
    <TestEntry testId="6e95a11c-ba0a-17a5-b618-642e6194107c" executionId="f815926d-8084-449f-b788-54743588e541" testListId="8c84fa94-04c1-424b-9868-57a2d4851a1d" />
    <TestEntry testId="75db6be7-a24b-fda6-3919-e716d174ed3d" executionId="50c0a823-0006-4fd6-b87a-a5eedf3d006d" testListId="8c84fa94-04c1-424b-9868-57a2d4851a1d" />
    <TestEntry testId="188163b5-3a99-e726-205c-6b6fc846baac" executionId="22dd0bb1-7908-42e9-b3bb-5b8936a3fac8" testListId="8c84fa94-04c1-424b-9868-57a2d4851a1d" />
    <TestEntry testId="510de9dc-e90e-bdb2-662b-4a218168ebca" executionId="d0f78012-4a32-47fb-b33c-ae1f83f28f1d" testListId="8c84fa94-04c1-424b-9868-57a2d4851a1d" />
    <TestEntry testId="4949997c-46c8-3183-1501-b1267871bfcf" executionId="575370f0-dc7a-4644-917e-b76ae1352ce3" testListId="8c84fa94-04c1-424b-9868-57a2d4851a1d" />
    <TestEntry testId="343fd73e-33e0-a251-14f5-344e69186a31" executionId="eca32b03-5066-47a3-956e-0cb4455d1bdf" testListId="8c84fa94-04c1-424b-9868-57a2d4851a1d" />
    <TestEntry testId="44213f5c-f4e3-7f19-6a5d-6c4a3c8d0dec" executionId="4ec14ad7-2996-4790-a61d-20afc3d41d1c" testListId="8c84fa94-04c1-424b-9868-57a2d4851a1d" />
    <TestEntry testId="19df813d-aa7e-5539-ce76-ba8a68683016" executionId="c8b11675-bf27-46d7-9861-2148c95ae525" testListId="8c84fa94-04c1-424b-9868-57a2d4851a1d" />
    <TestEntry testId="78fd4f15-08d5-878b-fd2a-dd2d3bcc8384" executionId="63cf8c1c-17c3-4823-b924-2a25b5ded412" testListId="8c84fa94-04c1-424b-9868-57a2d4851a1d" />
    <TestEntry testId="81cae9df-520c-bb72-ca7a-30a828451359" executionId="259c31ba-c82b-42e8-82b7-062eca831d11" testListId="8c84fa94-04c1-424b-9868-57a2d4851a1d" />
    <TestEntry testId="f34471f4-815a-4ec3-4038-5fedcb003a99" executionId="c4defdf1-0ce6-4dbf-b5ba-2214e2edf41a" testListId="8c84fa94-04c1-424b-9868-57a2d4851a1d" />
    <TestEntry testId="4018bd47-d5cd-e85a-b6de-7760e129dafa" executionId="56d427a8-cf3e-43c2-8029-0de7b7777f9f" testListId="8c84fa94-04c1-424b-9868-57a2d4851a1d" />
    <TestEntry testId="aef446e3-f136-0d0b-1c4f-72b145e6d953" executionId="237fcb4e-c5e0-4026-9a5d-83e1707f9e81" testListId="8c84fa94-04c1-424b-9868-57a2d4851a1d" />
    <TestEntry testId="f33495c4-e0d0-5acc-0d2f-99762039f6f2" executionId="afe0f799-d13f-4a67-bad2-ba5257e0f557" testListId="8c84fa94-04c1-424b-9868-57a2d4851a1d" />
    <TestEntry testId="ccc07dc4-5c65-0922-771d-b881981eeb94" executionId="98af505f-b76c-4515-97ed-6b61df456422" testListId="8c84fa94-04c1-424b-9868-57a2d4851a1d" />
    <TestEntry testId="c77238a9-c057-c0ba-9741-2b480cb950cf" executionId="81d1c705-0478-4385-a9fc-877eec98a55a" testListId="8c84fa94-04c1-424b-9868-57a2d4851a1d" />
    <TestEntry testId="7ae16dcf-6b89-2e79-9d90-4b5fa9ac7af9" executionId="701e3c37-7e7c-4af4-b655-f7196ff9a560" testListId="8c84fa94-04c1-424b-9868-57a2d4851a1d" />
    <TestEntry testId="4331c44f-f3ff-6fce-80db-d30dfc1b0433" executionId="c430ad20-24e7-4a16-9b2f-b79e392bc952" testListId="8c84fa94-04c1-424b-9868-57a2d4851a1d" />
    <TestEntry testId="ad4bf482-4b9d-1c7e-1b22-27f5b448acad" executionId="de035df4-7d3d-44b7-befd-9a37a9a81bdf" testListId="8c84fa94-04c1-424b-9868-57a2d4851a1d" />
    <TestEntry testId="8bb24d97-4056-0aed-e738-d86e9d34f566" executionId="cb94e807-8962-4bfb-885c-b17b120aa058" testListId="8c84fa94-04c1-424b-9868-57a2d4851a1d" />
    <TestEntry testId="a5f21c48-f469-8d11-cd8e-07391ae2a35b" executionId="fbafbbe6-2a77-4e1d-a20b-a2256968f76d" testListId="8c84fa94-04c1-424b-9868-57a2d4851a1d" />
    <TestEntry testId="d40d14e6-e55e-a2ee-7c2d-3f2b4d1650c4" executionId="f94d7118-91d5-4b15-95b1-f07dfacac008" testListId="8c84fa94-04c1-424b-9868-57a2d4851a1d" />
    <TestEntry testId="99b19fe9-9646-fec1-29a0-b1e5f49baebb" executionId="eb881c48-d744-4b8d-9790-a8efb9509453" testListId="8c84fa94-04c1-424b-9868-57a2d4851a1d" />
    <TestEntry testId="5281d8e8-e57c-c45e-69f7-66dd4ef8cb7b" executionId="4e32d6ef-0236-400a-8e3b-ff9a01b9a610" testListId="8c84fa94-04c1-424b-9868-57a2d4851a1d" />
    <TestEntry testId="08a9b593-cfee-9bdf-6d80-833bb0b65ba9" executionId="0967636e-f392-4279-acaa-4c89bc8ebaec" testListId="8c84fa94-04c1-424b-9868-57a2d4851a1d" />
    <TestEntry testId="ce19e570-cfff-5516-73c5-0c25670038af" executionId="6e851683-88d4-4b7f-9405-43e0a0e24b5d" testListId="8c84fa94-04c1-424b-9868-57a2d4851a1d" />
    <TestEntry testId="1d2cb59d-b905-737a-61a2-6d873910d1e1" executionId="5fe6448d-922c-47a2-9f9a-92dca04bb9a2" testListId="8c84fa94-04c1-424b-9868-57a2d4851a1d" />
    <TestEntry testId="3b62dc28-12fd-93fe-6512-390293682652" executionId="b519fd80-e3d9-4976-8336-5632e005a593" testListId="8c84fa94-04c1-424b-9868-57a2d4851a1d" />
    <TestEntry testId="f2ce22ba-4e0c-a11c-c657-a799ce863a26" executionId="ba0a3d4e-685f-4276-879f-eca81d46033b" testListId="8c84fa94-04c1-424b-9868-57a2d4851a1d" />
    <TestEntry testId="ec065801-9998-c7ce-5285-3fe14e38cdac" executionId="97d65ae4-63a8-4562-a030-60d399725cc6" testListId="8c84fa94-04c1-424b-9868-57a2d4851a1d" />
    <TestEntry testId="2b9ecce3-1ede-532e-6e3c-66b19452e797" executionId="9b07e907-fd4a-4074-87b9-6b2d1be27ce5" testListId="8c84fa94-04c1-424b-9868-57a2d4851a1d" />
    <TestEntry testId="d2d2f826-9cbd-9c14-4121-a07b2094c76e" executionId="0d6c8540-d33e-4a5b-b016-e5a50b489d10" testListId="8c84fa94-04c1-424b-9868-57a2d4851a1d" />
    <TestEntry testId="e9f8fc86-f5b4-af50-fd5d-96735f013b0a" executionId="24c470a9-0896-40f0-8e72-1d7ed553b5b5" testListId="8c84fa94-04c1-424b-9868-57a2d4851a1d" />
    <TestEntry testId="7882d79f-7e75-7cd0-3f6e-4fc087cc8ade" executionId="51efb924-00ce-485b-9aed-138dc120b64d" testListId="8c84fa94-04c1-424b-9868-57a2d4851a1d" />
    <TestEntry testId="33aaf4d3-9999-0bc6-ded9-bd2870cebad9" executionId="d558d444-0da0-4a12-aafe-8cabdb11f9f3" testListId="8c84fa94-04c1-424b-9868-57a2d4851a1d" />
    <TestEntry testId="af05f3f5-fc25-06fd-0f22-fca8b27396d1" executionId="aff6749e-9d49-46e6-b822-98e4e8fbaa54" testListId="8c84fa94-04c1-424b-9868-57a2d4851a1d" />
    <TestEntry testId="b1a32a5b-bec7-9c13-ecb5-d09eae519281" executionId="5662163d-b378-4e53-a568-809d2a8a804a" testListId="8c84fa94-04c1-424b-9868-57a2d4851a1d" />
    <TestEntry testId="5def33b1-c62c-99fb-8bf7-753117f8b16e" executionId="ccf7c512-e015-4590-b406-331f4c57fbcd" testListId="8c84fa94-04c1-424b-9868-57a2d4851a1d" />
    <TestEntry testId="b6a182bd-655d-0c92-283a-3c75d3d71c02" executionId="c5caa781-2445-4be7-9d23-624e81e2be07" testListId="8c84fa94-04c1-424b-9868-57a2d4851a1d" />
    <TestEntry testId="3d204cd7-14f8-bc71-3ad1-38415f6304bc" executionId="404eabb5-dfe4-4851-adcf-729406e56628" testListId="8c84fa94-04c1-424b-9868-57a2d4851a1d" />
    <TestEntry testId="fa35896d-315e-329a-8dc3-bb5ba3189b52" executionId="d408700b-6c9e-451d-9ccd-d27efadbd6a5" testListId="8c84fa94-04c1-424b-9868-57a2d4851a1d" />
    <TestEntry testId="35247ab4-97a5-e557-91c7-742a1f89dba4" executionId="0bb04b59-dcbd-4ff3-824b-8575aa2160ab" testListId="8c84fa94-04c1-424b-9868-57a2d4851a1d" />
    <TestEntry testId="48d95b96-b471-deb8-51bf-62c5a89928a2" executionId="f4e978e0-022b-4ef2-9502-c6c7035c72a5" testListId="8c84fa94-04c1-424b-9868-57a2d4851a1d" />
    <TestEntry testId="6312f765-830a-9014-ae5b-70adf30832c5" executionId="f3654349-bab9-4d95-9cfb-1a8d520d87a6" testListId="8c84fa94-04c1-424b-9868-57a2d4851a1d" />
    <TestEntry testId="4e409710-7600-d8ec-3aaf-52ff72372913" executionId="ff52f780-a6f3-4976-b6c2-a3bfba9a5806" testListId="8c84fa94-04c1-424b-9868-57a2d4851a1d" />
    <TestEntry testId="c7c0db12-a7c7-5d4d-aeb3-925cdb576fb9" executionId="37d4b077-ec7e-4823-819c-fa248b7a7fbf" testListId="8c84fa94-04c1-424b-9868-57a2d4851a1d" />
    <TestEntry testId="bae1f3df-becb-30fb-65d6-6c7c19ab5a1d" executionId="ce746f92-f15a-4efb-a1c2-20814060b506" testListId="8c84fa94-04c1-424b-9868-57a2d4851a1d" />
    <TestEntry testId="a7aa3cc0-0ea1-3d0c-3a62-ac5a405bf34e" executionId="8d1d6c1a-d8a3-4c9d-a6f0-8ff9f401a2a1" testListId="8c84fa94-04c1-424b-9868-57a2d4851a1d" />
    <TestEntry testId="4e68cf9a-2a3a-1e07-4a4f-0cf27d8d2bbb" executionId="3ca65296-7952-4810-99b3-36a8c816f84f" testListId="8c84fa94-04c1-424b-9868-57a2d4851a1d" />
    <TestEntry testId="5d2b9441-7258-8eb0-806c-14775f849641" executionId="7de7b09b-bada-484b-8771-b371abdfddf9" testListId="8c84fa94-04c1-424b-9868-57a2d4851a1d" />
    <TestEntry testId="2eacfbf3-667b-5a8e-52a0-d9d512e960c7" executionId="5cc6aee7-0c8d-46c6-bb70-366b8c50b416" testListId="8c84fa94-04c1-424b-9868-57a2d4851a1d" />
    <TestEntry testId="e4c14db6-7ddb-4f54-d632-50f949736205" executionId="35081296-3c4d-411d-9db1-a11b1dea226f" testListId="8c84fa94-04c1-424b-9868-57a2d4851a1d" />
    <TestEntry testId="fb1e59a0-19c5-d0be-0d94-4bf533d92746" executionId="402f1b56-11be-497e-87fb-f1fddb20dbcb" testListId="8c84fa94-04c1-424b-9868-57a2d4851a1d" />
    <TestEntry testId="80f7e275-5c62-bf32-953c-a522d71f0911" executionId="a1fa2932-4bd2-4d28-ad93-588378d9a7d5" testListId="8c84fa94-04c1-424b-9868-57a2d4851a1d" />
    <TestEntry testId="9c1cfe7d-bcc9-4b03-b265-ec26ee7c3263" executionId="57961915-bbc1-4943-8562-36198ed2a8c5" testListId="8c84fa94-04c1-424b-9868-57a2d4851a1d" />
    <TestEntry testId="415f1005-69c1-a314-0e6a-db0b7d4bab74" executionId="e57827fe-6fff-461f-ae42-52bac8773f29" testListId="8c84fa94-04c1-424b-9868-57a2d4851a1d" />
    <TestEntry testId="ee1257ff-a5a9-5181-9e7b-d35ad6e89445" executionId="78ca31fb-4778-4b31-a376-bed1920158db" testListId="8c84fa94-04c1-424b-9868-57a2d4851a1d" />
    <TestEntry testId="878dbf6d-4718-3010-2956-9a909a749d2f" executionId="7819b6c9-1807-43c7-8e02-8c2eec8d6807" testListId="8c84fa94-04c1-424b-9868-57a2d4851a1d" />
    <TestEntry testId="23376aab-8018-81b3-8b3c-57bc8b0141ed" executionId="f055c0c2-8a8e-42fa-b897-32e0ff59716a" testListId="8c84fa94-04c1-424b-9868-57a2d4851a1d" />
    <TestEntry testId="8c01a8cb-2ffc-5487-6da3-7bc37c88340c" executionId="6c457836-c237-48b8-9375-318ab2f54297" testListId="8c84fa94-04c1-424b-9868-57a2d4851a1d" />
    <TestEntry testId="bcc4ea35-2128-3f0c-9022-a8e4dbbfeab6" executionId="f7492845-c2f1-4e8a-977d-c264fd55238e" testListId="8c84fa94-04c1-424b-9868-57a2d4851a1d" />
    <TestEntry testId="42292f25-9e9f-80d8-c32a-5aae5cd0c643" executionId="da578db8-9a84-4c38-afd6-a3ed8ad7f858" testListId="8c84fa94-04c1-424b-9868-57a2d4851a1d" />
    <TestEntry testId="a4c9dc78-d66c-c69a-90ef-d545d65a1a43" executionId="91ecb6a2-aa46-40a3-bf21-3447f153ed94" testListId="8c84fa94-04c1-424b-9868-57a2d4851a1d" />
    <TestEntry testId="6d7b3d93-71ec-c074-924a-c624993f0b1a" executionId="d77c9083-5028-4598-92a7-8f6e0dc67b25" testListId="8c84fa94-04c1-424b-9868-57a2d4851a1d" />
    <TestEntry testId="ddea20c7-b2e3-61c7-335c-b2bd52df33d9" executionId="a3b61094-e722-4520-942e-c8413b60dad0" testListId="8c84fa94-04c1-424b-9868-57a2d4851a1d" />
    <TestEntry testId="8c9fb467-c9d9-e4ca-cb2a-8456e527af16" executionId="90dedf5f-4651-4979-9ef6-4e8cf9704c12" testListId="8c84fa94-04c1-424b-9868-57a2d4851a1d" />
    <TestEntry testId="e5846600-5bfc-193d-66eb-f1933de5487e" executionId="b301cb9e-f301-43f5-b370-19d227ea9ecd" testListId="8c84fa94-04c1-424b-9868-57a2d4851a1d" />
    <TestEntry testId="827cffd5-57e2-399d-4e16-80e94a843b77" executionId="5819247d-f869-45bb-9a7e-89903795520c" testListId="8c84fa94-04c1-424b-9868-57a2d4851a1d" />
    <TestEntry testId="dc5f28f7-09cd-2ab7-408b-876a39c8dcda" executionId="ae8919dd-19c7-4e1c-b875-37d0e616f6bc" testListId="8c84fa94-04c1-424b-9868-57a2d4851a1d" />
    <TestEntry testId="89ecaa3a-044a-88b6-09ea-2d19af9e4614" executionId="d35118f2-ed01-4bff-a51f-920fad9ad27d" testListId="8c84fa94-04c1-424b-9868-57a2d4851a1d" />
    <TestEntry testId="e531c44f-a81a-259c-843c-505a398d8b55" executionId="016a4e78-c820-4213-92d9-ea5d00daa5d4" testListId="8c84fa94-04c1-424b-9868-57a2d4851a1d" />
    <TestEntry testId="b173cbcd-a6a7-597f-40e4-5532d9298452" executionId="970ec338-b913-4fbe-959e-136c1fccfd1a" testListId="8c84fa94-04c1-424b-9868-57a2d4851a1d" />
    <TestEntry testId="85f24840-3222-d447-0677-9820b9294533" executionId="76d81615-7df0-409b-8456-cd9f2911cd0f" testListId="8c84fa94-04c1-424b-9868-57a2d4851a1d" />
    <TestEntry testId="8d702d1b-c14c-4dd0-cea5-aaa087d77d3f" executionId="51a2af29-af55-494f-9e99-aa0146d9a23c" testListId="8c84fa94-04c1-424b-9868-57a2d4851a1d" />
    <TestEntry testId="61590a98-8800-c63c-636c-5d74543a54c1" executionId="0a2bf0d9-f793-47ba-9802-74d5633fd695" testListId="8c84fa94-04c1-424b-9868-57a2d4851a1d" />
    <TestEntry testId="e294371f-24bd-e5af-41b0-5a6f22f8d71f" executionId="4a933ee7-2fc0-418b-832e-b639a6a852ce" testListId="8c84fa94-04c1-424b-9868-57a2d4851a1d" />
    <TestEntry testId="69b65817-cd82-0a96-5e68-ab587e27eb95" executionId="c357c249-b197-44c3-96aa-8aa39e03cd95" testListId="8c84fa94-04c1-424b-9868-57a2d4851a1d" />
    <TestEntry testId="9660e9b2-80f8-e700-08d8-e0b7717e9f85" executionId="a62f6780-220f-4491-8172-b741426df9f5" testListId="8c84fa94-04c1-424b-9868-57a2d4851a1d" />
    <TestEntry testId="517f9dbf-42b8-6c68-c79b-d5d973668018" executionId="2b727d93-6226-477a-aa1f-efc62dc9e098" testListId="8c84fa94-04c1-424b-9868-57a2d4851a1d" />
    <TestEntry testId="3fd3b076-d6e9-95cb-3f37-7d353eff3a42" executionId="dd096a29-8f16-4094-b0ed-5fb4bb1db1b4" testListId="8c84fa94-04c1-424b-9868-57a2d4851a1d" />
    <TestEntry testId="f4c9aa46-811a-389b-d744-72a428dee7d2" executionId="30d1c6c6-b2f1-420f-a27b-6ee9e64225f2" testListId="8c84fa94-04c1-424b-9868-57a2d4851a1d" />
    <TestEntry testId="13b70763-63fd-f0df-582a-0fb307fcad59" executionId="29bc8ecb-7581-4edf-9a5c-57816e306156" testListId="8c84fa94-04c1-424b-9868-57a2d4851a1d" />
    <TestEntry testId="eb717265-8ce6-9ca5-299a-76e8f4608ecc" executionId="6a001f14-2056-4287-b689-b558df07f2f0" testListId="8c84fa94-04c1-424b-9868-57a2d4851a1d" />
    <TestEntry testId="1be37c51-af7c-9e7b-8fa3-a746d27f5f9b" executionId="97e05cc2-5ff3-4fd9-992d-026098ee690e" testListId="8c84fa94-04c1-424b-9868-57a2d4851a1d" />
    <TestEntry testId="def966b3-b198-e5b0-2219-bdde89be7924" executionId="0006ea26-276c-4a92-bbd4-ec7667bec7cf" testListId="8c84fa94-04c1-424b-9868-57a2d4851a1d" />
    <TestEntry testId="1c742a22-39f7-5815-626c-daa50ff10c87" executionId="3bfa4864-fdaa-4e02-a57e-dc7c8eb29a50" testListId="8c84fa94-04c1-424b-9868-57a2d4851a1d" />
    <TestEntry testId="93b0e2c3-3a46-c74b-dad5-afcb4f0bfcfa" executionId="867acb78-7ba2-418f-af92-351d9b662115" testListId="8c84fa94-04c1-424b-9868-57a2d4851a1d" />
    <TestEntry testId="5c61d628-c74f-c8f0-779e-82c0c2dc77df" executionId="bafb0c6d-c182-402c-90b2-04668502c605" testListId="8c84fa94-04c1-424b-9868-57a2d4851a1d" />
    <TestEntry testId="b7a065c7-7a2e-0d14-6498-b30f746da816" executionId="9c79f66e-fcee-4faf-9284-a0bea69fb828" testListId="8c84fa94-04c1-424b-9868-57a2d4851a1d" />
    <TestEntry testId="8106ff23-bb8f-04f9-7754-208ee15e0e54" executionId="8eea6650-9171-43c9-95a3-b77a5fa2e599" testListId="8c84fa94-04c1-424b-9868-57a2d4851a1d" />
    <TestEntry testId="c5847a99-4505-c2ed-d54d-fc269a080b27" executionId="b43c1909-7d62-461f-94a0-a46fd5eee302" testListId="8c84fa94-04c1-424b-9868-57a2d4851a1d" />
    <TestEntry testId="c32ae7c7-19e6-4795-4595-b867002163f4" executionId="dddbc0fc-859d-4757-bccc-8bc67d501f94" testListId="8c84fa94-04c1-424b-9868-57a2d4851a1d" />
    <TestEntry testId="75f4d661-9754-0157-eb91-1cb0c3ea30c4" executionId="5be9b119-06eb-42e9-80d9-8829e6b2ac43" testListId="8c84fa94-04c1-424b-9868-57a2d4851a1d" />
    <TestEntry testId="639a2f8f-de06-aff0-2654-2e863df98d3d" executionId="b66a3a11-1301-40ca-93ee-464b58438924" testListId="8c84fa94-04c1-424b-9868-57a2d4851a1d" />
    <TestEntry testId="0a4fef64-4b22-b6e1-3068-172d5dc1b64f" executionId="9026d7e8-5784-4807-9861-7e7ba9856fa6" testListId="8c84fa94-04c1-424b-9868-57a2d4851a1d" />
    <TestEntry testId="5caf925d-9bc2-c40c-f14f-bb094f78a12c" executionId="3bde7511-89e8-441f-8885-3bc5a15a77c3" testListId="8c84fa94-04c1-424b-9868-57a2d4851a1d" />
    <TestEntry testId="4e6de647-43c0-2d5e-ffcc-d884e859b7df" executionId="b6bf50a0-f012-464f-bddd-54a953aee636" testListId="8c84fa94-04c1-424b-9868-57a2d4851a1d" />
    <TestEntry testId="5639502e-a141-45eb-1c4f-81dc941ff67a" executionId="fdf05137-ceb2-4fe9-b902-05586cd7a88e" testListId="8c84fa94-04c1-424b-9868-57a2d4851a1d" />
    <TestEntry testId="08ddb4d1-1ea9-4a39-f70b-490a5dd2fdfe" executionId="594e5a1b-e6c1-44d6-be8d-2540c9db6f76" testListId="8c84fa94-04c1-424b-9868-57a2d4851a1d" />
    <TestEntry testId="172a47eb-7de7-c6df-b8be-70c0be7e14f7" executionId="7851ea3d-f77d-4ca7-adf1-582731ba85c2" testListId="8c84fa94-04c1-424b-9868-57a2d4851a1d" />
    <TestEntry testId="e59ff618-3ced-6a2f-d01c-20262e337085" executionId="43c47c62-a622-4389-a7fb-a8eeae5757cd" testListId="8c84fa94-04c1-424b-9868-57a2d4851a1d" />
    <TestEntry testId="1346760c-63cd-b7f1-1c05-6d40bed27cce" executionId="18e90347-8ab3-407c-b183-07897aa7ed4c" testListId="8c84fa94-04c1-424b-9868-57a2d4851a1d" />
    <TestEntry testId="dd76f619-e962-2008-d0f8-a714bb3f5c46" executionId="ec74cea4-a291-4e72-853a-2f05f3a85e59" testListId="8c84fa94-04c1-424b-9868-57a2d4851a1d" />
    <TestEntry testId="d5e7318a-a156-7dde-f329-f35fdf925ffa" executionId="98354178-513a-4103-9bfd-013d2fe0ce5a" testListId="8c84fa94-04c1-424b-9868-57a2d4851a1d" />
    <TestEntry testId="725e041b-cd4a-19c3-f7e9-4d20b2961a86" executionId="be08c944-f08e-4b76-a21b-3914d8a52c88" testListId="8c84fa94-04c1-424b-9868-57a2d4851a1d" />
    <TestEntry testId="54dac1bc-0f72-9d60-bad7-07e4a0566a24" executionId="e836ce2f-9834-4feb-aacf-6dc38c0cb9bb" testListId="8c84fa94-04c1-424b-9868-57a2d4851a1d" />
    <TestEntry testId="477057b0-3b6f-36a4-06fc-1b03c23a4da7" executionId="e86482cf-7544-49d1-b27b-2329e7400924" testListId="8c84fa94-04c1-424b-9868-57a2d4851a1d" />
    <TestEntry testId="08260a64-8541-0630-0fbb-fef9aaa19f85" executionId="1d976fa4-d338-41ba-8a03-8e51cae5d064" testListId="8c84fa94-04c1-424b-9868-57a2d4851a1d" />
    <TestEntry testId="e79130f3-839b-5123-ac52-8ca3bb6ef8c5" executionId="b2e3df36-5480-453f-9226-2cacbde68ad5" testListId="8c84fa94-04c1-424b-9868-57a2d4851a1d" />
    <TestEntry testId="fa20158d-fb5e-8e7a-f1da-aa0a1eb9ba5a" executionId="62d7abe5-ef75-4b7f-808e-9b18893d2def" testListId="8c84fa94-04c1-424b-9868-57a2d4851a1d" />
    <TestEntry testId="88b5a428-7422-548a-ca90-5bd2a62420ae" executionId="dd0da4f4-43a5-478a-8adc-f03ada7c9143" testListId="8c84fa94-04c1-424b-9868-57a2d4851a1d" />
    <TestEntry testId="41d6624e-c316-a2d4-4992-8e24e9424bdf" executionId="b67fb249-e306-4bfb-8a3e-73c8567d75e6" testListId="8c84fa94-04c1-424b-9868-57a2d4851a1d" />
    <TestEntry testId="7175185a-7456-021f-eecb-6c991ffd0d08" executionId="052d7246-6e1f-467e-b7bc-a7cf4d3291f3" testListId="8c84fa94-04c1-424b-9868-57a2d4851a1d" />
    <TestEntry testId="1335073e-5183-6141-99f1-caaa61dc86f4" executionId="578bbd30-8799-442c-b8e7-791c71b6cfad" testListId="8c84fa94-04c1-424b-9868-57a2d4851a1d" />
    <TestEntry testId="5be58517-5610-e8d0-dec2-520046d41b5e" executionId="f6127e1b-f0fb-4cd9-a4a3-eb081833ca1a" testListId="8c84fa94-04c1-424b-9868-57a2d4851a1d" />
    <TestEntry testId="1ccac014-6a4c-a22a-90fa-db21298e0651" executionId="8c0abd19-96b5-4335-994e-3772af141050" testListId="8c84fa94-04c1-424b-9868-57a2d4851a1d" />
    <TestEntry testId="31c8774a-1539-0a44-3404-de06d646b468" executionId="423762f7-8d98-4935-9b61-93e960e666d2" testListId="8c84fa94-04c1-424b-9868-57a2d4851a1d" />
    <TestEntry testId="d158f051-212f-d40f-0819-bf99fbd314c0" executionId="0b8c2918-6255-479d-83b1-11408e7b5166" testListId="8c84fa94-04c1-424b-9868-57a2d4851a1d" />
    <TestEntry testId="29c59d8d-b92b-cfb2-1c78-b6b82406cb09" executionId="3a067123-1734-4b97-86b9-bdda9e2ecd74" testListId="8c84fa94-04c1-424b-9868-57a2d4851a1d" />
    <TestEntry testId="2b043a8d-e346-04e5-47b3-898bfcbeb615" executionId="95bff504-ee8b-44e2-9cb6-7e54e216e50b" testListId="8c84fa94-04c1-424b-9868-57a2d4851a1d" />
    <TestEntry testId="be34b3ae-4d99-48a5-415d-a9f5ba8821a1" executionId="5e1b8da9-f8cc-4cad-8696-78a2470de572" testListId="8c84fa94-04c1-424b-9868-57a2d4851a1d" />
    <TestEntry testId="877174d0-c487-453a-b8ad-4f52137508be" executionId="27f5970a-eece-4394-8a02-2b7a7455671d" testListId="8c84fa94-04c1-424b-9868-57a2d4851a1d" />
    <TestEntry testId="62abf167-66b2-7338-5ead-888596c0fffe" executionId="514f3c8d-3dfd-4c11-9fb4-89aca4f7547a" testListId="8c84fa94-04c1-424b-9868-57a2d4851a1d" />
    <TestEntry testId="abcb8fa3-cd85-2471-5636-a22af31205a3" executionId="93b2de33-cb37-4c84-b120-4c711efda10d" testListId="8c84fa94-04c1-424b-9868-57a2d4851a1d" />
    <TestEntry testId="d6776beb-14db-e4df-c8a3-8f90548062bb" executionId="5df8e8ac-59d8-461a-9b1b-6cc969cd2ab7" testListId="8c84fa94-04c1-424b-9868-57a2d4851a1d" />
    <TestEntry testId="3df0dc6c-72ae-14e2-377c-12e9cf0a4276" executionId="dfd4d2dc-9380-4fd3-bc27-a534d9f96254" testListId="8c84fa94-04c1-424b-9868-57a2d4851a1d" />
    <TestEntry testId="77c94a3a-bf51-e754-8b05-8ef3b5f32220" executionId="9060aa3b-f84e-402b-bd44-af0a62ee0401" testListId="8c84fa94-04c1-424b-9868-57a2d4851a1d" />
    <TestEntry testId="3101a1d2-70b0-545d-5f32-eb96f6803b5f" executionId="2b6cf1d0-86b1-4f07-9cb5-46cf711d2dc2" testListId="8c84fa94-04c1-424b-9868-57a2d4851a1d" />
    <TestEntry testId="ce73eb79-a497-c2a4-9a02-ef4f9a7168c5" executionId="c44c6255-9eb4-4a6e-8340-55147cdec626" testListId="8c84fa94-04c1-424b-9868-57a2d4851a1d" />
    <TestEntry testId="1c0d7c7b-e498-3c7a-c145-fce1f6e14e16" executionId="83208f49-0a0c-4419-88dc-23ab4864e5c0" testListId="8c84fa94-04c1-424b-9868-57a2d4851a1d" />
    <TestEntry testId="44b98cc9-e1a6-60bb-436a-f6cfa2554196" executionId="0cf7a27c-3b37-43aa-a480-b263a8c843c6" testListId="8c84fa94-04c1-424b-9868-57a2d4851a1d" />
    <TestEntry testId="d91077c4-486f-699f-e7de-7a096da96d2b" executionId="a6cb8f29-4c56-4d57-aa95-56c85a3ada61" testListId="8c84fa94-04c1-424b-9868-57a2d4851a1d" />
    <TestEntry testId="42b838e4-a515-a0a8-9201-8a5607fcd950" executionId="d53ceae3-0aa9-4b58-a937-fcdaf9970c9c" testListId="8c84fa94-04c1-424b-9868-57a2d4851a1d" />
    <TestEntry testId="e180b2c2-7fc8-0f15-5653-0156d254c8c9" executionId="4e676302-edec-482f-bdf8-0d523c6fb356" testListId="8c84fa94-04c1-424b-9868-57a2d4851a1d" />
    <TestEntry testId="0bff2ecc-4f41-029d-f57b-08de3b707d06" executionId="7382b6c1-d8c3-4a74-8c20-b1cf78a3c004" testListId="8c84fa94-04c1-424b-9868-57a2d4851a1d" />
    <TestEntry testId="d619cb92-2daa-6482-f5e5-56eaf7f3851b" executionId="39af75c4-5489-493e-b1b2-879c26e97857" testListId="8c84fa94-04c1-424b-9868-57a2d4851a1d" />
    <TestEntry testId="51c22198-79c6-8565-1359-1e7a59cd2ad4" executionId="56ffff70-a90c-4b9b-a7de-f4569f8c98e1" testListId="8c84fa94-04c1-424b-9868-57a2d4851a1d" />
    <TestEntry testId="4103318d-2de0-6e72-8544-27607329cbb3" executionId="1e020cd1-4374-4703-bbb1-3d3d93ad3e4c" testListId="8c84fa94-04c1-424b-9868-57a2d4851a1d" />
    <TestEntry testId="93232e33-f6c8-82c0-b755-94e963fff023" executionId="3b202256-49c0-4c04-91b1-48c1870aefe6" testListId="8c84fa94-04c1-424b-9868-57a2d4851a1d" />
    <TestEntry testId="8a64a4c9-65f1-e14d-6fbe-7d49565403f4" executionId="653bdd0b-0117-4bb4-a998-2732993a733d" testListId="8c84fa94-04c1-424b-9868-57a2d4851a1d" />
    <TestEntry testId="11c53883-3d96-0957-d8a1-9dcf44cb5e78" executionId="c6c0b019-e3b9-4331-ac3b-42c1adade7cb" testListId="8c84fa94-04c1-424b-9868-57a2d4851a1d" />
    <TestEntry testId="fa4cc283-dfe0-de36-3d73-29ab1e351353" executionId="364e3062-59b9-43de-acf7-d083a0c55a5c" testListId="8c84fa94-04c1-424b-9868-57a2d4851a1d" />
    <TestEntry testId="12f16ac3-f6d6-9802-1d09-4301de2f7efc" executionId="c38e8ac0-aba1-494c-9e04-fbaecb00a812" testListId="8c84fa94-04c1-424b-9868-57a2d4851a1d" />
    <TestEntry testId="973ec4a4-75bf-519b-ad67-04ada4756976" executionId="7a2414da-610d-44bc-93d3-69761063b85a" testListId="8c84fa94-04c1-424b-9868-57a2d4851a1d" />
    <TestEntry testId="61feef70-4f4a-625c-42d0-d394030d758f" executionId="ec7adc62-c580-4252-885c-3fae414c7bb5" testListId="8c84fa94-04c1-424b-9868-57a2d4851a1d" />
    <TestEntry testId="1bb4d31b-4aa9-50a4-5ac5-e8f09827ba51" executionId="5d459c81-d552-49fc-a9d9-521de2fd9dc3" testListId="8c84fa94-04c1-424b-9868-57a2d4851a1d" />
    <TestEntry testId="fb8ea106-f542-3a06-bc35-d8f4e171c2a2" executionId="4a47d635-f4a4-4181-a17f-a03937b83b41" testListId="8c84fa94-04c1-424b-9868-57a2d4851a1d" />
    <TestEntry testId="d1c2a2fd-4568-2e97-946f-7480ea03bef1" executionId="d96b22c7-14d8-4c64-8f63-4bf434349c28" testListId="8c84fa94-04c1-424b-9868-57a2d4851a1d" />
    <TestEntry testId="d7049aa3-0901-3782-ef96-d1caac1bac5e" executionId="4d481e6d-f530-4737-8593-306219b1afe4" testListId="8c84fa94-04c1-424b-9868-57a2d4851a1d" />
    <TestEntry testId="b1f7f7a9-9f3c-0788-8363-349e751ff986" executionId="8b1b920d-14db-486a-895e-69dc54964efe" testListId="8c84fa94-04c1-424b-9868-57a2d4851a1d" />
    <TestEntry testId="63390816-73a6-312f-e706-2ca3dfa39f0e" executionId="8497c461-d4f4-4ab6-8ebe-29ed8ae454ef" testListId="8c84fa94-04c1-424b-9868-57a2d4851a1d" />
    <TestEntry testId="5fc7d131-6de1-7ffe-375b-8ea28a5dbcb8" executionId="c88d90be-570f-42ba-a640-73d2b993ef5e" testListId="8c84fa94-04c1-424b-9868-57a2d4851a1d" />
    <TestEntry testId="3f4d3f91-09a2-a334-5932-6e78104fd8ba" executionId="3df5d027-f4f3-4bf6-ae1c-3d6b1a225e61" testListId="8c84fa94-04c1-424b-9868-57a2d4851a1d" />
    <TestEntry testId="3f5baae7-b2ef-0a09-bc51-f8b04a3acced" executionId="cf5176b6-072f-4bbb-b4d7-a50622012e3d" testListId="8c84fa94-04c1-424b-9868-57a2d4851a1d" />
    <TestEntry testId="ddd7ef0f-f8d8-3f23-14c1-c969cc917d3a" executionId="176ca6e4-9d22-44e3-849b-c0aa9def892e" testListId="8c84fa94-04c1-424b-9868-57a2d4851a1d" />
    <TestEntry testId="2b789b90-6459-6d41-420f-e5502ba7ca12" executionId="2e4f88c8-1e7f-43a9-a569-b1c24eafc35b" testListId="8c84fa94-04c1-424b-9868-57a2d4851a1d" />
    <TestEntry testId="2cc2759a-0e74-d1e3-53c0-3d706804902c" executionId="ea8324b0-c7ee-451d-b123-93ddfced2610" testListId="8c84fa94-04c1-424b-9868-57a2d4851a1d" />
    <TestEntry testId="dfe6a45f-34c2-c767-91dd-1f8de6538cc0" executionId="fc2c7dfb-6434-44e5-b27d-faaccd2082c9" testListId="8c84fa94-04c1-424b-9868-57a2d4851a1d" />
    <TestEntry testId="9f544328-b14d-2f96-b54b-781ab9cf51e8" executionId="af150ea4-74c5-4041-a3e8-3dcb2ab7b97d" testListId="8c84fa94-04c1-424b-9868-57a2d4851a1d" />
    <TestEntry testId="752ffb05-78eb-92e0-4e1e-4d5811cca95a" executionId="ff6966c9-dfc5-4c12-94c0-7027e4211a3a" testListId="8c84fa94-04c1-424b-9868-57a2d4851a1d" />
    <TestEntry testId="46016c60-0720-f808-02e7-68fa8d4036c4" executionId="166709e6-ef5e-43f6-aac5-d5187c3081aa" testListId="8c84fa94-04c1-424b-9868-57a2d4851a1d" />
    <TestEntry testId="5439de61-630e-08c6-3445-f1eed3fd3847" executionId="27f0ca4d-2a0a-4831-a5b8-2274b501ddf6" testListId="8c84fa94-04c1-424b-9868-57a2d4851a1d" />
    <TestEntry testId="dab68c95-06ed-1b25-9b7e-b55b2972fccc" executionId="d9e5780f-f774-46fc-b4c9-effbe81cdd44" testListId="8c84fa94-04c1-424b-9868-57a2d4851a1d" />
    <TestEntry testId="2d42558b-0e16-1806-a5ca-7006bc54a2c7" executionId="5187b4ed-bee7-462d-b905-9aa641cb4a99" testListId="8c84fa94-04c1-424b-9868-57a2d4851a1d" />
    <TestEntry testId="be89a856-c15c-81ed-5ddb-4973639d716d" executionId="c8485f9e-6570-419e-b0d3-1ff23680e2aa" testListId="8c84fa94-04c1-424b-9868-57a2d4851a1d" />
    <TestEntry testId="3b0de714-8f13-7aca-97ab-ed01b955f773" executionId="ca693c16-b09c-45c0-90aa-a1b0025cdeda" testListId="8c84fa94-04c1-424b-9868-57a2d4851a1d" />
    <TestEntry testId="61de09e0-94b0-9094-bdcf-74e56c5800ed" executionId="ce3c053c-2bf7-4ed5-b89a-5edabbe14a89" testListId="8c84fa94-04c1-424b-9868-57a2d4851a1d" />
    <TestEntry testId="db79dd17-8f15-9022-848e-d377803a0707" executionId="fec4bbdf-c601-4c85-be00-b09961aed469" testListId="8c84fa94-04c1-424b-9868-57a2d4851a1d" />
    <TestEntry testId="a6b7ec4e-8439-0e75-5dff-9c306313533e" executionId="89ba6395-82a1-40a6-9054-bf4e2faf45d4" testListId="8c84fa94-04c1-424b-9868-57a2d4851a1d" />
    <TestEntry testId="9b0f50d1-0319-2e52-3133-7e2638dde793" executionId="b1a71685-dacc-4749-9ac8-fb1f82d908df" testListId="8c84fa94-04c1-424b-9868-57a2d4851a1d" />
    <TestEntry testId="0c5da287-efdb-ad86-5a1d-4f909e3eba8c" executionId="1c8283a3-58ba-402f-808b-2cfa354666b8" testListId="8c84fa94-04c1-424b-9868-57a2d4851a1d" />
    <TestEntry testId="633c7180-abf2-d38a-1f50-b48e71e9c2bd" executionId="eee3a92f-1e0a-49a0-8eb9-11d642e27050" testListId="8c84fa94-04c1-424b-9868-57a2d4851a1d" />
    <TestEntry testId="8bb24e9f-b033-fdc0-7830-bccb21534250" executionId="34c4a254-a958-49ca-a683-d4708cae1a60" testListId="8c84fa94-04c1-424b-9868-57a2d4851a1d" />
    <TestEntry testId="aac2053d-c1f1-3ae9-c811-84c25975dded" executionId="356d6542-4fde-4f56-a45c-6e3869448ee1" testListId="8c84fa94-04c1-424b-9868-57a2d4851a1d" />
    <TestEntry testId="ea3e05c1-5c7d-865c-be9d-8f2ae46de9bb" executionId="b87648b8-039c-4d56-ba27-92a6d56cc225" testListId="8c84fa94-04c1-424b-9868-57a2d4851a1d" />
    <TestEntry testId="57048c9f-2c1b-ae85-11e6-989795af7a80" executionId="fa0e0395-be0c-439b-ae74-6c2f7b9b95cd" testListId="8c84fa94-04c1-424b-9868-57a2d4851a1d" />
    <TestEntry testId="fb896724-2095-3026-71b5-ad9198efd098" executionId="e836a8ab-d958-4d63-bc8f-dfee71146f16" testListId="8c84fa94-04c1-424b-9868-57a2d4851a1d" />
    <TestEntry testId="9b0dd086-97eb-5a55-6e89-79dde58b1fca" executionId="0db3ebf2-cb20-411c-acd1-67052c61c997" testListId="8c84fa94-04c1-424b-9868-57a2d4851a1d" />
    <TestEntry testId="4bbe555c-8fb0-44dc-18a4-86549d9ecd64" executionId="92e03989-a974-4feb-8431-65c1d0de0774" testListId="8c84fa94-04c1-424b-9868-57a2d4851a1d" />
    <TestEntry testId="7d4e8658-cb8d-0c66-3167-748289c2e3c6" executionId="5fbe1fe0-1262-4729-b438-fbb442d49ac1" testListId="8c84fa94-04c1-424b-9868-57a2d4851a1d" />
    <TestEntry testId="2582410d-2726-a653-733b-0912934edde4" executionId="b15a1790-3388-45f4-9c77-d8915cc557bf" testListId="8c84fa94-04c1-424b-9868-57a2d4851a1d" />
    <TestEntry testId="10354eb4-4c14-dba7-068b-24dcfb475d53" executionId="7b1a5974-32b2-43c5-9127-903d112eafdf" testListId="8c84fa94-04c1-424b-9868-57a2d4851a1d" />
    <TestEntry testId="a7640c1c-3e1a-ff5f-a7c8-4da5a8b29af2" executionId="a1cba7f8-9469-486f-a75b-9935696c4364" testListId="8c84fa94-04c1-424b-9868-57a2d4851a1d" />
    <TestEntry testId="162f6cfb-c27f-27d9-ae85-1a410ddacc2e" executionId="aee993f0-9d33-4531-92a5-c2be11e22668" testListId="8c84fa94-04c1-424b-9868-57a2d4851a1d" />
    <TestEntry testId="dca73a03-b0b0-9398-437e-9e75519b25e4" executionId="deef80d5-4888-4319-95f2-795ee6ccdbb3" testListId="8c84fa94-04c1-424b-9868-57a2d4851a1d" />
    <TestEntry testId="0249bb7c-cd9a-b690-46ba-3252e9d64885" executionId="2c974f80-dab0-49bc-b9c0-3a9cbb694f05" testListId="8c84fa94-04c1-424b-9868-57a2d4851a1d" />
    <TestEntry testId="6c5bb03b-3d70-308f-aed5-443e0f2530e1" executionId="9f6b91ff-3ae3-4554-982f-4a2dae47f1fb" testListId="8c84fa94-04c1-424b-9868-57a2d4851a1d" />
    <TestEntry testId="e7727167-90de-6177-0043-c32edeea9377" executionId="c746918b-4172-4f02-be37-65ebc6826700" testListId="8c84fa94-04c1-424b-9868-57a2d4851a1d" />
    <TestEntry testId="697a3a18-bb68-1bc4-ecac-a4680501e02f" executionId="de497c44-c15c-479f-ba8c-590dac0d9be7" testListId="8c84fa94-04c1-424b-9868-57a2d4851a1d" />
    <TestEntry testId="29048f6b-b73b-a720-ef94-9f27a4540f3c" executionId="c5846837-febb-4459-bda4-098e04218cdf" testListId="8c84fa94-04c1-424b-9868-57a2d4851a1d" />
    <TestEntry testId="6219abff-caed-b73f-a3a3-a932c37fd5fb" executionId="c07246de-ad2b-4839-ab1a-7a9e95be89ac" testListId="8c84fa94-04c1-424b-9868-57a2d4851a1d" />
    <TestEntry testId="7711d213-9779-8d22-c44f-611f07df932a" executionId="9d428891-bb89-4339-abc1-e496a3c49167" testListId="8c84fa94-04c1-424b-9868-57a2d4851a1d" />
    <TestEntry testId="d23e84fd-71f4-7bce-d8fe-1741eb8da08e" executionId="bc79f428-ac77-40b7-a2a0-8b50c6cb966f" testListId="8c84fa94-04c1-424b-9868-57a2d4851a1d" />
    <TestEntry testId="26223a8b-ac6d-ffcd-1256-75d18fb727f7" executionId="c444d929-0bcd-4b06-9736-74d5eafb874f" testListId="8c84fa94-04c1-424b-9868-57a2d4851a1d" />
    <TestEntry testId="b737e5bb-0356-fd2c-e9f5-061fb14537a5" executionId="81cd3d42-41be-489a-af05-3148d036629a" testListId="8c84fa94-04c1-424b-9868-57a2d4851a1d" />
    <TestEntry testId="ec7cd5e3-a82c-cf66-66cc-45c1ba395a3e" executionId="e35a7b45-8508-4ee9-bd3e-475096fa7ff0" testListId="8c84fa94-04c1-424b-9868-57a2d4851a1d" />
  </TestEntries>
  <TestLists>
    <TestList name="Results Not in a List" id="8c84fa94-04c1-424b-9868-57a2d4851a1d" />
    <TestList name="All Loaded Results" id="19431567-8539-422a-85d7-44ee4e166bda" />
  </TestLists>
  <ResultSummary outcome="Completed">
    <Counters total="323" executed="323" passed="323" failed="0" error="0" timeout="0" aborted="0" inconclusive="0" passedButRunAborted="0" notRunnable="0" notExecuted="0" disconnected="0" warning="0" completed="0" inProgress="0" pending="0" />
    <Output>
      <StdOut>[xUnit.net 00:00:00.00] xUnit.net VSTest Adapter v2.4.5+1caef2f33e (64-bit .NET 8.0.19)
[xUnit.net 00:00:08.30]   Discovering: BuckScience.Tests
[xUnit.net 00:00:08.46]   Discovered:  BuckScience.Tests
[xUnit.net 00:00:08.46]   Starting:    BuckScience.Tests
[xUnit.net 00:00:09.92]   Finished:    BuckScience.Tests
</StdOut>
    </Output>
  </ResultSummary>
</TestRun>