<?xml version="1.0" encoding="utf-8"?>
<TestRun id="983c630c-f09e-4ff1-a285-b5d472d2081a" name="@runnervmf4ws1 2025-09-10 21:42:32" xmlns="http://microsoft.com/schemas/VisualStudio/TeamTest/2010">
  <Times creation="2025-09-10T21:42:32.9817949+00:00" queuing="2025-09-10T21:42:32.9817949+00:00" start="2025-09-10T21:42:29.9847888+00:00" finish="2025-09-10T21:42:33.1104794+00:00" />
  <TestSettings name="default" id="f3ed941b-a76b-4b7d-bbae-53868291afac">
    <Deployment runDeploymentRoot="_runnervmf4ws1_2025-09-10_21_42_32" />
  </TestSettings>
  <Results>
    <UnitTestResult executionId="9e5ccfc4-b95e-46ce-85d2-a80761c4d6a2" testId="c5f68921-dad4-1a69-07c9-dd9ef56e29ff" testName="BuckScience.Tests.Application.SeasonMonthMappingServiceTests.SetPropertySeasonOverrideAsync_UpdatesExistingOverride_WhenOneExists" computerName="runnervmf4ws1" duration="00:00:00.0114134" startTime="2025-09-10T21:42:32.9676907+00:00" endTime="2025-09-10T21:42:32.9676908+00:00" testType="13cdc9d9-ddb5-4fa4-a97d-d965ccfc6d4b" outcome="Passed" testListId="8c84fa94-04c1-424b-9868-57a2d4851a1d" relativeResultsDirectory="9e5ccfc4-b95e-46ce-85d2-a80761c4d6a2" />
    <UnitTestResult executionId="2466bc54-25a3-4465-9170-4250218fc1a8" testId="dcda31af-f667-08b1-cb3b-ad651df24d23" testName="BuckScience.Tests.Application.SeasonMonthMappingServiceTests.SeasonMonthMappingService_SupportsMultipleProperties_WithDifferentOverrides" computerName="runnervmf4ws1" duration="00:00:00.0021762" startTime="2025-09-10T21:42:33.0177844+00:00" endTime="2025-09-10T21:42:33.0177845+00:00" testType="13cdc9d9-ddb5-4fa4-a97d-d965ccfc6d4b" outcome="Passed" testListId="8c84fa94-04c1-424b-9868-57a2d4851a1d" relativeResultsDirectory="2466bc54-25a3-4465-9170-4250218fc1a8" />
    <UnitTestResult executionId="02651c54-16e7-4b2a-af62-434a39149c5e" testId="82ad2eed-c2a8-00e1-ef28-e5a6803fece0" testName="BuckScience.Tests.Application.SeasonMonthMappingServiceTests.GetMonthsForPropertyAsync_WithPropertyOverride_ReturnsOverrideMonths" computerName="runnervmf4ws1" duration="00:00:00.0019837" startTime="2025-09-10T21:42:32.9854671+00:00" endTime="2025-09-10T21:42:32.9854672+00:00" testType="13cdc9d9-ddb5-4fa4-a97d-d965ccfc6d4b" outcome="Passed" testListId="8c84fa94-04c1-424b-9868-57a2d4851a1d" relativeResultsDirectory="02651c54-16e7-4b2a-af62-434a39149c5e" />
    <UnitTestResult executionId="be77a3ec-1eb4-4de2-be25-f6470e4a5111" testId="7c2d9e42-a64f-2cb9-82f9-1e417facca20" testName="BuckScience.Tests.Application.SeasonMonthMappingServiceTests.GetMonthsForPropertyAsync_WithoutOverrides_ReturnsCorrectDefaults(season: PostRut, expectedMonths: [12])" computerName="runnervmf4ws1" duration="00:00:00.0005340" startTime="2025-09-10T21:42:32.8292127+00:00" endTime="2025-09-10T21:42:32.8292128+00:00" testType="13cdc9d9-ddb5-4fa4-a97d-d965ccfc6d4b" outcome="Passed" testListId="8c84fa94-04c1-424b-9868-57a2d4851a1d" relativeResultsDirectory="be77a3ec-1eb4-4de2-be25-f6470e4a5111" />
    <UnitTestResult executionId="995e7f8e-e6fb-4dba-9d0d-0cfd6ccb17e9" testId="52ae0b6b-063d-fda1-eda2-bf4a1c9b90a4" testName="BuckScience.Tests.Application.SeasonMonthMappingServiceTests.GetAllPropertyOverridesAsync_ReturnsAllOverrides_ForProperty" computerName="runnervmf4ws1" duration="00:00:00.0091878" startTime="2025-09-10T21:42:33.0004135+00:00" endTime="2025-09-10T21:42:33.0004136+00:00" testType="13cdc9d9-ddb5-4fa4-a97d-d965ccfc6d4b" outcome="Passed" testListId="8c84fa94-04c1-424b-9868-57a2d4851a1d" relativeResultsDirectory="995e7f8e-e6fb-4dba-9d0d-0cfd6ccb17e9" />
    <UnitTestResult executionId="cc701c57-788d-4177-b97d-c96e4b0f51f9" testId="cd550bc2-0f86-e40a-cd18-9b7914553212" testName="BuckScience.Tests.Application.SeasonMonthMappingServiceTests.GetAllPropertyOverridesAsync_ReturnsEmptyDictionary_WhenNoOverrides" computerName="runnervmf4ws1" duration="00:00:00.0016306" startTime="2025-09-10T21:42:33.0021280+00:00" endTime="2025-09-10T21:42:33.0021281+00:00" testType="13cdc9d9-ddb5-4fa4-a97d-d965ccfc6d4b" outcome="Passed" testListId="8c84fa94-04c1-424b-9868-57a2d4851a1d" relativeResultsDirectory="cc701c57-788d-4177-b97d-c96e4b0f51f9" />
    <UnitTestResult executionId="4a280fbe-6997-49d2-b221-a30771741d89" testId="2b9ecce3-1ede-532e-6e3c-66b19452e797" testName="BuckScience.Tests.Application.SeasonMonthMappingServiceTests.GetMonthsForPropertyAsync_WithNullProperty_ReturnsDefaultMonths" computerName="runnervmf4ws1" duration="00:00:00.0006281" startTime="2025-09-10T21:42:32.9887157+00:00" endTime="2025-09-10T21:42:32.9887158+00:00" testType="13cdc9d9-ddb5-4fa4-a97d-d965ccfc6d4b" outcome="Passed" testListId="8c84fa94-04c1-424b-9868-57a2d4851a1d" relativeResultsDirectory="4a280fbe-6997-49d2-b221-a30771741d89" />
    <UnitTestResult executionId="3dbf714b-d0c8-40c1-870c-636cf1420ad1" testId="3c9f33d5-2d26-423b-1412-b916bd1412ce" testName="BuckScience.Tests.Application.SeasonMonthMappingServiceTests.GetActiveSeasonsForDateAsync_WithPropertyOverride_ReturnsCustomSeasons" computerName="runnervmf4ws1" duration="00:00:00.0046997" startTime="2025-09-10T21:42:32.9794785+00:00" endTime="2025-09-10T21:42:32.9794786+00:00" testType="13cdc9d9-ddb5-4fa4-a97d-d965ccfc6d4b" outcome="Failed" testListId="8c84fa94-04c1-424b-9868-57a2d4851a1d" relativeResultsDirectory="3dbf714b-d0c8-40c1-870c-636cf1420ad1">
      <Output>
        <ErrorInfo>
          <Message>Assert.Equal() Failure
Expected: 3
Actual:   4</Message>
          <StackTrace>   at BuckScience.Tests.Application.SeasonMonthMappingServiceTests.GetActiveSeasonsForDateAsync_WithPropertyOverride_ReturnsCustomSeasons() in /home/runner/work/BuckScienceApp/BuckScienceApp/tests/BuckScience.Tests/Application/SeasonMonthMappingServiceTests.cs:line 321
--- End of stack trace from previous location ---</StackTrace>
        </ErrorInfo>
      </Output>
    </UnitTestResult>
    <UnitTestResult executionId="ea399196-8c74-415c-bf12-ea0cf7a7451d" testId="fa4cb098-045c-45a9-65cd-11b5fd8b475f" testName="BuckScience.Tests.Application.SeasonMonthMappingServiceTests.SetPropertySeasonOverrideAsync_CreatesNewOverride_WhenNoneExists" computerName="runnervmf4ws1" duration="00:00:00.0031214" startTime="2025-09-10T21:42:33.0141073+00:00" endTime="2025-09-10T21:42:33.0141074+00:00" testType="13cdc9d9-ddb5-4fa4-a97d-d965ccfc6d4b" outcome="Passed" testListId="8c84fa94-04c1-424b-9868-57a2d4851a1d" relativeResultsDirectory="ea399196-8c74-415c-bf12-ea0cf7a7451d" />
    <UnitTestResult executionId="b1030a3f-0070-40ea-8a71-2093d946e82c" testId="072094bf-9963-158f-becb-8dd6d4e2c76c" testName="BuckScience.Tests.Application.SeasonMonthMappingServiceTests.GetMonthsForPropertyAsync_WithoutOverrides_ReturnsCorrectDefaults(season: YearRound, expectedMonths: [1, 2, 3, 4, 5, ...])" computerName="runnervmf4ws1" duration="00:00:00.0005359" startTime="2025-09-10T21:42:32.8304013+00:00" endTime="2025-09-10T21:42:32.8304014+00:00" testType="13cdc9d9-ddb5-4fa4-a97d-d965ccfc6d4b" outcome="Passed" testListId="8c84fa94-04c1-424b-9868-57a2d4851a1d" relativeResultsDirectory="b1030a3f-0070-40ea-8a71-2093d946e82c" />
    <UnitTestResult executionId="c495155f-fc7f-4ea3-a693-a8cc36906ee8" testId="797ec353-9b00-9db4-cc43-60b41df82c14" testName="BuckScience.Tests.Application.SeasonMonthMappingServiceTests.GetActiveSeasonsForDateAsync_NoMatchingSeasons_ReturnsEmptyList" computerName="runnervmf4ws1" duration="00:00:00.0048210" startTime="2025-09-10T21:42:32.9834126+00:00" endTime="2025-09-10T21:42:32.9834127+00:00" testType="13cdc9d9-ddb5-4fa4-a97d-d965ccfc6d4b" outcome="Passed" testListId="8c84fa94-04c1-424b-9868-57a2d4851a1d" relativeResultsDirectory="c495155f-fc7f-4ea3-a693-a8cc36906ee8" />
    <UnitTestResult executionId="97afdc48-74d4-4f18-b0e7-b2ab2cf2aceb" testId="796d8eb9-61c1-6124-1220-be5bb72ca768" testName="BuckScience.Tests.Application.SeasonMonthMappingServiceTests.EdgeCase_ConflictingOverrides_UsesOverrideTable" computerName="runnervmf4ws1" duration="00:00:00.0024855" startTime="2025-09-10T21:42:32.9880115+00:00" endTime="2025-09-10T21:42:32.9880116+00:00" testType="13cdc9d9-ddb5-4fa4-a97d-d965ccfc6d4b" outcome="Passed" testListId="8c84fa94-04c1-424b-9868-57a2d4851a1d" relativeResultsDirectory="97afdc48-74d4-4f18-b0e7-b2ab2cf2aceb" />
    <UnitTestResult executionId="d693660f-126a-434f-8816-c8bba8be1035" testId="89a69faa-d4fe-30f7-2dd0-a490e26ff484" testName="BuckScience.Tests.Application.SeasonMonthMappingServiceTests.GetMonthsForPropertyAsync_WithoutOverrides_ReturnsCorrectDefaults(season: EarlySeason, expectedMonths: [9, 10])" computerName="runnervmf4ws1" duration="00:00:00.0136624" startTime="2025-09-10T21:42:32.8286308+00:00" endTime="2025-09-10T21:42:32.8286309+00:00" testType="13cdc9d9-ddb5-4fa4-a97d-d965ccfc6d4b" outcome="Passed" testListId="8c84fa94-04c1-424b-9868-57a2d4851a1d" relativeResultsDirectory="d693660f-126a-434f-8816-c8bba8be1035" />
    <UnitTestResult executionId="2ec8fc3f-49ef-408c-aef2-df14272ec0ae" testId="83f86451-fb52-b95e-1b52-9f97603c1dd2" testName="BuckScience.Tests.Application.SeasonMonthMappingServiceTests.HybridLogic_FallsBackToDefaults_WhenOverrideIsInvalid" computerName="runnervmf4ws1" duration="00:00:00.0052189" startTime="2025-09-10T21:42:32.9463531+00:00" endTime="2025-09-10T21:42:32.9463531+00:00" testType="13cdc9d9-ddb5-4fa4-a97d-d965ccfc6d4b" outcome="Passed" testListId="8c84fa94-04c1-424b-9868-57a2d4851a1d" relativeResultsDirectory="2ec8fc3f-49ef-408c-aef2-df14272ec0ae" />
    <UnitTestResult executionId="48c6b791-03a9-4106-a175-a9e07779a8eb" testId="45c0ed35-3801-fd39-72e9-842befa716d9" testName="BuckScience.Tests.Application.SeasonMonthMappingServiceTests.RemovePropertySeasonOverrideAsync_ReturnsFalse_WhenNoOverrideExists" computerName="runnervmf4ws1" duration="00:00:00.0023463" startTime="2025-09-10T21:42:32.9911494+00:00" endTime="2025-09-10T21:42:32.9911495+00:00" testType="13cdc9d9-ddb5-4fa4-a97d-d965ccfc6d4b" outcome="Passed" testListId="8c84fa94-04c1-424b-9868-57a2d4851a1d" relativeResultsDirectory="48c6b791-03a9-4106-a175-a9e07779a8eb" />
    <UnitTestResult executionId="a6099bf4-31cd-4f78-b381-fb6e2007a7d3" testId="9b3070df-a285-654a-0d56-528d1aaa0bdd" testName="BuckScience.Tests.Application.SeasonMonthMappingServiceTests.GetPrimarySeasonForDateAsync_DefaultMappings_ReturnsExpectedSeason(month: 12, expectedSeason: PostRut)" computerName="runnervmf4ws1" duration="00:00:00.0010610" startTime="2025-09-10T21:42:32.9624367+00:00" endTime="2025-09-10T21:42:32.9624367+00:00" testType="13cdc9d9-ddb5-4fa4-a97d-d965ccfc6d4b" outcome="Passed" testListId="8c84fa94-04c1-424b-9868-57a2d4851a1d" relativeResultsDirectory="a6099bf4-31cd-4f78-b381-fb6e2007a7d3" />
    <UnitTestResult executionId="6bc3ea24-1acd-4af6-be00-362a948c5108" testId="0c242e7e-8f22-f923-65dd-b2f5a0811c80" testName="BuckScience.Tests.Application.SeasonMonthMappingServiceTests.GetMonthsForPropertyAsync_WithPropertyNoOverride_ReturnsDefaultMonths" computerName="runnervmf4ws1" duration="00:00:00.0011470" startTime="2025-09-10T21:42:33.0215447+00:00" endTime="2025-09-10T21:42:33.0215448+00:00" testType="13cdc9d9-ddb5-4fa4-a97d-d965ccfc6d4b" outcome="Passed" testListId="8c84fa94-04c1-424b-9868-57a2d4851a1d" relativeResultsDirectory="6bc3ea24-1acd-4af6-be00-362a948c5108" />
    <UnitTestResult executionId="f0f86e76-c277-43a1-b5d0-3d760047cb92" testId="81bf2437-7dfa-cad5-f6c7-e16edf6f9d7f" testName="BuckScience.Tests.Application.SeasonMonthMappingServiceTests.GetPrimarySeasonForDateAsync_WithMultipleMatches_ReturnsFirstByEnumOrder" computerName="runnervmf4ws1" duration="00:00:00.0024407" startTime="2025-09-10T21:42:33.0203121+00:00" endTime="2025-09-10T21:42:33.0203121+00:00" testType="13cdc9d9-ddb5-4fa4-a97d-d965ccfc6d4b" outcome="Passed" testListId="8c84fa94-04c1-424b-9868-57a2d4851a1d" relativeResultsDirectory="f0f86e76-c277-43a1-b5d0-3d760047cb92" />
    <UnitTestResult executionId="ddac5dbe-6a1b-42ab-937a-125dfbdf1638" testId="883b640c-041a-1680-ac03-f244d5532ee9" testName="BuckScience.Tests.Application.SeasonMonthMappingServiceTests.GetPrimarySeasonForDateAsync_NoMatches_ReturnsNull" computerName="runnervmf4ws1" duration="00:00:00.1009377" startTime="2025-09-10T21:42:32.9459883+00:00" endTime="2025-09-10T21:42:32.9459885+00:00" testType="13cdc9d9-ddb5-4fa4-a97d-d965ccfc6d4b" outcome="Failed" testListId="8c84fa94-04c1-424b-9868-57a2d4851a1d" relativeResultsDirectory="ddac5dbe-6a1b-42ab-937a-125dfbdf1638">
      <Output>
        <ErrorInfo>
          <Message>Assert.Null() Failure
Expected: (null)
Actual:   0</Message>
          <StackTrace>   at BuckScience.Tests.Application.SeasonMonthMappingServiceTests.GetPrimarySeasonForDateAsync_NoMatches_ReturnsNull() in /home/runner/work/BuckScienceApp/BuckScienceApp/tests/BuckScience.Tests/Application/SeasonMonthMappingServiceTests.cs:line 381
--- End of stack trace from previous location ---</StackTrace>
        </ErrorInfo>
      </Output>
    </UnitTestResult>
    <UnitTestResult executionId="3d642eeb-39d0-45ad-b055-83bf45189b8e" testId="96fd8acb-4fd6-1b77-8f7e-7416089655db" testName="BuckScience.Tests.Application.SeasonMonthMappingServiceTests.GetMonthsForPropertyAsync_WithoutOverrides_ReturnsCorrectDefaults(season: Rut, expectedMonths: [11])" computerName="runnervmf4ws1" duration="00:00:00.0340589" startTime="2025-09-10T21:42:32.8149206+00:00" endTime="2025-09-10T21:42:32.8149207+00:00" testType="13cdc9d9-ddb5-4fa4-a97d-d965ccfc6d4b" outcome="Passed" testListId="8c84fa94-04c1-424b-9868-57a2d4851a1d" relativeResultsDirectory="3d642eeb-39d0-45ad-b055-83bf45189b8e" />
    <UnitTestResult executionId="fec9c9bb-fa49-4d1b-83ef-52e49c9b03c3" testId="d593ac04-048b-ea90-6f6f-6fab4431a8fd" testName="BuckScience.Tests.Application.SeasonMonthMappingServiceTests.GetMonthsForPropertyAsync_WithoutOverrides_ReturnsCorrectDefaults(season: LateSeason, expectedMonths: [12, 1])" computerName="runnervmf4ws1" duration="00:00:00.9384776" startTime="2025-09-10T21:42:32.7816078+00:00" endTime="2025-09-10T21:42:32.7816396+00:00" testType="13cdc9d9-ddb5-4fa4-a97d-d965ccfc6d4b" outcome="Passed" testListId="8c84fa94-04c1-424b-9868-57a2d4851a1d" relativeResultsDirectory="fec9c9bb-fa49-4d1b-83ef-52e49c9b03c3" />
    <UnitTestResult executionId="7ca009cd-bde2-428b-89d7-d896f088ca4d" testId="a7ad3ba3-5e5b-6ba0-2a38-a396786b3043" testName="BuckScience.Tests.Application.SeasonMonthMappingServiceTests.GetActiveSeasonsForDateAsync_WithDefaultMappings_ReturnsCorrectSeasons" computerName="runnervmf4ws1" duration="00:00:00.0018505" startTime="2025-09-10T21:42:33.0247418+00:00" endTime="2025-09-10T21:42:33.0247419+00:00" testType="13cdc9d9-ddb5-4fa4-a97d-d965ccfc6d4b" outcome="Failed" testListId="8c84fa94-04c1-424b-9868-57a2d4851a1d" relativeResultsDirectory="7ca009cd-bde2-428b-89d7-d896f088ca4d">
      <Output>
        <ErrorInfo>
          <Message>Assert.Equal() Failure
Expected: 2
Actual:   3</Message>
          <StackTrace>   at BuckScience.Tests.Application.SeasonMonthMappingServiceTests.GetActiveSeasonsForDateAsync_WithDefaultMappings_ReturnsCorrectSeasons() in /home/runner/work/BuckScienceApp/BuckScienceApp/tests/BuckScience.Tests/Application/SeasonMonthMappingServiceTests.cs:line 296
--- End of stack trace from previous location ---</StackTrace>
        </ErrorInfo>
      </Output>
    </UnitTestResult>
    <UnitTestResult executionId="79710152-c602-42da-9e6a-0e81ccbe1adb" testId="162f6cfb-c27f-27d9-ae85-1a410ddacc2e" testName="BuckScience.Tests.Application.SeasonMonthMappingServiceTests.SeasonMonthMappingService_Constructor_WithNullDbContext_ThrowsArgumentNullException" computerName="runnervmf4ws1" duration="00:00:00.0013469" startTime="2025-09-10T21:42:33.0155335+00:00" endTime="2025-09-10T21:42:33.0155336+00:00" testType="13cdc9d9-ddb5-4fa4-a97d-d965ccfc6d4b" outcome="Passed" testListId="8c84fa94-04c1-424b-9868-57a2d4851a1d" relativeResultsDirectory="79710152-c602-42da-9e6a-0e81ccbe1adb" />
    <UnitTestResult executionId="04ac2677-c38c-4bef-a139-c4a520f646b4" testId="1081f476-b46f-b748-a843-410e7a84ac42" testName="BuckScience.Tests.Application.SeasonMonthMappingServiceTests.GetPrimarySeasonForDateAsync_DefaultMappings_ReturnsExpectedSeason(month: 11, expectedSeason: Rut)" computerName="runnervmf4ws1" duration="00:00:00.0014630" startTime="2025-09-10T21:42:32.9622678+00:00" endTime="2025-09-10T21:42:32.9622679+00:00" testType="13cdc9d9-ddb5-4fa4-a97d-d965ccfc6d4b" outcome="Passed" testListId="8c84fa94-04c1-424b-9868-57a2d4851a1d" relativeResultsDirectory="04ac2677-c38c-4bef-a139-c4a520f646b4" />
    <UnitTestResult executionId="26457e23-27f8-4bae-95af-e81a7b8f785b" testId="e0dcc631-95da-6f78-075b-f4a50d72ea72" testName="BuckScience.Tests.Application.SeasonMonthMappingServiceTests.RemovePropertySeasonOverrideAsync_RemovesOverride_WhenExists" computerName="runnervmf4ws1" duration="00:00:00.0087025" startTime="2025-09-10T21:42:33.0109132+00:00" endTime="2025-09-10T21:42:33.0109133+00:00" testType="13cdc9d9-ddb5-4fa4-a97d-d965ccfc6d4b" outcome="Passed" testListId="8c84fa94-04c1-424b-9868-57a2d4851a1d" relativeResultsDirectory="26457e23-27f8-4bae-95af-e81a7b8f785b" />
    <UnitTestResult executionId="5cad8181-fdfa-43b9-8af0-445a83fd95d0" testId="a5c2b0ef-9ac8-1463-26cc-ed3d53a88d4a" testName="BuckScience.Tests.Application.SeasonMonthMappingServiceTests.DateResolution_CrossYearBoundary_HandlesCorrectly" computerName="runnervmf4ws1" duration="00:00:00.0050168" startTime="2025-09-10T21:42:32.9728048+00:00" endTime="2025-09-10T21:42:32.9728049+00:00" testType="13cdc9d9-ddb5-4fa4-a97d-d965ccfc6d4b" outcome="Passed" testListId="8c84fa94-04c1-424b-9868-57a2d4851a1d" relativeResultsDirectory="5cad8181-fdfa-43b9-8af0-445a83fd95d0" />
    <UnitTestResult executionId="00f3ad77-dc2a-4eee-9f79-aa8aa0c32395" testId="2125ec6c-1902-cfab-5614-578492de27fd" testName="BuckScience.Tests.Application.SeasonMonthMappingServiceTests.GetPrimarySeasonForDateAsync_DefaultMappings_ReturnsExpectedSeason(month: 9, expectedSeason: EarlySeason)" computerName="runnervmf4ws1" duration="00:00:00.0010716" startTime="2025-09-10T21:42:32.9623449+00:00" endTime="2025-09-10T21:42:32.9623449+00:00" testType="13cdc9d9-ddb5-4fa4-a97d-d965ccfc6d4b" outcome="Passed" testListId="8c84fa94-04c1-424b-9868-57a2d4851a1d" relativeResultsDirectory="00f3ad77-dc2a-4eee-9f79-aa8aa0c32395" />
    <UnitTestResult executionId="1283bdcc-67bc-4c3f-b80a-d0d9c9dffecf" testId="643382d9-252e-669a-df19-e9e242cc0c0b" testName="BuckScience.Tests.Application.SeasonMonthMappingServiceTests.GetMonthsForPropertyAsync_WithoutOverrides_ReturnsCorrectDefaults(season: PreRut, expectedMonths: [10])" computerName="runnervmf4ws1" duration="00:00:00.0005358" startTime="2025-09-10T21:42:32.8298054+00:00" endTime="2025-09-10T21:42:32.8298055+00:00" testType="13cdc9d9-ddb5-4fa4-a97d-d965ccfc6d4b" outcome="Passed" testListId="8c84fa94-04c1-424b-9868-57a2d4851a1d" relativeResultsDirectory="1283bdcc-67bc-4c3f-b80a-d0d9c9dffecf" />
    <UnitTestResult executionId="c9fca196-b789-4fd8-9053-2338119b748c" testId="d322e661-5512-837b-be3c-27e6a4ac781f" testName="BuckScience.Tests.Application.SeasonMonthMappingServiceTests.GetPrimarySeasonForDateAsync_DefaultMappings_ReturnsExpectedSeason(month: 1, expectedSeason: LateSeason)" computerName="runnervmf4ws1" duration="00:00:00.0010403" startTime="2025-09-10T21:42:32.9623842+00:00" endTime="2025-09-10T21:42:32.9623843+00:00" testType="13cdc9d9-ddb5-4fa4-a97d-d965ccfc6d4b" outcome="Passed" testListId="8c84fa94-04c1-424b-9868-57a2d4851a1d" relativeResultsDirectory="c9fca196-b789-4fd8-9053-2338119b748c" />
    <UnitTestResult executionId="2e12b36a-2c3a-49ae-80b7-7cdb99f6ead8" testId="837ea7f9-62f6-2203-19c1-0791b6c92a8e" testName="BuckScience.Tests.Application.SeasonMonthMappingServiceTests.GetPrimarySeasonForDateAsync_DefaultMappings_ReturnsExpectedSeason(month: 10, expectedSeason: EarlySeason)" computerName="runnervmf4ws1" duration="00:00:00.0062173" startTime="2025-09-10T21:42:32.9513988+00:00" endTime="2025-09-10T21:42:32.9513989+00:00" testType="13cdc9d9-ddb5-4fa4-a97d-d965ccfc6d4b" outcome="Passed" testListId="8c84fa94-04c1-424b-9868-57a2d4851a1d" relativeResultsDirectory="2e12b36a-2c3a-49ae-80b7-7cdb99f6ead8" />
  </Results>
  <TestDefinitions>
    <UnitTest name="BuckScience.Tests.Application.SeasonMonthMappingServiceTests.GetMonthsForPropertyAsync_WithPropertyOverride_ReturnsOverrideMonths" storage="/home/runner/work/buckscienceapp/buckscienceapp/tests/buckscience.tests/bin/debug/net8.0/buckscience.tests.dll" id="82ad2eed-c2a8-00e1-ef28-e5a6803fece0">
      <Execution id="02651c54-16e7-4b2a-af62-434a39149c5e" />
      <TestMethod codeBase="/home/runner/work/BuckScienceApp/BuckScienceApp/tests/BuckScience.Tests/bin/Debug/net8.0/BuckScience.Tests.dll" adapterTypeName="executor://xunit/VsTestRunner2/netcoreapp" className="BuckScience.Tests.Application.SeasonMonthMappingServiceTests" name="GetMonthsForPropertyAsync_WithPropertyOverride_ReturnsOverrideMonths" />
    </UnitTest>
    <UnitTest name="BuckScience.Tests.Application.SeasonMonthMappingServiceTests.GetPrimarySeasonForDateAsync_DefaultMappings_ReturnsExpectedSeason(month: 11, expectedSeason: Rut)" storage="/home/runner/work/buckscienceapp/buckscienceapp/tests/buckscience.tests/bin/debug/net8.0/buckscience.tests.dll" id="1081f476-b46f-b748-a843-410e7a84ac42">
      <Execution id="04ac2677-c38c-4bef-a139-c4a520f646b4" />
      <TestMethod codeBase="/home/runner/work/BuckScienceApp/BuckScienceApp/tests/BuckScience.Tests/bin/Debug/net8.0/BuckScience.Tests.dll" adapterTypeName="executor://xunit/VsTestRunner2/netcoreapp" className="BuckScience.Tests.Application.SeasonMonthMappingServiceTests" name="GetPrimarySeasonForDateAsync_DefaultMappings_ReturnsExpectedSeason" />
    </UnitTest>
    <UnitTest name="BuckScience.Tests.Application.SeasonMonthMappingServiceTests.EdgeCase_ConflictingOverrides_UsesOverrideTable" storage="/home/runner/work/buckscienceapp/buckscienceapp/tests/buckscience.tests/bin/debug/net8.0/buckscience.tests.dll" id="796d8eb9-61c1-6124-1220-be5bb72ca768">
      <Execution id="97afdc48-74d4-4f18-b0e7-b2ab2cf2aceb" />
      <TestMethod codeBase="/home/runner/work/BuckScienceApp/BuckScienceApp/tests/BuckScience.Tests/bin/Debug/net8.0/BuckScience.Tests.dll" adapterTypeName="executor://xunit/VsTestRunner2/netcoreapp" className="BuckScience.Tests.Application.SeasonMonthMappingServiceTests" name="EdgeCase_ConflictingOverrides_UsesOverrideTable" />
    </UnitTest>
    <UnitTest name="BuckScience.Tests.Application.SeasonMonthMappingServiceTests.SeasonMonthMappingService_SupportsMultipleProperties_WithDifferentOverrides" storage="/home/runner/work/buckscienceapp/buckscienceapp/tests/buckscience.tests/bin/debug/net8.0/buckscience.tests.dll" id="dcda31af-f667-08b1-cb3b-ad651df24d23">
      <Execution id="2466bc54-25a3-4465-9170-4250218fc1a8" />
      <TestMethod codeBase="/home/runner/work/BuckScienceApp/BuckScienceApp/tests/BuckScience.Tests/bin/Debug/net8.0/BuckScience.Tests.dll" adapterTypeName="executor://xunit/VsTestRunner2/netcoreapp" className="BuckScience.Tests.Application.SeasonMonthMappingServiceTests" name="SeasonMonthMappingService_SupportsMultipleProperties_WithDifferentOverrides" />
    </UnitTest>
    <UnitTest name="BuckScience.Tests.Application.SeasonMonthMappingServiceTests.GetAllPropertyOverridesAsync_ReturnsEmptyDictionary_WhenNoOverrides" storage="/home/runner/work/buckscienceapp/buckscienceapp/tests/buckscience.tests/bin/debug/net8.0/buckscience.tests.dll" id="cd550bc2-0f86-e40a-cd18-9b7914553212">
      <Execution id="cc701c57-788d-4177-b97d-c96e4b0f51f9" />
      <TestMethod codeBase="/home/runner/work/BuckScienceApp/BuckScienceApp/tests/BuckScience.Tests/bin/Debug/net8.0/BuckScience.Tests.dll" adapterTypeName="executor://xunit/VsTestRunner2/netcoreapp" className="BuckScience.Tests.Application.SeasonMonthMappingServiceTests" name="GetAllPropertyOverridesAsync_ReturnsEmptyDictionary_WhenNoOverrides" />
    </UnitTest>
    <UnitTest name="BuckScience.Tests.Application.SeasonMonthMappingServiceTests.GetActiveSeasonsForDateAsync_WithDefaultMappings_ReturnsCorrectSeasons" storage="/home/runner/work/buckscienceapp/buckscienceapp/tests/buckscience.tests/bin/debug/net8.0/buckscience.tests.dll" id="a7ad3ba3-5e5b-6ba0-2a38-a396786b3043">
      <Execution id="7ca009cd-bde2-428b-89d7-d896f088ca4d" />
      <TestMethod codeBase="/home/runner/work/BuckScienceApp/BuckScienceApp/tests/BuckScience.Tests/bin/Debug/net8.0/BuckScience.Tests.dll" adapterTypeName="executor://xunit/VsTestRunner2/netcoreapp" className="BuckScience.Tests.Application.SeasonMonthMappingServiceTests" name="GetActiveSeasonsForDateAsync_WithDefaultMappings_ReturnsCorrectSeasons" />
    </UnitTest>
    <UnitTest name="BuckScience.Tests.Application.SeasonMonthMappingServiceTests.HybridLogic_FallsBackToDefaults_WhenOverrideIsInvalid" storage="/home/runner/work/buckscienceapp/buckscienceapp/tests/buckscience.tests/bin/debug/net8.0/buckscience.tests.dll" id="83f86451-fb52-b95e-1b52-9f97603c1dd2">
      <Execution id="2ec8fc3f-49ef-408c-aef2-df14272ec0ae" />
      <TestMethod codeBase="/home/runner/work/BuckScienceApp/BuckScienceApp/tests/BuckScience.Tests/bin/Debug/net8.0/BuckScience.Tests.dll" adapterTypeName="executor://xunit/VsTestRunner2/netcoreapp" className="BuckScience.Tests.Application.SeasonMonthMappingServiceTests" name="HybridLogic_FallsBackToDefaults_WhenOverrideIsInvalid" />
    </UnitTest>
    <UnitTest name="BuckScience.Tests.Application.SeasonMonthMappingServiceTests.GetPrimarySeasonForDateAsync_DefaultMappings_ReturnsExpectedSeason(month: 9, expectedSeason: EarlySeason)" storage="/home/runner/work/buckscienceapp/buckscienceapp/tests/buckscience.tests/bin/debug/net8.0/buckscience.tests.dll" id="2125ec6c-1902-cfab-5614-578492de27fd">
      <Execution id="00f3ad77-dc2a-4eee-9f79-aa8aa0c32395" />
      <TestMethod codeBase="/home/runner/work/BuckScienceApp/BuckScienceApp/tests/BuckScience.Tests/bin/Debug/net8.0/BuckScience.Tests.dll" adapterTypeName="executor://xunit/VsTestRunner2/netcoreapp" className="BuckScience.Tests.Application.SeasonMonthMappingServiceTests" name="GetPrimarySeasonForDateAsync_DefaultMappings_ReturnsExpectedSeason" />
    </UnitTest>
    <UnitTest name="BuckScience.Tests.Application.SeasonMonthMappingServiceTests.RemovePropertySeasonOverrideAsync_RemovesOverride_WhenExists" storage="/home/runner/work/buckscienceapp/buckscienceapp/tests/buckscience.tests/bin/debug/net8.0/buckscience.tests.dll" id="e0dcc631-95da-6f78-075b-f4a50d72ea72">
      <Execution id="26457e23-27f8-4bae-95af-e81a7b8f785b" />
      <TestMethod codeBase="/home/runner/work/BuckScienceApp/BuckScienceApp/tests/BuckScience.Tests/bin/Debug/net8.0/BuckScience.Tests.dll" adapterTypeName="executor://xunit/VsTestRunner2/netcoreapp" className="BuckScience.Tests.Application.SeasonMonthMappingServiceTests" name="RemovePropertySeasonOverrideAsync_RemovesOverride_WhenExists" />
    </UnitTest>
    <UnitTest name="BuckScience.Tests.Application.SeasonMonthMappingServiceTests.SetPropertySeasonOverrideAsync_CreatesNewOverride_WhenNoneExists" storage="/home/runner/work/buckscienceapp/buckscienceapp/tests/buckscience.tests/bin/debug/net8.0/buckscience.tests.dll" id="fa4cb098-045c-45a9-65cd-11b5fd8b475f">
      <Execution id="ea399196-8c74-415c-bf12-ea0cf7a7451d" />
      <TestMethod codeBase="/home/runner/work/BuckScienceApp/BuckScienceApp/tests/BuckScience.Tests/bin/Debug/net8.0/BuckScience.Tests.dll" adapterTypeName="executor://xunit/VsTestRunner2/netcoreapp" className="BuckScience.Tests.Application.SeasonMonthMappingServiceTests" name="SetPropertySeasonOverrideAsync_CreatesNewOverride_WhenNoneExists" />
    </UnitTest>
    <UnitTest name="BuckScience.Tests.Application.SeasonMonthMappingServiceTests.SeasonMonthMappingService_Constructor_WithNullDbContext_ThrowsArgumentNullException" storage="/home/runner/work/buckscienceapp/buckscienceapp/tests/buckscience.tests/bin/debug/net8.0/buckscience.tests.dll" id="162f6cfb-c27f-27d9-ae85-1a410ddacc2e">
      <Execution id="79710152-c602-42da-9e6a-0e81ccbe1adb" />
      <TestMethod codeBase="/home/runner/work/BuckScienceApp/BuckScienceApp/tests/BuckScience.Tests/bin/Debug/net8.0/BuckScience.Tests.dll" adapterTypeName="executor://xunit/VsTestRunner2/netcoreapp" className="BuckScience.Tests.Application.SeasonMonthMappingServiceTests" name="SeasonMonthMappingService_Constructor_WithNullDbContext_ThrowsArgumentNullException" />
    </UnitTest>
    <UnitTest name="BuckScience.Tests.Application.SeasonMonthMappingServiceTests.GetMonthsForPropertyAsync_WithoutOverrides_ReturnsCorrectDefaults(season: PostRut, expectedMonths: [12])" storage="/home/runner/work/buckscienceapp/buckscienceapp/tests/buckscience.tests/bin/debug/net8.0/buckscience.tests.dll" id="7c2d9e42-a64f-2cb9-82f9-1e417facca20">
      <Execution id="be77a3ec-1eb4-4de2-be25-f6470e4a5111" />
      <TestMethod codeBase="/home/runner/work/BuckScienceApp/BuckScienceApp/tests/BuckScience.Tests/bin/Debug/net8.0/BuckScience.Tests.dll" adapterTypeName="executor://xunit/VsTestRunner2/netcoreapp" className="BuckScience.Tests.Application.SeasonMonthMappingServiceTests" name="GetMonthsForPropertyAsync_WithoutOverrides_ReturnsCorrectDefaults" />
    </UnitTest>
    <UnitTest name="BuckScience.Tests.Application.SeasonMonthMappingServiceTests.GetMonthsForPropertyAsync_WithoutOverrides_ReturnsCorrectDefaults(season: YearRound, expectedMonths: [1, 2, 3, 4, 5, ...])" storage="/home/runner/work/buckscienceapp/buckscienceapp/tests/buckscience.tests/bin/debug/net8.0/buckscience.tests.dll" id="072094bf-9963-158f-becb-8dd6d4e2c76c">
      <Execution id="b1030a3f-0070-40ea-8a71-2093d946e82c" />
      <TestMethod codeBase="/home/runner/work/BuckScienceApp/BuckScienceApp/tests/BuckScience.Tests/bin/Debug/net8.0/BuckScience.Tests.dll" adapterTypeName="executor://xunit/VsTestRunner2/netcoreapp" className="BuckScience.Tests.Application.SeasonMonthMappingServiceTests" name="GetMonthsForPropertyAsync_WithoutOverrides_ReturnsCorrectDefaults" />
    </UnitTest>
    <UnitTest name="BuckScience.Tests.Application.SeasonMonthMappingServiceTests.GetMonthsForPropertyAsync_WithoutOverrides_ReturnsCorrectDefaults(season: Rut, expectedMonths: [11])" storage="/home/runner/work/buckscienceapp/buckscienceapp/tests/buckscience.tests/bin/debug/net8.0/buckscience.tests.dll" id="96fd8acb-4fd6-1b77-8f7e-7416089655db">
      <Execution id="3d642eeb-39d0-45ad-b055-83bf45189b8e" />
      <TestMethod codeBase="/home/runner/work/BuckScienceApp/BuckScienceApp/tests/BuckScience.Tests/bin/Debug/net8.0/BuckScience.Tests.dll" adapterTypeName="executor://xunit/VsTestRunner2/netcoreapp" className="BuckScience.Tests.Application.SeasonMonthMappingServiceTests" name="GetMonthsForPropertyAsync_WithoutOverrides_ReturnsCorrectDefaults" />
    </UnitTest>
    <UnitTest name="BuckScience.Tests.Application.SeasonMonthMappingServiceTests.RemovePropertySeasonOverrideAsync_ReturnsFalse_WhenNoOverrideExists" storage="/home/runner/work/buckscienceapp/buckscienceapp/tests/buckscience.tests/bin/debug/net8.0/buckscience.tests.dll" id="45c0ed35-3801-fd39-72e9-842befa716d9">
      <Execution id="48c6b791-03a9-4106-a175-a9e07779a8eb" />
      <TestMethod codeBase="/home/runner/work/BuckScienceApp/BuckScienceApp/tests/BuckScience.Tests/bin/Debug/net8.0/BuckScience.Tests.dll" adapterTypeName="executor://xunit/VsTestRunner2/netcoreapp" className="BuckScience.Tests.Application.SeasonMonthMappingServiceTests" name="RemovePropertySeasonOverrideAsync_ReturnsFalse_WhenNoOverrideExists" />
    </UnitTest>
    <UnitTest name="BuckScience.Tests.Application.SeasonMonthMappingServiceTests.DateResolution_CrossYearBoundary_HandlesCorrectly" storage="/home/runner/work/buckscienceapp/buckscienceapp/tests/buckscience.tests/bin/debug/net8.0/buckscience.tests.dll" id="a5c2b0ef-9ac8-1463-26cc-ed3d53a88d4a">
      <Execution id="5cad8181-fdfa-43b9-8af0-445a83fd95d0" />
      <TestMethod codeBase="/home/runner/work/BuckScienceApp/BuckScienceApp/tests/BuckScience.Tests/bin/Debug/net8.0/BuckScience.Tests.dll" adapterTypeName="executor://xunit/VsTestRunner2/netcoreapp" className="BuckScience.Tests.Application.SeasonMonthMappingServiceTests" name="DateResolution_CrossYearBoundary_HandlesCorrectly" />
    </UnitTest>
    <UnitTest name="BuckScience.Tests.Application.SeasonMonthMappingServiceTests.GetPrimarySeasonForDateAsync_DefaultMappings_ReturnsExpectedSeason(month: 12, expectedSeason: PostRut)" storage="/home/runner/work/buckscienceapp/buckscienceapp/tests/buckscience.tests/bin/debug/net8.0/buckscience.tests.dll" id="9b3070df-a285-654a-0d56-528d1aaa0bdd">
      <Execution id="a6099bf4-31cd-4f78-b381-fb6e2007a7d3" />
      <TestMethod codeBase="/home/runner/work/BuckScienceApp/BuckScienceApp/tests/BuckScience.Tests/bin/Debug/net8.0/BuckScience.Tests.dll" adapterTypeName="executor://xunit/VsTestRunner2/netcoreapp" className="BuckScience.Tests.Application.SeasonMonthMappingServiceTests" name="GetPrimarySeasonForDateAsync_DefaultMappings_ReturnsExpectedSeason" />
    </UnitTest>
    <UnitTest name="BuckScience.Tests.Application.SeasonMonthMappingServiceTests.GetPrimarySeasonForDateAsync_DefaultMappings_ReturnsExpectedSeason(month: 1, expectedSeason: LateSeason)" storage="/home/runner/work/buckscienceapp/buckscienceapp/tests/buckscience.tests/bin/debug/net8.0/buckscience.tests.dll" id="d322e661-5512-837b-be3c-27e6a4ac781f">
      <Execution id="c9fca196-b789-4fd8-9053-2338119b748c" />
      <TestMethod codeBase="/home/runner/work/BuckScienceApp/BuckScienceApp/tests/BuckScience.Tests/bin/Debug/net8.0/BuckScience.Tests.dll" adapterTypeName="executor://xunit/VsTestRunner2/netcoreapp" className="BuckScience.Tests.Application.SeasonMonthMappingServiceTests" name="GetPrimarySeasonForDateAsync_DefaultMappings_ReturnsExpectedSeason" />
    </UnitTest>
    <UnitTest name="BuckScience.Tests.Application.SeasonMonthMappingServiceTests.GetMonthsForPropertyAsync_WithoutOverrides_ReturnsCorrectDefaults(season: LateSeason, expectedMonths: [12, 1])" storage="/home/runner/work/buckscienceapp/buckscienceapp/tests/buckscience.tests/bin/debug/net8.0/buckscience.tests.dll" id="d593ac04-048b-ea90-6f6f-6fab4431a8fd">
      <Execution id="fec9c9bb-fa49-4d1b-83ef-52e49c9b03c3" />
      <TestMethod codeBase="/home/runner/work/BuckScienceApp/BuckScienceApp/tests/BuckScience.Tests/bin/Debug/net8.0/BuckScience.Tests.dll" adapterTypeName="executor://xunit/VsTestRunner2/netcoreapp" className="BuckScience.Tests.Application.SeasonMonthMappingServiceTests" name="GetMonthsForPropertyAsync_WithoutOverrides_ReturnsCorrectDefaults" />
    </UnitTest>
    <UnitTest name="BuckScience.Tests.Application.SeasonMonthMappingServiceTests.GetPrimarySeasonForDateAsync_NoMatches_ReturnsNull" storage="/home/runner/work/buckscienceapp/buckscienceapp/tests/buckscience.tests/bin/debug/net8.0/buckscience.tests.dll" id="883b640c-041a-1680-ac03-f244d5532ee9">
      <Execution id="ddac5dbe-6a1b-42ab-937a-125dfbdf1638" />
      <TestMethod codeBase="/home/runner/work/BuckScienceApp/BuckScienceApp/tests/BuckScience.Tests/bin/Debug/net8.0/BuckScience.Tests.dll" adapterTypeName="executor://xunit/VsTestRunner2/netcoreapp" className="BuckScience.Tests.Application.SeasonMonthMappingServiceTests" name="GetPrimarySeasonForDateAsync_NoMatches_ReturnsNull" />
    </UnitTest>
    <UnitTest name="BuckScience.Tests.Application.SeasonMonthMappingServiceTests.GetActiveSeasonsForDateAsync_NoMatchingSeasons_ReturnsEmptyList" storage="/home/runner/work/buckscienceapp/buckscienceapp/tests/buckscience.tests/bin/debug/net8.0/buckscience.tests.dll" id="797ec353-9b00-9db4-cc43-60b41df82c14">
      <Execution id="c495155f-fc7f-4ea3-a693-a8cc36906ee8" />
      <TestMethod codeBase="/home/runner/work/BuckScienceApp/BuckScienceApp/tests/BuckScience.Tests/bin/Debug/net8.0/BuckScience.Tests.dll" adapterTypeName="executor://xunit/VsTestRunner2/netcoreapp" className="BuckScience.Tests.Application.SeasonMonthMappingServiceTests" name="GetActiveSeasonsForDateAsync_NoMatchingSeasons_ReturnsEmptyList" />
    </UnitTest>
    <UnitTest name="BuckScience.Tests.Application.SeasonMonthMappingServiceTests.GetMonthsForPropertyAsync_WithoutOverrides_ReturnsCorrectDefaults(season: EarlySeason, expectedMonths: [9, 10])" storage="/home/runner/work/buckscienceapp/buckscienceapp/tests/buckscience.tests/bin/debug/net8.0/buckscience.tests.dll" id="89a69faa-d4fe-30f7-2dd0-a490e26ff484">
      <Execution id="d693660f-126a-434f-8816-c8bba8be1035" />
      <TestMethod codeBase="/home/runner/work/BuckScienceApp/BuckScienceApp/tests/BuckScience.Tests/bin/Debug/net8.0/BuckScience.Tests.dll" adapterTypeName="executor://xunit/VsTestRunner2/netcoreapp" className="BuckScience.Tests.Application.SeasonMonthMappingServiceTests" name="GetMonthsForPropertyAsync_WithoutOverrides_ReturnsCorrectDefaults" />
    </UnitTest>
    <UnitTest name="BuckScience.Tests.Application.SeasonMonthMappingServiceTests.GetPrimarySeasonForDateAsync_WithMultipleMatches_ReturnsFirstByEnumOrder" storage="/home/runner/work/buckscienceapp/buckscienceapp/tests/buckscience.tests/bin/debug/net8.0/buckscience.tests.dll" id="81bf2437-7dfa-cad5-f6c7-e16edf6f9d7f">
      <Execution id="f0f86e76-c277-43a1-b5d0-3d760047cb92" />
      <TestMethod codeBase="/home/runner/work/BuckScienceApp/BuckScienceApp/tests/BuckScience.Tests/bin/Debug/net8.0/BuckScience.Tests.dll" adapterTypeName="executor://xunit/VsTestRunner2/netcoreapp" className="BuckScience.Tests.Application.SeasonMonthMappingServiceTests" name="GetPrimarySeasonForDateAsync_WithMultipleMatches_ReturnsFirstByEnumOrder" />
    </UnitTest>
    <UnitTest name="BuckScience.Tests.Application.SeasonMonthMappingServiceTests.GetPrimarySeasonForDateAsync_DefaultMappings_ReturnsExpectedSeason(month: 10, expectedSeason: EarlySeason)" storage="/home/runner/work/buckscienceapp/buckscienceapp/tests/buckscience.tests/bin/debug/net8.0/buckscience.tests.dll" id="837ea7f9-62f6-2203-19c1-0791b6c92a8e">
      <Execution id="2e12b36a-2c3a-49ae-80b7-7cdb99f6ead8" />
      <TestMethod codeBase="/home/runner/work/BuckScienceApp/BuckScienceApp/tests/BuckScience.Tests/bin/Debug/net8.0/BuckScience.Tests.dll" adapterTypeName="executor://xunit/VsTestRunner2/netcoreapp" className="BuckScience.Tests.Application.SeasonMonthMappingServiceTests" name="GetPrimarySeasonForDateAsync_DefaultMappings_ReturnsExpectedSeason" />
    </UnitTest>
    <UnitTest name="BuckScience.Tests.Application.SeasonMonthMappingServiceTests.GetMonthsForPropertyAsync_WithNullProperty_ReturnsDefaultMonths" storage="/home/runner/work/buckscienceapp/buckscienceapp/tests/buckscience.tests/bin/debug/net8.0/buckscience.tests.dll" id="2b9ecce3-1ede-532e-6e3c-66b19452e797">
      <Execution id="4a280fbe-6997-49d2-b221-a30771741d89" />
      <TestMethod codeBase="/home/runner/work/BuckScienceApp/BuckScienceApp/tests/BuckScience.Tests/bin/Debug/net8.0/BuckScience.Tests.dll" adapterTypeName="executor://xunit/VsTestRunner2/netcoreapp" className="BuckScience.Tests.Application.SeasonMonthMappingServiceTests" name="GetMonthsForPropertyAsync_WithNullProperty_ReturnsDefaultMonths" />
    </UnitTest>
    <UnitTest name="BuckScience.Tests.Application.SeasonMonthMappingServiceTests.GetAllPropertyOverridesAsync_ReturnsAllOverrides_ForProperty" storage="/home/runner/work/buckscienceapp/buckscienceapp/tests/buckscience.tests/bin/debug/net8.0/buckscience.tests.dll" id="52ae0b6b-063d-fda1-eda2-bf4a1c9b90a4">
      <Execution id="995e7f8e-e6fb-4dba-9d0d-0cfd6ccb17e9" />
      <TestMethod codeBase="/home/runner/work/BuckScienceApp/BuckScienceApp/tests/BuckScience.Tests/bin/Debug/net8.0/BuckScience.Tests.dll" adapterTypeName="executor://xunit/VsTestRunner2/netcoreapp" className="BuckScience.Tests.Application.SeasonMonthMappingServiceTests" name="GetAllPropertyOverridesAsync_ReturnsAllOverrides_ForProperty" />
    </UnitTest>
    <UnitTest name="BuckScience.Tests.Application.SeasonMonthMappingServiceTests.GetActiveSeasonsForDateAsync_WithPropertyOverride_ReturnsCustomSeasons" storage="/home/runner/work/buckscienceapp/buckscienceapp/tests/buckscience.tests/bin/debug/net8.0/buckscience.tests.dll" id="3c9f33d5-2d26-423b-1412-b916bd1412ce">
      <Execution id="3dbf714b-d0c8-40c1-870c-636cf1420ad1" />
      <TestMethod codeBase="/home/runner/work/BuckScienceApp/BuckScienceApp/tests/BuckScience.Tests/bin/Debug/net8.0/BuckScience.Tests.dll" adapterTypeName="executor://xunit/VsTestRunner2/netcoreapp" className="BuckScience.Tests.Application.SeasonMonthMappingServiceTests" name="GetActiveSeasonsForDateAsync_WithPropertyOverride_ReturnsCustomSeasons" />
    </UnitTest>
    <UnitTest name="BuckScience.Tests.Application.SeasonMonthMappingServiceTests.SetPropertySeasonOverrideAsync_UpdatesExistingOverride_WhenOneExists" storage="/home/runner/work/buckscienceapp/buckscienceapp/tests/buckscience.tests/bin/debug/net8.0/buckscience.tests.dll" id="c5f68921-dad4-1a69-07c9-dd9ef56e29ff">
      <Execution id="9e5ccfc4-b95e-46ce-85d2-a80761c4d6a2" />
      <TestMethod codeBase="/home/runner/work/BuckScienceApp/BuckScienceApp/tests/BuckScience.Tests/bin/Debug/net8.0/BuckScience.Tests.dll" adapterTypeName="executor://xunit/VsTestRunner2/netcoreapp" className="BuckScience.Tests.Application.SeasonMonthMappingServiceTests" name="SetPropertySeasonOverrideAsync_UpdatesExistingOverride_WhenOneExists" />
    </UnitTest>
    <UnitTest name="BuckScience.Tests.Application.SeasonMonthMappingServiceTests.GetMonthsForPropertyAsync_WithPropertyNoOverride_ReturnsDefaultMonths" storage="/home/runner/work/buckscienceapp/buckscienceapp/tests/buckscience.tests/bin/debug/net8.0/buckscience.tests.dll" id="0c242e7e-8f22-f923-65dd-b2f5a0811c80">
      <Execution id="6bc3ea24-1acd-4af6-be00-362a948c5108" />
      <TestMethod codeBase="/home/runner/work/BuckScienceApp/BuckScienceApp/tests/BuckScience.Tests/bin/Debug/net8.0/BuckScience.Tests.dll" adapterTypeName="executor://xunit/VsTestRunner2/netcoreapp" className="BuckScience.Tests.Application.SeasonMonthMappingServiceTests" name="GetMonthsForPropertyAsync_WithPropertyNoOverride_ReturnsDefaultMonths" />
    </UnitTest>
    <UnitTest name="BuckScience.Tests.Application.SeasonMonthMappingServiceTests.GetMonthsForPropertyAsync_WithoutOverrides_ReturnsCorrectDefaults(season: PreRut, expectedMonths: [10])" storage="/home/runner/work/buckscienceapp/buckscienceapp/tests/buckscience.tests/bin/debug/net8.0/buckscience.tests.dll" id="643382d9-252e-669a-df19-e9e242cc0c0b">
      <Execution id="1283bdcc-67bc-4c3f-b80a-d0d9c9dffecf" />
      <TestMethod codeBase="/home/runner/work/BuckScienceApp/BuckScienceApp/tests/BuckScience.Tests/bin/Debug/net8.0/BuckScience.Tests.dll" adapterTypeName="executor://xunit/VsTestRunner2/netcoreapp" className="BuckScience.Tests.Application.SeasonMonthMappingServiceTests" name="GetMonthsForPropertyAsync_WithoutOverrides_ReturnsCorrectDefaults" />
    </UnitTest>
  </TestDefinitions>
  <TestEntries>
    <TestEntry testId="c5f68921-dad4-1a69-07c9-dd9ef56e29ff" executionId="9e5ccfc4-b95e-46ce-85d2-a80761c4d6a2" testListId="8c84fa94-04c1-424b-9868-57a2d4851a1d" />
    <TestEntry testId="dcda31af-f667-08b1-cb3b-ad651df24d23" executionId="2466bc54-25a3-4465-9170-4250218fc1a8" testListId="8c84fa94-04c1-424b-9868-57a2d4851a1d" />
    <TestEntry testId="82ad2eed-c2a8-00e1-ef28-e5a6803fece0" executionId="02651c54-16e7-4b2a-af62-434a39149c5e" testListId="8c84fa94-04c1-424b-9868-57a2d4851a1d" />
    <TestEntry testId="7c2d9e42-a64f-2cb9-82f9-1e417facca20" executionId="be77a3ec-1eb4-4de2-be25-f6470e4a5111" testListId="8c84fa94-04c1-424b-9868-57a2d4851a1d" />
    <TestEntry testId="52ae0b6b-063d-fda1-eda2-bf4a1c9b90a4" executionId="995e7f8e-e6fb-4dba-9d0d-0cfd6ccb17e9" testListId="8c84fa94-04c1-424b-9868-57a2d4851a1d" />
    <TestEntry testId="cd550bc2-0f86-e40a-cd18-9b7914553212" executionId="cc701c57-788d-4177-b97d-c96e4b0f51f9" testListId="8c84fa94-04c1-424b-9868-57a2d4851a1d" />
    <TestEntry testId="2b9ecce3-1ede-532e-6e3c-66b19452e797" executionId="4a280fbe-6997-49d2-b221-a30771741d89" testListId="8c84fa94-04c1-424b-9868-57a2d4851a1d" />
    <TestEntry testId="3c9f33d5-2d26-423b-1412-b916bd1412ce" executionId="3dbf714b-d0c8-40c1-870c-636cf1420ad1" testListId="8c84fa94-04c1-424b-9868-57a2d4851a1d" />
    <TestEntry testId="fa4cb098-045c-45a9-65cd-11b5fd8b475f" executionId="ea399196-8c74-415c-bf12-ea0cf7a7451d" testListId="8c84fa94-04c1-424b-9868-57a2d4851a1d" />
    <TestEntry testId="072094bf-9963-158f-becb-8dd6d4e2c76c" executionId="b1030a3f-0070-40ea-8a71-2093d946e82c" testListId="8c84fa94-04c1-424b-9868-57a2d4851a1d" />
    <TestEntry testId="797ec353-9b00-9db4-cc43-60b41df82c14" executionId="c495155f-fc7f-4ea3-a693-a8cc36906ee8" testListId="8c84fa94-04c1-424b-9868-57a2d4851a1d" />
    <TestEntry testId="796d8eb9-61c1-6124-1220-be5bb72ca768" executionId="97afdc48-74d4-4f18-b0e7-b2ab2cf2aceb" testListId="8c84fa94-04c1-424b-9868-57a2d4851a1d" />
    <TestEntry testId="89a69faa-d4fe-30f7-2dd0-a490e26ff484" executionId="d693660f-126a-434f-8816-c8bba8be1035" testListId="8c84fa94-04c1-424b-9868-57a2d4851a1d" />
    <TestEntry testId="83f86451-fb52-b95e-1b52-9f97603c1dd2" executionId="2ec8fc3f-49ef-408c-aef2-df14272ec0ae" testListId="8c84fa94-04c1-424b-9868-57a2d4851a1d" />
    <TestEntry testId="45c0ed35-3801-fd39-72e9-842befa716d9" executionId="48c6b791-03a9-4106-a175-a9e07779a8eb" testListId="8c84fa94-04c1-424b-9868-57a2d4851a1d" />
    <TestEntry testId="9b3070df-a285-654a-0d56-528d1aaa0bdd" executionId="a6099bf4-31cd-4f78-b381-fb6e2007a7d3" testListId="8c84fa94-04c1-424b-9868-57a2d4851a1d" />
    <TestEntry testId="0c242e7e-8f22-f923-65dd-b2f5a0811c80" executionId="6bc3ea24-1acd-4af6-be00-362a948c5108" testListId="8c84fa94-04c1-424b-9868-57a2d4851a1d" />
    <TestEntry testId="81bf2437-7dfa-cad5-f6c7-e16edf6f9d7f" executionId="f0f86e76-c277-43a1-b5d0-3d760047cb92" testListId="8c84fa94-04c1-424b-9868-57a2d4851a1d" />
    <TestEntry testId="883b640c-041a-1680-ac03-f244d5532ee9" executionId="ddac5dbe-6a1b-42ab-937a-125dfbdf1638" testListId="8c84fa94-04c1-424b-9868-57a2d4851a1d" />
    <TestEntry testId="96fd8acb-4fd6-1b77-8f7e-7416089655db" executionId="3d642eeb-39d0-45ad-b055-83bf45189b8e" testListId="8c84fa94-04c1-424b-9868-57a2d4851a1d" />
    <TestEntry testId="d593ac04-048b-ea90-6f6f-6fab4431a8fd" executionId="fec9c9bb-fa49-4d1b-83ef-52e49c9b03c3" testListId="8c84fa94-04c1-424b-9868-57a2d4851a1d" />
    <TestEntry testId="a7ad3ba3-5e5b-6ba0-2a38-a396786b3043" executionId="7ca009cd-bde2-428b-89d7-d896f088ca4d" testListId="8c84fa94-04c1-424b-9868-57a2d4851a1d" />
    <TestEntry testId="162f6cfb-c27f-27d9-ae85-1a410ddacc2e" executionId="79710152-c602-42da-9e6a-0e81ccbe1adb" testListId="8c84fa94-04c1-424b-9868-57a2d4851a1d" />
    <TestEntry testId="1081f476-b46f-b748-a843-410e7a84ac42" executionId="04ac2677-c38c-4bef-a139-c4a520f646b4" testListId="8c84fa94-04c1-424b-9868-57a2d4851a1d" />
    <TestEntry testId="e0dcc631-95da-6f78-075b-f4a50d72ea72" executionId="26457e23-27f8-4bae-95af-e81a7b8f785b" testListId="8c84fa94-04c1-424b-9868-57a2d4851a1d" />
    <TestEntry testId="a5c2b0ef-9ac8-1463-26cc-ed3d53a88d4a" executionId="5cad8181-fdfa-43b9-8af0-445a83fd95d0" testListId="8c84fa94-04c1-424b-9868-57a2d4851a1d" />
    <TestEntry testId="2125ec6c-1902-cfab-5614-578492de27fd" executionId="00f3ad77-dc2a-4eee-9f79-aa8aa0c32395" testListId="8c84fa94-04c1-424b-9868-57a2d4851a1d" />
    <TestEntry testId="643382d9-252e-669a-df19-e9e242cc0c0b" executionId="1283bdcc-67bc-4c3f-b80a-d0d9c9dffecf" testListId="8c84fa94-04c1-424b-9868-57a2d4851a1d" />
    <TestEntry testId="d322e661-5512-837b-be3c-27e6a4ac781f" executionId="c9fca196-b789-4fd8-9053-2338119b748c" testListId="8c84fa94-04c1-424b-9868-57a2d4851a1d" />
    <TestEntry testId="837ea7f9-62f6-2203-19c1-0791b6c92a8e" executionId="2e12b36a-2c3a-49ae-80b7-7cdb99f6ead8" testListId="8c84fa94-04c1-424b-9868-57a2d4851a1d" />
  </TestEntries>
  <TestLists>
    <TestList name="Results Not in a List" id="8c84fa94-04c1-424b-9868-57a2d4851a1d" />
    <TestList name="All Loaded Results" id="19431567-8539-422a-85d7-44ee4e166bda" />
  </TestLists>
  <ResultSummary outcome="Failed">
    <Counters total="30" executed="30" passed="27" failed="3" error="0" timeout="0" aborted="0" inconclusive="0" passedButRunAborted="0" notRunnable="0" notExecuted="0" disconnected="0" warning="0" completed="0" inProgress="0" pending="0" />
    <Output>
      <StdOut>[xUnit.net 00:00:00.00] xUnit.net VSTest Adapter v2.4.5+1caef2f33e (64-bit .NET 8.0.19)
[xUnit.net 00:00:00.95]   Discovering: BuckScience.Tests
[xUnit.net 00:00:01.14]   Discovered:  BuckScience.Tests
[xUnit.net 00:00:01.15]   Starting:    BuckScience.Tests
[xUnit.net 00:00:02.32]       Assert.Null() Failure
[xUnit.net 00:00:02.32]       Expected: (null)
[xUnit.net 00:00:02.32]       Actual:   0
[xUnit.net 00:00:02.32]       Stack Trace:
[xUnit.net 00:00:02.32]         /home/runner/work/BuckScienceApp/BuckScienceApp/tests/BuckScience.Tests/Application/SeasonMonthMappingServiceTests.cs(381,0): at BuckScience.Tests.Application.SeasonMonthMappingServiceTests.GetPrimarySeasonForDateAsync_NoMatches_ReturnsNull()
[xUnit.net 00:00:02.32]         --- End of stack trace from previous location ---
[xUnit.net 00:00:02.35]       Assert.Equal() Failure
[xUnit.net 00:00:02.35]       Expected: 3
[xUnit.net 00:00:02.35]       Actual:   4
[xUnit.net 00:00:02.35]       Stack Trace:
[xUnit.net 00:00:02.35]         /home/runner/work/BuckScienceApp/BuckScienceApp/tests/BuckScience.Tests/Application/SeasonMonthMappingServiceTests.cs(321,0): at BuckScience.Tests.Application.SeasonMonthMappingServiceTests.GetActiveSeasonsForDateAsync_WithPropertyOverride_ReturnsCustomSeasons()
[xUnit.net 00:00:02.35]         --- End of stack trace from previous location ---
[xUnit.net 00:00:02.40]       Assert.Equal() Failure
[xUnit.net 00:00:02.40]       Expected: 2
[xUnit.net 00:00:02.40]       Actual:   3
[xUnit.net 00:00:02.40]       Stack Trace:
[xUnit.net 00:00:02.40]         /home/runner/work/BuckScienceApp/BuckScienceApp/tests/BuckScience.Tests/Application/SeasonMonthMappingServiceTests.cs(296,0): at BuckScience.Tests.Application.SeasonMonthMappingServiceTests.GetActiveSeasonsForDateAsync_WithDefaultMappings_ReturnsCorrectSeasons()
[xUnit.net 00:00:02.40]         --- End of stack trace from previous location ---
[xUnit.net 00:00:02.41]   Finished:    BuckScience.Tests
</StdOut>
    </Output>
    <RunInfos>
      <RunInfo computerName="runnervmf4ws1" outcome="Error" timestamp="2025-09-10T21:42:32.9443905+00:00">
        <Text>[xUnit.net 00:00:02.32]     BuckScience.Tests.Application.SeasonMonthMappingServiceTests.GetPrimarySeasonForDateAsync_NoMatches_ReturnsNull [FAIL]</Text>
      </RunInfo>
      <RunInfo computerName="runnervmf4ws1" outcome="Error" timestamp="2025-09-10T21:42:32.9920552+00:00">
        <Text>[xUnit.net 00:00:02.35]     BuckScience.Tests.Application.SeasonMonthMappingServiceTests.GetActiveSeasonsForDateAsync_WithPropertyOverride_ReturnsCustomSeasons [FAIL]</Text>
      </RunInfo>
      <RunInfo computerName="runnervmf4ws1" outcome="Error" timestamp="2025-09-10T21:42:33.0243569+00:00">
        <Text>[xUnit.net 00:00:02.40]     BuckScience.Tests.Application.SeasonMonthMappingServiceTests.GetActiveSeasonsForDateAsync_WithDefaultMappings_ReturnsCorrectSeasons [FAIL]</Text>
      </RunInfo>
    </RunInfos>
  </ResultSummary>
</TestRun>