<?xml version="1.0" encoding="utf-8"?>
<TestRun id="c955d27e-f3df-4144-8d27-0037a5554b6a" name="@runnervmf4ws1 2025-09-10 21:36:36" xmlns="http://microsoft.com/schemas/VisualStudio/TeamTest/2010">
  <Times creation="2025-09-10T21:36:36.5412046+00:00" queuing="2025-09-10T21:36:36.5412047+00:00" start="2025-09-10T21:36:30.8207940+00:00" finish="2025-09-10T21:36:37.9153255+00:00" />
  <TestSettings name="default" id="be68b87f-a2a2-447d-b9c6-f9ff4b0e25c1">
    <Deployment runDeploymentRoot="_runnervmf4ws1_2025-09-10_21_36_36" />
  </TestSettings>
  <Results>
    <UnitTestResult executionId="b685f888-e284-4715-bbf9-fc82230a1a38" testId="9323afa7-c6a5-6a33-bb74-8f4b3b4998d0" testName="BuckScience.Tests.Web.Helpers.WeatherHelpersTests.ConvertWindDirectionToText_VariousAngles_ReturnsCorrectDirection(degrees: 33.740000000000002, expected: &quot;NNE&quot;)" computerName="runnervmf4ws1" duration="00:00:00.0000052" startTime="2025-09-10T21:36:37.8120077+00:00" endTime="2025-09-10T21:36:37.8120077+00:00" testType="13cdc9d9-ddb5-4fa4-a97d-d965ccfc6d4b" outcome="Passed" testListId="8c84fa94-04c1-424b-9868-57a2d4851a1d" relativeResultsDirectory="b685f888-e284-4715-bbf9-fc82230a1a38" />
    <UnitTestResult executionId="a0f1d911-fd44-4f7a-bcce-8d591069bbb9" testId="305d09f5-4e54-c015-79c0-ffb75c48bf18" testName="BuckScience.Tests.Domain.SeasonExtensionsTests.GetDefaultMonths_PostRut_ReturnsCorrectMonths" computerName="runnervmf4ws1" duration="00:00:00.0002719" startTime="2025-09-10T21:36:37.6941527+00:00" endTime="2025-09-10T21:36:37.6941528+00:00" testType="13cdc9d9-ddb5-4fa4-a97d-d965ccfc6d4b" outcome="Passed" testListId="8c84fa94-04c1-424b-9868-57a2d4851a1d" relativeResultsDirectory="a0f1d911-fd44-4f7a-bcce-8d591069bbb9" />
    <UnitTestResult executionId="f3566caa-7463-40c3-a4ca-4871561c8708" testId="3d204cd7-14f8-bc71-3ad1-38415f6304bc" testName="BuckScience.Tests.PhotoPlacementHistoryTests.Photo_SetCameraPlacementHistory_ShouldSetValue" computerName="runnervmf4ws1" duration="00:00:00.0002177" startTime="2025-09-10T21:36:37.7886506+00:00" endTime="2025-09-10T21:36:37.7886506+00:00" testType="13cdc9d9-ddb5-4fa4-a97d-d965ccfc6d4b" outcome="Passed" testListId="8c84fa94-04c1-424b-9868-57a2d4851a1d" relativeResultsDirectory="f3566caa-7463-40c3-a4ca-4871561c8708" />
    <UnitTestResult executionId="57047107-e3e5-4125-b32c-a26b4b383cfb" testId="18fd69b0-d054-4b67-4fab-caa28c12efff" testName="BuckScience.Tests.TaggingSystemTests.GetOrCreateTag_ShouldBeCaseInsensitive" computerName="runnervmf4ws1" duration="00:00:00.0018034" startTime="2025-09-10T21:36:37.4335805+00:00" endTime="2025-09-10T21:36:37.4335806+00:00" testType="13cdc9d9-ddb5-4fa4-a97d-d965ccfc6d4b" outcome="Passed" testListId="8c84fa94-04c1-424b-9868-57a2d4851a1d" relativeResultsDirectory="57047107-e3e5-4125-b32c-a26b4b383cfb" />
    <UnitTestResult executionId="47340d1f-af49-4c09-88d4-de93c0e04865" testId="ad4bf482-4b9d-1c7e-1b22-27f5b448acad" testName="BuckScience.Tests.Domain.MonthsAttributeTests.MonthsAttribute_Constructor_WithNullMonths_ThrowsArgumentNullException" computerName="runnervmf4ws1" duration="00:00:00.0004556" startTime="2025-09-10T21:36:37.5005086+00:00" endTime="2025-09-10T21:36:37.5005087+00:00" testType="13cdc9d9-ddb5-4fa4-a97d-d965ccfc6d4b" outcome="Passed" testListId="8c84fa94-04c1-424b-9868-57a2d4851a1d" relativeResultsDirectory="47340d1f-af49-4c09-88d4-de93c0e04865" />
    <UnitTestResult executionId="33e288de-fd93-4aed-8da3-932f66bc68a1" testId="dcda31af-f667-08b1-cb3b-ad651df24d23" testName="BuckScience.Tests.Application.SeasonMonthMappingServiceTests.SeasonMonthMappingService_SupportsMultipleProperties_WithDifferentOverrides" computerName="runnervmf4ws1" duration="00:00:00.0040520" startTime="2025-09-10T21:36:37.4895297+00:00" endTime="2025-09-10T21:36:37.4895298+00:00" testType="13cdc9d9-ddb5-4fa4-a97d-d965ccfc6d4b" outcome="Passed" testListId="8c84fa94-04c1-424b-9868-57a2d4851a1d" relativeResultsDirectory="33e288de-fd93-4aed-8da3-932f66bc68a1" />
    <UnitTestResult executionId="0fc5cdd9-5bc8-4c03-9ec5-891122f3c0f3" testId="75db6be7-a24b-fda6-3919-e716d174ed3d" testName="BuckScience.Tests.TaggingRequirementsTests.Requirement2_PhotoTagging_ShouldSupportBulkOperations" computerName="runnervmf4ws1" duration="00:00:00.2403608" startTime="2025-09-10T21:36:37.6517729+00:00" endTime="2025-09-10T21:36:37.6517730+00:00" testType="13cdc9d9-ddb5-4fa4-a97d-d965ccfc6d4b" outcome="Passed" testListId="8c84fa94-04c1-424b-9868-57a2d4851a1d" relativeResultsDirectory="0fc5cdd9-5bc8-4c03-9ec5-891122f3c0f3" />
    <UnitTestResult executionId="feca547d-f568-46df-956f-ce88b788a755" testId="3df0dc6c-72ae-14e2-377c-12e9cf0a4276" testName="BuckScience.Tests.PhotoUploadIntegrationTests.PhotoUpload_AfterCameraMove_ShouldUseNewPlacement" computerName="runnervmf4ws1" duration="00:00:00.0010171" startTime="2025-09-10T21:36:37.7983818+00:00" endTime="2025-09-10T21:36:37.7983819+00:00" testType="13cdc9d9-ddb5-4fa4-a97d-d965ccfc6d4b" outcome="Passed" testListId="8c84fa94-04c1-424b-9868-57a2d4851a1d" relativeResultsDirectory="feca547d-f568-46df-956f-ce88b788a755" />
    <UnitTestResult executionId="605b5e57-16d2-4dd0-b895-fca42710fa8a" testId="a52561ca-dbe3-d21e-cc1f-fbc0bb577901" testName="BuckScience.Tests.Web.Helpers.WeatherHelpersTests.ConvertMoonPhaseTextToNumeric_ValidText_ReturnsCorrectValue(text: &quot;Full Moon&quot;, expected: 0.5)" computerName="runnervmf4ws1" duration="00:00:00.0000090" startTime="2025-09-10T21:36:37.8209121+00:00" endTime="2025-09-10T21:36:37.8209122+00:00" testType="13cdc9d9-ddb5-4fa4-a97d-d965ccfc6d4b" outcome="Passed" testListId="8c84fa94-04c1-424b-9868-57a2d4851a1d" relativeResultsDirectory="605b5e57-16d2-4dd0-b895-fca42710fa8a" />
    <UnitTestResult executionId="9c3faad0-fa92-4414-8e2a-f26a32bd08fe" testId="2b9ecce3-1ede-532e-6e3c-66b19452e797" testName="BuckScience.Tests.Application.SeasonMonthMappingServiceTests.GetMonthsForPropertyAsync_WithNullProperty_ReturnsDefaultMonths" computerName="runnervmf4ws1" duration="00:00:00.0008364" startTime="2025-09-10T21:36:37.4521236+00:00" endTime="2025-09-10T21:36:37.4521237+00:00" testType="13cdc9d9-ddb5-4fa4-a97d-d965ccfc6d4b" outcome="Passed" testListId="8c84fa94-04c1-424b-9868-57a2d4851a1d" relativeResultsDirectory="9c3faad0-fa92-4414-8e2a-f26a32bd08fe" />
    <UnitTestResult executionId="5468407d-8200-4475-b804-9a1b2783087e" testId="f34471f4-815a-4ec3-4038-5fedcb003a99" testName="BuckScience.Tests.Domain.FeatureWeightTests.FeatureWeight_IsCustom_DefaultsToFalse" computerName="runnervmf4ws1" duration="00:00:00.0001642" startTime="2025-09-10T21:36:37.8293804+00:00" endTime="2025-09-10T21:36:37.8293804+00:00" testType="13cdc9d9-ddb5-4fa4-a97d-d965ccfc6d4b" outcome="Passed" testListId="8c84fa94-04c1-424b-9868-57a2d4851a1d" relativeResultsDirectory="5468407d-8200-4475-b804-9a1b2783087e" />
    <UnitTestResult executionId="e687d01f-75e4-4dfb-9b7c-03ea764ce022" testId="d619cb92-2daa-6482-f5e5-56eaf7f3851b" testName="BuckScience.Tests.Domain.FeatureWeightTests.FeatureWeight_UpdateDefaultWeight_ValidatesWeightRange" computerName="runnervmf4ws1" duration="00:00:00.0004829" startTime="2025-09-10T21:36:37.8275256+00:00" endTime="2025-09-10T21:36:37.8275257+00:00" testType="13cdc9d9-ddb5-4fa4-a97d-d965ccfc6d4b" outcome="Passed" testListId="8c84fa94-04c1-424b-9868-57a2d4851a1d" relativeResultsDirectory="e687d01f-75e4-4dfb-9b7c-03ea764ce022" />
    <UnitTestResult executionId="00f4b882-e506-48ce-885c-3e11b94a51fc" testId="3fd3b076-d6e9-95cb-3f37-7d353eff3a42" testName="BuckScience.Tests.CameraCreateVmTests.CameraCreateVm_DirectionSync_ShouldWorkForAllDirections(direction: S, expectedDegrees: 180)" computerName="runnervmf4ws1" duration="00:00:00.0000126" startTime="2025-09-10T21:36:37.8069258+00:00" endTime="2025-09-10T21:36:37.8069259+00:00" testType="13cdc9d9-ddb5-4fa4-a97d-d965ccfc6d4b" outcome="Passed" testListId="8c84fa94-04c1-424b-9868-57a2d4851a1d" relativeResultsDirectory="00f4b882-e506-48ce-885c-3e11b94a51fc" />
    <UnitTestResult executionId="e6bbbf9c-62e5-4fd2-b64d-17976bbd3c27" testId="b2bd5000-3749-abcf-9228-2b95c005c687" testName="BuckScience.Tests.DirectionHelperTests.FromFloat_ShouldFindClosestDirection(degrees: 67, expectedDirection: NE)" computerName="runnervmf4ws1" duration="00:00:00.0000117" startTime="2025-09-10T21:36:37.6561486+00:00" endTime="2025-09-10T21:36:37.6561486+00:00" testType="13cdc9d9-ddb5-4fa4-a97d-d965ccfc6d4b" outcome="Passed" testListId="8c84fa94-04c1-424b-9868-57a2d4851a1d" relativeResultsDirectory="e6bbbf9c-62e5-4fd2-b64d-17976bbd3c27" />
    <UnitTestResult executionId="dee7129f-02c4-4c78-b2a1-a63d99394eb9" testId="83f86451-fb52-b95e-1b52-9f97603c1dd2" testName="BuckScience.Tests.Application.SeasonMonthMappingServiceTests.HybridLogic_FallsBackToDefaults_WhenOverrideIsInvalid" computerName="runnervmf4ws1" duration="00:00:00.0457297" startTime="2025-09-10T21:36:37.4370081+00:00" endTime="2025-09-10T21:36:37.4370082+00:00" testType="13cdc9d9-ddb5-4fa4-a97d-d965ccfc6d4b" outcome="Passed" testListId="8c84fa94-04c1-424b-9868-57a2d4851a1d" relativeResultsDirectory="dee7129f-02c4-4c78-b2a1-a63d99394eb9" />
    <UnitTestResult executionId="f1e19045-b563-413c-b6bc-b04316295164" testId="ce7424f3-8800-2916-ce22-d9c4a6a2d917" testName="BuckScience.Tests.CameraPlacementHistoryTests.CameraPlacementHistory_EndPlacement_ShouldSetEndDateTime" computerName="runnervmf4ws1" duration="00:00:00.0064094" startTime="2025-09-10T21:36:37.4771443+00:00" endTime="2025-09-10T21:36:37.4771444+00:00" testType="13cdc9d9-ddb5-4fa4-a97d-d965ccfc6d4b" outcome="Passed" testListId="8c84fa94-04c1-424b-9868-57a2d4851a1d" relativeResultsDirectory="f1e19045-b563-413c-b6bc-b04316295164" />
    <UnitTestResult executionId="1a0a9f09-d86c-42c3-898d-3edfa993d817" testId="41d6624e-c316-a2d4-4992-8e24e9424bdf" testName="BuckScience.Tests.Domain.PropertySeasonMonthsOverrideTests.PropertySeasonMonthsOverride_RoundTripSerialization_MaintainsData(months: [1, 2, 3, 4, 5, ...])" computerName="runnervmf4ws1" duration="00:00:00.0136850" startTime="2025-09-10T21:36:36.5098525+00:00" endTime="2025-09-10T21:36:36.5098526+00:00" testType="13cdc9d9-ddb5-4fa4-a97d-d965ccfc6d4b" outcome="Passed" testListId="8c84fa94-04c1-424b-9868-57a2d4851a1d" relativeResultsDirectory="1a0a9f09-d86c-42c3-898d-3edfa993d817" />
    <UnitTestResult executionId="209628f7-7fd3-486e-a58d-26d87815b66a" testId="0046d277-9b70-8213-d3d2-32e9f1ff9915" testName="BuckScience.Tests.Domain.SeasonExtensionsTests.GetDefaultMonths_LateSeason_ReturnsCorrectMonths" computerName="runnervmf4ws1" duration="00:00:00.0001982" startTime="2025-09-10T21:36:37.6995746+00:00" endTime="2025-09-10T21:36:37.6995747+00:00" testType="13cdc9d9-ddb5-4fa4-a97d-d965ccfc6d4b" outcome="Passed" testListId="8c84fa94-04c1-424b-9868-57a2d4851a1d" relativeResultsDirectory="209628f7-7fd3-486e-a58d-26d87815b66a" />
    <UnitTestResult executionId="b88a99fd-a603-4c0f-980b-351c7998c8a9" testId="477057b0-3b6f-36a4-06fc-1b03c23a4da7" testName="BuckScience.Tests.PhotoFilteringUrlExamples.BuildFilters_ConditionsParameters_ShouldParseCorrectly(conditions: &quot;Clear,Cloudy&quot;, expectedConditions: [&quot;Clear&quot;, &quot;Cloudy&quot;])" computerName="runnervmf4ws1" duration="00:00:00.0013943" startTime="2025-09-10T21:36:37.8241030+00:00" endTime="2025-09-10T21:36:37.8241031+00:00" testType="13cdc9d9-ddb5-4fa4-a97d-d965ccfc6d4b" outcome="Passed" testListId="8c84fa94-04c1-424b-9868-57a2d4851a1d" relativeResultsDirectory="b88a99fd-a603-4c0f-980b-351c7998c8a9" />
    <UnitTestResult executionId="159fef50-a4a6-4793-ba73-97edfbb74eb5" testId="6c5bb03b-3d70-308f-aed5-443e0f2530e1" testName="BuckScience.Tests.Web.Helpers.WeatherHelpersTests.WindDirectionOption_Properties_Work" computerName="runnervmf4ws1" duration="00:00:00.0002283" startTime="2025-09-10T21:36:37.8233678+00:00" endTime="2025-09-10T21:36:37.8233679+00:00" testType="13cdc9d9-ddb5-4fa4-a97d-d965ccfc6d4b" outcome="Passed" testListId="8c84fa94-04c1-424b-9868-57a2d4851a1d" relativeResultsDirectory="159fef50-a4a6-4793-ba73-97edfbb74eb5" />
    <UnitTestResult executionId="14cd86c4-d56a-48a1-8f38-4d395105486f" testId="be34b3ae-4d99-48a5-415d-a9f5ba8821a1" testName="BuckScience.Tests.CameraCreateVmTests.CameraCreateVm_DirectionSync_ShouldWorkForAllDirections(direction: NW, expectedDegrees: 315)" computerName="runnervmf4ws1" duration="00:00:00.0000090" startTime="2025-09-10T21:36:37.8067473+00:00" endTime="2025-09-10T21:36:37.8067474+00:00" testType="13cdc9d9-ddb5-4fa4-a97d-d965ccfc6d4b" outcome="Passed" testListId="8c84fa94-04c1-424b-9868-57a2d4851a1d" relativeResultsDirectory="14cd86c4-d56a-48a1-8f38-4d395105486f" />
    <UnitTestResult executionId="08eeee97-36af-4737-a0d4-9ff06922e4c0" testId="1335073e-5183-6141-99f1-caaa61dc86f4" testName="BuckScience.Tests.TaggingSystemTests.GetOrCreateTag_ShouldThrowException_WhenTagNameIsInvalid(invalidTagName: null)" computerName="runnervmf4ws1" duration="00:00:00.0004853" startTime="2025-09-10T21:36:37.4307668+00:00" endTime="2025-09-10T21:36:37.4307669+00:00" testType="13cdc9d9-ddb5-4fa4-a97d-d965ccfc6d4b" outcome="Passed" testListId="8c84fa94-04c1-424b-9868-57a2d4851a1d" relativeResultsDirectory="08eeee97-36af-4737-a0d4-9ff06922e4c0" />
    <UnitTestResult executionId="788df153-62d0-4907-b4ec-4c65804020a4" testId="af05f3f5-fc25-06fd-0f22-fca8b27396d1" testName="BuckScience.Tests.Domain.PropertyFeatureTests.Constructor_WithInvalidWeight_ThrowsArgumentOutOfRangeException(weight: -1)" computerName="runnervmf4ws1" duration="00:00:00.0000699" startTime="2025-09-10T21:36:37.7913641+00:00" endTime="2025-09-10T21:36:37.7913642+00:00" testType="13cdc9d9-ddb5-4fa4-a97d-d965ccfc6d4b" outcome="Passed" testListId="8c84fa94-04c1-424b-9868-57a2d4851a1d" relativeResultsDirectory="788df153-62d0-4907-b4ec-4c65804020a4" />
    <UnitTestResult executionId="87bb1335-a037-4372-a37c-60f20364897e" testId="48d95b96-b471-deb8-51bf-62c5a89928a2" testName="BuckScience.Tests.Web.Helpers.WeatherHelpersTests.ConvertMoonPhaseToText_VariousValues_ReturnsCorrectText(phase: 0.59999999999999998, expected: &quot;Waning Gibbous&quot;)" computerName="runnervmf4ws1" duration="00:00:00.0000028" startTime="2025-09-10T21:36:37.8056284+00:00" endTime="2025-09-10T21:36:37.8056285+00:00" testType="13cdc9d9-ddb5-4fa4-a97d-d965ccfc6d4b" outcome="Passed" testListId="8c84fa94-04c1-424b-9868-57a2d4851a1d" relativeResultsDirectory="87bb1335-a037-4372-a37c-60f20364897e" />
    <UnitTestResult executionId="b0d6043d-ef25-4a07-a256-2db1fffc07db" testId="e180b2c2-7fc8-0f15-5653-0156d254c8c9" testName="BuckScience.Tests.DirectionHelperTests.FromFloat_ShouldFindClosestDirection(degrees: 23, expectedDirection: NE)" computerName="runnervmf4ws1" duration="00:00:00.0000206" startTime="2025-09-10T21:36:37.6563329+00:00" endTime="2025-09-10T21:36:37.6563330+00:00" testType="13cdc9d9-ddb5-4fa4-a97d-d965ccfc6d4b" outcome="Passed" testListId="8c84fa94-04c1-424b-9868-57a2d4851a1d" relativeResultsDirectory="b0d6043d-ef25-4a07-a256-2db1fffc07db" />
    <UnitTestResult executionId="5ac35ca9-4927-449a-afae-c40e01d8e629" testId="1ccac014-6a4c-a22a-90fa-db21298e0651" testName="BuckScience.Tests.Domain.FeatureWeightTests.FeatureWeightHelper_GetDefaultWeight_ReturnsExpectedValues(type: Waterhole, expectedWeight: 0.800000012)" computerName="runnervmf4ws1" duration="00:00:00.0000097" startTime="2025-09-10T21:36:37.8002363+00:00" endTime="2025-09-10T21:36:37.8002364+00:00" testType="13cdc9d9-ddb5-4fa4-a97d-d965ccfc6d4b" outcome="Passed" testListId="8c84fa94-04c1-424b-9868-57a2d4851a1d" relativeResultsDirectory="5ac35ca9-4927-449a-afae-c40e01d8e629" />
    <UnitTestResult executionId="fe311ed9-70f3-49ed-baf0-487a4d22fcea" testId="33aaf4d3-9999-0bc6-ded9-bd2870cebad9" testName="BuckScience.Tests.Web.Helpers.WeatherHelpersTests.ConvertWindDirectionToText_VariousAngles_ReturnsCorrectDirection(degrees: 22.5, expected: &quot;NNE&quot;)" computerName="runnervmf4ws1" duration="00:00:00.0000037" startTime="2025-09-10T21:36:37.8100743+00:00" endTime="2025-09-10T21:36:37.8100744+00:00" testType="13cdc9d9-ddb5-4fa4-a97d-d965ccfc6d4b" outcome="Passed" testListId="8c84fa94-04c1-424b-9868-57a2d4851a1d" relativeResultsDirectory="fe311ed9-70f3-49ed-baf0-487a4d22fcea" />
    <UnitTestResult executionId="eaa21a2b-cd45-42e2-9e50-beb0dec55972" testId="725e041b-cd4a-19c3-f7e9-4d20b2961a86" testName="BuckScience.Tests.Domain.MonthsAttributeTests.MonthsAttribute_Constructor_WithInvalidMonth_ThrowsArgumentOutOfRangeException(invalidMonth: 25)" computerName="runnervmf4ws1" duration="00:00:00.0000491" startTime="2025-09-10T21:36:37.5001438+00:00" endTime="2025-09-10T21:36:37.5001438+00:00" testType="13cdc9d9-ddb5-4fa4-a97d-d965ccfc6d4b" outcome="Passed" testListId="8c84fa94-04c1-424b-9868-57a2d4851a1d" relativeResultsDirectory="eaa21a2b-cd45-42e2-9e50-beb0dec55972" />
    <UnitTestResult executionId="c0831e47-3a7a-4ca5-b2eb-029ba08fc86a" testId="93b0e2c3-3a46-c74b-dad5-afcb4f0bfcfa" testName="BuckScience.Tests.CameraEditVmTests.CameraEditVm_ShouldSetAllProperties" computerName="runnervmf4ws1" duration="00:00:00.0009500" startTime="2025-09-10T21:36:37.6940775+00:00" endTime="2025-09-10T21:36:37.6940776+00:00" testType="13cdc9d9-ddb5-4fa4-a97d-d965ccfc6d4b" outcome="Passed" testListId="8c84fa94-04c1-424b-9868-57a2d4851a1d" relativeResultsDirectory="c0831e47-3a7a-4ca5-b2eb-029ba08fc86a" />
    <UnitTestResult executionId="5e3e8174-87a3-4639-a1fc-30101c42d87a" testId="0eac1afa-cee8-c2b1-e775-7c9bd515bfb3" testName="BuckScience.Tests.Domain.SeasonExtensionsTests.GetDefaultMonths_YearRound_ReturnsAllMonths" computerName="runnervmf4ws1" duration="00:00:00.0002594" startTime="2025-09-10T21:36:37.6993276+00:00" endTime="2025-09-10T21:36:37.6993278+00:00" testType="13cdc9d9-ddb5-4fa4-a97d-d965ccfc6d4b" outcome="Passed" testListId="8c84fa94-04c1-424b-9868-57a2d4851a1d" relativeResultsDirectory="5e3e8174-87a3-4639-a1fc-30101c42d87a" />
    <UnitTestResult executionId="73850b12-8cf8-40c7-ad0b-d27a4ed3f9c3" testId="c77238a9-c057-c0ba-9741-2b480cb950cf" testName="BuckScience.Tests.Domain.PropertySeasonMonthsOverrideTests.PropertySeasonMonthsOverride_Constructor_WithInvalidMonths_ThrowsArgumentOutOfRangeException(invalidMonths: [13])" computerName="runnervmf4ws1" duration="00:00:00.0004924" startTime="2025-09-10T21:36:36.5239658+00:00" endTime="2025-09-10T21:36:36.5239659+00:00" testType="13cdc9d9-ddb5-4fa4-a97d-d965ccfc6d4b" outcome="Passed" testListId="8c84fa94-04c1-424b-9868-57a2d4851a1d" relativeResultsDirectory="73850b12-8cf8-40c7-ad0b-d27a4ed3f9c3" />
    <UnitTestResult executionId="18950a7d-72d6-49f3-a8fa-74dc35db881a" testId="3ab77925-e532-466c-f70d-fb6c68a8918c" testName="BuckScience.Tests.Application.FeatureWeights.UpdateFeatureWeightsTests.UpdateFeatureWeights_SendingUnchangedValues_DoesNotTriggerCustomFlag" computerName="runnervmf4ws1" duration="00:00:00.0061766" startTime="2025-09-10T21:36:37.5980665+00:00" endTime="2025-09-10T21:36:37.5980666+00:00" testType="13cdc9d9-ddb5-4fa4-a97d-d965ccfc6d4b" outcome="Passed" testListId="8c84fa94-04c1-424b-9868-57a2d4851a1d" relativeResultsDirectory="18950a7d-72d6-49f3-a8fa-74dc35db881a" />
    <UnitTestResult executionId="0cf4eeab-b2d9-46ba-b527-0b2725d542ee" testId="639a2f8f-de06-aff0-2654-2e863df98d3d" testName="BuckScience.Tests.Web.Helpers.WeatherHelpersTests.ConvertMoonPhaseToText_VariousValues_ReturnsCorrectText(phase: 0.25, expected: &quot;First Quarter&quot;)" computerName="runnervmf4ws1" duration="00:00:00.0003717" startTime="2025-09-10T21:36:37.8044017+00:00" endTime="2025-09-10T21:36:37.8044018+00:00" testType="13cdc9d9-ddb5-4fa4-a97d-d965ccfc6d4b" outcome="Passed" testListId="8c84fa94-04c1-424b-9868-57a2d4851a1d" relativeResultsDirectory="0cf4eeab-b2d9-46ba-b527-0b2725d542ee" />
    <UnitTestResult executionId="8c4b60bc-c871-446f-bf5e-f671621cb3d1" testId="282510b6-3046-16e6-500c-da1402387fc9" testName="BuckScience.Tests.Web.Helpers.WeatherHelpersTests.ConvertWindDirectionToText_VariousAngles_ReturnsCorrectDirection(degrees: 90, expected: &quot;E&quot;)" computerName="runnervmf4ws1" duration="00:00:00.0000033" startTime="2025-09-10T21:36:37.8107082+00:00" endTime="2025-09-10T21:36:37.8107083+00:00" testType="13cdc9d9-ddb5-4fa4-a97d-d965ccfc6d4b" outcome="Passed" testListId="8c84fa94-04c1-424b-9868-57a2d4851a1d" relativeResultsDirectory="8c4b60bc-c871-446f-bf5e-f671621cb3d1" />
    <UnitTestResult executionId="fb6bb9c4-0b0a-4f4a-a5db-a8b148cf24b4" testId="356cc39e-f096-9eaf-df3c-a4d73a8c57b9" testName="BuckScience.Tests.Domain.PropertySeasonMonthsOverrideTests.PropertySeasonMonthsOverride_MonthsJson_SerializesCorrectly" computerName="runnervmf4ws1" duration="00:00:00.0002228" startTime="2025-09-10T21:36:36.5264897+00:00" endTime="2025-09-10T21:36:36.5264898+00:00" testType="13cdc9d9-ddb5-4fa4-a97d-d965ccfc6d4b" outcome="Passed" testListId="8c84fa94-04c1-424b-9868-57a2d4851a1d" relativeResultsDirectory="fb6bb9c4-0b0a-4f4a-a5db-a8b148cf24b4" />
    <UnitTestResult executionId="938e9aba-f091-47ed-90e6-7921c7c5bcde" testId="8a64a4c9-65f1-e14d-6fbe-7d49565403f4" testName="BuckScience.Tests.Domain.PropertySeasonMonthsOverrideTests.PropertySeasonMonthsOverride_Constructor_WithValidParameters_SetsPropertiesCorrectly" computerName="runnervmf4ws1" duration="00:00:00.0041707" startTime="2025-09-10T21:36:36.5284722+00:00" endTime="2025-09-10T21:36:36.5284723+00:00" testType="13cdc9d9-ddb5-4fa4-a97d-d965ccfc6d4b" outcome="Passed" testListId="8c84fa94-04c1-424b-9868-57a2d4851a1d" relativeResultsDirectory="938e9aba-f091-47ed-90e6-7921c7c5bcde" />
    <UnitTestResult executionId="48fd6f38-3fb7-4f3c-8a93-7e1948220124" testId="1bb4d31b-4aa9-50a4-5ac5-e8f09827ba51" testName="BuckScience.Tests.Domain.SeasonExtensionsTests.GetDefaultMonths_EarlySeason_ReturnsCorrectMonths" computerName="runnervmf4ws1" duration="00:00:00.0017545" startTime="2025-09-10T21:36:37.6957257+00:00" endTime="2025-09-10T21:36:37.6957258+00:00" testType="13cdc9d9-ddb5-4fa4-a97d-d965ccfc6d4b" outcome="Passed" testListId="8c84fa94-04c1-424b-9868-57a2d4851a1d" relativeResultsDirectory="48fd6f38-3fb7-4f3c-8a93-7e1948220124" />
    <UnitTestResult executionId="d09a4f35-6279-4ac3-bdc8-0130e8d72cdf" testId="ddea20c7-b2e3-61c7-335c-b2bd52df33d9" testName="BuckScience.Tests.Domain.PropertyFeatureTests.Constructor_WithInvalidWeight_ThrowsArgumentOutOfRangeException(weight: 1.10000002)" computerName="runnervmf4ws1" duration="00:00:00.0002702" startTime="2025-09-10T21:36:37.7912293+00:00" endTime="2025-09-10T21:36:37.7912295+00:00" testType="13cdc9d9-ddb5-4fa4-a97d-d965ccfc6d4b" outcome="Passed" testListId="8c84fa94-04c1-424b-9868-57a2d4851a1d" relativeResultsDirectory="d09a4f35-6279-4ac3-bdc8-0130e8d72cdf" />
    <UnitTestResult executionId="dcc938bc-b8ab-4e3c-89ca-475f0328d57a" testId="3456ad39-e674-a27d-da41-053fedd7e6ad" testName="BuckScience.Tests.DirectionHelperTests.FromFloat_ShouldReturnCorrectDirection(degrees: 90, expectedDirection: E)" computerName="runnervmf4ws1" duration="00:00:00.0116991" startTime="2025-09-10T21:36:37.6391169+00:00" endTime="2025-09-10T21:36:37.6391170+00:00" testType="13cdc9d9-ddb5-4fa4-a97d-d965ccfc6d4b" outcome="Passed" testListId="8c84fa94-04c1-424b-9868-57a2d4851a1d" relativeResultsDirectory="dcc938bc-b8ab-4e3c-89ca-475f0328d57a" />
    <UnitTestResult executionId="aeef6672-e852-44b0-be13-2948ce37f6f1" testId="db79dd17-8f15-9022-848e-d377803a0707" testName="BuckScience.Tests.Domain.MonthsAttributeTests.MonthsAttribute_Constructor_WithValidMonths_SetsMonthsCorrectly" computerName="runnervmf4ws1" duration="00:00:00.0001755" startTime="2025-09-10T21:36:37.5003129+00:00" endTime="2025-09-10T21:36:37.5003130+00:00" testType="13cdc9d9-ddb5-4fa4-a97d-d965ccfc6d4b" outcome="Passed" testListId="8c84fa94-04c1-424b-9868-57a2d4851a1d" relativeResultsDirectory="aeef6672-e852-44b0-be13-2948ce37f6f1" />
    <UnitTestResult executionId="bf5522ca-40a3-481e-a476-c80235f993e2" testId="415f1005-69c1-a314-0e6a-db0b7d4bab74" testName="BuckScience.Tests.Domain.MonthsAttributeTests.MonthsAttribute_Constructor_WithInvalidMonth_ThrowsArgumentOutOfRangeException(invalidMonth: -1)" computerName="runnervmf4ws1" duration="00:00:00.0015439" startTime="2025-09-10T21:36:37.4993358+00:00" endTime="2025-09-10T21:36:37.4993360+00:00" testType="13cdc9d9-ddb5-4fa4-a97d-d965ccfc6d4b" outcome="Passed" testListId="8c84fa94-04c1-424b-9868-57a2d4851a1d" relativeResultsDirectory="bf5522ca-40a3-481e-a476-c80235f993e2" />
    <UnitTestResult executionId="8ad40c59-dd5f-4645-ab37-7e6873093e22" testId="5d2b9441-7258-8eb0-806c-14775f849641" testName="BuckScience.Tests.TaggingSystemTests.RemoveTagFromPhotos_ShouldRemoveSpecifiedTags" computerName="runnervmf4ws1" duration="00:00:00.9801340" startTime="2025-09-10T21:36:37.4017333+00:00" endTime="2025-09-10T21:36:37.4017334+00:00" testType="13cdc9d9-ddb5-4fa4-a97d-d965ccfc6d4b" outcome="Passed" testListId="8c84fa94-04c1-424b-9868-57a2d4851a1d" relativeResultsDirectory="8ad40c59-dd5f-4645-ab37-7e6873093e22" />
    <UnitTestResult executionId="6073a154-587f-47ed-a697-205e9d0ee765" testId="072094bf-9963-158f-becb-8dd6d4e2c76c" testName="BuckScience.Tests.Application.SeasonMonthMappingServiceTests.GetMonthsForPropertyAsync_WithoutOverrides_ReturnsCorrectDefaults(season: YearRound, expectedMonths: [1, 2, 3, 4, 5, ...])" computerName="runnervmf4ws1" duration="00:00:00.0006645" startTime="2025-09-10T21:36:37.3923401+00:00" endTime="2025-09-10T21:36:37.3923402+00:00" testType="13cdc9d9-ddb5-4fa4-a97d-d965ccfc6d4b" outcome="Passed" testListId="8c84fa94-04c1-424b-9868-57a2d4851a1d" relativeResultsDirectory="6073a154-587f-47ed-a697-205e9d0ee765" />
    <UnitTestResult executionId="535537af-be79-4c65-b145-00c1e334f9af" testId="61de09e0-94b0-9094-bdcf-74e56c5800ed" testName="BuckScience.Tests.TaggingRequirementsTests.Requirement1_DefaultTags_ShouldBePopulatedByMigration" computerName="runnervmf4ws1" duration="00:00:00.0065090" startTime="2025-09-10T21:36:37.6923750+00:00" endTime="2025-09-10T21:36:37.6923751+00:00" testType="13cdc9d9-ddb5-4fa4-a97d-d965ccfc6d4b" outcome="Passed" testListId="8c84fa94-04c1-424b-9868-57a2d4851a1d" relativeResultsDirectory="535537af-be79-4c65-b145-00c1e334f9af" />
    <UnitTestResult executionId="3c0f9e37-54ad-45bf-83b0-2d1b83fd78d2" testId="26223a8b-ac6d-ffcd-1256-75d18fb727f7" testName="BuckScience.Tests.DirectionHelperTests.ToFloat_ShouldReturnCorrectDegrees(direction: NW, expectedDegrees: 315)" computerName="runnervmf4ws1" duration="00:00:00.0000039" startTime="2025-09-10T21:36:37.6553751+00:00" endTime="2025-09-10T21:36:37.6553752+00:00" testType="13cdc9d9-ddb5-4fa4-a97d-d965ccfc6d4b" outcome="Passed" testListId="8c84fa94-04c1-424b-9868-57a2d4851a1d" relativeResultsDirectory="3c0f9e37-54ad-45bf-83b0-2d1b83fd78d2" />
    <UnitTestResult executionId="e9dbf74c-c991-4bc3-8309-bfc827ab8bbd" testId="a9d39b02-2996-0d69-08ab-284d0ae0393a" testName="BuckScience.Tests.Domain.PropertySeasonMonthsOverrideTests.PropertySeasonMonthsOverride_RoundTripSerialization_MaintainsData(months: [6, 7, 8])" computerName="runnervmf4ws1" duration="00:00:00.0001818" startTime="2025-09-10T21:36:36.5100783+00:00" endTime="2025-09-10T21:36:36.5100784+00:00" testType="13cdc9d9-ddb5-4fa4-a97d-d965ccfc6d4b" outcome="Passed" testListId="8c84fa94-04c1-424b-9868-57a2d4851a1d" relativeResultsDirectory="e9dbf74c-c991-4bc3-8309-bfc827ab8bbd" />
    <UnitTestResult executionId="cb24066d-639b-4e29-b796-cc002fdc6b92" testId="c5847a99-4505-c2ed-d54d-fc269a080b27" testName="BuckScience.Tests.Web.Helpers.WeatherHelpersTests.ConvertMoonPhaseToText_VariousValues_ReturnsCorrectText(phase: 1, expected: &quot;New Moon&quot;)" computerName="runnervmf4ws1" duration="00:00:00.0000033" startTime="2025-09-10T21:36:37.8048823+00:00" endTime="2025-09-10T21:36:37.8048823+00:00" testType="13cdc9d9-ddb5-4fa4-a97d-d965ccfc6d4b" outcome="Passed" testListId="8c84fa94-04c1-424b-9868-57a2d4851a1d" relativeResultsDirectory="cb24066d-639b-4e29-b796-cc002fdc6b92" />
    <UnitTestResult executionId="b56f2085-13af-4959-9585-229399a39fac" testId="6e1a460b-06b0-f626-b520-bfe11fd26de1" testName="BuckScience.Tests.Domain.FeatureWeightTests.FeatureWeight_SetSeasonalWeights_ValidatesWeightRange" computerName="runnervmf4ws1" duration="00:00:00.0002913" startTime="2025-09-10T21:36:37.8278739+00:00" endTime="2025-09-10T21:36:37.8278739+00:00" testType="13cdc9d9-ddb5-4fa4-a97d-d965ccfc6d4b" outcome="Passed" testListId="8c84fa94-04c1-424b-9868-57a2d4851a1d" relativeResultsDirectory="b56f2085-13af-4959-9585-229399a39fac" />
    <UnitTestResult executionId="62544386-a0f9-4791-a354-3e491b23e0a2" testId="dc5f28f7-09cd-2ab7-408b-876a39c8dcda" testName="BuckScience.Tests.PhotoPlacementHistoryTests.Photo_Constructor_ShouldAcceptCameraPlacementHistoryId" computerName="runnervmf4ws1" duration="00:00:00.0024062" startTime="2025-09-10T21:36:37.7883475+00:00" endTime="2025-09-10T21:36:37.7883476+00:00" testType="13cdc9d9-ddb5-4fa4-a97d-d965ccfc6d4b" outcome="Passed" testListId="8c84fa94-04c1-424b-9868-57a2d4851a1d" relativeResultsDirectory="62544386-a0f9-4791-a354-3e491b23e0a2" />
    <UnitTestResult executionId="2d61699c-fb7e-4efa-aa6f-01c4a241a182" testId="310112f5-4d07-717c-55f6-37a269d700ab" testName="BuckScience.Tests.Web.Helpers.WeatherHelpersTests.ConvertWindDirectionToText_VariousAngles_ReturnsCorrectDirection(degrees: 315, expected: &quot;NW&quot;)" computerName="runnervmf4ws1" duration="00:00:00.0000031" startTime="2025-09-10T21:36:37.8108786+00:00" endTime="2025-09-10T21:36:37.8108787+00:00" testType="13cdc9d9-ddb5-4fa4-a97d-d965ccfc6d4b" outcome="Passed" testListId="8c84fa94-04c1-424b-9868-57a2d4851a1d" relativeResultsDirectory="2d61699c-fb7e-4efa-aa6f-01c4a241a182" />
    <UnitTestResult executionId="9b26d6eb-a846-4507-a99f-6952050bd10f" testId="78fd4f15-08d5-878b-fd2a-dd2d3bcc8384" testName="BuckScience.Tests.PhotoFilteringUrlExamples.BuildFilters_UrlParameters_ShouldParseCorrectly(urlParams: &quot;tempMax=25&quot;, expectedTempMin: null, expectedTempMax: 25, expectedWindMin: null, expectedWindMax: null)" computerName="runnervmf4ws1" duration="00:00:00.0021774" startTime="2025-09-10T21:36:37.8222323+00:00" endTime="2025-09-10T21:36:37.8222324+00:00" testType="13cdc9d9-ddb5-4fa4-a97d-d965ccfc6d4b" outcome="Passed" testListId="8c84fa94-04c1-424b-9868-57a2d4851a1d" relativeResultsDirectory="9b26d6eb-a846-4507-a99f-6952050bd10f" />
    <UnitTestResult executionId="e899de79-fc1f-480e-ab42-00dc3fa7d64b" testId="0c242e7e-8f22-f923-65dd-b2f5a0811c80" testName="BuckScience.Tests.Application.SeasonMonthMappingServiceTests.GetMonthsForPropertyAsync_WithPropertyNoOverride_ReturnsDefaultMonths" computerName="runnervmf4ws1" duration="00:00:00.0017942" startTime="2025-09-10T21:36:37.4913532+00:00" endTime="2025-09-10T21:36:37.4913533+00:00" testType="13cdc9d9-ddb5-4fa4-a97d-d965ccfc6d4b" outcome="Passed" testListId="8c84fa94-04c1-424b-9868-57a2d4851a1d" relativeResultsDirectory="e899de79-fc1f-480e-ab42-00dc3fa7d64b" />
    <UnitTestResult executionId="bc4637ba-a23d-4d30-906b-839aa2fc9f65" testId="9cd7f192-bb9b-abd8-007d-2585a8ffb5e9" testName="BuckScience.Tests.PhotoFilteringUrlExamples.PhotoFiltering_RealWorldScenario_TempAndCameraFilter" computerName="runnervmf4ws1" duration="00:00:00.0006223" startTime="2025-09-10T21:36:37.8243646+00:00" endTime="2025-09-10T21:36:37.8243646+00:00" testType="13cdc9d9-ddb5-4fa4-a97d-d965ccfc6d4b" outcome="Passed" testListId="8c84fa94-04c1-424b-9868-57a2d4851a1d" relativeResultsDirectory="bc4637ba-a23d-4d30-906b-839aa2fc9f65" />
    <UnitTestResult executionId="a349a1ed-fc2b-404e-a032-3e0b02d293dc" testId="0c5da287-efdb-ad86-5a1d-4f909e3eba8c" testName="BuckScience.Tests.PhotoFilteringUrlExamples.BuildFilters_UrlParameters_ShouldParseCorrectly(urlParams: &quot;windSpeedMin=5&amp;windSpeedMax=15&quot;, expectedTempMin: null, expectedTempMax: null, expectedWindMin: 5, expectedWindMax: 15)" computerName="runnervmf4ws1" duration="00:00:00.0000210" startTime="2025-09-10T21:36:37.8228792+00:00" endTime="2025-09-10T21:36:37.8228793+00:00" testType="13cdc9d9-ddb5-4fa4-a97d-d965ccfc6d4b" outcome="Passed" testListId="8c84fa94-04c1-424b-9868-57a2d4851a1d" relativeResultsDirectory="a349a1ed-fc2b-404e-a032-3e0b02d293dc" />
    <UnitTestResult executionId="cd9d1e2c-6a6c-4497-ab7f-0a27ac01b81e" testId="87537a65-edc4-293b-e0c7-ff87f3dc8e79" testName="BuckScience.Tests.PhotoPlacementHistoryTests.Photo_SetCameraPlacementHistory_ShouldThrowForInvalidId" computerName="runnervmf4ws1" duration="00:00:00.0008044" startTime="2025-09-10T21:36:37.7823103+00:00" endTime="2025-09-10T21:36:37.7823105+00:00" testType="13cdc9d9-ddb5-4fa4-a97d-d965ccfc6d4b" outcome="Passed" testListId="8c84fa94-04c1-424b-9868-57a2d4851a1d" relativeResultsDirectory="cd9d1e2c-6a6c-4497-ab7f-0a27ac01b81e" />
    <UnitTestResult executionId="7eef0fdb-f341-4740-9593-b6aa1961069a" testId="73d0473b-eb3b-71b8-da90-00961c42343e" testName="BuckScience.Tests.PhotoFilteringUrlExamples.BuildFilters_ConditionsParameters_ShouldParseCorrectly(conditions: &quot;Clear,Partly Cloudy,Overcast&quot;, expectedConditions: [&quot;Clear&quot;, &quot;Partly Cloudy&quot;, &quot;Overcast&quot;])" computerName="runnervmf4ws1" duration="00:00:00.0001999" startTime="2025-09-10T21:36:37.8242143+00:00" endTime="2025-09-10T21:36:37.8242144+00:00" testType="13cdc9d9-ddb5-4fa4-a97d-d965ccfc6d4b" outcome="Passed" testListId="8c84fa94-04c1-424b-9868-57a2d4851a1d" relativeResultsDirectory="7eef0fdb-f341-4740-9593-b6aa1961069a" />
    <UnitTestResult executionId="c295d5bc-9fc5-4163-a46a-37121c33b05d" testId="ec7cd5e3-a82c-cf66-66cc-45c1ba395a3e" testName="BuckScience.Tests.Web.Helpers.WeatherHelpersTests.ConvertMoonPhaseTextToNumeric_InvalidText_ReturnsNull(text: &quot;   &quot;)" computerName="runnervmf4ws1" duration="00:00:00.0000045" startTime="2025-09-10T21:36:37.8221614+00:00" endTime="2025-09-10T21:36:37.8221615+00:00" testType="13cdc9d9-ddb5-4fa4-a97d-d965ccfc6d4b" outcome="Passed" testListId="8c84fa94-04c1-424b-9868-57a2d4851a1d" relativeResultsDirectory="c295d5bc-9fc5-4163-a46a-37121c33b05d" />
    <UnitTestResult executionId="db004c1d-2cf9-4f91-b539-da4e7ccd0c56" testId="d85c6fd3-7663-9ff2-9595-f7d77c06aa38" testName="BuckScience.Tests.Application.PropertyFeatureApplicationTests.UpdatePropertyFeature_WithNullWeight_SetsWeightToNull" computerName="runnervmf4ws1" duration="00:00:00.0067049" startTime="2025-09-10T21:36:37.6598352+00:00" endTime="2025-09-10T21:36:37.6598353+00:00" testType="13cdc9d9-ddb5-4fa4-a97d-d965ccfc6d4b" outcome="Passed" testListId="8c84fa94-04c1-424b-9868-57a2d4851a1d" relativeResultsDirectory="db004c1d-2cf9-4f91-b539-da4e7ccd0c56" />
    <UnitTestResult executionId="cb780eee-1276-4b38-8fb6-5d3885d48628" testId="2d42558b-0e16-1806-a5ca-7006bc54a2c7" testName="BuckScience.Tests.Domain.PropertySeasonMonthsOverrideTests.PropertySeasonMonthsOverride_SetMonths_WithInvalidMonths_ThrowsArgumentOutOfRangeException(invalidMonths: [1, 0, 5])" computerName="runnervmf4ws1" duration="00:00:00.0006922" startTime="2025-09-10T21:36:36.5242073+00:00" endTime="2025-09-10T21:36:36.5242074+00:00" testType="13cdc9d9-ddb5-4fa4-a97d-d965ccfc6d4b" outcome="Passed" testListId="8c84fa94-04c1-424b-9868-57a2d4851a1d" relativeResultsDirectory="cb780eee-1276-4b38-8fb6-5d3885d48628" />
    <UnitTestResult executionId="5fc7e34d-2edf-407a-9d2f-60d8ed831dfc" testId="35247ab4-97a5-e557-91c7-742a1f89dba4" testName="BuckScience.Tests.Web.Helpers.WeatherHelpersTests.ConvertWindDirectionTextToNumeric_InvalidText_ReturnsNull(direction: &quot;Northeast&quot;)" computerName="runnervmf4ws1" duration="00:00:00.0002950" startTime="2025-09-10T21:36:37.8067861+00:00" endTime="2025-09-10T21:36:37.8067862+00:00" testType="13cdc9d9-ddb5-4fa4-a97d-d965ccfc6d4b" outcome="Passed" testListId="8c84fa94-04c1-424b-9868-57a2d4851a1d" relativeResultsDirectory="5fc7e34d-2edf-407a-9d2f-60d8ed831dfc" />
    <UnitTestResult executionId="e972f44d-87d9-40e8-837b-3e16be34cabd" testId="c91192db-21fb-4e08-e57b-721298eb140d" testName="BuckScience.Tests.Web.Helpers.WeatherHelpersTests.ConvertWindDirectionTextToNumeric_ValidDirections_ReturnsCorrectDegrees(direction: &quot;SE&quot;, expected: 135)" computerName="runnervmf4ws1" duration="00:00:00.0000085" startTime="2025-09-10T21:36:37.8173582+00:00" endTime="2025-09-10T21:36:37.8173583+00:00" testType="13cdc9d9-ddb5-4fa4-a97d-d965ccfc6d4b" outcome="Passed" testListId="8c84fa94-04c1-424b-9868-57a2d4851a1d" relativeResultsDirectory="e972f44d-87d9-40e8-837b-3e16be34cabd" />
    <UnitTestResult executionId="d7ebf3f9-3462-429e-a0b8-03f2df45b2e8" testId="62aa58ea-9077-0f9e-c60d-aafd4a8d0ad6" testName="BuckScience.Tests.Web.Helpers.WeatherHelpersTests.ConvertWindDirectionToText_VariousAngles_ReturnsCorrectDirection(degrees: -10, expected: &quot;N&quot;)" computerName="runnervmf4ws1" duration="00:00:00.0000041" startTime="2025-09-10T21:36:37.8119516+00:00" endTime="2025-09-10T21:36:37.8119517+00:00" testType="13cdc9d9-ddb5-4fa4-a97d-d965ccfc6d4b" outcome="Passed" testListId="8c84fa94-04c1-424b-9868-57a2d4851a1d" relativeResultsDirectory="d7ebf3f9-3462-429e-a0b8-03f2df45b2e8" />
    <UnitTestResult executionId="b4096491-02c5-4061-bb99-a120cd7d5b27" testId="9ad59ac2-75e0-43fa-c7a4-360f06bdf706" testName="BuckScience.Tests.Domain.SeasonExtensionsTests.GetDefaultMonths_Rut_ReturnsCorrectMonths" computerName="runnervmf4ws1" duration="00:00:00.0002273" startTime="2025-09-10T21:36:37.6959165+00:00" endTime="2025-09-10T21:36:37.6959165+00:00" testType="13cdc9d9-ddb5-4fa4-a97d-d965ccfc6d4b" outcome="Passed" testListId="8c84fa94-04c1-424b-9868-57a2d4851a1d" relativeResultsDirectory="b4096491-02c5-4061-bb99-a120cd7d5b27" />
    <UnitTestResult executionId="f1b6c509-26b5-4892-9201-51a241f6d0fc" testId="cd550bc2-0f86-e40a-cd18-9b7914553212" testName="BuckScience.Tests.Application.SeasonMonthMappingServiceTests.GetAllPropertyOverridesAsync_ReturnsEmptyDictionary_WhenNoOverrides" computerName="runnervmf4ws1" duration="00:00:00.0027429" startTime="2025-09-10T21:36:37.4717716+00:00" endTime="2025-09-10T21:36:37.4717717+00:00" testType="13cdc9d9-ddb5-4fa4-a97d-d965ccfc6d4b" outcome="Passed" testListId="8c84fa94-04c1-424b-9868-57a2d4851a1d" relativeResultsDirectory="f1b6c509-26b5-4892-9201-51a241f6d0fc" />
    <UnitTestResult executionId="761ffd6d-ee5d-4421-b052-e26c59466259" testId="f950f79e-ba5e-b1e8-b4c0-7c88acd39e8b" testName="BuckScience.Tests.CameraCreateVmTests.CameraCreateVm_DirectionSync_ShouldWorkForAllDirections(direction: SE, expectedDegrees: 135)" computerName="runnervmf4ws1" duration="00:00:00.0002525" startTime="2025-09-10T21:36:37.8066842+00:00" endTime="2025-09-10T21:36:37.8066843+00:00" testType="13cdc9d9-ddb5-4fa4-a97d-d965ccfc6d4b" outcome="Passed" testListId="8c84fa94-04c1-424b-9868-57a2d4851a1d" relativeResultsDirectory="761ffd6d-ee5d-4421-b052-e26c59466259" />
    <UnitTestResult executionId="86eda5fd-098f-491e-9b6c-3c93e90fd16b" testId="172a47eb-7de7-c6df-b8be-70c0be7e14f7" testName="BuckScience.Tests.Web.Helpers.WeatherHelpersTests.ConvertWindDirectionTextToNumeric_ValidDirections_ReturnsCorrectDegrees(direction: &quot;SSW&quot;, expected: 202.5)" computerName="runnervmf4ws1" duration="00:00:00.0000088" startTime="2025-09-10T21:36:37.8170933+00:00" endTime="2025-09-10T21:36:37.8170934+00:00" testType="13cdc9d9-ddb5-4fa4-a97d-d965ccfc6d4b" outcome="Passed" testListId="8c84fa94-04c1-424b-9868-57a2d4851a1d" relativeResultsDirectory="86eda5fd-098f-491e-9b6c-3c93e90fd16b" />
    <UnitTestResult executionId="1cc88c82-be57-4146-9229-f512e6a8ad82" testId="6d7b3d93-71ec-c074-924a-c624993f0b1a" testName="BuckScience.Tests.CameraPlacementHistoryTests.CameraCreateVm_ShouldIncludeDirectionDegrees" computerName="runnervmf4ws1" duration="00:00:00.0008408" startTime="2025-09-10T21:36:37.4803270+00:00" endTime="2025-09-10T21:36:37.4803272+00:00" testType="13cdc9d9-ddb5-4fa4-a97d-d965ccfc6d4b" outcome="Passed" testListId="8c84fa94-04c1-424b-9868-57a2d4851a1d" relativeResultsDirectory="1cc88c82-be57-4146-9229-f512e6a8ad82" />
    <UnitTestResult executionId="bf3cc495-c329-4485-902a-23400be3c2d5" testId="90576d28-8c3e-aa47-8e92-100b02ac5a05" testName="BuckScience.Tests.Web.Helpers.WeatherHelpersTests.GetWindDirectionOptions_WithAvailableDirections_SetsAvailability" computerName="runnervmf4ws1" duration="00:00:00.0008877" startTime="2025-09-10T21:36:37.8217883+00:00" endTime="2025-09-10T21:36:37.8217884+00:00" testType="13cdc9d9-ddb5-4fa4-a97d-d965ccfc6d4b" outcome="Passed" testListId="8c84fa94-04c1-424b-9868-57a2d4851a1d" relativeResultsDirectory="bf3cc495-c329-4485-902a-23400be3c2d5" />
    <UnitTestResult executionId="5ccbe79f-5780-412c-b92b-e62d2507621d" testId="a8cebbec-cc48-449c-a357-e8867b7cdbdf" testName="BuckScience.Tests.DirectionHelperTests.DirectionMapping_ShouldBeConsistent" computerName="runnervmf4ws1" duration="00:00:00.0003998" startTime="2025-09-10T21:36:37.6565288+00:00" endTime="2025-09-10T21:36:37.6565289+00:00" testType="13cdc9d9-ddb5-4fa4-a97d-d965ccfc6d4b" outcome="Passed" testListId="8c84fa94-04c1-424b-9868-57a2d4851a1d" relativeResultsDirectory="5ccbe79f-5780-412c-b92b-e62d2507621d" />
    <UnitTestResult executionId="281b7829-2b46-4fa4-b821-26dbbb9feb2d" testId="42b838e4-a515-a0a8-9201-8a5607fcd950" testName="BuckScience.Tests.CameraPlacementHistoryTests.CameraEditVm_ShouldIncludeDirectionDegrees" computerName="runnervmf4ws1" duration="00:00:00.0010330" startTime="2025-09-10T21:36:37.4690321+00:00" endTime="2025-09-10T21:36:37.4690322+00:00" testType="13cdc9d9-ddb5-4fa4-a97d-d965ccfc6d4b" outcome="Passed" testListId="8c84fa94-04c1-424b-9868-57a2d4851a1d" relativeResultsDirectory="281b7829-2b46-4fa4-b821-26dbbb9feb2d" />
    <UnitTestResult executionId="3143a1a3-048c-4e81-9061-423233e3d48c" testId="5586d107-f84a-20c0-07c2-a380e15c327c" testName="BuckScience.Tests.Domain.FeatureWeightTests.FeatureWeight_NullSeasonalWeights_ReturnsNullFromGetter" computerName="runnervmf4ws1" duration="00:00:00.0001407" startTime="2025-09-10T21:36:37.8298590+00:00" endTime="2025-09-10T21:36:37.8298591+00:00" testType="13cdc9d9-ddb5-4fa4-a97d-d965ccfc6d4b" outcome="Passed" testListId="8c84fa94-04c1-424b-9868-57a2d4851a1d" relativeResultsDirectory="3143a1a3-048c-4e81-9061-423233e3d48c" />
    <UnitTestResult executionId="1f6e7683-e760-4d5e-be16-04447b4eb480" testId="81cae9df-520c-bb72-ca7a-30a828451359" testName="BuckScience.Tests.PhotoFilteringComprehensiveTests.PhotoFilters_ComplexCombination_AllFilterTypes" computerName="runnervmf4ws1" duration="00:00:00.0010299" startTime="2025-09-10T21:36:37.6266849+00:00" endTime="2025-09-10T21:36:37.6266850+00:00" testType="13cdc9d9-ddb5-4fa4-a97d-d965ccfc6d4b" outcome="Passed" testListId="8c84fa94-04c1-424b-9868-57a2d4851a1d" relativeResultsDirectory="1f6e7683-e760-4d5e-be16-04447b4eb480" />
    <UnitTestResult executionId="e03d3dfe-bfb6-4c0e-ab25-881bdd205dd1" testId="e531c44f-a81a-259c-843c-505a398d8b55" testName="BuckScience.Tests.Web.Helpers.WeatherHelpersTests.ConvertMoonPhaseTextToNumeric_InvalidText_ReturnsNull(text: &quot;Invalid Phase&quot;)" computerName="runnervmf4ws1" duration="00:00:00.0000098" startTime="2025-09-10T21:36:37.8221030+00:00" endTime="2025-09-10T21:36:37.8221031+00:00" testType="13cdc9d9-ddb5-4fa4-a97d-d965ccfc6d4b" outcome="Passed" testListId="8c84fa94-04c1-424b-9868-57a2d4851a1d" relativeResultsDirectory="e03d3dfe-bfb6-4c0e-ab25-881bdd205dd1" />
    <UnitTestResult executionId="1b18094d-ed55-47b7-bc7f-f0d045ce9f41" testId="5281d8e8-e57c-c45e-69f7-66dd4ef8cb7b" testName="BuckScience.Tests.PhotoFiltersTests.PhotoFilters_HasAnyFilters_ReturnsTrueWhenDateFilterSet" computerName="runnervmf4ws1" duration="00:00:00.0003275" startTime="2025-09-10T21:36:37.4554417+00:00" endTime="2025-09-10T21:36:37.4554418+00:00" testType="13cdc9d9-ddb5-4fa4-a97d-d965ccfc6d4b" outcome="Passed" testListId="8c84fa94-04c1-424b-9868-57a2d4851a1d" relativeResultsDirectory="1b18094d-ed55-47b7-bc7f-f0d045ce9f41" />
    <UnitTestResult executionId="4db10fbd-f918-42fc-ae46-781dca46739c" testId="10354eb4-4c14-dba7-068b-24dcfb475d53" testName="BuckScience.Tests.DirectionHelperTests.FromFloat_ShouldFindClosestDirection(degrees: 360, expectedDirection: N)" computerName="runnervmf4ws1" duration="00:00:00.0000104" startTime="2025-09-10T21:36:37.6562067+00:00" endTime="2025-09-10T21:36:37.6562068+00:00" testType="13cdc9d9-ddb5-4fa4-a97d-d965ccfc6d4b" outcome="Passed" testListId="8c84fa94-04c1-424b-9868-57a2d4851a1d" relativeResultsDirectory="4db10fbd-f918-42fc-ae46-781dca46739c" />
    <UnitTestResult executionId="3d676995-8ee7-4bbd-9dbb-bdd9a73f6b45" testId="fa4cb098-045c-45a9-65cd-11b5fd8b475f" testName="BuckScience.Tests.Application.SeasonMonthMappingServiceTests.SetPropertySeasonOverrideAsync_CreatesNewOverride_WhenNoneExists" computerName="runnervmf4ws1" duration="00:00:00.0043717" startTime="2025-09-10T21:36:37.4844141+00:00" endTime="2025-09-10T21:36:37.4844142+00:00" testType="13cdc9d9-ddb5-4fa4-a97d-d965ccfc6d4b" outcome="Passed" testListId="8c84fa94-04c1-424b-9868-57a2d4851a1d" relativeResultsDirectory="3d676995-8ee7-4bbd-9dbb-bdd9a73f6b45" />
    <UnitTestResult executionId="b5ec5bd0-61af-4742-96ab-6e84b7a91d1c" testId="68647ad1-4f74-1b97-159d-5659e9979e01" testName="BuckScience.Tests.Domain.MonthsAttributeTests.MonthsAttribute_Constructor_WithInvalidMonth_ThrowsArgumentOutOfRangeException(invalidMonth: 0)" computerName="runnervmf4ws1" duration="00:00:00.0000529" startTime="2025-09-10T21:36:37.4994658+00:00" endTime="2025-09-10T21:36:37.4994659+00:00" testType="13cdc9d9-ddb5-4fa4-a97d-d965ccfc6d4b" outcome="Passed" testListId="8c84fa94-04c1-424b-9868-57a2d4851a1d" relativeResultsDirectory="b5ec5bd0-61af-4742-96ab-6e84b7a91d1c" />
    <UnitTestResult executionId="864e6696-3dea-4043-bb11-600be5f25eea" testId="b10f5741-388a-3ae9-2087-f07485587a15" testName="BuckScience.Tests.FeatureHelperTests.GetCategory_ShouldReturnCorrectCategoryForTopographicalFeatures" computerName="runnervmf4ws1" duration="00:00:00.0001528" startTime="2025-09-10T21:36:37.6823454+00:00" endTime="2025-09-10T21:36:37.6823456+00:00" testType="13cdc9d9-ddb5-4fa4-a97d-d965ccfc6d4b" outcome="Passed" testListId="8c84fa94-04c1-424b-9868-57a2d4851a1d" relativeResultsDirectory="864e6696-3dea-4043-bb11-600be5f25eea" />
    <UnitTestResult executionId="66945cbd-e76b-42aa-9426-d7a9e9ce5cd4" testId="117d72dd-b186-d8e9-ce14-8d711079c929" testName="BuckScience.Tests.Web.Helpers.WeatherHelpersTests.ConvertWindDirectionTextToNumeric_ValidDirections_ReturnsCorrectDegrees(direction: &quot;WSW&quot;, expected: 247.5)" computerName="runnervmf4ws1" duration="00:00:00.0000083" startTime="2025-09-10T21:36:37.8170275+00:00" endTime="2025-09-10T21:36:37.8170275+00:00" testType="13cdc9d9-ddb5-4fa4-a97d-d965ccfc6d4b" outcome="Passed" testListId="8c84fa94-04c1-424b-9868-57a2d4851a1d" relativeResultsDirectory="66945cbd-e76b-42aa-9426-d7a9e9ce5cd4" />
    <UnitTestResult executionId="0b7c6997-afbc-4235-abfb-97c6b2f8ec95" testId="7f448030-c6f3-ad7f-1c7b-809f60db9d71" testName="BuckScience.Tests.Web.Helpers.WeatherHelpersTests.ConvertWindDirectionTextToNumeric_ValidDirections_ReturnsCorrectDegrees(direction: &quot;NW&quot;, expected: 315)" computerName="runnervmf4ws1" duration="00:00:00.0000086" startTime="2025-09-10T21:36:37.8183161+00:00" endTime="2025-09-10T21:36:37.8183162+00:00" testType="13cdc9d9-ddb5-4fa4-a97d-d965ccfc6d4b" outcome="Passed" testListId="8c84fa94-04c1-424b-9868-57a2d4851a1d" relativeResultsDirectory="0b7c6997-afbc-4235-abfb-97c6b2f8ec95" />
    <UnitTestResult executionId="53dce25a-8354-4c94-baa2-ed26e9da83cd" testId="0c283173-5d83-3aa6-5e6a-5b618b66073f" testName="BuckScience.Tests.Domain.MonthsAttributeTests.MonthsAttribute_Constructor_WithInvalidMonth_ThrowsArgumentOutOfRangeException(invalidMonth: 13)" computerName="runnervmf4ws1" duration="00:00:00.0002665" startTime="2025-09-10T21:36:37.4994050+00:00" endTime="2025-09-10T21:36:37.4994051+00:00" testType="13cdc9d9-ddb5-4fa4-a97d-d965ccfc6d4b" outcome="Passed" testListId="8c84fa94-04c1-424b-9868-57a2d4851a1d" relativeResultsDirectory="53dce25a-8354-4c94-baa2-ed26e9da83cd" />
    <UnitTestResult executionId="299446c5-c7aa-4735-8664-faeca61787e2" testId="a7640c1c-3e1a-ff5f-a7c8-4da5a8b29af2" testName="BuckScience.Tests.Web.Helpers.WeatherHelpersTests.ConvertMoonPhaseTextToNumeric_ValidText_ReturnsCorrectValue(text: &quot;First Quarter&quot;, expected: 0.25)" computerName="runnervmf4ws1" duration="00:00:00.0000087" startTime="2025-09-10T21:36:37.8209714+00:00" endTime="2025-09-10T21:36:37.8209715+00:00" testType="13cdc9d9-ddb5-4fa4-a97d-d965ccfc6d4b" outcome="Passed" testListId="8c84fa94-04c1-424b-9868-57a2d4851a1d" relativeResultsDirectory="299446c5-c7aa-4735-8664-faeca61787e2" />
    <UnitTestResult executionId="2acae228-d8ec-40be-8239-03c894db1379" testId="7bc9b0b3-f390-4717-09ce-b059301b82e1" testName="BuckScience.Tests.Application.FeatureWeights.UpdateFeatureWeightsTests.UpdateFeatureWeights_PartialUpdate_PreservesOtherCustomizations" computerName="runnervmf4ws1" duration="00:00:00.0035516" startTime="2025-09-10T21:36:37.5917940+00:00" endTime="2025-09-10T21:36:37.5917941+00:00" testType="13cdc9d9-ddb5-4fa4-a97d-d965ccfc6d4b" outcome="Passed" testListId="8c84fa94-04c1-424b-9868-57a2d4851a1d" relativeResultsDirectory="2acae228-d8ec-40be-8239-03c894db1379" />
    <UnitTestResult executionId="0c3f89d1-6da4-4512-a535-2119d4b128a5" testId="0249bb7c-cd9a-b690-46ba-3252e9d64885" testName="BuckScience.Tests.PhotoFilteringUrlExamples.BuildFilters_CameraParameters_ShouldParseCorrectly(cameras: &quot;1,5,10&quot;, expectedCameras: [1, 5, 10])" computerName="runnervmf4ws1" duration="00:00:00.0000191" startTime="2025-09-10T21:36:37.8195625+00:00" endTime="2025-09-10T21:36:37.8195626+00:00" testType="13cdc9d9-ddb5-4fa4-a97d-d965ccfc6d4b" outcome="Passed" testListId="8c84fa94-04c1-424b-9868-57a2d4851a1d" relativeResultsDirectory="0c3f89d1-6da4-4512-a535-2119d4b128a5" />
    <UnitTestResult executionId="c13814e4-27a5-457e-b9e1-099b7ab07fdb" testId="7ae16dcf-6b89-2e79-9d90-4b5fa9ac7af9" testName="BuckScience.Tests.Domain.FeatureWeightTests.FeatureWeight_UpdateUserWeight_UpdatesValueAndTimestamp" computerName="runnervmf4ws1" duration="00:00:00.0125190" startTime="2025-09-10T21:36:37.8194280+00:00" endTime="2025-09-10T21:36:37.8194281+00:00" testType="13cdc9d9-ddb5-4fa4-a97d-d965ccfc6d4b" outcome="Passed" testListId="8c84fa94-04c1-424b-9868-57a2d4851a1d" relativeResultsDirectory="c13814e4-27a5-457e-b9e1-099b7ab07fdb" />
    <UnitTestResult executionId="8bad3029-2868-4e61-87f8-227b79900148" testId="a6b7ec4e-8439-0e75-5dff-9c306313533e" testName="BuckScience.Tests.Domain.PropertySeasonMonthsOverrideTests.PropertySeasonMonthsOverride_Constructor_WithNullMonths_ThrowsArgumentNullException" computerName="runnervmf4ws1" duration="00:00:00.0003433" startTime="2025-09-10T21:36:36.5265697+00:00" endTime="2025-09-10T21:36:36.5265698+00:00" testType="13cdc9d9-ddb5-4fa4-a97d-d965ccfc6d4b" outcome="Passed" testListId="8c84fa94-04c1-424b-9868-57a2d4851a1d" relativeResultsDirectory="8bad3029-2868-4e61-87f8-227b79900148" />
    <UnitTestResult executionId="eedc4611-dde1-4f5c-86d4-96f10accb697" testId="5def33b1-c62c-99fb-8bf7-753117f8b16e" testName="BuckScience.Tests.Domain.FeatureWeightTests.FeatureWeight_ResetToDefault_ClearsCustomizations" computerName="runnervmf4ws1" duration="00:00:00.0003264" startTime="2025-09-10T21:36:37.8219172+00:00" endTime="2025-09-10T21:36:37.8219173+00:00" testType="13cdc9d9-ddb5-4fa4-a97d-d965ccfc6d4b" outcome="Passed" testListId="8c84fa94-04c1-424b-9868-57a2d4851a1d" relativeResultsDirectory="eedc4611-dde1-4f5c-86d4-96f10accb697" />
    <UnitTestResult executionId="75f3e66c-2c72-4349-a548-a415655725d6" testId="df69a92c-44e3-a51a-3c69-97077bc8aa3a" testName="BuckScience.Tests.Domain.PropertyFeatureTests.Constructor_WithValidWeight_SetsWeightCorrectly(weight: 0.5)" computerName="runnervmf4ws1" duration="00:00:00.0000159" startTime="2025-09-10T21:36:37.7959320+00:00" endTime="2025-09-10T21:36:37.7959321+00:00" testType="13cdc9d9-ddb5-4fa4-a97d-d965ccfc6d4b" outcome="Passed" testListId="8c84fa94-04c1-424b-9868-57a2d4851a1d" relativeResultsDirectory="75f3e66c-2c72-4349-a548-a415655725d6" />
    <UnitTestResult executionId="46c0c567-d514-42c7-87dc-008854a02d05" testId="7f31b8c1-231f-a39c-8870-f0d4abe51343" testName="BuckScience.Tests.FeatureHelperTests.FeatureDescriptions_ShouldContainAllClassificationTypes" computerName="runnervmf4ws1" duration="00:00:00.0007859" startTime="2025-09-10T21:36:37.6804005+00:00" endTime="2025-09-10T21:36:37.6804006+00:00" testType="13cdc9d9-ddb5-4fa4-a97d-d965ccfc6d4b" outcome="Passed" testListId="8c84fa94-04c1-424b-9868-57a2d4851a1d" relativeResultsDirectory="46c0c567-d514-42c7-87dc-008854a02d05" />
    <UnitTestResult executionId="771d7b97-b050-493a-bb3f-910a4ac198e6" testId="b173cbcd-a6a7-597f-40e4-5532d9298452" testName="BuckScience.Tests.Domain.PropertyFeatureTests.Constructor_WithValidWeight_SetsWeightCorrectly(weight: 0)" computerName="runnervmf4ws1" duration="00:00:00.0010219" startTime="2025-09-10T21:36:37.7958625+00:00" endTime="2025-09-10T21:36:37.7958626+00:00" testType="13cdc9d9-ddb5-4fa4-a97d-d965ccfc6d4b" outcome="Passed" testListId="8c84fa94-04c1-424b-9868-57a2d4851a1d" relativeResultsDirectory="771d7b97-b050-493a-bb3f-910a4ac198e6" />
    <UnitTestResult executionId="54f8cb30-11fb-4d62-8115-043bd03f28d0" testId="aecfa300-816f-69bf-9efe-1e4204feea85" testName="BuckScience.Tests.Domain.SeasonExtensionsTests.GetDefaultMonths_AllSeasons_HaveValidAttributes" computerName="runnervmf4ws1" duration="00:00:00.0022274" startTime="2025-09-10T21:36:37.6982126+00:00" endTime="2025-09-10T21:36:37.6982128+00:00" testType="13cdc9d9-ddb5-4fa4-a97d-d965ccfc6d4b" outcome="Passed" testListId="8c84fa94-04c1-424b-9868-57a2d4851a1d" relativeResultsDirectory="54f8cb30-11fb-4d62-8115-043bd03f28d0" />
    <UnitTestResult executionId="e2726417-1d68-4bc6-b3be-6a36d8cb5806" testId="e294371f-24bd-e5af-41b0-5a6f22f8d71f" testName="BuckScience.Tests.Web.Helpers.WeatherHelpersTests.ConvertWindDirectionTextToNumeric_ValidDirections_ReturnsCorrectDegrees(direction: &quot;S&quot;, expected: 180)" computerName="runnervmf4ws1" duration="00:00:00.0000106" startTime="2025-09-10T21:36:37.8162647+00:00" endTime="2025-09-10T21:36:37.8162647+00:00" testType="13cdc9d9-ddb5-4fa4-a97d-d965ccfc6d4b" outcome="Passed" testListId="8c84fa94-04c1-424b-9868-57a2d4851a1d" relativeResultsDirectory="e2726417-1d68-4bc6-b3be-6a36d8cb5806" />
    <UnitTestResult executionId="8a6b4b16-67b2-4dde-8942-b75b1f57e5ec" testId="5d43f699-35d1-a4da-58e9-d0a22f0dcdd2" testName="BuckScience.Tests.PhotoFiltersTests.PhotoFilters_HasWeatherFilters_ReturnsFalseWhenNoWeatherFiltersSet" computerName="runnervmf4ws1" duration="00:00:00.0002402" startTime="2025-09-10T21:36:37.4557473+00:00" endTime="2025-09-10T21:36:37.4557474+00:00" testType="13cdc9d9-ddb5-4fa4-a97d-d965ccfc6d4b" outcome="Passed" testListId="8c84fa94-04c1-424b-9868-57a2d4851a1d" relativeResultsDirectory="8a6b4b16-67b2-4dde-8942-b75b1f57e5ec" />
    <UnitTestResult executionId="83b5a286-229a-4ccd-a1ba-9bfa7ae86a50" testId="b1f41500-5f15-b967-f0a8-55e935ea7819" testName="BuckScience.Tests.WeatherBatchProcessingTests.WeatherService_ShouldRoundCoordinatesConsistently" computerName="runnervmf4ws1" duration="00:00:00.0704262" startTime="2025-09-10T21:36:37.7865127+00:00" endTime="2025-09-10T21:36:37.7865128+00:00" testType="13cdc9d9-ddb5-4fa4-a97d-d965ccfc6d4b" outcome="Passed" testListId="8c84fa94-04c1-424b-9868-57a2d4851a1d" relativeResultsDirectory="83b5a286-229a-4ccd-a1ba-9bfa7ae86a50" />
    <UnitTestResult executionId="57bb0bd2-11d9-4a14-92aa-9c3345b37d2a" testId="24c340fb-d377-9a86-7f7b-24671f6c604a" testName="BuckScience.Tests.UnitTest1.Test1" computerName="runnervmf4ws1" duration="00:00:00.0001777" startTime="2025-09-10T21:36:37.8161253+00:00" endTime="2025-09-10T21:36:37.8161254+00:00" testType="13cdc9d9-ddb5-4fa4-a97d-d965ccfc6d4b" outcome="Passed" testListId="8c84fa94-04c1-424b-9868-57a2d4851a1d" relativeResultsDirectory="57bb0bd2-11d9-4a14-92aa-9c3345b37d2a" />
    <UnitTestResult executionId="a35a2e04-2c39-4865-9d01-8f8c35862219" testId="1d7b16e9-5047-ebb1-e4a1-207c49ea6bcd" testName="BuckScience.Tests.Domain.PropertyFeatureTests.Constructor_WithInvalidWeight_ThrowsArgumentOutOfRangeException(weight: 2)" computerName="runnervmf4ws1" duration="00:00:00.0015613" startTime="2025-09-10T21:36:37.7902075+00:00" endTime="2025-09-10T21:36:37.7902077+00:00" testType="13cdc9d9-ddb5-4fa4-a97d-d965ccfc6d4b" outcome="Passed" testListId="8c84fa94-04c1-424b-9868-57a2d4851a1d" relativeResultsDirectory="a35a2e04-2c39-4865-9d01-8f8c35862219" />
    <UnitTestResult executionId="71ee8ee9-0941-4c47-92e1-b008feca26a4" testId="5439de61-630e-08c6-3445-f1eed3fd3847" testName="BuckScience.Tests.TagCleanupTests.RemoveTagFromPhotos_ShouldCleanupTag_WhenNotUsedAnywhere" computerName="runnervmf4ws1" duration="00:00:00.0239500" startTime="2025-09-10T21:36:37.8265906+00:00" endTime="2025-09-10T21:36:37.8265907+00:00" testType="13cdc9d9-ddb5-4fa4-a97d-d965ccfc6d4b" outcome="Passed" testListId="8c84fa94-04c1-424b-9868-57a2d4851a1d" relativeResultsDirectory="71ee8ee9-0941-4c47-92e1-b008feca26a4" />
    <UnitTestResult executionId="3dba31d7-b0d9-4dcb-b131-e7089e0daac8" testId="e0dcc631-95da-6f78-075b-f4a50d72ea72" testName="BuckScience.Tests.Application.SeasonMonthMappingServiceTests.RemovePropertySeasonOverrideAsync_RemovesOverride_WhenExists" computerName="runnervmf4ws1" duration="00:00:00.0084528" startTime="2025-09-10T21:36:37.4804374+00:00" endTime="2025-09-10T21:36:37.4804374+00:00" testType="13cdc9d9-ddb5-4fa4-a97d-d965ccfc6d4b" outcome="Passed" testListId="8c84fa94-04c1-424b-9868-57a2d4851a1d" relativeResultsDirectory="3dba31d7-b0d9-4dcb-b131-e7089e0daac8" />
    <UnitTestResult executionId="35892b84-7ac1-4b5f-84d6-d849fef92d7d" testId="994b105a-2d3c-5d2b-62ff-1c998f53f588" testName="BuckScience.Tests.TaggingSystemTests.AddTagToPhotos_ShouldNotCreateDuplicates" computerName="runnervmf4ws1" duration="00:00:00.0154456" startTime="2025-09-10T21:36:37.4483573+00:00" endTime="2025-09-10T21:36:37.4483574+00:00" testType="13cdc9d9-ddb5-4fa4-a97d-d965ccfc6d4b" outcome="Passed" testListId="8c84fa94-04c1-424b-9868-57a2d4851a1d" relativeResultsDirectory="35892b84-7ac1-4b5f-84d6-d849fef92d7d" />
    <UnitTestResult executionId="0c766cda-73ee-4e4b-ad9c-076a18a583d6" testId="abcb8fa3-cd85-2471-5636-a22af31205a3" testName="BuckScience.Tests.Domain.FeatureWeightTests.FeatureWeightHelper_GetDefaultWeight_ReturnsExpectedValues(type: AgCropField, expectedWeight: 0.800000012)" computerName="runnervmf4ws1" duration="00:00:00.0000069" startTime="2025-09-10T21:36:37.8003118+00:00" endTime="2025-09-10T21:36:37.8003119+00:00" testType="13cdc9d9-ddb5-4fa4-a97d-d965ccfc6d4b" outcome="Passed" testListId="8c84fa94-04c1-424b-9868-57a2d4851a1d" relativeResultsDirectory="0c766cda-73ee-4e4b-ad9c-076a18a583d6" />
    <UnitTestResult executionId="a76731dd-6485-4266-8d9a-bd457b6e6b25" testId="5ad698c0-31c3-b3d2-caa9-9fa5ad866948" testName="BuckScience.Tests.FeatureHelperTests.FeatureNames_ShouldContainAllClassificationTypes" computerName="runnervmf4ws1" duration="00:00:00.0003075" startTime="2025-09-10T21:36:37.6893950+00:00" endTime="2025-09-10T21:36:37.6893950+00:00" testType="13cdc9d9-ddb5-4fa4-a97d-d965ccfc6d4b" outcome="Passed" testListId="8c84fa94-04c1-424b-9868-57a2d4851a1d" relativeResultsDirectory="a76731dd-6485-4266-8d9a-bd457b6e6b25" />
    <UnitTestResult executionId="48cd8ffe-0f95-4194-b955-35830f425264" testId="aac2053d-c1f1-3ae9-c811-84c25975dded" testName="BuckScience.Tests.TaggingIntegrationTests.CreateProperty_ShouldAutoAssignDefaultTags" computerName="runnervmf4ws1" duration="00:00:00.0071554" startTime="2025-09-10T21:36:37.7806653+00:00" endTime="2025-09-10T21:36:37.7806654+00:00" testType="13cdc9d9-ddb5-4fa4-a97d-d965ccfc6d4b" outcome="Passed" testListId="8c84fa94-04c1-424b-9868-57a2d4851a1d" relativeResultsDirectory="48cd8ffe-0f95-4194-b955-35830f425264" />
    <UnitTestResult executionId="92ff8b7d-3d16-48a5-8936-78241c98bad4" testId="b737e5bb-0356-fd2c-e9f5-061fb14537a5" testName="BuckScience.Tests.Application.PropertyFeatureApplicationTests.CreatePropertyFeature_WithWeight_CreatesFeatureWithWeight" computerName="runnervmf4ws1" duration="00:00:00.0031157" startTime="2025-09-10T21:36:37.6068134+00:00" endTime="2025-09-10T21:36:37.6068135+00:00" testType="13cdc9d9-ddb5-4fa4-a97d-d965ccfc6d4b" outcome="Passed" testListId="8c84fa94-04c1-424b-9868-57a2d4851a1d" relativeResultsDirectory="92ff8b7d-3d16-48a5-8936-78241c98bad4" />
    <UnitTestResult executionId="a884aa71-2a93-4132-90b3-d18915f5d8f3" testId="6a32519d-0b48-1a74-f23b-101b1449f4f4" testName="BuckScience.Tests.Domain.PropertyFeatureTests.SetWeight_WithNull_SetsWeightToNull" computerName="runnervmf4ws1" duration="00:00:00.0005159" startTime="2025-09-10T21:36:37.7916243+00:00" endTime="2025-09-10T21:36:37.7916244+00:00" testType="13cdc9d9-ddb5-4fa4-a97d-d965ccfc6d4b" outcome="Passed" testListId="8c84fa94-04c1-424b-9868-57a2d4851a1d" relativeResultsDirectory="a884aa71-2a93-4132-90b3-d18915f5d8f3" />
    <UnitTestResult executionId="f833bc4c-0ec2-4fee-9108-0d4092f378c3" testId="1be37c51-af7c-9e7b-8fa3-a746d27f5f9b" testName="BuckScience.Tests.CameraCreateVmTests.CameraCreateVm_SyncDirectionFromSelection_ShouldUpdateDirectionDegrees" computerName="runnervmf4ws1" duration="00:00:00.0001604" startTime="2025-09-10T21:36:37.8122006+00:00" endTime="2025-09-10T21:36:37.8122007+00:00" testType="13cdc9d9-ddb5-4fa4-a97d-d965ccfc6d4b" outcome="Passed" testListId="8c84fa94-04c1-424b-9868-57a2d4851a1d" relativeResultsDirectory="f833bc4c-0ec2-4fee-9108-0d4092f378c3" />
    <UnitTestResult executionId="39c80546-27a3-4795-b483-f544fc90cc19" testId="fa35896d-315e-329a-8dc3-bb5ba3189b52" testName="BuckScience.Tests.Web.Helpers.WeatherHelpersTests.ConvertWindDirectionTextToNumeric_ValidDirections_ReturnsCorrectDegrees(direction: &quot;WNW&quot;, expected: 292.5)" computerName="runnervmf4ws1" duration="00:00:00.0002726" startTime="2025-09-10T21:36:37.8160499+00:00" endTime="2025-09-10T21:36:37.8160500+00:00" testType="13cdc9d9-ddb5-4fa4-a97d-d965ccfc6d4b" outcome="Passed" testListId="8c84fa94-04c1-424b-9868-57a2d4851a1d" relativeResultsDirectory="39c80546-27a3-4795-b483-f544fc90cc19" />
    <UnitTestResult executionId="fb6a730a-01bb-4af7-b012-f54d5045776a" testId="44b98cc9-e1a6-60bb-436a-f6cfa2554196" testName="BuckScience.Tests.Application.PropertyFeatureApplicationTests.CreatePropertyFeature_WithInvalidWeight_ThrowsArgumentOutOfRangeException" computerName="runnervmf4ws1" duration="00:00:00.0038094" startTime="2025-09-10T21:36:37.6939679+00:00" endTime="2025-09-10T21:36:37.6939680+00:00" testType="13cdc9d9-ddb5-4fa4-a97d-d965ccfc6d4b" outcome="Passed" testListId="8c84fa94-04c1-424b-9868-57a2d4851a1d" relativeResultsDirectory="fb6a730a-01bb-4af7-b012-f54d5045776a" />
    <UnitTestResult executionId="6d7fa1f2-7598-4d98-810e-5a739382fa58" testId="7aa5e31a-c407-5fc0-2788-70d3aa03acd3" testName="BuckScience.Tests.PhotoFilteringUrlExamples.BuildFilters_ConditionsParameters_ShouldParseCorrectly(conditions: &quot;Rainy&quot;, expectedConditions: [&quot;Rainy&quot;])" computerName="runnervmf4ws1" duration="00:00:00.0000192" startTime="2025-09-10T21:36:37.8242730+00:00" endTime="2025-09-10T21:36:37.8242731+00:00" testType="13cdc9d9-ddb5-4fa4-a97d-d965ccfc6d4b" outcome="Passed" testListId="8c84fa94-04c1-424b-9868-57a2d4851a1d" relativeResultsDirectory="6d7fa1f2-7598-4d98-810e-5a739382fa58" />
    <UnitTestResult executionId="13d2d9ca-f09c-44fb-806e-99361a223b6b" testId="a4c9dc78-d66c-c69a-90ef-d545d65a1a43" testName="BuckScience.Tests.Web.Helpers.WeatherHelpersTests.ConvertWindDirectionTextToNumeric_ValidDirections_ReturnsCorrectDegrees(direction: &quot;E&quot;, expected: 90)" computerName="runnervmf4ws1" duration="00:00:00.0000083" startTime="2025-09-10T21:36:37.8174205+00:00" endTime="2025-09-10T21:36:37.8174206+00:00" testType="13cdc9d9-ddb5-4fa4-a97d-d965ccfc6d4b" outcome="Passed" testListId="8c84fa94-04c1-424b-9868-57a2d4851a1d" relativeResultsDirectory="13d2d9ca-f09c-44fb-806e-99361a223b6b" />
    <UnitTestResult executionId="3e9021b7-cbf0-42d8-a97d-84625cd57616" testId="8f75422e-f196-d0f3-b885-da9f9acf8fde" testName="BuckScience.Tests.Web.Helpers.WeatherHelpersTests.ConvertWindDirectionTextToNumeric_InvalidText_ReturnsNull(direction: &quot;&quot;)" computerName="runnervmf4ws1" duration="00:00:00.0000038" startTime="2025-09-10T21:36:37.8069478+00:00" endTime="2025-09-10T21:36:37.8069478+00:00" testType="13cdc9d9-ddb5-4fa4-a97d-d965ccfc6d4b" outcome="Passed" testListId="8c84fa94-04c1-424b-9868-57a2d4851a1d" relativeResultsDirectory="3e9021b7-cbf0-42d8-a97d-84625cd57616" />
    <UnitTestResult executionId="c3789f4a-0fe3-412d-9775-a93cc897f5c0" testId="396d4f9b-ac51-22fa-04b5-9956711699f1" testName="BuckScience.Tests.Web.Helpers.WeatherHelpersTests.ConvertWindDirectionToText_VariousAngles_ReturnsCorrectDirection(degrees: 360, expected: &quot;N&quot;)" computerName="runnervmf4ws1" duration="00:00:00.0000028" startTime="2025-09-10T21:36:37.8107710+00:00" endTime="2025-09-10T21:36:37.8107711+00:00" testType="13cdc9d9-ddb5-4fa4-a97d-d965ccfc6d4b" outcome="Passed" testListId="8c84fa94-04c1-424b-9868-57a2d4851a1d" relativeResultsDirectory="c3789f4a-0fe3-412d-9775-a93cc897f5c0" />
    <UnitTestResult executionId="5a0afd6d-251b-4093-93cb-7c5930408a0b" testId="bcc4ea35-2128-3f0c-9022-a8e4dbbfeab6" testName="BuckScience.Tests.Application.PropertyFeatureApplicationTests.UpdatePropertyFeature_WithWeight_UpdatesWeight" computerName="runnervmf4ws1" duration="00:00:00.0329666" startTime="2025-09-10T21:36:37.6517077+00:00" endTime="2025-09-10T21:36:37.6517078+00:00" testType="13cdc9d9-ddb5-4fa4-a97d-d965ccfc6d4b" outcome="Passed" testListId="8c84fa94-04c1-424b-9868-57a2d4851a1d" relativeResultsDirectory="5a0afd6d-251b-4093-93cb-7c5930408a0b" />
    <UnitTestResult executionId="c2b9e3f2-5b59-44a6-9fce-9c862df65ce7" testId="4bb73173-b83c-b642-8102-032feaeaf8ff" testName="BuckScience.Tests.DirectionHelperTests.FromFloat_ShouldReturnCorrectDirection(degrees: 135, expectedDirection: SE)" computerName="runnervmf4ws1" duration="00:00:00.0000055" startTime="2025-09-10T21:36:37.6404745+00:00" endTime="2025-09-10T21:36:37.6404746+00:00" testType="13cdc9d9-ddb5-4fa4-a97d-d965ccfc6d4b" outcome="Passed" testListId="8c84fa94-04c1-424b-9868-57a2d4851a1d" relativeResultsDirectory="c2b9e3f2-5b59-44a6-9fce-9c862df65ce7" />
    <UnitTestResult executionId="8860e180-77ff-40ab-89e9-af22548ad3ec" testId="d983931e-3379-4c6a-5c76-852ec2540d36" testName="BuckScience.Tests.Web.Helpers.WeatherHelpersTests.ConvertWindDirectionToText_VariousAngles_ReturnsCorrectDirection(degrees: 361, expected: &quot;N&quot;)" computerName="runnervmf4ws1" duration="00:00:00.0003672" startTime="2025-09-10T21:36:37.8099123+00:00" endTime="2025-09-10T21:36:37.8099124+00:00" testType="13cdc9d9-ddb5-4fa4-a97d-d965ccfc6d4b" outcome="Passed" testListId="8c84fa94-04c1-424b-9868-57a2d4851a1d" relativeResultsDirectory="8860e180-77ff-40ab-89e9-af22548ad3ec" />
    <UnitTestResult executionId="fdf5a7c5-1730-4c78-b9aa-6e5cebe0f8fe" testId="75b50791-58b3-a264-c6bb-b7e6f52f0f9b" testName="BuckScience.Tests.Domain.MonthsAttributeTests.MonthsAttribute_Constructor_WithBoundaryValidMonths_SetsMonthsCorrectly(month: 1)" computerName="runnervmf4ws1" duration="00:00:00.0002256" startTime="2025-09-10T21:36:37.5004404+00:00" endTime="2025-09-10T21:36:37.5004405+00:00" testType="13cdc9d9-ddb5-4fa4-a97d-d965ccfc6d4b" outcome="Passed" testListId="8c84fa94-04c1-424b-9868-57a2d4851a1d" relativeResultsDirectory="fdf5a7c5-1730-4c78-b9aa-6e5cebe0f8fe" />
    <UnitTestResult executionId="fc1b710a-7018-4f7f-9298-058c685a9021" testId="abed9d03-2d03-a6ea-317e-f9cbae3ef978" testName="BuckScience.Tests.DirectionHelperTests.FromFloat_ShouldReturnCorrectDirection(degrees: 45, expectedDirection: NE)" computerName="runnervmf4ws1" duration="00:00:00.0000044" startTime="2025-09-10T21:36:37.6405992+00:00" endTime="2025-09-10T21:36:37.6405992+00:00" testType="13cdc9d9-ddb5-4fa4-a97d-d965ccfc6d4b" outcome="Passed" testListId="8c84fa94-04c1-424b-9868-57a2d4851a1d" relativeResultsDirectory="fc1b710a-7018-4f7f-9298-058c685a9021" />
    <UnitTestResult executionId="5ea69798-b5f7-46db-92cd-cd1b11048e4a" testId="51c22198-79c6-8565-1359-1e7a59cd2ad4" testName="BuckScience.Tests.Application.FeatureWeights.UpdateDefaultFeatureWeightsTests.UpdateDefaultFeatureWeights_ReturnsFalseForNonExistentProperty" computerName="runnervmf4ws1" duration="00:00:00.0413670" startTime="2025-09-10T21:36:37.3881338+00:00" endTime="2025-09-10T21:36:37.3881339+00:00" testType="13cdc9d9-ddb5-4fa4-a97d-d965ccfc6d4b" outcome="Passed" testListId="8c84fa94-04c1-424b-9868-57a2d4851a1d" relativeResultsDirectory="5ea69798-b5f7-46db-92cd-cd1b11048e4a" />
    <UnitTestResult executionId="9ecfada6-0aa7-4ebd-bc95-633b1bc3f7dc" testId="9b0dd086-97eb-5a55-6e89-79dde58b1fca" testName="BuckScience.Tests.PhotoFilteringUrlExamples.BuildFilters_CameraParameters_ShouldParseCorrectly(cameras: &quot;5&quot;, expectedCameras: [5])" computerName="runnervmf4ws1" duration="00:00:00.0002447" startTime="2025-09-10T21:36:37.8187475+00:00" endTime="2025-09-10T21:36:37.8187476+00:00" testType="13cdc9d9-ddb5-4fa4-a97d-d965ccfc6d4b" outcome="Passed" testListId="8c84fa94-04c1-424b-9868-57a2d4851a1d" relativeResultsDirectory="9ecfada6-0aa7-4ebd-bc95-633b1bc3f7dc" />
    <UnitTestResult executionId="5dfaf3dc-8b38-4bd4-a151-9bc3ce43793d" testId="e7cf9e58-42dd-8f47-eefc-754488b66343" testName="BuckScience.Tests.Domain.PropertySeasonMonthsOverrideTests.PropertySeasonMonthsOverride_SetMonths_WithInvalidMonths_ThrowsArgumentOutOfRangeException(invalidMonths: [0])" computerName="runnervmf4ws1" duration="00:00:00.0000855" startTime="2025-09-10T21:36:36.5243491+00:00" endTime="2025-09-10T21:36:36.5243492+00:00" testType="13cdc9d9-ddb5-4fa4-a97d-d965ccfc6d4b" outcome="Passed" testListId="8c84fa94-04c1-424b-9868-57a2d4851a1d" relativeResultsDirectory="5dfaf3dc-8b38-4bd4-a151-9bc3ce43793d" />
    <UnitTestResult executionId="078ab0ab-6731-4a2d-a559-d84a2f8298d0" testId="6ddbf3e0-3ece-b657-908f-2948ae07368f" testName="BuckScience.Tests.Web.Helpers.WeatherHelpersTests.ConvertMoonPhaseTextToNumeric_CaseInsensitive_Works" computerName="runnervmf4ws1" duration="00:00:00.0008463" startTime="2025-09-10T21:36:37.8184949+00:00" endTime="2025-09-10T21:36:37.8184950+00:00" testType="13cdc9d9-ddb5-4fa4-a97d-d965ccfc6d4b" outcome="Passed" testListId="8c84fa94-04c1-424b-9868-57a2d4851a1d" relativeResultsDirectory="078ab0ab-6731-4a2d-a559-d84a2f8298d0" />
    <UnitTestResult executionId="66119199-1ba2-4b1c-92a0-ca7be4354bbf" testId="be89a856-c15c-81ed-5ddb-4973639d716d" testName="BuckScience.Tests.CameraPlacementHistoryTests.Camera_PlaceAt_ShouldCreateNewPlacementHistory" computerName="runnervmf4ws1" duration="00:00:00.0004359" startTime="2025-09-10T21:36:37.4777202+00:00" endTime="2025-09-10T21:36:37.4777203+00:00" testType="13cdc9d9-ddb5-4fa4-a97d-d965ccfc6d4b" outcome="Passed" testListId="8c84fa94-04c1-424b-9868-57a2d4851a1d" relativeResultsDirectory="66119199-1ba2-4b1c-92a0-ca7be4354bbf" />
    <UnitTestResult executionId="79c06f38-af6b-47e8-8392-2c39bcd4de1f" testId="dab68c95-06ed-1b25-9b7e-b55b2972fccc" testName="BuckScience.Tests.WeatherServiceTests.RoundCoordinates_ShouldRoundTo1DecimalPlace" computerName="runnervmf4ws1" duration="00:00:00.0012815" startTime="2025-09-10T21:36:37.7863127+00:00" endTime="2025-09-10T21:36:37.7863129+00:00" testType="13cdc9d9-ddb5-4fa4-a97d-d965ccfc6d4b" outcome="Passed" testListId="8c84fa94-04c1-424b-9868-57a2d4851a1d" relativeResultsDirectory="79c06f38-af6b-47e8-8392-2c39bcd4de1f" />
    <UnitTestResult executionId="5b043fb1-f76c-4bfa-a677-3ff15efee9e6" testId="510de9dc-e90e-bdb2-662b-4a218168ebca" testName="BuckScience.Tests.DirectionHelperTests.FromFloat_ShouldReturnCorrectDirection(degrees: 180, expectedDirection: S)" computerName="runnervmf4ws1" duration="00:00:00.0003013" startTime="2025-09-10T21:36:37.6403351+00:00" endTime="2025-09-10T21:36:37.6403352+00:00" testType="13cdc9d9-ddb5-4fa4-a97d-d965ccfc6d4b" outcome="Passed" testListId="8c84fa94-04c1-424b-9868-57a2d4851a1d" relativeResultsDirectory="5b043fb1-f76c-4bfa-a677-3ff15efee9e6" />
    <UnitTestResult executionId="352b8211-adfd-4600-982a-3d6f60706d47" testId="f2c9e096-86d1-9457-0421-5a040989da55" testName="BuckScience.Tests.PhotoUploadIntegrationTests.PhotoUpload_WithoutCameraPlacement_ShouldHaveNullPlacementHistory" computerName="runnervmf4ws1" duration="00:00:00.0009186" startTime="2025-09-10T21:36:37.7971517+00:00" endTime="2025-09-10T21:36:37.7971518+00:00" testType="13cdc9d9-ddb5-4fa4-a97d-d965ccfc6d4b" outcome="Passed" testListId="8c84fa94-04c1-424b-9868-57a2d4851a1d" relativeResultsDirectory="352b8211-adfd-4600-982a-3d6f60706d47" />
    <UnitTestResult executionId="1d06a254-afae-44d8-918f-af01d0ce2f77" testId="c900e632-ca6a-8d11-765e-c59876f4f7f8" testName="BuckScience.Tests.PhotoFilteringIntegrationTests.BuildFilters_WithDateRange_ReturnsFiltersWithDates" computerName="runnervmf4ws1" duration="00:00:00.0004703" startTime="2025-09-10T21:36:37.4883508+00:00" endTime="2025-09-10T21:36:37.4883509+00:00" testType="13cdc9d9-ddb5-4fa4-a97d-d965ccfc6d4b" outcome="Passed" testListId="8c84fa94-04c1-424b-9868-57a2d4851a1d" relativeResultsDirectory="1d06a254-afae-44d8-918f-af01d0ce2f77" />
    <UnitTestResult executionId="1c223322-64e2-4e3c-9815-1e64ea797c78" testId="fa20158d-fb5e-8e7a-f1da-aa0a1eb9ba5a" testName="BuckScience.Tests.PhotoGroupingTests.CameraPhotoGrouping_ShouldGroupByMonthYear" computerName="runnervmf4ws1" duration="00:00:00.0007039" startTime="2025-09-10T21:36:37.7028761+00:00" endTime="2025-09-10T21:36:37.7028762+00:00" testType="13cdc9d9-ddb5-4fa4-a97d-d965ccfc6d4b" outcome="Passed" testListId="8c84fa94-04c1-424b-9868-57a2d4851a1d" relativeResultsDirectory="1c223322-64e2-4e3c-9815-1e64ea797c78" />
    <UnitTestResult executionId="7ca06f82-127c-4a13-bac5-5adeaced4f34" testId="a7aa3cc0-0ea1-3d0c-3a62-ac5a405bf34e" testName="BuckScience.Tests.TaggingRequirementsTests.Requirement1_DatabaseSchema_ShouldMeetAllSpecifications" computerName="runnervmf4ws1" duration="00:00:00.9264929" startTime="2025-09-10T21:36:37.3493644+00:00" endTime="2025-09-10T21:36:37.3493645+00:00" testType="13cdc9d9-ddb5-4fa4-a97d-d965ccfc6d4b" outcome="Passed" testListId="8c84fa94-04c1-424b-9868-57a2d4851a1d" relativeResultsDirectory="7ca06f82-127c-4a13-bac5-5adeaced4f34" />
    <UnitTestResult executionId="5c8c516e-a358-434f-b57f-60cb95a00365" testId="5639502e-a141-45eb-1c4f-81dc941ff67a" testName="BuckScience.Tests.Domain.PropertySeasonMonthsOverrideTests.PropertySeasonMonthsOverride_GetMonths_ReturnsCorrectMonths" computerName="runnervmf4ws1" duration="00:00:00.0002196" startTime="2025-09-10T21:36:36.5264194+00:00" endTime="2025-09-10T21:36:36.5264195+00:00" testType="13cdc9d9-ddb5-4fa4-a97d-d965ccfc6d4b" outcome="Passed" testListId="8c84fa94-04c1-424b-9868-57a2d4851a1d" relativeResultsDirectory="5c8c516e-a358-434f-b57f-60cb95a00365" />
    <UnitTestResult executionId="4342d72f-d35e-4592-ab73-f25a15b2e666" testId="44213f5c-f4e3-7f19-6a5d-6c4a3c8d0dec" testName="BuckScience.Tests.Web.Helpers.WeatherHelpersTests.ConvertWindDirectionTextToNumeric_ValidDirections_ReturnsCorrectDegrees(direction: &quot;SSE&quot;, expected: 157.5)" computerName="runnervmf4ws1" duration="00:00:00.0000095" startTime="2025-09-10T21:36:37.8161074+00:00" endTime="2025-09-10T21:36:37.8161074+00:00" testType="13cdc9d9-ddb5-4fa4-a97d-d965ccfc6d4b" outcome="Passed" testListId="8c84fa94-04c1-424b-9868-57a2d4851a1d" relativeResultsDirectory="4342d72f-d35e-4592-ab73-f25a15b2e666" />
    <UnitTestResult executionId="2f9b6e28-9f66-40d0-8c7e-349fca9035f9" testId="3b62dc28-12fd-93fe-6512-390293682652" testName="BuckScience.Tests.CameraCreateVmTests.CameraCreateVm_PropertyCoordinates_ShouldBeInitializedToZero" computerName="runnervmf4ws1" duration="00:00:00.0001584" startTime="2025-09-10T21:36:37.8157334+00:00" endTime="2025-09-10T21:36:37.8157335+00:00" testType="13cdc9d9-ddb5-4fa4-a97d-d965ccfc6d4b" outcome="Passed" testListId="8c84fa94-04c1-424b-9868-57a2d4851a1d" relativeResultsDirectory="2f9b6e28-9f66-40d0-8c7e-349fca9035f9" />
    <UnitTestResult executionId="2f407254-0d2f-4e9d-9eab-105ae8ed63be" testId="f33495c4-e0d0-5acc-0d2f-99762039f6f2" testName="BuckScience.Tests.Domain.FeatureWeightTests.FeatureWeight_UpdateUserWeight_WithNullSetsIsCustomToFalse" computerName="runnervmf4ws1" duration="00:00:00.0002145" startTime="2025-09-10T21:36:37.8296613+00:00" endTime="2025-09-10T21:36:37.8296613+00:00" testType="13cdc9d9-ddb5-4fa4-a97d-d965ccfc6d4b" outcome="Passed" testListId="8c84fa94-04c1-424b-9868-57a2d4851a1d" relativeResultsDirectory="2f407254-0d2f-4e9d-9eab-105ae8ed63be" />
    <UnitTestResult executionId="f5ea49de-d264-4056-a409-54a5976c027d" testId="22960b58-9cb3-5bbf-01a8-8b59f0364e15" testName="BuckScience.Tests.CameraDetailsVmTests.CameraDetailsVm_ShouldHaveAllRequiredProperties" computerName="runnervmf4ws1" duration="00:00:00.0036462" startTime="2025-09-10T21:36:37.6686364+00:00" endTime="2025-09-10T21:36:37.6686365+00:00" testType="13cdc9d9-ddb5-4fa4-a97d-d965ccfc6d4b" outcome="Passed" testListId="8c84fa94-04c1-424b-9868-57a2d4851a1d" relativeResultsDirectory="f5ea49de-d264-4056-a409-54a5976c027d" />
    <UnitTestResult executionId="1295ee55-79d9-4134-a762-0c521e6aa2f5" testId="d2d2f826-9cbd-9c14-4121-a07b2094c76e" testName="BuckScience.Tests.DirectionHelperTests.ToFloat_ShouldReturnCorrectDegrees(direction: SW, expectedDegrees: 225)" computerName="runnervmf4ws1" duration="00:00:00.0000074" startTime="2025-09-10T21:36:37.6525090+00:00" endTime="2025-09-10T21:36:37.6525091+00:00" testType="13cdc9d9-ddb5-4fa4-a97d-d965ccfc6d4b" outcome="Passed" testListId="8c84fa94-04c1-424b-9868-57a2d4851a1d" relativeResultsDirectory="1295ee55-79d9-4134-a762-0c521e6aa2f5" />
    <UnitTestResult executionId="ab0d3790-6d35-449a-992a-8c0dd784eb75" testId="2b043a8d-e346-04e5-47b3-898bfcbeb615" testName="BuckScience.Tests.CameraPlacementHistoryTests.CameraPlacementHistory_Duration_ShouldCalculateCorrectly" computerName="runnervmf4ws1" duration="00:00:00.0009096" startTime="2025-09-10T21:36:37.4676853+00:00" endTime="2025-09-10T21:36:37.4676854+00:00" testType="13cdc9d9-ddb5-4fa4-a97d-d965ccfc6d4b" outcome="Passed" testListId="8c84fa94-04c1-424b-9868-57a2d4851a1d" relativeResultsDirectory="ab0d3790-6d35-449a-992a-8c0dd784eb75" />
    <UnitTestResult executionId="1864a710-479b-4de3-af7e-f377aca1d209" testId="5caf925d-9bc2-c40c-f14f-bb094f78a12c" testName="BuckScience.Tests.PhotoGroupingTests.PropertyPhotosSortBy_ShouldMapCorrectly" computerName="runnervmf4ws1" duration="00:00:00.0009508" startTime="2025-09-10T21:36:37.7028155+00:00" endTime="2025-09-10T21:36:37.7028156+00:00" testType="13cdc9d9-ddb5-4fa4-a97d-d965ccfc6d4b" outcome="Passed" testListId="8c84fa94-04c1-424b-9868-57a2d4851a1d" relativeResultsDirectory="1864a710-479b-4de3-af7e-f377aca1d209" />
    <UnitTestResult executionId="4c976c15-4d3c-4991-b6a9-d2d58ab8cc0e" testId="d40d14e6-e55e-a2ee-7c2d-3f2b4d1650c4" testName="BuckScience.Tests.CameraEditVmTests.CameraEditVm_SyncSelectionFromDirection_ShouldUpdateDirectionSelection" computerName="runnervmf4ws1" duration="00:00:00.0007940" startTime="2025-09-10T21:36:37.6908447+00:00" endTime="2025-09-10T21:36:37.6908448+00:00" testType="13cdc9d9-ddb5-4fa4-a97d-d965ccfc6d4b" outcome="Passed" testListId="8c84fa94-04c1-424b-9868-57a2d4851a1d" relativeResultsDirectory="4c976c15-4d3c-4991-b6a9-d2d58ab8cc0e" />
    <UnitTestResult executionId="aedc7108-8822-411a-a46e-773b54c92373" testId="3101a1d2-70b0-545d-5f32-eb96f6803b5f" testName="BuckScience.Tests.Domain.FeatureWeightTests.FeatureWeightHelper_GetCategory_ReturnsCorrectCategory(type: Ridge, expectedCategory: Topographical)" computerName="runnervmf4ws1" duration="00:00:00.0002588" startTime="2025-09-10T21:36:37.8197350+00:00" endTime="2025-09-10T21:36:37.8197350+00:00" testType="13cdc9d9-ddb5-4fa4-a97d-d965ccfc6d4b" outcome="Passed" testListId="8c84fa94-04c1-424b-9868-57a2d4851a1d" relativeResultsDirectory="aedc7108-8822-411a-a46e-773b54c92373" />
    <UnitTestResult executionId="5eafdb54-b61f-4e30-bc60-88ab17018f75" testId="59d49ae8-fe17-c8a4-30e6-e31bf9671e6d" testName="BuckScience.Tests.Web.Helpers.WeatherHelpersTests.ConvertWindDirectionToText_VariousAngles_ReturnsCorrectDirection(degrees: 11.25, expected: &quot;NNE&quot;)" computerName="runnervmf4ws1" duration="00:00:00.0000028" startTime="2025-09-10T21:36:37.8109330+00:00" endTime="2025-09-10T21:36:37.8109331+00:00" testType="13cdc9d9-ddb5-4fa4-a97d-d965ccfc6d4b" outcome="Passed" testListId="8c84fa94-04c1-424b-9868-57a2d4851a1d" relativeResultsDirectory="5eafdb54-b61f-4e30-bc60-88ab17018f75" />
    <UnitTestResult executionId="b76818bd-071e-4bb8-9bcc-0a26359da633" testId="93232e33-f6c8-82c0-b755-94e963fff023" testName="BuckScience.Tests.FeatureHelperTests.GetCategory_ShouldReturnOtherForOtherType" computerName="runnervmf4ws1" duration="00:00:00.0099227" startTime="2025-09-10T21:36:37.6792163+00:00" endTime="2025-09-10T21:36:37.6792165+00:00" testType="13cdc9d9-ddb5-4fa4-a97d-d965ccfc6d4b" outcome="Passed" testListId="8c84fa94-04c1-424b-9868-57a2d4851a1d" relativeResultsDirectory="b76818bd-071e-4bb8-9bcc-0a26359da633" />
    <UnitTestResult executionId="1f413a80-a1d2-467b-b64b-60170479804c" testId="49d22b5a-8a11-c5d8-4359-de2ffd90b380" testName="BuckScience.Tests.Application.FeatureWeights.UpdateDefaultFeatureWeightsTests.UpdateDefaultFeatureWeights_ValidatesWeightRange" computerName="runnervmf4ws1" duration="00:00:00.9299782" startTime="2025-09-10T21:36:37.3474182+00:00" endTime="2025-09-10T21:36:37.3474183+00:00" testType="13cdc9d9-ddb5-4fa4-a97d-d965ccfc6d4b" outcome="Passed" testListId="8c84fa94-04c1-424b-9868-57a2d4851a1d" relativeResultsDirectory="1f413a80-a1d2-467b-b64b-60170479804c" />
    <UnitTestResult executionId="17d50f6a-ad90-4e2d-95a3-b12ea874105b" testId="5184c208-ba66-a1eb-00ca-490830c3b61a" testName="BuckScience.Tests.Web.Helpers.WeatherHelpersTests.ConvertWindDirectionToText_VariousAngles_ReturnsCorrectDirection(degrees: 225, expected: &quot;SW&quot;)" computerName="runnervmf4ws1" duration="00:00:00.0000035" startTime="2025-09-10T21:36:37.8118384+00:00" endTime="2025-09-10T21:36:37.8118385+00:00" testType="13cdc9d9-ddb5-4fa4-a97d-d965ccfc6d4b" outcome="Passed" testListId="8c84fa94-04c1-424b-9868-57a2d4851a1d" relativeResultsDirectory="17d50f6a-ad90-4e2d-95a3-b12ea874105b" />
    <UnitTestResult executionId="f97e96b8-6ccb-4993-874f-57c31838e33e" testId="6312f765-830a-9014-ae5b-70adf30832c5" testName="BuckScience.Tests.Domain.PropertyFeatureTests.SetWeight_WithInvalidWeight_ThrowsArgumentOutOfRangeException(weight: -0.100000001)" computerName="runnervmf4ws1" duration="00:00:00.0009899" startTime="2025-09-10T21:36:37.7894579+00:00" endTime="2025-09-10T21:36:37.7894580+00:00" testType="13cdc9d9-ddb5-4fa4-a97d-d965ccfc6d4b" outcome="Passed" testListId="8c84fa94-04c1-424b-9868-57a2d4851a1d" relativeResultsDirectory="f97e96b8-6ccb-4993-874f-57c31838e33e" />
    <UnitTestResult executionId="fa676024-229b-4401-85d4-883d75fed3ec" testId="8c01a8cb-2ffc-5487-6da3-7bc37c88340c" testName="BuckScience.Tests.Domain.FeatureWeightTests.FeatureWeight_UpdateUserWeight_SetsIsCustomToTrue" computerName="runnervmf4ws1" duration="00:00:00.0001282" startTime="2025-09-10T21:36:37.8280673+00:00" endTime="2025-09-10T21:36:37.8280673+00:00" testType="13cdc9d9-ddb5-4fa4-a97d-d965ccfc6d4b" outcome="Passed" testListId="8c84fa94-04c1-424b-9868-57a2d4851a1d" relativeResultsDirectory="fa676024-229b-4401-85d4-883d75fed3ec" />
    <UnitTestResult executionId="8f71d0fb-9c20-4d04-9c66-8787ff58f654" testId="d10743fd-41b6-9a87-757a-05484dce75fb" testName="BuckScience.Tests.TagCleanupTests.RemoveTagFromPhotos_ShouldCleanupPropertyTag_WhenNoOtherPhotosOnPropertyUseTag" computerName="runnervmf4ws1" duration="00:00:00.0268041" startTime="2025-09-10T21:36:37.8030209+00:00" endTime="2025-09-10T21:36:37.8030210+00:00" testType="13cdc9d9-ddb5-4fa4-a97d-d965ccfc6d4b" outcome="Passed" testListId="8c84fa94-04c1-424b-9868-57a2d4851a1d" relativeResultsDirectory="8f71d0fb-9c20-4d04-9c66-8787ff58f654" />
    <UnitTestResult executionId="23d16c86-5b9f-428e-8b41-bc2082b5f550" testId="96fd8acb-4fd6-1b77-8f7e-7416089655db" testName="BuckScience.Tests.Application.SeasonMonthMappingServiceTests.GetMonthsForPropertyAsync_WithoutOverrides_ReturnsCorrectDefaults(season: Rut, expectedMonths: [11])" computerName="runnervmf4ws1" duration="00:00:00.0480725" startTime="2025-09-10T21:36:37.3879841+00:00" endTime="2025-09-10T21:36:37.3879843+00:00" testType="13cdc9d9-ddb5-4fa4-a97d-d965ccfc6d4b" outcome="Passed" testListId="8c84fa94-04c1-424b-9868-57a2d4851a1d" relativeResultsDirectory="23d16c86-5b9f-428e-8b41-bc2082b5f550" />
    <UnitTestResult executionId="4b2d8c14-e8ea-4cdb-9b7b-7da63a0f61a7" testId="61feef70-4f4a-625c-42d0-d394030d758f" testName="BuckScience.Tests.Domain.FeatureWeightTests.FeatureWeightHelper_GetDefaultWeight_ReturnsExpectedValues(type: PinchPointFunnel, expectedWeight: 0.899999976)" computerName="runnervmf4ws1" duration="00:00:00.0003370" startTime="2025-09-10T21:36:37.8001423+00:00" endTime="2025-09-10T21:36:37.8001424+00:00" testType="13cdc9d9-ddb5-4fa4-a97d-d965ccfc6d4b" outcome="Passed" testListId="8c84fa94-04c1-424b-9868-57a2d4851a1d" relativeResultsDirectory="4b2d8c14-e8ea-4cdb-9b7b-7da63a0f61a7" />
    <UnitTestResult executionId="9556cec6-22a3-4216-bf96-784889b98bb9" testId="9660e9b2-80f8-e700-08d8-e0b7717e9f85" testName="BuckScience.Tests.Domain.PropertyFeatureTests.Constructor_WithoutWeight_SetsWeightToNull" computerName="runnervmf4ws1" duration="00:00:00.0002422" startTime="2025-09-10T21:36:37.7882373+00:00" endTime="2025-09-10T21:36:37.7882374+00:00" testType="13cdc9d9-ddb5-4fa4-a97d-d965ccfc6d4b" outcome="Passed" testListId="8c84fa94-04c1-424b-9868-57a2d4851a1d" relativeResultsDirectory="9556cec6-22a3-4216-bf96-784889b98bb9" />
    <UnitTestResult executionId="d365c392-ccd6-462b-851d-5423d5b42b72" testId="1c742a22-39f7-5815-626c-daa50ff10c87" testName="BuckScience.Tests.Domain.FeatureWeightTests.FeatureWeight_SeasonalWeights_JsonSerialization_WorksCorrectly" computerName="runnervmf4ws1" duration="00:00:00.0002145" startTime="2025-09-10T21:36:37.8308222+00:00" endTime="2025-09-10T21:36:37.8308222+00:00" testType="13cdc9d9-ddb5-4fa4-a97d-d965ccfc6d4b" outcome="Passed" testListId="8c84fa94-04c1-424b-9868-57a2d4851a1d" relativeResultsDirectory="d365c392-ccd6-462b-851d-5423d5b42b72" />
    <UnitTestResult executionId="3acdc0f1-0c28-4beb-a613-10fdddda3f0b" testId="94acb547-5f92-9634-547a-02395bd6053e" testName="BuckScience.Tests.Web.Helpers.WeatherHelpersTests.ConvertWindDirectionTextToNumeric_InvalidText_ReturnsNull(direction: &quot;North&quot;)" computerName="runnervmf4ws1" duration="00:00:00.0000047" startTime="2025-09-10T21:36:37.8070210+00:00" endTime="2025-09-10T21:36:37.8070211+00:00" testType="13cdc9d9-ddb5-4fa4-a97d-d965ccfc6d4b" outcome="Passed" testListId="8c84fa94-04c1-424b-9868-57a2d4851a1d" relativeResultsDirectory="3acdc0f1-0c28-4beb-a613-10fdddda3f0b" />
    <UnitTestResult executionId="4b7bfb32-8cd3-42b1-9565-5bb64eabe075" testId="1d2cb59d-b905-737a-61a2-6d873910d1e1" testName="BuckScience.Tests.Domain.FeatureWeightTests.FeatureWeightHelper_GetCategory_ReturnsCorrectCategory(type: Creek, expectedCategory: ResourceWater)" computerName="runnervmf4ws1" duration="00:00:00.0000059" startTime="2025-09-10T21:36:37.8198692+00:00" endTime="2025-09-10T21:36:37.8198692+00:00" testType="13cdc9d9-ddb5-4fa4-a97d-d965ccfc6d4b" outcome="Passed" testListId="8c84fa94-04c1-424b-9868-57a2d4851a1d" relativeResultsDirectory="4b7bfb32-8cd3-42b1-9565-5bb64eabe075" />
    <UnitTestResult executionId="66088029-4e2a-4c6a-8464-f23db31bb4e9" testId="7175185a-7456-021f-eecb-6c991ffd0d08" testName="BuckScience.Tests.Application.Profiles.ProfileCrudTests.CreateProfile_InvalidPropertyId_ThrowsUnauthorizedAccessException" computerName="runnervmf4ws1" duration="00:00:00.0041620" startTime="2025-09-10T21:36:37.7105696+00:00" endTime="2025-09-10T21:36:37.7105697+00:00" testType="13cdc9d9-ddb5-4fa4-a97d-d965ccfc6d4b" outcome="Passed" testListId="8c84fa94-04c1-424b-9868-57a2d4851a1d" relativeResultsDirectory="66088029-4e2a-4c6a-8464-f23db31bb4e9" />
    <UnitTestResult executionId="3f60ee78-4ad7-4b00-93d5-62ae5dd3e6cf" testId="f2a53262-1031-8641-ce23-2061a5c39410" testName="BuckScience.Tests.TaggingSystemTests.GetOrCreateTag_ShouldThrowException_WhenTagNameIsInvalid(invalidTagName: &quot;&quot;)" computerName="runnervmf4ws1" duration="00:00:00.0012044" startTime="2025-09-10T21:36:37.4304473+00:00" endTime="2025-09-10T21:36:37.4304475+00:00" testType="13cdc9d9-ddb5-4fa4-a97d-d965ccfc6d4b" outcome="Passed" testListId="8c84fa94-04c1-424b-9868-57a2d4851a1d" relativeResultsDirectory="3f60ee78-4ad7-4b00-93d5-62ae5dd3e6cf" />
    <UnitTestResult executionId="0c39795c-2089-4b4d-a292-4f337b9566f0" testId="877174d0-c487-453a-b8ad-4f52137508be" testName="BuckScience.Tests.PhotoFiltersTests.PhotoFilters_HasWeatherFilters_ReturnsTrueWhenConditionsFilterSet" computerName="runnervmf4ws1" duration="00:00:00.0031844" startTime="2025-09-10T21:36:37.4543280+00:00" endTime="2025-09-10T21:36:37.4543281+00:00" testType="13cdc9d9-ddb5-4fa4-a97d-d965ccfc6d4b" outcome="Passed" testListId="8c84fa94-04c1-424b-9868-57a2d4851a1d" relativeResultsDirectory="0c39795c-2089-4b4d-a292-4f337b9566f0" />
    <UnitTestResult executionId="71264b7a-52b5-4b20-a6a4-a59704cea620" testId="ce19e570-cfff-5516-73c5-0c25670038af" testName="BuckScience.Tests.PhotoFiltersTests.PhotoFilters_HasWeatherFilters_ReturnsTrueWhenTemperatureFilterSet" computerName="runnervmf4ws1" duration="00:00:00.0002935" startTime="2025-09-10T21:36:37.4551055+00:00" endTime="2025-09-10T21:36:37.4551056+00:00" testType="13cdc9d9-ddb5-4fa4-a97d-d965ccfc6d4b" outcome="Passed" testListId="8c84fa94-04c1-424b-9868-57a2d4851a1d" relativeResultsDirectory="71264b7a-52b5-4b20-a6a4-a59704cea620" />
    <UnitTestResult executionId="2ae2b588-6aba-4485-96a4-3a8a70684b7e" testId="d593ac04-048b-ea90-6f6f-6fab4431a8fd" testName="BuckScience.Tests.Application.SeasonMonthMappingServiceTests.GetMonthsForPropertyAsync_WithoutOverrides_ReturnsCorrectDefaults(season: LateSeason, expectedMonths: [12, 1])" computerName="runnervmf4ws1" duration="00:00:00.8030038" startTime="2025-09-10T21:36:37.3397162+00:00" endTime="2025-09-10T21:36:37.3397164+00:00" testType="13cdc9d9-ddb5-4fa4-a97d-d965ccfc6d4b" outcome="Passed" testListId="8c84fa94-04c1-424b-9868-57a2d4851a1d" relativeResultsDirectory="2ae2b588-6aba-4485-96a4-3a8a70684b7e" />
    <UnitTestResult executionId="86da3d46-2bfb-45e4-abc4-05d8b7023205" testId="4e6de647-43c0-2d5e-ffcc-d884e859b7df" testName="BuckScience.Tests.TaggingIntegrationTests.TagUniqueness_ShouldBeEnforcedCorrectly" computerName="runnervmf4ws1" duration="00:00:00.0022003" startTime="2025-09-10T21:36:37.7732954+00:00" endTime="2025-09-10T21:36:37.7732955+00:00" testType="13cdc9d9-ddb5-4fa4-a97d-d965ccfc6d4b" outcome="Passed" testListId="8c84fa94-04c1-424b-9868-57a2d4851a1d" relativeResultsDirectory="86da3d46-2bfb-45e4-abc4-05d8b7023205" />
    <UnitTestResult executionId="9c8a901d-4981-486f-9b51-0974e29c590c" testId="dfe6a45f-34c2-c767-91dd-1f8de6538cc0" testName="BuckScience.Tests.Web.Helpers.WeatherHelpersTests.ConvertMoonPhaseTextToNumeric_ValidText_ReturnsCorrectValue(text: &quot;Waning Crescent&quot;, expected: 0.875)" computerName="runnervmf4ws1" duration="00:00:00.0001557" startTime="2025-09-10T21:36:37.8185592+00:00" endTime="2025-09-10T21:36:37.8185593+00:00" testType="13cdc9d9-ddb5-4fa4-a97d-d965ccfc6d4b" outcome="Passed" testListId="8c84fa94-04c1-424b-9868-57a2d4851a1d" relativeResultsDirectory="9c8a901d-4981-486f-9b51-0974e29c590c" />
    <UnitTestResult executionId="753a2bdf-3c24-4bf0-ae5d-d962673e595e" testId="c5f68921-dad4-1a69-07c9-dd9ef56e29ff" testName="BuckScience.Tests.Application.SeasonMonthMappingServiceTests.SetPropertySeasonOverrideAsync_UpdatesExistingOverride_WhenOneExists" computerName="runnervmf4ws1" duration="00:00:00.0109993" startTime="2025-09-10T21:36:37.4481029+00:00" endTime="2025-09-10T21:36:37.4481030+00:00" testType="13cdc9d9-ddb5-4fa4-a97d-d965ccfc6d4b" outcome="Passed" testListId="8c84fa94-04c1-424b-9868-57a2d4851a1d" relativeResultsDirectory="753a2bdf-3c24-4bf0-ae5d-d962673e595e" />
    <UnitTestResult executionId="43a743d4-a4ff-4ea6-9ec1-29cd1b70e6c2" testId="7711d213-9779-8d22-c44f-611f07df932a" testName="BuckScience.Tests.Domain.PropertyFeatureTests.SetWeight_WithValidWeight_SetsWeightCorrectly" computerName="runnervmf4ws1" duration="00:00:00.0002297" startTime="2025-09-10T21:36:37.7884213+00:00" endTime="2025-09-10T21:36:37.7884213+00:00" testType="13cdc9d9-ddb5-4fa4-a97d-d965ccfc6d4b" outcome="Passed" testListId="8c84fa94-04c1-424b-9868-57a2d4851a1d" relativeResultsDirectory="43a743d4-a4ff-4ea6-9ec1-29cd1b70e6c2" />
    <UnitTestResult executionId="a7e0df64-7556-4c68-8710-56bfd4b1880d" testId="33ab81ff-679e-9cc9-05bb-618cbab677dd" testName="BuckScience.Tests.Application.FeatureWeights.UpdateFeatureWeightsTests.UpdateFeatureWeights_ClearUserWeight_KeepsCustomIfSeasonalWeightsExist" computerName="runnervmf4ws1" duration="00:00:00.0487525" startTime="2025-09-10T21:36:37.5661181+00:00" endTime="2025-09-10T21:36:37.5661183+00:00" testType="13cdc9d9-ddb5-4fa4-a97d-d965ccfc6d4b" outcome="Passed" testListId="8c84fa94-04c1-424b-9868-57a2d4851a1d" relativeResultsDirectory="a7e0df64-7556-4c68-8710-56bfd4b1880d" />
    <UnitTestResult executionId="cdb85716-530b-4d68-9104-6b20b1e4357d" testId="d781b83d-5216-d63d-acc7-8c5d47cd7ccf" testName="BuckScience.Tests.CameraCreateVmTests.CameraCreateVm_DirectionSync_ShouldWorkForAllDirections(direction: W, expectedDegrees: 270)" computerName="runnervmf4ws1" duration="00:00:00.0000308" startTime="2025-09-10T21:36:37.8071182+00:00" endTime="2025-09-10T21:36:37.8071183+00:00" testType="13cdc9d9-ddb5-4fa4-a97d-d965ccfc6d4b" outcome="Passed" testListId="8c84fa94-04c1-424b-9868-57a2d4851a1d" relativeResultsDirectory="cdb85716-530b-4d68-9104-6b20b1e4357d" />
    <UnitTestResult executionId="2d2ee669-c305-4e8a-95a7-1fff96ccca7d" testId="0bff2ecc-4f41-029d-f57b-08de3b707d06" testName="BuckScience.Tests.Domain.FeatureWeightTests.FeatureWeight_SetSeasonalWeights_WithNullSetsIsCustomToFalse" computerName="runnervmf4ws1" duration="00:00:00.0001502" startTime="2025-09-10T21:36:37.8305557+00:00" endTime="2025-09-10T21:36:37.8305557+00:00" testType="13cdc9d9-ddb5-4fa4-a97d-d965ccfc6d4b" outcome="Passed" testListId="8c84fa94-04c1-424b-9868-57a2d4851a1d" relativeResultsDirectory="2d2ee669-c305-4e8a-95a7-1fff96ccca7d" />
    <UnitTestResult executionId="88bd13d0-ff38-47c5-82b4-e478a2caccde" testId="78d335ed-d8a0-4e68-1b07-0e64ec6fcf01" testName="BuckScience.Tests.Web.Helpers.WeatherHelpersTests.ConvertMoonPhaseToText_VariousValues_ReturnsCorrectText(phase: 0.75, expected: &quot;Last Quarter&quot;)" computerName="runnervmf4ws1" duration="00:00:00.0000038" startTime="2025-09-10T21:36:37.8048195+00:00" endTime="2025-09-10T21:36:37.8048195+00:00" testType="13cdc9d9-ddb5-4fa4-a97d-d965ccfc6d4b" outcome="Passed" testListId="8c84fa94-04c1-424b-9868-57a2d4851a1d" relativeResultsDirectory="88bd13d0-ff38-47c5-82b4-e478a2caccde" />
    <UnitTestResult executionId="9665571b-20bd-474c-a852-592cc532d2de" testId="b8a41320-c868-9123-86b4-03e71d0ff6ef" testName="BuckScience.Tests.Web.Helpers.WeatherHelpersTests.ConvertWindDirectionToText_VariousAngles_ReturnsCorrectDirection(degrees: 11.24, expected: &quot;N&quot;)" computerName="runnervmf4ws1" duration="00:00:00.0000031" startTime="2025-09-10T21:36:37.8110460+00:00" endTime="2025-09-10T21:36:37.8110461+00:00" testType="13cdc9d9-ddb5-4fa4-a97d-d965ccfc6d4b" outcome="Passed" testListId="8c84fa94-04c1-424b-9868-57a2d4851a1d" relativeResultsDirectory="9665571b-20bd-474c-a852-592cc532d2de" />
    <UnitTestResult executionId="78ca6174-c0bd-4aa6-ba47-9b76f66afa8b" testId="702f6073-82fe-153e-00ca-63e8665d8828" testName="BuckScience.Tests.Domain.PropertySeasonMonthsOverrideTests.PropertySeasonMonthsOverride_SetMonths_WithInvalidMonths_ThrowsArgumentOutOfRangeException(invalidMonths: [13])" computerName="runnervmf4ws1" duration="00:00:00.0002826" startTime="2025-09-10T21:36:36.5242638+00:00" endTime="2025-09-10T21:36:36.5242639+00:00" testType="13cdc9d9-ddb5-4fa4-a97d-d965ccfc6d4b" outcome="Passed" testListId="8c84fa94-04c1-424b-9868-57a2d4851a1d" relativeResultsDirectory="78ca6174-c0bd-4aa6-ba47-9b76f66afa8b" />
    <UnitTestResult executionId="cae21a25-3ec9-4065-897f-2f0432ad4c60" testId="7d4e8658-cb8d-0c66-3167-748289c2e3c6" testName="BuckScience.Tests.Web.Helpers.WeatherHelpersTests.ConvertWindDirectionToText_VariousAngles_ReturnsCorrectDirection(degrees: 135, expected: &quot;SE&quot;)" computerName="runnervmf4ws1" duration="00:00:00.0000028" startTime="2025-09-10T21:36:37.8110991+00:00" endTime="2025-09-10T21:36:37.8110992+00:00" testType="13cdc9d9-ddb5-4fa4-a97d-d965ccfc6d4b" outcome="Passed" testListId="8c84fa94-04c1-424b-9868-57a2d4851a1d" relativeResultsDirectory="cae21a25-3ec9-4065-897f-2f0432ad4c60" />
    <UnitTestResult executionId="e37ca12e-5a93-440e-889b-ea27583ed984" testId="d269bbab-e11e-9189-e523-cf92a42762f7" testName="BuckScience.Tests.DirectionHelperTests.FromFloat_ShouldReturnCorrectDirection(degrees: 315, expectedDirection: NW)" computerName="runnervmf4ws1" duration="00:00:00.0000041" startTime="2025-09-10T21:36:37.6405362+00:00" endTime="2025-09-10T21:36:37.6405363+00:00" testType="13cdc9d9-ddb5-4fa4-a97d-d965ccfc6d4b" outcome="Passed" testListId="8c84fa94-04c1-424b-9868-57a2d4851a1d" relativeResultsDirectory="e37ca12e-5a93-440e-889b-ea27583ed984" />
    <UnitTestResult executionId="a07ea3ff-2ac1-4ada-9a9d-d33d40bff008" testId="1346760c-63cd-b7f1-1c05-6d40bed27cce" testName="BuckScience.Tests.Application.PropertyFeatureApplicationTests.UpdatePropertyFeature_WithInvalidWeight_ThrowsArgumentOutOfRangeException" computerName="runnervmf4ws1" duration="00:00:00.0030688" startTime="2025-09-10T21:36:37.6628217+00:00" endTime="2025-09-10T21:36:37.6628218+00:00" testType="13cdc9d9-ddb5-4fa4-a97d-d965ccfc6d4b" outcome="Passed" testListId="8c84fa94-04c1-424b-9868-57a2d4851a1d" relativeResultsDirectory="a07ea3ff-2ac1-4ada-9a9d-d33d40bff008" />
    <UnitTestResult executionId="d7820fdf-ea01-4168-a35f-1a47d8b238d8" testId="08ddb4d1-1ea9-4a39-f70b-490a5dd2fdfe" testName="BuckScience.Tests.Domain.FeatureWeightTests.FeatureWeightHelper_GetDefaultWeight_ReturnsExpectedValues(type: BeddingArea, expectedWeight: 0.899999976)" computerName="runnervmf4ws1" duration="00:00:00.0000059" startTime="2025-09-10T21:36:37.8003664+00:00" endTime="2025-09-10T21:36:37.8003664+00:00" testType="13cdc9d9-ddb5-4fa4-a97d-d965ccfc6d4b" outcome="Passed" testListId="8c84fa94-04c1-424b-9868-57a2d4851a1d" relativeResultsDirectory="d7820fdf-ea01-4168-a35f-1a47d8b238d8" />
    <UnitTestResult executionId="faf8b227-bc69-4dcc-9d85-25230c00fe09" testId="fa4cc283-dfe0-de36-3d73-29ab1e351353" testName="BuckScience.Tests.Web.Helpers.WeatherHelpersTests.ConvertWindDirectionToText_VariousAngles_ReturnsCorrectDirection(degrees: 348.75, expected: &quot;N&quot;)" computerName="runnervmf4ws1" duration="00:00:00.0002211" startTime="2025-09-10T21:36:37.8099689+00:00" endTime="2025-09-10T21:36:37.8099689+00:00" testType="13cdc9d9-ddb5-4fa4-a97d-d965ccfc6d4b" outcome="Passed" testListId="8c84fa94-04c1-424b-9868-57a2d4851a1d" relativeResultsDirectory="faf8b227-bc69-4dcc-9d85-25230c00fe09" />
    <UnitTestResult executionId="1b79fa59-2cdc-41b2-982e-041080ba81fc" testId="28faaf32-b614-3b46-c8af-acfb48482d8d" testName="BuckScience.Tests.FeatureHelperTests.GetCategory_ShouldReturnCorrectCategoryForBeddingResources" computerName="runnervmf4ws1" duration="00:00:00.0001463" startTime="2025-09-10T21:36:37.6869251+00:00" endTime="2025-09-10T21:36:37.6869252+00:00" testType="13cdc9d9-ddb5-4fa4-a97d-d965ccfc6d4b" outcome="Passed" testListId="8c84fa94-04c1-424b-9868-57a2d4851a1d" relativeResultsDirectory="1b79fa59-2cdc-41b2-982e-041080ba81fc" />
    <UnitTestResult executionId="54d0ba1e-7d84-4f8d-995a-4bab8286a30b" testId="65305c54-3e3e-31b1-f5dd-4a4bc66b7c08" testName="BuckScience.Tests.CameraCreateVmTests.CameraCreateVm_ShouldIncludePropertyCoordinates" computerName="runnervmf4ws1" duration="00:00:00.0010070" startTime="2025-09-10T21:36:37.8120629+00:00" endTime="2025-09-10T21:36:37.8120630+00:00" testType="13cdc9d9-ddb5-4fa4-a97d-d965ccfc6d4b" outcome="Passed" testListId="8c84fa94-04c1-424b-9868-57a2d4851a1d" relativeResultsDirectory="54d0ba1e-7d84-4f8d-995a-4bab8286a30b" />
    <UnitTestResult executionId="63459e8d-6f4c-4351-b196-79dc7391cfa6" testId="643382d9-252e-669a-df19-e9e242cc0c0b" testName="BuckScience.Tests.Application.SeasonMonthMappingServiceTests.GetMonthsForPropertyAsync_WithoutOverrides_ReturnsCorrectDefaults(season: PreRut, expectedMonths: [10])" computerName="runnervmf4ws1" duration="00:00:00.0007082" startTime="2025-09-10T21:36:37.3904456+00:00" endTime="2025-09-10T21:36:37.3904457+00:00" testType="13cdc9d9-ddb5-4fa4-a97d-d965ccfc6d4b" outcome="Passed" testListId="8c84fa94-04c1-424b-9868-57a2d4851a1d" relativeResultsDirectory="63459e8d-6f4c-4351-b196-79dc7391cfa6" />
    <UnitTestResult executionId="9213f81f-a2af-495f-a14c-f751a7897dfb" testId="2eacfbf3-667b-5a8e-52a0-d9d512e960c7" testName="BuckScience.Tests.Web.Helpers.WeatherHelpersTests.ConvertWindDirectionToText_VariousAngles_ReturnsCorrectDirection(degrees: 270, expected: &quot;W&quot;)" computerName="runnervmf4ws1" duration="00:00:00.0000037" startTime="2025-09-10T21:36:37.8108247+00:00" endTime="2025-09-10T21:36:37.8108248+00:00" testType="13cdc9d9-ddb5-4fa4-a97d-d965ccfc6d4b" outcome="Passed" testListId="8c84fa94-04c1-424b-9868-57a2d4851a1d" relativeResultsDirectory="9213f81f-a2af-495f-a14c-f751a7897dfb" />
    <UnitTestResult executionId="6e2bd809-1609-4452-a022-5f4f137a63ed" testId="386e0330-7309-7b37-24f5-0984d80d3723" testName="BuckScience.Tests.CameraCreateVmTests.CameraCreateVm_DirectionSync_ShouldWorkForAllDirections(direction: SW, expectedDegrees: 225)" computerName="runnervmf4ws1" duration="00:00:00.0000060" startTime="2025-09-10T21:36:37.8097096+00:00" endTime="2025-09-10T21:36:37.8097097+00:00" testType="13cdc9d9-ddb5-4fa4-a97d-d965ccfc6d4b" outcome="Passed" testListId="8c84fa94-04c1-424b-9868-57a2d4851a1d" relativeResultsDirectory="6e2bd809-1609-4452-a022-5f4f137a63ed" />
    <UnitTestResult executionId="4ede0f48-13a7-4ac0-9dca-fb82a4fc3641" testId="42292f25-9e9f-80d8-c32a-5aae5cd0c643" testName="BuckScience.Tests.FeatureHelperTests.GetFeatureDescription_ShouldReturnCorrectDescriptions" computerName="runnervmf4ws1" duration="00:00:00.0003273" startTime="2025-09-10T21:36:37.6842699+00:00" endTime="2025-09-10T21:36:37.6842700+00:00" testType="13cdc9d9-ddb5-4fa4-a97d-d965ccfc6d4b" outcome="Passed" testListId="8c84fa94-04c1-424b-9868-57a2d4851a1d" relativeResultsDirectory="4ede0f48-13a7-4ac0-9dca-fb82a4fc3641" />
    <UnitTestResult executionId="21e72301-c2b5-41a2-a030-fd86a72d7b05" testId="231e01f7-8ce3-c622-6ddb-f4a558f73635" testName="BuckScience.Tests.Domain.MonthsAttributeTests.MonthsAttribute_Constructor_WithBoundaryValidMonths_SetsMonthsCorrectly(month: 12)" computerName="runnervmf4ws1" duration="00:00:00.0001635" startTime="2025-09-10T21:36:37.5003861+00:00" endTime="2025-09-10T21:36:37.5003862+00:00" testType="13cdc9d9-ddb5-4fa4-a97d-d965ccfc6d4b" outcome="Passed" testListId="8c84fa94-04c1-424b-9868-57a2d4851a1d" relativeResultsDirectory="21e72301-c2b5-41a2-a030-fd86a72d7b05" />
    <UnitTestResult executionId="b62c6126-5b97-431d-8fde-a75f0de4bedf" testId="b1f7f7a9-9f3c-0788-8363-349e751ff986" testName="BuckScience.Tests.Domain.PropertyFeatureTests.UpdateWeight_WithNull_SetsWeightToNull" computerName="runnervmf4ws1" duration="00:00:00.0002306" startTime="2025-09-10T21:36:37.7885721+00:00" endTime="2025-09-10T21:36:37.7885721+00:00" testType="13cdc9d9-ddb5-4fa4-a97d-d965ccfc6d4b" outcome="Passed" testListId="8c84fa94-04c1-424b-9868-57a2d4851a1d" relativeResultsDirectory="b62c6126-5b97-431d-8fde-a75f0de4bedf" />
    <UnitTestResult executionId="43341d47-3bed-4e2c-85c2-ffda6a787c1e" testId="b6a182bd-655d-0c92-283a-3c75d3d71c02" testName="BuckScience.Tests.Application.PropertyFeatureApplicationTests.ListPropertyFeatures_ReturnsWeightsCorrectly" computerName="runnervmf4ws1" duration="00:00:00.0274605" startTime="2025-09-10T21:36:37.6895073+00:00" endTime="2025-09-10T21:36:37.6895073+00:00" testType="13cdc9d9-ddb5-4fa4-a97d-d965ccfc6d4b" outcome="Passed" testListId="8c84fa94-04c1-424b-9868-57a2d4851a1d" relativeResultsDirectory="43341d47-3bed-4e2c-85c2-ffda6a787c1e" />
    <UnitTestResult executionId="76118484-9013-4923-8427-efd683647222" testId="8d324366-3662-08e0-9537-a5a51d46bda5" testName="BuckScience.Tests.Web.Helpers.WeatherHelpersTests.ConvertMoonPhaseToText_VariousValues_ReturnsCorrectText(phase: 0.5, expected: &quot;Full Moon&quot;)" computerName="runnervmf4ws1" duration="00:00:00.0000030" startTime="2025-09-10T21:36:37.8057647+00:00" endTime="2025-09-10T21:36:37.8057648+00:00" testType="13cdc9d9-ddb5-4fa4-a97d-d965ccfc6d4b" outcome="Passed" testListId="8c84fa94-04c1-424b-9868-57a2d4851a1d" relativeResultsDirectory="76118484-9013-4923-8427-efd683647222" />
    <UnitTestResult executionId="3915289b-5aee-4161-a1f4-b86aaf6e913f" testId="46a7f553-bbcf-0c84-0101-71d2924c06c9" testName="BuckScience.Tests.TaggingIntegrationTests.EndToEndTaggingWorkflow_ShouldWorkCorrectly" computerName="runnervmf4ws1" duration="00:00:00.0215484" startTime="2025-09-10T21:36:37.7710100+00:00" endTime="2025-09-10T21:36:37.7710101+00:00" testType="13cdc9d9-ddb5-4fa4-a97d-d965ccfc6d4b" outcome="Passed" testListId="8c84fa94-04c1-424b-9868-57a2d4851a1d" relativeResultsDirectory="3915289b-5aee-4161-a1f4-b86aaf6e913f" />
    <UnitTestResult executionId="99a394e7-8909-4d0a-8556-2dd8bd69312e" testId="878dbf6d-4718-3010-2956-9a909a749d2f" testName="BuckScience.Tests.PhotoFilteringComprehensiveTests.PhotoFilters_EdgeCases_HandleCorrectly" computerName="runnervmf4ws1" duration="00:00:00.0006202" startTime="2025-09-10T21:36:37.6255819+00:00" endTime="2025-09-10T21:36:37.6255820+00:00" testType="13cdc9d9-ddb5-4fa4-a97d-d965ccfc6d4b" outcome="Passed" testListId="8c84fa94-04c1-424b-9868-57a2d4851a1d" relativeResultsDirectory="99a394e7-8909-4d0a-8556-2dd8bd69312e" />
    <UnitTestResult executionId="e100a967-20f4-4150-8d29-9a9f7dc90225" testId="9b0f50d1-0319-2e52-3133-7e2638dde793" testName="BuckScience.Tests.CameraCreateVmTests.CameraCreateVm_DirectionSync_ShouldWorkForAllDirections(direction: E, expectedDegrees: 90)" computerName="runnervmf4ws1" duration="00:00:00.0000062" startTime="2025-09-10T21:36:37.8097877+00:00" endTime="2025-09-10T21:36:37.8097878+00:00" testType="13cdc9d9-ddb5-4fa4-a97d-d965ccfc6d4b" outcome="Passed" testListId="8c84fa94-04c1-424b-9868-57a2d4851a1d" relativeResultsDirectory="e100a967-20f4-4150-8d29-9a9f7dc90225" />
    <UnitTestResult executionId="0666574c-1aee-45b5-8fc4-5393a0da6111" testId="29048f6b-b73b-a720-ef94-9f27a4540f3c" testName="BuckScience.Tests.Web.Helpers.WeatherHelpersTests.ConvertMoonPhaseTextToNumeric_ValidText_ReturnsCorrectValue(text: &quot;New Moon&quot;, expected: 0)" computerName="runnervmf4ws1" duration="00:00:00.0000089" startTime="2025-09-10T21:36:37.8207290+00:00" endTime="2025-09-10T21:36:37.8207291+00:00" testType="13cdc9d9-ddb5-4fa4-a97d-d965ccfc6d4b" outcome="Passed" testListId="8c84fa94-04c1-424b-9868-57a2d4851a1d" relativeResultsDirectory="0666574c-1aee-45b5-8fc4-5393a0da6111" />
    <UnitTestResult executionId="f6d9bfab-7143-4a00-8573-8fe911e8aad2" testId="343fd73e-33e0-a251-14f5-344e69186a31" testName="BuckScience.Tests.Domain.PropertySeasonMonthsOverrideTests.PropertySeasonMonthsOverride_Constructor_WithInvalidMonths_ThrowsArgumentOutOfRangeException(invalidMonths: [1, 13])" computerName="runnervmf4ws1" duration="00:00:00.0000605" startTime="2025-09-10T21:36:36.5241362+00:00" endTime="2025-09-10T21:36:36.5241363+00:00" testType="13cdc9d9-ddb5-4fa4-a97d-d965ccfc6d4b" outcome="Passed" testListId="8c84fa94-04c1-424b-9868-57a2d4851a1d" relativeResultsDirectory="f6d9bfab-7143-4a00-8573-8fe911e8aad2" />
    <UnitTestResult executionId="c06a7ea1-bf7d-4fbc-8f60-3ee21afcac25" testId="2505d350-e44a-f204-9fd8-58dd92f22763" testName="BuckScience.Tests.DirectionHelperTests.ToFloat_ShouldReturnCorrectDegrees(direction: SE, expectedDegrees: 135)" computerName="runnervmf4ws1" duration="00:00:00.0000321" startTime="2025-09-10T21:36:37.6519576+00:00" endTime="2025-09-10T21:36:37.6519577+00:00" testType="13cdc9d9-ddb5-4fa4-a97d-d965ccfc6d4b" outcome="Passed" testListId="8c84fa94-04c1-424b-9868-57a2d4851a1d" relativeResultsDirectory="c06a7ea1-bf7d-4fbc-8f60-3ee21afcac25" />
    <UnitTestResult executionId="db529116-3c6d-46d3-9b0b-2c763f489330" testId="4103318d-2de0-6e72-8544-27607329cbb3" testName="BuckScience.Tests.CameraDetailsVmTests.CameraDetailsVm_ShouldAllowNullModel" computerName="runnervmf4ws1" duration="00:00:00.0006543" startTime="2025-09-10T21:36:37.6654297+00:00" endTime="2025-09-10T21:36:37.6654297+00:00" testType="13cdc9d9-ddb5-4fa4-a97d-d965ccfc6d4b" outcome="Passed" testListId="8c84fa94-04c1-424b-9868-57a2d4851a1d" relativeResultsDirectory="db529116-3c6d-46d3-9b0b-2c763f489330" />
    <UnitTestResult executionId="81ed0c47-3b5f-4644-accc-36be15943fa7" testId="c7b04d5c-7711-e414-f9c1-9d377a8af2ec" testName="BuckScience.Tests.Domain.FeatureWeightTests.FeatureWeight_UpdateUserWeight_WithSameAsDefaultWeight_StaysCustomIfSeasonalWeightsExist" computerName="runnervmf4ws1" duration="00:00:00.0003375" startTime="2025-09-10T21:36:37.8207629+00:00" endTime="2025-09-10T21:36:37.8207629+00:00" testType="13cdc9d9-ddb5-4fa4-a97d-d965ccfc6d4b" outcome="Passed" testListId="8c84fa94-04c1-424b-9868-57a2d4851a1d" relativeResultsDirectory="81ed0c47-3b5f-4644-accc-36be15943fa7" />
    <UnitTestResult executionId="c7796636-dc1e-432f-aed0-88f486d90db5" testId="52ae0b6b-063d-fda1-eda2-bf4a1c9b90a4" testName="BuckScience.Tests.Application.SeasonMonthMappingServiceTests.GetAllPropertyOverridesAsync_ReturnsAllOverrides_ForProperty" computerName="runnervmf4ws1" duration="00:00:00.0134421" startTime="2025-09-10T21:36:37.4689463+00:00" endTime="2025-09-10T21:36:37.4689464+00:00" testType="13cdc9d9-ddb5-4fa4-a97d-d965ccfc6d4b" outcome="Passed" testListId="8c84fa94-04c1-424b-9868-57a2d4851a1d" relativeResultsDirectory="c7796636-dc1e-432f-aed0-88f486d90db5" />
    <UnitTestResult executionId="62a88b90-e64a-4436-95cb-7d7a6b801247" testId="31c8774a-1539-0a44-3404-de06d646b468" testName="BuckScience.Tests.Web.Helpers.WeatherHelpersTests.ConvertMoonPhaseToText_VariousValues_ReturnsCorrectText(phase: 0.10000000000000001, expected: &quot;Waxing Crescent&quot;)" computerName="runnervmf4ws1" duration="00:00:00.0000035" startTime="2025-09-10T21:36:37.8055496+00:00" endTime="2025-09-10T21:36:37.8055497+00:00" testType="13cdc9d9-ddb5-4fa4-a97d-d965ccfc6d4b" outcome="Passed" testListId="8c84fa94-04c1-424b-9868-57a2d4851a1d" relativeResultsDirectory="62a88b90-e64a-4436-95cb-7d7a6b801247" />
    <UnitTestResult executionId="52494412-eb78-4b05-baa0-9f48fc04354d" testId="2c3f2f16-fb94-3325-49ee-53aa9585411a" testName="BuckScience.Tests.Application.FeatureWeights.UpdateFeatureWeightsTests.UpdateFeatureWeights_OnlyUpdatesSpecificWeight_SetsOnlyThatAsCustom" computerName="runnervmf4ws1" duration="00:00:00.0037442" startTime="2025-09-10T21:36:37.6138160+00:00" endTime="2025-09-10T21:36:37.6138161+00:00" testType="13cdc9d9-ddb5-4fa4-a97d-d965ccfc6d4b" outcome="Passed" testListId="8c84fa94-04c1-424b-9868-57a2d4851a1d" relativeResultsDirectory="52494412-eb78-4b05-baa0-9f48fc04354d" />
    <UnitTestResult executionId="5a759fb4-05b7-4ebf-838b-5a6b66f5d656" testId="e5846600-5bfc-193d-66eb-f1933de5487e" testName="BuckScience.Tests.CameraEditVmTests.CameraEditVm_SyncDirectionFromSelection_ShouldUpdateDirectionDegrees" computerName="runnervmf4ws1" duration="00:00:00.0002405" startTime="2025-09-10T21:36:37.6922052+00:00" endTime="2025-09-10T21:36:37.6922053+00:00" testType="13cdc9d9-ddb5-4fa4-a97d-d965ccfc6d4b" outcome="Passed" testListId="8c84fa94-04c1-424b-9868-57a2d4851a1d" relativeResultsDirectory="5a759fb4-05b7-4ebf-838b-5a6b66f5d656" />
    <UnitTestResult executionId="16dd8cb2-fc05-484f-95c7-80e779919a99" testId="82ad2eed-c2a8-00e1-ef28-e5a6803fece0" testName="BuckScience.Tests.Application.SeasonMonthMappingServiceTests.GetMonthsForPropertyAsync_WithPropertyOverride_ReturnsOverrideMonths" computerName="runnervmf4ws1" duration="00:00:00.0029799" startTime="2025-09-10T21:36:37.4511820+00:00" endTime="2025-09-10T21:36:37.4511821+00:00" testType="13cdc9d9-ddb5-4fa4-a97d-d965ccfc6d4b" outcome="Passed" testListId="8c84fa94-04c1-424b-9868-57a2d4851a1d" relativeResultsDirectory="16dd8cb2-fc05-484f-95c7-80e779919a99" />
    <UnitTestResult executionId="2c9cb64f-5936-4e34-b184-f7b631c60c50" testId="2e480f4f-8e65-8226-244e-bc56a9d64e7e" testName="BuckScience.Tests.Web.Helpers.WeatherHelpersTests.ConvertWindDirectionToText_VariousAngles_ReturnsCorrectDirection(degrees: 33.75, expected: &quot;NE&quot;)" computerName="runnervmf4ws1" duration="00:00:00.0000045" startTime="2025-09-10T21:36:37.8118962+00:00" endTime="2025-09-10T21:36:37.8118963+00:00" testType="13cdc9d9-ddb5-4fa4-a97d-d965ccfc6d4b" outcome="Passed" testListId="8c84fa94-04c1-424b-9868-57a2d4851a1d" relativeResultsDirectory="2c9cb64f-5936-4e34-b184-f7b631c60c50" />
    <UnitTestResult executionId="77f948e4-707e-4584-86d6-8662d1ee5dc1" testId="752ffb05-78eb-92e0-4e1e-4d5811cca95a" testName="BuckScience.Tests.Domain.MonthsAttributeTests.MonthsAttribute_Constructor_WithEmptyMonths_ThrowsArgumentException" computerName="runnervmf4ws1" duration="00:00:00.0003678" startTime="2025-09-10T21:36:37.5011899+00:00" endTime="2025-09-10T21:36:37.5011900+00:00" testType="13cdc9d9-ddb5-4fa4-a97d-d965ccfc6d4b" outcome="Passed" testListId="8c84fa94-04c1-424b-9868-57a2d4851a1d" relativeResultsDirectory="77f948e4-707e-4584-86d6-8662d1ee5dc1" />
    <UnitTestResult executionId="71258b39-b878-4c68-8af9-288fa80990f0" testId="d91077c4-486f-699f-e7de-7a096da96d2b" testName="BuckScience.Tests.Domain.PropertyFeatureTests.UpdateWeight_WithValidWeight_SetsWeightCorrectly" computerName="runnervmf4ws1" duration="00:00:00.0004286" startTime="2025-09-10T21:36:37.7864311+00:00" endTime="2025-09-10T21:36:37.7864312+00:00" testType="13cdc9d9-ddb5-4fa4-a97d-d965ccfc6d4b" outcome="Passed" testListId="8c84fa94-04c1-424b-9868-57a2d4851a1d" relativeResultsDirectory="71258b39-b878-4c68-8af9-288fa80990f0" />
    <UnitTestResult executionId="1ea296f2-e0a7-4996-861d-0ae0aca85b01" testId="9e5e4569-9acc-0235-4e91-ee81d67e124e" testName="BuckScience.Tests.PhotoPlacementHistoryTests.Photo_WithPlacementHistory_ShouldAssociateCorrectly" computerName="runnervmf4ws1" duration="00:00:00.0002720" startTime="2025-09-10T21:36:37.7884958+00:00" endTime="2025-09-10T21:36:37.7884959+00:00" testType="13cdc9d9-ddb5-4fa4-a97d-d965ccfc6d4b" outcome="Passed" testListId="8c84fa94-04c1-424b-9868-57a2d4851a1d" relativeResultsDirectory="1ea296f2-e0a7-4996-861d-0ae0aca85b01" />
    <UnitTestResult executionId="db483638-a673-467c-8b11-265e042ac6f2" testId="e7727167-90de-6177-0043-c32edeea9377" testName="BuckScience.Tests.Domain.PropertySeasonMonthsOverrideTests.PropertySeasonMonthsOverride_RoundTripSerialization_MaintainsData(months: [1])" computerName="runnervmf4ws1" duration="00:00:00.0000234" startTime="2025-09-10T21:36:36.5236020+00:00" endTime="2025-09-10T21:36:36.5236021+00:00" testType="13cdc9d9-ddb5-4fa4-a97d-d965ccfc6d4b" outcome="Passed" testListId="8c84fa94-04c1-424b-9868-57a2d4851a1d" relativeResultsDirectory="db483638-a673-467c-8b11-265e042ac6f2" />
    <UnitTestResult executionId="54f1972d-6d15-450d-9f52-32aba19ef364" testId="75f4d661-9754-0157-eb91-1cb0c3ea30c4" testName="BuckScience.Tests.Domain.PropertySeasonMonthsOverrideTests.PropertySeasonMonthsOverride_SetMonths_WithEmptyArray_ClearsMonths" computerName="runnervmf4ws1" duration="00:00:00.0001845" startTime="2025-09-10T21:36:36.5266488+00:00" endTime="2025-09-10T21:36:36.5266489+00:00" testType="13cdc9d9-ddb5-4fa4-a97d-d965ccfc6d4b" outcome="Passed" testListId="8c84fa94-04c1-424b-9868-57a2d4851a1d" relativeResultsDirectory="54f1972d-6d15-450d-9f52-32aba19ef364" />
    <UnitTestResult executionId="9c138637-087b-4c61-a470-207bcd805e46" testId="f2ce22ba-4e0c-a11c-c657-a799ce863a26" testName="BuckScience.Tests.Web.Helpers.WeatherHelpersTests.ConvertMoonPhaseTextToNumeric_InvalidText_ReturnsNull(text: &quot;&quot;)" computerName="runnervmf4ws1" duration="00:00:00.0001546" startTime="2025-09-10T21:36:37.8220487+00:00" endTime="2025-09-10T21:36:37.8220487+00:00" testType="13cdc9d9-ddb5-4fa4-a97d-d965ccfc6d4b" outcome="Passed" testListId="8c84fa94-04c1-424b-9868-57a2d4851a1d" relativeResultsDirectory="9c138637-087b-4c61-a470-207bcd805e46" />
    <UnitTestResult executionId="5bff0b79-32aa-4773-9c9b-9d1434b9505d" testId="12f16ac3-f6d6-9802-1d09-4301de2f7efc" testName="BuckScience.Tests.Domain.PropertySeasonMonthsOverrideTests.PropertySeasonMonthsOverride_Constructor_WithInvalidMonths_ThrowsArgumentOutOfRangeException(invalidMonths: [0, 5, 10])" computerName="runnervmf4ws1" duration="00:00:00.0002820" startTime="2025-09-10T21:36:36.5240227+00:00" endTime="2025-09-10T21:36:36.5240227+00:00" testType="13cdc9d9-ddb5-4fa4-a97d-d965ccfc6d4b" outcome="Passed" testListId="8c84fa94-04c1-424b-9868-57a2d4851a1d" relativeResultsDirectory="5bff0b79-32aa-4773-9c9b-9d1434b9505d" />
    <UnitTestResult executionId="4075472a-ff7c-422c-9b65-3dccc964dda1" testId="6acfe581-a1ff-0243-6a25-fa30ab98af8f" testName="BuckScience.Tests.FeatureHelperTests.GetCategory_ShouldReturnCorrectCategoryForFoodResources" computerName="runnervmf4ws1" duration="00:00:00.0001438" startTime="2025-09-10T21:36:37.6824215+00:00" endTime="2025-09-10T21:36:37.6824216+00:00" testType="13cdc9d9-ddb5-4fa4-a97d-d965ccfc6d4b" outcome="Passed" testListId="8c84fa94-04c1-424b-9868-57a2d4851a1d" relativeResultsDirectory="4075472a-ff7c-422c-9b65-3dccc964dda1" />
    <UnitTestResult executionId="dec7462e-d09c-4dd0-900f-d79500e9ffc1" testId="89ecaa3a-044a-88b6-09ea-2d19af9e4614" testName="BuckScience.Tests.Domain.PropertyFeatureTests.Constructor_WithInvalidWeight_ThrowsArgumentOutOfRangeException(weight: -0.100000001)" computerName="runnervmf4ws1" duration="00:00:00.0000709" startTime="2025-09-10T21:36:37.7913132+00:00" endTime="2025-09-10T21:36:37.7913133+00:00" testType="13cdc9d9-ddb5-4fa4-a97d-d965ccfc6d4b" outcome="Passed" testListId="8c84fa94-04c1-424b-9868-57a2d4851a1d" relativeResultsDirectory="dec7462e-d09c-4dd0-900f-d79500e9ffc1" />
    <UnitTestResult executionId="fd5f2efe-c182-43ab-9f19-f5fb0f9c7d56" testId="d1c2a2fd-4568-2e97-946f-7480ea03bef1" testName="BuckScience.Tests.FeatureHelperTests.GetFeatureName_ShouldReturnCorrectDisplayNames" computerName="runnervmf4ws1" duration="00:00:00.0002981" startTime="2025-09-10T21:36:37.6849605+00:00" endTime="2025-09-10T21:36:37.6849606+00:00" testType="13cdc9d9-ddb5-4fa4-a97d-d965ccfc6d4b" outcome="Passed" testListId="8c84fa94-04c1-424b-9868-57a2d4851a1d" relativeResultsDirectory="fd5f2efe-c182-43ab-9f19-f5fb0f9c7d56" />
    <UnitTestResult executionId="a0e03c43-9427-47da-b147-f8fd498afd06" testId="b1a32a5b-bec7-9c13-ecb5-d09eae519281" testName="BuckScience.Tests.WeatherConfigurationTests.WeatherApiSettings_ShouldBindFromConfiguration" computerName="runnervmf4ws1" duration="00:00:00.0116310" startTime="2025-09-10T21:36:37.7982784+00:00" endTime="2025-09-10T21:36:37.7982785+00:00" testType="13cdc9d9-ddb5-4fa4-a97d-d965ccfc6d4b" outcome="Passed" testListId="8c84fa94-04c1-424b-9868-57a2d4851a1d" relativeResultsDirectory="a0e03c43-9427-47da-b147-f8fd498afd06" />
    <UnitTestResult executionId="915b12a1-006d-4e06-a59d-885545eadf1f" testId="d23e84fd-71f4-7bce-d8fe-1741eb8da08e" testName="BuckScience.Tests.PhotoFilteringComprehensiveTests.PropertyPhotosVm_WithoutFilters_CorrectProperties" computerName="runnervmf4ws1" duration="00:00:00.0001971" startTime="2025-09-10T21:36:37.6248961+00:00" endTime="2025-09-10T21:36:37.6248962+00:00" testType="13cdc9d9-ddb5-4fa4-a97d-d965ccfc6d4b" outcome="Passed" testListId="8c84fa94-04c1-424b-9868-57a2d4851a1d" relativeResultsDirectory="915b12a1-006d-4e06-a59d-885545eadf1f" />
    <UnitTestResult executionId="4627214f-7ec9-4337-ab8e-22ad8dec6461" testId="827cffd5-57e2-399d-4e16-80e94a843b77" testName="BuckScience.Tests.PhotoPlacementHistoryTests.Photo_Constructor_ShouldAllowNullCameraPlacementHistoryId" computerName="runnervmf4ws1" duration="00:00:00.0005930" startTime="2025-09-10T21:36:37.7826315+00:00" endTime="2025-09-10T21:36:37.7826315+00:00" testType="13cdc9d9-ddb5-4fa4-a97d-d965ccfc6d4b" outcome="Passed" testListId="8c84fa94-04c1-424b-9868-57a2d4851a1d" relativeResultsDirectory="4627214f-7ec9-4337-ab8e-22ad8dec6461" />
    <UnitTestResult executionId="8d6b8e62-8c3f-485d-a576-2d8422ed9b84" testId="d3a4b1bb-6aeb-d30b-4b3c-0f1cdc5eac6e" testName="BuckScience.Tests.Web.Helpers.WeatherHelpersTests.ConvertWindDirectionTextToNumeric_ValidDirections_ReturnsCorrectDegrees(direction: &quot;NNW&quot;, expected: 337.5)" computerName="runnervmf4ws1" duration="00:00:00.0001615" startTime="2025-09-10T21:36:37.8158895+00:00" endTime="2025-09-10T21:36:37.8158897+00:00" testType="13cdc9d9-ddb5-4fa4-a97d-d965ccfc6d4b" outcome="Passed" testListId="8c84fa94-04c1-424b-9868-57a2d4851a1d" relativeResultsDirectory="8d6b8e62-8c3f-485d-a576-2d8422ed9b84" />
    <UnitTestResult executionId="9ddf10bf-c1c1-4a0a-a559-8c1e0b5ebbfe" testId="29c59d8d-b92b-cfb2-1c78-b6b82406cb09" testName="BuckScience.Tests.Domain.SeasonExtensionsTests.GetDefaultMonths_ReturnsArrayCopy_PreventsMutation" computerName="runnervmf4ws1" duration="00:00:00.0002910" startTime="2025-09-10T21:36:37.7025848+00:00" endTime="2025-09-10T21:36:37.7025848+00:00" testType="13cdc9d9-ddb5-4fa4-a97d-d965ccfc6d4b" outcome="Passed" testListId="8c84fa94-04c1-424b-9868-57a2d4851a1d" relativeResultsDirectory="9ddf10bf-c1c1-4a0a-a559-8c1e0b5ebbfe" />
    <UnitTestResult executionId="7f2c8d46-10f0-4e5b-a687-e7d74e7c504d" testId="46eed830-2953-fcd5-c0a0-3903ea3c299a" testName="BuckScience.Tests.Application.Profiles.ProfileCrudTests.DeleteProfile_ValidId_DeletesProfile" computerName="runnervmf4ws1" duration="00:00:00.0206693" startTime="2025-09-10T21:36:37.7075141+00:00" endTime="2025-09-10T21:36:37.7075142+00:00" testType="13cdc9d9-ddb5-4fa4-a97d-d965ccfc6d4b" outcome="Passed" testListId="8c84fa94-04c1-424b-9868-57a2d4851a1d" relativeResultsDirectory="7f2c8d46-10f0-4e5b-a687-e7d74e7c504d" />
    <UnitTestResult executionId="50525fde-30b5-4df3-9f00-8c5b8ff1cd02" testId="520cf6eb-1b87-3f3a-4e2f-2f4e620f4b62" testName="BuckScience.Tests.Domain.FeatureWeightTests.FeatureWeight_IsCustom_CanBeSetInConstructor" computerName="runnervmf4ws1" duration="00:00:00.0001370" startTime="2025-09-10T21:36:37.8004324+00:00" endTime="2025-09-10T21:36:37.8004325+00:00" testType="13cdc9d9-ddb5-4fa4-a97d-d965ccfc6d4b" outcome="Passed" testListId="8c84fa94-04c1-424b-9868-57a2d4851a1d" relativeResultsDirectory="50525fde-30b5-4df3-9f00-8c5b8ff1cd02" />
    <UnitTestResult executionId="d4d6766c-e8b2-44ba-b83f-bcb4249f4821" testId="8c733a46-a4ea-1620-69ec-bdd69e48dc0b" testName="BuckScience.Tests.PhotoFiltersTests.PhotoFilters_HasAnyFilters_ReturnsFalseWhenNoFiltersSet" computerName="runnervmf4ws1" duration="00:00:00.0007835" startTime="2025-09-10T21:36:37.4552602+00:00" endTime="2025-09-10T21:36:37.4552602+00:00" testType="13cdc9d9-ddb5-4fa4-a97d-d965ccfc6d4b" outcome="Passed" testListId="8c84fa94-04c1-424b-9868-57a2d4851a1d" relativeResultsDirectory="d4d6766c-e8b2-44ba-b83f-bcb4249f4821" />
    <UnitTestResult executionId="37666111-69fe-49ed-9477-d107d6ccac00" testId="188163b5-3a99-e726-205c-6b6fc846baac" testName="BuckScience.Tests.PhotoGroupingTests.PhotoGrouping_ShouldGroupByMonthYear_Ascending" computerName="runnervmf4ws1" duration="00:00:00.0009937" startTime="2025-09-10T21:36:37.7029405+00:00" endTime="2025-09-10T21:36:37.7029406+00:00" testType="13cdc9d9-ddb5-4fa4-a97d-d965ccfc6d4b" outcome="Passed" testListId="8c84fa94-04c1-424b-9868-57a2d4851a1d" relativeResultsDirectory="37666111-69fe-49ed-9477-d107d6ccac00" />
    <UnitTestResult executionId="d4287181-5e3e-42d2-83ac-173fc2d60388" testId="4e409710-7600-d8ec-3aaf-52ff72372913" testName="BuckScience.Tests.Domain.SeasonExtensionsTests.GetDefaultMonths_PreRut_ReturnsCorrectMonths" computerName="runnervmf4ws1" duration="00:00:00.0001644" startTime="2025-09-10T21:36:37.7026607+00:00" endTime="2025-09-10T21:36:37.7026607+00:00" testType="13cdc9d9-ddb5-4fa4-a97d-d965ccfc6d4b" outcome="Passed" testListId="8c84fa94-04c1-424b-9868-57a2d4851a1d" relativeResultsDirectory="d4287181-5e3e-42d2-83ac-173fc2d60388" />
    <UnitTestResult executionId="8d47ac25-519e-4e53-950a-5d269b0751c3" testId="1634510e-087e-a71c-61ba-55901a3677cc" testName="BuckScience.Tests.Web.Helpers.WeatherHelpersTests.ConvertWindDirectionTextToNumeric_ValidDirections_ReturnsCorrectDegrees(direction: &quot;NNE&quot;, expected: 22.5)" computerName="runnervmf4ws1" duration="00:00:00.0000075" startTime="2025-09-10T21:36:37.8171488+00:00" endTime="2025-09-10T21:36:37.8171488+00:00" testType="13cdc9d9-ddb5-4fa4-a97d-d965ccfc6d4b" outcome="Passed" testListId="8c84fa94-04c1-424b-9868-57a2d4851a1d" relativeResultsDirectory="8d47ac25-519e-4e53-950a-5d269b0751c3" />
    <UnitTestResult executionId="fb209e41-352e-4546-bcd5-0d5bd4e16fc3" testId="0a4fef64-4b22-b6e1-3068-172d5dc1b64f" testName="BuckScience.Tests.PhotoFilteringIntegrationTests.BuildFilters_WithInvalidCameraPlacementHistoryIds_IgnoresInvalidIds" computerName="runnervmf4ws1" duration="00:00:00.0014882" startTime="2025-09-10T21:36:37.4960449+00:00" endTime="2025-09-10T21:36:37.4960450+00:00" testType="13cdc9d9-ddb5-4fa4-a97d-d965ccfc6d4b" outcome="Passed" testListId="8c84fa94-04c1-424b-9868-57a2d4851a1d" relativeResultsDirectory="fb209e41-352e-4546-bcd5-0d5bd4e16fc3" />
    <UnitTestResult executionId="bfc717a8-efca-461a-8f8c-016036c0decc" testId="4bbe555c-8fb0-44dc-18a4-86549d9ecd64" testName="BuckScience.Tests.DirectionHelperTests.FromFloat_ShouldFindClosestDirection(degrees: -15, expectedDirection: NW)" computerName="runnervmf4ws1" duration="00:00:00.0000083" startTime="2025-09-10T21:36:37.6562564+00:00" endTime="2025-09-10T21:36:37.6562564+00:00" testType="13cdc9d9-ddb5-4fa4-a97d-d965ccfc6d4b" outcome="Passed" testListId="8c84fa94-04c1-424b-9868-57a2d4851a1d" relativeResultsDirectory="bfc717a8-efca-461a-8f8c-016036c0decc" />
    <UnitTestResult executionId="6c8dae69-886a-4ec1-8e34-e650901c1d6f" testId="df8d3f6f-dec6-fe48-30b1-4504bb2aa651" testName="BuckScience.Tests.Web.Helpers.WeatherHelpersTests.ConvertWindDirectionTextToNumeric_ValidDirections_ReturnsCorrectDegrees(direction: &quot;NE&quot;, expected: 45)" computerName="runnervmf4ws1" duration="00:00:00.0000083" startTime="2025-09-10T21:36:37.8183799+00:00" endTime="2025-09-10T21:36:37.8183800+00:00" testType="13cdc9d9-ddb5-4fa4-a97d-d965ccfc6d4b" outcome="Passed" testListId="8c84fa94-04c1-424b-9868-57a2d4851a1d" relativeResultsDirectory="6c8dae69-886a-4ec1-8e34-e650901c1d6f" />
    <UnitTestResult executionId="da608d68-e36d-40f6-94e4-692e8f021a64" testId="08a9b593-cfee-9bdf-6d80-833bb0b65ba9" testName="BuckScience.Tests.CameraCreateVmTests.CameraCreateVm_SyncSelectionFromDirection_ShouldUpdateDirectionSelection" computerName="runnervmf4ws1" duration="00:00:00.0002457" startTime="2025-09-10T21:36:37.8159291+00:00" endTime="2025-09-10T21:36:37.8159292+00:00" testType="13cdc9d9-ddb5-4fa4-a97d-d965ccfc6d4b" outcome="Passed" testListId="8c84fa94-04c1-424b-9868-57a2d4851a1d" relativeResultsDirectory="da608d68-e36d-40f6-94e4-692e8f021a64" />
    <UnitTestResult executionId="8ecbde3c-c7aa-45e2-a000-02ef6616c3b8" testId="64fa6710-678a-0a23-7d5a-26a655d565e8" testName="BuckScience.Tests.PhotoFilteringIntegrationTests.BuildFilters_WithCameraPlacementHistoryIds_ReturnsFiltersWithPlacementHistories" computerName="runnervmf4ws1" duration="00:00:00.0077509" startTime="2025-09-10T21:36:37.4864986+00:00" endTime="2025-09-10T21:36:37.4864987+00:00" testType="13cdc9d9-ddb5-4fa4-a97d-d965ccfc6d4b" outcome="Passed" testListId="8c84fa94-04c1-424b-9868-57a2d4851a1d" relativeResultsDirectory="8ecbde3c-c7aa-45e2-a000-02ef6616c3b8" />
    <UnitTestResult executionId="b42cc903-d96c-44cd-ac4e-c4704ea1ac34" testId="9c1cfe7d-bcc9-4b03-b265-ec26ee7c3263" testName="BuckScience.Tests.Application.Profiles.ProfileCrudTests.CreateProfile_ValidData_CreatesProfile" computerName="runnervmf4ws1" duration="00:00:00.1058527" startTime="2025-09-10T21:36:37.6075751+00:00" endTime="2025-09-10T21:36:37.6075752+00:00" testType="13cdc9d9-ddb5-4fa4-a97d-d965ccfc6d4b" outcome="Passed" testListId="8c84fa94-04c1-424b-9868-57a2d4851a1d" relativeResultsDirectory="b42cc903-d96c-44cd-ac4e-c4704ea1ac34" />
    <UnitTestResult executionId="92e3376c-abb3-47f9-aaab-f9c8ae77e69a" testId="f4c9aa46-811a-389b-d744-72a428dee7d2" testName="BuckScience.Tests.TaggingSystemTests.GetOrCreateTag_ShouldReturnExistingTag_WhenTagExists" computerName="runnervmf4ws1" duration="00:00:00.0017012" startTime="2025-09-10T21:36:37.4289433+00:00" endTime="2025-09-10T21:36:37.4289434+00:00" testType="13cdc9d9-ddb5-4fa4-a97d-d965ccfc6d4b" outcome="Passed" testListId="8c84fa94-04c1-424b-9868-57a2d4851a1d" relativeResultsDirectory="92e3376c-abb3-47f9-aaab-f9c8ae77e69a" />
    <UnitTestResult executionId="6af048bf-8c71-46c9-a382-f02488f536e1" testId="88b5a428-7422-548a-ca90-5bd2a62420ae" testName="BuckScience.Tests.DirectionHelperTests.FromFloat_ShouldReturnCorrectDirection(degrees: 225, expectedDirection: SW)" computerName="runnervmf4ws1" duration="00:00:00.0000103" startTime="2025-09-10T21:36:37.6404099+00:00" endTime="2025-09-10T21:36:37.6404100+00:00" testType="13cdc9d9-ddb5-4fa4-a97d-d965ccfc6d4b" outcome="Passed" testListId="8c84fa94-04c1-424b-9868-57a2d4851a1d" relativeResultsDirectory="6af048bf-8c71-46c9-a382-f02488f536e1" />
    <UnitTestResult executionId="98b7e3a2-e4ac-4032-bd65-365a6011dd2f" testId="87e55bdd-4276-ed24-3a0c-df1323a9e2c9" testName="BuckScience.Tests.DirectionHelperTests.ToFloat_ShouldReturnCorrectDegrees(direction: S, expectedDegrees: 180)" computerName="runnervmf4ws1" duration="00:00:00.0002866" startTime="2025-09-10T21:36:37.6519068+00:00" endTime="2025-09-10T21:36:37.6519069+00:00" testType="13cdc9d9-ddb5-4fa4-a97d-d965ccfc6d4b" outcome="Passed" testListId="8c84fa94-04c1-424b-9868-57a2d4851a1d" relativeResultsDirectory="98b7e3a2-e4ac-4032-bd65-365a6011dd2f" />
    <UnitTestResult executionId="f19b40d3-75ff-4d7a-b681-7e7bbbcaf87d" testId="226e9057-54c6-53d9-d48c-5a3aaedbb305" testName="BuckScience.Tests.Web.Helpers.WeatherHelpersTests.ConvertWindDirectionTextToNumeric_ValidDirections_ReturnsCorrectDegrees(direction: &quot;ENE&quot;, expected: 67.5)" computerName="runnervmf4ws1" duration="00:00:00.0000066" startTime="2025-09-10T21:36:37.8162032+00:00" endTime="2025-09-10T21:36:37.8162033+00:00" testType="13cdc9d9-ddb5-4fa4-a97d-d965ccfc6d4b" outcome="Passed" testListId="8c84fa94-04c1-424b-9868-57a2d4851a1d" relativeResultsDirectory="f19b40d3-75ff-4d7a-b681-7e7bbbcaf87d" />
    <UnitTestResult executionId="8efc9d06-2551-4af2-80f4-1dce6eb580a0" testId="11c53883-3d96-0957-d8a1-9dcf44cb5e78" testName="BuckScience.Tests.Web.Helpers.WeatherHelpersTests.StandardWindDirections_Contains16Directions" computerName="runnervmf4ws1" duration="00:00:00.0004966" startTime="2025-09-10T21:36:37.8232073+00:00" endTime="2025-09-10T21:36:37.8232074+00:00" testType="13cdc9d9-ddb5-4fa4-a97d-d965ccfc6d4b" outcome="Passed" testListId="8c84fa94-04c1-424b-9868-57a2d4851a1d" relativeResultsDirectory="8efc9d06-2551-4af2-80f4-1dce6eb580a0" />
    <UnitTestResult executionId="8beb206f-d8bd-4007-9f71-05291092f725" testId="3f4d3f91-09a2-a334-5932-6e78104fd8ba" testName="BuckScience.Tests.WeatherBatchProcessingTests.PhotoGrouping_ShouldGroupByLocationAndDate" computerName="runnervmf4ws1" duration="00:00:00.0199703" startTime="2025-09-10T21:36:37.8049278+00:00" endTime="2025-09-10T21:36:37.8049279+00:00" testType="13cdc9d9-ddb5-4fa4-a97d-d965ccfc6d4b" outcome="Passed" testListId="8c84fa94-04c1-424b-9868-57a2d4851a1d" relativeResultsDirectory="8beb206f-d8bd-4007-9f71-05291092f725" />
    <UnitTestResult executionId="0804c6b8-fbaa-4b68-91c2-b532dfd8b931" testId="fb896724-2095-3026-71b5-ad9198efd098" testName="BuckScience.Tests.Web.Helpers.WeatherHelpersTests.ConvertMoonPhaseTextToNumeric_InvalidText_ReturnsNull(text: &quot;Unknown&quot;)" computerName="runnervmf4ws1" duration="00:00:00.0001253" startTime="2025-09-10T21:36:37.8219929+00:00" endTime="2025-09-10T21:36:37.8219930+00:00" testType="13cdc9d9-ddb5-4fa4-a97d-d965ccfc6d4b" outcome="Passed" testListId="8c84fa94-04c1-424b-9868-57a2d4851a1d" relativeResultsDirectory="0804c6b8-fbaa-4b68-91c2-b532dfd8b931" />
    <UnitTestResult executionId="83df680b-399e-487a-9750-890563cc2893" testId="2b789b90-6459-6d41-420f-e5502ba7ca12" testName="BuckScience.Tests.DirectionHelperTests.GetDisplayName_ShouldReturnCorrectDisplayNames" computerName="runnervmf4ws1" duration="00:00:00.0012714" startTime="2025-09-10T21:36:37.6564597+00:00" endTime="2025-09-10T21:36:37.6564598+00:00" testType="13cdc9d9-ddb5-4fa4-a97d-d965ccfc6d4b" outcome="Passed" testListId="8c84fa94-04c1-424b-9868-57a2d4851a1d" relativeResultsDirectory="83df680b-399e-487a-9750-890563cc2893" />
    <UnitTestResult executionId="82b31bef-af8e-4077-814b-a40d74add51e" testId="ce73eb79-a497-c2a4-9a02-ef4f9a7168c5" testName="BuckScience.Tests.PhotoFilteringUrlExamples.BuildFilters_UrlParameters_ShouldParseCorrectly(urlParams: &quot;tempMin=10&amp;tempMax=30&quot;, expectedTempMin: 10, expectedTempMax: 30, expectedWindMin: null, expectedWindMax: null)" computerName="runnervmf4ws1" duration="00:00:00.0000156" startTime="2025-09-10T21:36:37.8229936+00:00" endTime="2025-09-10T21:36:37.8229937+00:00" testType="13cdc9d9-ddb5-4fa4-a97d-d965ccfc6d4b" outcome="Passed" testListId="8c84fa94-04c1-424b-9868-57a2d4851a1d" relativeResultsDirectory="82b31bef-af8e-4077-814b-a40d74add51e" />
    <UnitTestResult executionId="03383fe5-22cd-421a-a57b-f4873a35f151" testId="3e754e7c-3120-cf7a-7a68-ce1c9a477533" testName="BuckScience.Tests.CameraCreateVmTests.CameraCreateVm_DirectionSync_ShouldWorkForAllDirections(direction: NE, expectedDegrees: 45)" computerName="runnervmf4ws1" duration="00:00:00.0000056" startTime="2025-09-10T21:36:37.8098445+00:00" endTime="2025-09-10T21:36:37.8098445+00:00" testType="13cdc9d9-ddb5-4fa4-a97d-d965ccfc6d4b" outcome="Passed" testListId="8c84fa94-04c1-424b-9868-57a2d4851a1d" relativeResultsDirectory="03383fe5-22cd-421a-a57b-f4873a35f151" />
    <UnitTestResult executionId="f0cd6885-b73d-4e78-87e5-a28b922ffd76" testId="d6582cc4-f5d7-7ddd-419a-8856fe5530f3" testName="BuckScience.Tests.TaggingSystemTests.AssignDefaultTagsToProperty_ShouldAssignOnlyDefaultTags" computerName="runnervmf4ws1" duration="00:00:00.0169307" startTime="2025-09-10T21:36:37.4271592+00:00" endTime="2025-09-10T21:36:37.4271594+00:00" testType="13cdc9d9-ddb5-4fa4-a97d-d965ccfc6d4b" outcome="Passed" testListId="8c84fa94-04c1-424b-9868-57a2d4851a1d" relativeResultsDirectory="f0cd6885-b73d-4e78-87e5-a28b922ffd76" />
    <UnitTestResult executionId="7ec734a8-4e73-4d36-b3a4-5549bc074171" testId="e6069ec8-dd96-68b5-2039-b29d0b89d8eb" testName="BuckScience.Tests.Domain.PropertyFeatureTests.UpdateWeight_WithInvalidWeight_ThrowsArgumentOutOfRangeException(weight: 1.5)" computerName="runnervmf4ws1" duration="00:00:00.0002977" startTime="2025-09-10T21:36:37.7893771+00:00" endTime="2025-09-10T21:36:37.7893773+00:00" testType="13cdc9d9-ddb5-4fa4-a97d-d965ccfc6d4b" outcome="Passed" testListId="8c84fa94-04c1-424b-9868-57a2d4851a1d" relativeResultsDirectory="7ec734a8-4e73-4d36-b3a4-5549bc074171" />
    <UnitTestResult executionId="218bfd9f-1b55-4c6c-9093-ea2ac7d1a0cc" testId="7c2d9e42-a64f-2cb9-82f9-1e417facca20" testName="BuckScience.Tests.Application.SeasonMonthMappingServiceTests.GetMonthsForPropertyAsync_WithoutOverrides_ReturnsCorrectDefaults(season: PostRut, expectedMonths: [12])" computerName="runnervmf4ws1" duration="00:00:00.0007332" startTime="2025-09-10T21:36:37.3896605+00:00" endTime="2025-09-10T21:36:37.3896606+00:00" testType="13cdc9d9-ddb5-4fa4-a97d-d965ccfc6d4b" outcome="Passed" testListId="8c84fa94-04c1-424b-9868-57a2d4851a1d" relativeResultsDirectory="218bfd9f-1b55-4c6c-9093-ea2ac7d1a0cc" />
    <UnitTestResult executionId="5ae764c0-04ea-438d-b334-5052bebe9553" testId="237f5a59-e781-9088-3a51-e29d89420089" testName="BuckScience.Tests.Application.FeatureWeights.UpdateFeatureWeightsTests.UpdateFeatureWeights_SendingCurrentUserWeightValue_DoesNotTriggerCustomFlag" computerName="runnervmf4ws1" duration="00:00:00.0258310" startTime="2025-09-10T21:36:37.5171443+00:00" endTime="2025-09-10T21:36:37.5171445+00:00" testType="13cdc9d9-ddb5-4fa4-a97d-d965ccfc6d4b" outcome="Passed" testListId="8c84fa94-04c1-424b-9868-57a2d4851a1d" relativeResultsDirectory="5ae764c0-04ea-438d-b334-5052bebe9553" />
    <UnitTestResult executionId="ec3a25ab-9352-4be2-8478-21291bdffd01" testId="5258a2d0-41cb-c3df-1e8f-eff8f92d5e7f" testName="BuckScience.Tests.Web.Helpers.WeatherHelpersTests.ConvertWindDirectionTextToNumeric_InvalidText_ReturnsNull(direction: &quot;Invalid&quot;)" computerName="runnervmf4ws1" duration="00:00:00.0000080" startTime="2025-09-10T21:36:37.8068523+00:00" endTime="2025-09-10T21:36:37.8068524+00:00" testType="13cdc9d9-ddb5-4fa4-a97d-d965ccfc6d4b" outcome="Passed" testListId="8c84fa94-04c1-424b-9868-57a2d4851a1d" relativeResultsDirectory="ec3a25ab-9352-4be2-8478-21291bdffd01" />
    <UnitTestResult executionId="88600183-05b3-480a-804c-7976705c1194" testId="517f9dbf-42b8-6c68-c79b-d5d973668018" testName="BuckScience.Tests.CameraCreateVmTests.CameraCreateVm_DirectionSync_ShouldWorkForAllDirections(direction: N, expectedDegrees: 0)" computerName="runnervmf4ws1" duration="00:00:00.0005897" startTime="2025-09-10T21:36:37.8060027+00:00" endTime="2025-09-10T21:36:37.8060028+00:00" testType="13cdc9d9-ddb5-4fa4-a97d-d965ccfc6d4b" outcome="Passed" testListId="8c84fa94-04c1-424b-9868-57a2d4851a1d" relativeResultsDirectory="88600183-05b3-480a-804c-7976705c1194" />
    <UnitTestResult executionId="22d0ff4e-b774-48f3-84b8-a5a7c9d7e90d" testId="0161b4d2-48af-5756-816a-41884dcebe59" testName="BuckScience.Tests.Domain.PropertyFeatureTests.Constructor_WithWeight_SetsWeightCorrectly" computerName="runnervmf4ws1" duration="00:00:00.0001990" startTime="2025-09-10T21:36:37.7914284+00:00" endTime="2025-09-10T21:36:37.7914285+00:00" testType="13cdc9d9-ddb5-4fa4-a97d-d965ccfc6d4b" outcome="Passed" testListId="8c84fa94-04c1-424b-9868-57a2d4851a1d" relativeResultsDirectory="22d0ff4e-b774-48f3-84b8-a5a7c9d7e90d" />
    <UnitTestResult executionId="f99244eb-a464-403b-bb9d-6480b48b9182" testId="eb717265-8ce6-9ca5-299a-76e8f4608ecc" testName="BuckScience.Tests.CameraEditVmTests.CameraEditVm_DefaultValues_ShouldBeCorrect" computerName="runnervmf4ws1" duration="00:00:00.0003512" startTime="2025-09-10T21:36:37.6947280+00:00" endTime="2025-09-10T21:36:37.6947281+00:00" testType="13cdc9d9-ddb5-4fa4-a97d-d965ccfc6d4b" outcome="Passed" testListId="8c84fa94-04c1-424b-9868-57a2d4851a1d" relativeResultsDirectory="f99244eb-a464-403b-bb9d-6480b48b9182" />
    <UnitTestResult executionId="c0f2ca9d-df2c-44b4-8a40-03d4e740fd81" testId="13b70763-63fd-f0df-582a-0fb307fcad59" testName="BuckScience.Tests.PhotoFiltersTests.PhotoFilters_AllWeatherRangeFiltersWork" computerName="runnervmf4ws1" duration="00:00:00.0012846" startTime="2025-09-10T21:36:37.4551912+00:00" endTime="2025-09-10T21:36:37.4551912+00:00" testType="13cdc9d9-ddb5-4fa4-a97d-d965ccfc6d4b" outcome="Passed" testListId="8c84fa94-04c1-424b-9868-57a2d4851a1d" relativeResultsDirectory="c0f2ca9d-df2c-44b4-8a40-03d4e740fd81" />
    <UnitTestResult executionId="0a344c77-a5a0-403e-a9b5-1f6a1be4070d" testId="615647ea-1f6e-f46b-032e-269c67342efc" testName="BuckScience.Tests.Domain.MonthsAttributeTests.MonthsAttribute_Constructor_WithSingleMonth_SetsMonthCorrectly" computerName="runnervmf4ws1" duration="00:00:00.0002038" startTime="2025-09-10T21:36:37.5002178+00:00" endTime="2025-09-10T21:36:37.5002179+00:00" testType="13cdc9d9-ddb5-4fa4-a97d-d965ccfc6d4b" outcome="Passed" testListId="8c84fa94-04c1-424b-9868-57a2d4851a1d" relativeResultsDirectory="0a344c77-a5a0-403e-a9b5-1f6a1be4070d" />
    <UnitTestResult executionId="d85e6c9d-9a21-4f47-9850-2d01d331ea45" testId="57fdcf56-cdf1-9f39-baba-1b1c695971d5" testName="BuckScience.Tests.Web.Helpers.WeatherHelpersTests.ConvertWindDirectionTextToNumeric_CaseInsensitive_Works" computerName="runnervmf4ws1" duration="00:00:00.0002892" startTime="2025-09-10T21:36:37.8230110+00:00" endTime="2025-09-10T21:36:37.8230111+00:00" testType="13cdc9d9-ddb5-4fa4-a97d-d965ccfc6d4b" outcome="Passed" testListId="8c84fa94-04c1-424b-9868-57a2d4851a1d" relativeResultsDirectory="d85e6c9d-9a21-4f47-9850-2d01d331ea45" />
    <UnitTestResult executionId="b4d1aa44-2ecd-4500-bc5e-152d034f15f6" testId="77c94a3a-bf51-e754-8b05-8ef3b5f32220" testName="BuckScience.Tests.DirectionHelperTests.FromFloat_ShouldReturnCorrectDirection(degrees: 270, expectedDirection: W)" computerName="runnervmf4ws1" duration="00:00:00.0000038" startTime="2025-09-10T21:36:37.6515610+00:00" endTime="2025-09-10T21:36:37.6515612+00:00" testType="13cdc9d9-ddb5-4fa4-a97d-d965ccfc6d4b" outcome="Passed" testListId="8c84fa94-04c1-424b-9868-57a2d4851a1d" relativeResultsDirectory="b4d1aa44-2ecd-4500-bc5e-152d034f15f6" />
    <UnitTestResult executionId="1febd25d-02f1-4070-ab3c-bb1c2744f81a" testId="9e88128c-c893-0f4c-cf4f-ba4eb6951e77" testName="BuckScience.Tests.Domain.MonthsAttributeTests.MonthsAttribute_Constructor_WithAllMonths_SetsAllMonthsCorrectly" computerName="runnervmf4ws1" duration="00:00:00.0001909" startTime="2025-09-10T21:36:37.5005770+00:00" endTime="2025-09-10T21:36:37.5005771+00:00" testType="13cdc9d9-ddb5-4fa4-a97d-d965ccfc6d4b" outcome="Passed" testListId="8c84fa94-04c1-424b-9868-57a2d4851a1d" relativeResultsDirectory="1febd25d-02f1-4070-ab3c-bb1c2744f81a" />
    <UnitTestResult executionId="a4ac7b81-786b-42cf-9b71-de380f9ee10c" testId="fb1e59a0-19c5-d0be-0d94-4bf533d92746" testName="BuckScience.Tests.FeatureHelperTests.GetCategory_ShouldReturnCorrectCategoryForWaterResources" computerName="runnervmf4ws1" duration="00:00:00.0001440" startTime="2025-09-10T21:36:37.6869899+00:00" endTime="2025-09-10T21:36:37.6869900+00:00" testType="13cdc9d9-ddb5-4fa4-a97d-d965ccfc6d4b" outcome="Passed" testListId="8c84fa94-04c1-424b-9868-57a2d4851a1d" relativeResultsDirectory="a4ac7b81-786b-42cf-9b71-de380f9ee10c" />
    <UnitTestResult executionId="04fb1a9e-ed26-49c3-9a0d-0a321b933415" testId="54dac1bc-0f72-9d60-bad7-07e4a0566a24" testName="BuckScience.Tests.CameraPlacementHistoryTests.Camera_Move_ShouldEndCurrentPlacementAndCreateNew" computerName="runnervmf4ws1" duration="00:00:00.0011195" startTime="2025-09-10T21:36:37.4710878+00:00" endTime="2025-09-10T21:36:37.4710879+00:00" testType="13cdc9d9-ddb5-4fa4-a97d-d965ccfc6d4b" outcome="Passed" testListId="8c84fa94-04c1-424b-9868-57a2d4851a1d" relativeResultsDirectory="04fb1a9e-ed26-49c3-9a0d-0a321b933415" />
    <UnitTestResult executionId="f0bc3d6d-f78f-4dac-b0a3-e2e245bcdbfc" testId="19df813d-aa7e-5539-ce76-ba8a68683016" testName="BuckScience.Tests.Application.Profiles.ProfileCrudTests.GetProfile_ValidId_ReturnsProfile" computerName="runnervmf4ws1" duration="00:00:00.0505264" startTime="2025-09-10T21:36:37.6863251+00:00" endTime="2025-09-10T21:36:37.6863252+00:00" testType="13cdc9d9-ddb5-4fa4-a97d-d965ccfc6d4b" outcome="Passed" testListId="8c84fa94-04c1-424b-9868-57a2d4851a1d" relativeResultsDirectory="f0bc3d6d-f78f-4dac-b0a3-e2e245bcdbfc" />
    <UnitTestResult executionId="20b3f260-e9c4-4b28-a695-5a0bdf956c5c" testId="2e93bee1-fb36-0850-7490-5577524da5c2" testName="BuckScience.Tests.Domain.PropertySeasonMonthsOverrideTests.PropertySeasonMonthsOverride_Constructor_WithInvalidMonths_ThrowsArgumentOutOfRangeException(invalidMonths: [0])" computerName="runnervmf4ws1" duration="00:00:00.0000668" startTime="2025-09-10T21:36:36.5240797+00:00" endTime="2025-09-10T21:36:36.5240798+00:00" testType="13cdc9d9-ddb5-4fa4-a97d-d965ccfc6d4b" outcome="Passed" testListId="8c84fa94-04c1-424b-9868-57a2d4851a1d" relativeResultsDirectory="20b3f260-e9c4-4b28-a695-5a0bdf956c5c" />
    <UnitTestResult executionId="5c3009fb-4f21-4c5a-bdf0-e2a6a308dc0c" testId="407fdbb6-f29a-a8a2-0277-cd698b7b57a7" testName="BuckScience.Tests.PhotoFilteringIntegrationTests.BuildFilters_WithConditions_ReturnsFiltersWithConditions" computerName="runnervmf4ws1" duration="00:00:00.0009333" startTime="2025-09-10T21:36:37.4967555+00:00" endTime="2025-09-10T21:36:37.4967556+00:00" testType="13cdc9d9-ddb5-4fa4-a97d-d965ccfc6d4b" outcome="Passed" testListId="8c84fa94-04c1-424b-9868-57a2d4851a1d" relativeResultsDirectory="5c3009fb-4f21-4c5a-bdf0-e2a6a308dc0c" />
    <UnitTestResult executionId="578c73db-681b-48a5-aaa4-955f0c7c05b0" testId="ddd7ef0f-f8d8-3f23-14c1-c969cc917d3a" testName="BuckScience.Tests.TaggingRequirementsTests.Requirement2_NewTagCreation_ShouldBeSupported" computerName="runnervmf4ws1" duration="00:00:00.0152249" startTime="2025-09-10T21:36:37.6854392+00:00" endTime="2025-09-10T21:36:37.6854393+00:00" testType="13cdc9d9-ddb5-4fa4-a97d-d965ccfc6d4b" outcome="Passed" testListId="8c84fa94-04c1-424b-9868-57a2d4851a1d" relativeResultsDirectory="578c73db-681b-48a5-aaa4-955f0c7c05b0" />
    <UnitTestResult executionId="1b946e94-063a-45e3-bf5a-6c13f434b317" testId="63390816-73a6-312f-e706-2ca3dfa39f0e" testName="BuckScience.Tests.Web.Helpers.WeatherHelpersTests.ConvertWindDirectionTextToNumeric_ValidDirections_ReturnsCorrectDegrees(direction: &quot;W&quot;, expected: 270)" computerName="runnervmf4ws1" duration="00:00:00.0000093" startTime="2025-09-10T21:36:37.8172720+00:00" endTime="2025-09-10T21:36:37.8172720+00:00" testType="13cdc9d9-ddb5-4fa4-a97d-d965ccfc6d4b" outcome="Passed" testListId="8c84fa94-04c1-424b-9868-57a2d4851a1d" relativeResultsDirectory="1b946e94-063a-45e3-bf5a-6c13f434b317" />
    <UnitTestResult executionId="d5908a66-581b-4c6f-b8d4-fd2aca999cc1" testId="8dc17fe0-66a4-6cf2-3749-0f755c367e4d" testName="BuckScience.Tests.Web.Helpers.WeatherHelpersTests.GetWindDirectionOptions_WithEmptyAvailable_AllUnavailable" computerName="runnervmf4ws1" duration="00:00:00.0003142" startTime="2025-09-10T21:36:37.8231321+00:00" endTime="2025-09-10T21:36:37.8231322+00:00" testType="13cdc9d9-ddb5-4fa4-a97d-d965ccfc6d4b" outcome="Passed" testListId="8c84fa94-04c1-424b-9868-57a2d4851a1d" relativeResultsDirectory="d5908a66-581b-4c6f-b8d4-fd2aca999cc1" />
    <UnitTestResult executionId="fb38612a-b13a-48b7-a5c7-66bb2ff6ad6f" testId="23376aab-8018-81b3-8b3c-57bc8b0141ed" testName="BuckScience.Tests.Application.Profiles.ProfileCrudTests.UpdateProfile_ValidData_UpdatesProfile" computerName="runnervmf4ws1" duration="00:00:00.0277599" startTime="2025-09-10T21:36:37.6349841+00:00" endTime="2025-09-10T21:36:37.6349842+00:00" testType="13cdc9d9-ddb5-4fa4-a97d-d965ccfc6d4b" outcome="Passed" testListId="8c84fa94-04c1-424b-9868-57a2d4851a1d" relativeResultsDirectory="fb38612a-b13a-48b7-a5c7-66bb2ff6ad6f" />
    <UnitTestResult executionId="c6e1e5fe-4d55-4792-a744-fe3fddc2e0d9" testId="aef446e3-f136-0d0b-1c4f-72b145e6d953" testName="BuckScience.Tests.DirectionHelperTests.FromFloat_ShouldFindClosestDirection(degrees: 365, expectedDirection: N)" computerName="runnervmf4ws1" duration="00:00:00.0003410" startTime="2025-09-10T21:36:37.6555760+00:00" endTime="2025-09-10T21:36:37.6555761+00:00" testType="13cdc9d9-ddb5-4fa4-a97d-d965ccfc6d4b" outcome="Passed" testListId="8c84fa94-04c1-424b-9868-57a2d4851a1d" relativeResultsDirectory="c6e1e5fe-4d55-4792-a744-fe3fddc2e0d9" />
    <UnitTestResult executionId="d0547d25-5246-42b3-b2e8-8f426d34bbeb" testId="7882d79f-7e75-7cd0-3f6e-4fc087cc8ade" testName="BuckScience.Tests.DirectionHelperTests.ToFloat_ShouldReturnCorrectDegrees(direction: N, expectedDegrees: 0)" computerName="runnervmf4ws1" duration="00:00:00.0000100" startTime="2025-09-10T21:36:37.6552102+00:00" endTime="2025-09-10T21:36:37.6552103+00:00" testType="13cdc9d9-ddb5-4fa4-a97d-d965ccfc6d4b" outcome="Passed" testListId="8c84fa94-04c1-424b-9868-57a2d4851a1d" relativeResultsDirectory="d0547d25-5246-42b3-b2e8-8f426d34bbeb" />
    <UnitTestResult executionId="42e3f316-f840-4226-8136-af7493a1281c" testId="531c078f-331c-97b0-43b5-206453bfc074" testName="BuckScience.Tests.Domain.FeatureWeightTests.FeatureWeightHelper_GetDisplayName_ReturnsReadableNames" computerName="runnervmf4ws1" duration="00:00:00.0016280" startTime="2025-09-10T21:36:37.8232774+00:00" endTime="2025-09-10T21:36:37.8232775+00:00" testType="13cdc9d9-ddb5-4fa4-a97d-d965ccfc6d4b" outcome="Passed" testListId="8c84fa94-04c1-424b-9868-57a2d4851a1d" relativeResultsDirectory="42e3f316-f840-4226-8136-af7493a1281c" />
    <UnitTestResult executionId="f0eb6d28-b3da-4b4d-bd30-c619fa386946" testId="4018bd47-d5cd-e85a-b6de-7760e129dafa" testName="BuckScience.Tests.Web.Helpers.WeatherHelpersTests.ConvertWindDirectionToText_VariousAngles_ReturnsCorrectDirection(degrees: 180, expected: &quot;S&quot;)" computerName="runnervmf4ws1" duration="00:00:00.0000077" startTime="2025-09-10T21:36:37.8100224+00:00" endTime="2025-09-10T21:36:37.8100225+00:00" testType="13cdc9d9-ddb5-4fa4-a97d-d965ccfc6d4b" outcome="Passed" testListId="8c84fa94-04c1-424b-9868-57a2d4851a1d" relativeResultsDirectory="f0eb6d28-b3da-4b4d-bd30-c619fa386946" />
    <UnitTestResult executionId="ab1eb72e-ed1f-470c-aed3-0dd48d7df695" testId="4e68cf9a-2a3a-1e07-4a4f-0cf27d8d2bbb" testName="BuckScience.Tests.FeatureHelperTests.GetCategoryName_ShouldReturnCorrectCategoryNames" computerName="runnervmf4ws1" duration="00:00:00.0016363" startTime="2025-09-10T21:36:37.6836088+00:00" endTime="2025-09-10T21:36:37.6836089+00:00" testType="13cdc9d9-ddb5-4fa4-a97d-d965ccfc6d4b" outcome="Passed" testListId="8c84fa94-04c1-424b-9868-57a2d4851a1d" relativeResultsDirectory="ab1eb72e-ed1f-470c-aed3-0dd48d7df695" />
    <UnitTestResult executionId="7a961e81-e693-4f62-a09f-5c5e7c0fa1b3" testId="088d383f-5fbc-e375-2326-3e321a2adf4f" testName="BuckScience.Tests.TaggingRequirementsTests.Requirement2_TagUniqueness_ShouldBeEnforced" computerName="runnervmf4ws1" duration="00:00:00.0515790" startTime="2025-09-10T21:36:37.3996029+00:00" endTime="2025-09-10T21:36:37.3996030+00:00" testType="13cdc9d9-ddb5-4fa4-a97d-d965ccfc6d4b" outcome="Passed" testListId="8c84fa94-04c1-424b-9868-57a2d4851a1d" relativeResultsDirectory="7a961e81-e693-4f62-a09f-5c5e7c0fa1b3" />
    <UnitTestResult executionId="0355bb8d-db2e-4ec4-a1fe-7e75749333ac" testId="d9d0929f-95f9-5181-aa9b-10571d330d53" testName="BuckScience.Tests.PropertyTagUpdateTest.TaggingPhoto_ShouldUpdatePropertyTags" computerName="runnervmf4ws1" duration="00:00:00.0569038" startTime="2025-09-10T21:36:37.7493511+00:00" endTime="2025-09-10T21:36:37.7493512+00:00" testType="13cdc9d9-ddb5-4fa4-a97d-d965ccfc6d4b" outcome="Passed" testListId="8c84fa94-04c1-424b-9868-57a2d4851a1d" relativeResultsDirectory="0355bb8d-db2e-4ec4-a1fe-7e75749333ac" />
    <UnitTestResult executionId="3cdaa778-cb2b-4124-9a8b-00c851d6cdd5" testId="b14ae956-297a-f056-fdd7-ca8f9b76076f" testName="BuckScience.Tests.PhotoFilteringUrlExamples.BuildFilters_CameraParameters_ShouldParseCorrectly(cameras: &quot;1,2,3&quot;, expectedCameras: [1, 2, 3])" computerName="runnervmf4ws1" duration="00:00:00.0011613" startTime="2025-09-10T21:36:37.8186867+00:00" endTime="2025-09-10T21:36:37.8186868+00:00" testType="13cdc9d9-ddb5-4fa4-a97d-d965ccfc6d4b" outcome="Passed" testListId="8c84fa94-04c1-424b-9868-57a2d4851a1d" relativeResultsDirectory="3cdaa778-cb2b-4124-9a8b-00c851d6cdd5" />
    <UnitTestResult executionId="3e641077-465a-468a-8ebb-7730f5294e4a" testId="22d4e883-d516-a3c1-91a6-c6ccca686050" testName="BuckScience.Tests.Web.Helpers.WeatherHelpersTests.ConvertMoonPhaseToText_VariousValues_ReturnsCorrectText(phase: 0.84999999999999998, expected: &quot;Waning Crescent&quot;)" computerName="runnervmf4ws1" duration="00:00:00.0002192" startTime="2025-09-10T21:36:37.8046821+00:00" endTime="2025-09-10T21:36:37.8046822+00:00" testType="13cdc9d9-ddb5-4fa4-a97d-d965ccfc6d4b" outcome="Passed" testListId="8c84fa94-04c1-424b-9868-57a2d4851a1d" relativeResultsDirectory="3e641077-465a-468a-8ebb-7730f5294e4a" />
    <UnitTestResult executionId="e305a377-f873-4d83-90e7-119fcf36de74" testId="5d068b70-09ca-86be-04bc-7a667c7e0484" testName="BuckScience.Tests.Domain.PropertyFeatureTests.Constructor_WithNullWeight_SetsWeightToNull" computerName="runnervmf4ws1" duration="00:00:00.0002651" startTime="2025-09-10T21:36:37.7922543+00:00" endTime="2025-09-10T21:36:37.7922543+00:00" testType="13cdc9d9-ddb5-4fa4-a97d-d965ccfc6d4b" outcome="Passed" testListId="8c84fa94-04c1-424b-9868-57a2d4851a1d" relativeResultsDirectory="e305a377-f873-4d83-90e7-119fcf36de74" />
    <UnitTestResult executionId="6d2452df-3c3e-4f57-9d28-bbfb413a5fe3" testId="5c61d628-c74f-c8f0-779e-82c0c2dc77df" testName="BuckScience.Tests.Web.Helpers.WeatherHelpersTests.ConvertWindDirectionTextToNumeric_ValidDirections_ReturnsCorrectDegrees(direction: &quot;N&quot;, expected: 0)" computerName="runnervmf4ws1" duration="00:00:00.0000066" startTime="2025-09-10T21:36:37.8184298+00:00" endTime="2025-09-10T21:36:37.8184299+00:00" testType="13cdc9d9-ddb5-4fa4-a97d-d965ccfc6d4b" outcome="Passed" testListId="8c84fa94-04c1-424b-9868-57a2d4851a1d" relativeResultsDirectory="6d2452df-3c3e-4f57-9d28-bbfb413a5fe3" />
    <UnitTestResult executionId="92775941-14db-4cd3-b599-e6f890a0ad2e" testId="e59f6969-24d1-ee70-57fe-d99344040a63" testName="BuckScience.Tests.DirectionHelperTests.ToFloat_ShouldReturnCorrectDegrees(direction: W, expectedDegrees: 270)" computerName="runnervmf4ws1" duration="00:00:00.0000039" startTime="2025-09-10T21:36:37.6552776+00:00" endTime="2025-09-10T21:36:37.6552776+00:00" testType="13cdc9d9-ddb5-4fa4-a97d-d965ccfc6d4b" outcome="Passed" testListId="8c84fa94-04c1-424b-9868-57a2d4851a1d" relativeResultsDirectory="92775941-14db-4cd3-b599-e6f890a0ad2e" />
    <UnitTestResult executionId="bd663e4a-734c-4712-9e12-2beed3906a50" testId="7d1b1cf4-8561-5b1e-3cb0-e9438583a7c7" testName="BuckScience.Tests.PhotoGroupingTests.PhotoGrouping_ShouldGroupByMonthYear" computerName="runnervmf4ws1" duration="00:00:00.0006298" startTime="2025-09-10T21:36:37.7045329+00:00" endTime="2025-09-10T21:36:37.7045330+00:00" testType="13cdc9d9-ddb5-4fa4-a97d-d965ccfc6d4b" outcome="Passed" testListId="8c84fa94-04c1-424b-9868-57a2d4851a1d" relativeResultsDirectory="bd663e4a-734c-4712-9e12-2beed3906a50" />
    <UnitTestResult executionId="4790cd26-0c6c-48de-b6fd-4a1f5e71da9a" testId="973ec4a4-75bf-519b-ad67-04ada4756976" testName="BuckScience.Tests.DirectionHelperTests.FromFloat_ShouldFindClosestDirection(degrees: 22, expectedDirection: N)" computerName="runnervmf4ws1" duration="00:00:00.0001631" startTime="2025-09-10T21:36:37.6555168+00:00" endTime="2025-09-10T21:36:37.6555169+00:00" testType="13cdc9d9-ddb5-4fa4-a97d-d965ccfc6d4b" outcome="Passed" testListId="8c84fa94-04c1-424b-9868-57a2d4851a1d" relativeResultsDirectory="4790cd26-0c6c-48de-b6fd-4a1f5e71da9a" />
    <UnitTestResult executionId="2cc33a7d-7687-4dff-a54e-d5a31d132f55" testId="d158f051-212f-d40f-0819-bf99fbd314c0" testName="BuckScience.Tests.Web.Helpers.WeatherHelpersTests.ConvertWindDirectionToText_VariousAngles_ReturnsCorrectDirection(degrees: 0, expected: &quot;N&quot;)" computerName="runnervmf4ws1" duration="00:00:00.0000023" startTime="2025-09-10T21:36:37.8117661+00:00" endTime="2025-09-10T21:36:37.8117662+00:00" testType="13cdc9d9-ddb5-4fa4-a97d-d965ccfc6d4b" outcome="Passed" testListId="8c84fa94-04c1-424b-9868-57a2d4851a1d" relativeResultsDirectory="2cc33a7d-7687-4dff-a54e-d5a31d132f55" />
    <UnitTestResult executionId="3ca91c59-1495-4f41-9157-7aa7974facb1" testId="8c9fb467-c9d9-e4ca-cb2a-8456e527af16" testName="BuckScience.Tests.Domain.SeasonExtensionsTests.GetMonthsForProperty_WithProperty_ReturnsDefaultMonths" computerName="runnervmf4ws1" duration="00:00:00.0003461" startTime="2025-09-10T21:36:37.6994156+00:00" endTime="2025-09-10T21:36:37.6994156+00:00" testType="13cdc9d9-ddb5-4fa4-a97d-d965ccfc6d4b" outcome="Passed" testListId="8c84fa94-04c1-424b-9868-57a2d4851a1d" relativeResultsDirectory="3ca91c59-1495-4f41-9157-7aa7974facb1" />
    <UnitTestResult executionId="004db3b5-e044-4eae-80f1-9d2b0795bbef" testId="1da9127c-d651-72aa-5a84-7cfe9f562b5c" testName="BuckScience.Tests.Domain.PropertySeasonMonthsOverrideTests.PropertySeasonMonthsOverride_Constructor_WithInvalidPropertyId_ThrowsArgumentOutOfRangeException(invalidPropertyId: -100)" computerName="runnervmf4ws1" duration="00:00:00.0002385" startTime="2025-09-10T21:36:36.4422664+00:00" endTime="2025-09-10T21:36:36.4422665+00:00" testType="13cdc9d9-ddb5-4fa4-a97d-d965ccfc6d4b" outcome="Passed" testListId="8c84fa94-04c1-424b-9868-57a2d4851a1d" relativeResultsDirectory="004db3b5-e044-4eae-80f1-9d2b0795bbef" />
    <UnitTestResult executionId="23701e2c-86b5-4023-8ccf-9af07aadc69e" testId="8bb24e9f-b033-fdc0-7830-bccb21534250" testName="BuckScience.Tests.DirectionHelperTests.GetAllDirections_ShouldReturnAllDirectionsWithCorrectData" computerName="runnervmf4ws1" duration="00:00:00.0084727" startTime="2025-09-10T21:36:37.6653253+00:00" endTime="2025-09-10T21:36:37.6653254+00:00" testType="13cdc9d9-ddb5-4fa4-a97d-d965ccfc6d4b" outcome="Passed" testListId="8c84fa94-04c1-424b-9868-57a2d4851a1d" relativeResultsDirectory="23701e2c-86b5-4023-8ccf-9af07aadc69e" />
    <UnitTestResult executionId="ebcb806c-a23a-42ab-9a12-c7423cfc2336" testId="d6776beb-14db-e4df-c8a3-8f90548062bb" testName="BuckScience.Tests.Domain.FeatureWeightTests.FeatureWeight_SetSeasonalWeights_SetsIsCustomToTrue" computerName="runnervmf4ws1" duration="00:00:00.0001458" startTime="2025-09-10T21:36:37.8285700+00:00" endTime="2025-09-10T21:36:37.8285701+00:00" testType="13cdc9d9-ddb5-4fa4-a97d-d965ccfc6d4b" outcome="Passed" testListId="8c84fa94-04c1-424b-9868-57a2d4851a1d" relativeResultsDirectory="ebcb806c-a23a-42ab-9a12-c7423cfc2336" />
    <UnitTestResult executionId="bd8db602-10e1-46b7-948f-81f43cd635fc" testId="4949997c-46c8-3183-1501-b1267871bfcf" testName="BuckScience.Tests.DirectionHelperTests.FromFloat_ShouldReturnCorrectDirection(degrees: 0, expectedDirection: N)" computerName="runnervmf4ws1" duration="00:00:00.0000041" startTime="2025-09-10T21:36:37.6516258+00:00" endTime="2025-09-10T21:36:37.6516259+00:00" testType="13cdc9d9-ddb5-4fa4-a97d-d965ccfc6d4b" outcome="Passed" testListId="8c84fa94-04c1-424b-9868-57a2d4851a1d" relativeResultsDirectory="bd8db602-10e1-46b7-948f-81f43cd635fc" />
    <UnitTestResult executionId="d0b008fa-14a4-4da5-a4dc-a7d0fec06716" testId="0df754ab-3374-deab-a269-326e3752e38a" testName="BuckScience.Tests.Domain.FeatureWeightTests.FeatureWeightHelper_GetCategory_ReturnsCorrectCategory(type: BeddingArea, expectedCategory: ResourceBedding)" computerName="runnervmf4ws1" duration="00:00:00.0003463" startTime="2025-09-10T21:36:37.8196378+00:00" endTime="2025-09-10T21:36:37.8196379+00:00" testType="13cdc9d9-ddb5-4fa4-a97d-d965ccfc6d4b" outcome="Passed" testListId="8c84fa94-04c1-424b-9868-57a2d4851a1d" relativeResultsDirectory="d0b008fa-14a4-4da5-a4dc-a7d0fec06716" />
    <UnitTestResult executionId="68a79e04-abd7-4c21-b16e-e0af245bb8f4" testId="ec065801-9998-c7ce-5285-3fe14e38cdac" testName="BuckScience.Tests.Web.Helpers.WeatherHelpersTests.ConvertWindDirectionTextToNumeric_InvalidText_ReturnsNull(direction: &quot;   &quot;)" computerName="runnervmf4ws1" duration="00:00:00.0006623" startTime="2025-09-10T21:36:37.8060486+00:00" endTime="2025-09-10T21:36:37.8060487+00:00" testType="13cdc9d9-ddb5-4fa4-a97d-d965ccfc6d4b" outcome="Passed" testListId="8c84fa94-04c1-424b-9868-57a2d4851a1d" relativeResultsDirectory="68a79e04-abd7-4c21-b16e-e0af245bb8f4" />
    <UnitTestResult executionId="804e194b-96e8-4126-8aa2-bf98a7c2bbd9" testId="f36a8701-085e-04e9-1108-0b102bccb765" testName="BuckScience.Tests.Web.Helpers.WeatherHelpersTests.ConvertWindDirectionToText_RoundTrip_MaintainsAccuracy" computerName="runnervmf4ws1" duration="00:00:00.0004358" startTime="2025-09-10T21:36:37.8158142+00:00" endTime="2025-09-10T21:36:37.8158143+00:00" testType="13cdc9d9-ddb5-4fa4-a97d-d965ccfc6d4b" outcome="Passed" testListId="8c84fa94-04c1-424b-9868-57a2d4851a1d" relativeResultsDirectory="804e194b-96e8-4126-8aa2-bf98a7c2bbd9" />
    <UnitTestResult executionId="fd4abf1c-ca10-4fcd-beb8-3a909f258e01" testId="89a69faa-d4fe-30f7-2dd0-a490e26ff484" testName="BuckScience.Tests.Application.SeasonMonthMappingServiceTests.GetMonthsForPropertyAsync_WithoutOverrides_ReturnsCorrectDefaults(season: EarlySeason, expectedMonths: [9, 10])" computerName="runnervmf4ws1" duration="00:00:00.0007892" startTime="2025-09-10T21:36:37.3888564+00:00" endTime="2025-09-10T21:36:37.3888565+00:00" testType="13cdc9d9-ddb5-4fa4-a97d-d965ccfc6d4b" outcome="Passed" testListId="8c84fa94-04c1-424b-9868-57a2d4851a1d" relativeResultsDirectory="fd4abf1c-ca10-4fcd-beb8-3a909f258e01" />
    <UnitTestResult executionId="2edd9b8e-48ba-44ef-aff2-f65d9d6ad32e" testId="9b597749-8f28-5ece-3f0e-b5bb4e23820c" testName="BuckScience.Tests.FeatureHelperTests.FeatureIcons_ShouldContainAllClassificationTypes" computerName="runnervmf4ws1" duration="00:00:00.0004381" startTime="2025-09-10T21:36:37.6868559+00:00" endTime="2025-09-10T21:36:37.6868560+00:00" testType="13cdc9d9-ddb5-4fa4-a97d-d965ccfc6d4b" outcome="Passed" testListId="8c84fa94-04c1-424b-9868-57a2d4851a1d" relativeResultsDirectory="2edd9b8e-48ba-44ef-aff2-f65d9d6ad32e" />
    <UnitTestResult executionId="944b9bc0-5ba2-425e-8d07-61ff3f228b1e" testId="5a1b2923-7867-c9d7-9184-902164877e6b" testName="BuckScience.Tests.WeatherBatchProcessingTests.WeatherBatchProcessing_ShouldMinimizeApiCalls" computerName="runnervmf4ws1" duration="00:00:00.0034687" startTime="2025-09-10T21:36:37.7142705+00:00" endTime="2025-09-10T21:36:37.7142706+00:00" testType="13cdc9d9-ddb5-4fa4-a97d-d965ccfc6d4b" outcome="Passed" testListId="8c84fa94-04c1-424b-9868-57a2d4851a1d" relativeResultsDirectory="944b9bc0-5ba2-425e-8d07-61ff3f228b1e" />
    <UnitTestResult executionId="82b9d6ed-04a2-4b44-ab37-d603e0b381cf" testId="e65338ab-e9eb-2800-4922-6e2f693b11d4" testName="BuckScience.Tests.Application.FeatureWeights.UpdateFeatureWeightsTests.UpdateFeatureWeights_ResetToDefault_ClearsAllCustomizations" computerName="runnervmf4ws1" duration="00:00:00.0069687" startTime="2025-09-10T21:36:37.6099821+00:00" endTime="2025-09-10T21:36:37.6099823+00:00" testType="13cdc9d9-ddb5-4fa4-a97d-d965ccfc6d4b" outcome="Passed" testListId="8c84fa94-04c1-424b-9868-57a2d4851a1d" relativeResultsDirectory="82b9d6ed-04a2-4b44-ab37-d603e0b381cf" />
    <UnitTestResult executionId="f1f2bc2f-656e-4dc4-9890-78e0ccd4551d" testId="e79130f3-839b-5123-ac52-8ca3bb6ef8c5" testName="BuckScience.Tests.WeatherServiceTests.RoundCoordinates_ShouldRoundTo2DecimalPlaces" computerName="runnervmf4ws1" duration="00:00:00.0786646" startTime="2025-09-10T21:36:37.7825481+00:00" endTime="2025-09-10T21:36:37.7825482+00:00" testType="13cdc9d9-ddb5-4fa4-a97d-d965ccfc6d4b" outcome="Passed" testListId="8c84fa94-04c1-424b-9868-57a2d4851a1d" relativeResultsDirectory="f1f2bc2f-656e-4dc4-9890-78e0ccd4551d" />
    <UnitTestResult executionId="b312f99c-1a59-4835-8a0b-48732399f870" testId="fb8ea106-f542-3a06-bc35-d8f4e171c2a2" testName="BuckScience.Tests.Web.Helpers.WeatherHelpersTests.ConvertMoonPhaseTextToNumeric_ValidText_ReturnsCorrectValue(text: &quot;Waning Gibbous&quot;, expected: 0.625)" computerName="runnervmf4ws1" duration="00:00:00.0000085" startTime="2025-09-10T21:36:37.8210298+00:00" endTime="2025-09-10T21:36:37.8210298+00:00" testType="13cdc9d9-ddb5-4fa4-a97d-d965ccfc6d4b" outcome="Passed" testListId="8c84fa94-04c1-424b-9868-57a2d4851a1d" relativeResultsDirectory="b312f99c-1a59-4835-8a0b-48732399f870" />
    <UnitTestResult executionId="c60f614e-7213-4cfd-870e-80ae538d5a56" testId="3f9861f9-4bc2-45e4-3f18-99d7b31a3667" testName="BuckScience.Tests.Domain.FeatureWeightTests.FeatureWeight_SetSeasonalWeights_WithNullStaysCustomIfUserWeightDiffersFromDefault" computerName="runnervmf4ws1" duration="00:00:00.0002486" startTime="2025-09-10T21:36:37.8234139+00:00" endTime="2025-09-10T21:36:37.8234139+00:00" testType="13cdc9d9-ddb5-4fa4-a97d-d965ccfc6d4b" outcome="Passed" testListId="8c84fa94-04c1-424b-9868-57a2d4851a1d" relativeResultsDirectory="c60f614e-7213-4cfd-870e-80ae538d5a56" />
    <UnitTestResult executionId="37689c96-58d7-4bd0-ad7b-ff3a703b9a45" testId="a1855258-2f38-7695-fb75-dcfca8f4ee44" testName="BuckScience.Tests.PhotoFilteringIntegrationTests.BuildFilters_WithTemperatureRange_ReturnsFiltersWithTemperature" computerName="runnervmf4ws1" duration="00:00:00.0051564" startTime="2025-09-10T21:36:37.4935851+00:00" endTime="2025-09-10T21:36:37.4935852+00:00" testType="13cdc9d9-ddb5-4fa4-a97d-d965ccfc6d4b" outcome="Passed" testListId="8c84fa94-04c1-424b-9868-57a2d4851a1d" relativeResultsDirectory="37689c96-58d7-4bd0-ad7b-ff3a703b9a45" />
    <UnitTestResult executionId="fba02c11-7822-4977-9299-da43b52f1f9e" testId="c005721b-05db-8d7a-5eea-e90626721b80" testName="BuckScience.Tests.Web.Helpers.WeatherHelpersTests.ConvertWindDirectionTextToNumeric_ValidDirections_ReturnsCorrectDegrees(direction: &quot;SW&quot;, expected: 225)" computerName="runnervmf4ws1" duration="00:00:00.0000124" startTime="2025-09-10T21:36:37.8172068+00:00" endTime="2025-09-10T21:36:37.8172069+00:00" testType="13cdc9d9-ddb5-4fa4-a97d-d965ccfc6d4b" outcome="Passed" testListId="8c84fa94-04c1-424b-9868-57a2d4851a1d" relativeResultsDirectory="fba02c11-7822-4977-9299-da43b52f1f9e" />
    <UnitTestResult executionId="2bcc83b7-fe64-4119-8013-e10757e21447" testId="6219abff-caed-b73f-a3a3-a932c37fd5fb" testName="BuckScience.Tests.TaggingSystemTests.GetOrCreateTag_ShouldThrowException_WhenTagNameIsInvalid(invalidTagName: &quot;   &quot;)" computerName="runnervmf4ws1" duration="00:00:00.0001805" startTime="2025-09-10T21:36:37.4310095+00:00" endTime="2025-09-10T21:36:37.4310096+00:00" testType="13cdc9d9-ddb5-4fa4-a97d-d965ccfc6d4b" outcome="Passed" testListId="8c84fa94-04c1-424b-9868-57a2d4851a1d" relativeResultsDirectory="2bcc83b7-fe64-4119-8013-e10757e21447" />
    <UnitTestResult executionId="a15491d7-cd67-4278-90b0-c89e133f8b10" testId="57048c9f-2c1b-ae85-11e6-989795af7a80" testName="BuckScience.Tests.Domain.SeasonExtensionsTests.GetMonthsForProperty_WithNullProperty_ReturnsDefaultMonths" computerName="runnervmf4ws1" duration="00:00:00.0001652" startTime="2025-09-10T21:36:37.6994960+00:00" endTime="2025-09-10T21:36:37.6994961+00:00" testType="13cdc9d9-ddb5-4fa4-a97d-d965ccfc6d4b" outcome="Passed" testListId="8c84fa94-04c1-424b-9868-57a2d4851a1d" relativeResultsDirectory="a15491d7-cd67-4278-90b0-c89e133f8b10" />
    <UnitTestResult executionId="6e54a031-204a-4d41-a968-bcf8bca0dea6" testId="dd76f619-e962-2008-d0f8-a714bb3f5c46" testName="BuckScience.Tests.Web.Helpers.WeatherHelpersTests.GetWindDirectionOptions_WithNull_AllUnavailable" computerName="runnervmf4ws1" duration="00:00:00.0033806" startTime="2025-09-10T21:36:37.8039644+00:00" endTime="2025-09-10T21:36:37.8039645+00:00" testType="13cdc9d9-ddb5-4fa4-a97d-d965ccfc6d4b" outcome="Passed" testListId="8c84fa94-04c1-424b-9868-57a2d4851a1d" relativeResultsDirectory="6e54a031-204a-4d41-a968-bcf8bca0dea6" />
    <UnitTestResult executionId="fc55f294-fa52-4693-abb0-c7e89996c747" testId="8d702d1b-c14c-4dd0-cea5-aaa087d77d3f" testName="BuckScience.Tests.CameraEditVmTests.CameraEditVm_SyncSelectionFromDirection_ShouldFindClosestDirection" computerName="runnervmf4ws1" duration="00:00:00.0001395" startTime="2025-09-10T21:36:37.6923002+00:00" endTime="2025-09-10T21:36:37.6923003+00:00" testType="13cdc9d9-ddb5-4fa4-a97d-d965ccfc6d4b" outcome="Passed" testListId="8c84fa94-04c1-424b-9868-57a2d4851a1d" relativeResultsDirectory="fc55f294-fa52-4693-abb0-c7e89996c747" />
    <UnitTestResult executionId="036a4b6d-e246-45ae-84ca-6cc57fdee8a4" testId="a6b1c1b8-42d6-da05-0367-8e170c8545bb" testName="BuckScience.Tests.Domain.PropertyFeatureTests.Constructor_WithValidWeight_SetsWeightCorrectly(weight: 1)" computerName="runnervmf4ws1" duration="00:00:00.0002551" startTime="2025-09-10T21:36:37.7951605+00:00" endTime="2025-09-10T21:36:37.7951606+00:00" testType="13cdc9d9-ddb5-4fa4-a97d-d965ccfc6d4b" outcome="Passed" testListId="8c84fa94-04c1-424b-9868-57a2d4851a1d" relativeResultsDirectory="036a4b6d-e246-45ae-84ca-6cc57fdee8a4" />
    <UnitTestResult executionId="f37d9163-f70e-4608-8684-fe85057828f4" testId="ea3e05c1-5c7d-865c-be9d-8f2ae46de9bb" testName="BuckScience.Tests.Application.PropertyFeatureApplicationTests.CreatePropertyFeature_WithoutWeight_CreatesFeatureWithDefaultWeight" computerName="runnervmf4ws1" duration="00:00:00.0120318" startTime="2025-09-10T21:36:37.6525515+00:00" endTime="2025-09-10T21:36:37.6525516+00:00" testType="13cdc9d9-ddb5-4fa4-a97d-d965ccfc6d4b" outcome="Passed" testListId="8c84fa94-04c1-424b-9868-57a2d4851a1d" relativeResultsDirectory="f37d9163-f70e-4608-8684-fe85057828f4" />
    <UnitTestResult executionId="cb708138-fb52-4636-8b4d-22a7dbf731d4" testId="e4c14db6-7ddb-4f54-d632-50f949736205" testName="BuckScience.Tests.Domain.FeatureWeightTests.FeatureWeightHelper_GetCategory_ReturnsCorrectCategory(type: AgCropField, expectedCategory: ResourceFood)" computerName="runnervmf4ws1" duration="00:00:00.0000131" startTime="2025-09-10T21:36:37.8198120+00:00" endTime="2025-09-10T21:36:37.8198120+00:00" testType="13cdc9d9-ddb5-4fa4-a97d-d965ccfc6d4b" outcome="Passed" testListId="8c84fa94-04c1-424b-9868-57a2d4851a1d" relativeResultsDirectory="cb708138-fb52-4636-8b4d-22a7dbf731d4" />
    <UnitTestResult executionId="be681fe5-e896-4811-8077-533d6b4d18bf" testId="dca73a03-b0b0-9398-437e-9e75519b25e4" testName="BuckScience.Tests.CameraPlacementHistoryTests.CameraPlacementHistory_EndPlacement_ShouldThrowIfAlreadyEnded" computerName="runnervmf4ws1" duration="00:00:00.0006298" startTime="2025-09-10T21:36:37.4696438+00:00" endTime="2025-09-10T21:36:37.4696439+00:00" testType="13cdc9d9-ddb5-4fa4-a97d-d965ccfc6d4b" outcome="Passed" testListId="8c84fa94-04c1-424b-9868-57a2d4851a1d" relativeResultsDirectory="be681fe5-e896-4811-8077-533d6b4d18bf" />
    <UnitTestResult executionId="ed32275c-1c3a-4f56-8294-cfcb9833606a" testId="69b65817-cd82-0a96-5e68-ab587e27eb95" testName="BuckScience.Tests.PhotoFilteringUrlExamples.BuildFilters_UrlParameters_ShouldParseCorrectly(urlParams: &quot;tempMin=20&quot;, expectedTempMin: 20, expectedTempMax: null, expectedWindMin: null, expectedWindMax: null)" computerName="runnervmf4ws1" duration="00:00:00.0005827" startTime="2025-09-10T21:36:37.8196904+00:00" endTime="2025-09-10T21:36:37.8196905+00:00" testType="13cdc9d9-ddb5-4fa4-a97d-d965ccfc6d4b" outcome="Passed" testListId="8c84fa94-04c1-424b-9868-57a2d4851a1d" relativeResultsDirectory="ed32275c-1c3a-4f56-8294-cfcb9833606a" />
    <UnitTestResult executionId="99037d5d-5ae2-4bef-a780-256042ea65da" testId="b7a065c7-7a2e-0d14-6498-b30f746da816" testName="BuckScience.Tests.DirectionHelperTests.ToFloat_ShouldReturnCorrectDegrees(direction: E, expectedDegrees: 90)" computerName="runnervmf4ws1" duration="00:00:00.0012363" startTime="2025-09-10T21:36:37.6518539+00:00" endTime="2025-09-10T21:36:37.6518540+00:00" testType="13cdc9d9-ddb5-4fa4-a97d-d965ccfc6d4b" outcome="Passed" testListId="8c84fa94-04c1-424b-9868-57a2d4851a1d" relativeResultsDirectory="99037d5d-5ae2-4bef-a780-256042ea65da" />
    <UnitTestResult executionId="13a6a73b-53c4-496c-a5d0-571c3df48486" testId="c32ae7c7-19e6-4795-4595-b867002163f4" testName="BuckScience.Tests.TagCleanupTests.RemoveTagFromPhotos_ShouldNotRemoveDefaultTag_EvenWhenUnused" computerName="runnervmf4ws1" duration="00:00:00.0350763" startTime="2025-09-10T21:36:37.7353052+00:00" endTime="2025-09-10T21:36:37.7353053+00:00" testType="13cdc9d9-ddb5-4fa4-a97d-d965ccfc6d4b" outcome="Passed" testListId="8c84fa94-04c1-424b-9868-57a2d4851a1d" relativeResultsDirectory="13a6a73b-53c4-496c-a5d0-571c3df48486" />
    <UnitTestResult executionId="2f92804f-45c5-4a64-b07b-ecc50d243821" testId="d5e7318a-a156-7dde-f329-f35fdf925ffa" testName="BuckScience.Tests.Domain.PropertySeasonMonthsOverrideTests.PropertySeasonMonthsOverride_SetMonths_WithNullMonths_ClearsMonths" computerName="runnervmf4ws1" duration="00:00:00.0648402" startTime="2025-09-10T21:36:36.4960595+00:00" endTime="2025-09-10T21:36:36.4960602+00:00" testType="13cdc9d9-ddb5-4fa4-a97d-d965ccfc6d4b" outcome="Passed" testListId="8c84fa94-04c1-424b-9868-57a2d4851a1d" relativeResultsDirectory="2f92804f-45c5-4a64-b07b-ecc50d243821" />
    <UnitTestResult executionId="b5d59945-c090-42f0-b8f6-f5642dec98f4" testId="08260a64-8541-0630-0fbb-fef9aaa19f85" testName="BuckScience.Tests.Domain.PropertySeasonMonthsOverrideTests.PropertySeasonMonthsOverride_GetMonths_WithCorruptedJson_ReturnsNull" computerName="runnervmf4ws1" duration="00:00:00.0043486" startTime="2025-09-10T21:36:36.5331251+00:00" endTime="2025-09-10T21:36:36.5331253+00:00" testType="13cdc9d9-ddb5-4fa4-a97d-d965ccfc6d4b" outcome="Passed" testListId="8c84fa94-04c1-424b-9868-57a2d4851a1d" relativeResultsDirectory="b5d59945-c090-42f0-b8f6-f5642dec98f4" />
    <UnitTestResult executionId="d9d07bad-0d4b-4297-8e20-5fb22646c120" testId="dc5b4323-69df-5b53-04b8-b2edd86e4211" testName="BuckScience.Tests.TagCleanupTests.RemoveTagFromPhotos_ShouldKeepTagAndPropertyTag_WhenUsedOnOtherProperties" computerName="runnervmf4ws1" duration="00:00:00.0403078" startTime="2025-09-10T21:36:37.7758197+00:00" endTime="2025-09-10T21:36:37.7758198+00:00" testType="13cdc9d9-ddb5-4fa4-a97d-d965ccfc6d4b" outcome="Passed" testListId="8c84fa94-04c1-424b-9868-57a2d4851a1d" relativeResultsDirectory="d9d07bad-0d4b-4297-8e20-5fb22646c120" />
    <UnitTestResult executionId="6c0112a9-33e3-4879-981d-d3f2c6b77501" testId="d7049aa3-0901-3782-ef96-d1caac1bac5e" testName="BuckScience.Tests.Web.Helpers.WeatherHelpersTests.ConvertMoonPhaseToText_VariousValues_ReturnsCorrectText(phase: 0.02, expected: &quot;New Moon&quot;)" computerName="runnervmf4ws1" duration="00:00:00.0000035" startTime="2025-09-10T21:36:37.8058928+00:00" endTime="2025-09-10T21:36:37.8058929+00:00" testType="13cdc9d9-ddb5-4fa4-a97d-d965ccfc6d4b" outcome="Passed" testListId="8c84fa94-04c1-424b-9868-57a2d4851a1d" relativeResultsDirectory="6c0112a9-33e3-4879-981d-d3f2c6b77501" />
    <UnitTestResult executionId="03ddb70e-217c-4a40-916c-f1dd4f72a344" testId="f691e718-46df-21d8-be15-dfb8d4456f03" testName="BuckScience.Tests.TaggingSystemTests.GetOrCreateTag_ShouldCreateNewTag_WhenTagDoesNotExist" computerName="runnervmf4ws1" duration="00:00:00.0083381" startTime="2025-09-10T21:36:37.4101416+00:00" endTime="2025-09-10T21:36:37.4101418+00:00" testType="13cdc9d9-ddb5-4fa4-a97d-d965ccfc6d4b" outcome="Passed" testListId="8c84fa94-04c1-424b-9868-57a2d4851a1d" relativeResultsDirectory="03ddb70e-217c-4a40-916c-f1dd4f72a344" />
    <UnitTestResult executionId="267673c1-31d7-4696-aab1-0957844492e9" testId="5c035d64-72fa-5f12-cc21-1e89e4c3e9b9" testName="BuckScience.Tests.Domain.PropertyFeatureTests.Constructor_AllParameters_SetsAllPropertiesCorrectly" computerName="runnervmf4ws1" duration="00:00:00.0024059" startTime="2025-09-10T21:36:37.7950672+00:00" endTime="2025-09-10T21:36:37.7950673+00:00" testType="13cdc9d9-ddb5-4fa4-a97d-d965ccfc6d4b" outcome="Passed" testListId="8c84fa94-04c1-424b-9868-57a2d4851a1d" relativeResultsDirectory="267673c1-31d7-4696-aab1-0957844492e9" />
    <UnitTestResult executionId="bbe738b4-3a37-4c7d-a664-1ce852e5dd4f" testId="fdc90908-8368-ee5f-7b4f-9fee688fecb2" testName="BuckScience.Tests.Domain.FeatureWeightTests.FeatureWeight_UpdateUserWeight_WithSameAsDefaultWeight_DoesNotSetIsCustom" computerName="runnervmf4ws1" duration="00:00:00.0002171" startTime="2025-09-10T21:36:37.8291322+00:00" endTime="2025-09-10T21:36:37.8291322+00:00" testType="13cdc9d9-ddb5-4fa4-a97d-d965ccfc6d4b" outcome="Passed" testListId="8c84fa94-04c1-424b-9868-57a2d4851a1d" relativeResultsDirectory="bbe738b4-3a37-4c7d-a664-1ce852e5dd4f" />
    <UnitTestResult executionId="18399998-7854-43ba-b734-83061211181d" testId="35d57337-18a5-4629-635a-b25a895ec8a2" testName="BuckScience.Tests.PhotoGroupingTests.CameraPhotoGrouping_ShouldGroupByMonthYear_Ascending" computerName="runnervmf4ws1" duration="00:00:00.0058757" startTime="2025-09-10T21:36:37.7027328+00:00" endTime="2025-09-10T21:36:37.7027328+00:00" testType="13cdc9d9-ddb5-4fa4-a97d-d965ccfc6d4b" outcome="Passed" testListId="8c84fa94-04c1-424b-9868-57a2d4851a1d" relativeResultsDirectory="18399998-7854-43ba-b734-83061211181d" />
    <UnitTestResult executionId="703a9f33-1591-446e-aeba-a75a962733c8" testId="46016c60-0720-f808-02e7-68fa8d4036c4" testName="BuckScience.Tests.Web.Helpers.WeatherHelpersTests.ConvertMoonPhaseToText_VariousValues_ReturnsCorrectText(phase: 0.98999999999999999, expected: &quot;New Moon&quot;)" computerName="runnervmf4ws1" duration="00:00:00.0000081" startTime="2025-09-10T21:36:37.8047563+00:00" endTime="2025-09-10T21:36:37.8047564+00:00" testType="13cdc9d9-ddb5-4fa4-a97d-d965ccfc6d4b" outcome="Passed" testListId="8c84fa94-04c1-424b-9868-57a2d4851a1d" relativeResultsDirectory="703a9f33-1591-446e-aeba-a75a962733c8" />
    <UnitTestResult executionId="66ce85ff-c8a3-43f4-a222-72bc0d8447ce" testId="c7c0db12-a7c7-5d4d-aeb3-925cdb576fb9" testName="BuckScience.Tests.Domain.FeatureWeightTests.FeatureWeight_ResetToDefault_UpdatesTimestamp" computerName="runnervmf4ws1" duration="00:00:00.0102258" startTime="2025-09-10T21:36:37.8269882+00:00" endTime="2025-09-10T21:36:37.8269882+00:00" testType="13cdc9d9-ddb5-4fa4-a97d-d965ccfc6d4b" outcome="Passed" testListId="8c84fa94-04c1-424b-9868-57a2d4851a1d" relativeResultsDirectory="66ce85ff-c8a3-43f4-a222-72bc0d8447ce" />
    <UnitTestResult executionId="eddf1343-b18a-4448-8405-29127706b8f0" testId="80f7e275-5c62-bf32-953c-a522d71f0911" testName="BuckScience.Tests.PhotoFilteringUrlExamples.PhotoFiltering_RealWorldScenario_MoonPhaseAndConditions" computerName="runnervmf4ws1" duration="00:00:00.0021362" startTime="2025-09-10T21:36:37.8186130+00:00" endTime="2025-09-10T21:36:37.8186130+00:00" testType="13cdc9d9-ddb5-4fa4-a97d-d965ccfc6d4b" outcome="Passed" testListId="8c84fa94-04c1-424b-9868-57a2d4851a1d" relativeResultsDirectory="eddf1343-b18a-4448-8405-29127706b8f0" />
    <UnitTestResult executionId="177a90c6-f1f8-4fe0-8471-ef786381d699" testId="e6b5dbec-3ede-e88e-98ad-309ef50c1b15" testName="BuckScience.Tests.FeatureHelperTests.CategoryMapping_ShouldContainAllClassificationTypes" computerName="runnervmf4ws1" duration="00:00:00.0003263" startTime="2025-09-10T21:36:37.6824867+00:00" endTime="2025-09-10T21:36:37.6824868+00:00" testType="13cdc9d9-ddb5-4fa4-a97d-d965ccfc6d4b" outcome="Passed" testListId="8c84fa94-04c1-424b-9868-57a2d4851a1d" relativeResultsDirectory="177a90c6-f1f8-4fe0-8471-ef786381d699" />
    <UnitTestResult executionId="cecfe51c-b076-48ba-bac4-fe917717b853" testId="1393749b-9888-f339-bbe0-fe7c36d53117" testName="BuckScience.Tests.FeatureHelperTests.GetFeatureIcon_ShouldReturnCorrectIcons" computerName="runnervmf4ws1" duration="00:00:00.0023229" startTime="2025-09-10T21:36:37.6893109+00:00" endTime="2025-09-10T21:36:37.6893111+00:00" testType="13cdc9d9-ddb5-4fa4-a97d-d965ccfc6d4b" outcome="Passed" testListId="8c84fa94-04c1-424b-9868-57a2d4851a1d" relativeResultsDirectory="cecfe51c-b076-48ba-bac4-fe917717b853" />
    <UnitTestResult executionId="ff417b64-d787-47f9-9a98-cdbd2717ae1f" testId="1c0d7c7b-e498-3c7a-c145-fce1f6e14e16" testName="BuckScience.Tests.Web.Helpers.WeatherHelpersTests.ConvertMoonPhaseTextToNumeric_ValidText_ReturnsCorrectValue(text: &quot;Waxing Gibbous&quot;, expected: 0.375)" computerName="runnervmf4ws1" duration="00:00:00.0000123" startTime="2025-09-10T21:36:37.8206677+00:00" endTime="2025-09-10T21:36:37.8206678+00:00" testType="13cdc9d9-ddb5-4fa4-a97d-d965ccfc6d4b" outcome="Passed" testListId="8c84fa94-04c1-424b-9868-57a2d4851a1d" relativeResultsDirectory="ff417b64-d787-47f9-9a98-cdbd2717ae1f" />
    <UnitTestResult executionId="53c3d733-6152-4f1f-8a5f-a0d33d99f031" testId="2cc2759a-0e74-d1e3-53c0-3d706804902c" testName="BuckScience.Tests.PhotoFilteringComprehensiveTests.PropertyPhotosVm_WithFilters_CorrectProperties" computerName="runnervmf4ws1" duration="00:00:00.0028861" startTime="2025-09-10T21:36:37.6169854+00:00" endTime="2025-09-10T21:36:37.6169856+00:00" testType="13cdc9d9-ddb5-4fa4-a97d-d965ccfc6d4b" outcome="Passed" testListId="8c84fa94-04c1-424b-9868-57a2d4851a1d" relativeResultsDirectory="53c3d733-6152-4f1f-8a5f-a0d33d99f031" />
    <UnitTestResult executionId="3ad126f4-7448-4837-84d8-80f8beddc155" testId="99b19fe9-9646-fec1-29a0-b1e5f49baebb" testName="BuckScience.Tests.Domain.PropertyFeatureTests.SetWeight_WithInvalidWeight_ThrowsArgumentOutOfRangeException(weight: 1.10000002)" computerName="runnervmf4ws1" duration="00:00:00.0010013" startTime="2025-09-10T21:36:37.7895189+00:00" endTime="2025-09-10T21:36:37.7895189+00:00" testType="13cdc9d9-ddb5-4fa4-a97d-d965ccfc6d4b" outcome="Passed" testListId="8c84fa94-04c1-424b-9868-57a2d4851a1d" relativeResultsDirectory="3ad126f4-7448-4837-84d8-80f8beddc155" />
    <UnitTestResult executionId="1897e1ff-ccdd-4ae4-9917-19ce278a103d" testId="633c7180-abf2-d38a-1f50-b48e71e9c2bd" testName="BuckScience.Tests.Domain.PropertySeasonMonthsOverrideTests.PropertySeasonMonthsOverride_SetMonths_WithValidMonths_UpdatesMonthsAndTimestamp" computerName="runnervmf4ws1" duration="00:00:00.0104819" startTime="2025-09-10T21:36:36.5238937+00:00" endTime="2025-09-10T21:36:36.5238938+00:00" testType="13cdc9d9-ddb5-4fa4-a97d-d965ccfc6d4b" outcome="Passed" testListId="8c84fa94-04c1-424b-9868-57a2d4851a1d" relativeResultsDirectory="1897e1ff-ccdd-4ae4-9917-19ce278a103d" />
    <UnitTestResult executionId="b8b85ed4-08b3-4273-b140-51ca20f881cb" testId="9f164cb9-b0ee-2833-0b35-619b21bae903" testName="BuckScience.Tests.Web.Helpers.WeatherHelpersTests.ConvertWindDirectionToText_VariousAngles_ReturnsCorrectDirection(degrees: 348.74000000000001, expected: &quot;NNW&quot;)" computerName="runnervmf4ws1" duration="00:00:00.0000027" startTime="2025-09-10T21:36:37.8111522+00:00" endTime="2025-09-10T21:36:37.8111523+00:00" testType="13cdc9d9-ddb5-4fa4-a97d-d965ccfc6d4b" outcome="Passed" testListId="8c84fa94-04c1-424b-9868-57a2d4851a1d" relativeResultsDirectory="b8b85ed4-08b3-4273-b140-51ca20f881cb" />
    <UnitTestResult executionId="197955b5-6573-43d9-874c-4c1d621ac446" testId="6e95a11c-ba0a-17a5-b618-642e6194107c" testName="BuckScience.Tests.PhotoFilteringComprehensiveTests.PhotoFiltering_BackwardCompatibility_WithoutFilters" computerName="runnervmf4ws1" duration="00:00:00.0075818" startTime="2025-09-10T21:36:37.6246330+00:00" endTime="2025-09-10T21:36:37.6246331+00:00" testType="13cdc9d9-ddb5-4fa4-a97d-d965ccfc6d4b" outcome="Passed" testListId="8c84fa94-04c1-424b-9868-57a2d4851a1d" relativeResultsDirectory="197955b5-6573-43d9-874c-4c1d621ac446" />
    <UnitTestResult executionId="f0645a53-d98b-478a-b2cb-7583ceca3045" testId="e9f8fc86-f5b4-af50-fd5d-96735f013b0a" testName="BuckScience.Tests.PhotoUploadIntegrationTests.PhotoUpload_WithCameraPlacement_ShouldAssociatePlacementHistory" computerName="runnervmf4ws1" duration="00:00:00.0003667" startTime="2025-09-10T21:36:37.7989446+00:00" endTime="2025-09-10T21:36:37.7989447+00:00" testType="13cdc9d9-ddb5-4fa4-a97d-d965ccfc6d4b" outcome="Passed" testListId="8c84fa94-04c1-424b-9868-57a2d4851a1d" relativeResultsDirectory="f0645a53-d98b-478a-b2cb-7583ceca3045" />
    <UnitTestResult executionId="9ec7ca6d-4138-4359-80a8-ec94e2bce999" testId="e59ff618-3ced-6a2f-d01c-20262e337085" testName="BuckScience.Tests.DirectionHelperTests.FromFloat_ShouldFindClosestDirection(degrees: 68, expectedDirection: E)" computerName="runnervmf4ws1" duration="00:00:00.0000093" startTime="2025-09-10T21:36:37.6563891+00:00" endTime="2025-09-10T21:36:37.6563892+00:00" testType="13cdc9d9-ddb5-4fa4-a97d-d965ccfc6d4b" outcome="Passed" testListId="8c84fa94-04c1-424b-9868-57a2d4851a1d" relativeResultsDirectory="9ec7ca6d-4138-4359-80a8-ec94e2bce999" />
    <UnitTestResult executionId="7f99f55e-a342-4db8-9547-f8c6cdd61ebc" testId="d9e9dfd4-db91-4986-9bbe-4cae120c9790" testName="BuckScience.Tests.Application.FeatureWeights.UpdateFeatureWeightsTests.UpdateFeatureWeights_MultipleUpdates_SetsEachCorrectly" computerName="runnervmf4ws1" duration="00:00:00.0220864" startTime="2025-09-10T21:36:37.5881392+00:00" endTime="2025-09-10T21:36:37.5881393+00:00" testType="13cdc9d9-ddb5-4fa4-a97d-d965ccfc6d4b" outcome="Passed" testListId="8c84fa94-04c1-424b-9868-57a2d4851a1d" relativeResultsDirectory="7f99f55e-a342-4db8-9547-f8c6cdd61ebc" />
    <UnitTestResult executionId="fd3d0637-0ca8-4ace-9cc4-fa94a9ecccfb" testId="1798213c-35a3-cbbc-3a0a-8843aace427d" testName="BuckScience.Tests.Web.Helpers.WeatherHelpersTests.ConvertWindDirectionToText_VariousAngles_ReturnsCorrectDirection(degrees: 45, expected: &quot;NE&quot;)" computerName="runnervmf4ws1" duration="00:00:00.0000051" startTime="2025-09-10T21:36:37.8120901+00:00" endTime="2025-09-10T21:36:37.8120902+00:00" testType="13cdc9d9-ddb5-4fa4-a97d-d965ccfc6d4b" outcome="Passed" testListId="8c84fa94-04c1-424b-9868-57a2d4851a1d" relativeResultsDirectory="fd3d0637-0ca8-4ace-9cc4-fa94a9ecccfb" />
    <UnitTestResult executionId="4eeabfe5-c853-47ab-b12c-b5a9679c3750" testId="b96d0d20-292a-e609-b515-79cd877929d7" testName="BuckScience.Tests.Web.Helpers.WeatherHelpersTests.ConvertWindDirectionToText_VariousAngles_ReturnsCorrectDirection(degrees: 337.5, expected: &quot;NNW&quot;)" computerName="runnervmf4ws1" duration="00:00:00.0000030" startTime="2025-09-10T21:36:37.8101284+00:00" endTime="2025-09-10T21:36:37.8101284+00:00" testType="13cdc9d9-ddb5-4fa4-a97d-d965ccfc6d4b" outcome="Passed" testListId="8c84fa94-04c1-424b-9868-57a2d4851a1d" relativeResultsDirectory="4eeabfe5-c853-47ab-b12c-b5a9679c3750" />
    <UnitTestResult executionId="2f25e2ec-7bb8-4bcb-b16c-ac805e18b4cd" testId="ee1257ff-a5a9-5181-9e7b-d35ad6e89445" testName="BuckScience.Tests.Domain.FeatureWeightTests.FeatureWeight_GetEffectiveWeight_ReturnsSeasonalWeightWhenAvailable" computerName="runnervmf4ws1" duration="00:00:00.0004003" startTime="2025-09-10T21:36:37.8303477+00:00" endTime="2025-09-10T21:36:37.8303477+00:00" testType="13cdc9d9-ddb5-4fa4-a97d-d965ccfc6d4b" outcome="Passed" testListId="8c84fa94-04c1-424b-9868-57a2d4851a1d" relativeResultsDirectory="2f25e2ec-7bb8-4bcb-b16c-ac805e18b4cd" />
    <UnitTestResult executionId="eb78a5ed-7ba7-4f96-8752-2e9bea0e824d" testId="6d9ecacc-771f-c0f8-81b8-e7f5f5ecfa5f" testName="BuckScience.Tests.WeatherConfigurationTests.WeatherSettings_ShouldBindFromConfiguration" computerName="runnervmf4ws1" duration="00:00:00.0024684" startTime="2025-09-10T21:36:37.8005039+00:00" endTime="2025-09-10T21:36:37.8005040+00:00" testType="13cdc9d9-ddb5-4fa4-a97d-d965ccfc6d4b" outcome="Passed" testListId="8c84fa94-04c1-424b-9868-57a2d4851a1d" relativeResultsDirectory="eb78a5ed-7ba7-4f96-8752-2e9bea0e824d" />
    <UnitTestResult executionId="e1c02494-4c01-41f5-a2f4-563fd2f4f062" testId="596b7c00-efcf-3d4d-3dbb-d2705ed5b371" testName="BuckScience.Tests.Application.FeatureWeights.UpdateDefaultFeatureWeightsTests.UpdateDefaultFeatureWeights_UpdatesDefaultWeightsCorrectly" computerName="runnervmf4ws1" duration="00:00:00.0711172" startTime="2025-09-10T21:36:37.4594027+00:00" endTime="2025-09-10T21:36:37.4594028+00:00" testType="13cdc9d9-ddb5-4fa4-a97d-d965ccfc6d4b" outcome="Passed" testListId="8c84fa94-04c1-424b-9868-57a2d4851a1d" relativeResultsDirectory="e1c02494-4c01-41f5-a2f4-563fd2f4f062" />
    <UnitTestResult executionId="6620585a-6faa-4281-a9c2-da250532967e" testId="5be58517-5610-e8d0-dec2-520046d41b5e" testName="BuckScience.Tests.Domain.PropertySeasonMonthsOverrideTests.PropertySeasonMonthsOverride_Constructor_WithInvalidPropertyId_ThrowsArgumentOutOfRangeException(invalidPropertyId: -1)" computerName="runnervmf4ws1" duration="00:00:00.0000387" startTime="2025-09-10T21:36:36.4428866+00:00" endTime="2025-09-10T21:36:36.4428867+00:00" testType="13cdc9d9-ddb5-4fa4-a97d-d965ccfc6d4b" outcome="Passed" testListId="8c84fa94-04c1-424b-9868-57a2d4851a1d" relativeResultsDirectory="6620585a-6faa-4281-a9c2-da250532967e" />
    <UnitTestResult executionId="d8ed6cf8-da49-4498-8871-c8aba0391c65" testId="45c0ed35-3801-fd39-72e9-842befa716d9" testName="BuckScience.Tests.Application.SeasonMonthMappingServiceTests.RemovePropertySeasonOverrideAsync_ReturnsFalse_WhenNoOverrideExists" computerName="runnervmf4ws1" duration="00:00:00.0028963" startTime="2025-09-10T21:36:37.4553661+00:00" endTime="2025-09-10T21:36:37.4553663+00:00" testType="13cdc9d9-ddb5-4fa4-a97d-d965ccfc6d4b" outcome="Passed" testListId="8c84fa94-04c1-424b-9868-57a2d4851a1d" relativeResultsDirectory="d8ed6cf8-da49-4498-8871-c8aba0391c65" />
    <UnitTestResult executionId="1c416b71-0fb5-400e-9930-b8d0aa1ddde3" testId="2582410d-2726-a653-733b-0912934edde4" testName="BuckScience.Tests.Web.Helpers.WeatherHelpersTests.ConvertMoonPhaseTextToNumeric_ValidText_ReturnsCorrectValue(text: &quot;Last Quarter&quot;, expected: 0.75)" computerName="runnervmf4ws1" duration="00:00:00.0032558" startTime="2025-09-10T21:36:37.8199370+00:00" endTime="2025-09-10T21:36:37.8199370+00:00" testType="13cdc9d9-ddb5-4fa4-a97d-d965ccfc6d4b" outcome="Passed" testListId="8c84fa94-04c1-424b-9868-57a2d4851a1d" relativeResultsDirectory="1c416b71-0fb5-400e-9930-b8d0aa1ddde3" />
    <UnitTestResult executionId="484d83db-7e0e-4d8b-a515-502eaf6337d4" testId="9f544328-b14d-2f96-b54b-781ab9cf51e8" testName="BuckScience.Tests.Web.Helpers.WeatherHelpersTests.ConvertMoonPhaseToText_VariousValues_ReturnsCorrectText(phase: 0.40000000000000002, expected: &quot;Waxing Gibbous&quot;)" computerName="runnervmf4ws1" duration="00:00:00.0000034" startTime="2025-09-10T21:36:37.8056972+00:00" endTime="2025-09-10T21:36:37.8056973+00:00" testType="13cdc9d9-ddb5-4fa4-a97d-d965ccfc6d4b" outcome="Passed" testListId="8c84fa94-04c1-424b-9868-57a2d4851a1d" relativeResultsDirectory="484d83db-7e0e-4d8b-a515-502eaf6337d4" />
    <UnitTestResult executionId="79cacb88-504d-4ea6-a91f-8cbdebc3349d" testId="8106ff23-bb8f-04f9-7754-208ee15e0e54" testName="BuckScience.Tests.Domain.PropertySeasonMonthsOverrideTests.PropertySeasonMonthsOverride_Constructor_WithInvalidPropertyId_ThrowsArgumentOutOfRangeException(invalidPropertyId: 0)" computerName="runnervmf4ws1" duration="00:00:00.0058200" startTime="2025-09-10T21:36:36.4363770+00:00" endTime="2025-09-10T21:36:36.4364199+00:00" testType="13cdc9d9-ddb5-4fa4-a97d-d965ccfc6d4b" outcome="Passed" testListId="8c84fa94-04c1-424b-9868-57a2d4851a1d" relativeResultsDirectory="79cacb88-504d-4ea6-a91f-8cbdebc3349d" />
    <UnitTestResult executionId="9717b2de-a73a-4405-8d60-62127050717b" testId="85f24840-3222-d447-0677-9820b9294533" testName="BuckScience.Tests.Domain.PropertySeasonMonthsOverrideTests.PropertySeasonMonthsOverride_Constructor_WithEmptyMonths_ThrowsArgumentException" computerName="runnervmf4ws1" duration="00:00:00.0003094" startTime="2025-09-10T21:36:36.4429984+00:00" endTime="2025-09-10T21:36:36.4429985+00:00" testType="13cdc9d9-ddb5-4fa4-a97d-d965ccfc6d4b" outcome="Passed" testListId="8c84fa94-04c1-424b-9868-57a2d4851a1d" relativeResultsDirectory="9717b2de-a73a-4405-8d60-62127050717b" />
    <UnitTestResult executionId="798e5ec6-2d8e-432e-8598-853ccc34f74e" testId="17d2bd4a-a575-7ccc-1676-102dfc4795d6" testName="BuckScience.Tests.PhotoFilteringComprehensiveTests.CameraOption_PropertiesWork" computerName="runnervmf4ws1" duration="00:00:00.0002124" startTime="2025-09-10T21:36:37.6283067+00:00" endTime="2025-09-10T21:36:37.6283068+00:00" testType="13cdc9d9-ddb5-4fa4-a97d-d965ccfc6d4b" outcome="Passed" testListId="8c84fa94-04c1-424b-9868-57a2d4851a1d" relativeResultsDirectory="798e5ec6-2d8e-432e-8598-853ccc34f74e" />
    <UnitTestResult executionId="59018140-33f8-441b-9ee5-470a691c83b7" testId="8bb24d97-4056-0aed-e738-d86e9d34f566" testName="BuckScience.Tests.Web.Helpers.WeatherHelpersTests.ConvertWindDirectionTextToNumeric_ValidDirections_ReturnsCorrectDegrees(direction: &quot;ESE&quot;, expected: 112.5)" computerName="runnervmf4ws1" duration="00:00:00.0000086" startTime="2025-09-10T21:36:37.8169500+00:00" endTime="2025-09-10T21:36:37.8169501+00:00" testType="13cdc9d9-ddb5-4fa4-a97d-d965ccfc6d4b" outcome="Passed" testListId="8c84fa94-04c1-424b-9868-57a2d4851a1d" relativeResultsDirectory="59018140-33f8-441b-9ee5-470a691c83b7" />
    <UnitTestResult executionId="bab09159-ea9e-4ae2-b375-74c53857f8ab" testId="40701e53-787e-9af9-e51e-796a4964c5fd" testName="BuckScience.Tests.Domain.MonthsAttributeTests.MonthsAttribute_Constructor_WithMixedValidAndInvalidMonths_ThrowsArgumentOutOfRangeException" computerName="runnervmf4ws1" duration="00:00:00.0003547" startTime="2025-09-10T21:36:37.5011062+00:00" endTime="2025-09-10T21:36:37.5011063+00:00" testType="13cdc9d9-ddb5-4fa4-a97d-d965ccfc6d4b" outcome="Passed" testListId="8c84fa94-04c1-424b-9868-57a2d4851a1d" relativeResultsDirectory="bab09159-ea9e-4ae2-b375-74c53857f8ab" />
    <UnitTestResult executionId="601d4b2e-b471-4896-963f-5013e87fe94a" testId="def966b3-b198-e5b0-2219-bdde89be7924" testName="BuckScience.Tests.CameraEditVmTests.CameraEditVm_ValidationAttributes_ShouldBeApplied" computerName="runnervmf4ws1" duration="00:00:00.0019966" startTime="2025-09-10T21:36:37.6930360+00:00" endTime="2025-09-10T21:36:37.6930362+00:00" testType="13cdc9d9-ddb5-4fa4-a97d-d965ccfc6d4b" outcome="Passed" testListId="8c84fa94-04c1-424b-9868-57a2d4851a1d" relativeResultsDirectory="601d4b2e-b471-4896-963f-5013e87fe94a" />
    <UnitTestResult executionId="967ac4f8-4ff7-4d6d-ab08-ab3b5ba7a775" testId="3f5baae7-b2ef-0a09-bc51-f8b04a3acced" testName="BuckScience.Tests.Web.Helpers.WeatherHelpersTests.ConvertWindDirectionToText_VariousAngles_ReturnsCorrectDirection(degrees: 67.5, expected: &quot;ENE&quot;)" computerName="runnervmf4ws1" duration="00:00:00.0000027" startTime="2025-09-10T21:36:37.8109901+00:00" endTime="2025-09-10T21:36:37.8109901+00:00" testType="13cdc9d9-ddb5-4fa4-a97d-d965ccfc6d4b" outcome="Passed" testListId="8c84fa94-04c1-424b-9868-57a2d4851a1d" relativeResultsDirectory="967ac4f8-4ff7-4d6d-ab08-ab3b5ba7a775" />
    <UnitTestResult executionId="4deae9dd-a8f3-4d7d-ae60-ca26dbb527a9" testId="185a6cd6-33af-0e1e-0bd1-2a440f9d65a0" testName="BuckScience.Tests.CameraPlacementHistoryTests.Camera_CurrentLocationProperties_ShouldReturnFromPlacementHistory" computerName="runnervmf4ws1" duration="00:00:00.0063223" startTime="2025-09-10T21:36:37.4667051+00:00" endTime="2025-09-10T21:36:37.4667052+00:00" testType="13cdc9d9-ddb5-4fa4-a97d-d965ccfc6d4b" outcome="Passed" testListId="8c84fa94-04c1-424b-9868-57a2d4851a1d" relativeResultsDirectory="4deae9dd-a8f3-4d7d-ae60-ca26dbb527a9" />
    <UnitTestResult executionId="b228d76d-3af6-4a57-b4c6-819f7cdc9e2c" testId="e35c95a4-d974-6814-c593-743bae04117a" testName="BuckScience.Tests.Domain.PropertyFeatureTests.UpdateWeight_WithInvalidWeight_ThrowsArgumentOutOfRangeException(weight: -0.5)" computerName="runnervmf4ws1" duration="00:00:00.0005032" startTime="2025-09-10T21:36:37.7887586+00:00" endTime="2025-09-10T21:36:37.7887587+00:00" testType="13cdc9d9-ddb5-4fa4-a97d-d965ccfc6d4b" outcome="Passed" testListId="8c84fa94-04c1-424b-9868-57a2d4851a1d" relativeResultsDirectory="b228d76d-3af6-4a57-b4c6-819f7cdc9e2c" />
    <UnitTestResult executionId="79cb2570-cc99-48d0-aa97-9ca6090de2fa" testId="4331c44f-f3ff-6fce-80db-d30dfc1b0433" testName="BuckScience.Tests.DirectionHelperTests.ToFloat_ShouldReturnCorrectDegrees(direction: NE, expectedDegrees: 45)" computerName="runnervmf4ws1" duration="00:00:00.0000038" startTime="2025-09-10T21:36:37.6554366+00:00" endTime="2025-09-10T21:36:37.6554366+00:00" testType="13cdc9d9-ddb5-4fa4-a97d-d965ccfc6d4b" outcome="Passed" testListId="8c84fa94-04c1-424b-9868-57a2d4851a1d" relativeResultsDirectory="79cb2570-cc99-48d0-aa97-9ca6090de2fa" />
    <UnitTestResult executionId="411043c1-4949-41bd-9577-025a7cea5809" testId="3b0de714-8f13-7aca-97ab-ed01b955f773" testName="BuckScience.Tests.Domain.FeatureWeightTests.FeatureWeight_Constructor_SetsPropertiesCorrectly" computerName="runnervmf4ws1" duration="00:00:00.0007524" startTime="2025-09-10T21:36:37.8210987+00:00" endTime="2025-09-10T21:36:37.8210987+00:00" testType="13cdc9d9-ddb5-4fa4-a97d-d965ccfc6d4b" outcome="Passed" testListId="8c84fa94-04c1-424b-9868-57a2d4851a1d" relativeResultsDirectory="411043c1-4949-41bd-9577-025a7cea5809" />
    <UnitTestResult executionId="8f30ffb1-2a24-425c-b1ea-fbe3cffe03d0" testId="61590a98-8800-c63c-636c-5d74543a54c1" testName="BuckScience.Tests.Web.Helpers.WeatherHelpersTests.ConvertMoonPhaseToText_VariousValues_ReturnsCorrectText(phase: 0, expected: &quot;New Moon&quot;)" computerName="runnervmf4ws1" duration="00:00:00.0000026" startTime="2025-09-10T21:36:37.8058305+00:00" endTime="2025-09-10T21:36:37.8058306+00:00" testType="13cdc9d9-ddb5-4fa4-a97d-d965ccfc6d4b" outcome="Passed" testListId="8c84fa94-04c1-424b-9868-57a2d4851a1d" relativeResultsDirectory="8f30ffb1-2a24-425c-b1ea-fbe3cffe03d0" />
    <UnitTestResult executionId="7038dd90-1f75-4ae6-ba8c-b7ced0bce466" testId="bae1f3df-becb-30fb-65d6-6c7c19ab5a1d" testName="BuckScience.Tests.Domain.FeatureWeightTests.FeatureWeight_GetEffectiveWeight_FallsBackToDefaultWeight" computerName="runnervmf4ws1" duration="00:00:00.0005079" startTime="2025-09-10T21:36:37.8288545+00:00" endTime="2025-09-10T21:36:37.8288545+00:00" testType="13cdc9d9-ddb5-4fa4-a97d-d965ccfc6d4b" outcome="Passed" testListId="8c84fa94-04c1-424b-9868-57a2d4851a1d" relativeResultsDirectory="7038dd90-1f75-4ae6-ba8c-b7ced0bce466" />
    <UnitTestResult executionId="74310d84-f350-45b0-a3ab-ead54373f9e1" testId="62abf167-66b2-7338-5ead-888596c0fffe" testName="BuckScience.Tests.TaggingRequirementsTests.Requirement2_PropertyCreation_ShouldAutoAssignDefaultTags" computerName="runnervmf4ws1" duration="00:00:00.0300501" startTime="2025-09-10T21:36:37.6701445+00:00" endTime="2025-09-10T21:36:37.6701447+00:00" testType="13cdc9d9-ddb5-4fa4-a97d-d965ccfc6d4b" outcome="Passed" testListId="8c84fa94-04c1-424b-9868-57a2d4851a1d" relativeResultsDirectory="74310d84-f350-45b0-a3ab-ead54373f9e1" />
    <UnitTestResult executionId="91c5e85f-0af3-4b15-ae09-854751407690" testId="ccc07dc4-5c65-0922-771d-b881981eeb94" testName="BuckScience.Tests.PhotoPlacementHistoryTests.Photo_SetCameraPlacementHistory_ShouldAllowNull" computerName="runnervmf4ws1" duration="00:00:00.0003320" startTime="2025-09-10T21:36:37.7823890+00:00" endTime="2025-09-10T21:36:37.7823890+00:00" testType="13cdc9d9-ddb5-4fa4-a97d-d965ccfc6d4b" outcome="Passed" testListId="8c84fa94-04c1-424b-9868-57a2d4851a1d" relativeResultsDirectory="91c5e85f-0af3-4b15-ae09-854751407690" />
    <UnitTestResult executionId="8eb21d0f-0cf5-44fe-a10c-be4564dc3c4c" testId="162f6cfb-c27f-27d9-ae85-1a410ddacc2e" testName="BuckScience.Tests.Application.SeasonMonthMappingServiceTests.SeasonMonthMappingService_Constructor_WithNullDbContext_ThrowsArgumentNullException" computerName="runnervmf4ws1" duration="00:00:00.0005404" startTime="2025-09-10T21:36:37.4850476+00:00" endTime="2025-09-10T21:36:37.4850478+00:00" testType="13cdc9d9-ddb5-4fa4-a97d-d965ccfc6d4b" outcome="Passed" testListId="8c84fa94-04c1-424b-9868-57a2d4851a1d" relativeResultsDirectory="8eb21d0f-0cf5-44fe-a10c-be4564dc3c4c" />
    <UnitTestResult executionId="2fd37145-b177-4b43-a580-71b479594bb6" testId="7b1afa91-2553-0542-d21b-b944f43fb732" testName="BuckScience.Tests.Application.PropertyFeatureApplicationTests.GetPropertyFeature_ReturnsWeightCorrectly" computerName="runnervmf4ws1" duration="00:00:00.1475422" startTime="2025-09-10T21:36:37.6035893+00:00" endTime="2025-09-10T21:36:37.6035894+00:00" testType="13cdc9d9-ddb5-4fa4-a97d-d965ccfc6d4b" outcome="Passed" testListId="8c84fa94-04c1-424b-9868-57a2d4851a1d" relativeResultsDirectory="2fd37145-b177-4b43-a580-71b479594bb6" />
    <UnitTestResult executionId="f307e539-ec4f-47ef-be9a-9ab8d7f32e11" testId="697a3a18-bb68-1bc4-ecac-a4680501e02f" testName="BuckScience.Tests.PhotoFilteringIntegrationTests.BuildFilters_WithNoParameters_ReturnsNull" computerName="runnervmf4ws1" duration="00:00:00.0012083" startTime="2025-09-10T21:36:37.4877768+00:00" endTime="2025-09-10T21:36:37.4877769+00:00" testType="13cdc9d9-ddb5-4fa4-a97d-d965ccfc6d4b" outcome="Passed" testListId="8c84fa94-04c1-424b-9868-57a2d4851a1d" relativeResultsDirectory="f307e539-ec4f-47ef-be9a-9ab8d7f32e11" />
    <UnitTestResult executionId="1acb3379-d1ca-4606-a864-1abe7f7646fa" testId="7acc5254-e1e8-fc5e-ffbb-a06142942287" testName="BuckScience.Tests.Application.FeatureWeights.UpdateFeatureWeightsTests.UpdateFeatureWeights_OnlyUpdatesSeasonalWeights_SetsOnlyThatAsCustom" computerName="runnervmf4ws1" duration="00:00:00.0047587" startTime="2025-09-10T21:36:37.6029135+00:00" endTime="2025-09-10T21:36:37.6029136+00:00" testType="13cdc9d9-ddb5-4fa4-a97d-d965ccfc6d4b" outcome="Passed" testListId="8c84fa94-04c1-424b-9868-57a2d4851a1d" relativeResultsDirectory="1acb3379-d1ca-4606-a864-1abe7f7646fa" />
    <UnitTestResult executionId="4b3cd341-0b26-484a-bfb9-3374bbc5e723" testId="7264d755-3cfa-51c2-00b7-8c3c5d03bdbd" testName="BuckScience.Tests.Web.Helpers.WeatherHelpersTests.ConvertMoonPhaseTextToNumeric_ValidText_ReturnsCorrectValue(text: &quot;Waxing Crescent&quot;, expected: 0.125)" computerName="runnervmf4ws1" duration="00:00:00.0000090" startTime="2025-09-10T21:36:37.8208341+00:00" endTime="2025-09-10T21:36:37.8208342+00:00" testType="13cdc9d9-ddb5-4fa4-a97d-d965ccfc6d4b" outcome="Passed" testListId="8c84fa94-04c1-424b-9868-57a2d4851a1d" relativeResultsDirectory="4b3cd341-0b26-484a-bfb9-3374bbc5e723" />
    <UnitTestResult executionId="9a775a20-deb7-41c1-9186-0592d34c9137" testId="a5f21c48-f469-8d11-cd8e-07391ae2a35b" testName="BuckScience.Tests.Domain.FeatureWeightTests.FeatureWeightHelper_GetDefaultWeight_ReturnsExpectedValues(type: Saddle, expectedWeight: 0.800000012)" computerName="runnervmf4ws1" duration="00:00:00.0001947" startTime="2025-09-10T21:36:37.7990546+00:00" endTime="2025-09-10T21:36:37.7990547+00:00" testType="13cdc9d9-ddb5-4fa4-a97d-d965ccfc6d4b" outcome="Passed" testListId="8c84fa94-04c1-424b-9868-57a2d4851a1d" relativeResultsDirectory="9a775a20-deb7-41c1-9186-0592d34c9137" />
    <UnitTestResult executionId="872b8cf6-0234-4540-8c91-1be2438dc34b" testId="5fc7d131-6de1-7ffe-375b-8ea28a5dbcb8" testName="BuckScience.Tests.TaggingSystemTests.SetAsDefaultTag_ShouldSetTagAsDefault" computerName="runnervmf4ws1" duration="00:00:00.0001247" startTime="2025-09-10T21:36:37.4488021+00:00" endTime="2025-09-10T21:36:37.4488022+00:00" testType="13cdc9d9-ddb5-4fa4-a97d-d965ccfc6d4b" outcome="Passed" testListId="8c84fa94-04c1-424b-9868-57a2d4851a1d" relativeResultsDirectory="872b8cf6-0234-4540-8c91-1be2438dc34b" />
  </Results>
  <TestDefinitions>
    <UnitTest name="BuckScience.Tests.PhotoFiltersTests.PhotoFilters_HasWeatherFilters_ReturnsFalseWhenNoWeatherFiltersSet" storage="/home/runner/work/buckscienceapp/buckscienceapp/tests/buckscience.tests/bin/debug/net8.0/buckscience.tests.dll" id="5d43f699-35d1-a4da-58e9-d0a22f0dcdd2">
      <Execution id="8a6b4b16-67b2-4dde-8942-b75b1f57e5ec" />
      <TestMethod codeBase="/home/runner/work/BuckScienceApp/BuckScienceApp/tests/BuckScience.Tests/bin/Debug/net8.0/BuckScience.Tests.dll" adapterTypeName="executor://xunit/VsTestRunner2/netcoreapp" className="BuckScience.Tests.PhotoFiltersTests" name="PhotoFilters_HasWeatherFilters_ReturnsFalseWhenNoWeatherFiltersSet" />
    </UnitTest>
    <UnitTest name="BuckScience.Tests.Web.Helpers.WeatherHelpersTests.ConvertWindDirectionTextToNumeric_ValidDirections_ReturnsCorrectDegrees(direction: &quot;NW&quot;, expected: 315)" storage="/home/runner/work/buckscienceapp/buckscienceapp/tests/buckscience.tests/bin/debug/net8.0/buckscience.tests.dll" id="7f448030-c6f3-ad7f-1c7b-809f60db9d71">
      <Execution id="0b7c6997-afbc-4235-abfb-97c6b2f8ec95" />
      <TestMethod codeBase="/home/runner/work/BuckScienceApp/BuckScienceApp/tests/BuckScience.Tests/bin/Debug/net8.0/BuckScience.Tests.dll" adapterTypeName="executor://xunit/VsTestRunner2/netcoreapp" className="BuckScience.Tests.Web.Helpers.WeatherHelpersTests" name="ConvertWindDirectionTextToNumeric_ValidDirections_ReturnsCorrectDegrees" />
    </UnitTest>
    <UnitTest name="BuckScience.Tests.Web.Helpers.WeatherHelpersTests.ConvertMoonPhaseToText_VariousValues_ReturnsCorrectText(phase: 0.75, expected: &quot;Last Quarter&quot;)" storage="/home/runner/work/buckscienceapp/buckscienceapp/tests/buckscience.tests/bin/debug/net8.0/buckscience.tests.dll" id="78d335ed-d8a0-4e68-1b07-0e64ec6fcf01">
      <Execution id="88bd13d0-ff38-47c5-82b4-e478a2caccde" />
      <TestMethod codeBase="/home/runner/work/BuckScienceApp/BuckScienceApp/tests/BuckScience.Tests/bin/Debug/net8.0/BuckScience.Tests.dll" adapterTypeName="executor://xunit/VsTestRunner2/netcoreapp" className="BuckScience.Tests.Web.Helpers.WeatherHelpersTests" name="ConvertMoonPhaseToText_VariousValues_ReturnsCorrectText" />
    </UnitTest>
    <UnitTest name="BuckScience.Tests.DirectionHelperTests.ToFloat_ShouldReturnCorrectDegrees(direction: SW, expectedDegrees: 225)" storage="/home/runner/work/buckscienceapp/buckscienceapp/tests/buckscience.tests/bin/debug/net8.0/buckscience.tests.dll" id="d2d2f826-9cbd-9c14-4121-a07b2094c76e">
      <Execution id="1295ee55-79d9-4134-a762-0c521e6aa2f5" />
      <TestMethod codeBase="/home/runner/work/BuckScienceApp/BuckScienceApp/tests/BuckScience.Tests/bin/Debug/net8.0/BuckScience.Tests.dll" adapterTypeName="executor://xunit/VsTestRunner2/netcoreapp" className="BuckScience.Tests.DirectionHelperTests" name="ToFloat_ShouldReturnCorrectDegrees" />
    </UnitTest>
    <UnitTest name="BuckScience.Tests.DirectionHelperTests.FromFloat_ShouldFindClosestDirection(degrees: -15, expectedDirection: NW)" storage="/home/runner/work/buckscienceapp/buckscienceapp/tests/buckscience.tests/bin/debug/net8.0/buckscience.tests.dll" id="4bbe555c-8fb0-44dc-18a4-86549d9ecd64">
      <Execution id="bfc717a8-efca-461a-8f8c-016036c0decc" />
      <TestMethod codeBase="/home/runner/work/BuckScienceApp/BuckScienceApp/tests/BuckScience.Tests/bin/Debug/net8.0/BuckScience.Tests.dll" adapterTypeName="executor://xunit/VsTestRunner2/netcoreapp" className="BuckScience.Tests.DirectionHelperTests" name="FromFloat_ShouldFindClosestDirection" />
    </UnitTest>
    <UnitTest name="BuckScience.Tests.Web.Helpers.WeatherHelpersTests.ConvertMoonPhaseToText_VariousValues_ReturnsCorrectText(phase: 0, expected: &quot;New Moon&quot;)" storage="/home/runner/work/buckscienceapp/buckscienceapp/tests/buckscience.tests/bin/debug/net8.0/buckscience.tests.dll" id="61590a98-8800-c63c-636c-5d74543a54c1">
      <Execution id="8f30ffb1-2a24-425c-b1ea-fbe3cffe03d0" />
      <TestMethod codeBase="/home/runner/work/BuckScienceApp/BuckScienceApp/tests/BuckScience.Tests/bin/Debug/net8.0/BuckScience.Tests.dll" adapterTypeName="executor://xunit/VsTestRunner2/netcoreapp" className="BuckScience.Tests.Web.Helpers.WeatherHelpersTests" name="ConvertMoonPhaseToText_VariousValues_ReturnsCorrectText" />
    </UnitTest>
    <UnitTest name="BuckScience.Tests.Domain.PropertyFeatureTests.Constructor_WithInvalidWeight_ThrowsArgumentOutOfRangeException(weight: -1)" storage="/home/runner/work/buckscienceapp/buckscienceapp/tests/buckscience.tests/bin/debug/net8.0/buckscience.tests.dll" id="af05f3f5-fc25-06fd-0f22-fca8b27396d1">
      <Execution id="788df153-62d0-4907-b4ec-4c65804020a4" />
      <TestMethod codeBase="/home/runner/work/BuckScienceApp/BuckScienceApp/tests/BuckScience.Tests/bin/Debug/net8.0/BuckScience.Tests.dll" adapterTypeName="executor://xunit/VsTestRunner2/netcoreapp" className="BuckScience.Tests.Domain.PropertyFeatureTests" name="Constructor_WithInvalidWeight_ThrowsArgumentOutOfRangeException" />
    </UnitTest>
    <UnitTest name="BuckScience.Tests.Application.PropertyFeatureApplicationTests.ListPropertyFeatures_ReturnsWeightsCorrectly" storage="/home/runner/work/buckscienceapp/buckscienceapp/tests/buckscience.tests/bin/debug/net8.0/buckscience.tests.dll" id="b6a182bd-655d-0c92-283a-3c75d3d71c02">
      <Execution id="43341d47-3bed-4e2c-85c2-ffda6a787c1e" />
      <TestMethod codeBase="/home/runner/work/BuckScienceApp/BuckScienceApp/tests/BuckScience.Tests/bin/Debug/net8.0/BuckScience.Tests.dll" adapterTypeName="executor://xunit/VsTestRunner2/netcoreapp" className="BuckScience.Tests.Application.PropertyFeatureApplicationTests" name="ListPropertyFeatures_ReturnsWeightsCorrectly" />
    </UnitTest>
    <UnitTest name="BuckScience.Tests.Application.Profiles.ProfileCrudTests.DeleteProfile_ValidId_DeletesProfile" storage="/home/runner/work/buckscienceapp/buckscienceapp/tests/buckscience.tests/bin/debug/net8.0/buckscience.tests.dll" id="46eed830-2953-fcd5-c0a0-3903ea3c299a">
      <Execution id="7f2c8d46-10f0-4e5b-a687-e7d74e7c504d" />
      <TestMethod codeBase="/home/runner/work/BuckScienceApp/BuckScienceApp/tests/BuckScience.Tests/bin/Debug/net8.0/BuckScience.Tests.dll" adapterTypeName="executor://xunit/VsTestRunner2/netcoreapp" className="BuckScience.Tests.Application.Profiles.ProfileCrudTests" name="DeleteProfile_ValidId_DeletesProfile" />
    </UnitTest>
    <UnitTest name="BuckScience.Tests.Application.FeatureWeights.UpdateFeatureWeightsTests.UpdateFeatureWeights_MultipleUpdates_SetsEachCorrectly" storage="/home/runner/work/buckscienceapp/buckscienceapp/tests/buckscience.tests/bin/debug/net8.0/buckscience.tests.dll" id="d9e9dfd4-db91-4986-9bbe-4cae120c9790">
      <Execution id="7f99f55e-a342-4db8-9547-f8c6cdd61ebc" />
      <TestMethod codeBase="/home/runner/work/BuckScienceApp/BuckScienceApp/tests/BuckScience.Tests/bin/Debug/net8.0/BuckScience.Tests.dll" adapterTypeName="executor://xunit/VsTestRunner2/netcoreapp" className="BuckScience.Tests.Application.FeatureWeights.UpdateFeatureWeightsTests" name="UpdateFeatureWeights_MultipleUpdates_SetsEachCorrectly" />
    </UnitTest>
    <UnitTest name="BuckScience.Tests.Application.SeasonMonthMappingServiceTests.GetMonthsForPropertyAsync_WithoutOverrides_ReturnsCorrectDefaults(season: PostRut, expectedMonths: [12])" storage="/home/runner/work/buckscienceapp/buckscienceapp/tests/buckscience.tests/bin/debug/net8.0/buckscience.tests.dll" id="7c2d9e42-a64f-2cb9-82f9-1e417facca20">
      <Execution id="218bfd9f-1b55-4c6c-9093-ea2ac7d1a0cc" />
      <TestMethod codeBase="/home/runner/work/BuckScienceApp/BuckScienceApp/tests/BuckScience.Tests/bin/Debug/net8.0/BuckScience.Tests.dll" adapterTypeName="executor://xunit/VsTestRunner2/netcoreapp" className="BuckScience.Tests.Application.SeasonMonthMappingServiceTests" name="GetMonthsForPropertyAsync_WithoutOverrides_ReturnsCorrectDefaults" />
    </UnitTest>
    <UnitTest name="BuckScience.Tests.PhotoFilteringUrlExamples.BuildFilters_CameraParameters_ShouldParseCorrectly(cameras: &quot;1,5,10&quot;, expectedCameras: [1, 5, 10])" storage="/home/runner/work/buckscienceapp/buckscienceapp/tests/buckscience.tests/bin/debug/net8.0/buckscience.tests.dll" id="0249bb7c-cd9a-b690-46ba-3252e9d64885">
      <Execution id="0c3f89d1-6da4-4512-a535-2119d4b128a5" />
      <TestMethod codeBase="/home/runner/work/BuckScienceApp/BuckScienceApp/tests/BuckScience.Tests/bin/Debug/net8.0/BuckScience.Tests.dll" adapterTypeName="executor://xunit/VsTestRunner2/netcoreapp" className="BuckScience.Tests.PhotoFilteringUrlExamples" name="BuildFilters_CameraParameters_ShouldParseCorrectly" />
    </UnitTest>
    <UnitTest name="BuckScience.Tests.Domain.FeatureWeightTests.FeatureWeight_SetSeasonalWeights_SetsIsCustomToTrue" storage="/home/runner/work/buckscienceapp/buckscienceapp/tests/buckscience.tests/bin/debug/net8.0/buckscience.tests.dll" id="d6776beb-14db-e4df-c8a3-8f90548062bb">
      <Execution id="ebcb806c-a23a-42ab-9a12-c7423cfc2336" />
      <TestMethod codeBase="/home/runner/work/BuckScienceApp/BuckScienceApp/tests/BuckScience.Tests/bin/Debug/net8.0/BuckScience.Tests.dll" adapterTypeName="executor://xunit/VsTestRunner2/netcoreapp" className="BuckScience.Tests.Domain.FeatureWeightTests" name="FeatureWeight_SetSeasonalWeights_SetsIsCustomToTrue" />
    </UnitTest>
    <UnitTest name="BuckScience.Tests.Domain.PropertyFeatureTests.SetWeight_WithInvalidWeight_ThrowsArgumentOutOfRangeException(weight: -0.100000001)" storage="/home/runner/work/buckscienceapp/buckscienceapp/tests/buckscience.tests/bin/debug/net8.0/buckscience.tests.dll" id="6312f765-830a-9014-ae5b-70adf30832c5">
      <Execution id="f97e96b8-6ccb-4993-874f-57c31838e33e" />
      <TestMethod codeBase="/home/runner/work/BuckScienceApp/BuckScienceApp/tests/BuckScience.Tests/bin/Debug/net8.0/BuckScience.Tests.dll" adapterTypeName="executor://xunit/VsTestRunner2/netcoreapp" className="BuckScience.Tests.Domain.PropertyFeatureTests" name="SetWeight_WithInvalidWeight_ThrowsArgumentOutOfRangeException" />
    </UnitTest>
    <UnitTest name="BuckScience.Tests.Domain.PropertySeasonMonthsOverrideTests.PropertySeasonMonthsOverride_RoundTripSerialization_MaintainsData(months: [1])" storage="/home/runner/work/buckscienceapp/buckscienceapp/tests/buckscience.tests/bin/debug/net8.0/buckscience.tests.dll" id="e7727167-90de-6177-0043-c32edeea9377">
      <Execution id="db483638-a673-467c-8b11-265e042ac6f2" />
      <TestMethod codeBase="/home/runner/work/BuckScienceApp/BuckScienceApp/tests/BuckScience.Tests/bin/Debug/net8.0/BuckScience.Tests.dll" adapterTypeName="executor://xunit/VsTestRunner2/netcoreapp" className="BuckScience.Tests.Domain.PropertySeasonMonthsOverrideTests" name="PropertySeasonMonthsOverride_RoundTripSerialization_MaintainsData" />
    </UnitTest>
    <UnitTest name="BuckScience.Tests.CameraCreateVmTests.CameraCreateVm_DirectionSync_ShouldWorkForAllDirections(direction: E, expectedDegrees: 90)" storage="/home/runner/work/buckscienceapp/buckscienceapp/tests/buckscience.tests/bin/debug/net8.0/buckscience.tests.dll" id="9b0f50d1-0319-2e52-3133-7e2638dde793">
      <Execution id="e100a967-20f4-4150-8d29-9a9f7dc90225" />
      <TestMethod codeBase="/home/runner/work/BuckScienceApp/BuckScienceApp/tests/BuckScience.Tests/bin/Debug/net8.0/BuckScience.Tests.dll" adapterTypeName="executor://xunit/VsTestRunner2/netcoreapp" className="BuckScience.Tests.CameraCreateVmTests" name="CameraCreateVm_DirectionSync_ShouldWorkForAllDirections" />
    </UnitTest>
    <UnitTest name="BuckScience.Tests.DirectionHelperTests.ToFloat_ShouldReturnCorrectDegrees(direction: S, expectedDegrees: 180)" storage="/home/runner/work/buckscienceapp/buckscienceapp/tests/buckscience.tests/bin/debug/net8.0/buckscience.tests.dll" id="87e55bdd-4276-ed24-3a0c-df1323a9e2c9">
      <Execution id="98b7e3a2-e4ac-4032-bd65-365a6011dd2f" />
      <TestMethod codeBase="/home/runner/work/BuckScienceApp/BuckScienceApp/tests/BuckScience.Tests/bin/Debug/net8.0/BuckScience.Tests.dll" adapterTypeName="executor://xunit/VsTestRunner2/netcoreapp" className="BuckScience.Tests.DirectionHelperTests" name="ToFloat_ShouldReturnCorrectDegrees" />
    </UnitTest>
    <UnitTest name="BuckScience.Tests.DirectionHelperTests.GetDisplayName_ShouldReturnCorrectDisplayNames" storage="/home/runner/work/buckscienceapp/buckscienceapp/tests/buckscience.tests/bin/debug/net8.0/buckscience.tests.dll" id="2b789b90-6459-6d41-420f-e5502ba7ca12">
      <Execution id="83df680b-399e-487a-9750-890563cc2893" />
      <TestMethod codeBase="/home/runner/work/BuckScienceApp/BuckScienceApp/tests/BuckScience.Tests/bin/Debug/net8.0/BuckScience.Tests.dll" adapterTypeName="executor://xunit/VsTestRunner2/netcoreapp" className="BuckScience.Tests.DirectionHelperTests" name="GetDisplayName_ShouldReturnCorrectDisplayNames" />
    </UnitTest>
    <UnitTest name="BuckScience.Tests.PhotoFilteringIntegrationTests.BuildFilters_WithTemperatureRange_ReturnsFiltersWithTemperature" storage="/home/runner/work/buckscienceapp/buckscienceapp/tests/buckscience.tests/bin/debug/net8.0/buckscience.tests.dll" id="a1855258-2f38-7695-fb75-dcfca8f4ee44">
      <Execution id="37689c96-58d7-4bd0-ad7b-ff3a703b9a45" />
      <TestMethod codeBase="/home/runner/work/BuckScienceApp/BuckScienceApp/tests/BuckScience.Tests/bin/Debug/net8.0/BuckScience.Tests.dll" adapterTypeName="executor://xunit/VsTestRunner2/netcoreapp" className="BuckScience.Tests.PhotoFilteringIntegrationTests" name="BuildFilters_WithTemperatureRange_ReturnsFiltersWithTemperature" />
    </UnitTest>
    <UnitTest name="BuckScience.Tests.Domain.FeatureWeightTests.FeatureWeightHelper_GetDisplayName_ReturnsReadableNames" storage="/home/runner/work/buckscienceapp/buckscienceapp/tests/buckscience.tests/bin/debug/net8.0/buckscience.tests.dll" id="531c078f-331c-97b0-43b5-206453bfc074">
      <Execution id="42e3f316-f840-4226-8136-af7493a1281c" />
      <TestMethod codeBase="/home/runner/work/BuckScienceApp/BuckScienceApp/tests/BuckScience.Tests/bin/Debug/net8.0/BuckScience.Tests.dll" adapterTypeName="executor://xunit/VsTestRunner2/netcoreapp" className="BuckScience.Tests.Domain.FeatureWeightTests" name="FeatureWeightHelper_GetDisplayName_ReturnsReadableNames" />
    </UnitTest>
    <UnitTest name="BuckScience.Tests.DirectionHelperTests.FromFloat_ShouldReturnCorrectDirection(degrees: 135, expectedDirection: SE)" storage="/home/runner/work/buckscienceapp/buckscienceapp/tests/buckscience.tests/bin/debug/net8.0/buckscience.tests.dll" id="4bb73173-b83c-b642-8102-032feaeaf8ff">
      <Execution id="c2b9e3f2-5b59-44a6-9fce-9c862df65ce7" />
      <TestMethod codeBase="/home/runner/work/BuckScienceApp/BuckScienceApp/tests/BuckScience.Tests/bin/Debug/net8.0/BuckScience.Tests.dll" adapterTypeName="executor://xunit/VsTestRunner2/netcoreapp" className="BuckScience.Tests.DirectionHelperTests" name="FromFloat_ShouldReturnCorrectDirection" />
    </UnitTest>
    <UnitTest name="BuckScience.Tests.Web.Helpers.WeatherHelpersTests.ConvertWindDirectionTextToNumeric_CaseInsensitive_Works" storage="/home/runner/work/buckscienceapp/buckscienceapp/tests/buckscience.tests/bin/debug/net8.0/buckscience.tests.dll" id="57fdcf56-cdf1-9f39-baba-1b1c695971d5">
      <Execution id="d85e6c9d-9a21-4f47-9850-2d01d331ea45" />
      <TestMethod codeBase="/home/runner/work/BuckScienceApp/BuckScienceApp/tests/BuckScience.Tests/bin/Debug/net8.0/BuckScience.Tests.dll" adapterTypeName="executor://xunit/VsTestRunner2/netcoreapp" className="BuckScience.Tests.Web.Helpers.WeatherHelpersTests" name="ConvertWindDirectionTextToNumeric_CaseInsensitive_Works" />
    </UnitTest>
    <UnitTest name="BuckScience.Tests.Web.Helpers.WeatherHelpersTests.ConvertWindDirectionTextToNumeric_ValidDirections_ReturnsCorrectDegrees(direction: &quot;NNE&quot;, expected: 22.5)" storage="/home/runner/work/buckscienceapp/buckscienceapp/tests/buckscience.tests/bin/debug/net8.0/buckscience.tests.dll" id="1634510e-087e-a71c-61ba-55901a3677cc">
      <Execution id="8d47ac25-519e-4e53-950a-5d269b0751c3" />
      <TestMethod codeBase="/home/runner/work/BuckScienceApp/BuckScienceApp/tests/BuckScience.Tests/bin/Debug/net8.0/BuckScience.Tests.dll" adapterTypeName="executor://xunit/VsTestRunner2/netcoreapp" className="BuckScience.Tests.Web.Helpers.WeatherHelpersTests" name="ConvertWindDirectionTextToNumeric_ValidDirections_ReturnsCorrectDegrees" />
    </UnitTest>
    <UnitTest name="BuckScience.Tests.Domain.PropertySeasonMonthsOverrideTests.PropertySeasonMonthsOverride_SetMonths_WithNullMonths_ClearsMonths" storage="/home/runner/work/buckscienceapp/buckscienceapp/tests/buckscience.tests/bin/debug/net8.0/buckscience.tests.dll" id="d5e7318a-a156-7dde-f329-f35fdf925ffa">
      <Execution id="2f92804f-45c5-4a64-b07b-ecc50d243821" />
      <TestMethod codeBase="/home/runner/work/BuckScienceApp/BuckScienceApp/tests/BuckScience.Tests/bin/Debug/net8.0/BuckScience.Tests.dll" adapterTypeName="executor://xunit/VsTestRunner2/netcoreapp" className="BuckScience.Tests.Domain.PropertySeasonMonthsOverrideTests" name="PropertySeasonMonthsOverride_SetMonths_WithNullMonths_ClearsMonths" />
    </UnitTest>
    <UnitTest name="BuckScience.Tests.Web.Helpers.WeatherHelpersTests.ConvertWindDirectionTextToNumeric_InvalidText_ReturnsNull(direction: &quot;Invalid&quot;)" storage="/home/runner/work/buckscienceapp/buckscienceapp/tests/buckscience.tests/bin/debug/net8.0/buckscience.tests.dll" id="5258a2d0-41cb-c3df-1e8f-eff8f92d5e7f">
      <Execution id="ec3a25ab-9352-4be2-8478-21291bdffd01" />
      <TestMethod codeBase="/home/runner/work/BuckScienceApp/BuckScienceApp/tests/BuckScience.Tests/bin/Debug/net8.0/BuckScience.Tests.dll" adapterTypeName="executor://xunit/VsTestRunner2/netcoreapp" className="BuckScience.Tests.Web.Helpers.WeatherHelpersTests" name="ConvertWindDirectionTextToNumeric_InvalidText_ReturnsNull" />
    </UnitTest>
    <UnitTest name="BuckScience.Tests.FeatureHelperTests.CategoryMapping_ShouldContainAllClassificationTypes" storage="/home/runner/work/buckscienceapp/buckscienceapp/tests/buckscience.tests/bin/debug/net8.0/buckscience.tests.dll" id="e6b5dbec-3ede-e88e-98ad-309ef50c1b15">
      <Execution id="177a90c6-f1f8-4fe0-8471-ef786381d699" />
      <TestMethod codeBase="/home/runner/work/BuckScienceApp/BuckScienceApp/tests/BuckScience.Tests/bin/Debug/net8.0/BuckScience.Tests.dll" adapterTypeName="executor://xunit/VsTestRunner2/netcoreapp" className="BuckScience.Tests.FeatureHelperTests" name="CategoryMapping_ShouldContainAllClassificationTypes" />
    </UnitTest>
    <UnitTest name="BuckScience.Tests.Domain.MonthsAttributeTests.MonthsAttribute_Constructor_WithInvalidMonth_ThrowsArgumentOutOfRangeException(invalidMonth: 25)" storage="/home/runner/work/buckscienceapp/buckscienceapp/tests/buckscience.tests/bin/debug/net8.0/buckscience.tests.dll" id="725e041b-cd4a-19c3-f7e9-4d20b2961a86">
      <Execution id="eaa21a2b-cd45-42e2-9e50-beb0dec55972" />
      <TestMethod codeBase="/home/runner/work/BuckScienceApp/BuckScienceApp/tests/BuckScience.Tests/bin/Debug/net8.0/BuckScience.Tests.dll" adapterTypeName="executor://xunit/VsTestRunner2/netcoreapp" className="BuckScience.Tests.Domain.MonthsAttributeTests" name="MonthsAttribute_Constructor_WithInvalidMonth_ThrowsArgumentOutOfRangeException" />
    </UnitTest>
    <UnitTest name="BuckScience.Tests.Domain.MonthsAttributeTests.MonthsAttribute_Constructor_WithBoundaryValidMonths_SetsMonthsCorrectly(month: 12)" storage="/home/runner/work/buckscienceapp/buckscienceapp/tests/buckscience.tests/bin/debug/net8.0/buckscience.tests.dll" id="231e01f7-8ce3-c622-6ddb-f4a558f73635">
      <Execution id="21e72301-c2b5-41a2-a030-fd86a72d7b05" />
      <TestMethod codeBase="/home/runner/work/BuckScienceApp/BuckScienceApp/tests/BuckScience.Tests/bin/Debug/net8.0/BuckScience.Tests.dll" adapterTypeName="executor://xunit/VsTestRunner2/netcoreapp" className="BuckScience.Tests.Domain.MonthsAttributeTests" name="MonthsAttribute_Constructor_WithBoundaryValidMonths_SetsMonthsCorrectly" />
    </UnitTest>
    <UnitTest name="BuckScience.Tests.Domain.PropertySeasonMonthsOverrideTests.PropertySeasonMonthsOverride_Constructor_WithInvalidPropertyId_ThrowsArgumentOutOfRangeException(invalidPropertyId: 0)" storage="/home/runner/work/buckscienceapp/buckscienceapp/tests/buckscience.tests/bin/debug/net8.0/buckscience.tests.dll" id="8106ff23-bb8f-04f9-7754-208ee15e0e54">
      <Execution id="79cacb88-504d-4ea6-a91f-8cbdebc3349d" />
      <TestMethod codeBase="/home/runner/work/BuckScienceApp/BuckScienceApp/tests/BuckScience.Tests/bin/Debug/net8.0/BuckScience.Tests.dll" adapterTypeName="executor://xunit/VsTestRunner2/netcoreapp" className="BuckScience.Tests.Domain.PropertySeasonMonthsOverrideTests" name="PropertySeasonMonthsOverride_Constructor_WithInvalidPropertyId_ThrowsArgumentOutOfRangeException" />
    </UnitTest>
    <UnitTest name="BuckScience.Tests.CameraCreateVmTests.CameraCreateVm_ShouldIncludePropertyCoordinates" storage="/home/runner/work/buckscienceapp/buckscienceapp/tests/buckscience.tests/bin/debug/net8.0/buckscience.tests.dll" id="65305c54-3e3e-31b1-f5dd-4a4bc66b7c08">
      <Execution id="54d0ba1e-7d84-4f8d-995a-4bab8286a30b" />
      <TestMethod codeBase="/home/runner/work/BuckScienceApp/BuckScienceApp/tests/BuckScience.Tests/bin/Debug/net8.0/BuckScience.Tests.dll" adapterTypeName="executor://xunit/VsTestRunner2/netcoreapp" className="BuckScience.Tests.CameraCreateVmTests" name="CameraCreateVm_ShouldIncludePropertyCoordinates" />
    </UnitTest>
    <UnitTest name="BuckScience.Tests.PhotoUploadIntegrationTests.PhotoUpload_WithCameraPlacement_ShouldAssociatePlacementHistory" storage="/home/runner/work/buckscienceapp/buckscienceapp/tests/buckscience.tests/bin/debug/net8.0/buckscience.tests.dll" id="e9f8fc86-f5b4-af50-fd5d-96735f013b0a">
      <Execution id="f0645a53-d98b-478a-b2cb-7583ceca3045" />
      <TestMethod codeBase="/home/runner/work/BuckScienceApp/BuckScienceApp/tests/BuckScience.Tests/bin/Debug/net8.0/BuckScience.Tests.dll" adapterTypeName="executor://xunit/VsTestRunner2/netcoreapp" className="BuckScience.Tests.PhotoUploadIntegrationTests" name="PhotoUpload_WithCameraPlacement_ShouldAssociatePlacementHistory" />
    </UnitTest>
    <UnitTest name="BuckScience.Tests.CameraCreateVmTests.CameraCreateVm_DirectionSync_ShouldWorkForAllDirections(direction: NE, expectedDegrees: 45)" storage="/home/runner/work/buckscienceapp/buckscienceapp/tests/buckscience.tests/bin/debug/net8.0/buckscience.tests.dll" id="3e754e7c-3120-cf7a-7a68-ce1c9a477533">
      <Execution id="03383fe5-22cd-421a-a57b-f4873a35f151" />
      <TestMethod codeBase="/home/runner/work/BuckScienceApp/BuckScienceApp/tests/BuckScience.Tests/bin/Debug/net8.0/BuckScience.Tests.dll" adapterTypeName="executor://xunit/VsTestRunner2/netcoreapp" className="BuckScience.Tests.CameraCreateVmTests" name="CameraCreateVm_DirectionSync_ShouldWorkForAllDirections" />
    </UnitTest>
    <UnitTest name="BuckScience.Tests.FeatureHelperTests.GetCategory_ShouldReturnCorrectCategoryForFoodResources" storage="/home/runner/work/buckscienceapp/buckscienceapp/tests/buckscience.tests/bin/debug/net8.0/buckscience.tests.dll" id="6acfe581-a1ff-0243-6a25-fa30ab98af8f">
      <Execution id="4075472a-ff7c-422c-9b65-3dccc964dda1" />
      <TestMethod codeBase="/home/runner/work/BuckScienceApp/BuckScienceApp/tests/BuckScience.Tests/bin/Debug/net8.0/BuckScience.Tests.dll" adapterTypeName="executor://xunit/VsTestRunner2/netcoreapp" className="BuckScience.Tests.FeatureHelperTests" name="GetCategory_ShouldReturnCorrectCategoryForFoodResources" />
    </UnitTest>
    <UnitTest name="BuckScience.Tests.Domain.PropertyFeatureTests.Constructor_WithWeight_SetsWeightCorrectly" storage="/home/runner/work/buckscienceapp/buckscienceapp/tests/buckscience.tests/bin/debug/net8.0/buckscience.tests.dll" id="0161b4d2-48af-5756-816a-41884dcebe59">
      <Execution id="22d0ff4e-b774-48f3-84b8-a5a7c9d7e90d" />
      <TestMethod codeBase="/home/runner/work/BuckScienceApp/BuckScienceApp/tests/BuckScience.Tests/bin/Debug/net8.0/BuckScience.Tests.dll" adapterTypeName="executor://xunit/VsTestRunner2/netcoreapp" className="BuckScience.Tests.Domain.PropertyFeatureTests" name="Constructor_WithWeight_SetsWeightCorrectly" />
    </UnitTest>
    <UnitTest name="BuckScience.Tests.CameraCreateVmTests.CameraCreateVm_DirectionSync_ShouldWorkForAllDirections(direction: N, expectedDegrees: 0)" storage="/home/runner/work/buckscienceapp/buckscienceapp/tests/buckscience.tests/bin/debug/net8.0/buckscience.tests.dll" id="517f9dbf-42b8-6c68-c79b-d5d973668018">
      <Execution id="88600183-05b3-480a-804c-7976705c1194" />
      <TestMethod codeBase="/home/runner/work/BuckScienceApp/BuckScienceApp/tests/BuckScience.Tests/bin/Debug/net8.0/BuckScience.Tests.dll" adapterTypeName="executor://xunit/VsTestRunner2/netcoreapp" className="BuckScience.Tests.CameraCreateVmTests" name="CameraCreateVm_DirectionSync_ShouldWorkForAllDirections" />
    </UnitTest>
    <UnitTest name="BuckScience.Tests.Domain.PropertySeasonMonthsOverrideTests.PropertySeasonMonthsOverride_SetMonths_WithInvalidMonths_ThrowsArgumentOutOfRangeException(invalidMonths: [1, 0, 5])" storage="/home/runner/work/buckscienceapp/buckscienceapp/tests/buckscience.tests/bin/debug/net8.0/buckscience.tests.dll" id="2d42558b-0e16-1806-a5ca-7006bc54a2c7">
      <Execution id="cb780eee-1276-4b38-8fb6-5d3885d48628" />
      <TestMethod codeBase="/home/runner/work/BuckScienceApp/BuckScienceApp/tests/BuckScience.Tests/bin/Debug/net8.0/BuckScience.Tests.dll" adapterTypeName="executor://xunit/VsTestRunner2/netcoreapp" className="BuckScience.Tests.Domain.PropertySeasonMonthsOverrideTests" name="PropertySeasonMonthsOverride_SetMonths_WithInvalidMonths_ThrowsArgumentOutOfRangeException" />
    </UnitTest>
    <UnitTest name="BuckScience.Tests.Domain.FeatureWeightTests.FeatureWeight_UpdateUserWeight_WithSameAsDefaultWeight_DoesNotSetIsCustom" storage="/home/runner/work/buckscienceapp/buckscienceapp/tests/buckscience.tests/bin/debug/net8.0/buckscience.tests.dll" id="fdc90908-8368-ee5f-7b4f-9fee688fecb2">
      <Execution id="bbe738b4-3a37-4c7d-a664-1ce852e5dd4f" />
      <TestMethod codeBase="/home/runner/work/BuckScienceApp/BuckScienceApp/tests/BuckScience.Tests/bin/Debug/net8.0/BuckScience.Tests.dll" adapterTypeName="executor://xunit/VsTestRunner2/netcoreapp" className="BuckScience.Tests.Domain.FeatureWeightTests" name="FeatureWeight_UpdateUserWeight_WithSameAsDefaultWeight_DoesNotSetIsCustom" />
    </UnitTest>
    <UnitTest name="BuckScience.Tests.Web.Helpers.WeatherHelpersTests.ConvertWindDirectionTextToNumeric_InvalidText_ReturnsNull(direction: &quot;North&quot;)" storage="/home/runner/work/buckscienceapp/buckscienceapp/tests/buckscience.tests/bin/debug/net8.0/buckscience.tests.dll" id="94acb547-5f92-9634-547a-02395bd6053e">
      <Execution id="3acdc0f1-0c28-4beb-a613-10fdddda3f0b" />
      <TestMethod codeBase="/home/runner/work/BuckScienceApp/BuckScienceApp/tests/BuckScience.Tests/bin/Debug/net8.0/BuckScience.Tests.dll" adapterTypeName="executor://xunit/VsTestRunner2/netcoreapp" className="BuckScience.Tests.Web.Helpers.WeatherHelpersTests" name="ConvertWindDirectionTextToNumeric_InvalidText_ReturnsNull" />
    </UnitTest>
    <UnitTest name="BuckScience.Tests.WeatherConfigurationTests.WeatherSettings_ShouldBindFromConfiguration" storage="/home/runner/work/buckscienceapp/buckscienceapp/tests/buckscience.tests/bin/debug/net8.0/buckscience.tests.dll" id="6d9ecacc-771f-c0f8-81b8-e7f5f5ecfa5f">
      <Execution id="eb78a5ed-7ba7-4f96-8752-2e9bea0e824d" />
      <TestMethod codeBase="/home/runner/work/BuckScienceApp/BuckScienceApp/tests/BuckScience.Tests/bin/Debug/net8.0/BuckScience.Tests.dll" adapterTypeName="executor://xunit/VsTestRunner2/netcoreapp" className="BuckScience.Tests.WeatherConfigurationTests" name="WeatherSettings_ShouldBindFromConfiguration" />
    </UnitTest>
    <UnitTest name="BuckScience.Tests.WeatherServiceTests.RoundCoordinates_ShouldRoundTo1DecimalPlace" storage="/home/runner/work/buckscienceapp/buckscienceapp/tests/buckscience.tests/bin/debug/net8.0/buckscience.tests.dll" id="dab68c95-06ed-1b25-9b7e-b55b2972fccc">
      <Execution id="79c06f38-af6b-47e8-8392-2c39bcd4de1f" />
      <TestMethod codeBase="/home/runner/work/BuckScienceApp/BuckScienceApp/tests/BuckScience.Tests/bin/Debug/net8.0/BuckScience.Tests.dll" adapterTypeName="executor://xunit/VsTestRunner2/netcoreapp" className="BuckScience.Tests.WeatherServiceTests" name="RoundCoordinates_ShouldRoundTo1DecimalPlace" />
    </UnitTest>
    <UnitTest name="BuckScience.Tests.CameraCreateVmTests.CameraCreateVm_PropertyCoordinates_ShouldBeInitializedToZero" storage="/home/runner/work/buckscienceapp/buckscienceapp/tests/buckscience.tests/bin/debug/net8.0/buckscience.tests.dll" id="3b62dc28-12fd-93fe-6512-390293682652">
      <Execution id="2f9b6e28-9f66-40d0-8c7e-349fca9035f9" />
      <TestMethod codeBase="/home/runner/work/BuckScienceApp/BuckScienceApp/tests/BuckScience.Tests/bin/Debug/net8.0/BuckScience.Tests.dll" adapterTypeName="executor://xunit/VsTestRunner2/netcoreapp" className="BuckScience.Tests.CameraCreateVmTests" name="CameraCreateVm_PropertyCoordinates_ShouldBeInitializedToZero" />
    </UnitTest>
    <UnitTest name="BuckScience.Tests.Domain.FeatureWeightTests.FeatureWeight_UpdateUserWeight_WithSameAsDefaultWeight_StaysCustomIfSeasonalWeightsExist" storage="/home/runner/work/buckscienceapp/buckscienceapp/tests/buckscience.tests/bin/debug/net8.0/buckscience.tests.dll" id="c7b04d5c-7711-e414-f9c1-9d377a8af2ec">
      <Execution id="81ed0c47-3b5f-4644-accc-36be15943fa7" />
      <TestMethod codeBase="/home/runner/work/BuckScienceApp/BuckScienceApp/tests/BuckScience.Tests/bin/Debug/net8.0/BuckScience.Tests.dll" adapterTypeName="executor://xunit/VsTestRunner2/netcoreapp" className="BuckScience.Tests.Domain.FeatureWeightTests" name="FeatureWeight_UpdateUserWeight_WithSameAsDefaultWeight_StaysCustomIfSeasonalWeightsExist" />
    </UnitTest>
    <UnitTest name="BuckScience.Tests.CameraEditVmTests.CameraEditVm_SyncSelectionFromDirection_ShouldUpdateDirectionSelection" storage="/home/runner/work/buckscienceapp/buckscienceapp/tests/buckscience.tests/bin/debug/net8.0/buckscience.tests.dll" id="d40d14e6-e55e-a2ee-7c2d-3f2b4d1650c4">
      <Execution id="4c976c15-4d3c-4991-b6a9-d2d58ab8cc0e" />
      <TestMethod codeBase="/home/runner/work/BuckScienceApp/BuckScienceApp/tests/BuckScience.Tests/bin/Debug/net8.0/BuckScience.Tests.dll" adapterTypeName="executor://xunit/VsTestRunner2/netcoreapp" className="BuckScience.Tests.CameraEditVmTests" name="CameraEditVm_SyncSelectionFromDirection_ShouldUpdateDirectionSelection" />
    </UnitTest>
    <UnitTest name="BuckScience.Tests.Web.Helpers.WeatherHelpersTests.ConvertWindDirectionToText_VariousAngles_ReturnsCorrectDirection(degrees: 22.5, expected: &quot;NNE&quot;)" storage="/home/runner/work/buckscienceapp/buckscienceapp/tests/buckscience.tests/bin/debug/net8.0/buckscience.tests.dll" id="33aaf4d3-9999-0bc6-ded9-bd2870cebad9">
      <Execution id="fe311ed9-70f3-49ed-baf0-487a4d22fcea" />
      <TestMethod codeBase="/home/runner/work/BuckScienceApp/BuckScienceApp/tests/BuckScience.Tests/bin/Debug/net8.0/BuckScience.Tests.dll" adapterTypeName="executor://xunit/VsTestRunner2/netcoreapp" className="BuckScience.Tests.Web.Helpers.WeatherHelpersTests" name="ConvertWindDirectionToText_VariousAngles_ReturnsCorrectDirection" />
    </UnitTest>
    <UnitTest name="BuckScience.Tests.Domain.FeatureWeightTests.FeatureWeight_NullSeasonalWeights_ReturnsNullFromGetter" storage="/home/runner/work/buckscienceapp/buckscienceapp/tests/buckscience.tests/bin/debug/net8.0/buckscience.tests.dll" id="5586d107-f84a-20c0-07c2-a380e15c327c">
      <Execution id="3143a1a3-048c-4e81-9061-423233e3d48c" />
      <TestMethod codeBase="/home/runner/work/BuckScienceApp/BuckScienceApp/tests/BuckScience.Tests/bin/Debug/net8.0/BuckScience.Tests.dll" adapterTypeName="executor://xunit/VsTestRunner2/netcoreapp" className="BuckScience.Tests.Domain.FeatureWeightTests" name="FeatureWeight_NullSeasonalWeights_ReturnsNullFromGetter" />
    </UnitTest>
    <UnitTest name="BuckScience.Tests.Application.FeatureWeights.UpdateFeatureWeightsTests.UpdateFeatureWeights_SendingUnchangedValues_DoesNotTriggerCustomFlag" storage="/home/runner/work/buckscienceapp/buckscienceapp/tests/buckscience.tests/bin/debug/net8.0/buckscience.tests.dll" id="3ab77925-e532-466c-f70d-fb6c68a8918c">
      <Execution id="18950a7d-72d6-49f3-a8fa-74dc35db881a" />
      <TestMethod codeBase="/home/runner/work/BuckScienceApp/BuckScienceApp/tests/BuckScience.Tests/bin/Debug/net8.0/BuckScience.Tests.dll" adapterTypeName="executor://xunit/VsTestRunner2/netcoreapp" className="BuckScience.Tests.Application.FeatureWeights.UpdateFeatureWeightsTests" name="UpdateFeatureWeights_SendingUnchangedValues_DoesNotTriggerCustomFlag" />
    </UnitTest>
    <UnitTest name="BuckScience.Tests.CameraPlacementHistoryTests.Camera_PlaceAt_ShouldCreateNewPlacementHistory" storage="/home/runner/work/buckscienceapp/buckscienceapp/tests/buckscience.tests/bin/debug/net8.0/buckscience.tests.dll" id="be89a856-c15c-81ed-5ddb-4973639d716d">
      <Execution id="66119199-1ba2-4b1c-92a0-ca7be4354bbf" />
      <TestMethod codeBase="/home/runner/work/BuckScienceApp/BuckScienceApp/tests/BuckScience.Tests/bin/Debug/net8.0/BuckScience.Tests.dll" adapterTypeName="executor://xunit/VsTestRunner2/netcoreapp" className="BuckScience.Tests.CameraPlacementHistoryTests" name="Camera_PlaceAt_ShouldCreateNewPlacementHistory" />
    </UnitTest>
    <UnitTest name="BuckScience.Tests.PhotoFiltersTests.PhotoFilters_HasAnyFilters_ReturnsFalseWhenNoFiltersSet" storage="/home/runner/work/buckscienceapp/buckscienceapp/tests/buckscience.tests/bin/debug/net8.0/buckscience.tests.dll" id="8c733a46-a4ea-1620-69ec-bdd69e48dc0b">
      <Execution id="d4d6766c-e8b2-44ba-b83f-bcb4249f4821" />
      <TestMethod codeBase="/home/runner/work/BuckScienceApp/BuckScienceApp/tests/BuckScience.Tests/bin/Debug/net8.0/BuckScience.Tests.dll" adapterTypeName="executor://xunit/VsTestRunner2/netcoreapp" className="BuckScience.Tests.PhotoFiltersTests" name="PhotoFilters_HasAnyFilters_ReturnsFalseWhenNoFiltersSet" />
    </UnitTest>
    <UnitTest name="BuckScience.Tests.Domain.PropertySeasonMonthsOverrideTests.PropertySeasonMonthsOverride_Constructor_WithInvalidMonths_ThrowsArgumentOutOfRangeException(invalidMonths: [0, 5, 10])" storage="/home/runner/work/buckscienceapp/buckscienceapp/tests/buckscience.tests/bin/debug/net8.0/buckscience.tests.dll" id="12f16ac3-f6d6-9802-1d09-4301de2f7efc">
      <Execution id="5bff0b79-32aa-4773-9c9b-9d1434b9505d" />
      <TestMethod codeBase="/home/runner/work/BuckScienceApp/BuckScienceApp/tests/BuckScience.Tests/bin/Debug/net8.0/BuckScience.Tests.dll" adapterTypeName="executor://xunit/VsTestRunner2/netcoreapp" className="BuckScience.Tests.Domain.PropertySeasonMonthsOverrideTests" name="PropertySeasonMonthsOverride_Constructor_WithInvalidMonths_ThrowsArgumentOutOfRangeException" />
    </UnitTest>
    <UnitTest name="BuckScience.Tests.PhotoFilteringUrlExamples.BuildFilters_ConditionsParameters_ShouldParseCorrectly(conditions: &quot;Clear,Partly Cloudy,Overcast&quot;, expectedConditions: [&quot;Clear&quot;, &quot;Partly Cloudy&quot;, &quot;Overcast&quot;])" storage="/home/runner/work/buckscienceapp/buckscienceapp/tests/buckscience.tests/bin/debug/net8.0/buckscience.tests.dll" id="73d0473b-eb3b-71b8-da90-00961c42343e">
      <Execution id="7eef0fdb-f341-4740-9593-b6aa1961069a" />
      <TestMethod codeBase="/home/runner/work/BuckScienceApp/BuckScienceApp/tests/BuckScience.Tests/bin/Debug/net8.0/BuckScience.Tests.dll" adapterTypeName="executor://xunit/VsTestRunner2/netcoreapp" className="BuckScience.Tests.PhotoFilteringUrlExamples" name="BuildFilters_ConditionsParameters_ShouldParseCorrectly" />
    </UnitTest>
    <UnitTest name="BuckScience.Tests.Domain.PropertySeasonMonthsOverrideTests.PropertySeasonMonthsOverride_GetMonths_ReturnsCorrectMonths" storage="/home/runner/work/buckscienceapp/buckscienceapp/tests/buckscience.tests/bin/debug/net8.0/buckscience.tests.dll" id="5639502e-a141-45eb-1c4f-81dc941ff67a">
      <Execution id="5c8c516e-a358-434f-b57f-60cb95a00365" />
      <TestMethod codeBase="/home/runner/work/BuckScienceApp/BuckScienceApp/tests/BuckScience.Tests/bin/Debug/net8.0/BuckScience.Tests.dll" adapterTypeName="executor://xunit/VsTestRunner2/netcoreapp" className="BuckScience.Tests.Domain.PropertySeasonMonthsOverrideTests" name="PropertySeasonMonthsOverride_GetMonths_ReturnsCorrectMonths" />
    </UnitTest>
    <UnitTest name="BuckScience.Tests.Domain.PropertyFeatureTests.UpdateWeight_WithNull_SetsWeightToNull" storage="/home/runner/work/buckscienceapp/buckscienceapp/tests/buckscience.tests/bin/debug/net8.0/buckscience.tests.dll" id="b1f7f7a9-9f3c-0788-8363-349e751ff986">
      <Execution id="b62c6126-5b97-431d-8fde-a75f0de4bedf" />
      <TestMethod codeBase="/home/runner/work/BuckScienceApp/BuckScienceApp/tests/BuckScience.Tests/bin/Debug/net8.0/BuckScience.Tests.dll" adapterTypeName="executor://xunit/VsTestRunner2/netcoreapp" className="BuckScience.Tests.Domain.PropertyFeatureTests" name="UpdateWeight_WithNull_SetsWeightToNull" />
    </UnitTest>
    <UnitTest name="BuckScience.Tests.Web.Helpers.WeatherHelpersTests.ConvertWindDirectionTextToNumeric_ValidDirections_ReturnsCorrectDegrees(direction: &quot;S&quot;, expected: 180)" storage="/home/runner/work/buckscienceapp/buckscienceapp/tests/buckscience.tests/bin/debug/net8.0/buckscience.tests.dll" id="e294371f-24bd-e5af-41b0-5a6f22f8d71f">
      <Execution id="e2726417-1d68-4bc6-b3be-6a36d8cb5806" />
      <TestMethod codeBase="/home/runner/work/BuckScienceApp/BuckScienceApp/tests/BuckScience.Tests/bin/Debug/net8.0/BuckScience.Tests.dll" adapterTypeName="executor://xunit/VsTestRunner2/netcoreapp" className="BuckScience.Tests.Web.Helpers.WeatherHelpersTests" name="ConvertWindDirectionTextToNumeric_ValidDirections_ReturnsCorrectDegrees" />
    </UnitTest>
    <UnitTest name="BuckScience.Tests.Domain.FeatureWeightTests.FeatureWeight_Constructor_SetsPropertiesCorrectly" storage="/home/runner/work/buckscienceapp/buckscienceapp/tests/buckscience.tests/bin/debug/net8.0/buckscience.tests.dll" id="3b0de714-8f13-7aca-97ab-ed01b955f773">
      <Execution id="411043c1-4949-41bd-9577-025a7cea5809" />
      <TestMethod codeBase="/home/runner/work/BuckScienceApp/BuckScienceApp/tests/BuckScience.Tests/bin/Debug/net8.0/BuckScience.Tests.dll" adapterTypeName="executor://xunit/VsTestRunner2/netcoreapp" className="BuckScience.Tests.Domain.FeatureWeightTests" name="FeatureWeight_Constructor_SetsPropertiesCorrectly" />
    </UnitTest>
    <UnitTest name="BuckScience.Tests.Web.Helpers.WeatherHelpersTests.ConvertWindDirectionTextToNumeric_ValidDirections_ReturnsCorrectDegrees(direction: &quot;WNW&quot;, expected: 292.5)" storage="/home/runner/work/buckscienceapp/buckscienceapp/tests/buckscience.tests/bin/debug/net8.0/buckscience.tests.dll" id="fa35896d-315e-329a-8dc3-bb5ba3189b52">
      <Execution id="39c80546-27a3-4795-b483-f544fc90cc19" />
      <TestMethod codeBase="/home/runner/work/BuckScienceApp/BuckScienceApp/tests/BuckScience.Tests/bin/Debug/net8.0/BuckScience.Tests.dll" adapterTypeName="executor://xunit/VsTestRunner2/netcoreapp" className="BuckScience.Tests.Web.Helpers.WeatherHelpersTests" name="ConvertWindDirectionTextToNumeric_ValidDirections_ReturnsCorrectDegrees" />
    </UnitTest>
    <UnitTest name="BuckScience.Tests.Web.Helpers.WeatherHelpersTests.ConvertMoonPhaseTextToNumeric_ValidText_ReturnsCorrectValue(text: &quot;Waning Gibbous&quot;, expected: 0.625)" storage="/home/runner/work/buckscienceapp/buckscienceapp/tests/buckscience.tests/bin/debug/net8.0/buckscience.tests.dll" id="fb8ea106-f542-3a06-bc35-d8f4e171c2a2">
      <Execution id="b312f99c-1a59-4835-8a0b-48732399f870" />
      <TestMethod codeBase="/home/runner/work/BuckScienceApp/BuckScienceApp/tests/BuckScience.Tests/bin/Debug/net8.0/BuckScience.Tests.dll" adapterTypeName="executor://xunit/VsTestRunner2/netcoreapp" className="BuckScience.Tests.Web.Helpers.WeatherHelpersTests" name="ConvertMoonPhaseTextToNumeric_ValidText_ReturnsCorrectValue" />
    </UnitTest>
    <UnitTest name="BuckScience.Tests.Web.Helpers.WeatherHelpersTests.ConvertWindDirectionTextToNumeric_ValidDirections_ReturnsCorrectDegrees(direction: &quot;W&quot;, expected: 270)" storage="/home/runner/work/buckscienceapp/buckscienceapp/tests/buckscience.tests/bin/debug/net8.0/buckscience.tests.dll" id="63390816-73a6-312f-e706-2ca3dfa39f0e">
      <Execution id="1b946e94-063a-45e3-bf5a-6c13f434b317" />
      <TestMethod codeBase="/home/runner/work/BuckScienceApp/BuckScienceApp/tests/BuckScience.Tests/bin/Debug/net8.0/BuckScience.Tests.dll" adapterTypeName="executor://xunit/VsTestRunner2/netcoreapp" className="BuckScience.Tests.Web.Helpers.WeatherHelpersTests" name="ConvertWindDirectionTextToNumeric_ValidDirections_ReturnsCorrectDegrees" />
    </UnitTest>
    <UnitTest name="BuckScience.Tests.Web.Helpers.WeatherHelpersTests.WindDirectionOption_Properties_Work" storage="/home/runner/work/buckscienceapp/buckscienceapp/tests/buckscience.tests/bin/debug/net8.0/buckscience.tests.dll" id="6c5bb03b-3d70-308f-aed5-443e0f2530e1">
      <Execution id="159fef50-a4a6-4793-ba73-97edfbb74eb5" />
      <TestMethod codeBase="/home/runner/work/BuckScienceApp/BuckScienceApp/tests/BuckScience.Tests/bin/Debug/net8.0/BuckScience.Tests.dll" adapterTypeName="executor://xunit/VsTestRunner2/netcoreapp" className="BuckScience.Tests.Web.Helpers.WeatherHelpersTests" name="WindDirectionOption_Properties_Work" />
    </UnitTest>
    <UnitTest name="BuckScience.Tests.Web.Helpers.WeatherHelpersTests.ConvertMoonPhaseTextToNumeric_InvalidText_ReturnsNull(text: &quot;&quot;)" storage="/home/runner/work/buckscienceapp/buckscienceapp/tests/buckscience.tests/bin/debug/net8.0/buckscience.tests.dll" id="f2ce22ba-4e0c-a11c-c657-a799ce863a26">
      <Execution id="9c138637-087b-4c61-a470-207bcd805e46" />
      <TestMethod codeBase="/home/runner/work/BuckScienceApp/BuckScienceApp/tests/BuckScience.Tests/bin/Debug/net8.0/BuckScience.Tests.dll" adapterTypeName="executor://xunit/VsTestRunner2/netcoreapp" className="BuckScience.Tests.Web.Helpers.WeatherHelpersTests" name="ConvertMoonPhaseTextToNumeric_InvalidText_ReturnsNull" />
    </UnitTest>
    <UnitTest name="BuckScience.Tests.TaggingSystemTests.AddTagToPhotos_ShouldNotCreateDuplicates" storage="/home/runner/work/buckscienceapp/buckscienceapp/tests/buckscience.tests/bin/debug/net8.0/buckscience.tests.dll" id="994b105a-2d3c-5d2b-62ff-1c998f53f588">
      <Execution id="35892b84-7ac1-4b5f-84d6-d849fef92d7d" />
      <TestMethod codeBase="/home/runner/work/BuckScienceApp/BuckScienceApp/tests/BuckScience.Tests/bin/Debug/net8.0/BuckScience.Tests.dll" adapterTypeName="executor://xunit/VsTestRunner2/netcoreapp" className="BuckScience.Tests.TaggingSystemTests" name="AddTagToPhotos_ShouldNotCreateDuplicates" />
    </UnitTest>
    <UnitTest name="BuckScience.Tests.Domain.PropertyFeatureTests.Constructor_WithInvalidWeight_ThrowsArgumentOutOfRangeException(weight: 2)" storage="/home/runner/work/buckscienceapp/buckscienceapp/tests/buckscience.tests/bin/debug/net8.0/buckscience.tests.dll" id="1d7b16e9-5047-ebb1-e4a1-207c49ea6bcd">
      <Execution id="a35a2e04-2c39-4865-9d01-8f8c35862219" />
      <TestMethod codeBase="/home/runner/work/BuckScienceApp/BuckScienceApp/tests/BuckScience.Tests/bin/Debug/net8.0/BuckScience.Tests.dll" adapterTypeName="executor://xunit/VsTestRunner2/netcoreapp" className="BuckScience.Tests.Domain.PropertyFeatureTests" name="Constructor_WithInvalidWeight_ThrowsArgumentOutOfRangeException" />
    </UnitTest>
    <UnitTest name="BuckScience.Tests.Web.Helpers.WeatherHelpersTests.ConvertWindDirectionTextToNumeric_ValidDirections_ReturnsCorrectDegrees(direction: &quot;SW&quot;, expected: 225)" storage="/home/runner/work/buckscienceapp/buckscienceapp/tests/buckscience.tests/bin/debug/net8.0/buckscience.tests.dll" id="c005721b-05db-8d7a-5eea-e90626721b80">
      <Execution id="fba02c11-7822-4977-9299-da43b52f1f9e" />
      <TestMethod codeBase="/home/runner/work/BuckScienceApp/BuckScienceApp/tests/BuckScience.Tests/bin/Debug/net8.0/BuckScience.Tests.dll" adapterTypeName="executor://xunit/VsTestRunner2/netcoreapp" className="BuckScience.Tests.Web.Helpers.WeatherHelpersTests" name="ConvertWindDirectionTextToNumeric_ValidDirections_ReturnsCorrectDegrees" />
    </UnitTest>
    <UnitTest name="BuckScience.Tests.FeatureHelperTests.GetCategoryName_ShouldReturnCorrectCategoryNames" storage="/home/runner/work/buckscienceapp/buckscienceapp/tests/buckscience.tests/bin/debug/net8.0/buckscience.tests.dll" id="4e68cf9a-2a3a-1e07-4a4f-0cf27d8d2bbb">
      <Execution id="ab1eb72e-ed1f-470c-aed3-0dd48d7df695" />
      <TestMethod codeBase="/home/runner/work/BuckScienceApp/BuckScienceApp/tests/BuckScience.Tests/bin/Debug/net8.0/BuckScience.Tests.dll" adapterTypeName="executor://xunit/VsTestRunner2/netcoreapp" className="BuckScience.Tests.FeatureHelperTests" name="GetCategoryName_ShouldReturnCorrectCategoryNames" />
    </UnitTest>
    <UnitTest name="BuckScience.Tests.PhotoGroupingTests.PropertyPhotosSortBy_ShouldMapCorrectly" storage="/home/runner/work/buckscienceapp/buckscienceapp/tests/buckscience.tests/bin/debug/net8.0/buckscience.tests.dll" id="5caf925d-9bc2-c40c-f14f-bb094f78a12c">
      <Execution id="1864a710-479b-4de3-af7e-f377aca1d209" />
      <TestMethod codeBase="/home/runner/work/BuckScienceApp/BuckScienceApp/tests/BuckScience.Tests/bin/Debug/net8.0/BuckScience.Tests.dll" adapterTypeName="executor://xunit/VsTestRunner2/netcoreapp" className="BuckScience.Tests.PhotoGroupingTests" name="PropertyPhotosSortBy_ShouldMapCorrectly" />
    </UnitTest>
    <UnitTest name="BuckScience.Tests.FeatureHelperTests.GetFeatureName_ShouldReturnCorrectDisplayNames" storage="/home/runner/work/buckscienceapp/buckscienceapp/tests/buckscience.tests/bin/debug/net8.0/buckscience.tests.dll" id="d1c2a2fd-4568-2e97-946f-7480ea03bef1">
      <Execution id="fd5f2efe-c182-43ab-9f19-f5fb0f9c7d56" />
      <TestMethod codeBase="/home/runner/work/BuckScienceApp/BuckScienceApp/tests/BuckScience.Tests/bin/Debug/net8.0/BuckScience.Tests.dll" adapterTypeName="executor://xunit/VsTestRunner2/netcoreapp" className="BuckScience.Tests.FeatureHelperTests" name="GetFeatureName_ShouldReturnCorrectDisplayNames" />
    </UnitTest>
    <UnitTest name="BuckScience.Tests.PhotoFiltersTests.PhotoFilters_HasAnyFilters_ReturnsTrueWhenDateFilterSet" storage="/home/runner/work/buckscienceapp/buckscienceapp/tests/buckscience.tests/bin/debug/net8.0/buckscience.tests.dll" id="5281d8e8-e57c-c45e-69f7-66dd4ef8cb7b">
      <Execution id="1b18094d-ed55-47b7-bc7f-f0d045ce9f41" />
      <TestMethod codeBase="/home/runner/work/BuckScienceApp/BuckScienceApp/tests/BuckScience.Tests/bin/Debug/net8.0/BuckScience.Tests.dll" adapterTypeName="executor://xunit/VsTestRunner2/netcoreapp" className="BuckScience.Tests.PhotoFiltersTests" name="PhotoFilters_HasAnyFilters_ReturnsTrueWhenDateFilterSet" />
    </UnitTest>
    <UnitTest name="BuckScience.Tests.CameraPlacementHistoryTests.Camera_CurrentLocationProperties_ShouldReturnFromPlacementHistory" storage="/home/runner/work/buckscienceapp/buckscienceapp/tests/buckscience.tests/bin/debug/net8.0/buckscience.tests.dll" id="185a6cd6-33af-0e1e-0bd1-2a440f9d65a0">
      <Execution id="4deae9dd-a8f3-4d7d-ae60-ca26dbb527a9" />
      <TestMethod codeBase="/home/runner/work/BuckScienceApp/BuckScienceApp/tests/BuckScience.Tests/bin/Debug/net8.0/BuckScience.Tests.dll" adapterTypeName="executor://xunit/VsTestRunner2/netcoreapp" className="BuckScience.Tests.CameraPlacementHistoryTests" name="Camera_CurrentLocationProperties_ShouldReturnFromPlacementHistory" />
    </UnitTest>
    <UnitTest name="BuckScience.Tests.Domain.MonthsAttributeTests.MonthsAttribute_Constructor_WithEmptyMonths_ThrowsArgumentException" storage="/home/runner/work/buckscienceapp/buckscienceapp/tests/buckscience.tests/bin/debug/net8.0/buckscience.tests.dll" id="752ffb05-78eb-92e0-4e1e-4d5811cca95a">
      <Execution id="77f948e4-707e-4584-86d6-8662d1ee5dc1" />
      <TestMethod codeBase="/home/runner/work/BuckScienceApp/BuckScienceApp/tests/BuckScience.Tests/bin/Debug/net8.0/BuckScience.Tests.dll" adapterTypeName="executor://xunit/VsTestRunner2/netcoreapp" className="BuckScience.Tests.Domain.MonthsAttributeTests" name="MonthsAttribute_Constructor_WithEmptyMonths_ThrowsArgumentException" />
    </UnitTest>
    <UnitTest name="BuckScience.Tests.Web.Helpers.WeatherHelpersTests.StandardWindDirections_Contains16Directions" storage="/home/runner/work/buckscienceapp/buckscienceapp/tests/buckscience.tests/bin/debug/net8.0/buckscience.tests.dll" id="11c53883-3d96-0957-d8a1-9dcf44cb5e78">
      <Execution id="8efc9d06-2551-4af2-80f4-1dce6eb580a0" />
      <TestMethod codeBase="/home/runner/work/BuckScienceApp/BuckScienceApp/tests/BuckScience.Tests/bin/Debug/net8.0/BuckScience.Tests.dll" adapterTypeName="executor://xunit/VsTestRunner2/netcoreapp" className="BuckScience.Tests.Web.Helpers.WeatherHelpersTests" name="StandardWindDirections_Contains16Directions" />
    </UnitTest>
    <UnitTest name="BuckScience.Tests.Application.PropertyFeatureApplicationTests.UpdatePropertyFeature_WithWeight_UpdatesWeight" storage="/home/runner/work/buckscienceapp/buckscienceapp/tests/buckscience.tests/bin/debug/net8.0/buckscience.tests.dll" id="bcc4ea35-2128-3f0c-9022-a8e4dbbfeab6">
      <Execution id="5a0afd6d-251b-4093-93cb-7c5930408a0b" />
      <TestMethod codeBase="/home/runner/work/BuckScienceApp/BuckScienceApp/tests/BuckScience.Tests/bin/Debug/net8.0/BuckScience.Tests.dll" adapterTypeName="executor://xunit/VsTestRunner2/netcoreapp" className="BuckScience.Tests.Application.PropertyFeatureApplicationTests" name="UpdatePropertyFeature_WithWeight_UpdatesWeight" />
    </UnitTest>
    <UnitTest name="BuckScience.Tests.Domain.SeasonExtensionsTests.GetDefaultMonths_Rut_ReturnsCorrectMonths" storage="/home/runner/work/buckscienceapp/buckscienceapp/tests/buckscience.tests/bin/debug/net8.0/buckscience.tests.dll" id="9ad59ac2-75e0-43fa-c7a4-360f06bdf706">
      <Execution id="b4096491-02c5-4061-bb99-a120cd7d5b27" />
      <TestMethod codeBase="/home/runner/work/BuckScienceApp/BuckScienceApp/tests/BuckScience.Tests/bin/Debug/net8.0/BuckScience.Tests.dll" adapterTypeName="executor://xunit/VsTestRunner2/netcoreapp" className="BuckScience.Tests.Domain.SeasonExtensionsTests" name="GetDefaultMonths_Rut_ReturnsCorrectMonths" />
    </UnitTest>
    <UnitTest name="BuckScience.Tests.PhotoFilteringComprehensiveTests.PropertyPhotosVm_WithoutFilters_CorrectProperties" storage="/home/runner/work/buckscienceapp/buckscienceapp/tests/buckscience.tests/bin/debug/net8.0/buckscience.tests.dll" id="d23e84fd-71f4-7bce-d8fe-1741eb8da08e">
      <Execution id="915b12a1-006d-4e06-a59d-885545eadf1f" />
      <TestMethod codeBase="/home/runner/work/BuckScienceApp/BuckScienceApp/tests/BuckScience.Tests/bin/Debug/net8.0/BuckScience.Tests.dll" adapterTypeName="executor://xunit/VsTestRunner2/netcoreapp" className="BuckScience.Tests.PhotoFilteringComprehensiveTests" name="PropertyPhotosVm_WithoutFilters_CorrectProperties" />
    </UnitTest>
    <UnitTest name="BuckScience.Tests.Web.Helpers.WeatherHelpersTests.ConvertMoonPhaseTextToNumeric_ValidText_ReturnsCorrectValue(text: &quot;Waxing Gibbous&quot;, expected: 0.375)" storage="/home/runner/work/buckscienceapp/buckscienceapp/tests/buckscience.tests/bin/debug/net8.0/buckscience.tests.dll" id="1c0d7c7b-e498-3c7a-c145-fce1f6e14e16">
      <Execution id="ff417b64-d787-47f9-9a98-cdbd2717ae1f" />
      <TestMethod codeBase="/home/runner/work/BuckScienceApp/BuckScienceApp/tests/BuckScience.Tests/bin/Debug/net8.0/BuckScience.Tests.dll" adapterTypeName="executor://xunit/VsTestRunner2/netcoreapp" className="BuckScience.Tests.Web.Helpers.WeatherHelpersTests" name="ConvertMoonPhaseTextToNumeric_ValidText_ReturnsCorrectValue" />
    </UnitTest>
    <UnitTest name="BuckScience.Tests.Domain.PropertySeasonMonthsOverrideTests.PropertySeasonMonthsOverride_Constructor_WithNullMonths_ThrowsArgumentNullException" storage="/home/runner/work/buckscienceapp/buckscienceapp/tests/buckscience.tests/bin/debug/net8.0/buckscience.tests.dll" id="a6b7ec4e-8439-0e75-5dff-9c306313533e">
      <Execution id="8bad3029-2868-4e61-87f8-227b79900148" />
      <TestMethod codeBase="/home/runner/work/BuckScienceApp/BuckScienceApp/tests/BuckScience.Tests/bin/Debug/net8.0/BuckScience.Tests.dll" adapterTypeName="executor://xunit/VsTestRunner2/netcoreapp" className="BuckScience.Tests.Domain.PropertySeasonMonthsOverrideTests" name="PropertySeasonMonthsOverride_Constructor_WithNullMonths_ThrowsArgumentNullException" />
    </UnitTest>
    <UnitTest name="BuckScience.Tests.Domain.PropertyFeatureTests.Constructor_WithInvalidWeight_ThrowsArgumentOutOfRangeException(weight: 1.10000002)" storage="/home/runner/work/buckscienceapp/buckscienceapp/tests/buckscience.tests/bin/debug/net8.0/buckscience.tests.dll" id="ddea20c7-b2e3-61c7-335c-b2bd52df33d9">
      <Execution id="d09a4f35-6279-4ac3-bdc8-0130e8d72cdf" />
      <TestMethod codeBase="/home/runner/work/BuckScienceApp/BuckScienceApp/tests/BuckScience.Tests/bin/Debug/net8.0/BuckScience.Tests.dll" adapterTypeName="executor://xunit/VsTestRunner2/netcoreapp" className="BuckScience.Tests.Domain.PropertyFeatureTests" name="Constructor_WithInvalidWeight_ThrowsArgumentOutOfRangeException" />
    </UnitTest>
    <UnitTest name="BuckScience.Tests.Web.Helpers.WeatherHelpersTests.ConvertMoonPhaseToText_VariousValues_ReturnsCorrectText(phase: 1, expected: &quot;New Moon&quot;)" storage="/home/runner/work/buckscienceapp/buckscienceapp/tests/buckscience.tests/bin/debug/net8.0/buckscience.tests.dll" id="c5847a99-4505-c2ed-d54d-fc269a080b27">
      <Execution id="cb24066d-639b-4e29-b796-cc002fdc6b92" />
      <TestMethod codeBase="/home/runner/work/BuckScienceApp/BuckScienceApp/tests/BuckScience.Tests/bin/Debug/net8.0/BuckScience.Tests.dll" adapterTypeName="executor://xunit/VsTestRunner2/netcoreapp" className="BuckScience.Tests.Web.Helpers.WeatherHelpersTests" name="ConvertMoonPhaseToText_VariousValues_ReturnsCorrectText" />
    </UnitTest>
    <UnitTest name="BuckScience.Tests.CameraEditVmTests.CameraEditVm_SyncSelectionFromDirection_ShouldFindClosestDirection" storage="/home/runner/work/buckscienceapp/buckscienceapp/tests/buckscience.tests/bin/debug/net8.0/buckscience.tests.dll" id="8d702d1b-c14c-4dd0-cea5-aaa087d77d3f">
      <Execution id="fc55f294-fa52-4693-abb0-c7e89996c747" />
      <TestMethod codeBase="/home/runner/work/BuckScienceApp/BuckScienceApp/tests/BuckScience.Tests/bin/Debug/net8.0/BuckScience.Tests.dll" adapterTypeName="executor://xunit/VsTestRunner2/netcoreapp" className="BuckScience.Tests.CameraEditVmTests" name="CameraEditVm_SyncSelectionFromDirection_ShouldFindClosestDirection" />
    </UnitTest>
    <UnitTest name="BuckScience.Tests.Application.Profiles.ProfileCrudTests.CreateProfile_ValidData_CreatesProfile" storage="/home/runner/work/buckscienceapp/buckscienceapp/tests/buckscience.tests/bin/debug/net8.0/buckscience.tests.dll" id="9c1cfe7d-bcc9-4b03-b265-ec26ee7c3263">
      <Execution id="b42cc903-d96c-44cd-ac4e-c4704ea1ac34" />
      <TestMethod codeBase="/home/runner/work/BuckScienceApp/BuckScienceApp/tests/BuckScience.Tests/bin/Debug/net8.0/BuckScience.Tests.dll" adapterTypeName="executor://xunit/VsTestRunner2/netcoreapp" className="BuckScience.Tests.Application.Profiles.ProfileCrudTests" name="CreateProfile_ValidData_CreatesProfile" />
    </UnitTest>
    <UnitTest name="BuckScience.Tests.DirectionHelperTests.FromFloat_ShouldFindClosestDirection(degrees: 23, expectedDirection: NE)" storage="/home/runner/work/buckscienceapp/buckscienceapp/tests/buckscience.tests/bin/debug/net8.0/buckscience.tests.dll" id="e180b2c2-7fc8-0f15-5653-0156d254c8c9">
      <Execution id="b0d6043d-ef25-4a07-a256-2db1fffc07db" />
      <TestMethod codeBase="/home/runner/work/BuckScienceApp/BuckScienceApp/tests/BuckScience.Tests/bin/Debug/net8.0/BuckScience.Tests.dll" adapterTypeName="executor://xunit/VsTestRunner2/netcoreapp" className="BuckScience.Tests.DirectionHelperTests" name="FromFloat_ShouldFindClosestDirection" />
    </UnitTest>
    <UnitTest name="BuckScience.Tests.TagCleanupTests.RemoveTagFromPhotos_ShouldKeepTagAndPropertyTag_WhenUsedOnOtherProperties" storage="/home/runner/work/buckscienceapp/buckscienceapp/tests/buckscience.tests/bin/debug/net8.0/buckscience.tests.dll" id="dc5b4323-69df-5b53-04b8-b2edd86e4211">
      <Execution id="d9d07bad-0d4b-4297-8e20-5fb22646c120" />
      <TestMethod codeBase="/home/runner/work/BuckScienceApp/BuckScienceApp/tests/BuckScience.Tests/bin/Debug/net8.0/BuckScience.Tests.dll" adapterTypeName="executor://xunit/VsTestRunner2/netcoreapp" className="BuckScience.Tests.TagCleanupTests" name="RemoveTagFromPhotos_ShouldKeepTagAndPropertyTag_WhenUsedOnOtherProperties" />
    </UnitTest>
    <UnitTest name="BuckScience.Tests.PhotoPlacementHistoryTests.Photo_WithPlacementHistory_ShouldAssociateCorrectly" storage="/home/runner/work/buckscienceapp/buckscienceapp/tests/buckscience.tests/bin/debug/net8.0/buckscience.tests.dll" id="9e5e4569-9acc-0235-4e91-ee81d67e124e">
      <Execution id="1ea296f2-e0a7-4996-861d-0ae0aca85b01" />
      <TestMethod codeBase="/home/runner/work/BuckScienceApp/BuckScienceApp/tests/BuckScience.Tests/bin/Debug/net8.0/BuckScience.Tests.dll" adapterTypeName="executor://xunit/VsTestRunner2/netcoreapp" className="BuckScience.Tests.PhotoPlacementHistoryTests" name="Photo_WithPlacementHistory_ShouldAssociateCorrectly" />
    </UnitTest>
    <UnitTest name="BuckScience.Tests.Application.SeasonMonthMappingServiceTests.SeasonMonthMappingService_Constructor_WithNullDbContext_ThrowsArgumentNullException" storage="/home/runner/work/buckscienceapp/buckscienceapp/tests/buckscience.tests/bin/debug/net8.0/buckscience.tests.dll" id="162f6cfb-c27f-27d9-ae85-1a410ddacc2e">
      <Execution id="8eb21d0f-0cf5-44fe-a10c-be4564dc3c4c" />
      <TestMethod codeBase="/home/runner/work/BuckScienceApp/BuckScienceApp/tests/BuckScience.Tests/bin/Debug/net8.0/BuckScience.Tests.dll" adapterTypeName="executor://xunit/VsTestRunner2/netcoreapp" className="BuckScience.Tests.Application.SeasonMonthMappingServiceTests" name="SeasonMonthMappingService_Constructor_WithNullDbContext_ThrowsArgumentNullException" />
    </UnitTest>
    <UnitTest name="BuckScience.Tests.CameraPlacementHistoryTests.CameraPlacementHistory_Duration_ShouldCalculateCorrectly" storage="/home/runner/work/buckscienceapp/buckscienceapp/tests/buckscience.tests/bin/debug/net8.0/buckscience.tests.dll" id="2b043a8d-e346-04e5-47b3-898bfcbeb615">
      <Execution id="ab0d3790-6d35-449a-992a-8c0dd784eb75" />
      <TestMethod codeBase="/home/runner/work/BuckScienceApp/BuckScienceApp/tests/BuckScience.Tests/bin/Debug/net8.0/BuckScience.Tests.dll" adapterTypeName="executor://xunit/VsTestRunner2/netcoreapp" className="BuckScience.Tests.CameraPlacementHistoryTests" name="CameraPlacementHistory_Duration_ShouldCalculateCorrectly" />
    </UnitTest>
    <UnitTest name="BuckScience.Tests.PhotoFilteringComprehensiveTests.PhotoFiltering_BackwardCompatibility_WithoutFilters" storage="/home/runner/work/buckscienceapp/buckscienceapp/tests/buckscience.tests/bin/debug/net8.0/buckscience.tests.dll" id="6e95a11c-ba0a-17a5-b618-642e6194107c">
      <Execution id="197955b5-6573-43d9-874c-4c1d621ac446" />
      <TestMethod codeBase="/home/runner/work/BuckScienceApp/BuckScienceApp/tests/BuckScience.Tests/bin/Debug/net8.0/BuckScience.Tests.dll" adapterTypeName="executor://xunit/VsTestRunner2/netcoreapp" className="BuckScience.Tests.PhotoFilteringComprehensiveTests" name="PhotoFiltering_BackwardCompatibility_WithoutFilters" />
    </UnitTest>
    <UnitTest name="BuckScience.Tests.Application.SeasonMonthMappingServiceTests.GetAllPropertyOverridesAsync_ReturnsAllOverrides_ForProperty" storage="/home/runner/work/buckscienceapp/buckscienceapp/tests/buckscience.tests/bin/debug/net8.0/buckscience.tests.dll" id="52ae0b6b-063d-fda1-eda2-bf4a1c9b90a4">
      <Execution id="c7796636-dc1e-432f-aed0-88f486d90db5" />
      <TestMethod codeBase="/home/runner/work/BuckScienceApp/BuckScienceApp/tests/BuckScience.Tests/bin/Debug/net8.0/BuckScience.Tests.dll" adapterTypeName="executor://xunit/VsTestRunner2/netcoreapp" className="BuckScience.Tests.Application.SeasonMonthMappingServiceTests" name="GetAllPropertyOverridesAsync_ReturnsAllOverrides_ForProperty" />
    </UnitTest>
    <UnitTest name="BuckScience.Tests.Application.SeasonMonthMappingServiceTests.GetMonthsForPropertyAsync_WithPropertyOverride_ReturnsOverrideMonths" storage="/home/runner/work/buckscienceapp/buckscienceapp/tests/buckscience.tests/bin/debug/net8.0/buckscience.tests.dll" id="82ad2eed-c2a8-00e1-ef28-e5a6803fece0">
      <Execution id="16dd8cb2-fc05-484f-95c7-80e779919a99" />
      <TestMethod codeBase="/home/runner/work/BuckScienceApp/BuckScienceApp/tests/BuckScience.Tests/bin/Debug/net8.0/BuckScience.Tests.dll" adapterTypeName="executor://xunit/VsTestRunner2/netcoreapp" className="BuckScience.Tests.Application.SeasonMonthMappingServiceTests" name="GetMonthsForPropertyAsync_WithPropertyOverride_ReturnsOverrideMonths" />
    </UnitTest>
    <UnitTest name="BuckScience.Tests.PhotoFiltersTests.PhotoFilters_HasWeatherFilters_ReturnsTrueWhenTemperatureFilterSet" storage="/home/runner/work/buckscienceapp/buckscienceapp/tests/buckscience.tests/bin/debug/net8.0/buckscience.tests.dll" id="ce19e570-cfff-5516-73c5-0c25670038af">
      <Execution id="71264b7a-52b5-4b20-a6a4-a59704cea620" />
      <TestMethod codeBase="/home/runner/work/BuckScienceApp/BuckScienceApp/tests/BuckScience.Tests/bin/Debug/net8.0/BuckScience.Tests.dll" adapterTypeName="executor://xunit/VsTestRunner2/netcoreapp" className="BuckScience.Tests.PhotoFiltersTests" name="PhotoFilters_HasWeatherFilters_ReturnsTrueWhenTemperatureFilterSet" />
    </UnitTest>
    <UnitTest name="BuckScience.Tests.TaggingRequirementsTests.Requirement1_DefaultTags_ShouldBePopulatedByMigration" storage="/home/runner/work/buckscienceapp/buckscienceapp/tests/buckscience.tests/bin/debug/net8.0/buckscience.tests.dll" id="61de09e0-94b0-9094-bdcf-74e56c5800ed">
      <Execution id="535537af-be79-4c65-b145-00c1e334f9af" />
      <TestMethod codeBase="/home/runner/work/BuckScienceApp/BuckScienceApp/tests/BuckScience.Tests/bin/Debug/net8.0/BuckScience.Tests.dll" adapterTypeName="executor://xunit/VsTestRunner2/netcoreapp" className="BuckScience.Tests.TaggingRequirementsTests" name="Requirement1_DefaultTags_ShouldBePopulatedByMigration" />
    </UnitTest>
    <UnitTest name="BuckScience.Tests.DirectionHelperTests.FromFloat_ShouldReturnCorrectDirection(degrees: 45, expectedDirection: NE)" storage="/home/runner/work/buckscienceapp/buckscienceapp/tests/buckscience.tests/bin/debug/net8.0/buckscience.tests.dll" id="abed9d03-2d03-a6ea-317e-f9cbae3ef978">
      <Execution id="fc1b710a-7018-4f7f-9298-058c685a9021" />
      <TestMethod codeBase="/home/runner/work/BuckScienceApp/BuckScienceApp/tests/BuckScience.Tests/bin/Debug/net8.0/BuckScience.Tests.dll" adapterTypeName="executor://xunit/VsTestRunner2/netcoreapp" className="BuckScience.Tests.DirectionHelperTests" name="FromFloat_ShouldReturnCorrectDirection" />
    </UnitTest>
    <UnitTest name="BuckScience.Tests.CameraEditVmTests.CameraEditVm_ValidationAttributes_ShouldBeApplied" storage="/home/runner/work/buckscienceapp/buckscienceapp/tests/buckscience.tests/bin/debug/net8.0/buckscience.tests.dll" id="def966b3-b198-e5b0-2219-bdde89be7924">
      <Execution id="601d4b2e-b471-4896-963f-5013e87fe94a" />
      <TestMethod codeBase="/home/runner/work/BuckScienceApp/BuckScienceApp/tests/BuckScience.Tests/bin/Debug/net8.0/BuckScience.Tests.dll" adapterTypeName="executor://xunit/VsTestRunner2/netcoreapp" className="BuckScience.Tests.CameraEditVmTests" name="CameraEditVm_ValidationAttributes_ShouldBeApplied" />
    </UnitTest>
    <UnitTest name="BuckScience.Tests.TaggingIntegrationTests.CreateProperty_ShouldAutoAssignDefaultTags" storage="/home/runner/work/buckscienceapp/buckscienceapp/tests/buckscience.tests/bin/debug/net8.0/buckscience.tests.dll" id="aac2053d-c1f1-3ae9-c811-84c25975dded">
      <Execution id="48cd8ffe-0f95-4194-b955-35830f425264" />
      <TestMethod codeBase="/home/runner/work/BuckScienceApp/BuckScienceApp/tests/BuckScience.Tests/bin/Debug/net8.0/BuckScience.Tests.dll" adapterTypeName="executor://xunit/VsTestRunner2/netcoreapp" className="BuckScience.Tests.TaggingIntegrationTests" name="CreateProperty_ShouldAutoAssignDefaultTags" />
    </UnitTest>
    <UnitTest name="BuckScience.Tests.Domain.FeatureWeightTests.FeatureWeightHelper_GetDefaultWeight_ReturnsExpectedValues(type: AgCropField, expectedWeight: 0.800000012)" storage="/home/runner/work/buckscienceapp/buckscienceapp/tests/buckscience.tests/bin/debug/net8.0/buckscience.tests.dll" id="abcb8fa3-cd85-2471-5636-a22af31205a3">
      <Execution id="0c766cda-73ee-4e4b-ad9c-076a18a583d6" />
      <TestMethod codeBase="/home/runner/work/BuckScienceApp/BuckScienceApp/tests/BuckScience.Tests/bin/Debug/net8.0/BuckScience.Tests.dll" adapterTypeName="executor://xunit/VsTestRunner2/netcoreapp" className="BuckScience.Tests.Domain.FeatureWeightTests" name="FeatureWeightHelper_GetDefaultWeight_ReturnsExpectedValues" />
    </UnitTest>
    <UnitTest name="BuckScience.Tests.Domain.PropertySeasonMonthsOverrideTests.PropertySeasonMonthsOverride_Constructor_WithEmptyMonths_ThrowsArgumentException" storage="/home/runner/work/buckscienceapp/buckscienceapp/tests/buckscience.tests/bin/debug/net8.0/buckscience.tests.dll" id="85f24840-3222-d447-0677-9820b9294533">
      <Execution id="9717b2de-a73a-4405-8d60-62127050717b" />
      <TestMethod codeBase="/home/runner/work/BuckScienceApp/BuckScienceApp/tests/BuckScience.Tests/bin/Debug/net8.0/BuckScience.Tests.dll" adapterTypeName="executor://xunit/VsTestRunner2/netcoreapp" className="BuckScience.Tests.Domain.PropertySeasonMonthsOverrideTests" name="PropertySeasonMonthsOverride_Constructor_WithEmptyMonths_ThrowsArgumentException" />
    </UnitTest>
    <UnitTest name="BuckScience.Tests.PhotoFilteringUrlExamples.BuildFilters_UrlParameters_ShouldParseCorrectly(urlParams: &quot;windSpeedMin=5&amp;windSpeedMax=15&quot;, expectedTempMin: null, expectedTempMax: null, expectedWindMin: 5, expectedWindMax: 15)" storage="/home/runner/work/buckscienceapp/buckscienceapp/tests/buckscience.tests/bin/debug/net8.0/buckscience.tests.dll" id="0c5da287-efdb-ad86-5a1d-4f909e3eba8c">
      <Execution id="a349a1ed-fc2b-404e-a032-3e0b02d293dc" />
      <TestMethod codeBase="/home/runner/work/BuckScienceApp/BuckScienceApp/tests/BuckScience.Tests/bin/Debug/net8.0/BuckScience.Tests.dll" adapterTypeName="executor://xunit/VsTestRunner2/netcoreapp" className="BuckScience.Tests.PhotoFilteringUrlExamples" name="BuildFilters_UrlParameters_ShouldParseCorrectly" />
    </UnitTest>
    <UnitTest name="BuckScience.Tests.Web.Helpers.WeatherHelpersTests.ConvertMoonPhaseToText_VariousValues_ReturnsCorrectText(phase: 0.84999999999999998, expected: &quot;Waning Crescent&quot;)" storage="/home/runner/work/buckscienceapp/buckscienceapp/tests/buckscience.tests/bin/debug/net8.0/buckscience.tests.dll" id="22d4e883-d516-a3c1-91a6-c6ccca686050">
      <Execution id="3e641077-465a-468a-8ebb-7730f5294e4a" />
      <TestMethod codeBase="/home/runner/work/BuckScienceApp/BuckScienceApp/tests/BuckScience.Tests/bin/Debug/net8.0/BuckScience.Tests.dll" adapterTypeName="executor://xunit/VsTestRunner2/netcoreapp" className="BuckScience.Tests.Web.Helpers.WeatherHelpersTests" name="ConvertMoonPhaseToText_VariousValues_ReturnsCorrectText" />
    </UnitTest>
    <UnitTest name="BuckScience.Tests.Domain.PropertySeasonMonthsOverrideTests.PropertySeasonMonthsOverride_SetMonths_WithInvalidMonths_ThrowsArgumentOutOfRangeException(invalidMonths: [13])" storage="/home/runner/work/buckscienceapp/buckscienceapp/tests/buckscience.tests/bin/debug/net8.0/buckscience.tests.dll" id="702f6073-82fe-153e-00ca-63e8665d8828">
      <Execution id="78ca6174-c0bd-4aa6-ba47-9b76f66afa8b" />
      <TestMethod codeBase="/home/runner/work/BuckScienceApp/BuckScienceApp/tests/BuckScience.Tests/bin/Debug/net8.0/BuckScience.Tests.dll" adapterTypeName="executor://xunit/VsTestRunner2/netcoreapp" className="BuckScience.Tests.Domain.PropertySeasonMonthsOverrideTests" name="PropertySeasonMonthsOverride_SetMonths_WithInvalidMonths_ThrowsArgumentOutOfRangeException" />
    </UnitTest>
    <UnitTest name="BuckScience.Tests.CameraPlacementHistoryTests.CameraPlacementHistory_EndPlacement_ShouldSetEndDateTime" storage="/home/runner/work/buckscienceapp/buckscienceapp/tests/buckscience.tests/bin/debug/net8.0/buckscience.tests.dll" id="ce7424f3-8800-2916-ce22-d9c4a6a2d917">
      <Execution id="f1e19045-b563-413c-b6bc-b04316295164" />
      <TestMethod codeBase="/home/runner/work/BuckScienceApp/BuckScienceApp/tests/BuckScience.Tests/bin/Debug/net8.0/BuckScience.Tests.dll" adapterTypeName="executor://xunit/VsTestRunner2/netcoreapp" className="BuckScience.Tests.CameraPlacementHistoryTests" name="CameraPlacementHistory_EndPlacement_ShouldSetEndDateTime" />
    </UnitTest>
    <UnitTest name="BuckScience.Tests.Domain.MonthsAttributeTests.MonthsAttribute_Constructor_WithAllMonths_SetsAllMonthsCorrectly" storage="/home/runner/work/buckscienceapp/buckscienceapp/tests/buckscience.tests/bin/debug/net8.0/buckscience.tests.dll" id="9e88128c-c893-0f4c-cf4f-ba4eb6951e77">
      <Execution id="1febd25d-02f1-4070-ab3c-bb1c2744f81a" />
      <TestMethod codeBase="/home/runner/work/BuckScienceApp/BuckScienceApp/tests/BuckScience.Tests/bin/Debug/net8.0/BuckScience.Tests.dll" adapterTypeName="executor://xunit/VsTestRunner2/netcoreapp" className="BuckScience.Tests.Domain.MonthsAttributeTests" name="MonthsAttribute_Constructor_WithAllMonths_SetsAllMonthsCorrectly" />
    </UnitTest>
    <UnitTest name="BuckScience.Tests.Web.Helpers.WeatherHelpersTests.ConvertWindDirectionTextToNumeric_ValidDirections_ReturnsCorrectDegrees(direction: &quot;N&quot;, expected: 0)" storage="/home/runner/work/buckscienceapp/buckscienceapp/tests/buckscience.tests/bin/debug/net8.0/buckscience.tests.dll" id="5c61d628-c74f-c8f0-779e-82c0c2dc77df">
      <Execution id="6d2452df-3c3e-4f57-9d28-bbfb413a5fe3" />
      <TestMethod codeBase="/home/runner/work/BuckScienceApp/BuckScienceApp/tests/BuckScience.Tests/bin/Debug/net8.0/BuckScience.Tests.dll" adapterTypeName="executor://xunit/VsTestRunner2/netcoreapp" className="BuckScience.Tests.Web.Helpers.WeatherHelpersTests" name="ConvertWindDirectionTextToNumeric_ValidDirections_ReturnsCorrectDegrees" />
    </UnitTest>
    <UnitTest name="BuckScience.Tests.WeatherBatchProcessingTests.WeatherBatchProcessing_ShouldMinimizeApiCalls" storage="/home/runner/work/buckscienceapp/buckscienceapp/tests/buckscience.tests/bin/debug/net8.0/buckscience.tests.dll" id="5a1b2923-7867-c9d7-9184-902164877e6b">
      <Execution id="944b9bc0-5ba2-425e-8d07-61ff3f228b1e" />
      <TestMethod codeBase="/home/runner/work/BuckScienceApp/BuckScienceApp/tests/BuckScience.Tests/bin/Debug/net8.0/BuckScience.Tests.dll" adapterTypeName="executor://xunit/VsTestRunner2/netcoreapp" className="BuckScience.Tests.WeatherBatchProcessingTests" name="WeatherBatchProcessing_ShouldMinimizeApiCalls" />
    </UnitTest>
    <UnitTest name="BuckScience.Tests.DirectionHelperTests.FromFloat_ShouldFindClosestDirection(degrees: 360, expectedDirection: N)" storage="/home/runner/work/buckscienceapp/buckscienceapp/tests/buckscience.tests/bin/debug/net8.0/buckscience.tests.dll" id="10354eb4-4c14-dba7-068b-24dcfb475d53">
      <Execution id="4db10fbd-f918-42fc-ae46-781dca46739c" />
      <TestMethod codeBase="/home/runner/work/BuckScienceApp/BuckScienceApp/tests/BuckScience.Tests/bin/Debug/net8.0/BuckScience.Tests.dll" adapterTypeName="executor://xunit/VsTestRunner2/netcoreapp" className="BuckScience.Tests.DirectionHelperTests" name="FromFloat_ShouldFindClosestDirection" />
    </UnitTest>
    <UnitTest name="BuckScience.Tests.Domain.PropertySeasonMonthsOverrideTests.PropertySeasonMonthsOverride_Constructor_WithInvalidMonths_ThrowsArgumentOutOfRangeException(invalidMonths: [13])" storage="/home/runner/work/buckscienceapp/buckscienceapp/tests/buckscience.tests/bin/debug/net8.0/buckscience.tests.dll" id="c77238a9-c057-c0ba-9741-2b480cb950cf">
      <Execution id="73850b12-8cf8-40c7-ad0b-d27a4ed3f9c3" />
      <TestMethod codeBase="/home/runner/work/BuckScienceApp/BuckScienceApp/tests/BuckScience.Tests/bin/Debug/net8.0/BuckScience.Tests.dll" adapterTypeName="executor://xunit/VsTestRunner2/netcoreapp" className="BuckScience.Tests.Domain.PropertySeasonMonthsOverrideTests" name="PropertySeasonMonthsOverride_Constructor_WithInvalidMonths_ThrowsArgumentOutOfRangeException" />
    </UnitTest>
    <UnitTest name="BuckScience.Tests.Application.SeasonMonthMappingServiceTests.GetMonthsForPropertyAsync_WithoutOverrides_ReturnsCorrectDefaults(season: PreRut, expectedMonths: [10])" storage="/home/runner/work/buckscienceapp/buckscienceapp/tests/buckscience.tests/bin/debug/net8.0/buckscience.tests.dll" id="643382d9-252e-669a-df19-e9e242cc0c0b">
      <Execution id="63459e8d-6f4c-4351-b196-79dc7391cfa6" />
      <TestMethod codeBase="/home/runner/work/BuckScienceApp/BuckScienceApp/tests/BuckScience.Tests/bin/Debug/net8.0/BuckScience.Tests.dll" adapterTypeName="executor://xunit/VsTestRunner2/netcoreapp" className="BuckScience.Tests.Application.SeasonMonthMappingServiceTests" name="GetMonthsForPropertyAsync_WithoutOverrides_ReturnsCorrectDefaults" />
    </UnitTest>
    <UnitTest name="BuckScience.Tests.TaggingIntegrationTests.TagUniqueness_ShouldBeEnforcedCorrectly" storage="/home/runner/work/buckscienceapp/buckscienceapp/tests/buckscience.tests/bin/debug/net8.0/buckscience.tests.dll" id="4e6de647-43c0-2d5e-ffcc-d884e859b7df">
      <Execution id="86da3d46-2bfb-45e4-abc4-05d8b7023205" />
      <TestMethod codeBase="/home/runner/work/BuckScienceApp/BuckScienceApp/tests/BuckScience.Tests/bin/Debug/net8.0/BuckScience.Tests.dll" adapterTypeName="executor://xunit/VsTestRunner2/netcoreapp" className="BuckScience.Tests.TaggingIntegrationTests" name="TagUniqueness_ShouldBeEnforcedCorrectly" />
    </UnitTest>
    <UnitTest name="BuckScience.Tests.TaggingSystemTests.SetAsDefaultTag_ShouldSetTagAsDefault" storage="/home/runner/work/buckscienceapp/buckscienceapp/tests/buckscience.tests/bin/debug/net8.0/buckscience.tests.dll" id="5fc7d131-6de1-7ffe-375b-8ea28a5dbcb8">
      <Execution id="872b8cf6-0234-4540-8c91-1be2438dc34b" />
      <TestMethod codeBase="/home/runner/work/BuckScienceApp/BuckScienceApp/tests/BuckScience.Tests/bin/Debug/net8.0/BuckScience.Tests.dll" adapterTypeName="executor://xunit/VsTestRunner2/netcoreapp" className="BuckScience.Tests.TaggingSystemTests" name="SetAsDefaultTag_ShouldSetTagAsDefault" />
    </UnitTest>
    <UnitTest name="BuckScience.Tests.PhotoUploadIntegrationTests.PhotoUpload_AfterCameraMove_ShouldUseNewPlacement" storage="/home/runner/work/buckscienceapp/buckscienceapp/tests/buckscience.tests/bin/debug/net8.0/buckscience.tests.dll" id="3df0dc6c-72ae-14e2-377c-12e9cf0a4276">
      <Execution id="feca547d-f568-46df-956f-ce88b788a755" />
      <TestMethod codeBase="/home/runner/work/BuckScienceApp/BuckScienceApp/tests/BuckScience.Tests/bin/Debug/net8.0/BuckScience.Tests.dll" adapterTypeName="executor://xunit/VsTestRunner2/netcoreapp" className="BuckScience.Tests.PhotoUploadIntegrationTests" name="PhotoUpload_AfterCameraMove_ShouldUseNewPlacement" />
    </UnitTest>
    <UnitTest name="BuckScience.Tests.TaggingRequirementsTests.Requirement2_PropertyCreation_ShouldAutoAssignDefaultTags" storage="/home/runner/work/buckscienceapp/buckscienceapp/tests/buckscience.tests/bin/debug/net8.0/buckscience.tests.dll" id="62abf167-66b2-7338-5ead-888596c0fffe">
      <Execution id="74310d84-f350-45b0-a3ab-ead54373f9e1" />
      <TestMethod codeBase="/home/runner/work/BuckScienceApp/BuckScienceApp/tests/BuckScience.Tests/bin/Debug/net8.0/BuckScience.Tests.dll" adapterTypeName="executor://xunit/VsTestRunner2/netcoreapp" className="BuckScience.Tests.TaggingRequirementsTests" name="Requirement2_PropertyCreation_ShouldAutoAssignDefaultTags" />
    </UnitTest>
    <UnitTest name="BuckScience.Tests.Domain.SeasonExtensionsTests.GetDefaultMonths_PostRut_ReturnsCorrectMonths" storage="/home/runner/work/buckscienceapp/buckscienceapp/tests/buckscience.tests/bin/debug/net8.0/buckscience.tests.dll" id="305d09f5-4e54-c015-79c0-ffb75c48bf18">
      <Execution id="a0f1d911-fd44-4f7a-bcce-8d591069bbb9" />
      <TestMethod codeBase="/home/runner/work/BuckScienceApp/BuckScienceApp/tests/BuckScience.Tests/bin/Debug/net8.0/BuckScience.Tests.dll" adapterTypeName="executor://xunit/VsTestRunner2/netcoreapp" className="BuckScience.Tests.Domain.SeasonExtensionsTests" name="GetDefaultMonths_PostRut_ReturnsCorrectMonths" />
    </UnitTest>
    <UnitTest name="BuckScience.Tests.Web.Helpers.WeatherHelpersTests.ConvertMoonPhaseToText_VariousValues_ReturnsCorrectText(phase: 0.25, expected: &quot;First Quarter&quot;)" storage="/home/runner/work/buckscienceapp/buckscienceapp/tests/buckscience.tests/bin/debug/net8.0/buckscience.tests.dll" id="639a2f8f-de06-aff0-2654-2e863df98d3d">
      <Execution id="0cf4eeab-b2d9-46ba-b527-0b2725d542ee" />
      <TestMethod codeBase="/home/runner/work/BuckScienceApp/BuckScienceApp/tests/BuckScience.Tests/bin/Debug/net8.0/BuckScience.Tests.dll" adapterTypeName="executor://xunit/VsTestRunner2/netcoreapp" className="BuckScience.Tests.Web.Helpers.WeatherHelpersTests" name="ConvertMoonPhaseToText_VariousValues_ReturnsCorrectText" />
    </UnitTest>
    <UnitTest name="BuckScience.Tests.DirectionHelperTests.GetAllDirections_ShouldReturnAllDirectionsWithCorrectData" storage="/home/runner/work/buckscienceapp/buckscienceapp/tests/buckscience.tests/bin/debug/net8.0/buckscience.tests.dll" id="8bb24e9f-b033-fdc0-7830-bccb21534250">
      <Execution id="23701e2c-86b5-4023-8ccf-9af07aadc69e" />
      <TestMethod codeBase="/home/runner/work/BuckScienceApp/BuckScienceApp/tests/BuckScience.Tests/bin/Debug/net8.0/BuckScience.Tests.dll" adapterTypeName="executor://xunit/VsTestRunner2/netcoreapp" className="BuckScience.Tests.DirectionHelperTests" name="GetAllDirections_ShouldReturnAllDirectionsWithCorrectData" />
    </UnitTest>
    <UnitTest name="BuckScience.Tests.Domain.FeatureWeightTests.FeatureWeightHelper_GetDefaultWeight_ReturnsExpectedValues(type: Saddle, expectedWeight: 0.800000012)" storage="/home/runner/work/buckscienceapp/buckscienceapp/tests/buckscience.tests/bin/debug/net8.0/buckscience.tests.dll" id="a5f21c48-f469-8d11-cd8e-07391ae2a35b">
      <Execution id="9a775a20-deb7-41c1-9186-0592d34c9137" />
      <TestMethod codeBase="/home/runner/work/BuckScienceApp/BuckScienceApp/tests/BuckScience.Tests/bin/Debug/net8.0/BuckScience.Tests.dll" adapterTypeName="executor://xunit/VsTestRunner2/netcoreapp" className="BuckScience.Tests.Domain.FeatureWeightTests" name="FeatureWeightHelper_GetDefaultWeight_ReturnsExpectedValues" />
    </UnitTest>
    <UnitTest name="BuckScience.Tests.DirectionHelperTests.FromFloat_ShouldFindClosestDirection(degrees: 365, expectedDirection: N)" storage="/home/runner/work/buckscienceapp/buckscienceapp/tests/buckscience.tests/bin/debug/net8.0/buckscience.tests.dll" id="aef446e3-f136-0d0b-1c4f-72b145e6d953">
      <Execution id="c6e1e5fe-4d55-4792-a744-fe3fddc2e0d9" />
      <TestMethod codeBase="/home/runner/work/BuckScienceApp/BuckScienceApp/tests/BuckScience.Tests/bin/Debug/net8.0/BuckScience.Tests.dll" adapterTypeName="executor://xunit/VsTestRunner2/netcoreapp" className="BuckScience.Tests.DirectionHelperTests" name="FromFloat_ShouldFindClosestDirection" />
    </UnitTest>
    <UnitTest name="BuckScience.Tests.Domain.FeatureWeightTests.FeatureWeightHelper_GetCategory_ReturnsCorrectCategory(type: AgCropField, expectedCategory: ResourceFood)" storage="/home/runner/work/buckscienceapp/buckscienceapp/tests/buckscience.tests/bin/debug/net8.0/buckscience.tests.dll" id="e4c14db6-7ddb-4f54-d632-50f949736205">
      <Execution id="cb708138-fb52-4636-8b4d-22a7dbf731d4" />
      <TestMethod codeBase="/home/runner/work/BuckScienceApp/BuckScienceApp/tests/BuckScience.Tests/bin/Debug/net8.0/BuckScience.Tests.dll" adapterTypeName="executor://xunit/VsTestRunner2/netcoreapp" className="BuckScience.Tests.Domain.FeatureWeightTests" name="FeatureWeightHelper_GetCategory_ReturnsCorrectCategory" />
    </UnitTest>
    <UnitTest name="BuckScience.Tests.Web.Helpers.WeatherHelpersTests.ConvertWindDirectionToText_VariousAngles_ReturnsCorrectDirection(degrees: 270, expected: &quot;W&quot;)" storage="/home/runner/work/buckscienceapp/buckscienceapp/tests/buckscience.tests/bin/debug/net8.0/buckscience.tests.dll" id="2eacfbf3-667b-5a8e-52a0-d9d512e960c7">
      <Execution id="9213f81f-a2af-495f-a14c-f751a7897dfb" />
      <TestMethod codeBase="/home/runner/work/BuckScienceApp/BuckScienceApp/tests/BuckScience.Tests/bin/Debug/net8.0/BuckScience.Tests.dll" adapterTypeName="executor://xunit/VsTestRunner2/netcoreapp" className="BuckScience.Tests.Web.Helpers.WeatherHelpersTests" name="ConvertWindDirectionToText_VariousAngles_ReturnsCorrectDirection" />
    </UnitTest>
    <UnitTest name="BuckScience.Tests.CameraCreateVmTests.CameraCreateVm_DirectionSync_ShouldWorkForAllDirections(direction: SW, expectedDegrees: 225)" storage="/home/runner/work/buckscienceapp/buckscienceapp/tests/buckscience.tests/bin/debug/net8.0/buckscience.tests.dll" id="386e0330-7309-7b37-24f5-0984d80d3723">
      <Execution id="6e2bd809-1609-4452-a022-5f4f137a63ed" />
      <TestMethod codeBase="/home/runner/work/BuckScienceApp/BuckScienceApp/tests/BuckScience.Tests/bin/Debug/net8.0/BuckScience.Tests.dll" adapterTypeName="executor://xunit/VsTestRunner2/netcoreapp" className="BuckScience.Tests.CameraCreateVmTests" name="CameraCreateVm_DirectionSync_ShouldWorkForAllDirections" />
    </UnitTest>
    <UnitTest name="BuckScience.Tests.Application.PropertyFeatureApplicationTests.CreatePropertyFeature_WithoutWeight_CreatesFeatureWithDefaultWeight" storage="/home/runner/work/buckscienceapp/buckscienceapp/tests/buckscience.tests/bin/debug/net8.0/buckscience.tests.dll" id="ea3e05c1-5c7d-865c-be9d-8f2ae46de9bb">
      <Execution id="f37d9163-f70e-4608-8684-fe85057828f4" />
      <TestMethod codeBase="/home/runner/work/BuckScienceApp/BuckScienceApp/tests/BuckScience.Tests/bin/Debug/net8.0/BuckScience.Tests.dll" adapterTypeName="executor://xunit/VsTestRunner2/netcoreapp" className="BuckScience.Tests.Application.PropertyFeatureApplicationTests" name="CreatePropertyFeature_WithoutWeight_CreatesFeatureWithDefaultWeight" />
    </UnitTest>
    <UnitTest name="BuckScience.Tests.PhotoGroupingTests.PhotoGrouping_ShouldGroupByMonthYear" storage="/home/runner/work/buckscienceapp/buckscienceapp/tests/buckscience.tests/bin/debug/net8.0/buckscience.tests.dll" id="7d1b1cf4-8561-5b1e-3cb0-e9438583a7c7">
      <Execution id="bd663e4a-734c-4712-9e12-2beed3906a50" />
      <TestMethod codeBase="/home/runner/work/BuckScienceApp/BuckScienceApp/tests/BuckScience.Tests/bin/Debug/net8.0/BuckScience.Tests.dll" adapterTypeName="executor://xunit/VsTestRunner2/netcoreapp" className="BuckScience.Tests.PhotoGroupingTests" name="PhotoGrouping_ShouldGroupByMonthYear" />
    </UnitTest>
    <UnitTest name="BuckScience.Tests.FeatureHelperTests.FeatureIcons_ShouldContainAllClassificationTypes" storage="/home/runner/work/buckscienceapp/buckscienceapp/tests/buckscience.tests/bin/debug/net8.0/buckscience.tests.dll" id="9b597749-8f28-5ece-3f0e-b5bb4e23820c">
      <Execution id="2edd9b8e-48ba-44ef-aff2-f65d9d6ad32e" />
      <TestMethod codeBase="/home/runner/work/BuckScienceApp/BuckScienceApp/tests/BuckScience.Tests/bin/Debug/net8.0/BuckScience.Tests.dll" adapterTypeName="executor://xunit/VsTestRunner2/netcoreapp" className="BuckScience.Tests.FeatureHelperTests" name="FeatureIcons_ShouldContainAllClassificationTypes" />
    </UnitTest>
    <UnitTest name="BuckScience.Tests.Web.Helpers.WeatherHelpersTests.ConvertWindDirectionTextToNumeric_ValidDirections_ReturnsCorrectDegrees(direction: &quot;SSE&quot;, expected: 157.5)" storage="/home/runner/work/buckscienceapp/buckscienceapp/tests/buckscience.tests/bin/debug/net8.0/buckscience.tests.dll" id="44213f5c-f4e3-7f19-6a5d-6c4a3c8d0dec">
      <Execution id="4342d72f-d35e-4592-ab73-f25a15b2e666" />
      <TestMethod codeBase="/home/runner/work/BuckScienceApp/BuckScienceApp/tests/BuckScience.Tests/bin/Debug/net8.0/BuckScience.Tests.dll" adapterTypeName="executor://xunit/VsTestRunner2/netcoreapp" className="BuckScience.Tests.Web.Helpers.WeatherHelpersTests" name="ConvertWindDirectionTextToNumeric_ValidDirections_ReturnsCorrectDegrees" />
    </UnitTest>
    <UnitTest name="BuckScience.Tests.DirectionHelperTests.FromFloat_ShouldFindClosestDirection(degrees: 22, expectedDirection: N)" storage="/home/runner/work/buckscienceapp/buckscienceapp/tests/buckscience.tests/bin/debug/net8.0/buckscience.tests.dll" id="973ec4a4-75bf-519b-ad67-04ada4756976">
      <Execution id="4790cd26-0c6c-48de-b6fd-4a1f5e71da9a" />
      <TestMethod codeBase="/home/runner/work/BuckScienceApp/BuckScienceApp/tests/BuckScience.Tests/bin/Debug/net8.0/BuckScience.Tests.dll" adapterTypeName="executor://xunit/VsTestRunner2/netcoreapp" className="BuckScience.Tests.DirectionHelperTests" name="FromFloat_ShouldFindClosestDirection" />
    </UnitTest>
    <UnitTest name="BuckScience.Tests.Web.Helpers.WeatherHelpersTests.ConvertWindDirectionToText_VariousAngles_ReturnsCorrectDirection(degrees: 360, expected: &quot;N&quot;)" storage="/home/runner/work/buckscienceapp/buckscienceapp/tests/buckscience.tests/bin/debug/net8.0/buckscience.tests.dll" id="396d4f9b-ac51-22fa-04b5-9956711699f1">
      <Execution id="c3789f4a-0fe3-412d-9775-a93cc897f5c0" />
      <TestMethod codeBase="/home/runner/work/BuckScienceApp/BuckScienceApp/tests/BuckScience.Tests/bin/Debug/net8.0/BuckScience.Tests.dll" adapterTypeName="executor://xunit/VsTestRunner2/netcoreapp" className="BuckScience.Tests.Web.Helpers.WeatherHelpersTests" name="ConvertWindDirectionToText_VariousAngles_ReturnsCorrectDirection" />
    </UnitTest>
    <UnitTest name="BuckScience.Tests.Web.Helpers.WeatherHelpersTests.ConvertWindDirectionTextToNumeric_InvalidText_ReturnsNull(direction: &quot;Northeast&quot;)" storage="/home/runner/work/buckscienceapp/buckscienceapp/tests/buckscience.tests/bin/debug/net8.0/buckscience.tests.dll" id="35247ab4-97a5-e557-91c7-742a1f89dba4">
      <Execution id="5fc7e34d-2edf-407a-9d2f-60d8ed831dfc" />
      <TestMethod codeBase="/home/runner/work/BuckScienceApp/BuckScienceApp/tests/BuckScience.Tests/bin/Debug/net8.0/BuckScience.Tests.dll" adapterTypeName="executor://xunit/VsTestRunner2/netcoreapp" className="BuckScience.Tests.Web.Helpers.WeatherHelpersTests" name="ConvertWindDirectionTextToNumeric_InvalidText_ReturnsNull" />
    </UnitTest>
    <UnitTest name="BuckScience.Tests.Domain.FeatureWeightTests.FeatureWeightHelper_GetDefaultWeight_ReturnsExpectedValues(type: Waterhole, expectedWeight: 0.800000012)" storage="/home/runner/work/buckscienceapp/buckscienceapp/tests/buckscience.tests/bin/debug/net8.0/buckscience.tests.dll" id="1ccac014-6a4c-a22a-90fa-db21298e0651">
      <Execution id="5ac35ca9-4927-449a-afae-c40e01d8e629" />
      <TestMethod codeBase="/home/runner/work/BuckScienceApp/BuckScienceApp/tests/BuckScience.Tests/bin/Debug/net8.0/BuckScience.Tests.dll" adapterTypeName="executor://xunit/VsTestRunner2/netcoreapp" className="BuckScience.Tests.Domain.FeatureWeightTests" name="FeatureWeightHelper_GetDefaultWeight_ReturnsExpectedValues" />
    </UnitTest>
    <UnitTest name="BuckScience.Tests.Application.FeatureWeights.UpdateDefaultFeatureWeightsTests.UpdateDefaultFeatureWeights_ReturnsFalseForNonExistentProperty" storage="/home/runner/work/buckscienceapp/buckscienceapp/tests/buckscience.tests/bin/debug/net8.0/buckscience.tests.dll" id="51c22198-79c6-8565-1359-1e7a59cd2ad4">
      <Execution id="5ea69798-b5f7-46db-92cd-cd1b11048e4a" />
      <TestMethod codeBase="/home/runner/work/BuckScienceApp/BuckScienceApp/tests/BuckScience.Tests/bin/Debug/net8.0/BuckScience.Tests.dll" adapterTypeName="executor://xunit/VsTestRunner2/netcoreapp" className="BuckScience.Tests.Application.FeatureWeights.UpdateDefaultFeatureWeightsTests" name="UpdateDefaultFeatureWeights_ReturnsFalseForNonExistentProperty" />
    </UnitTest>
    <UnitTest name="BuckScience.Tests.Domain.MonthsAttributeTests.MonthsAttribute_Constructor_WithSingleMonth_SetsMonthCorrectly" storage="/home/runner/work/buckscienceapp/buckscienceapp/tests/buckscience.tests/bin/debug/net8.0/buckscience.tests.dll" id="615647ea-1f6e-f46b-032e-269c67342efc">
      <Execution id="0a344c77-a5a0-403e-a9b5-1f6a1be4070d" />
      <TestMethod codeBase="/home/runner/work/BuckScienceApp/BuckScienceApp/tests/BuckScience.Tests/bin/Debug/net8.0/BuckScience.Tests.dll" adapterTypeName="executor://xunit/VsTestRunner2/netcoreapp" className="BuckScience.Tests.Domain.MonthsAttributeTests" name="MonthsAttribute_Constructor_WithSingleMonth_SetsMonthCorrectly" />
    </UnitTest>
    <UnitTest name="BuckScience.Tests.PhotoPlacementHistoryTests.Photo_Constructor_ShouldAllowNullCameraPlacementHistoryId" storage="/home/runner/work/buckscienceapp/buckscienceapp/tests/buckscience.tests/bin/debug/net8.0/buckscience.tests.dll" id="827cffd5-57e2-399d-4e16-80e94a843b77">
      <Execution id="4627214f-7ec9-4337-ab8e-22ad8dec6461" />
      <TestMethod codeBase="/home/runner/work/BuckScienceApp/BuckScienceApp/tests/BuckScience.Tests/bin/Debug/net8.0/BuckScience.Tests.dll" adapterTypeName="executor://xunit/VsTestRunner2/netcoreapp" className="BuckScience.Tests.PhotoPlacementHistoryTests" name="Photo_Constructor_ShouldAllowNullCameraPlacementHistoryId" />
    </UnitTest>
    <UnitTest name="BuckScience.Tests.Domain.FeatureWeightTests.FeatureWeight_IsCustom_CanBeSetInConstructor" storage="/home/runner/work/buckscienceapp/buckscienceapp/tests/buckscience.tests/bin/debug/net8.0/buckscience.tests.dll" id="520cf6eb-1b87-3f3a-4e2f-2f4e620f4b62">
      <Execution id="50525fde-30b5-4df3-9f00-8c5b8ff1cd02" />
      <TestMethod codeBase="/home/runner/work/BuckScienceApp/BuckScienceApp/tests/BuckScience.Tests/bin/Debug/net8.0/BuckScience.Tests.dll" adapterTypeName="executor://xunit/VsTestRunner2/netcoreapp" className="BuckScience.Tests.Domain.FeatureWeightTests" name="FeatureWeight_IsCustom_CanBeSetInConstructor" />
    </UnitTest>
    <UnitTest name="BuckScience.Tests.Domain.SeasonExtensionsTests.GetMonthsForProperty_WithNullProperty_ReturnsDefaultMonths" storage="/home/runner/work/buckscienceapp/buckscienceapp/tests/buckscience.tests/bin/debug/net8.0/buckscience.tests.dll" id="57048c9f-2c1b-ae85-11e6-989795af7a80">
      <Execution id="a15491d7-cd67-4278-90b0-c89e133f8b10" />
      <TestMethod codeBase="/home/runner/work/BuckScienceApp/BuckScienceApp/tests/BuckScience.Tests/bin/Debug/net8.0/BuckScience.Tests.dll" adapterTypeName="executor://xunit/VsTestRunner2/netcoreapp" className="BuckScience.Tests.Domain.SeasonExtensionsTests" name="GetMonthsForProperty_WithNullProperty_ReturnsDefaultMonths" />
    </UnitTest>
    <UnitTest name="BuckScience.Tests.Domain.PropertySeasonMonthsOverrideTests.PropertySeasonMonthsOverride_Constructor_WithInvalidPropertyId_ThrowsArgumentOutOfRangeException(invalidPropertyId: -1)" storage="/home/runner/work/buckscienceapp/buckscienceapp/tests/buckscience.tests/bin/debug/net8.0/buckscience.tests.dll" id="5be58517-5610-e8d0-dec2-520046d41b5e">
      <Execution id="6620585a-6faa-4281-a9c2-da250532967e" />
      <TestMethod codeBase="/home/runner/work/BuckScienceApp/BuckScienceApp/tests/BuckScience.Tests/bin/Debug/net8.0/BuckScience.Tests.dll" adapterTypeName="executor://xunit/VsTestRunner2/netcoreapp" className="BuckScience.Tests.Domain.PropertySeasonMonthsOverrideTests" name="PropertySeasonMonthsOverride_Constructor_WithInvalidPropertyId_ThrowsArgumentOutOfRangeException" />
    </UnitTest>
    <UnitTest name="BuckScience.Tests.PropertyTagUpdateTest.TaggingPhoto_ShouldUpdatePropertyTags" storage="/home/runner/work/buckscienceapp/buckscienceapp/tests/buckscience.tests/bin/debug/net8.0/buckscience.tests.dll" id="d9d0929f-95f9-5181-aa9b-10571d330d53">
      <Execution id="0355bb8d-db2e-4ec4-a1fe-7e75749333ac" />
      <TestMethod codeBase="/home/runner/work/BuckScienceApp/BuckScienceApp/tests/BuckScience.Tests/bin/Debug/net8.0/BuckScience.Tests.dll" adapterTypeName="executor://xunit/VsTestRunner2/netcoreapp" className="BuckScience.Tests.PropertyTagUpdateTest" name="TaggingPhoto_ShouldUpdatePropertyTags" />
    </UnitTest>
    <UnitTest name="BuckScience.Tests.Web.Helpers.WeatherHelpersTests.ConvertMoonPhaseToText_VariousValues_ReturnsCorrectText(phase: 0.5, expected: &quot;Full Moon&quot;)" storage="/home/runner/work/buckscienceapp/buckscienceapp/tests/buckscience.tests/bin/debug/net8.0/buckscience.tests.dll" id="8d324366-3662-08e0-9537-a5a51d46bda5">
      <Execution id="76118484-9013-4923-8427-efd683647222" />
      <TestMethod codeBase="/home/runner/work/BuckScienceApp/BuckScienceApp/tests/BuckScience.Tests/bin/Debug/net8.0/BuckScience.Tests.dll" adapterTypeName="executor://xunit/VsTestRunner2/netcoreapp" className="BuckScience.Tests.Web.Helpers.WeatherHelpersTests" name="ConvertMoonPhaseToText_VariousValues_ReturnsCorrectText" />
    </UnitTest>
    <UnitTest name="BuckScience.Tests.WeatherConfigurationTests.WeatherApiSettings_ShouldBindFromConfiguration" storage="/home/runner/work/buckscienceapp/buckscienceapp/tests/buckscience.tests/bin/debug/net8.0/buckscience.tests.dll" id="b1a32a5b-bec7-9c13-ecb5-d09eae519281">
      <Execution id="a0e03c43-9427-47da-b147-f8fd498afd06" />
      <TestMethod codeBase="/home/runner/work/BuckScienceApp/BuckScienceApp/tests/BuckScience.Tests/bin/Debug/net8.0/BuckScience.Tests.dll" adapterTypeName="executor://xunit/VsTestRunner2/netcoreapp" className="BuckScience.Tests.WeatherConfigurationTests" name="WeatherApiSettings_ShouldBindFromConfiguration" />
    </UnitTest>
    <UnitTest name="BuckScience.Tests.TaggingRequirementsTests.Requirement2_PhotoTagging_ShouldSupportBulkOperations" storage="/home/runner/work/buckscienceapp/buckscienceapp/tests/buckscience.tests/bin/debug/net8.0/buckscience.tests.dll" id="75db6be7-a24b-fda6-3919-e716d174ed3d">
      <Execution id="0fc5cdd9-5bc8-4c03-9ec5-891122f3c0f3" />
      <TestMethod codeBase="/home/runner/work/BuckScienceApp/BuckScienceApp/tests/BuckScience.Tests/bin/Debug/net8.0/BuckScience.Tests.dll" adapterTypeName="executor://xunit/VsTestRunner2/netcoreapp" className="BuckScience.Tests.TaggingRequirementsTests" name="Requirement2_PhotoTagging_ShouldSupportBulkOperations" />
    </UnitTest>
    <UnitTest name="BuckScience.Tests.PhotoFiltersTests.PhotoFilters_AllWeatherRangeFiltersWork" storage="/home/runner/work/buckscienceapp/buckscienceapp/tests/buckscience.tests/bin/debug/net8.0/buckscience.tests.dll" id="13b70763-63fd-f0df-582a-0fb307fcad59">
      <Execution id="c0f2ca9d-df2c-44b4-8a40-03d4e740fd81" />
      <TestMethod codeBase="/home/runner/work/BuckScienceApp/BuckScienceApp/tests/BuckScience.Tests/bin/Debug/net8.0/BuckScience.Tests.dll" adapterTypeName="executor://xunit/VsTestRunner2/netcoreapp" className="BuckScience.Tests.PhotoFiltersTests" name="PhotoFilters_AllWeatherRangeFiltersWork" />
    </UnitTest>
    <UnitTest name="BuckScience.Tests.Web.Helpers.WeatherHelpersTests.ConvertWindDirectionToText_VariousAngles_ReturnsCorrectDirection(degrees: 361, expected: &quot;N&quot;)" storage="/home/runner/work/buckscienceapp/buckscienceapp/tests/buckscience.tests/bin/debug/net8.0/buckscience.tests.dll" id="d983931e-3379-4c6a-5c76-852ec2540d36">
      <Execution id="8860e180-77ff-40ab-89e9-af22548ad3ec" />
      <TestMethod codeBase="/home/runner/work/BuckScienceApp/BuckScienceApp/tests/BuckScience.Tests/bin/Debug/net8.0/BuckScience.Tests.dll" adapterTypeName="executor://xunit/VsTestRunner2/netcoreapp" className="BuckScience.Tests.Web.Helpers.WeatherHelpersTests" name="ConvertWindDirectionToText_VariousAngles_ReturnsCorrectDirection" />
    </UnitTest>
    <UnitTest name="BuckScience.Tests.Application.SeasonMonthMappingServiceTests.GetMonthsForPropertyAsync_WithoutOverrides_ReturnsCorrectDefaults(season: EarlySeason, expectedMonths: [9, 10])" storage="/home/runner/work/buckscienceapp/buckscienceapp/tests/buckscience.tests/bin/debug/net8.0/buckscience.tests.dll" id="89a69faa-d4fe-30f7-2dd0-a490e26ff484">
      <Execution id="fd4abf1c-ca10-4fcd-beb8-3a909f258e01" />
      <TestMethod codeBase="/home/runner/work/BuckScienceApp/BuckScienceApp/tests/BuckScience.Tests/bin/Debug/net8.0/BuckScience.Tests.dll" adapterTypeName="executor://xunit/VsTestRunner2/netcoreapp" className="BuckScience.Tests.Application.SeasonMonthMappingServiceTests" name="GetMonthsForPropertyAsync_WithoutOverrides_ReturnsCorrectDefaults" />
    </UnitTest>
    <UnitTest name="BuckScience.Tests.TaggingSystemTests.GetOrCreateTag_ShouldThrowException_WhenTagNameIsInvalid(invalidTagName: &quot;   &quot;)" storage="/home/runner/work/buckscienceapp/buckscienceapp/tests/buckscience.tests/bin/debug/net8.0/buckscience.tests.dll" id="6219abff-caed-b73f-a3a3-a932c37fd5fb">
      <Execution id="2bcc83b7-fe64-4119-8013-e10757e21447" />
      <TestMethod codeBase="/home/runner/work/BuckScienceApp/BuckScienceApp/tests/BuckScience.Tests/bin/Debug/net8.0/BuckScience.Tests.dll" adapterTypeName="executor://xunit/VsTestRunner2/netcoreapp" className="BuckScience.Tests.TaggingSystemTests" name="GetOrCreateTag_ShouldThrowException_WhenTagNameIsInvalid" />
    </UnitTest>
    <UnitTest name="BuckScience.Tests.Domain.FeatureWeightTests.FeatureWeight_UpdateUserWeight_UpdatesValueAndTimestamp" storage="/home/runner/work/buckscienceapp/buckscienceapp/tests/buckscience.tests/bin/debug/net8.0/buckscience.tests.dll" id="7ae16dcf-6b89-2e79-9d90-4b5fa9ac7af9">
      <Execution id="c13814e4-27a5-457e-b9e1-099b7ab07fdb" />
      <TestMethod codeBase="/home/runner/work/BuckScienceApp/BuckScienceApp/tests/BuckScience.Tests/bin/Debug/net8.0/BuckScience.Tests.dll" adapterTypeName="executor://xunit/VsTestRunner2/netcoreapp" className="BuckScience.Tests.Domain.FeatureWeightTests" name="FeatureWeight_UpdateUserWeight_UpdatesValueAndTimestamp" />
    </UnitTest>
    <UnitTest name="BuckScience.Tests.Web.Helpers.WeatherHelpersTests.ConvertMoonPhaseTextToNumeric_ValidText_ReturnsCorrectValue(text: &quot;Waxing Crescent&quot;, expected: 0.125)" storage="/home/runner/work/buckscienceapp/buckscienceapp/tests/buckscience.tests/bin/debug/net8.0/buckscience.tests.dll" id="7264d755-3cfa-51c2-00b7-8c3c5d03bdbd">
      <Execution id="4b3cd341-0b26-484a-bfb9-3374bbc5e723" />
      <TestMethod codeBase="/home/runner/work/BuckScienceApp/BuckScienceApp/tests/BuckScience.Tests/bin/Debug/net8.0/BuckScience.Tests.dll" adapterTypeName="executor://xunit/VsTestRunner2/netcoreapp" className="BuckScience.Tests.Web.Helpers.WeatherHelpersTests" name="ConvertMoonPhaseTextToNumeric_ValidText_ReturnsCorrectValue" />
    </UnitTest>
    <UnitTest name="BuckScience.Tests.Application.FeatureWeights.UpdateFeatureWeightsTests.UpdateFeatureWeights_SendingCurrentUserWeightValue_DoesNotTriggerCustomFlag" storage="/home/runner/work/buckscienceapp/buckscienceapp/tests/buckscience.tests/bin/debug/net8.0/buckscience.tests.dll" id="237f5a59-e781-9088-3a51-e29d89420089">
      <Execution id="5ae764c0-04ea-438d-b334-5052bebe9553" />
      <TestMethod codeBase="/home/runner/work/BuckScienceApp/BuckScienceApp/tests/BuckScience.Tests/bin/Debug/net8.0/BuckScience.Tests.dll" adapterTypeName="executor://xunit/VsTestRunner2/netcoreapp" className="BuckScience.Tests.Application.FeatureWeights.UpdateFeatureWeightsTests" name="UpdateFeatureWeights_SendingCurrentUserWeightValue_DoesNotTriggerCustomFlag" />
    </UnitTest>
    <UnitTest name="BuckScience.Tests.Application.SeasonMonthMappingServiceTests.GetMonthsForPropertyAsync_WithoutOverrides_ReturnsCorrectDefaults(season: LateSeason, expectedMonths: [12, 1])" storage="/home/runner/work/buckscienceapp/buckscienceapp/tests/buckscience.tests/bin/debug/net8.0/buckscience.tests.dll" id="d593ac04-048b-ea90-6f6f-6fab4431a8fd">
      <Execution id="2ae2b588-6aba-4485-96a4-3a8a70684b7e" />
      <TestMethod codeBase="/home/runner/work/BuckScienceApp/BuckScienceApp/tests/BuckScience.Tests/bin/Debug/net8.0/BuckScience.Tests.dll" adapterTypeName="executor://xunit/VsTestRunner2/netcoreapp" className="BuckScience.Tests.Application.SeasonMonthMappingServiceTests" name="GetMonthsForPropertyAsync_WithoutOverrides_ReturnsCorrectDefaults" />
    </UnitTest>
    <UnitTest name="BuckScience.Tests.TaggingRequirementsTests.Requirement1_DatabaseSchema_ShouldMeetAllSpecifications" storage="/home/runner/work/buckscienceapp/buckscienceapp/tests/buckscience.tests/bin/debug/net8.0/buckscience.tests.dll" id="a7aa3cc0-0ea1-3d0c-3a62-ac5a405bf34e">
      <Execution id="7ca06f82-127c-4a13-bac5-5adeaced4f34" />
      <TestMethod codeBase="/home/runner/work/BuckScienceApp/BuckScienceApp/tests/BuckScience.Tests/bin/Debug/net8.0/BuckScience.Tests.dll" adapterTypeName="executor://xunit/VsTestRunner2/netcoreapp" className="BuckScience.Tests.TaggingRequirementsTests" name="Requirement1_DatabaseSchema_ShouldMeetAllSpecifications" />
    </UnitTest>
    <UnitTest name="BuckScience.Tests.Application.FeatureWeights.UpdateFeatureWeightsTests.UpdateFeatureWeights_OnlyUpdatesSeasonalWeights_SetsOnlyThatAsCustom" storage="/home/runner/work/buckscienceapp/buckscienceapp/tests/buckscience.tests/bin/debug/net8.0/buckscience.tests.dll" id="7acc5254-e1e8-fc5e-ffbb-a06142942287">
      <Execution id="1acb3379-d1ca-4606-a864-1abe7f7646fa" />
      <TestMethod codeBase="/home/runner/work/BuckScienceApp/BuckScienceApp/tests/BuckScience.Tests/bin/Debug/net8.0/BuckScience.Tests.dll" adapterTypeName="executor://xunit/VsTestRunner2/netcoreapp" className="BuckScience.Tests.Application.FeatureWeights.UpdateFeatureWeightsTests" name="UpdateFeatureWeights_OnlyUpdatesSeasonalWeights_SetsOnlyThatAsCustom" />
    </UnitTest>
    <UnitTest name="BuckScience.Tests.TaggingSystemTests.GetOrCreateTag_ShouldCreateNewTag_WhenTagDoesNotExist" storage="/home/runner/work/buckscienceapp/buckscienceapp/tests/buckscience.tests/bin/debug/net8.0/buckscience.tests.dll" id="f691e718-46df-21d8-be15-dfb8d4456f03">
      <Execution id="03ddb70e-217c-4a40-916c-f1dd4f72a344" />
      <TestMethod codeBase="/home/runner/work/BuckScienceApp/BuckScienceApp/tests/BuckScience.Tests/bin/Debug/net8.0/BuckScience.Tests.dll" adapterTypeName="executor://xunit/VsTestRunner2/netcoreapp" className="BuckScience.Tests.TaggingSystemTests" name="GetOrCreateTag_ShouldCreateNewTag_WhenTagDoesNotExist" />
    </UnitTest>
    <UnitTest name="BuckScience.Tests.Domain.FeatureWeightTests.FeatureWeight_UpdateUserWeight_WithNullSetsIsCustomToFalse" storage="/home/runner/work/buckscienceapp/buckscienceapp/tests/buckscience.tests/bin/debug/net8.0/buckscience.tests.dll" id="f33495c4-e0d0-5acc-0d2f-99762039f6f2">
      <Execution id="2f407254-0d2f-4e9d-9eab-105ae8ed63be" />
      <TestMethod codeBase="/home/runner/work/BuckScienceApp/BuckScienceApp/tests/BuckScience.Tests/bin/Debug/net8.0/BuckScience.Tests.dll" adapterTypeName="executor://xunit/VsTestRunner2/netcoreapp" className="BuckScience.Tests.Domain.FeatureWeightTests" name="FeatureWeight_UpdateUserWeight_WithNullSetsIsCustomToFalse" />
    </UnitTest>
    <UnitTest name="BuckScience.Tests.Domain.PropertySeasonMonthsOverrideTests.PropertySeasonMonthsOverride_MonthsJson_SerializesCorrectly" storage="/home/runner/work/buckscienceapp/buckscienceapp/tests/buckscience.tests/bin/debug/net8.0/buckscience.tests.dll" id="356cc39e-f096-9eaf-df3c-a4d73a8c57b9">
      <Execution id="fb6bb9c4-0b0a-4f4a-a5db-a8b148cf24b4" />
      <TestMethod codeBase="/home/runner/work/BuckScienceApp/BuckScienceApp/tests/BuckScience.Tests/bin/Debug/net8.0/BuckScience.Tests.dll" adapterTypeName="executor://xunit/VsTestRunner2/netcoreapp" className="BuckScience.Tests.Domain.PropertySeasonMonthsOverrideTests" name="PropertySeasonMonthsOverride_MonthsJson_SerializesCorrectly" />
    </UnitTest>
    <UnitTest name="BuckScience.Tests.PhotoFilteringIntegrationTests.BuildFilters_WithCameraPlacementHistoryIds_ReturnsFiltersWithPlacementHistories" storage="/home/runner/work/buckscienceapp/buckscienceapp/tests/buckscience.tests/bin/debug/net8.0/buckscience.tests.dll" id="64fa6710-678a-0a23-7d5a-26a655d565e8">
      <Execution id="8ecbde3c-c7aa-45e2-a000-02ef6616c3b8" />
      <TestMethod codeBase="/home/runner/work/BuckScienceApp/BuckScienceApp/tests/BuckScience.Tests/bin/Debug/net8.0/BuckScience.Tests.dll" adapterTypeName="executor://xunit/VsTestRunner2/netcoreapp" className="BuckScience.Tests.PhotoFilteringIntegrationTests" name="BuildFilters_WithCameraPlacementHistoryIds_ReturnsFiltersWithPlacementHistories" />
    </UnitTest>
    <UnitTest name="BuckScience.Tests.DirectionHelperTests.FromFloat_ShouldFindClosestDirection(degrees: 68, expectedDirection: E)" storage="/home/runner/work/buckscienceapp/buckscienceapp/tests/buckscience.tests/bin/debug/net8.0/buckscience.tests.dll" id="e59ff618-3ced-6a2f-d01c-20262e337085">
      <Execution id="9ec7ca6d-4138-4359-80a8-ec94e2bce999" />
      <TestMethod codeBase="/home/runner/work/BuckScienceApp/BuckScienceApp/tests/BuckScience.Tests/bin/Debug/net8.0/BuckScience.Tests.dll" adapterTypeName="executor://xunit/VsTestRunner2/netcoreapp" className="BuckScience.Tests.DirectionHelperTests" name="FromFloat_ShouldFindClosestDirection" />
    </UnitTest>
    <UnitTest name="BuckScience.Tests.Web.Helpers.WeatherHelpersTests.ConvertMoonPhaseToText_VariousValues_ReturnsCorrectText(phase: 0.10000000000000001, expected: &quot;Waxing Crescent&quot;)" storage="/home/runner/work/buckscienceapp/buckscienceapp/tests/buckscience.tests/bin/debug/net8.0/buckscience.tests.dll" id="31c8774a-1539-0a44-3404-de06d646b468">
      <Execution id="62a88b90-e64a-4436-95cb-7d7a6b801247" />
      <TestMethod codeBase="/home/runner/work/BuckScienceApp/BuckScienceApp/tests/BuckScience.Tests/bin/Debug/net8.0/BuckScience.Tests.dll" adapterTypeName="executor://xunit/VsTestRunner2/netcoreapp" className="BuckScience.Tests.Web.Helpers.WeatherHelpersTests" name="ConvertMoonPhaseToText_VariousValues_ReturnsCorrectText" />
    </UnitTest>
    <UnitTest name="BuckScience.Tests.Domain.PropertyFeatureTests.Constructor_AllParameters_SetsAllPropertiesCorrectly" storage="/home/runner/work/buckscienceapp/buckscienceapp/tests/buckscience.tests/bin/debug/net8.0/buckscience.tests.dll" id="5c035d64-72fa-5f12-cc21-1e89e4c3e9b9">
      <Execution id="267673c1-31d7-4696-aab1-0957844492e9" />
      <TestMethod codeBase="/home/runner/work/BuckScienceApp/BuckScienceApp/tests/BuckScience.Tests/bin/Debug/net8.0/BuckScience.Tests.dll" adapterTypeName="executor://xunit/VsTestRunner2/netcoreapp" className="BuckScience.Tests.Domain.PropertyFeatureTests" name="Constructor_AllParameters_SetsAllPropertiesCorrectly" />
    </UnitTest>
    <UnitTest name="BuckScience.Tests.Application.SeasonMonthMappingServiceTests.SetPropertySeasonOverrideAsync_UpdatesExistingOverride_WhenOneExists" storage="/home/runner/work/buckscienceapp/buckscienceapp/tests/buckscience.tests/bin/debug/net8.0/buckscience.tests.dll" id="c5f68921-dad4-1a69-07c9-dd9ef56e29ff">
      <Execution id="753a2bdf-3c24-4bf0-ae5d-d962673e595e" />
      <TestMethod codeBase="/home/runner/work/BuckScienceApp/BuckScienceApp/tests/BuckScience.Tests/bin/Debug/net8.0/BuckScience.Tests.dll" adapterTypeName="executor://xunit/VsTestRunner2/netcoreapp" className="BuckScience.Tests.Application.SeasonMonthMappingServiceTests" name="SetPropertySeasonOverrideAsync_UpdatesExistingOverride_WhenOneExists" />
    </UnitTest>
    <UnitTest name="BuckScience.Tests.CameraDetailsVmTests.CameraDetailsVm_ShouldHaveAllRequiredProperties" storage="/home/runner/work/buckscienceapp/buckscienceapp/tests/buckscience.tests/bin/debug/net8.0/buckscience.tests.dll" id="22960b58-9cb3-5bbf-01a8-8b59f0364e15">
      <Execution id="f5ea49de-d264-4056-a409-54a5976c027d" />
      <TestMethod codeBase="/home/runner/work/BuckScienceApp/BuckScienceApp/tests/BuckScience.Tests/bin/Debug/net8.0/BuckScience.Tests.dll" adapterTypeName="executor://xunit/VsTestRunner2/netcoreapp" className="BuckScience.Tests.CameraDetailsVmTests" name="CameraDetailsVm_ShouldHaveAllRequiredProperties" />
    </UnitTest>
    <UnitTest name="BuckScience.Tests.Domain.MonthsAttributeTests.MonthsAttribute_Constructor_WithMixedValidAndInvalidMonths_ThrowsArgumentOutOfRangeException" storage="/home/runner/work/buckscienceapp/buckscienceapp/tests/buckscience.tests/bin/debug/net8.0/buckscience.tests.dll" id="40701e53-787e-9af9-e51e-796a4964c5fd">
      <Execution id="bab09159-ea9e-4ae2-b375-74c53857f8ab" />
      <TestMethod codeBase="/home/runner/work/BuckScienceApp/BuckScienceApp/tests/BuckScience.Tests/bin/Debug/net8.0/BuckScience.Tests.dll" adapterTypeName="executor://xunit/VsTestRunner2/netcoreapp" className="BuckScience.Tests.Domain.MonthsAttributeTests" name="MonthsAttribute_Constructor_WithMixedValidAndInvalidMonths_ThrowsArgumentOutOfRangeException" />
    </UnitTest>
    <UnitTest name="BuckScience.Tests.Web.Helpers.WeatherHelpersTests.ConvertWindDirectionTextToNumeric_InvalidText_ReturnsNull(direction: &quot;   &quot;)" storage="/home/runner/work/buckscienceapp/buckscienceapp/tests/buckscience.tests/bin/debug/net8.0/buckscience.tests.dll" id="ec065801-9998-c7ce-5285-3fe14e38cdac">
      <Execution id="68a79e04-abd7-4c21-b16e-e0af245bb8f4" />
      <TestMethod codeBase="/home/runner/work/BuckScienceApp/BuckScienceApp/tests/BuckScience.Tests/bin/Debug/net8.0/BuckScience.Tests.dll" adapterTypeName="executor://xunit/VsTestRunner2/netcoreapp" className="BuckScience.Tests.Web.Helpers.WeatherHelpersTests" name="ConvertWindDirectionTextToNumeric_InvalidText_ReturnsNull" />
    </UnitTest>
    <UnitTest name="BuckScience.Tests.PhotoFilteringIntegrationTests.BuildFilters_WithDateRange_ReturnsFiltersWithDates" storage="/home/runner/work/buckscienceapp/buckscienceapp/tests/buckscience.tests/bin/debug/net8.0/buckscience.tests.dll" id="c900e632-ca6a-8d11-765e-c59876f4f7f8">
      <Execution id="1d06a254-afae-44d8-918f-af01d0ce2f77" />
      <TestMethod codeBase="/home/runner/work/BuckScienceApp/BuckScienceApp/tests/BuckScience.Tests/bin/Debug/net8.0/BuckScience.Tests.dll" adapterTypeName="executor://xunit/VsTestRunner2/netcoreapp" className="BuckScience.Tests.PhotoFilteringIntegrationTests" name="BuildFilters_WithDateRange_ReturnsFiltersWithDates" />
    </UnitTest>
    <UnitTest name="BuckScience.Tests.Domain.MonthsAttributeTests.MonthsAttribute_Constructor_WithBoundaryValidMonths_SetsMonthsCorrectly(month: 1)" storage="/home/runner/work/buckscienceapp/buckscienceapp/tests/buckscience.tests/bin/debug/net8.0/buckscience.tests.dll" id="75b50791-58b3-a264-c6bb-b7e6f52f0f9b">
      <Execution id="fdf5a7c5-1730-4c78-b9aa-6e5cebe0f8fe" />
      <TestMethod codeBase="/home/runner/work/BuckScienceApp/BuckScienceApp/tests/BuckScience.Tests/bin/Debug/net8.0/BuckScience.Tests.dll" adapterTypeName="executor://xunit/VsTestRunner2/netcoreapp" className="BuckScience.Tests.Domain.MonthsAttributeTests" name="MonthsAttribute_Constructor_WithBoundaryValidMonths_SetsMonthsCorrectly" />
    </UnitTest>
    <UnitTest name="BuckScience.Tests.Web.Helpers.WeatherHelpersTests.ConvertWindDirectionToText_VariousAngles_ReturnsCorrectDirection(degrees: 45, expected: &quot;NE&quot;)" storage="/home/runner/work/buckscienceapp/buckscienceapp/tests/buckscience.tests/bin/debug/net8.0/buckscience.tests.dll" id="1798213c-35a3-cbbc-3a0a-8843aace427d">
      <Execution id="fd3d0637-0ca8-4ace-9cc4-fa94a9ecccfb" />
      <TestMethod codeBase="/home/runner/work/BuckScienceApp/BuckScienceApp/tests/BuckScience.Tests/bin/Debug/net8.0/BuckScience.Tests.dll" adapterTypeName="executor://xunit/VsTestRunner2/netcoreapp" className="BuckScience.Tests.Web.Helpers.WeatherHelpersTests" name="ConvertWindDirectionToText_VariousAngles_ReturnsCorrectDirection" />
    </UnitTest>
    <UnitTest name="BuckScience.Tests.Domain.PropertyFeatureTests.SetWeight_WithNull_SetsWeightToNull" storage="/home/runner/work/buckscienceapp/buckscienceapp/tests/buckscience.tests/bin/debug/net8.0/buckscience.tests.dll" id="6a32519d-0b48-1a74-f23b-101b1449f4f4">
      <Execution id="a884aa71-2a93-4132-90b3-d18915f5d8f3" />
      <TestMethod codeBase="/home/runner/work/BuckScienceApp/BuckScienceApp/tests/BuckScience.Tests/bin/Debug/net8.0/BuckScience.Tests.dll" adapterTypeName="executor://xunit/VsTestRunner2/netcoreapp" className="BuckScience.Tests.Domain.PropertyFeatureTests" name="SetWeight_WithNull_SetsWeightToNull" />
    </UnitTest>
    <UnitTest name="BuckScience.Tests.Web.Helpers.WeatherHelpersTests.ConvertWindDirectionTextToNumeric_ValidDirections_ReturnsCorrectDegrees(direction: &quot;ENE&quot;, expected: 67.5)" storage="/home/runner/work/buckscienceapp/buckscienceapp/tests/buckscience.tests/bin/debug/net8.0/buckscience.tests.dll" id="226e9057-54c6-53d9-d48c-5a3aaedbb305">
      <Execution id="f19b40d3-75ff-4d7a-b681-7e7bbbcaf87d" />
      <TestMethod codeBase="/home/runner/work/BuckScienceApp/BuckScienceApp/tests/BuckScience.Tests/bin/Debug/net8.0/BuckScience.Tests.dll" adapterTypeName="executor://xunit/VsTestRunner2/netcoreapp" className="BuckScience.Tests.Web.Helpers.WeatherHelpersTests" name="ConvertWindDirectionTextToNumeric_ValidDirections_ReturnsCorrectDegrees" />
    </UnitTest>
    <UnitTest name="BuckScience.Tests.FeatureHelperTests.GetCategory_ShouldReturnCorrectCategoryForWaterResources" storage="/home/runner/work/buckscienceapp/buckscienceapp/tests/buckscience.tests/bin/debug/net8.0/buckscience.tests.dll" id="fb1e59a0-19c5-d0be-0d94-4bf533d92746">
      <Execution id="a4ac7b81-786b-42cf-9b71-de380f9ee10c" />
      <TestMethod codeBase="/home/runner/work/BuckScienceApp/BuckScienceApp/tests/BuckScience.Tests/bin/Debug/net8.0/BuckScience.Tests.dll" adapterTypeName="executor://xunit/VsTestRunner2/netcoreapp" className="BuckScience.Tests.FeatureHelperTests" name="GetCategory_ShouldReturnCorrectCategoryForWaterResources" />
    </UnitTest>
    <UnitTest name="BuckScience.Tests.CameraEditVmTests.CameraEditVm_SyncDirectionFromSelection_ShouldUpdateDirectionDegrees" storage="/home/runner/work/buckscienceapp/buckscienceapp/tests/buckscience.tests/bin/debug/net8.0/buckscience.tests.dll" id="e5846600-5bfc-193d-66eb-f1933de5487e">
      <Execution id="5a759fb4-05b7-4ebf-838b-5a6b66f5d656" />
      <TestMethod codeBase="/home/runner/work/BuckScienceApp/BuckScienceApp/tests/BuckScience.Tests/bin/Debug/net8.0/BuckScience.Tests.dll" adapterTypeName="executor://xunit/VsTestRunner2/netcoreapp" className="BuckScience.Tests.CameraEditVmTests" name="CameraEditVm_SyncDirectionFromSelection_ShouldUpdateDirectionDegrees" />
    </UnitTest>
    <UnitTest name="BuckScience.Tests.Domain.FeatureWeightTests.FeatureWeight_ResetToDefault_ClearsCustomizations" storage="/home/runner/work/buckscienceapp/buckscienceapp/tests/buckscience.tests/bin/debug/net8.0/buckscience.tests.dll" id="5def33b1-c62c-99fb-8bf7-753117f8b16e">
      <Execution id="eedc4611-dde1-4f5c-86d4-96f10accb697" />
      <TestMethod codeBase="/home/runner/work/BuckScienceApp/BuckScienceApp/tests/BuckScience.Tests/bin/Debug/net8.0/BuckScience.Tests.dll" adapterTypeName="executor://xunit/VsTestRunner2/netcoreapp" className="BuckScience.Tests.Domain.FeatureWeightTests" name="FeatureWeight_ResetToDefault_ClearsCustomizations" />
    </UnitTest>
    <UnitTest name="BuckScience.Tests.Domain.PropertySeasonMonthsOverrideTests.PropertySeasonMonthsOverride_Constructor_WithInvalidMonths_ThrowsArgumentOutOfRangeException(invalidMonths: [1, 13])" storage="/home/runner/work/buckscienceapp/buckscienceapp/tests/buckscience.tests/bin/debug/net8.0/buckscience.tests.dll" id="343fd73e-33e0-a251-14f5-344e69186a31">
      <Execution id="f6d9bfab-7143-4a00-8573-8fe911e8aad2" />
      <TestMethod codeBase="/home/runner/work/BuckScienceApp/BuckScienceApp/tests/BuckScience.Tests/bin/Debug/net8.0/BuckScience.Tests.dll" adapterTypeName="executor://xunit/VsTestRunner2/netcoreapp" className="BuckScience.Tests.Domain.PropertySeasonMonthsOverrideTests" name="PropertySeasonMonthsOverride_Constructor_WithInvalidMonths_ThrowsArgumentOutOfRangeException" />
    </UnitTest>
    <UnitTest name="BuckScience.Tests.DirectionHelperTests.FromFloat_ShouldReturnCorrectDirection(degrees: 315, expectedDirection: NW)" storage="/home/runner/work/buckscienceapp/buckscienceapp/tests/buckscience.tests/bin/debug/net8.0/buckscience.tests.dll" id="d269bbab-e11e-9189-e523-cf92a42762f7">
      <Execution id="e37ca12e-5a93-440e-889b-ea27583ed984" />
      <TestMethod codeBase="/home/runner/work/BuckScienceApp/BuckScienceApp/tests/BuckScience.Tests/bin/Debug/net8.0/BuckScience.Tests.dll" adapterTypeName="executor://xunit/VsTestRunner2/netcoreapp" className="BuckScience.Tests.DirectionHelperTests" name="FromFloat_ShouldReturnCorrectDirection" />
    </UnitTest>
    <UnitTest name="BuckScience.Tests.CameraDetailsVmTests.CameraDetailsVm_ShouldAllowNullModel" storage="/home/runner/work/buckscienceapp/buckscienceapp/tests/buckscience.tests/bin/debug/net8.0/buckscience.tests.dll" id="4103318d-2de0-6e72-8544-27607329cbb3">
      <Execution id="db529116-3c6d-46d3-9b0b-2c763f489330" />
      <TestMethod codeBase="/home/runner/work/BuckScienceApp/BuckScienceApp/tests/BuckScience.Tests/bin/Debug/net8.0/BuckScience.Tests.dll" adapterTypeName="executor://xunit/VsTestRunner2/netcoreapp" className="BuckScience.Tests.CameraDetailsVmTests" name="CameraDetailsVm_ShouldAllowNullModel" />
    </UnitTest>
    <UnitTest name="BuckScience.Tests.FeatureHelperTests.GetFeatureDescription_ShouldReturnCorrectDescriptions" storage="/home/runner/work/buckscienceapp/buckscienceapp/tests/buckscience.tests/bin/debug/net8.0/buckscience.tests.dll" id="42292f25-9e9f-80d8-c32a-5aae5cd0c643">
      <Execution id="4ede0f48-13a7-4ac0-9dca-fb82a4fc3641" />
      <TestMethod codeBase="/home/runner/work/BuckScienceApp/BuckScienceApp/tests/BuckScience.Tests/bin/Debug/net8.0/BuckScience.Tests.dll" adapterTypeName="executor://xunit/VsTestRunner2/netcoreapp" className="BuckScience.Tests.FeatureHelperTests" name="GetFeatureDescription_ShouldReturnCorrectDescriptions" />
    </UnitTest>
    <UnitTest name="BuckScience.Tests.Domain.FeatureWeightTests.FeatureWeight_UpdateUserWeight_SetsIsCustomToTrue" storage="/home/runner/work/buckscienceapp/buckscienceapp/tests/buckscience.tests/bin/debug/net8.0/buckscience.tests.dll" id="8c01a8cb-2ffc-5487-6da3-7bc37c88340c">
      <Execution id="fa676024-229b-4401-85d4-883d75fed3ec" />
      <TestMethod codeBase="/home/runner/work/BuckScienceApp/BuckScienceApp/tests/BuckScience.Tests/bin/Debug/net8.0/BuckScience.Tests.dll" adapterTypeName="executor://xunit/VsTestRunner2/netcoreapp" className="BuckScience.Tests.Domain.FeatureWeightTests" name="FeatureWeight_UpdateUserWeight_SetsIsCustomToTrue" />
    </UnitTest>
    <UnitTest name="BuckScience.Tests.TaggingSystemTests.GetOrCreateTag_ShouldThrowException_WhenTagNameIsInvalid(invalidTagName: null)" storage="/home/runner/work/buckscienceapp/buckscienceapp/tests/buckscience.tests/bin/debug/net8.0/buckscience.tests.dll" id="1335073e-5183-6141-99f1-caaa61dc86f4">
      <Execution id="08eeee97-36af-4737-a0d4-9ff06922e4c0" />
      <TestMethod codeBase="/home/runner/work/BuckScienceApp/BuckScienceApp/tests/BuckScience.Tests/bin/Debug/net8.0/BuckScience.Tests.dll" adapterTypeName="executor://xunit/VsTestRunner2/netcoreapp" className="BuckScience.Tests.TaggingSystemTests" name="GetOrCreateTag_ShouldThrowException_WhenTagNameIsInvalid" />
    </UnitTest>
    <UnitTest name="BuckScience.Tests.FeatureHelperTests.GetCategory_ShouldReturnOtherForOtherType" storage="/home/runner/work/buckscienceapp/buckscienceapp/tests/buckscience.tests/bin/debug/net8.0/buckscience.tests.dll" id="93232e33-f6c8-82c0-b755-94e963fff023">
      <Execution id="b76818bd-071e-4bb8-9bcc-0a26359da633" />
      <TestMethod codeBase="/home/runner/work/BuckScienceApp/BuckScienceApp/tests/BuckScience.Tests/bin/Debug/net8.0/BuckScience.Tests.dll" adapterTypeName="executor://xunit/VsTestRunner2/netcoreapp" className="BuckScience.Tests.FeatureHelperTests" name="GetCategory_ShouldReturnOtherForOtherType" />
    </UnitTest>
    <UnitTest name="BuckScience.Tests.Domain.FeatureWeightTests.FeatureWeightHelper_GetCategory_ReturnsCorrectCategory(type: Ridge, expectedCategory: Topographical)" storage="/home/runner/work/buckscienceapp/buckscienceapp/tests/buckscience.tests/bin/debug/net8.0/buckscience.tests.dll" id="3101a1d2-70b0-545d-5f32-eb96f6803b5f">
      <Execution id="aedc7108-8822-411a-a46e-773b54c92373" />
      <TestMethod codeBase="/home/runner/work/BuckScienceApp/BuckScienceApp/tests/BuckScience.Tests/bin/Debug/net8.0/BuckScience.Tests.dll" adapterTypeName="executor://xunit/VsTestRunner2/netcoreapp" className="BuckScience.Tests.Domain.FeatureWeightTests" name="FeatureWeightHelper_GetCategory_ReturnsCorrectCategory" />
    </UnitTest>
    <UnitTest name="BuckScience.Tests.TaggingRequirementsTests.Requirement2_NewTagCreation_ShouldBeSupported" storage="/home/runner/work/buckscienceapp/buckscienceapp/tests/buckscience.tests/bin/debug/net8.0/buckscience.tests.dll" id="ddd7ef0f-f8d8-3f23-14c1-c969cc917d3a">
      <Execution id="578c73db-681b-48a5-aaa4-955f0c7c05b0" />
      <TestMethod codeBase="/home/runner/work/BuckScienceApp/BuckScienceApp/tests/BuckScience.Tests/bin/Debug/net8.0/BuckScience.Tests.dll" adapterTypeName="executor://xunit/VsTestRunner2/netcoreapp" className="BuckScience.Tests.TaggingRequirementsTests" name="Requirement2_NewTagCreation_ShouldBeSupported" />
    </UnitTest>
    <UnitTest name="BuckScience.Tests.Web.Helpers.WeatherHelpersTests.ConvertMoonPhaseToText_VariousValues_ReturnsCorrectText(phase: 0.98999999999999999, expected: &quot;New Moon&quot;)" storage="/home/runner/work/buckscienceapp/buckscienceapp/tests/buckscience.tests/bin/debug/net8.0/buckscience.tests.dll" id="46016c60-0720-f808-02e7-68fa8d4036c4">
      <Execution id="703a9f33-1591-446e-aeba-a75a962733c8" />
      <TestMethod codeBase="/home/runner/work/BuckScienceApp/BuckScienceApp/tests/BuckScience.Tests/bin/Debug/net8.0/BuckScience.Tests.dll" adapterTypeName="executor://xunit/VsTestRunner2/netcoreapp" className="BuckScience.Tests.Web.Helpers.WeatherHelpersTests" name="ConvertMoonPhaseToText_VariousValues_ReturnsCorrectText" />
    </UnitTest>
    <UnitTest name="BuckScience.Tests.PhotoFilteringComprehensiveTests.CameraOption_PropertiesWork" storage="/home/runner/work/buckscienceapp/buckscienceapp/tests/buckscience.tests/bin/debug/net8.0/buckscience.tests.dll" id="17d2bd4a-a575-7ccc-1676-102dfc4795d6">
      <Execution id="798e5ec6-2d8e-432e-8598-853ccc34f74e" />
      <TestMethod codeBase="/home/runner/work/BuckScienceApp/BuckScienceApp/tests/BuckScience.Tests/bin/Debug/net8.0/BuckScience.Tests.dll" adapterTypeName="executor://xunit/VsTestRunner2/netcoreapp" className="BuckScience.Tests.PhotoFilteringComprehensiveTests" name="CameraOption_PropertiesWork" />
    </UnitTest>
    <UnitTest name="BuckScience.Tests.Web.Helpers.WeatherHelpersTests.ConvertMoonPhaseTextToNumeric_ValidText_ReturnsCorrectValue(text: &quot;New Moon&quot;, expected: 0)" storage="/home/runner/work/buckscienceapp/buckscienceapp/tests/buckscience.tests/bin/debug/net8.0/buckscience.tests.dll" id="29048f6b-b73b-a720-ef94-9f27a4540f3c">
      <Execution id="0666574c-1aee-45b5-8fc4-5393a0da6111" />
      <TestMethod codeBase="/home/runner/work/BuckScienceApp/BuckScienceApp/tests/BuckScience.Tests/bin/Debug/net8.0/BuckScience.Tests.dll" adapterTypeName="executor://xunit/VsTestRunner2/netcoreapp" className="BuckScience.Tests.Web.Helpers.WeatherHelpersTests" name="ConvertMoonPhaseTextToNumeric_ValidText_ReturnsCorrectValue" />
    </UnitTest>
    <UnitTest name="BuckScience.Tests.Web.Helpers.WeatherHelpersTests.ConvertWindDirectionTextToNumeric_ValidDirections_ReturnsCorrectDegrees(direction: &quot;NNW&quot;, expected: 337.5)" storage="/home/runner/work/buckscienceapp/buckscienceapp/tests/buckscience.tests/bin/debug/net8.0/buckscience.tests.dll" id="d3a4b1bb-6aeb-d30b-4b3c-0f1cdc5eac6e">
      <Execution id="8d6b8e62-8c3f-485d-a576-2d8422ed9b84" />
      <TestMethod codeBase="/home/runner/work/BuckScienceApp/BuckScienceApp/tests/BuckScience.Tests/bin/Debug/net8.0/BuckScience.Tests.dll" adapterTypeName="executor://xunit/VsTestRunner2/netcoreapp" className="BuckScience.Tests.Web.Helpers.WeatherHelpersTests" name="ConvertWindDirectionTextToNumeric_ValidDirections_ReturnsCorrectDegrees" />
    </UnitTest>
    <UnitTest name="BuckScience.Tests.CameraCreateVmTests.CameraCreateVm_DirectionSync_ShouldWorkForAllDirections(direction: NW, expectedDegrees: 315)" storage="/home/runner/work/buckscienceapp/buckscienceapp/tests/buckscience.tests/bin/debug/net8.0/buckscience.tests.dll" id="be34b3ae-4d99-48a5-415d-a9f5ba8821a1">
      <Execution id="14cd86c4-d56a-48a1-8f38-4d395105486f" />
      <TestMethod codeBase="/home/runner/work/BuckScienceApp/BuckScienceApp/tests/BuckScience.Tests/bin/Debug/net8.0/BuckScience.Tests.dll" adapterTypeName="executor://xunit/VsTestRunner2/netcoreapp" className="BuckScience.Tests.CameraCreateVmTests" name="CameraCreateVm_DirectionSync_ShouldWorkForAllDirections" />
    </UnitTest>
    <UnitTest name="BuckScience.Tests.Web.Helpers.WeatherHelpersTests.ConvertWindDirectionToText_VariousAngles_ReturnsCorrectDirection(degrees: 180, expected: &quot;S&quot;)" storage="/home/runner/work/buckscienceapp/buckscienceapp/tests/buckscience.tests/bin/debug/net8.0/buckscience.tests.dll" id="4018bd47-d5cd-e85a-b6de-7760e129dafa">
      <Execution id="f0eb6d28-b3da-4b4d-bd30-c619fa386946" />
      <TestMethod codeBase="/home/runner/work/BuckScienceApp/BuckScienceApp/tests/BuckScience.Tests/bin/Debug/net8.0/BuckScience.Tests.dll" adapterTypeName="executor://xunit/VsTestRunner2/netcoreapp" className="BuckScience.Tests.Web.Helpers.WeatherHelpersTests" name="ConvertWindDirectionToText_VariousAngles_ReturnsCorrectDirection" />
    </UnitTest>
    <UnitTest name="BuckScience.Tests.Application.FeatureWeights.UpdateDefaultFeatureWeightsTests.UpdateDefaultFeatureWeights_UpdatesDefaultWeightsCorrectly" storage="/home/runner/work/buckscienceapp/buckscienceapp/tests/buckscience.tests/bin/debug/net8.0/buckscience.tests.dll" id="596b7c00-efcf-3d4d-3dbb-d2705ed5b371">
      <Execution id="e1c02494-4c01-41f5-a2f4-563fd2f4f062" />
      <TestMethod codeBase="/home/runner/work/BuckScienceApp/BuckScienceApp/tests/BuckScience.Tests/bin/Debug/net8.0/BuckScience.Tests.dll" adapterTypeName="executor://xunit/VsTestRunner2/netcoreapp" className="BuckScience.Tests.Application.FeatureWeights.UpdateDefaultFeatureWeightsTests" name="UpdateDefaultFeatureWeights_UpdatesDefaultWeightsCorrectly" />
    </UnitTest>
    <UnitTest name="BuckScience.Tests.Web.Helpers.WeatherHelpersTests.ConvertWindDirectionToText_VariousAngles_ReturnsCorrectDirection(degrees: 0, expected: &quot;N&quot;)" storage="/home/runner/work/buckscienceapp/buckscienceapp/tests/buckscience.tests/bin/debug/net8.0/buckscience.tests.dll" id="d158f051-212f-d40f-0819-bf99fbd314c0">
      <Execution id="2cc33a7d-7687-4dff-a54e-d5a31d132f55" />
      <TestMethod codeBase="/home/runner/work/BuckScienceApp/BuckScienceApp/tests/BuckScience.Tests/bin/Debug/net8.0/BuckScience.Tests.dll" adapterTypeName="executor://xunit/VsTestRunner2/netcoreapp" className="BuckScience.Tests.Web.Helpers.WeatherHelpersTests" name="ConvertWindDirectionToText_VariousAngles_ReturnsCorrectDirection" />
    </UnitTest>
    <UnitTest name="BuckScience.Tests.PhotoGroupingTests.CameraPhotoGrouping_ShouldGroupByMonthYear" storage="/home/runner/work/buckscienceapp/buckscienceapp/tests/buckscience.tests/bin/debug/net8.0/buckscience.tests.dll" id="fa20158d-fb5e-8e7a-f1da-aa0a1eb9ba5a">
      <Execution id="1c223322-64e2-4e3c-9815-1e64ea797c78" />
      <TestMethod codeBase="/home/runner/work/BuckScienceApp/BuckScienceApp/tests/BuckScience.Tests/bin/Debug/net8.0/BuckScience.Tests.dll" adapterTypeName="executor://xunit/VsTestRunner2/netcoreapp" className="BuckScience.Tests.PhotoGroupingTests" name="CameraPhotoGrouping_ShouldGroupByMonthYear" />
    </UnitTest>
    <UnitTest name="BuckScience.Tests.Web.Helpers.WeatherHelpersTests.ConvertWindDirectionTextToNumeric_ValidDirections_ReturnsCorrectDegrees(direction: &quot;SE&quot;, expected: 135)" storage="/home/runner/work/buckscienceapp/buckscienceapp/tests/buckscience.tests/bin/debug/net8.0/buckscience.tests.dll" id="c91192db-21fb-4e08-e57b-721298eb140d">
      <Execution id="e972f44d-87d9-40e8-837b-3e16be34cabd" />
      <TestMethod codeBase="/home/runner/work/BuckScienceApp/BuckScienceApp/tests/BuckScience.Tests/bin/Debug/net8.0/BuckScience.Tests.dll" adapterTypeName="executor://xunit/VsTestRunner2/netcoreapp" className="BuckScience.Tests.Web.Helpers.WeatherHelpersTests" name="ConvertWindDirectionTextToNumeric_ValidDirections_ReturnsCorrectDegrees" />
    </UnitTest>
    <UnitTest name="BuckScience.Tests.Domain.SeasonExtensionsTests.GetDefaultMonths_PreRut_ReturnsCorrectMonths" storage="/home/runner/work/buckscienceapp/buckscienceapp/tests/buckscience.tests/bin/debug/net8.0/buckscience.tests.dll" id="4e409710-7600-d8ec-3aaf-52ff72372913">
      <Execution id="d4287181-5e3e-42d2-83ac-173fc2d60388" />
      <TestMethod codeBase="/home/runner/work/BuckScienceApp/BuckScienceApp/tests/BuckScience.Tests/bin/Debug/net8.0/BuckScience.Tests.dll" adapterTypeName="executor://xunit/VsTestRunner2/netcoreapp" className="BuckScience.Tests.Domain.SeasonExtensionsTests" name="GetDefaultMonths_PreRut_ReturnsCorrectMonths" />
    </UnitTest>
    <UnitTest name="BuckScience.Tests.Application.FeatureWeights.UpdateDefaultFeatureWeightsTests.UpdateDefaultFeatureWeights_ValidatesWeightRange" storage="/home/runner/work/buckscienceapp/buckscienceapp/tests/buckscience.tests/bin/debug/net8.0/buckscience.tests.dll" id="49d22b5a-8a11-c5d8-4359-de2ffd90b380">
      <Execution id="1f413a80-a1d2-467b-b64b-60170479804c" />
      <TestMethod codeBase="/home/runner/work/BuckScienceApp/BuckScienceApp/tests/BuckScience.Tests/bin/Debug/net8.0/BuckScience.Tests.dll" adapterTypeName="executor://xunit/VsTestRunner2/netcoreapp" className="BuckScience.Tests.Application.FeatureWeights.UpdateDefaultFeatureWeightsTests" name="UpdateDefaultFeatureWeights_ValidatesWeightRange" />
    </UnitTest>
    <UnitTest name="BuckScience.Tests.Domain.PropertySeasonMonthsOverrideTests.PropertySeasonMonthsOverride_SetMonths_WithInvalidMonths_ThrowsArgumentOutOfRangeException(invalidMonths: [0])" storage="/home/runner/work/buckscienceapp/buckscienceapp/tests/buckscience.tests/bin/debug/net8.0/buckscience.tests.dll" id="e7cf9e58-42dd-8f47-eefc-754488b66343">
      <Execution id="5dfaf3dc-8b38-4bd4-a151-9bc3ce43793d" />
      <TestMethod codeBase="/home/runner/work/BuckScienceApp/BuckScienceApp/tests/BuckScience.Tests/bin/Debug/net8.0/BuckScience.Tests.dll" adapterTypeName="executor://xunit/VsTestRunner2/netcoreapp" className="BuckScience.Tests.Domain.PropertySeasonMonthsOverrideTests" name="PropertySeasonMonthsOverride_SetMonths_WithInvalidMonths_ThrowsArgumentOutOfRangeException" />
    </UnitTest>
    <UnitTest name="BuckScience.Tests.Domain.FeatureWeightTests.FeatureWeight_SeasonalWeights_JsonSerialization_WorksCorrectly" storage="/home/runner/work/buckscienceapp/buckscienceapp/tests/buckscience.tests/bin/debug/net8.0/buckscience.tests.dll" id="1c742a22-39f7-5815-626c-daa50ff10c87">
      <Execution id="d365c392-ccd6-462b-851d-5423d5b42b72" />
      <TestMethod codeBase="/home/runner/work/BuckScienceApp/BuckScienceApp/tests/BuckScience.Tests/bin/Debug/net8.0/BuckScience.Tests.dll" adapterTypeName="executor://xunit/VsTestRunner2/netcoreapp" className="BuckScience.Tests.Domain.FeatureWeightTests" name="FeatureWeight_SeasonalWeights_JsonSerialization_WorksCorrectly" />
    </UnitTest>
    <UnitTest name="BuckScience.Tests.DirectionHelperTests.ToFloat_ShouldReturnCorrectDegrees(direction: NE, expectedDegrees: 45)" storage="/home/runner/work/buckscienceapp/buckscienceapp/tests/buckscience.tests/bin/debug/net8.0/buckscience.tests.dll" id="4331c44f-f3ff-6fce-80db-d30dfc1b0433">
      <Execution id="79cb2570-cc99-48d0-aa97-9ca6090de2fa" />
      <TestMethod codeBase="/home/runner/work/BuckScienceApp/BuckScienceApp/tests/BuckScience.Tests/bin/Debug/net8.0/BuckScience.Tests.dll" adapterTypeName="executor://xunit/VsTestRunner2/netcoreapp" className="BuckScience.Tests.DirectionHelperTests" name="ToFloat_ShouldReturnCorrectDegrees" />
    </UnitTest>
    <UnitTest name="BuckScience.Tests.Web.Helpers.WeatherHelpersTests.GetWindDirectionOptions_WithNull_AllUnavailable" storage="/home/runner/work/buckscienceapp/buckscienceapp/tests/buckscience.tests/bin/debug/net8.0/buckscience.tests.dll" id="dd76f619-e962-2008-d0f8-a714bb3f5c46">
      <Execution id="6e54a031-204a-4d41-a968-bcf8bca0dea6" />
      <TestMethod codeBase="/home/runner/work/BuckScienceApp/BuckScienceApp/tests/BuckScience.Tests/bin/Debug/net8.0/BuckScience.Tests.dll" adapterTypeName="executor://xunit/VsTestRunner2/netcoreapp" className="BuckScience.Tests.Web.Helpers.WeatherHelpersTests" name="GetWindDirectionOptions_WithNull_AllUnavailable" />
    </UnitTest>
    <UnitTest name="BuckScience.Tests.PhotoFiltersTests.PhotoFilters_HasWeatherFilters_ReturnsTrueWhenConditionsFilterSet" storage="/home/runner/work/buckscienceapp/buckscienceapp/tests/buckscience.tests/bin/debug/net8.0/buckscience.tests.dll" id="877174d0-c487-453a-b8ad-4f52137508be">
      <Execution id="0c39795c-2089-4b4d-a292-4f337b9566f0" />
      <TestMethod codeBase="/home/runner/work/BuckScienceApp/BuckScienceApp/tests/BuckScience.Tests/bin/Debug/net8.0/BuckScience.Tests.dll" adapterTypeName="executor://xunit/VsTestRunner2/netcoreapp" className="BuckScience.Tests.PhotoFiltersTests" name="PhotoFilters_HasWeatherFilters_ReturnsTrueWhenConditionsFilterSet" />
    </UnitTest>
    <UnitTest name="BuckScience.Tests.DirectionHelperTests.ToFloat_ShouldReturnCorrectDegrees(direction: E, expectedDegrees: 90)" storage="/home/runner/work/buckscienceapp/buckscienceapp/tests/buckscience.tests/bin/debug/net8.0/buckscience.tests.dll" id="b7a065c7-7a2e-0d14-6498-b30f746da816">
      <Execution id="99037d5d-5ae2-4bef-a780-256042ea65da" />
      <TestMethod codeBase="/home/runner/work/BuckScienceApp/BuckScienceApp/tests/BuckScience.Tests/bin/Debug/net8.0/BuckScience.Tests.dll" adapterTypeName="executor://xunit/VsTestRunner2/netcoreapp" className="BuckScience.Tests.DirectionHelperTests" name="ToFloat_ShouldReturnCorrectDegrees" />
    </UnitTest>
    <UnitTest name="BuckScience.Tests.PhotoGroupingTests.PhotoGrouping_ShouldGroupByMonthYear_Ascending" storage="/home/runner/work/buckscienceapp/buckscienceapp/tests/buckscience.tests/bin/debug/net8.0/buckscience.tests.dll" id="188163b5-3a99-e726-205c-6b6fc846baac">
      <Execution id="37666111-69fe-49ed-9477-d107d6ccac00" />
      <TestMethod codeBase="/home/runner/work/BuckScienceApp/BuckScienceApp/tests/BuckScience.Tests/bin/Debug/net8.0/BuckScience.Tests.dll" adapterTypeName="executor://xunit/VsTestRunner2/netcoreapp" className="BuckScience.Tests.PhotoGroupingTests" name="PhotoGrouping_ShouldGroupByMonthYear_Ascending" />
    </UnitTest>
    <UnitTest name="BuckScience.Tests.Domain.SeasonExtensionsTests.GetDefaultMonths_YearRound_ReturnsAllMonths" storage="/home/runner/work/buckscienceapp/buckscienceapp/tests/buckscience.tests/bin/debug/net8.0/buckscience.tests.dll" id="0eac1afa-cee8-c2b1-e775-7c9bd515bfb3">
      <Execution id="5e3e8174-87a3-4639-a1fc-30101c42d87a" />
      <TestMethod codeBase="/home/runner/work/BuckScienceApp/BuckScienceApp/tests/BuckScience.Tests/bin/Debug/net8.0/BuckScience.Tests.dll" adapterTypeName="executor://xunit/VsTestRunner2/netcoreapp" className="BuckScience.Tests.Domain.SeasonExtensionsTests" name="GetDefaultMonths_YearRound_ReturnsAllMonths" />
    </UnitTest>
    <UnitTest name="BuckScience.Tests.DirectionHelperTests.DirectionMapping_ShouldBeConsistent" storage="/home/runner/work/buckscienceapp/buckscienceapp/tests/buckscience.tests/bin/debug/net8.0/buckscience.tests.dll" id="a8cebbec-cc48-449c-a357-e8867b7cdbdf">
      <Execution id="5ccbe79f-5780-412c-b92b-e62d2507621d" />
      <TestMethod codeBase="/home/runner/work/BuckScienceApp/BuckScienceApp/tests/BuckScience.Tests/bin/Debug/net8.0/BuckScience.Tests.dll" adapterTypeName="executor://xunit/VsTestRunner2/netcoreapp" className="BuckScience.Tests.DirectionHelperTests" name="DirectionMapping_ShouldBeConsistent" />
    </UnitTest>
    <UnitTest name="BuckScience.Tests.Application.PropertyFeatureApplicationTests.GetPropertyFeature_ReturnsWeightCorrectly" storage="/home/runner/work/buckscienceapp/buckscienceapp/tests/buckscience.tests/bin/debug/net8.0/buckscience.tests.dll" id="7b1afa91-2553-0542-d21b-b944f43fb732">
      <Execution id="2fd37145-b177-4b43-a580-71b479594bb6" />
      <TestMethod codeBase="/home/runner/work/BuckScienceApp/BuckScienceApp/tests/BuckScience.Tests/bin/Debug/net8.0/BuckScience.Tests.dll" adapterTypeName="executor://xunit/VsTestRunner2/netcoreapp" className="BuckScience.Tests.Application.PropertyFeatureApplicationTests" name="GetPropertyFeature_ReturnsWeightCorrectly" />
    </UnitTest>
    <UnitTest name="BuckScience.Tests.TagCleanupTests.RemoveTagFromPhotos_ShouldCleanupTag_WhenNotUsedAnywhere" storage="/home/runner/work/buckscienceapp/buckscienceapp/tests/buckscience.tests/bin/debug/net8.0/buckscience.tests.dll" id="5439de61-630e-08c6-3445-f1eed3fd3847">
      <Execution id="71ee8ee9-0941-4c47-92e1-b008feca26a4" />
      <TestMethod codeBase="/home/runner/work/BuckScienceApp/BuckScienceApp/tests/BuckScience.Tests/bin/Debug/net8.0/BuckScience.Tests.dll" adapterTypeName="executor://xunit/VsTestRunner2/netcoreapp" className="BuckScience.Tests.TagCleanupTests" name="RemoveTagFromPhotos_ShouldCleanupTag_WhenNotUsedAnywhere" />
    </UnitTest>
    <UnitTest name="BuckScience.Tests.Web.Helpers.WeatherHelpersTests.ConvertWindDirectionToText_VariousAngles_ReturnsCorrectDirection(degrees: 33.740000000000002, expected: &quot;NNE&quot;)" storage="/home/runner/work/buckscienceapp/buckscienceapp/tests/buckscience.tests/bin/debug/net8.0/buckscience.tests.dll" id="9323afa7-c6a5-6a33-bb74-8f4b3b4998d0">
      <Execution id="b685f888-e284-4715-bbf9-fc82230a1a38" />
      <TestMethod codeBase="/home/runner/work/BuckScienceApp/BuckScienceApp/tests/BuckScience.Tests/bin/Debug/net8.0/BuckScience.Tests.dll" adapterTypeName="executor://xunit/VsTestRunner2/netcoreapp" className="BuckScience.Tests.Web.Helpers.WeatherHelpersTests" name="ConvertWindDirectionToText_VariousAngles_ReturnsCorrectDirection" />
    </UnitTest>
    <UnitTest name="BuckScience.Tests.CameraCreateVmTests.CameraCreateVm_DirectionSync_ShouldWorkForAllDirections(direction: SE, expectedDegrees: 135)" storage="/home/runner/work/buckscienceapp/buckscienceapp/tests/buckscience.tests/bin/debug/net8.0/buckscience.tests.dll" id="f950f79e-ba5e-b1e8-b4c0-7c88acd39e8b">
      <Execution id="761ffd6d-ee5d-4421-b052-e26c59466259" />
      <TestMethod codeBase="/home/runner/work/BuckScienceApp/BuckScienceApp/tests/BuckScience.Tests/bin/Debug/net8.0/BuckScience.Tests.dll" adapterTypeName="executor://xunit/VsTestRunner2/netcoreapp" className="BuckScience.Tests.CameraCreateVmTests" name="CameraCreateVm_DirectionSync_ShouldWorkForAllDirections" />
    </UnitTest>
    <UnitTest name="BuckScience.Tests.Domain.SeasonExtensionsTests.GetMonthsForProperty_WithProperty_ReturnsDefaultMonths" storage="/home/runner/work/buckscienceapp/buckscienceapp/tests/buckscience.tests/bin/debug/net8.0/buckscience.tests.dll" id="8c9fb467-c9d9-e4ca-cb2a-8456e527af16">
      <Execution id="3ca91c59-1495-4f41-9157-7aa7974facb1" />
      <TestMethod codeBase="/home/runner/work/BuckScienceApp/BuckScienceApp/tests/BuckScience.Tests/bin/Debug/net8.0/BuckScience.Tests.dll" adapterTypeName="executor://xunit/VsTestRunner2/netcoreapp" className="BuckScience.Tests.Domain.SeasonExtensionsTests" name="GetMonthsForProperty_WithProperty_ReturnsDefaultMonths" />
    </UnitTest>
    <UnitTest name="BuckScience.Tests.FeatureHelperTests.FeatureDescriptions_ShouldContainAllClassificationTypes" storage="/home/runner/work/buckscienceapp/buckscienceapp/tests/buckscience.tests/bin/debug/net8.0/buckscience.tests.dll" id="7f31b8c1-231f-a39c-8870-f0d4abe51343">
      <Execution id="46c0c567-d514-42c7-87dc-008854a02d05" />
      <TestMethod codeBase="/home/runner/work/BuckScienceApp/BuckScienceApp/tests/BuckScience.Tests/bin/Debug/net8.0/BuckScience.Tests.dll" adapterTypeName="executor://xunit/VsTestRunner2/netcoreapp" className="BuckScience.Tests.FeatureHelperTests" name="FeatureDescriptions_ShouldContainAllClassificationTypes" />
    </UnitTest>
    <UnitTest name="BuckScience.Tests.PhotoPlacementHistoryTests.Photo_Constructor_ShouldAcceptCameraPlacementHistoryId" storage="/home/runner/work/buckscienceapp/buckscienceapp/tests/buckscience.tests/bin/debug/net8.0/buckscience.tests.dll" id="dc5f28f7-09cd-2ab7-408b-876a39c8dcda">
      <Execution id="62544386-a0f9-4791-a354-3e491b23e0a2" />
      <TestMethod codeBase="/home/runner/work/BuckScienceApp/BuckScienceApp/tests/BuckScience.Tests/bin/Debug/net8.0/BuckScience.Tests.dll" adapterTypeName="executor://xunit/VsTestRunner2/netcoreapp" className="BuckScience.Tests.PhotoPlacementHistoryTests" name="Photo_Constructor_ShouldAcceptCameraPlacementHistoryId" />
    </UnitTest>
    <UnitTest name="BuckScience.Tests.PhotoFilteringComprehensiveTests.PhotoFilters_EdgeCases_HandleCorrectly" storage="/home/runner/work/buckscienceapp/buckscienceapp/tests/buckscience.tests/bin/debug/net8.0/buckscience.tests.dll" id="878dbf6d-4718-3010-2956-9a909a749d2f">
      <Execution id="99a394e7-8909-4d0a-8556-2dd8bd69312e" />
      <TestMethod codeBase="/home/runner/work/BuckScienceApp/BuckScienceApp/tests/BuckScience.Tests/bin/Debug/net8.0/BuckScience.Tests.dll" adapterTypeName="executor://xunit/VsTestRunner2/netcoreapp" className="BuckScience.Tests.PhotoFilteringComprehensiveTests" name="PhotoFilters_EdgeCases_HandleCorrectly" />
    </UnitTest>
    <UnitTest name="BuckScience.Tests.Application.FeatureWeights.UpdateFeatureWeightsTests.UpdateFeatureWeights_PartialUpdate_PreservesOtherCustomizations" storage="/home/runner/work/buckscienceapp/buckscienceapp/tests/buckscience.tests/bin/debug/net8.0/buckscience.tests.dll" id="7bc9b0b3-f390-4717-09ce-b059301b82e1">
      <Execution id="2acae228-d8ec-40be-8239-03c894db1379" />
      <TestMethod codeBase="/home/runner/work/BuckScienceApp/BuckScienceApp/tests/BuckScience.Tests/bin/Debug/net8.0/BuckScience.Tests.dll" adapterTypeName="executor://xunit/VsTestRunner2/netcoreapp" className="BuckScience.Tests.Application.FeatureWeights.UpdateFeatureWeightsTests" name="UpdateFeatureWeights_PartialUpdate_PreservesOtherCustomizations" />
    </UnitTest>
    <UnitTest name="BuckScience.Tests.Web.Helpers.WeatherHelpersTests.ConvertWindDirectionToText_VariousAngles_ReturnsCorrectDirection(degrees: 315, expected: &quot;NW&quot;)" storage="/home/runner/work/buckscienceapp/buckscienceapp/tests/buckscience.tests/bin/debug/net8.0/buckscience.tests.dll" id="310112f5-4d07-717c-55f6-37a269d700ab">
      <Execution id="2d61699c-fb7e-4efa-aa6f-01c4a241a182" />
      <TestMethod codeBase="/home/runner/work/BuckScienceApp/BuckScienceApp/tests/BuckScience.Tests/bin/Debug/net8.0/BuckScience.Tests.dll" adapterTypeName="executor://xunit/VsTestRunner2/netcoreapp" className="BuckScience.Tests.Web.Helpers.WeatherHelpersTests" name="ConvertWindDirectionToText_VariousAngles_ReturnsCorrectDirection" />
    </UnitTest>
    <UnitTest name="BuckScience.Tests.DirectionHelperTests.FromFloat_ShouldReturnCorrectDirection(degrees: 0, expectedDirection: N)" storage="/home/runner/work/buckscienceapp/buckscienceapp/tests/buckscience.tests/bin/debug/net8.0/buckscience.tests.dll" id="4949997c-46c8-3183-1501-b1267871bfcf">
      <Execution id="bd8db602-10e1-46b7-948f-81f43cd635fc" />
      <TestMethod codeBase="/home/runner/work/BuckScienceApp/BuckScienceApp/tests/BuckScience.Tests/bin/Debug/net8.0/BuckScience.Tests.dll" adapterTypeName="executor://xunit/VsTestRunner2/netcoreapp" className="BuckScience.Tests.DirectionHelperTests" name="FromFloat_ShouldReturnCorrectDirection" />
    </UnitTest>
    <UnitTest name="BuckScience.Tests.CameraEditVmTests.CameraEditVm_DefaultValues_ShouldBeCorrect" storage="/home/runner/work/buckscienceapp/buckscienceapp/tests/buckscience.tests/bin/debug/net8.0/buckscience.tests.dll" id="eb717265-8ce6-9ca5-299a-76e8f4608ecc">
      <Execution id="f99244eb-a464-403b-bb9d-6480b48b9182" />
      <TestMethod codeBase="/home/runner/work/BuckScienceApp/BuckScienceApp/tests/BuckScience.Tests/bin/Debug/net8.0/BuckScience.Tests.dll" adapterTypeName="executor://xunit/VsTestRunner2/netcoreapp" className="BuckScience.Tests.CameraEditVmTests" name="CameraEditVm_DefaultValues_ShouldBeCorrect" />
    </UnitTest>
    <UnitTest name="BuckScience.Tests.Web.Helpers.WeatherHelpersTests.ConvertMoonPhaseTextToNumeric_InvalidText_ReturnsNull(text: &quot;Unknown&quot;)" storage="/home/runner/work/buckscienceapp/buckscienceapp/tests/buckscience.tests/bin/debug/net8.0/buckscience.tests.dll" id="fb896724-2095-3026-71b5-ad9198efd098">
      <Execution id="0804c6b8-fbaa-4b68-91c2-b532dfd8b931" />
      <TestMethod codeBase="/home/runner/work/BuckScienceApp/BuckScienceApp/tests/BuckScience.Tests/bin/Debug/net8.0/BuckScience.Tests.dll" adapterTypeName="executor://xunit/VsTestRunner2/netcoreapp" className="BuckScience.Tests.Web.Helpers.WeatherHelpersTests" name="ConvertMoonPhaseTextToNumeric_InvalidText_ReturnsNull" />
    </UnitTest>
    <UnitTest name="BuckScience.Tests.Web.Helpers.WeatherHelpersTests.ConvertWindDirectionToText_VariousAngles_ReturnsCorrectDirection(degrees: 135, expected: &quot;SE&quot;)" storage="/home/runner/work/buckscienceapp/buckscienceapp/tests/buckscience.tests/bin/debug/net8.0/buckscience.tests.dll" id="7d4e8658-cb8d-0c66-3167-748289c2e3c6">
      <Execution id="cae21a25-3ec9-4065-897f-2f0432ad4c60" />
      <TestMethod codeBase="/home/runner/work/BuckScienceApp/BuckScienceApp/tests/BuckScience.Tests/bin/Debug/net8.0/BuckScience.Tests.dll" adapterTypeName="executor://xunit/VsTestRunner2/netcoreapp" className="BuckScience.Tests.Web.Helpers.WeatherHelpersTests" name="ConvertWindDirectionToText_VariousAngles_ReturnsCorrectDirection" />
    </UnitTest>
    <UnitTest name="BuckScience.Tests.PhotoFilteringComprehensiveTests.PhotoFilters_ComplexCombination_AllFilterTypes" storage="/home/runner/work/buckscienceapp/buckscienceapp/tests/buckscience.tests/bin/debug/net8.0/buckscience.tests.dll" id="81cae9df-520c-bb72-ca7a-30a828451359">
      <Execution id="1f6e7683-e760-4d5e-be16-04447b4eb480" />
      <TestMethod codeBase="/home/runner/work/BuckScienceApp/BuckScienceApp/tests/BuckScience.Tests/bin/Debug/net8.0/BuckScience.Tests.dll" adapterTypeName="executor://xunit/VsTestRunner2/netcoreapp" className="BuckScience.Tests.PhotoFilteringComprehensiveTests" name="PhotoFilters_ComplexCombination_AllFilterTypes" />
    </UnitTest>
    <UnitTest name="BuckScience.Tests.CameraCreateVmTests.CameraCreateVm_SyncSelectionFromDirection_ShouldUpdateDirectionSelection" storage="/home/runner/work/buckscienceapp/buckscienceapp/tests/buckscience.tests/bin/debug/net8.0/buckscience.tests.dll" id="08a9b593-cfee-9bdf-6d80-833bb0b65ba9">
      <Execution id="da608d68-e36d-40f6-94e4-692e8f021a64" />
      <TestMethod codeBase="/home/runner/work/BuckScienceApp/BuckScienceApp/tests/BuckScience.Tests/bin/Debug/net8.0/BuckScience.Tests.dll" adapterTypeName="executor://xunit/VsTestRunner2/netcoreapp" className="BuckScience.Tests.CameraCreateVmTests" name="CameraCreateVm_SyncSelectionFromDirection_ShouldUpdateDirectionSelection" />
    </UnitTest>
    <UnitTest name="BuckScience.Tests.Domain.PropertyFeatureTests.UpdateWeight_WithInvalidWeight_ThrowsArgumentOutOfRangeException(weight: 1.5)" storage="/home/runner/work/buckscienceapp/buckscienceapp/tests/buckscience.tests/bin/debug/net8.0/buckscience.tests.dll" id="e6069ec8-dd96-68b5-2039-b29d0b89d8eb">
      <Execution id="7ec734a8-4e73-4d36-b3a4-5549bc074171" />
      <TestMethod codeBase="/home/runner/work/BuckScienceApp/BuckScienceApp/tests/BuckScience.Tests/bin/Debug/net8.0/BuckScience.Tests.dll" adapterTypeName="executor://xunit/VsTestRunner2/netcoreapp" className="BuckScience.Tests.Domain.PropertyFeatureTests" name="UpdateWeight_WithInvalidWeight_ThrowsArgumentOutOfRangeException" />
    </UnitTest>
    <UnitTest name="BuckScience.Tests.TaggingSystemTests.AssignDefaultTagsToProperty_ShouldAssignOnlyDefaultTags" storage="/home/runner/work/buckscienceapp/buckscienceapp/tests/buckscience.tests/bin/debug/net8.0/buckscience.tests.dll" id="d6582cc4-f5d7-7ddd-419a-8856fe5530f3">
      <Execution id="f0cd6885-b73d-4e78-87e5-a28b922ffd76" />
      <TestMethod codeBase="/home/runner/work/BuckScienceApp/BuckScienceApp/tests/BuckScience.Tests/bin/Debug/net8.0/BuckScience.Tests.dll" adapterTypeName="executor://xunit/VsTestRunner2/netcoreapp" className="BuckScience.Tests.TaggingSystemTests" name="AssignDefaultTagsToProperty_ShouldAssignOnlyDefaultTags" />
    </UnitTest>
    <UnitTest name="BuckScience.Tests.Domain.PropertyFeatureTests.Constructor_WithInvalidWeight_ThrowsArgumentOutOfRangeException(weight: -0.100000001)" storage="/home/runner/work/buckscienceapp/buckscienceapp/tests/buckscience.tests/bin/debug/net8.0/buckscience.tests.dll" id="89ecaa3a-044a-88b6-09ea-2d19af9e4614">
      <Execution id="dec7462e-d09c-4dd0-900f-d79500e9ffc1" />
      <TestMethod codeBase="/home/runner/work/BuckScienceApp/BuckScienceApp/tests/BuckScience.Tests/bin/Debug/net8.0/BuckScience.Tests.dll" adapterTypeName="executor://xunit/VsTestRunner2/netcoreapp" className="BuckScience.Tests.Domain.PropertyFeatureTests" name="Constructor_WithInvalidWeight_ThrowsArgumentOutOfRangeException" />
    </UnitTest>
    <UnitTest name="BuckScience.Tests.Web.Helpers.WeatherHelpersTests.ConvertWindDirectionToText_VariousAngles_ReturnsCorrectDirection(degrees: -10, expected: &quot;N&quot;)" storage="/home/runner/work/buckscienceapp/buckscienceapp/tests/buckscience.tests/bin/debug/net8.0/buckscience.tests.dll" id="62aa58ea-9077-0f9e-c60d-aafd4a8d0ad6">
      <Execution id="d7ebf3f9-3462-429e-a0b8-03f2df45b2e8" />
      <TestMethod codeBase="/home/runner/work/BuckScienceApp/BuckScienceApp/tests/BuckScience.Tests/bin/Debug/net8.0/BuckScience.Tests.dll" adapterTypeName="executor://xunit/VsTestRunner2/netcoreapp" className="BuckScience.Tests.Web.Helpers.WeatherHelpersTests" name="ConvertWindDirectionToText_VariousAngles_ReturnsCorrectDirection" />
    </UnitTest>
    <UnitTest name="BuckScience.Tests.Domain.SeasonExtensionsTests.GetDefaultMonths_LateSeason_ReturnsCorrectMonths" storage="/home/runner/work/buckscienceapp/buckscienceapp/tests/buckscience.tests/bin/debug/net8.0/buckscience.tests.dll" id="0046d277-9b70-8213-d3d2-32e9f1ff9915">
      <Execution id="209628f7-7fd3-486e-a58d-26d87815b66a" />
      <TestMethod codeBase="/home/runner/work/BuckScienceApp/BuckScienceApp/tests/BuckScience.Tests/bin/Debug/net8.0/BuckScience.Tests.dll" adapterTypeName="executor://xunit/VsTestRunner2/netcoreapp" className="BuckScience.Tests.Domain.SeasonExtensionsTests" name="GetDefaultMonths_LateSeason_ReturnsCorrectMonths" />
    </UnitTest>
    <UnitTest name="BuckScience.Tests.PhotoGroupingTests.CameraPhotoGrouping_ShouldGroupByMonthYear_Ascending" storage="/home/runner/work/buckscienceapp/buckscienceapp/tests/buckscience.tests/bin/debug/net8.0/buckscience.tests.dll" id="35d57337-18a5-4629-635a-b25a895ec8a2">
      <Execution id="18399998-7854-43ba-b734-83061211181d" />
      <TestMethod codeBase="/home/runner/work/BuckScienceApp/BuckScienceApp/tests/BuckScience.Tests/bin/Debug/net8.0/BuckScience.Tests.dll" adapterTypeName="executor://xunit/VsTestRunner2/netcoreapp" className="BuckScience.Tests.PhotoGroupingTests" name="CameraPhotoGrouping_ShouldGroupByMonthYear_Ascending" />
    </UnitTest>
    <UnitTest name="BuckScience.Tests.Domain.PropertySeasonMonthsOverrideTests.PropertySeasonMonthsOverride_RoundTripSerialization_MaintainsData(months: [1, 2, 3, 4, 5, ...])" storage="/home/runner/work/buckscienceapp/buckscienceapp/tests/buckscience.tests/bin/debug/net8.0/buckscience.tests.dll" id="41d6624e-c316-a2d4-4992-8e24e9424bdf">
      <Execution id="1a0a9f09-d86c-42c3-898d-3edfa993d817" />
      <TestMethod codeBase="/home/runner/work/BuckScienceApp/BuckScienceApp/tests/BuckScience.Tests/bin/Debug/net8.0/BuckScience.Tests.dll" adapterTypeName="executor://xunit/VsTestRunner2/netcoreapp" className="BuckScience.Tests.Domain.PropertySeasonMonthsOverrideTests" name="PropertySeasonMonthsOverride_RoundTripSerialization_MaintainsData" />
    </UnitTest>
    <UnitTest name="BuckScience.Tests.Application.PropertyFeatureApplicationTests.UpdatePropertyFeature_WithNullWeight_SetsWeightToNull" storage="/home/runner/work/buckscienceapp/buckscienceapp/tests/buckscience.tests/bin/debug/net8.0/buckscience.tests.dll" id="d85c6fd3-7663-9ff2-9595-f7d77c06aa38">
      <Execution id="db004c1d-2cf9-4f91-b539-da4e7ccd0c56" />
      <TestMethod codeBase="/home/runner/work/BuckScienceApp/BuckScienceApp/tests/BuckScience.Tests/bin/Debug/net8.0/BuckScience.Tests.dll" adapterTypeName="executor://xunit/VsTestRunner2/netcoreapp" className="BuckScience.Tests.Application.PropertyFeatureApplicationTests" name="UpdatePropertyFeature_WithNullWeight_SetsWeightToNull" />
    </UnitTest>
    <UnitTest name="BuckScience.Tests.Domain.MonthsAttributeTests.MonthsAttribute_Constructor_WithValidMonths_SetsMonthsCorrectly" storage="/home/runner/work/buckscienceapp/buckscienceapp/tests/buckscience.tests/bin/debug/net8.0/buckscience.tests.dll" id="db79dd17-8f15-9022-848e-d377803a0707">
      <Execution id="aeef6672-e852-44b0-be13-2948ce37f6f1" />
      <TestMethod codeBase="/home/runner/work/BuckScienceApp/BuckScienceApp/tests/BuckScience.Tests/bin/Debug/net8.0/BuckScience.Tests.dll" adapterTypeName="executor://xunit/VsTestRunner2/netcoreapp" className="BuckScience.Tests.Domain.MonthsAttributeTests" name="MonthsAttribute_Constructor_WithValidMonths_SetsMonthsCorrectly" />
    </UnitTest>
    <UnitTest name="BuckScience.Tests.FeatureHelperTests.GetCategory_ShouldReturnCorrectCategoryForTopographicalFeatures" storage="/home/runner/work/buckscienceapp/buckscienceapp/tests/buckscience.tests/bin/debug/net8.0/buckscience.tests.dll" id="b10f5741-388a-3ae9-2087-f07485587a15">
      <Execution id="864e6696-3dea-4043-bb11-600be5f25eea" />
      <TestMethod codeBase="/home/runner/work/BuckScienceApp/BuckScienceApp/tests/BuckScience.Tests/bin/Debug/net8.0/BuckScience.Tests.dll" adapterTypeName="executor://xunit/VsTestRunner2/netcoreapp" className="BuckScience.Tests.FeatureHelperTests" name="GetCategory_ShouldReturnCorrectCategoryForTopographicalFeatures" />
    </UnitTest>
    <UnitTest name="BuckScience.Tests.PhotoFilteringUrlExamples.BuildFilters_CameraParameters_ShouldParseCorrectly(cameras: &quot;5&quot;, expectedCameras: [5])" storage="/home/runner/work/buckscienceapp/buckscienceapp/tests/buckscience.tests/bin/debug/net8.0/buckscience.tests.dll" id="9b0dd086-97eb-5a55-6e89-79dde58b1fca">
      <Execution id="9ecfada6-0aa7-4ebd-bc95-633b1bc3f7dc" />
      <TestMethod codeBase="/home/runner/work/BuckScienceApp/BuckScienceApp/tests/BuckScience.Tests/bin/Debug/net8.0/BuckScience.Tests.dll" adapterTypeName="executor://xunit/VsTestRunner2/netcoreapp" className="BuckScience.Tests.PhotoFilteringUrlExamples" name="BuildFilters_CameraParameters_ShouldParseCorrectly" />
    </UnitTest>
    <UnitTest name="BuckScience.Tests.UnitTest1.Test1" storage="/home/runner/work/buckscienceapp/buckscienceapp/tests/buckscience.tests/bin/debug/net8.0/buckscience.tests.dll" id="24c340fb-d377-9a86-7f7b-24671f6c604a">
      <Execution id="57bb0bd2-11d9-4a14-92aa-9c3345b37d2a" />
      <TestMethod codeBase="/home/runner/work/BuckScienceApp/BuckScienceApp/tests/BuckScience.Tests/bin/Debug/net8.0/BuckScience.Tests.dll" adapterTypeName="executor://xunit/VsTestRunner2/netcoreapp" className="BuckScience.Tests.UnitTest1" name="Test1" />
    </UnitTest>
    <UnitTest name="BuckScience.Tests.Application.FeatureWeights.UpdateFeatureWeightsTests.UpdateFeatureWeights_ClearUserWeight_KeepsCustomIfSeasonalWeightsExist" storage="/home/runner/work/buckscienceapp/buckscienceapp/tests/buckscience.tests/bin/debug/net8.0/buckscience.tests.dll" id="33ab81ff-679e-9cc9-05bb-618cbab677dd">
      <Execution id="a7e0df64-7556-4c68-8710-56bfd4b1880d" />
      <TestMethod codeBase="/home/runner/work/BuckScienceApp/BuckScienceApp/tests/BuckScience.Tests/bin/Debug/net8.0/BuckScience.Tests.dll" adapterTypeName="executor://xunit/VsTestRunner2/netcoreapp" className="BuckScience.Tests.Application.FeatureWeights.UpdateFeatureWeightsTests" name="UpdateFeatureWeights_ClearUserWeight_KeepsCustomIfSeasonalWeightsExist" />
    </UnitTest>
    <UnitTest name="BuckScience.Tests.CameraCreateVmTests.CameraCreateVm_DirectionSync_ShouldWorkForAllDirections(direction: W, expectedDegrees: 270)" storage="/home/runner/work/buckscienceapp/buckscienceapp/tests/buckscience.tests/bin/debug/net8.0/buckscience.tests.dll" id="d781b83d-5216-d63d-acc7-8c5d47cd7ccf">
      <Execution id="cdb85716-530b-4d68-9104-6b20b1e4357d" />
      <TestMethod codeBase="/home/runner/work/BuckScienceApp/BuckScienceApp/tests/BuckScience.Tests/bin/Debug/net8.0/BuckScience.Tests.dll" adapterTypeName="executor://xunit/VsTestRunner2/netcoreapp" className="BuckScience.Tests.CameraCreateVmTests" name="CameraCreateVm_DirectionSync_ShouldWorkForAllDirections" />
    </UnitTest>
    <UnitTest name="BuckScience.Tests.Application.FeatureWeights.UpdateFeatureWeightsTests.UpdateFeatureWeights_OnlyUpdatesSpecificWeight_SetsOnlyThatAsCustom" storage="/home/runner/work/buckscienceapp/buckscienceapp/tests/buckscience.tests/bin/debug/net8.0/buckscience.tests.dll" id="2c3f2f16-fb94-3325-49ee-53aa9585411a">
      <Execution id="52494412-eb78-4b05-baa0-9f48fc04354d" />
      <TestMethod codeBase="/home/runner/work/BuckScienceApp/BuckScienceApp/tests/BuckScience.Tests/bin/Debug/net8.0/BuckScience.Tests.dll" adapterTypeName="executor://xunit/VsTestRunner2/netcoreapp" className="BuckScience.Tests.Application.FeatureWeights.UpdateFeatureWeightsTests" name="UpdateFeatureWeights_OnlyUpdatesSpecificWeight_SetsOnlyThatAsCustom" />
    </UnitTest>
    <UnitTest name="BuckScience.Tests.PhotoFilteringIntegrationTests.BuildFilters_WithConditions_ReturnsFiltersWithConditions" storage="/home/runner/work/buckscienceapp/buckscienceapp/tests/buckscience.tests/bin/debug/net8.0/buckscience.tests.dll" id="407fdbb6-f29a-a8a2-0277-cd698b7b57a7">
      <Execution id="5c3009fb-4f21-4c5a-bdf0-e2a6a308dc0c" />
      <TestMethod codeBase="/home/runner/work/BuckScienceApp/BuckScienceApp/tests/BuckScience.Tests/bin/Debug/net8.0/BuckScience.Tests.dll" adapterTypeName="executor://xunit/VsTestRunner2/netcoreapp" className="BuckScience.Tests.PhotoFilteringIntegrationTests" name="BuildFilters_WithConditions_ReturnsFiltersWithConditions" />
    </UnitTest>
    <UnitTest name="BuckScience.Tests.Web.Helpers.WeatherHelpersTests.GetWindDirectionOptions_WithAvailableDirections_SetsAvailability" storage="/home/runner/work/buckscienceapp/buckscienceapp/tests/buckscience.tests/bin/debug/net8.0/buckscience.tests.dll" id="90576d28-8c3e-aa47-8e92-100b02ac5a05">
      <Execution id="bf3cc495-c329-4485-902a-23400be3c2d5" />
      <TestMethod codeBase="/home/runner/work/BuckScienceApp/BuckScienceApp/tests/BuckScience.Tests/bin/Debug/net8.0/BuckScience.Tests.dll" adapterTypeName="executor://xunit/VsTestRunner2/netcoreapp" className="BuckScience.Tests.Web.Helpers.WeatherHelpersTests" name="GetWindDirectionOptions_WithAvailableDirections_SetsAvailability" />
    </UnitTest>
    <UnitTest name="BuckScience.Tests.Web.Helpers.WeatherHelpersTests.ConvertMoonPhaseTextToNumeric_CaseInsensitive_Works" storage="/home/runner/work/buckscienceapp/buckscienceapp/tests/buckscience.tests/bin/debug/net8.0/buckscience.tests.dll" id="6ddbf3e0-3ece-b657-908f-2948ae07368f">
      <Execution id="078ab0ab-6731-4a2d-a559-d84a2f8298d0" />
      <TestMethod codeBase="/home/runner/work/BuckScienceApp/BuckScienceApp/tests/BuckScience.Tests/bin/Debug/net8.0/BuckScience.Tests.dll" adapterTypeName="executor://xunit/VsTestRunner2/netcoreapp" className="BuckScience.Tests.Web.Helpers.WeatherHelpersTests" name="ConvertMoonPhaseTextToNumeric_CaseInsensitive_Works" />
    </UnitTest>
    <UnitTest name="BuckScience.Tests.CameraCreateVmTests.CameraCreateVm_SyncDirectionFromSelection_ShouldUpdateDirectionDegrees" storage="/home/runner/work/buckscienceapp/buckscienceapp/tests/buckscience.tests/bin/debug/net8.0/buckscience.tests.dll" id="1be37c51-af7c-9e7b-8fa3-a746d27f5f9b">
      <Execution id="f833bc4c-0ec2-4fee-9108-0d4092f378c3" />
      <TestMethod codeBase="/home/runner/work/BuckScienceApp/BuckScienceApp/tests/BuckScience.Tests/bin/Debug/net8.0/BuckScience.Tests.dll" adapterTypeName="executor://xunit/VsTestRunner2/netcoreapp" className="BuckScience.Tests.CameraCreateVmTests" name="CameraCreateVm_SyncDirectionFromSelection_ShouldUpdateDirectionDegrees" />
    </UnitTest>
    <UnitTest name="BuckScience.Tests.Domain.FeatureWeightTests.FeatureWeight_SetSeasonalWeights_WithNullStaysCustomIfUserWeightDiffersFromDefault" storage="/home/runner/work/buckscienceapp/buckscienceapp/tests/buckscience.tests/bin/debug/net8.0/buckscience.tests.dll" id="3f9861f9-4bc2-45e4-3f18-99d7b31a3667">
      <Execution id="c60f614e-7213-4cfd-870e-80ae538d5a56" />
      <TestMethod codeBase="/home/runner/work/BuckScienceApp/BuckScienceApp/tests/BuckScience.Tests/bin/Debug/net8.0/BuckScience.Tests.dll" adapterTypeName="executor://xunit/VsTestRunner2/netcoreapp" className="BuckScience.Tests.Domain.FeatureWeightTests" name="FeatureWeight_SetSeasonalWeights_WithNullStaysCustomIfUserWeightDiffersFromDefault" />
    </UnitTest>
    <UnitTest name="BuckScience.Tests.Domain.MonthsAttributeTests.MonthsAttribute_Constructor_WithNullMonths_ThrowsArgumentNullException" storage="/home/runner/work/buckscienceapp/buckscienceapp/tests/buckscience.tests/bin/debug/net8.0/buckscience.tests.dll" id="ad4bf482-4b9d-1c7e-1b22-27f5b448acad">
      <Execution id="47340d1f-af49-4c09-88d4-de93c0e04865" />
      <TestMethod codeBase="/home/runner/work/BuckScienceApp/BuckScienceApp/tests/BuckScience.Tests/bin/Debug/net8.0/BuckScience.Tests.dll" adapterTypeName="executor://xunit/VsTestRunner2/netcoreapp" className="BuckScience.Tests.Domain.MonthsAttributeTests" name="MonthsAttribute_Constructor_WithNullMonths_ThrowsArgumentNullException" />
    </UnitTest>
    <UnitTest name="BuckScience.Tests.FeatureHelperTests.GetCategory_ShouldReturnCorrectCategoryForBeddingResources" storage="/home/runner/work/buckscienceapp/buckscienceapp/tests/buckscience.tests/bin/debug/net8.0/buckscience.tests.dll" id="28faaf32-b614-3b46-c8af-acfb48482d8d">
      <Execution id="1b79fa59-2cdc-41b2-982e-041080ba81fc" />
      <TestMethod codeBase="/home/runner/work/BuckScienceApp/BuckScienceApp/tests/BuckScience.Tests/bin/Debug/net8.0/BuckScience.Tests.dll" adapterTypeName="executor://xunit/VsTestRunner2/netcoreapp" className="BuckScience.Tests.FeatureHelperTests" name="GetCategory_ShouldReturnCorrectCategoryForBeddingResources" />
    </UnitTest>
    <UnitTest name="BuckScience.Tests.Domain.PropertyFeatureTests.UpdateWeight_WithInvalidWeight_ThrowsArgumentOutOfRangeException(weight: -0.5)" storage="/home/runner/work/buckscienceapp/buckscienceapp/tests/buckscience.tests/bin/debug/net8.0/buckscience.tests.dll" id="e35c95a4-d974-6814-c593-743bae04117a">
      <Execution id="b228d76d-3af6-4a57-b4c6-819f7cdc9e2c" />
      <TestMethod codeBase="/home/runner/work/BuckScienceApp/BuckScienceApp/tests/BuckScience.Tests/bin/Debug/net8.0/BuckScience.Tests.dll" adapterTypeName="executor://xunit/VsTestRunner2/netcoreapp" className="BuckScience.Tests.Domain.PropertyFeatureTests" name="UpdateWeight_WithInvalidWeight_ThrowsArgumentOutOfRangeException" />
    </UnitTest>
    <UnitTest name="BuckScience.Tests.Application.SeasonMonthMappingServiceTests.SeasonMonthMappingService_SupportsMultipleProperties_WithDifferentOverrides" storage="/home/runner/work/buckscienceapp/buckscienceapp/tests/buckscience.tests/bin/debug/net8.0/buckscience.tests.dll" id="dcda31af-f667-08b1-cb3b-ad651df24d23">
      <Execution id="33e288de-fd93-4aed-8da3-932f66bc68a1" />
      <TestMethod codeBase="/home/runner/work/BuckScienceApp/BuckScienceApp/tests/BuckScience.Tests/bin/Debug/net8.0/BuckScience.Tests.dll" adapterTypeName="executor://xunit/VsTestRunner2/netcoreapp" className="BuckScience.Tests.Application.SeasonMonthMappingServiceTests" name="SeasonMonthMappingService_SupportsMultipleProperties_WithDifferentOverrides" />
    </UnitTest>
    <UnitTest name="BuckScience.Tests.Application.SeasonMonthMappingServiceTests.RemovePropertySeasonOverrideAsync_RemovesOverride_WhenExists" storage="/home/runner/work/buckscienceapp/buckscienceapp/tests/buckscience.tests/bin/debug/net8.0/buckscience.tests.dll" id="e0dcc631-95da-6f78-075b-f4a50d72ea72">
      <Execution id="3dba31d7-b0d9-4dcb-b131-e7089e0daac8" />
      <TestMethod codeBase="/home/runner/work/BuckScienceApp/BuckScienceApp/tests/BuckScience.Tests/bin/Debug/net8.0/BuckScience.Tests.dll" adapterTypeName="executor://xunit/VsTestRunner2/netcoreapp" className="BuckScience.Tests.Application.SeasonMonthMappingServiceTests" name="RemovePropertySeasonOverrideAsync_RemovesOverride_WhenExists" />
    </UnitTest>
    <UnitTest name="BuckScience.Tests.DirectionHelperTests.FromFloat_ShouldFindClosestDirection(degrees: 67, expectedDirection: NE)" storage="/home/runner/work/buckscienceapp/buckscienceapp/tests/buckscience.tests/bin/debug/net8.0/buckscience.tests.dll" id="b2bd5000-3749-abcf-9228-2b95c005c687">
      <Execution id="e6bbbf9c-62e5-4fd2-b64d-17976bbd3c27" />
      <TestMethod codeBase="/home/runner/work/BuckScienceApp/BuckScienceApp/tests/BuckScience.Tests/bin/Debug/net8.0/BuckScience.Tests.dll" adapterTypeName="executor://xunit/VsTestRunner2/netcoreapp" className="BuckScience.Tests.DirectionHelperTests" name="FromFloat_ShouldFindClosestDirection" />
    </UnitTest>
    <UnitTest name="BuckScience.Tests.CameraPlacementHistoryTests.CameraPlacementHistory_EndPlacement_ShouldThrowIfAlreadyEnded" storage="/home/runner/work/buckscienceapp/buckscienceapp/tests/buckscience.tests/bin/debug/net8.0/buckscience.tests.dll" id="dca73a03-b0b0-9398-437e-9e75519b25e4">
      <Execution id="be681fe5-e896-4811-8077-533d6b4d18bf" />
      <TestMethod codeBase="/home/runner/work/BuckScienceApp/BuckScienceApp/tests/BuckScience.Tests/bin/Debug/net8.0/BuckScience.Tests.dll" adapterTypeName="executor://xunit/VsTestRunner2/netcoreapp" className="BuckScience.Tests.CameraPlacementHistoryTests" name="CameraPlacementHistory_EndPlacement_ShouldThrowIfAlreadyEnded" />
    </UnitTest>
    <UnitTest name="BuckScience.Tests.DirectionHelperTests.FromFloat_ShouldReturnCorrectDirection(degrees: 180, expectedDirection: S)" storage="/home/runner/work/buckscienceapp/buckscienceapp/tests/buckscience.tests/bin/debug/net8.0/buckscience.tests.dll" id="510de9dc-e90e-bdb2-662b-4a218168ebca">
      <Execution id="5b043fb1-f76c-4bfa-a677-3ff15efee9e6" />
      <TestMethod codeBase="/home/runner/work/BuckScienceApp/BuckScienceApp/tests/BuckScience.Tests/bin/Debug/net8.0/BuckScience.Tests.dll" adapterTypeName="executor://xunit/VsTestRunner2/netcoreapp" className="BuckScience.Tests.DirectionHelperTests" name="FromFloat_ShouldReturnCorrectDirection" />
    </UnitTest>
    <UnitTest name="BuckScience.Tests.Domain.PropertySeasonMonthsOverrideTests.PropertySeasonMonthsOverride_SetMonths_WithValidMonths_UpdatesMonthsAndTimestamp" storage="/home/runner/work/buckscienceapp/buckscienceapp/tests/buckscience.tests/bin/debug/net8.0/buckscience.tests.dll" id="633c7180-abf2-d38a-1f50-b48e71e9c2bd">
      <Execution id="1897e1ff-ccdd-4ae4-9917-19ce278a103d" />
      <TestMethod codeBase="/home/runner/work/BuckScienceApp/BuckScienceApp/tests/BuckScience.Tests/bin/Debug/net8.0/BuckScience.Tests.dll" adapterTypeName="executor://xunit/VsTestRunner2/netcoreapp" className="BuckScience.Tests.Domain.PropertySeasonMonthsOverrideTests" name="PropertySeasonMonthsOverride_SetMonths_WithValidMonths_UpdatesMonthsAndTimestamp" />
    </UnitTest>
    <UnitTest name="BuckScience.Tests.PhotoFilteringIntegrationTests.BuildFilters_WithNoParameters_ReturnsNull" storage="/home/runner/work/buckscienceapp/buckscienceapp/tests/buckscience.tests/bin/debug/net8.0/buckscience.tests.dll" id="697a3a18-bb68-1bc4-ecac-a4680501e02f">
      <Execution id="f307e539-ec4f-47ef-be9a-9ab8d7f32e11" />
      <TestMethod codeBase="/home/runner/work/BuckScienceApp/BuckScienceApp/tests/BuckScience.Tests/bin/Debug/net8.0/BuckScience.Tests.dll" adapterTypeName="executor://xunit/VsTestRunner2/netcoreapp" className="BuckScience.Tests.PhotoFilteringIntegrationTests" name="BuildFilters_WithNoParameters_ReturnsNull" />
    </UnitTest>
    <UnitTest name="BuckScience.Tests.DirectionHelperTests.FromFloat_ShouldReturnCorrectDirection(degrees: 270, expectedDirection: W)" storage="/home/runner/work/buckscienceapp/buckscienceapp/tests/buckscience.tests/bin/debug/net8.0/buckscience.tests.dll" id="77c94a3a-bf51-e754-8b05-8ef3b5f32220">
      <Execution id="b4d1aa44-2ecd-4500-bc5e-152d034f15f6" />
      <TestMethod codeBase="/home/runner/work/BuckScienceApp/BuckScienceApp/tests/BuckScience.Tests/bin/Debug/net8.0/BuckScience.Tests.dll" adapterTypeName="executor://xunit/VsTestRunner2/netcoreapp" className="BuckScience.Tests.DirectionHelperTests" name="FromFloat_ShouldReturnCorrectDirection" />
    </UnitTest>
    <UnitTest name="BuckScience.Tests.Web.Helpers.WeatherHelpersTests.ConvertWindDirectionToText_VariousAngles_ReturnsCorrectDirection(degrees: 67.5, expected: &quot;ENE&quot;)" storage="/home/runner/work/buckscienceapp/buckscienceapp/tests/buckscience.tests/bin/debug/net8.0/buckscience.tests.dll" id="3f5baae7-b2ef-0a09-bc51-f8b04a3acced">
      <Execution id="967ac4f8-4ff7-4d6d-ab08-ab3b5ba7a775" />
      <TestMethod codeBase="/home/runner/work/BuckScienceApp/BuckScienceApp/tests/BuckScience.Tests/bin/Debug/net8.0/BuckScience.Tests.dll" adapterTypeName="executor://xunit/VsTestRunner2/netcoreapp" className="BuckScience.Tests.Web.Helpers.WeatherHelpersTests" name="ConvertWindDirectionToText_VariousAngles_ReturnsCorrectDirection" />
    </UnitTest>
    <UnitTest name="BuckScience.Tests.Application.PropertyFeatureApplicationTests.CreatePropertyFeature_WithWeight_CreatesFeatureWithWeight" storage="/home/runner/work/buckscienceapp/buckscienceapp/tests/buckscience.tests/bin/debug/net8.0/buckscience.tests.dll" id="b737e5bb-0356-fd2c-e9f5-061fb14537a5">
      <Execution id="92ff8b7d-3d16-48a5-8936-78241c98bad4" />
      <TestMethod codeBase="/home/runner/work/BuckScienceApp/BuckScienceApp/tests/BuckScience.Tests/bin/Debug/net8.0/BuckScience.Tests.dll" adapterTypeName="executor://xunit/VsTestRunner2/netcoreapp" className="BuckScience.Tests.Application.PropertyFeatureApplicationTests" name="CreatePropertyFeature_WithWeight_CreatesFeatureWithWeight" />
    </UnitTest>
    <UnitTest name="BuckScience.Tests.Application.SeasonMonthMappingServiceTests.GetMonthsForPropertyAsync_WithPropertyNoOverride_ReturnsDefaultMonths" storage="/home/runner/work/buckscienceapp/buckscienceapp/tests/buckscience.tests/bin/debug/net8.0/buckscience.tests.dll" id="0c242e7e-8f22-f923-65dd-b2f5a0811c80">
      <Execution id="e899de79-fc1f-480e-ab42-00dc3fa7d64b" />
      <TestMethod codeBase="/home/runner/work/BuckScienceApp/BuckScienceApp/tests/BuckScience.Tests/bin/Debug/net8.0/BuckScience.Tests.dll" adapterTypeName="executor://xunit/VsTestRunner2/netcoreapp" className="BuckScience.Tests.Application.SeasonMonthMappingServiceTests" name="GetMonthsForPropertyAsync_WithPropertyNoOverride_ReturnsDefaultMonths" />
    </UnitTest>
    <UnitTest name="BuckScience.Tests.Domain.PropertyFeatureTests.SetWeight_WithInvalidWeight_ThrowsArgumentOutOfRangeException(weight: 1.10000002)" storage="/home/runner/work/buckscienceapp/buckscienceapp/tests/buckscience.tests/bin/debug/net8.0/buckscience.tests.dll" id="99b19fe9-9646-fec1-29a0-b1e5f49baebb">
      <Execution id="3ad126f4-7448-4837-84d8-80f8beddc155" />
      <TestMethod codeBase="/home/runner/work/BuckScienceApp/BuckScienceApp/tests/BuckScience.Tests/bin/Debug/net8.0/BuckScience.Tests.dll" adapterTypeName="executor://xunit/VsTestRunner2/netcoreapp" className="BuckScience.Tests.Domain.PropertyFeatureTests" name="SetWeight_WithInvalidWeight_ThrowsArgumentOutOfRangeException" />
    </UnitTest>
    <UnitTest name="BuckScience.Tests.Domain.FeatureWeightTests.FeatureWeightHelper_GetDefaultWeight_ReturnsExpectedValues(type: BeddingArea, expectedWeight: 0.899999976)" storage="/home/runner/work/buckscienceapp/buckscienceapp/tests/buckscience.tests/bin/debug/net8.0/buckscience.tests.dll" id="08ddb4d1-1ea9-4a39-f70b-490a5dd2fdfe">
      <Execution id="d7820fdf-ea01-4168-a35f-1a47d8b238d8" />
      <TestMethod codeBase="/home/runner/work/BuckScienceApp/BuckScienceApp/tests/BuckScience.Tests/bin/Debug/net8.0/BuckScience.Tests.dll" adapterTypeName="executor://xunit/VsTestRunner2/netcoreapp" className="BuckScience.Tests.Domain.FeatureWeightTests" name="FeatureWeightHelper_GetDefaultWeight_ReturnsExpectedValues" />
    </UnitTest>
    <UnitTest name="BuckScience.Tests.Web.Helpers.WeatherHelpersTests.GetWindDirectionOptions_WithEmptyAvailable_AllUnavailable" storage="/home/runner/work/buckscienceapp/buckscienceapp/tests/buckscience.tests/bin/debug/net8.0/buckscience.tests.dll" id="8dc17fe0-66a4-6cf2-3749-0f755c367e4d">
      <Execution id="d5908a66-581b-4c6f-b8d4-fd2aca999cc1" />
      <TestMethod codeBase="/home/runner/work/BuckScienceApp/BuckScienceApp/tests/BuckScience.Tests/bin/Debug/net8.0/BuckScience.Tests.dll" adapterTypeName="executor://xunit/VsTestRunner2/netcoreapp" className="BuckScience.Tests.Web.Helpers.WeatherHelpersTests" name="GetWindDirectionOptions_WithEmptyAvailable_AllUnavailable" />
    </UnitTest>
    <UnitTest name="BuckScience.Tests.Web.Helpers.WeatherHelpersTests.ConvertWindDirectionToText_VariousAngles_ReturnsCorrectDirection(degrees: 348.74000000000001, expected: &quot;NNW&quot;)" storage="/home/runner/work/buckscienceapp/buckscienceapp/tests/buckscience.tests/bin/debug/net8.0/buckscience.tests.dll" id="9f164cb9-b0ee-2833-0b35-619b21bae903">
      <Execution id="b8b85ed4-08b3-4273-b140-51ca20f881cb" />
      <TestMethod codeBase="/home/runner/work/BuckScienceApp/BuckScienceApp/tests/BuckScience.Tests/bin/Debug/net8.0/BuckScience.Tests.dll" adapterTypeName="executor://xunit/VsTestRunner2/netcoreapp" className="BuckScience.Tests.Web.Helpers.WeatherHelpersTests" name="ConvertWindDirectionToText_VariousAngles_ReturnsCorrectDirection" />
    </UnitTest>
    <UnitTest name="BuckScience.Tests.Web.Helpers.WeatherHelpersTests.ConvertWindDirectionToText_VariousAngles_ReturnsCorrectDirection(degrees: 90, expected: &quot;E&quot;)" storage="/home/runner/work/buckscienceapp/buckscienceapp/tests/buckscience.tests/bin/debug/net8.0/buckscience.tests.dll" id="282510b6-3046-16e6-500c-da1402387fc9">
      <Execution id="8c4b60bc-c871-446f-bf5e-f671621cb3d1" />
      <TestMethod codeBase="/home/runner/work/BuckScienceApp/BuckScienceApp/tests/BuckScience.Tests/bin/Debug/net8.0/BuckScience.Tests.dll" adapterTypeName="executor://xunit/VsTestRunner2/netcoreapp" className="BuckScience.Tests.Web.Helpers.WeatherHelpersTests" name="ConvertWindDirectionToText_VariousAngles_ReturnsCorrectDirection" />
    </UnitTest>
    <UnitTest name="BuckScience.Tests.Web.Helpers.WeatherHelpersTests.ConvertWindDirectionToText_VariousAngles_ReturnsCorrectDirection(degrees: 225, expected: &quot;SW&quot;)" storage="/home/runner/work/buckscienceapp/buckscienceapp/tests/buckscience.tests/bin/debug/net8.0/buckscience.tests.dll" id="5184c208-ba66-a1eb-00ca-490830c3b61a">
      <Execution id="17d50f6a-ad90-4e2d-95a3-b12ea874105b" />
      <TestMethod codeBase="/home/runner/work/BuckScienceApp/BuckScienceApp/tests/BuckScience.Tests/bin/Debug/net8.0/BuckScience.Tests.dll" adapterTypeName="executor://xunit/VsTestRunner2/netcoreapp" className="BuckScience.Tests.Web.Helpers.WeatherHelpersTests" name="ConvertWindDirectionToText_VariousAngles_ReturnsCorrectDirection" />
    </UnitTest>
    <UnitTest name="BuckScience.Tests.Domain.PropertyFeatureTests.Constructor_WithValidWeight_SetsWeightCorrectly(weight: 0)" storage="/home/runner/work/buckscienceapp/buckscienceapp/tests/buckscience.tests/bin/debug/net8.0/buckscience.tests.dll" id="b173cbcd-a6a7-597f-40e4-5532d9298452">
      <Execution id="771d7b97-b050-493a-bb3f-910a4ac198e6" />
      <TestMethod codeBase="/home/runner/work/BuckScienceApp/BuckScienceApp/tests/BuckScience.Tests/bin/Debug/net8.0/BuckScience.Tests.dll" adapterTypeName="executor://xunit/VsTestRunner2/netcoreapp" className="BuckScience.Tests.Domain.PropertyFeatureTests" name="Constructor_WithValidWeight_SetsWeightCorrectly" />
    </UnitTest>
    <UnitTest name="BuckScience.Tests.PhotoFilteringComprehensiveTests.PropertyPhotosVm_WithFilters_CorrectProperties" storage="/home/runner/work/buckscienceapp/buckscienceapp/tests/buckscience.tests/bin/debug/net8.0/buckscience.tests.dll" id="2cc2759a-0e74-d1e3-53c0-3d706804902c">
      <Execution id="53c3d733-6152-4f1f-8a5f-a0d33d99f031" />
      <TestMethod codeBase="/home/runner/work/BuckScienceApp/BuckScienceApp/tests/BuckScience.Tests/bin/Debug/net8.0/BuckScience.Tests.dll" adapterTypeName="executor://xunit/VsTestRunner2/netcoreapp" className="BuckScience.Tests.PhotoFilteringComprehensiveTests" name="PropertyPhotosVm_WithFilters_CorrectProperties" />
    </UnitTest>
    <UnitTest name="BuckScience.Tests.TagCleanupTests.RemoveTagFromPhotos_ShouldNotRemoveDefaultTag_EvenWhenUnused" storage="/home/runner/work/buckscienceapp/buckscienceapp/tests/buckscience.tests/bin/debug/net8.0/buckscience.tests.dll" id="c32ae7c7-19e6-4795-4595-b867002163f4">
      <Execution id="13a6a73b-53c4-496c-a5d0-571c3df48486" />
      <TestMethod codeBase="/home/runner/work/BuckScienceApp/BuckScienceApp/tests/BuckScience.Tests/bin/Debug/net8.0/BuckScience.Tests.dll" adapterTypeName="executor://xunit/VsTestRunner2/netcoreapp" className="BuckScience.Tests.TagCleanupTests" name="RemoveTagFromPhotos_ShouldNotRemoveDefaultTag_EvenWhenUnused" />
    </UnitTest>
    <UnitTest name="BuckScience.Tests.Web.Helpers.WeatherHelpersTests.ConvertWindDirectionToText_VariousAngles_ReturnsCorrectDirection(degrees: 337.5, expected: &quot;NNW&quot;)" storage="/home/runner/work/buckscienceapp/buckscienceapp/tests/buckscience.tests/bin/debug/net8.0/buckscience.tests.dll" id="b96d0d20-292a-e609-b515-79cd877929d7">
      <Execution id="4eeabfe5-c853-47ab-b12c-b5a9679c3750" />
      <TestMethod codeBase="/home/runner/work/BuckScienceApp/BuckScienceApp/tests/BuckScience.Tests/bin/Debug/net8.0/BuckScience.Tests.dll" adapterTypeName="executor://xunit/VsTestRunner2/netcoreapp" className="BuckScience.Tests.Web.Helpers.WeatherHelpersTests" name="ConvertWindDirectionToText_VariousAngles_ReturnsCorrectDirection" />
    </UnitTest>
    <UnitTest name="BuckScience.Tests.PhotoFilteringIntegrationTests.BuildFilters_WithInvalidCameraPlacementHistoryIds_IgnoresInvalidIds" storage="/home/runner/work/buckscienceapp/buckscienceapp/tests/buckscience.tests/bin/debug/net8.0/buckscience.tests.dll" id="0a4fef64-4b22-b6e1-3068-172d5dc1b64f">
      <Execution id="fb209e41-352e-4546-bcd5-0d5bd4e16fc3" />
      <TestMethod codeBase="/home/runner/work/BuckScienceApp/BuckScienceApp/tests/BuckScience.Tests/bin/Debug/net8.0/BuckScience.Tests.dll" adapterTypeName="executor://xunit/VsTestRunner2/netcoreapp" className="BuckScience.Tests.PhotoFilteringIntegrationTests" name="BuildFilters_WithInvalidCameraPlacementHistoryIds_IgnoresInvalidIds" />
    </UnitTest>
    <UnitTest name="BuckScience.Tests.WeatherBatchProcessingTests.PhotoGrouping_ShouldGroupByLocationAndDate" storage="/home/runner/work/buckscienceapp/buckscienceapp/tests/buckscience.tests/bin/debug/net8.0/buckscience.tests.dll" id="3f4d3f91-09a2-a334-5932-6e78104fd8ba">
      <Execution id="8beb206f-d8bd-4007-9f71-05291092f725" />
      <TestMethod codeBase="/home/runner/work/BuckScienceApp/BuckScienceApp/tests/BuckScience.Tests/bin/Debug/net8.0/BuckScience.Tests.dll" adapterTypeName="executor://xunit/VsTestRunner2/netcoreapp" className="BuckScience.Tests.WeatherBatchProcessingTests" name="PhotoGrouping_ShouldGroupByLocationAndDate" />
    </UnitTest>
    <UnitTest name="BuckScience.Tests.Application.SeasonMonthMappingServiceTests.GetMonthsForPropertyAsync_WithoutOverrides_ReturnsCorrectDefaults(season: Rut, expectedMonths: [11])" storage="/home/runner/work/buckscienceapp/buckscienceapp/tests/buckscience.tests/bin/debug/net8.0/buckscience.tests.dll" id="96fd8acb-4fd6-1b77-8f7e-7416089655db">
      <Execution id="23d16c86-5b9f-428e-8b41-bc2082b5f550" />
      <TestMethod codeBase="/home/runner/work/BuckScienceApp/BuckScienceApp/tests/BuckScience.Tests/bin/Debug/net8.0/BuckScience.Tests.dll" adapterTypeName="executor://xunit/VsTestRunner2/netcoreapp" className="BuckScience.Tests.Application.SeasonMonthMappingServiceTests" name="GetMonthsForPropertyAsync_WithoutOverrides_ReturnsCorrectDefaults" />
    </UnitTest>
    <UnitTest name="BuckScience.Tests.CameraCreateVmTests.CameraCreateVm_DirectionSync_ShouldWorkForAllDirections(direction: S, expectedDegrees: 180)" storage="/home/runner/work/buckscienceapp/buckscienceapp/tests/buckscience.tests/bin/debug/net8.0/buckscience.tests.dll" id="3fd3b076-d6e9-95cb-3f37-7d353eff3a42">
      <Execution id="00f4b882-e506-48ce-885c-3e11b94a51fc" />
      <TestMethod codeBase="/home/runner/work/BuckScienceApp/BuckScienceApp/tests/BuckScience.Tests/bin/Debug/net8.0/BuckScience.Tests.dll" adapterTypeName="executor://xunit/VsTestRunner2/netcoreapp" className="BuckScience.Tests.CameraCreateVmTests" name="CameraCreateVm_DirectionSync_ShouldWorkForAllDirections" />
    </UnitTest>
    <UnitTest name="BuckScience.Tests.Domain.SeasonExtensionsTests.GetDefaultMonths_EarlySeason_ReturnsCorrectMonths" storage="/home/runner/work/buckscienceapp/buckscienceapp/tests/buckscience.tests/bin/debug/net8.0/buckscience.tests.dll" id="1bb4d31b-4aa9-50a4-5ac5-e8f09827ba51">
      <Execution id="48fd6f38-3fb7-4f3c-8a93-7e1948220124" />
      <TestMethod codeBase="/home/runner/work/BuckScienceApp/BuckScienceApp/tests/BuckScience.Tests/bin/Debug/net8.0/BuckScience.Tests.dll" adapterTypeName="executor://xunit/VsTestRunner2/netcoreapp" className="BuckScience.Tests.Domain.SeasonExtensionsTests" name="GetDefaultMonths_EarlySeason_ReturnsCorrectMonths" />
    </UnitTest>
    <UnitTest name="BuckScience.Tests.Web.Helpers.WeatherHelpersTests.ConvertMoonPhaseTextToNumeric_ValidText_ReturnsCorrectValue(text: &quot;Full Moon&quot;, expected: 0.5)" storage="/home/runner/work/buckscienceapp/buckscienceapp/tests/buckscience.tests/bin/debug/net8.0/buckscience.tests.dll" id="a52561ca-dbe3-d21e-cc1f-fbc0bb577901">
      <Execution id="605b5e57-16d2-4dd0-b895-fca42710fa8a" />
      <TestMethod codeBase="/home/runner/work/BuckScienceApp/BuckScienceApp/tests/BuckScience.Tests/bin/Debug/net8.0/BuckScience.Tests.dll" adapterTypeName="executor://xunit/VsTestRunner2/netcoreapp" className="BuckScience.Tests.Web.Helpers.WeatherHelpersTests" name="ConvertMoonPhaseTextToNumeric_ValidText_ReturnsCorrectValue" />
    </UnitTest>
    <UnitTest name="BuckScience.Tests.PhotoFilteringUrlExamples.PhotoFiltering_RealWorldScenario_TempAndCameraFilter" storage="/home/runner/work/buckscienceapp/buckscienceapp/tests/buckscience.tests/bin/debug/net8.0/buckscience.tests.dll" id="9cd7f192-bb9b-abd8-007d-2585a8ffb5e9">
      <Execution id="bc4637ba-a23d-4d30-906b-839aa2fc9f65" />
      <TestMethod codeBase="/home/runner/work/BuckScienceApp/BuckScienceApp/tests/BuckScience.Tests/bin/Debug/net8.0/BuckScience.Tests.dll" adapterTypeName="executor://xunit/VsTestRunner2/netcoreapp" className="BuckScience.Tests.PhotoFilteringUrlExamples" name="PhotoFiltering_RealWorldScenario_TempAndCameraFilter" />
    </UnitTest>
    <UnitTest name="BuckScience.Tests.Web.Helpers.WeatherHelpersTests.ConvertWindDirectionTextToNumeric_ValidDirections_ReturnsCorrectDegrees(direction: &quot;E&quot;, expected: 90)" storage="/home/runner/work/buckscienceapp/buckscienceapp/tests/buckscience.tests/bin/debug/net8.0/buckscience.tests.dll" id="a4c9dc78-d66c-c69a-90ef-d545d65a1a43">
      <Execution id="13d2d9ca-f09c-44fb-806e-99361a223b6b" />
      <TestMethod codeBase="/home/runner/work/BuckScienceApp/BuckScienceApp/tests/BuckScience.Tests/bin/Debug/net8.0/BuckScience.Tests.dll" adapterTypeName="executor://xunit/VsTestRunner2/netcoreapp" className="BuckScience.Tests.Web.Helpers.WeatherHelpersTests" name="ConvertWindDirectionTextToNumeric_ValidDirections_ReturnsCorrectDegrees" />
    </UnitTest>
    <UnitTest name="BuckScience.Tests.Application.FeatureWeights.UpdateFeatureWeightsTests.UpdateFeatureWeights_ResetToDefault_ClearsAllCustomizations" storage="/home/runner/work/buckscienceapp/buckscienceapp/tests/buckscience.tests/bin/debug/net8.0/buckscience.tests.dll" id="e65338ab-e9eb-2800-4922-6e2f693b11d4">
      <Execution id="82b9d6ed-04a2-4b44-ab37-d603e0b381cf" />
      <TestMethod codeBase="/home/runner/work/BuckScienceApp/BuckScienceApp/tests/BuckScience.Tests/bin/Debug/net8.0/BuckScience.Tests.dll" adapterTypeName="executor://xunit/VsTestRunner2/netcoreapp" className="BuckScience.Tests.Application.FeatureWeights.UpdateFeatureWeightsTests" name="UpdateFeatureWeights_ResetToDefault_ClearsAllCustomizations" />
    </UnitTest>
    <UnitTest name="BuckScience.Tests.DirectionHelperTests.ToFloat_ShouldReturnCorrectDegrees(direction: W, expectedDegrees: 270)" storage="/home/runner/work/buckscienceapp/buckscienceapp/tests/buckscience.tests/bin/debug/net8.0/buckscience.tests.dll" id="e59f6969-24d1-ee70-57fe-d99344040a63">
      <Execution id="92775941-14db-4cd3-b599-e6f890a0ad2e" />
      <TestMethod codeBase="/home/runner/work/BuckScienceApp/BuckScienceApp/tests/BuckScience.Tests/bin/Debug/net8.0/BuckScience.Tests.dll" adapterTypeName="executor://xunit/VsTestRunner2/netcoreapp" className="BuckScience.Tests.DirectionHelperTests" name="ToFloat_ShouldReturnCorrectDegrees" />
    </UnitTest>
    <UnitTest name="BuckScience.Tests.Web.Helpers.WeatherHelpersTests.ConvertMoonPhaseTextToNumeric_ValidText_ReturnsCorrectValue(text: &quot;Waning Crescent&quot;, expected: 0.875)" storage="/home/runner/work/buckscienceapp/buckscienceapp/tests/buckscience.tests/bin/debug/net8.0/buckscience.tests.dll" id="dfe6a45f-34c2-c767-91dd-1f8de6538cc0">
      <Execution id="9c8a901d-4981-486f-9b51-0974e29c590c" />
      <TestMethod codeBase="/home/runner/work/BuckScienceApp/BuckScienceApp/tests/BuckScience.Tests/bin/Debug/net8.0/BuckScience.Tests.dll" adapterTypeName="executor://xunit/VsTestRunner2/netcoreapp" className="BuckScience.Tests.Web.Helpers.WeatherHelpersTests" name="ConvertMoonPhaseTextToNumeric_ValidText_ReturnsCorrectValue" />
    </UnitTest>
    <UnitTest name="BuckScience.Tests.Domain.FeatureWeightTests.FeatureWeightHelper_GetCategory_ReturnsCorrectCategory(type: Creek, expectedCategory: ResourceWater)" storage="/home/runner/work/buckscienceapp/buckscienceapp/tests/buckscience.tests/bin/debug/net8.0/buckscience.tests.dll" id="1d2cb59d-b905-737a-61a2-6d873910d1e1">
      <Execution id="4b7bfb32-8cd3-42b1-9565-5bb64eabe075" />
      <TestMethod codeBase="/home/runner/work/BuckScienceApp/BuckScienceApp/tests/BuckScience.Tests/bin/Debug/net8.0/BuckScience.Tests.dll" adapterTypeName="executor://xunit/VsTestRunner2/netcoreapp" className="BuckScience.Tests.Domain.FeatureWeightTests" name="FeatureWeightHelper_GetCategory_ReturnsCorrectCategory" />
    </UnitTest>
    <UnitTest name="BuckScience.Tests.Application.PropertyFeatureApplicationTests.UpdatePropertyFeature_WithInvalidWeight_ThrowsArgumentOutOfRangeException" storage="/home/runner/work/buckscienceapp/buckscienceapp/tests/buckscience.tests/bin/debug/net8.0/buckscience.tests.dll" id="1346760c-63cd-b7f1-1c05-6d40bed27cce">
      <Execution id="a07ea3ff-2ac1-4ada-9a9d-d33d40bff008" />
      <TestMethod codeBase="/home/runner/work/BuckScienceApp/BuckScienceApp/tests/BuckScience.Tests/bin/Debug/net8.0/BuckScience.Tests.dll" adapterTypeName="executor://xunit/VsTestRunner2/netcoreapp" className="BuckScience.Tests.Application.PropertyFeatureApplicationTests" name="UpdatePropertyFeature_WithInvalidWeight_ThrowsArgumentOutOfRangeException" />
    </UnitTest>
    <UnitTest name="BuckScience.Tests.FeatureHelperTests.FeatureNames_ShouldContainAllClassificationTypes" storage="/home/runner/work/buckscienceapp/buckscienceapp/tests/buckscience.tests/bin/debug/net8.0/buckscience.tests.dll" id="5ad698c0-31c3-b3d2-caa9-9fa5ad866948">
      <Execution id="a76731dd-6485-4266-8d9a-bd457b6e6b25" />
      <TestMethod codeBase="/home/runner/work/BuckScienceApp/BuckScienceApp/tests/BuckScience.Tests/bin/Debug/net8.0/BuckScience.Tests.dll" adapterTypeName="executor://xunit/VsTestRunner2/netcoreapp" className="BuckScience.Tests.FeatureHelperTests" name="FeatureNames_ShouldContainAllClassificationTypes" />
    </UnitTest>
    <UnitTest name="BuckScience.Tests.PhotoFilteringUrlExamples.BuildFilters_UrlParameters_ShouldParseCorrectly(urlParams: &quot;tempMin=20&quot;, expectedTempMin: 20, expectedTempMax: null, expectedWindMin: null, expectedWindMax: null)" storage="/home/runner/work/buckscienceapp/buckscienceapp/tests/buckscience.tests/bin/debug/net8.0/buckscience.tests.dll" id="69b65817-cd82-0a96-5e68-ab587e27eb95">
      <Execution id="ed32275c-1c3a-4f56-8294-cfcb9833606a" />
      <TestMethod codeBase="/home/runner/work/BuckScienceApp/BuckScienceApp/tests/BuckScience.Tests/bin/Debug/net8.0/BuckScience.Tests.dll" adapterTypeName="executor://xunit/VsTestRunner2/netcoreapp" className="BuckScience.Tests.PhotoFilteringUrlExamples" name="BuildFilters_UrlParameters_ShouldParseCorrectly" />
    </UnitTest>
    <UnitTest name="BuckScience.Tests.Web.Helpers.WeatherHelpersTests.ConvertWindDirectionToText_VariousAngles_ReturnsCorrectDirection(degrees: 11.25, expected: &quot;NNE&quot;)" storage="/home/runner/work/buckscienceapp/buckscienceapp/tests/buckscience.tests/bin/debug/net8.0/buckscience.tests.dll" id="59d49ae8-fe17-c8a4-30e6-e31bf9671e6d">
      <Execution id="5eafdb54-b61f-4e30-bc60-88ab17018f75" />
      <TestMethod codeBase="/home/runner/work/BuckScienceApp/BuckScienceApp/tests/BuckScience.Tests/bin/Debug/net8.0/BuckScience.Tests.dll" adapterTypeName="executor://xunit/VsTestRunner2/netcoreapp" className="BuckScience.Tests.Web.Helpers.WeatherHelpersTests" name="ConvertWindDirectionToText_VariousAngles_ReturnsCorrectDirection" />
    </UnitTest>
    <UnitTest name="BuckScience.Tests.Domain.SeasonExtensionsTests.GetDefaultMonths_ReturnsArrayCopy_PreventsMutation" storage="/home/runner/work/buckscienceapp/buckscienceapp/tests/buckscience.tests/bin/debug/net8.0/buckscience.tests.dll" id="29c59d8d-b92b-cfb2-1c78-b6b82406cb09">
      <Execution id="9ddf10bf-c1c1-4a0a-a559-8c1e0b5ebbfe" />
      <TestMethod codeBase="/home/runner/work/BuckScienceApp/BuckScienceApp/tests/BuckScience.Tests/bin/Debug/net8.0/BuckScience.Tests.dll" adapterTypeName="executor://xunit/VsTestRunner2/netcoreapp" className="BuckScience.Tests.Domain.SeasonExtensionsTests" name="GetDefaultMonths_ReturnsArrayCopy_PreventsMutation" />
    </UnitTest>
    <UnitTest name="BuckScience.Tests.PhotoPlacementHistoryTests.Photo_SetCameraPlacementHistory_ShouldThrowForInvalidId" storage="/home/runner/work/buckscienceapp/buckscienceapp/tests/buckscience.tests/bin/debug/net8.0/buckscience.tests.dll" id="87537a65-edc4-293b-e0c7-ff87f3dc8e79">
      <Execution id="cd9d1e2c-6a6c-4497-ab7f-0a27ac01b81e" />
      <TestMethod codeBase="/home/runner/work/BuckScienceApp/BuckScienceApp/tests/BuckScience.Tests/bin/Debug/net8.0/BuckScience.Tests.dll" adapterTypeName="executor://xunit/VsTestRunner2/netcoreapp" className="BuckScience.Tests.PhotoPlacementHistoryTests" name="Photo_SetCameraPlacementHistory_ShouldThrowForInvalidId" />
    </UnitTest>
    <UnitTest name="BuckScience.Tests.TagCleanupTests.RemoveTagFromPhotos_ShouldCleanupPropertyTag_WhenNoOtherPhotosOnPropertyUseTag" storage="/home/runner/work/buckscienceapp/buckscienceapp/tests/buckscience.tests/bin/debug/net8.0/buckscience.tests.dll" id="d10743fd-41b6-9a87-757a-05484dce75fb">
      <Execution id="8f71d0fb-9c20-4d04-9c66-8787ff58f654" />
      <TestMethod codeBase="/home/runner/work/BuckScienceApp/BuckScienceApp/tests/BuckScience.Tests/bin/Debug/net8.0/BuckScience.Tests.dll" adapterTypeName="executor://xunit/VsTestRunner2/netcoreapp" className="BuckScience.Tests.TagCleanupTests" name="RemoveTagFromPhotos_ShouldCleanupPropertyTag_WhenNoOtherPhotosOnPropertyUseTag" />
    </UnitTest>
    <UnitTest name="BuckScience.Tests.TaggingSystemTests.GetOrCreateTag_ShouldThrowException_WhenTagNameIsInvalid(invalidTagName: &quot;&quot;)" storage="/home/runner/work/buckscienceapp/buckscienceapp/tests/buckscience.tests/bin/debug/net8.0/buckscience.tests.dll" id="f2a53262-1031-8641-ce23-2061a5c39410">
      <Execution id="3f60ee78-4ad7-4b00-93d5-62ae5dd3e6cf" />
      <TestMethod codeBase="/home/runner/work/BuckScienceApp/BuckScienceApp/tests/BuckScience.Tests/bin/Debug/net8.0/BuckScience.Tests.dll" adapterTypeName="executor://xunit/VsTestRunner2/netcoreapp" className="BuckScience.Tests.TaggingSystemTests" name="GetOrCreateTag_ShouldThrowException_WhenTagNameIsInvalid" />
    </UnitTest>
    <UnitTest name="BuckScience.Tests.Domain.MonthsAttributeTests.MonthsAttribute_Constructor_WithInvalidMonth_ThrowsArgumentOutOfRangeException(invalidMonth: 0)" storage="/home/runner/work/buckscienceapp/buckscienceapp/tests/buckscience.tests/bin/debug/net8.0/buckscience.tests.dll" id="68647ad1-4f74-1b97-159d-5659e9979e01">
      <Execution id="b5ec5bd0-61af-4742-96ab-6e84b7a91d1c" />
      <TestMethod codeBase="/home/runner/work/BuckScienceApp/BuckScienceApp/tests/BuckScience.Tests/bin/Debug/net8.0/BuckScience.Tests.dll" adapterTypeName="executor://xunit/VsTestRunner2/netcoreapp" className="BuckScience.Tests.Domain.MonthsAttributeTests" name="MonthsAttribute_Constructor_WithInvalidMonth_ThrowsArgumentOutOfRangeException" />
    </UnitTest>
    <UnitTest name="BuckScience.Tests.PhotoPlacementHistoryTests.Photo_SetCameraPlacementHistory_ShouldSetValue" storage="/home/runner/work/buckscienceapp/buckscienceapp/tests/buckscience.tests/bin/debug/net8.0/buckscience.tests.dll" id="3d204cd7-14f8-bc71-3ad1-38415f6304bc">
      <Execution id="f3566caa-7463-40c3-a4ca-4871561c8708" />
      <TestMethod codeBase="/home/runner/work/BuckScienceApp/BuckScienceApp/tests/BuckScience.Tests/bin/Debug/net8.0/BuckScience.Tests.dll" adapterTypeName="executor://xunit/VsTestRunner2/netcoreapp" className="BuckScience.Tests.PhotoPlacementHistoryTests" name="Photo_SetCameraPlacementHistory_ShouldSetValue" />
    </UnitTest>
    <UnitTest name="BuckScience.Tests.Web.Helpers.WeatherHelpersTests.ConvertWindDirectionTextToNumeric_ValidDirections_ReturnsCorrectDegrees(direction: &quot;NE&quot;, expected: 45)" storage="/home/runner/work/buckscienceapp/buckscienceapp/tests/buckscience.tests/bin/debug/net8.0/buckscience.tests.dll" id="df8d3f6f-dec6-fe48-30b1-4504bb2aa651">
      <Execution id="6c8dae69-886a-4ec1-8e34-e650901c1d6f" />
      <TestMethod codeBase="/home/runner/work/BuckScienceApp/BuckScienceApp/tests/BuckScience.Tests/bin/Debug/net8.0/BuckScience.Tests.dll" adapterTypeName="executor://xunit/VsTestRunner2/netcoreapp" className="BuckScience.Tests.Web.Helpers.WeatherHelpersTests" name="ConvertWindDirectionTextToNumeric_ValidDirections_ReturnsCorrectDegrees" />
    </UnitTest>
    <UnitTest name="BuckScience.Tests.Domain.FeatureWeightTests.FeatureWeight_IsCustom_DefaultsToFalse" storage="/home/runner/work/buckscienceapp/buckscienceapp/tests/buckscience.tests/bin/debug/net8.0/buckscience.tests.dll" id="f34471f4-815a-4ec3-4038-5fedcb003a99">
      <Execution id="5468407d-8200-4475-b804-9a1b2783087e" />
      <TestMethod codeBase="/home/runner/work/BuckScienceApp/BuckScienceApp/tests/BuckScience.Tests/bin/Debug/net8.0/BuckScience.Tests.dll" adapterTypeName="executor://xunit/VsTestRunner2/netcoreapp" className="BuckScience.Tests.Domain.FeatureWeightTests" name="FeatureWeight_IsCustom_DefaultsToFalse" />
    </UnitTest>
    <UnitTest name="BuckScience.Tests.WeatherBatchProcessingTests.WeatherService_ShouldRoundCoordinatesConsistently" storage="/home/runner/work/buckscienceapp/buckscienceapp/tests/buckscience.tests/bin/debug/net8.0/buckscience.tests.dll" id="b1f41500-5f15-b967-f0a8-55e935ea7819">
      <Execution id="83b5a286-229a-4ccd-a1ba-9bfa7ae86a50" />
      <TestMethod codeBase="/home/runner/work/BuckScienceApp/BuckScienceApp/tests/BuckScience.Tests/bin/Debug/net8.0/BuckScience.Tests.dll" adapterTypeName="executor://xunit/VsTestRunner2/netcoreapp" className="BuckScience.Tests.WeatherBatchProcessingTests" name="WeatherService_ShouldRoundCoordinatesConsistently" />
    </UnitTest>
    <UnitTest name="BuckScience.Tests.Domain.PropertySeasonMonthsOverrideTests.PropertySeasonMonthsOverride_SetMonths_WithEmptyArray_ClearsMonths" storage="/home/runner/work/buckscienceapp/buckscienceapp/tests/buckscience.tests/bin/debug/net8.0/buckscience.tests.dll" id="75f4d661-9754-0157-eb91-1cb0c3ea30c4">
      <Execution id="54f1972d-6d15-450d-9f52-32aba19ef364" />
      <TestMethod codeBase="/home/runner/work/BuckScienceApp/BuckScienceApp/tests/BuckScience.Tests/bin/Debug/net8.0/BuckScience.Tests.dll" adapterTypeName="executor://xunit/VsTestRunner2/netcoreapp" className="BuckScience.Tests.Domain.PropertySeasonMonthsOverrideTests" name="PropertySeasonMonthsOverride_SetMonths_WithEmptyArray_ClearsMonths" />
    </UnitTest>
    <UnitTest name="BuckScience.Tests.DirectionHelperTests.FromFloat_ShouldReturnCorrectDirection(degrees: 225, expectedDirection: SW)" storage="/home/runner/work/buckscienceapp/buckscienceapp/tests/buckscience.tests/bin/debug/net8.0/buckscience.tests.dll" id="88b5a428-7422-548a-ca90-5bd2a62420ae">
      <Execution id="6af048bf-8c71-46c9-a382-f02488f536e1" />
      <TestMethod codeBase="/home/runner/work/BuckScienceApp/BuckScienceApp/tests/BuckScience.Tests/bin/Debug/net8.0/BuckScience.Tests.dll" adapterTypeName="executor://xunit/VsTestRunner2/netcoreapp" className="BuckScience.Tests.DirectionHelperTests" name="FromFloat_ShouldReturnCorrectDirection" />
    </UnitTest>
    <UnitTest name="BuckScience.Tests.Web.Helpers.WeatherHelpersTests.ConvertWindDirectionToText_VariousAngles_ReturnsCorrectDirection(degrees: 11.24, expected: &quot;N&quot;)" storage="/home/runner/work/buckscienceapp/buckscienceapp/tests/buckscience.tests/bin/debug/net8.0/buckscience.tests.dll" id="b8a41320-c868-9123-86b4-03e71d0ff6ef">
      <Execution id="9665571b-20bd-474c-a852-592cc532d2de" />
      <TestMethod codeBase="/home/runner/work/BuckScienceApp/BuckScienceApp/tests/BuckScience.Tests/bin/Debug/net8.0/BuckScience.Tests.dll" adapterTypeName="executor://xunit/VsTestRunner2/netcoreapp" className="BuckScience.Tests.Web.Helpers.WeatherHelpersTests" name="ConvertWindDirectionToText_VariousAngles_ReturnsCorrectDirection" />
    </UnitTest>
    <UnitTest name="BuckScience.Tests.Domain.PropertySeasonMonthsOverrideTests.PropertySeasonMonthsOverride_Constructor_WithInvalidMonths_ThrowsArgumentOutOfRangeException(invalidMonths: [0])" storage="/home/runner/work/buckscienceapp/buckscienceapp/tests/buckscience.tests/bin/debug/net8.0/buckscience.tests.dll" id="2e93bee1-fb36-0850-7490-5577524da5c2">
      <Execution id="20b3f260-e9c4-4b28-a695-5a0bdf956c5c" />
      <TestMethod codeBase="/home/runner/work/BuckScienceApp/BuckScienceApp/tests/BuckScience.Tests/bin/Debug/net8.0/BuckScience.Tests.dll" adapterTypeName="executor://xunit/VsTestRunner2/netcoreapp" className="BuckScience.Tests.Domain.PropertySeasonMonthsOverrideTests" name="PropertySeasonMonthsOverride_Constructor_WithInvalidMonths_ThrowsArgumentOutOfRangeException" />
    </UnitTest>
    <UnitTest name="BuckScience.Tests.Web.Helpers.WeatherHelpersTests.ConvertMoonPhaseTextToNumeric_InvalidText_ReturnsNull(text: &quot;Invalid Phase&quot;)" storage="/home/runner/work/buckscienceapp/buckscienceapp/tests/buckscience.tests/bin/debug/net8.0/buckscience.tests.dll" id="e531c44f-a81a-259c-843c-505a398d8b55">
      <Execution id="e03d3dfe-bfb6-4c0e-ab25-881bdd205dd1" />
      <TestMethod codeBase="/home/runner/work/BuckScienceApp/BuckScienceApp/tests/BuckScience.Tests/bin/Debug/net8.0/BuckScience.Tests.dll" adapterTypeName="executor://xunit/VsTestRunner2/netcoreapp" className="BuckScience.Tests.Web.Helpers.WeatherHelpersTests" name="ConvertMoonPhaseTextToNumeric_InvalidText_ReturnsNull" />
    </UnitTest>
    <UnitTest name="BuckScience.Tests.Domain.PropertySeasonMonthsOverrideTests.PropertySeasonMonthsOverride_GetMonths_WithCorruptedJson_ReturnsNull" storage="/home/runner/work/buckscienceapp/buckscienceapp/tests/buckscience.tests/bin/debug/net8.0/buckscience.tests.dll" id="08260a64-8541-0630-0fbb-fef9aaa19f85">
      <Execution id="b5d59945-c090-42f0-b8f6-f5642dec98f4" />
      <TestMethod codeBase="/home/runner/work/BuckScienceApp/BuckScienceApp/tests/BuckScience.Tests/bin/Debug/net8.0/BuckScience.Tests.dll" adapterTypeName="executor://xunit/VsTestRunner2/netcoreapp" className="BuckScience.Tests.Domain.PropertySeasonMonthsOverrideTests" name="PropertySeasonMonthsOverride_GetMonths_WithCorruptedJson_ReturnsNull" />
    </UnitTest>
    <UnitTest name="BuckScience.Tests.TaggingIntegrationTests.EndToEndTaggingWorkflow_ShouldWorkCorrectly" storage="/home/runner/work/buckscienceapp/buckscienceapp/tests/buckscience.tests/bin/debug/net8.0/buckscience.tests.dll" id="46a7f553-bbcf-0c84-0101-71d2924c06c9">
      <Execution id="3915289b-5aee-4161-a1f4-b86aaf6e913f" />
      <TestMethod codeBase="/home/runner/work/BuckScienceApp/BuckScienceApp/tests/BuckScience.Tests/bin/Debug/net8.0/BuckScience.Tests.dll" adapterTypeName="executor://xunit/VsTestRunner2/netcoreapp" className="BuckScience.Tests.TaggingIntegrationTests" name="EndToEndTaggingWorkflow_ShouldWorkCorrectly" />
    </UnitTest>
    <UnitTest name="BuckScience.Tests.PhotoFilteringUrlExamples.BuildFilters_UrlParameters_ShouldParseCorrectly(urlParams: &quot;tempMax=25&quot;, expectedTempMin: null, expectedTempMax: 25, expectedWindMin: null, expectedWindMax: null)" storage="/home/runner/work/buckscienceapp/buckscienceapp/tests/buckscience.tests/bin/debug/net8.0/buckscience.tests.dll" id="78fd4f15-08d5-878b-fd2a-dd2d3bcc8384">
      <Execution id="9b26d6eb-a846-4507-a99f-6952050bd10f" />
      <TestMethod codeBase="/home/runner/work/BuckScienceApp/BuckScienceApp/tests/BuckScience.Tests/bin/Debug/net8.0/BuckScience.Tests.dll" adapterTypeName="executor://xunit/VsTestRunner2/netcoreapp" className="BuckScience.Tests.PhotoFilteringUrlExamples" name="BuildFilters_UrlParameters_ShouldParseCorrectly" />
    </UnitTest>
    <UnitTest name="BuckScience.Tests.Web.Helpers.WeatherHelpersTests.ConvertWindDirectionTextToNumeric_InvalidText_ReturnsNull(direction: &quot;&quot;)" storage="/home/runner/work/buckscienceapp/buckscienceapp/tests/buckscience.tests/bin/debug/net8.0/buckscience.tests.dll" id="8f75422e-f196-d0f3-b885-da9f9acf8fde">
      <Execution id="3e9021b7-cbf0-42d8-a97d-84625cd57616" />
      <TestMethod codeBase="/home/runner/work/BuckScienceApp/BuckScienceApp/tests/BuckScience.Tests/bin/Debug/net8.0/BuckScience.Tests.dll" adapterTypeName="executor://xunit/VsTestRunner2/netcoreapp" className="BuckScience.Tests.Web.Helpers.WeatherHelpersTests" name="ConvertWindDirectionTextToNumeric_InvalidText_ReturnsNull" />
    </UnitTest>
    <UnitTest name="BuckScience.Tests.PhotoFilteringUrlExamples.BuildFilters_ConditionsParameters_ShouldParseCorrectly(conditions: &quot;Clear,Cloudy&quot;, expectedConditions: [&quot;Clear&quot;, &quot;Cloudy&quot;])" storage="/home/runner/work/buckscienceapp/buckscienceapp/tests/buckscience.tests/bin/debug/net8.0/buckscience.tests.dll" id="477057b0-3b6f-36a4-06fc-1b03c23a4da7">
      <Execution id="b88a99fd-a603-4c0f-980b-351c7998c8a9" />
      <TestMethod codeBase="/home/runner/work/BuckScienceApp/BuckScienceApp/tests/BuckScience.Tests/bin/Debug/net8.0/BuckScience.Tests.dll" adapterTypeName="executor://xunit/VsTestRunner2/netcoreapp" className="BuckScience.Tests.PhotoFilteringUrlExamples" name="BuildFilters_ConditionsParameters_ShouldParseCorrectly" />
    </UnitTest>
    <UnitTest name="BuckScience.Tests.Domain.FeatureWeightTests.FeatureWeight_ResetToDefault_UpdatesTimestamp" storage="/home/runner/work/buckscienceapp/buckscienceapp/tests/buckscience.tests/bin/debug/net8.0/buckscience.tests.dll" id="c7c0db12-a7c7-5d4d-aeb3-925cdb576fb9">
      <Execution id="66ce85ff-c8a3-43f4-a222-72bc0d8447ce" />
      <TestMethod codeBase="/home/runner/work/BuckScienceApp/BuckScienceApp/tests/BuckScience.Tests/bin/Debug/net8.0/BuckScience.Tests.dll" adapterTypeName="executor://xunit/VsTestRunner2/netcoreapp" className="BuckScience.Tests.Domain.FeatureWeightTests" name="FeatureWeight_ResetToDefault_UpdatesTimestamp" />
    </UnitTest>
    <UnitTest name="BuckScience.Tests.Web.Helpers.WeatherHelpersTests.ConvertMoonPhaseToText_VariousValues_ReturnsCorrectText(phase: 0.59999999999999998, expected: &quot;Waning Gibbous&quot;)" storage="/home/runner/work/buckscienceapp/buckscienceapp/tests/buckscience.tests/bin/debug/net8.0/buckscience.tests.dll" id="48d95b96-b471-deb8-51bf-62c5a89928a2">
      <Execution id="87bb1335-a037-4372-a37c-60f20364897e" />
      <TestMethod codeBase="/home/runner/work/BuckScienceApp/BuckScienceApp/tests/BuckScience.Tests/bin/Debug/net8.0/BuckScience.Tests.dll" adapterTypeName="executor://xunit/VsTestRunner2/netcoreapp" className="BuckScience.Tests.Web.Helpers.WeatherHelpersTests" name="ConvertMoonPhaseToText_VariousValues_ReturnsCorrectText" />
    </UnitTest>
    <UnitTest name="BuckScience.Tests.CameraPlacementHistoryTests.CameraEditVm_ShouldIncludeDirectionDegrees" storage="/home/runner/work/buckscienceapp/buckscienceapp/tests/buckscience.tests/bin/debug/net8.0/buckscience.tests.dll" id="42b838e4-a515-a0a8-9201-8a5607fcd950">
      <Execution id="281b7829-2b46-4fa4-b821-26dbbb9feb2d" />
      <TestMethod codeBase="/home/runner/work/BuckScienceApp/BuckScienceApp/tests/BuckScience.Tests/bin/Debug/net8.0/BuckScience.Tests.dll" adapterTypeName="executor://xunit/VsTestRunner2/netcoreapp" className="BuckScience.Tests.CameraPlacementHistoryTests" name="CameraEditVm_ShouldIncludeDirectionDegrees" />
    </UnitTest>
    <UnitTest name="BuckScience.Tests.Domain.FeatureWeightTests.FeatureWeight_SetSeasonalWeights_WithNullSetsIsCustomToFalse" storage="/home/runner/work/buckscienceapp/buckscienceapp/tests/buckscience.tests/bin/debug/net8.0/buckscience.tests.dll" id="0bff2ecc-4f41-029d-f57b-08de3b707d06">
      <Execution id="2d2ee669-c305-4e8a-95a7-1fff96ccca7d" />
      <TestMethod codeBase="/home/runner/work/BuckScienceApp/BuckScienceApp/tests/BuckScience.Tests/bin/Debug/net8.0/BuckScience.Tests.dll" adapterTypeName="executor://xunit/VsTestRunner2/netcoreapp" className="BuckScience.Tests.Domain.FeatureWeightTests" name="FeatureWeight_SetSeasonalWeights_WithNullSetsIsCustomToFalse" />
    </UnitTest>
    <UnitTest name="BuckScience.Tests.Domain.FeatureWeightTests.FeatureWeightHelper_GetCategory_ReturnsCorrectCategory(type: BeddingArea, expectedCategory: ResourceBedding)" storage="/home/runner/work/buckscienceapp/buckscienceapp/tests/buckscience.tests/bin/debug/net8.0/buckscience.tests.dll" id="0df754ab-3374-deab-a269-326e3752e38a">
      <Execution id="d0b008fa-14a4-4da5-a4dc-a7d0fec06716" />
      <TestMethod codeBase="/home/runner/work/BuckScienceApp/BuckScienceApp/tests/BuckScience.Tests/bin/Debug/net8.0/BuckScience.Tests.dll" adapterTypeName="executor://xunit/VsTestRunner2/netcoreapp" className="BuckScience.Tests.Domain.FeatureWeightTests" name="FeatureWeightHelper_GetCategory_ReturnsCorrectCategory" />
    </UnitTest>
    <UnitTest name="BuckScience.Tests.Application.SeasonMonthMappingServiceTests.HybridLogic_FallsBackToDefaults_WhenOverrideIsInvalid" storage="/home/runner/work/buckscienceapp/buckscienceapp/tests/buckscience.tests/bin/debug/net8.0/buckscience.tests.dll" id="83f86451-fb52-b95e-1b52-9f97603c1dd2">
      <Execution id="dee7129f-02c4-4c78-b2a1-a63d99394eb9" />
      <TestMethod codeBase="/home/runner/work/BuckScienceApp/BuckScienceApp/tests/BuckScience.Tests/bin/Debug/net8.0/BuckScience.Tests.dll" adapterTypeName="executor://xunit/VsTestRunner2/netcoreapp" className="BuckScience.Tests.Application.SeasonMonthMappingServiceTests" name="HybridLogic_FallsBackToDefaults_WhenOverrideIsInvalid" />
    </UnitTest>
    <UnitTest name="BuckScience.Tests.Application.Profiles.ProfileCrudTests.GetProfile_ValidId_ReturnsProfile" storage="/home/runner/work/buckscienceapp/buckscienceapp/tests/buckscience.tests/bin/debug/net8.0/buckscience.tests.dll" id="19df813d-aa7e-5539-ce76-ba8a68683016">
      <Execution id="f0bc3d6d-f78f-4dac-b0a3-e2e245bcdbfc" />
      <TestMethod codeBase="/home/runner/work/BuckScienceApp/BuckScienceApp/tests/BuckScience.Tests/bin/Debug/net8.0/BuckScience.Tests.dll" adapterTypeName="executor://xunit/VsTestRunner2/netcoreapp" className="BuckScience.Tests.Application.Profiles.ProfileCrudTests" name="GetProfile_ValidId_ReturnsProfile" />
    </UnitTest>
    <UnitTest name="BuckScience.Tests.CameraEditVmTests.CameraEditVm_ShouldSetAllProperties" storage="/home/runner/work/buckscienceapp/buckscienceapp/tests/buckscience.tests/bin/debug/net8.0/buckscience.tests.dll" id="93b0e2c3-3a46-c74b-dad5-afcb4f0bfcfa">
      <Execution id="c0831e47-3a7a-4ca5-b2eb-029ba08fc86a" />
      <TestMethod codeBase="/home/runner/work/BuckScienceApp/BuckScienceApp/tests/BuckScience.Tests/bin/Debug/net8.0/BuckScience.Tests.dll" adapterTypeName="executor://xunit/VsTestRunner2/netcoreapp" className="BuckScience.Tests.CameraEditVmTests" name="CameraEditVm_ShouldSetAllProperties" />
    </UnitTest>
    <UnitTest name="BuckScience.Tests.Application.SeasonMonthMappingServiceTests.GetAllPropertyOverridesAsync_ReturnsEmptyDictionary_WhenNoOverrides" storage="/home/runner/work/buckscienceapp/buckscienceapp/tests/buckscience.tests/bin/debug/net8.0/buckscience.tests.dll" id="cd550bc2-0f86-e40a-cd18-9b7914553212">
      <Execution id="f1b6c509-26b5-4892-9201-51a241f6d0fc" />
      <TestMethod codeBase="/home/runner/work/BuckScienceApp/BuckScienceApp/tests/BuckScience.Tests/bin/Debug/net8.0/BuckScience.Tests.dll" adapterTypeName="executor://xunit/VsTestRunner2/netcoreapp" className="BuckScience.Tests.Application.SeasonMonthMappingServiceTests" name="GetAllPropertyOverridesAsync_ReturnsEmptyDictionary_WhenNoOverrides" />
    </UnitTest>
    <UnitTest name="BuckScience.Tests.Web.Helpers.WeatherHelpersTests.ConvertWindDirectionToText_RoundTrip_MaintainsAccuracy" storage="/home/runner/work/buckscienceapp/buckscienceapp/tests/buckscience.tests/bin/debug/net8.0/buckscience.tests.dll" id="f36a8701-085e-04e9-1108-0b102bccb765">
      <Execution id="804e194b-96e8-4126-8aa2-bf98a7c2bbd9" />
      <TestMethod codeBase="/home/runner/work/BuckScienceApp/BuckScienceApp/tests/BuckScience.Tests/bin/Debug/net8.0/BuckScience.Tests.dll" adapterTypeName="executor://xunit/VsTestRunner2/netcoreapp" className="BuckScience.Tests.Web.Helpers.WeatherHelpersTests" name="ConvertWindDirectionToText_RoundTrip_MaintainsAccuracy" />
    </UnitTest>
    <UnitTest name="BuckScience.Tests.Domain.PropertyFeatureTests.Constructor_WithNullWeight_SetsWeightToNull" storage="/home/runner/work/buckscienceapp/buckscienceapp/tests/buckscience.tests/bin/debug/net8.0/buckscience.tests.dll" id="5d068b70-09ca-86be-04bc-7a667c7e0484">
      <Execution id="e305a377-f873-4d83-90e7-119fcf36de74" />
      <TestMethod codeBase="/home/runner/work/BuckScienceApp/BuckScienceApp/tests/BuckScience.Tests/bin/Debug/net8.0/BuckScience.Tests.dll" adapterTypeName="executor://xunit/VsTestRunner2/netcoreapp" className="BuckScience.Tests.Domain.PropertyFeatureTests" name="Constructor_WithNullWeight_SetsWeightToNull" />
    </UnitTest>
    <UnitTest name="BuckScience.Tests.Domain.PropertyFeatureTests.Constructor_WithoutWeight_SetsWeightToNull" storage="/home/runner/work/buckscienceapp/buckscienceapp/tests/buckscience.tests/bin/debug/net8.0/buckscience.tests.dll" id="9660e9b2-80f8-e700-08d8-e0b7717e9f85">
      <Execution id="9556cec6-22a3-4216-bf96-784889b98bb9" />
      <TestMethod codeBase="/home/runner/work/BuckScienceApp/BuckScienceApp/tests/BuckScience.Tests/bin/Debug/net8.0/BuckScience.Tests.dll" adapterTypeName="executor://xunit/VsTestRunner2/netcoreapp" className="BuckScience.Tests.Domain.PropertyFeatureTests" name="Constructor_WithoutWeight_SetsWeightToNull" />
    </UnitTest>
    <UnitTest name="BuckScience.Tests.FeatureHelperTests.GetFeatureIcon_ShouldReturnCorrectIcons" storage="/home/runner/work/buckscienceapp/buckscienceapp/tests/buckscience.tests/bin/debug/net8.0/buckscience.tests.dll" id="1393749b-9888-f339-bbe0-fe7c36d53117">
      <Execution id="cecfe51c-b076-48ba-bac4-fe917717b853" />
      <TestMethod codeBase="/home/runner/work/BuckScienceApp/BuckScienceApp/tests/BuckScience.Tests/bin/Debug/net8.0/BuckScience.Tests.dll" adapterTypeName="executor://xunit/VsTestRunner2/netcoreapp" className="BuckScience.Tests.FeatureHelperTests" name="GetFeatureIcon_ShouldReturnCorrectIcons" />
    </UnitTest>
    <UnitTest name="BuckScience.Tests.Domain.FeatureWeightTests.FeatureWeight_GetEffectiveWeight_ReturnsSeasonalWeightWhenAvailable" storage="/home/runner/work/buckscienceapp/buckscienceapp/tests/buckscience.tests/bin/debug/net8.0/buckscience.tests.dll" id="ee1257ff-a5a9-5181-9e7b-d35ad6e89445">
      <Execution id="2f25e2ec-7bb8-4bcb-b16c-ac805e18b4cd" />
      <TestMethod codeBase="/home/runner/work/BuckScienceApp/BuckScienceApp/tests/BuckScience.Tests/bin/Debug/net8.0/BuckScience.Tests.dll" adapterTypeName="executor://xunit/VsTestRunner2/netcoreapp" className="BuckScience.Tests.Domain.FeatureWeightTests" name="FeatureWeight_GetEffectiveWeight_ReturnsSeasonalWeightWhenAvailable" />
    </UnitTest>
    <UnitTest name="BuckScience.Tests.Domain.FeatureWeightTests.FeatureWeight_UpdateDefaultWeight_ValidatesWeightRange" storage="/home/runner/work/buckscienceapp/buckscienceapp/tests/buckscience.tests/bin/debug/net8.0/buckscience.tests.dll" id="d619cb92-2daa-6482-f5e5-56eaf7f3851b">
      <Execution id="e687d01f-75e4-4dfb-9b7c-03ea764ce022" />
      <TestMethod codeBase="/home/runner/work/BuckScienceApp/BuckScienceApp/tests/BuckScience.Tests/bin/Debug/net8.0/BuckScience.Tests.dll" adapterTypeName="executor://xunit/VsTestRunner2/netcoreapp" className="BuckScience.Tests.Domain.FeatureWeightTests" name="FeatureWeight_UpdateDefaultWeight_ValidatesWeightRange" />
    </UnitTest>
    <UnitTest name="BuckScience.Tests.Domain.PropertySeasonMonthsOverrideTests.PropertySeasonMonthsOverride_Constructor_WithInvalidPropertyId_ThrowsArgumentOutOfRangeException(invalidPropertyId: -100)" storage="/home/runner/work/buckscienceapp/buckscienceapp/tests/buckscience.tests/bin/debug/net8.0/buckscience.tests.dll" id="1da9127c-d651-72aa-5a84-7cfe9f562b5c">
      <Execution id="004db3b5-e044-4eae-80f1-9d2b0795bbef" />
      <TestMethod codeBase="/home/runner/work/BuckScienceApp/BuckScienceApp/tests/BuckScience.Tests/bin/Debug/net8.0/BuckScience.Tests.dll" adapterTypeName="executor://xunit/VsTestRunner2/netcoreapp" className="BuckScience.Tests.Domain.PropertySeasonMonthsOverrideTests" name="PropertySeasonMonthsOverride_Constructor_WithInvalidPropertyId_ThrowsArgumentOutOfRangeException" />
    </UnitTest>
    <UnitTest name="BuckScience.Tests.Domain.PropertySeasonMonthsOverrideTests.PropertySeasonMonthsOverride_RoundTripSerialization_MaintainsData(months: [6, 7, 8])" storage="/home/runner/work/buckscienceapp/buckscienceapp/tests/buckscience.tests/bin/debug/net8.0/buckscience.tests.dll" id="a9d39b02-2996-0d69-08ab-284d0ae0393a">
      <Execution id="e9dbf74c-c991-4bc3-8309-bfc827ab8bbd" />
      <TestMethod codeBase="/home/runner/work/BuckScienceApp/BuckScienceApp/tests/BuckScience.Tests/bin/Debug/net8.0/BuckScience.Tests.dll" adapterTypeName="executor://xunit/VsTestRunner2/netcoreapp" className="BuckScience.Tests.Domain.PropertySeasonMonthsOverrideTests" name="PropertySeasonMonthsOverride_RoundTripSerialization_MaintainsData" />
    </UnitTest>
    <UnitTest name="BuckScience.Tests.CameraPlacementHistoryTests.Camera_Move_ShouldEndCurrentPlacementAndCreateNew" storage="/home/runner/work/buckscienceapp/buckscienceapp/tests/buckscience.tests/bin/debug/net8.0/buckscience.tests.dll" id="54dac1bc-0f72-9d60-bad7-07e4a0566a24">
      <Execution id="04fb1a9e-ed26-49c3-9a0d-0a321b933415" />
      <TestMethod codeBase="/home/runner/work/BuckScienceApp/BuckScienceApp/tests/BuckScience.Tests/bin/Debug/net8.0/BuckScience.Tests.dll" adapterTypeName="executor://xunit/VsTestRunner2/netcoreapp" className="BuckScience.Tests.CameraPlacementHistoryTests" name="Camera_Move_ShouldEndCurrentPlacementAndCreateNew" />
    </UnitTest>
    <UnitTest name="BuckScience.Tests.PhotoFilteringUrlExamples.BuildFilters_ConditionsParameters_ShouldParseCorrectly(conditions: &quot;Rainy&quot;, expectedConditions: [&quot;Rainy&quot;])" storage="/home/runner/work/buckscienceapp/buckscienceapp/tests/buckscience.tests/bin/debug/net8.0/buckscience.tests.dll" id="7aa5e31a-c407-5fc0-2788-70d3aa03acd3">
      <Execution id="6d7fa1f2-7598-4d98-810e-5a739382fa58" />
      <TestMethod codeBase="/home/runner/work/BuckScienceApp/BuckScienceApp/tests/BuckScience.Tests/bin/Debug/net8.0/BuckScience.Tests.dll" adapterTypeName="executor://xunit/VsTestRunner2/netcoreapp" className="BuckScience.Tests.PhotoFilteringUrlExamples" name="BuildFilters_ConditionsParameters_ShouldParseCorrectly" />
    </UnitTest>
    <UnitTest name="BuckScience.Tests.CameraPlacementHistoryTests.CameraCreateVm_ShouldIncludeDirectionDegrees" storage="/home/runner/work/buckscienceapp/buckscienceapp/tests/buckscience.tests/bin/debug/net8.0/buckscience.tests.dll" id="6d7b3d93-71ec-c074-924a-c624993f0b1a">
      <Execution id="1cc88c82-be57-4146-9229-f512e6a8ad82" />
      <TestMethod codeBase="/home/runner/work/BuckScienceApp/BuckScienceApp/tests/BuckScience.Tests/bin/Debug/net8.0/BuckScience.Tests.dll" adapterTypeName="executor://xunit/VsTestRunner2/netcoreapp" className="BuckScience.Tests.CameraPlacementHistoryTests" name="CameraCreateVm_ShouldIncludeDirectionDegrees" />
    </UnitTest>
    <UnitTest name="BuckScience.Tests.Application.SeasonMonthMappingServiceTests.RemovePropertySeasonOverrideAsync_ReturnsFalse_WhenNoOverrideExists" storage="/home/runner/work/buckscienceapp/buckscienceapp/tests/buckscience.tests/bin/debug/net8.0/buckscience.tests.dll" id="45c0ed35-3801-fd39-72e9-842befa716d9">
      <Execution id="d8ed6cf8-da49-4498-8871-c8aba0391c65" />
      <TestMethod codeBase="/home/runner/work/BuckScienceApp/BuckScienceApp/tests/BuckScience.Tests/bin/Debug/net8.0/BuckScience.Tests.dll" adapterTypeName="executor://xunit/VsTestRunner2/netcoreapp" className="BuckScience.Tests.Application.SeasonMonthMappingServiceTests" name="RemovePropertySeasonOverrideAsync_ReturnsFalse_WhenNoOverrideExists" />
    </UnitTest>
    <UnitTest name="BuckScience.Tests.Web.Helpers.WeatherHelpersTests.ConvertWindDirectionToText_VariousAngles_ReturnsCorrectDirection(degrees: 348.75, expected: &quot;N&quot;)" storage="/home/runner/work/buckscienceapp/buckscienceapp/tests/buckscience.tests/bin/debug/net8.0/buckscience.tests.dll" id="fa4cc283-dfe0-de36-3d73-29ab1e351353">
      <Execution id="faf8b227-bc69-4dcc-9d85-25230c00fe09" />
      <TestMethod codeBase="/home/runner/work/BuckScienceApp/BuckScienceApp/tests/BuckScience.Tests/bin/Debug/net8.0/BuckScience.Tests.dll" adapterTypeName="executor://xunit/VsTestRunner2/netcoreapp" className="BuckScience.Tests.Web.Helpers.WeatherHelpersTests" name="ConvertWindDirectionToText_VariousAngles_ReturnsCorrectDirection" />
    </UnitTest>
    <UnitTest name="BuckScience.Tests.TaggingSystemTests.GetOrCreateTag_ShouldReturnExistingTag_WhenTagExists" storage="/home/runner/work/buckscienceapp/buckscienceapp/tests/buckscience.tests/bin/debug/net8.0/buckscience.tests.dll" id="f4c9aa46-811a-389b-d744-72a428dee7d2">
      <Execution id="92e3376c-abb3-47f9-aaab-f9c8ae77e69a" />
      <TestMethod codeBase="/home/runner/work/BuckScienceApp/BuckScienceApp/tests/BuckScience.Tests/bin/Debug/net8.0/BuckScience.Tests.dll" adapterTypeName="executor://xunit/VsTestRunner2/netcoreapp" className="BuckScience.Tests.TaggingSystemTests" name="GetOrCreateTag_ShouldReturnExistingTag_WhenTagExists" />
    </UnitTest>
    <UnitTest name="BuckScience.Tests.Web.Helpers.WeatherHelpersTests.ConvertWindDirectionTextToNumeric_ValidDirections_ReturnsCorrectDegrees(direction: &quot;SSW&quot;, expected: 202.5)" storage="/home/runner/work/buckscienceapp/buckscienceapp/tests/buckscience.tests/bin/debug/net8.0/buckscience.tests.dll" id="172a47eb-7de7-c6df-b8be-70c0be7e14f7">
      <Execution id="86eda5fd-098f-491e-9b6c-3c93e90fd16b" />
      <TestMethod codeBase="/home/runner/work/BuckScienceApp/BuckScienceApp/tests/BuckScience.Tests/bin/Debug/net8.0/BuckScience.Tests.dll" adapterTypeName="executor://xunit/VsTestRunner2/netcoreapp" className="BuckScience.Tests.Web.Helpers.WeatherHelpersTests" name="ConvertWindDirectionTextToNumeric_ValidDirections_ReturnsCorrectDegrees" />
    </UnitTest>
    <UnitTest name="BuckScience.Tests.Domain.PropertyFeatureTests.Constructor_WithValidWeight_SetsWeightCorrectly(weight: 1)" storage="/home/runner/work/buckscienceapp/buckscienceapp/tests/buckscience.tests/bin/debug/net8.0/buckscience.tests.dll" id="a6b1c1b8-42d6-da05-0367-8e170c8545bb">
      <Execution id="036a4b6d-e246-45ae-84ca-6cc57fdee8a4" />
      <TestMethod codeBase="/home/runner/work/BuckScienceApp/BuckScienceApp/tests/BuckScience.Tests/bin/Debug/net8.0/BuckScience.Tests.dll" adapterTypeName="executor://xunit/VsTestRunner2/netcoreapp" className="BuckScience.Tests.Domain.PropertyFeatureTests" name="Constructor_WithValidWeight_SetsWeightCorrectly" />
    </UnitTest>
    <UnitTest name="BuckScience.Tests.Web.Helpers.WeatherHelpersTests.ConvertMoonPhaseToText_VariousValues_ReturnsCorrectText(phase: 0.40000000000000002, expected: &quot;Waxing Gibbous&quot;)" storage="/home/runner/work/buckscienceapp/buckscienceapp/tests/buckscience.tests/bin/debug/net8.0/buckscience.tests.dll" id="9f544328-b14d-2f96-b54b-781ab9cf51e8">
      <Execution id="484d83db-7e0e-4d8b-a515-502eaf6337d4" />
      <TestMethod codeBase="/home/runner/work/BuckScienceApp/BuckScienceApp/tests/BuckScience.Tests/bin/Debug/net8.0/BuckScience.Tests.dll" adapterTypeName="executor://xunit/VsTestRunner2/netcoreapp" className="BuckScience.Tests.Web.Helpers.WeatherHelpersTests" name="ConvertMoonPhaseToText_VariousValues_ReturnsCorrectText" />
    </UnitTest>
    <UnitTest name="BuckScience.Tests.Web.Helpers.WeatherHelpersTests.ConvertWindDirectionTextToNumeric_ValidDirections_ReturnsCorrectDegrees(direction: &quot;ESE&quot;, expected: 112.5)" storage="/home/runner/work/buckscienceapp/buckscienceapp/tests/buckscience.tests/bin/debug/net8.0/buckscience.tests.dll" id="8bb24d97-4056-0aed-e738-d86e9d34f566">
      <Execution id="59018140-33f8-441b-9ee5-470a691c83b7" />
      <TestMethod codeBase="/home/runner/work/BuckScienceApp/BuckScienceApp/tests/BuckScience.Tests/bin/Debug/net8.0/BuckScience.Tests.dll" adapterTypeName="executor://xunit/VsTestRunner2/netcoreapp" className="BuckScience.Tests.Web.Helpers.WeatherHelpersTests" name="ConvertWindDirectionTextToNumeric_ValidDirections_ReturnsCorrectDegrees" />
    </UnitTest>
    <UnitTest name="BuckScience.Tests.Web.Helpers.WeatherHelpersTests.ConvertMoonPhaseToText_VariousValues_ReturnsCorrectText(phase: 0.02, expected: &quot;New Moon&quot;)" storage="/home/runner/work/buckscienceapp/buckscienceapp/tests/buckscience.tests/bin/debug/net8.0/buckscience.tests.dll" id="d7049aa3-0901-3782-ef96-d1caac1bac5e">
      <Execution id="6c0112a9-33e3-4879-981d-d3f2c6b77501" />
      <TestMethod codeBase="/home/runner/work/BuckScienceApp/BuckScienceApp/tests/BuckScience.Tests/bin/Debug/net8.0/BuckScience.Tests.dll" adapterTypeName="executor://xunit/VsTestRunner2/netcoreapp" className="BuckScience.Tests.Web.Helpers.WeatherHelpersTests" name="ConvertMoonPhaseToText_VariousValues_ReturnsCorrectText" />
    </UnitTest>
    <UnitTest name="BuckScience.Tests.Domain.MonthsAttributeTests.MonthsAttribute_Constructor_WithInvalidMonth_ThrowsArgumentOutOfRangeException(invalidMonth: 13)" storage="/home/runner/work/buckscienceapp/buckscienceapp/tests/buckscience.tests/bin/debug/net8.0/buckscience.tests.dll" id="0c283173-5d83-3aa6-5e6a-5b618b66073f">
      <Execution id="53dce25a-8354-4c94-baa2-ed26e9da83cd" />
      <TestMethod codeBase="/home/runner/work/BuckScienceApp/BuckScienceApp/tests/BuckScience.Tests/bin/Debug/net8.0/BuckScience.Tests.dll" adapterTypeName="executor://xunit/VsTestRunner2/netcoreapp" className="BuckScience.Tests.Domain.MonthsAttributeTests" name="MonthsAttribute_Constructor_WithInvalidMonth_ThrowsArgumentOutOfRangeException" />
    </UnitTest>
    <UnitTest name="BuckScience.Tests.Domain.PropertyFeatureTests.UpdateWeight_WithValidWeight_SetsWeightCorrectly" storage="/home/runner/work/buckscienceapp/buckscienceapp/tests/buckscience.tests/bin/debug/net8.0/buckscience.tests.dll" id="d91077c4-486f-699f-e7de-7a096da96d2b">
      <Execution id="71258b39-b878-4c68-8af9-288fa80990f0" />
      <TestMethod codeBase="/home/runner/work/BuckScienceApp/BuckScienceApp/tests/BuckScience.Tests/bin/Debug/net8.0/BuckScience.Tests.dll" adapterTypeName="executor://xunit/VsTestRunner2/netcoreapp" className="BuckScience.Tests.Domain.PropertyFeatureTests" name="UpdateWeight_WithValidWeight_SetsWeightCorrectly" />
    </UnitTest>
    <UnitTest name="BuckScience.Tests.Domain.MonthsAttributeTests.MonthsAttribute_Constructor_WithInvalidMonth_ThrowsArgumentOutOfRangeException(invalidMonth: -1)" storage="/home/runner/work/buckscienceapp/buckscienceapp/tests/buckscience.tests/bin/debug/net8.0/buckscience.tests.dll" id="415f1005-69c1-a314-0e6a-db0b7d4bab74">
      <Execution id="bf5522ca-40a3-481e-a476-c80235f993e2" />
      <TestMethod codeBase="/home/runner/work/BuckScienceApp/BuckScienceApp/tests/BuckScience.Tests/bin/Debug/net8.0/BuckScience.Tests.dll" adapterTypeName="executor://xunit/VsTestRunner2/netcoreapp" className="BuckScience.Tests.Domain.MonthsAttributeTests" name="MonthsAttribute_Constructor_WithInvalidMonth_ThrowsArgumentOutOfRangeException" />
    </UnitTest>
    <UnitTest name="BuckScience.Tests.WeatherServiceTests.RoundCoordinates_ShouldRoundTo2DecimalPlaces" storage="/home/runner/work/buckscienceapp/buckscienceapp/tests/buckscience.tests/bin/debug/net8.0/buckscience.tests.dll" id="e79130f3-839b-5123-ac52-8ca3bb6ef8c5">
      <Execution id="f1f2bc2f-656e-4dc4-9890-78e0ccd4551d" />
      <TestMethod codeBase="/home/runner/work/BuckScienceApp/BuckScienceApp/tests/BuckScience.Tests/bin/Debug/net8.0/BuckScience.Tests.dll" adapterTypeName="executor://xunit/VsTestRunner2/netcoreapp" className="BuckScience.Tests.WeatherServiceTests" name="RoundCoordinates_ShouldRoundTo2DecimalPlaces" />
    </UnitTest>
    <UnitTest name="BuckScience.Tests.DirectionHelperTests.FromFloat_ShouldReturnCorrectDirection(degrees: 90, expectedDirection: E)" storage="/home/runner/work/buckscienceapp/buckscienceapp/tests/buckscience.tests/bin/debug/net8.0/buckscience.tests.dll" id="3456ad39-e674-a27d-da41-053fedd7e6ad">
      <Execution id="dcc938bc-b8ab-4e3c-89ca-475f0328d57a" />
      <TestMethod codeBase="/home/runner/work/BuckScienceApp/BuckScienceApp/tests/BuckScience.Tests/bin/Debug/net8.0/BuckScience.Tests.dll" adapterTypeName="executor://xunit/VsTestRunner2/netcoreapp" className="BuckScience.Tests.DirectionHelperTests" name="FromFloat_ShouldReturnCorrectDirection" />
    </UnitTest>
    <UnitTest name="BuckScience.Tests.Domain.FeatureWeightTests.FeatureWeightHelper_GetDefaultWeight_ReturnsExpectedValues(type: PinchPointFunnel, expectedWeight: 0.899999976)" storage="/home/runner/work/buckscienceapp/buckscienceapp/tests/buckscience.tests/bin/debug/net8.0/buckscience.tests.dll" id="61feef70-4f4a-625c-42d0-d394030d758f">
      <Execution id="4b2d8c14-e8ea-4cdb-9b7b-7da63a0f61a7" />
      <TestMethod codeBase="/home/runner/work/BuckScienceApp/BuckScienceApp/tests/BuckScience.Tests/bin/Debug/net8.0/BuckScience.Tests.dll" adapterTypeName="executor://xunit/VsTestRunner2/netcoreapp" className="BuckScience.Tests.Domain.FeatureWeightTests" name="FeatureWeightHelper_GetDefaultWeight_ReturnsExpectedValues" />
    </UnitTest>
    <UnitTest name="BuckScience.Tests.Domain.FeatureWeightTests.FeatureWeight_GetEffectiveWeight_FallsBackToDefaultWeight" storage="/home/runner/work/buckscienceapp/buckscienceapp/tests/buckscience.tests/bin/debug/net8.0/buckscience.tests.dll" id="bae1f3df-becb-30fb-65d6-6c7c19ab5a1d">
      <Execution id="7038dd90-1f75-4ae6-ba8c-b7ced0bce466" />
      <TestMethod codeBase="/home/runner/work/BuckScienceApp/BuckScienceApp/tests/BuckScience.Tests/bin/Debug/net8.0/BuckScience.Tests.dll" adapterTypeName="executor://xunit/VsTestRunner2/netcoreapp" className="BuckScience.Tests.Domain.FeatureWeightTests" name="FeatureWeight_GetEffectiveWeight_FallsBackToDefaultWeight" />
    </UnitTest>
    <UnitTest name="BuckScience.Tests.DirectionHelperTests.ToFloat_ShouldReturnCorrectDegrees(direction: N, expectedDegrees: 0)" storage="/home/runner/work/buckscienceapp/buckscienceapp/tests/buckscience.tests/bin/debug/net8.0/buckscience.tests.dll" id="7882d79f-7e75-7cd0-3f6e-4fc087cc8ade">
      <Execution id="d0547d25-5246-42b3-b2e8-8f426d34bbeb" />
      <TestMethod codeBase="/home/runner/work/BuckScienceApp/BuckScienceApp/tests/BuckScience.Tests/bin/Debug/net8.0/BuckScience.Tests.dll" adapterTypeName="executor://xunit/VsTestRunner2/netcoreapp" className="BuckScience.Tests.DirectionHelperTests" name="ToFloat_ShouldReturnCorrectDegrees" />
    </UnitTest>
    <UnitTest name="BuckScience.Tests.PhotoFilteringUrlExamples.BuildFilters_UrlParameters_ShouldParseCorrectly(urlParams: &quot;tempMin=10&amp;tempMax=30&quot;, expectedTempMin: 10, expectedTempMax: 30, expectedWindMin: null, expectedWindMax: null)" storage="/home/runner/work/buckscienceapp/buckscienceapp/tests/buckscience.tests/bin/debug/net8.0/buckscience.tests.dll" id="ce73eb79-a497-c2a4-9a02-ef4f9a7168c5">
      <Execution id="82b31bef-af8e-4077-814b-a40d74add51e" />
      <TestMethod codeBase="/home/runner/work/BuckScienceApp/BuckScienceApp/tests/BuckScience.Tests/bin/Debug/net8.0/BuckScience.Tests.dll" adapterTypeName="executor://xunit/VsTestRunner2/netcoreapp" className="BuckScience.Tests.PhotoFilteringUrlExamples" name="BuildFilters_UrlParameters_ShouldParseCorrectly" />
    </UnitTest>
    <UnitTest name="BuckScience.Tests.TaggingSystemTests.GetOrCreateTag_ShouldBeCaseInsensitive" storage="/home/runner/work/buckscienceapp/buckscienceapp/tests/buckscience.tests/bin/debug/net8.0/buckscience.tests.dll" id="18fd69b0-d054-4b67-4fab-caa28c12efff">
      <Execution id="57047107-e3e5-4125-b32c-a26b4b383cfb" />
      <TestMethod codeBase="/home/runner/work/BuckScienceApp/BuckScienceApp/tests/BuckScience.Tests/bin/Debug/net8.0/BuckScience.Tests.dll" adapterTypeName="executor://xunit/VsTestRunner2/netcoreapp" className="BuckScience.Tests.TaggingSystemTests" name="GetOrCreateTag_ShouldBeCaseInsensitive" />
    </UnitTest>
    <UnitTest name="BuckScience.Tests.PhotoUploadIntegrationTests.PhotoUpload_WithoutCameraPlacement_ShouldHaveNullPlacementHistory" storage="/home/runner/work/buckscienceapp/buckscienceapp/tests/buckscience.tests/bin/debug/net8.0/buckscience.tests.dll" id="f2c9e096-86d1-9457-0421-5a040989da55">
      <Execution id="352b8211-adfd-4600-982a-3d6f60706d47" />
      <TestMethod codeBase="/home/runner/work/BuckScienceApp/BuckScienceApp/tests/BuckScience.Tests/bin/Debug/net8.0/BuckScience.Tests.dll" adapterTypeName="executor://xunit/VsTestRunner2/netcoreapp" className="BuckScience.Tests.PhotoUploadIntegrationTests" name="PhotoUpload_WithoutCameraPlacement_ShouldHaveNullPlacementHistory" />
    </UnitTest>
    <UnitTest name="BuckScience.Tests.Domain.SeasonExtensionsTests.GetDefaultMonths_AllSeasons_HaveValidAttributes" storage="/home/runner/work/buckscienceapp/buckscienceapp/tests/buckscience.tests/bin/debug/net8.0/buckscience.tests.dll" id="aecfa300-816f-69bf-9efe-1e4204feea85">
      <Execution id="54f8cb30-11fb-4d62-8115-043bd03f28d0" />
      <TestMethod codeBase="/home/runner/work/BuckScienceApp/BuckScienceApp/tests/BuckScience.Tests/bin/Debug/net8.0/BuckScience.Tests.dll" adapterTypeName="executor://xunit/VsTestRunner2/netcoreapp" className="BuckScience.Tests.Domain.SeasonExtensionsTests" name="GetDefaultMonths_AllSeasons_HaveValidAttributes" />
    </UnitTest>
    <UnitTest name="BuckScience.Tests.PhotoFilteringUrlExamples.BuildFilters_CameraParameters_ShouldParseCorrectly(cameras: &quot;1,2,3&quot;, expectedCameras: [1, 2, 3])" storage="/home/runner/work/buckscienceapp/buckscienceapp/tests/buckscience.tests/bin/debug/net8.0/buckscience.tests.dll" id="b14ae956-297a-f056-fdd7-ca8f9b76076f">
      <Execution id="3cdaa778-cb2b-4124-9a8b-00c851d6cdd5" />
      <TestMethod codeBase="/home/runner/work/BuckScienceApp/BuckScienceApp/tests/BuckScience.Tests/bin/Debug/net8.0/BuckScience.Tests.dll" adapterTypeName="executor://xunit/VsTestRunner2/netcoreapp" className="BuckScience.Tests.PhotoFilteringUrlExamples" name="BuildFilters_CameraParameters_ShouldParseCorrectly" />
    </UnitTest>
    <UnitTest name="BuckScience.Tests.TaggingSystemTests.RemoveTagFromPhotos_ShouldRemoveSpecifiedTags" storage="/home/runner/work/buckscienceapp/buckscienceapp/tests/buckscience.tests/bin/debug/net8.0/buckscience.tests.dll" id="5d2b9441-7258-8eb0-806c-14775f849641">
      <Execution id="8ad40c59-dd5f-4645-ab37-7e6873093e22" />
      <TestMethod codeBase="/home/runner/work/BuckScienceApp/BuckScienceApp/tests/BuckScience.Tests/bin/Debug/net8.0/BuckScience.Tests.dll" adapterTypeName="executor://xunit/VsTestRunner2/netcoreapp" className="BuckScience.Tests.TaggingSystemTests" name="RemoveTagFromPhotos_ShouldRemoveSpecifiedTags" />
    </UnitTest>
    <UnitTest name="BuckScience.Tests.Web.Helpers.WeatherHelpersTests.ConvertMoonPhaseTextToNumeric_ValidText_ReturnsCorrectValue(text: &quot;Last Quarter&quot;, expected: 0.75)" storage="/home/runner/work/buckscienceapp/buckscienceapp/tests/buckscience.tests/bin/debug/net8.0/buckscience.tests.dll" id="2582410d-2726-a653-733b-0912934edde4">
      <Execution id="1c416b71-0fb5-400e-9930-b8d0aa1ddde3" />
      <TestMethod codeBase="/home/runner/work/BuckScienceApp/BuckScienceApp/tests/BuckScience.Tests/bin/Debug/net8.0/BuckScience.Tests.dll" adapterTypeName="executor://xunit/VsTestRunner2/netcoreapp" className="BuckScience.Tests.Web.Helpers.WeatherHelpersTests" name="ConvertMoonPhaseTextToNumeric_ValidText_ReturnsCorrectValue" />
    </UnitTest>
    <UnitTest name="BuckScience.Tests.Application.SeasonMonthMappingServiceTests.GetMonthsForPropertyAsync_WithoutOverrides_ReturnsCorrectDefaults(season: YearRound, expectedMonths: [1, 2, 3, 4, 5, ...])" storage="/home/runner/work/buckscienceapp/buckscienceapp/tests/buckscience.tests/bin/debug/net8.0/buckscience.tests.dll" id="072094bf-9963-158f-becb-8dd6d4e2c76c">
      <Execution id="6073a154-587f-47ed-a697-205e9d0ee765" />
      <TestMethod codeBase="/home/runner/work/BuckScienceApp/BuckScienceApp/tests/BuckScience.Tests/bin/Debug/net8.0/BuckScience.Tests.dll" adapterTypeName="executor://xunit/VsTestRunner2/netcoreapp" className="BuckScience.Tests.Application.SeasonMonthMappingServiceTests" name="GetMonthsForPropertyAsync_WithoutOverrides_ReturnsCorrectDefaults" />
    </UnitTest>
    <UnitTest name="BuckScience.Tests.PhotoPlacementHistoryTests.Photo_SetCameraPlacementHistory_ShouldAllowNull" storage="/home/runner/work/buckscienceapp/buckscienceapp/tests/buckscience.tests/bin/debug/net8.0/buckscience.tests.dll" id="ccc07dc4-5c65-0922-771d-b881981eeb94">
      <Execution id="91c5e85f-0af3-4b15-ae09-854751407690" />
      <TestMethod codeBase="/home/runner/work/BuckScienceApp/BuckScienceApp/tests/BuckScience.Tests/bin/Debug/net8.0/BuckScience.Tests.dll" adapterTypeName="executor://xunit/VsTestRunner2/netcoreapp" className="BuckScience.Tests.PhotoPlacementHistoryTests" name="Photo_SetCameraPlacementHistory_ShouldAllowNull" />
    </UnitTest>
    <UnitTest name="BuckScience.Tests.DirectionHelperTests.ToFloat_ShouldReturnCorrectDegrees(direction: SE, expectedDegrees: 135)" storage="/home/runner/work/buckscienceapp/buckscienceapp/tests/buckscience.tests/bin/debug/net8.0/buckscience.tests.dll" id="2505d350-e44a-f204-9fd8-58dd92f22763">
      <Execution id="c06a7ea1-bf7d-4fbc-8f60-3ee21afcac25" />
      <TestMethod codeBase="/home/runner/work/BuckScienceApp/BuckScienceApp/tests/BuckScience.Tests/bin/Debug/net8.0/BuckScience.Tests.dll" adapterTypeName="executor://xunit/VsTestRunner2/netcoreapp" className="BuckScience.Tests.DirectionHelperTests" name="ToFloat_ShouldReturnCorrectDegrees" />
    </UnitTest>
    <UnitTest name="BuckScience.Tests.Domain.PropertyFeatureTests.Constructor_WithValidWeight_SetsWeightCorrectly(weight: 0.5)" storage="/home/runner/work/buckscienceapp/buckscienceapp/tests/buckscience.tests/bin/debug/net8.0/buckscience.tests.dll" id="df69a92c-44e3-a51a-3c69-97077bc8aa3a">
      <Execution id="75f3e66c-2c72-4349-a548-a415655725d6" />
      <TestMethod codeBase="/home/runner/work/BuckScienceApp/BuckScienceApp/tests/BuckScience.Tests/bin/Debug/net8.0/BuckScience.Tests.dll" adapterTypeName="executor://xunit/VsTestRunner2/netcoreapp" className="BuckScience.Tests.Domain.PropertyFeatureTests" name="Constructor_WithValidWeight_SetsWeightCorrectly" />
    </UnitTest>
    <UnitTest name="BuckScience.Tests.Web.Helpers.WeatherHelpersTests.ConvertWindDirectionToText_VariousAngles_ReturnsCorrectDirection(degrees: 33.75, expected: &quot;NE&quot;)" storage="/home/runner/work/buckscienceapp/buckscienceapp/tests/buckscience.tests/bin/debug/net8.0/buckscience.tests.dll" id="2e480f4f-8e65-8226-244e-bc56a9d64e7e">
      <Execution id="2c9cb64f-5936-4e34-b184-f7b631c60c50" />
      <TestMethod codeBase="/home/runner/work/BuckScienceApp/BuckScienceApp/tests/BuckScience.Tests/bin/Debug/net8.0/BuckScience.Tests.dll" adapterTypeName="executor://xunit/VsTestRunner2/netcoreapp" className="BuckScience.Tests.Web.Helpers.WeatherHelpersTests" name="ConvertWindDirectionToText_VariousAngles_ReturnsCorrectDirection" />
    </UnitTest>
    <UnitTest name="BuckScience.Tests.Domain.PropertySeasonMonthsOverrideTests.PropertySeasonMonthsOverride_Constructor_WithValidParameters_SetsPropertiesCorrectly" storage="/home/runner/work/buckscienceapp/buckscienceapp/tests/buckscience.tests/bin/debug/net8.0/buckscience.tests.dll" id="8a64a4c9-65f1-e14d-6fbe-7d49565403f4">
      <Execution id="938e9aba-f091-47ed-90e6-7921c7c5bcde" />
      <TestMethod codeBase="/home/runner/work/BuckScienceApp/BuckScienceApp/tests/BuckScience.Tests/bin/Debug/net8.0/BuckScience.Tests.dll" adapterTypeName="executor://xunit/VsTestRunner2/netcoreapp" className="BuckScience.Tests.Domain.PropertySeasonMonthsOverrideTests" name="PropertySeasonMonthsOverride_Constructor_WithValidParameters_SetsPropertiesCorrectly" />
    </UnitTest>
    <UnitTest name="BuckScience.Tests.Application.SeasonMonthMappingServiceTests.SetPropertySeasonOverrideAsync_CreatesNewOverride_WhenNoneExists" storage="/home/runner/work/buckscienceapp/buckscienceapp/tests/buckscience.tests/bin/debug/net8.0/buckscience.tests.dll" id="fa4cb098-045c-45a9-65cd-11b5fd8b475f">
      <Execution id="3d676995-8ee7-4bbd-9dbb-bdd9a73f6b45" />
      <TestMethod codeBase="/home/runner/work/BuckScienceApp/BuckScienceApp/tests/BuckScience.Tests/bin/Debug/net8.0/BuckScience.Tests.dll" adapterTypeName="executor://xunit/VsTestRunner2/netcoreapp" className="BuckScience.Tests.Application.SeasonMonthMappingServiceTests" name="SetPropertySeasonOverrideAsync_CreatesNewOverride_WhenNoneExists" />
    </UnitTest>
    <UnitTest name="BuckScience.Tests.Web.Helpers.WeatherHelpersTests.ConvertMoonPhaseTextToNumeric_InvalidText_ReturnsNull(text: &quot;   &quot;)" storage="/home/runner/work/buckscienceapp/buckscienceapp/tests/buckscience.tests/bin/debug/net8.0/buckscience.tests.dll" id="ec7cd5e3-a82c-cf66-66cc-45c1ba395a3e">
      <Execution id="c295d5bc-9fc5-4163-a46a-37121c33b05d" />
      <TestMethod codeBase="/home/runner/work/BuckScienceApp/BuckScienceApp/tests/BuckScience.Tests/bin/Debug/net8.0/BuckScience.Tests.dll" adapterTypeName="executor://xunit/VsTestRunner2/netcoreapp" className="BuckScience.Tests.Web.Helpers.WeatherHelpersTests" name="ConvertMoonPhaseTextToNumeric_InvalidText_ReturnsNull" />
    </UnitTest>
    <UnitTest name="BuckScience.Tests.Application.Profiles.ProfileCrudTests.CreateProfile_InvalidPropertyId_ThrowsUnauthorizedAccessException" storage="/home/runner/work/buckscienceapp/buckscienceapp/tests/buckscience.tests/bin/debug/net8.0/buckscience.tests.dll" id="7175185a-7456-021f-eecb-6c991ffd0d08">
      <Execution id="66088029-4e2a-4c6a-8464-f23db31bb4e9" />
      <TestMethod codeBase="/home/runner/work/BuckScienceApp/BuckScienceApp/tests/BuckScience.Tests/bin/Debug/net8.0/BuckScience.Tests.dll" adapterTypeName="executor://xunit/VsTestRunner2/netcoreapp" className="BuckScience.Tests.Application.Profiles.ProfileCrudTests" name="CreateProfile_InvalidPropertyId_ThrowsUnauthorizedAccessException" />
    </UnitTest>
    <UnitTest name="BuckScience.Tests.Application.SeasonMonthMappingServiceTests.GetMonthsForPropertyAsync_WithNullProperty_ReturnsDefaultMonths" storage="/home/runner/work/buckscienceapp/buckscienceapp/tests/buckscience.tests/bin/debug/net8.0/buckscience.tests.dll" id="2b9ecce3-1ede-532e-6e3c-66b19452e797">
      <Execution id="9c3faad0-fa92-4414-8e2a-f26a32bd08fe" />
      <TestMethod codeBase="/home/runner/work/BuckScienceApp/BuckScienceApp/tests/BuckScience.Tests/bin/Debug/net8.0/BuckScience.Tests.dll" adapterTypeName="executor://xunit/VsTestRunner2/netcoreapp" className="BuckScience.Tests.Application.SeasonMonthMappingServiceTests" name="GetMonthsForPropertyAsync_WithNullProperty_ReturnsDefaultMonths" />
    </UnitTest>
    <UnitTest name="BuckScience.Tests.Domain.PropertyFeatureTests.SetWeight_WithValidWeight_SetsWeightCorrectly" storage="/home/runner/work/buckscienceapp/buckscienceapp/tests/buckscience.tests/bin/debug/net8.0/buckscience.tests.dll" id="7711d213-9779-8d22-c44f-611f07df932a">
      <Execution id="43a743d4-a4ff-4ea6-9ec1-29cd1b70e6c2" />
      <TestMethod codeBase="/home/runner/work/BuckScienceApp/BuckScienceApp/tests/BuckScience.Tests/bin/Debug/net8.0/BuckScience.Tests.dll" adapterTypeName="executor://xunit/VsTestRunner2/netcoreapp" className="BuckScience.Tests.Domain.PropertyFeatureTests" name="SetWeight_WithValidWeight_SetsWeightCorrectly" />
    </UnitTest>
    <UnitTest name="BuckScience.Tests.TaggingRequirementsTests.Requirement2_TagUniqueness_ShouldBeEnforced" storage="/home/runner/work/buckscienceapp/buckscienceapp/tests/buckscience.tests/bin/debug/net8.0/buckscience.tests.dll" id="088d383f-5fbc-e375-2326-3e321a2adf4f">
      <Execution id="7a961e81-e693-4f62-a09f-5c5e7c0fa1b3" />
      <TestMethod codeBase="/home/runner/work/BuckScienceApp/BuckScienceApp/tests/BuckScience.Tests/bin/Debug/net8.0/BuckScience.Tests.dll" adapterTypeName="executor://xunit/VsTestRunner2/netcoreapp" className="BuckScience.Tests.TaggingRequirementsTests" name="Requirement2_TagUniqueness_ShouldBeEnforced" />
    </UnitTest>
    <UnitTest name="BuckScience.Tests.Web.Helpers.WeatherHelpersTests.ConvertMoonPhaseTextToNumeric_ValidText_ReturnsCorrectValue(text: &quot;First Quarter&quot;, expected: 0.25)" storage="/home/runner/work/buckscienceapp/buckscienceapp/tests/buckscience.tests/bin/debug/net8.0/buckscience.tests.dll" id="a7640c1c-3e1a-ff5f-a7c8-4da5a8b29af2">
      <Execution id="299446c5-c7aa-4735-8664-faeca61787e2" />
      <TestMethod codeBase="/home/runner/work/BuckScienceApp/BuckScienceApp/tests/BuckScience.Tests/bin/Debug/net8.0/BuckScience.Tests.dll" adapterTypeName="executor://xunit/VsTestRunner2/netcoreapp" className="BuckScience.Tests.Web.Helpers.WeatherHelpersTests" name="ConvertMoonPhaseTextToNumeric_ValidText_ReturnsCorrectValue" />
    </UnitTest>
    <UnitTest name="BuckScience.Tests.DirectionHelperTests.ToFloat_ShouldReturnCorrectDegrees(direction: NW, expectedDegrees: 315)" storage="/home/runner/work/buckscienceapp/buckscienceapp/tests/buckscience.tests/bin/debug/net8.0/buckscience.tests.dll" id="26223a8b-ac6d-ffcd-1256-75d18fb727f7">
      <Execution id="3c0f9e37-54ad-45bf-83b0-2d1b83fd78d2" />
      <TestMethod codeBase="/home/runner/work/BuckScienceApp/BuckScienceApp/tests/BuckScience.Tests/bin/Debug/net8.0/BuckScience.Tests.dll" adapterTypeName="executor://xunit/VsTestRunner2/netcoreapp" className="BuckScience.Tests.DirectionHelperTests" name="ToFloat_ShouldReturnCorrectDegrees" />
    </UnitTest>
    <UnitTest name="BuckScience.Tests.Application.Profiles.ProfileCrudTests.UpdateProfile_ValidData_UpdatesProfile" storage="/home/runner/work/buckscienceapp/buckscienceapp/tests/buckscience.tests/bin/debug/net8.0/buckscience.tests.dll" id="23376aab-8018-81b3-8b3c-57bc8b0141ed">
      <Execution id="fb38612a-b13a-48b7-a5c7-66bb2ff6ad6f" />
      <TestMethod codeBase="/home/runner/work/BuckScienceApp/BuckScienceApp/tests/BuckScience.Tests/bin/Debug/net8.0/BuckScience.Tests.dll" adapterTypeName="executor://xunit/VsTestRunner2/netcoreapp" className="BuckScience.Tests.Application.Profiles.ProfileCrudTests" name="UpdateProfile_ValidData_UpdatesProfile" />
    </UnitTest>
    <UnitTest name="BuckScience.Tests.Domain.FeatureWeightTests.FeatureWeight_SetSeasonalWeights_ValidatesWeightRange" storage="/home/runner/work/buckscienceapp/buckscienceapp/tests/buckscience.tests/bin/debug/net8.0/buckscience.tests.dll" id="6e1a460b-06b0-f626-b520-bfe11fd26de1">
      <Execution id="b56f2085-13af-4959-9585-229399a39fac" />
      <TestMethod codeBase="/home/runner/work/BuckScienceApp/BuckScienceApp/tests/BuckScience.Tests/bin/Debug/net8.0/BuckScience.Tests.dll" adapterTypeName="executor://xunit/VsTestRunner2/netcoreapp" className="BuckScience.Tests.Domain.FeatureWeightTests" name="FeatureWeight_SetSeasonalWeights_ValidatesWeightRange" />
    </UnitTest>
    <UnitTest name="BuckScience.Tests.PhotoFilteringUrlExamples.PhotoFiltering_RealWorldScenario_MoonPhaseAndConditions" storage="/home/runner/work/buckscienceapp/buckscienceapp/tests/buckscience.tests/bin/debug/net8.0/buckscience.tests.dll" id="80f7e275-5c62-bf32-953c-a522d71f0911">
      <Execution id="eddf1343-b18a-4448-8405-29127706b8f0" />
      <TestMethod codeBase="/home/runner/work/BuckScienceApp/BuckScienceApp/tests/BuckScience.Tests/bin/Debug/net8.0/BuckScience.Tests.dll" adapterTypeName="executor://xunit/VsTestRunner2/netcoreapp" className="BuckScience.Tests.PhotoFilteringUrlExamples" name="PhotoFiltering_RealWorldScenario_MoonPhaseAndConditions" />
    </UnitTest>
    <UnitTest name="BuckScience.Tests.Application.PropertyFeatureApplicationTests.CreatePropertyFeature_WithInvalidWeight_ThrowsArgumentOutOfRangeException" storage="/home/runner/work/buckscienceapp/buckscienceapp/tests/buckscience.tests/bin/debug/net8.0/buckscience.tests.dll" id="44b98cc9-e1a6-60bb-436a-f6cfa2554196">
      <Execution id="fb6a730a-01bb-4af7-b012-f54d5045776a" />
      <TestMethod codeBase="/home/runner/work/BuckScienceApp/BuckScienceApp/tests/BuckScience.Tests/bin/Debug/net8.0/BuckScience.Tests.dll" adapterTypeName="executor://xunit/VsTestRunner2/netcoreapp" className="BuckScience.Tests.Application.PropertyFeatureApplicationTests" name="CreatePropertyFeature_WithInvalidWeight_ThrowsArgumentOutOfRangeException" />
    </UnitTest>
    <UnitTest name="BuckScience.Tests.Web.Helpers.WeatherHelpersTests.ConvertWindDirectionTextToNumeric_ValidDirections_ReturnsCorrectDegrees(direction: &quot;WSW&quot;, expected: 247.5)" storage="/home/runner/work/buckscienceapp/buckscienceapp/tests/buckscience.tests/bin/debug/net8.0/buckscience.tests.dll" id="117d72dd-b186-d8e9-ce14-8d711079c929">
      <Execution id="66945cbd-e76b-42aa-9426-d7a9e9ce5cd4" />
      <TestMethod codeBase="/home/runner/work/BuckScienceApp/BuckScienceApp/tests/BuckScience.Tests/bin/Debug/net8.0/BuckScience.Tests.dll" adapterTypeName="executor://xunit/VsTestRunner2/netcoreapp" className="BuckScience.Tests.Web.Helpers.WeatherHelpersTests" name="ConvertWindDirectionTextToNumeric_ValidDirections_ReturnsCorrectDegrees" />
    </UnitTest>
  </TestDefinitions>
  <TestEntries>
    <TestEntry testId="9323afa7-c6a5-6a33-bb74-8f4b3b4998d0" executionId="b685f888-e284-4715-bbf9-fc82230a1a38" testListId="8c84fa94-04c1-424b-9868-57a2d4851a1d" />
    <TestEntry testId="305d09f5-4e54-c015-79c0-ffb75c48bf18" executionId="a0f1d911-fd44-4f7a-bcce-8d591069bbb9" testListId="8c84fa94-04c1-424b-9868-57a2d4851a1d" />
    <TestEntry testId="3d204cd7-14f8-bc71-3ad1-38415f6304bc" executionId="f3566caa-7463-40c3-a4ca-4871561c8708" testListId="8c84fa94-04c1-424b-9868-57a2d4851a1d" />
    <TestEntry testId="18fd69b0-d054-4b67-4fab-caa28c12efff" executionId="57047107-e3e5-4125-b32c-a26b4b383cfb" testListId="8c84fa94-04c1-424b-9868-57a2d4851a1d" />
    <TestEntry testId="ad4bf482-4b9d-1c7e-1b22-27f5b448acad" executionId="47340d1f-af49-4c09-88d4-de93c0e04865" testListId="8c84fa94-04c1-424b-9868-57a2d4851a1d" />
    <TestEntry testId="dcda31af-f667-08b1-cb3b-ad651df24d23" executionId="33e288de-fd93-4aed-8da3-932f66bc68a1" testListId="8c84fa94-04c1-424b-9868-57a2d4851a1d" />
    <TestEntry testId="75db6be7-a24b-fda6-3919-e716d174ed3d" executionId="0fc5cdd9-5bc8-4c03-9ec5-891122f3c0f3" testListId="8c84fa94-04c1-424b-9868-57a2d4851a1d" />
    <TestEntry testId="3df0dc6c-72ae-14e2-377c-12e9cf0a4276" executionId="feca547d-f568-46df-956f-ce88b788a755" testListId="8c84fa94-04c1-424b-9868-57a2d4851a1d" />
    <TestEntry testId="a52561ca-dbe3-d21e-cc1f-fbc0bb577901" executionId="605b5e57-16d2-4dd0-b895-fca42710fa8a" testListId="8c84fa94-04c1-424b-9868-57a2d4851a1d" />
    <TestEntry testId="2b9ecce3-1ede-532e-6e3c-66b19452e797" executionId="9c3faad0-fa92-4414-8e2a-f26a32bd08fe" testListId="8c84fa94-04c1-424b-9868-57a2d4851a1d" />
    <TestEntry testId="f34471f4-815a-4ec3-4038-5fedcb003a99" executionId="5468407d-8200-4475-b804-9a1b2783087e" testListId="8c84fa94-04c1-424b-9868-57a2d4851a1d" />
    <TestEntry testId="d619cb92-2daa-6482-f5e5-56eaf7f3851b" executionId="e687d01f-75e4-4dfb-9b7c-03ea764ce022" testListId="8c84fa94-04c1-424b-9868-57a2d4851a1d" />
    <TestEntry testId="3fd3b076-d6e9-95cb-3f37-7d353eff3a42" executionId="00f4b882-e506-48ce-885c-3e11b94a51fc" testListId="8c84fa94-04c1-424b-9868-57a2d4851a1d" />
    <TestEntry testId="b2bd5000-3749-abcf-9228-2b95c005c687" executionId="e6bbbf9c-62e5-4fd2-b64d-17976bbd3c27" testListId="8c84fa94-04c1-424b-9868-57a2d4851a1d" />
    <TestEntry testId="83f86451-fb52-b95e-1b52-9f97603c1dd2" executionId="dee7129f-02c4-4c78-b2a1-a63d99394eb9" testListId="8c84fa94-04c1-424b-9868-57a2d4851a1d" />
    <TestEntry testId="ce7424f3-8800-2916-ce22-d9c4a6a2d917" executionId="f1e19045-b563-413c-b6bc-b04316295164" testListId="8c84fa94-04c1-424b-9868-57a2d4851a1d" />
    <TestEntry testId="41d6624e-c316-a2d4-4992-8e24e9424bdf" executionId="1a0a9f09-d86c-42c3-898d-3edfa993d817" testListId="8c84fa94-04c1-424b-9868-57a2d4851a1d" />
    <TestEntry testId="0046d277-9b70-8213-d3d2-32e9f1ff9915" executionId="209628f7-7fd3-486e-a58d-26d87815b66a" testListId="8c84fa94-04c1-424b-9868-57a2d4851a1d" />
    <TestEntry testId="477057b0-3b6f-36a4-06fc-1b03c23a4da7" executionId="b88a99fd-a603-4c0f-980b-351c7998c8a9" testListId="8c84fa94-04c1-424b-9868-57a2d4851a1d" />
    <TestEntry testId="6c5bb03b-3d70-308f-aed5-443e0f2530e1" executionId="159fef50-a4a6-4793-ba73-97edfbb74eb5" testListId="8c84fa94-04c1-424b-9868-57a2d4851a1d" />
    <TestEntry testId="be34b3ae-4d99-48a5-415d-a9f5ba8821a1" executionId="14cd86c4-d56a-48a1-8f38-4d395105486f" testListId="8c84fa94-04c1-424b-9868-57a2d4851a1d" />
    <TestEntry testId="1335073e-5183-6141-99f1-caaa61dc86f4" executionId="08eeee97-36af-4737-a0d4-9ff06922e4c0" testListId="8c84fa94-04c1-424b-9868-57a2d4851a1d" />
    <TestEntry testId="af05f3f5-fc25-06fd-0f22-fca8b27396d1" executionId="788df153-62d0-4907-b4ec-4c65804020a4" testListId="8c84fa94-04c1-424b-9868-57a2d4851a1d" />
    <TestEntry testId="48d95b96-b471-deb8-51bf-62c5a89928a2" executionId="87bb1335-a037-4372-a37c-60f20364897e" testListId="8c84fa94-04c1-424b-9868-57a2d4851a1d" />
    <TestEntry testId="e180b2c2-7fc8-0f15-5653-0156d254c8c9" executionId="b0d6043d-ef25-4a07-a256-2db1fffc07db" testListId="8c84fa94-04c1-424b-9868-57a2d4851a1d" />
    <TestEntry testId="1ccac014-6a4c-a22a-90fa-db21298e0651" executionId="5ac35ca9-4927-449a-afae-c40e01d8e629" testListId="8c84fa94-04c1-424b-9868-57a2d4851a1d" />
    <TestEntry testId="33aaf4d3-9999-0bc6-ded9-bd2870cebad9" executionId="fe311ed9-70f3-49ed-baf0-487a4d22fcea" testListId="8c84fa94-04c1-424b-9868-57a2d4851a1d" />
    <TestEntry testId="725e041b-cd4a-19c3-f7e9-4d20b2961a86" executionId="eaa21a2b-cd45-42e2-9e50-beb0dec55972" testListId="8c84fa94-04c1-424b-9868-57a2d4851a1d" />
    <TestEntry testId="93b0e2c3-3a46-c74b-dad5-afcb4f0bfcfa" executionId="c0831e47-3a7a-4ca5-b2eb-029ba08fc86a" testListId="8c84fa94-04c1-424b-9868-57a2d4851a1d" />
    <TestEntry testId="0eac1afa-cee8-c2b1-e775-7c9bd515bfb3" executionId="5e3e8174-87a3-4639-a1fc-30101c42d87a" testListId="8c84fa94-04c1-424b-9868-57a2d4851a1d" />
    <TestEntry testId="c77238a9-c057-c0ba-9741-2b480cb950cf" executionId="73850b12-8cf8-40c7-ad0b-d27a4ed3f9c3" testListId="8c84fa94-04c1-424b-9868-57a2d4851a1d" />
    <TestEntry testId="3ab77925-e532-466c-f70d-fb6c68a8918c" executionId="18950a7d-72d6-49f3-a8fa-74dc35db881a" testListId="8c84fa94-04c1-424b-9868-57a2d4851a1d" />
    <TestEntry testId="639a2f8f-de06-aff0-2654-2e863df98d3d" executionId="0cf4eeab-b2d9-46ba-b527-0b2725d542ee" testListId="8c84fa94-04c1-424b-9868-57a2d4851a1d" />
    <TestEntry testId="282510b6-3046-16e6-500c-da1402387fc9" executionId="8c4b60bc-c871-446f-bf5e-f671621cb3d1" testListId="8c84fa94-04c1-424b-9868-57a2d4851a1d" />
    <TestEntry testId="356cc39e-f096-9eaf-df3c-a4d73a8c57b9" executionId="fb6bb9c4-0b0a-4f4a-a5db-a8b148cf24b4" testListId="8c84fa94-04c1-424b-9868-57a2d4851a1d" />
    <TestEntry testId="8a64a4c9-65f1-e14d-6fbe-7d49565403f4" executionId="938e9aba-f091-47ed-90e6-7921c7c5bcde" testListId="8c84fa94-04c1-424b-9868-57a2d4851a1d" />
    <TestEntry testId="1bb4d31b-4aa9-50a4-5ac5-e8f09827ba51" executionId="48fd6f38-3fb7-4f3c-8a93-7e1948220124" testListId="8c84fa94-04c1-424b-9868-57a2d4851a1d" />
    <TestEntry testId="ddea20c7-b2e3-61c7-335c-b2bd52df33d9" executionId="d09a4f35-6279-4ac3-bdc8-0130e8d72cdf" testListId="8c84fa94-04c1-424b-9868-57a2d4851a1d" />
    <TestEntry testId="3456ad39-e674-a27d-da41-053fedd7e6ad" executionId="dcc938bc-b8ab-4e3c-89ca-475f0328d57a" testListId="8c84fa94-04c1-424b-9868-57a2d4851a1d" />
    <TestEntry testId="db79dd17-8f15-9022-848e-d377803a0707" executionId="aeef6672-e852-44b0-be13-2948ce37f6f1" testListId="8c84fa94-04c1-424b-9868-57a2d4851a1d" />
    <TestEntry testId="415f1005-69c1-a314-0e6a-db0b7d4bab74" executionId="bf5522ca-40a3-481e-a476-c80235f993e2" testListId="8c84fa94-04c1-424b-9868-57a2d4851a1d" />
    <TestEntry testId="5d2b9441-7258-8eb0-806c-14775f849641" executionId="8ad40c59-dd5f-4645-ab37-7e6873093e22" testListId="8c84fa94-04c1-424b-9868-57a2d4851a1d" />
    <TestEntry testId="072094bf-9963-158f-becb-8dd6d4e2c76c" executionId="6073a154-587f-47ed-a697-205e9d0ee765" testListId="8c84fa94-04c1-424b-9868-57a2d4851a1d" />
    <TestEntry testId="61de09e0-94b0-9094-bdcf-74e56c5800ed" executionId="535537af-be79-4c65-b145-00c1e334f9af" testListId="8c84fa94-04c1-424b-9868-57a2d4851a1d" />
    <TestEntry testId="26223a8b-ac6d-ffcd-1256-75d18fb727f7" executionId="3c0f9e37-54ad-45bf-83b0-2d1b83fd78d2" testListId="8c84fa94-04c1-424b-9868-57a2d4851a1d" />
    <TestEntry testId="a9d39b02-2996-0d69-08ab-284d0ae0393a" executionId="e9dbf74c-c991-4bc3-8309-bfc827ab8bbd" testListId="8c84fa94-04c1-424b-9868-57a2d4851a1d" />
    <TestEntry testId="c5847a99-4505-c2ed-d54d-fc269a080b27" executionId="cb24066d-639b-4e29-b796-cc002fdc6b92" testListId="8c84fa94-04c1-424b-9868-57a2d4851a1d" />
    <TestEntry testId="6e1a460b-06b0-f626-b520-bfe11fd26de1" executionId="b56f2085-13af-4959-9585-229399a39fac" testListId="8c84fa94-04c1-424b-9868-57a2d4851a1d" />
    <TestEntry testId="dc5f28f7-09cd-2ab7-408b-876a39c8dcda" executionId="62544386-a0f9-4791-a354-3e491b23e0a2" testListId="8c84fa94-04c1-424b-9868-57a2d4851a1d" />
    <TestEntry testId="310112f5-4d07-717c-55f6-37a269d700ab" executionId="2d61699c-fb7e-4efa-aa6f-01c4a241a182" testListId="8c84fa94-04c1-424b-9868-57a2d4851a1d" />
    <TestEntry testId="78fd4f15-08d5-878b-fd2a-dd2d3bcc8384" executionId="9b26d6eb-a846-4507-a99f-6952050bd10f" testListId="8c84fa94-04c1-424b-9868-57a2d4851a1d" />
    <TestEntry testId="0c242e7e-8f22-f923-65dd-b2f5a0811c80" executionId="e899de79-fc1f-480e-ab42-00dc3fa7d64b" testListId="8c84fa94-04c1-424b-9868-57a2d4851a1d" />
    <TestEntry testId="9cd7f192-bb9b-abd8-007d-2585a8ffb5e9" executionId="bc4637ba-a23d-4d30-906b-839aa2fc9f65" testListId="8c84fa94-04c1-424b-9868-57a2d4851a1d" />
    <TestEntry testId="0c5da287-efdb-ad86-5a1d-4f909e3eba8c" executionId="a349a1ed-fc2b-404e-a032-3e0b02d293dc" testListId="8c84fa94-04c1-424b-9868-57a2d4851a1d" />
    <TestEntry testId="87537a65-edc4-293b-e0c7-ff87f3dc8e79" executionId="cd9d1e2c-6a6c-4497-ab7f-0a27ac01b81e" testListId="8c84fa94-04c1-424b-9868-57a2d4851a1d" />
    <TestEntry testId="73d0473b-eb3b-71b8-da90-00961c42343e" executionId="7eef0fdb-f341-4740-9593-b6aa1961069a" testListId="8c84fa94-04c1-424b-9868-57a2d4851a1d" />
    <TestEntry testId="ec7cd5e3-a82c-cf66-66cc-45c1ba395a3e" executionId="c295d5bc-9fc5-4163-a46a-37121c33b05d" testListId="8c84fa94-04c1-424b-9868-57a2d4851a1d" />
    <TestEntry testId="d85c6fd3-7663-9ff2-9595-f7d77c06aa38" executionId="db004c1d-2cf9-4f91-b539-da4e7ccd0c56" testListId="8c84fa94-04c1-424b-9868-57a2d4851a1d" />
    <TestEntry testId="2d42558b-0e16-1806-a5ca-7006bc54a2c7" executionId="cb780eee-1276-4b38-8fb6-5d3885d48628" testListId="8c84fa94-04c1-424b-9868-57a2d4851a1d" />
    <TestEntry testId="35247ab4-97a5-e557-91c7-742a1f89dba4" executionId="5fc7e34d-2edf-407a-9d2f-60d8ed831dfc" testListId="8c84fa94-04c1-424b-9868-57a2d4851a1d" />
    <TestEntry testId="c91192db-21fb-4e08-e57b-721298eb140d" executionId="e972f44d-87d9-40e8-837b-3e16be34cabd" testListId="8c84fa94-04c1-424b-9868-57a2d4851a1d" />
    <TestEntry testId="62aa58ea-9077-0f9e-c60d-aafd4a8d0ad6" executionId="d7ebf3f9-3462-429e-a0b8-03f2df45b2e8" testListId="8c84fa94-04c1-424b-9868-57a2d4851a1d" />
    <TestEntry testId="9ad59ac2-75e0-43fa-c7a4-360f06bdf706" executionId="b4096491-02c5-4061-bb99-a120cd7d5b27" testListId="8c84fa94-04c1-424b-9868-57a2d4851a1d" />
    <TestEntry testId="cd550bc2-0f86-e40a-cd18-9b7914553212" executionId="f1b6c509-26b5-4892-9201-51a241f6d0fc" testListId="8c84fa94-04c1-424b-9868-57a2d4851a1d" />
    <TestEntry testId="f950f79e-ba5e-b1e8-b4c0-7c88acd39e8b" executionId="761ffd6d-ee5d-4421-b052-e26c59466259" testListId="8c84fa94-04c1-424b-9868-57a2d4851a1d" />
    <TestEntry testId="172a47eb-7de7-c6df-b8be-70c0be7e14f7" executionId="86eda5fd-098f-491e-9b6c-3c93e90fd16b" testListId="8c84fa94-04c1-424b-9868-57a2d4851a1d" />
    <TestEntry testId="6d7b3d93-71ec-c074-924a-c624993f0b1a" executionId="1cc88c82-be57-4146-9229-f512e6a8ad82" testListId="8c84fa94-04c1-424b-9868-57a2d4851a1d" />
    <TestEntry testId="90576d28-8c3e-aa47-8e92-100b02ac5a05" executionId="bf3cc495-c329-4485-902a-23400be3c2d5" testListId="8c84fa94-04c1-424b-9868-57a2d4851a1d" />
    <TestEntry testId="a8cebbec-cc48-449c-a357-e8867b7cdbdf" executionId="5ccbe79f-5780-412c-b92b-e62d2507621d" testListId="8c84fa94-04c1-424b-9868-57a2d4851a1d" />
    <TestEntry testId="42b838e4-a515-a0a8-9201-8a5607fcd950" executionId="281b7829-2b46-4fa4-b821-26dbbb9feb2d" testListId="8c84fa94-04c1-424b-9868-57a2d4851a1d" />
    <TestEntry testId="5586d107-f84a-20c0-07c2-a380e15c327c" executionId="3143a1a3-048c-4e81-9061-423233e3d48c" testListId="8c84fa94-04c1-424b-9868-57a2d4851a1d" />
    <TestEntry testId="81cae9df-520c-bb72-ca7a-30a828451359" executionId="1f6e7683-e760-4d5e-be16-04447b4eb480" testListId="8c84fa94-04c1-424b-9868-57a2d4851a1d" />
    <TestEntry testId="e531c44f-a81a-259c-843c-505a398d8b55" executionId="e03d3dfe-bfb6-4c0e-ab25-881bdd205dd1" testListId="8c84fa94-04c1-424b-9868-57a2d4851a1d" />
    <TestEntry testId="5281d8e8-e57c-c45e-69f7-66dd4ef8cb7b" executionId="1b18094d-ed55-47b7-bc7f-f0d045ce9f41" testListId="8c84fa94-04c1-424b-9868-57a2d4851a1d" />
    <TestEntry testId="10354eb4-4c14-dba7-068b-24dcfb475d53" executionId="4db10fbd-f918-42fc-ae46-781dca46739c" testListId="8c84fa94-04c1-424b-9868-57a2d4851a1d" />
    <TestEntry testId="fa4cb098-045c-45a9-65cd-11b5fd8b475f" executionId="3d676995-8ee7-4bbd-9dbb-bdd9a73f6b45" testListId="8c84fa94-04c1-424b-9868-57a2d4851a1d" />
    <TestEntry testId="68647ad1-4f74-1b97-159d-5659e9979e01" executionId="b5ec5bd0-61af-4742-96ab-6e84b7a91d1c" testListId="8c84fa94-04c1-424b-9868-57a2d4851a1d" />
    <TestEntry testId="b10f5741-388a-3ae9-2087-f07485587a15" executionId="864e6696-3dea-4043-bb11-600be5f25eea" testListId="8c84fa94-04c1-424b-9868-57a2d4851a1d" />
    <TestEntry testId="117d72dd-b186-d8e9-ce14-8d711079c929" executionId="66945cbd-e76b-42aa-9426-d7a9e9ce5cd4" testListId="8c84fa94-04c1-424b-9868-57a2d4851a1d" />
    <TestEntry testId="7f448030-c6f3-ad7f-1c7b-809f60db9d71" executionId="0b7c6997-afbc-4235-abfb-97c6b2f8ec95" testListId="8c84fa94-04c1-424b-9868-57a2d4851a1d" />
    <TestEntry testId="0c283173-5d83-3aa6-5e6a-5b618b66073f" executionId="53dce25a-8354-4c94-baa2-ed26e9da83cd" testListId="8c84fa94-04c1-424b-9868-57a2d4851a1d" />
    <TestEntry testId="a7640c1c-3e1a-ff5f-a7c8-4da5a8b29af2" executionId="299446c5-c7aa-4735-8664-faeca61787e2" testListId="8c84fa94-04c1-424b-9868-57a2d4851a1d" />
    <TestEntry testId="7bc9b0b3-f390-4717-09ce-b059301b82e1" executionId="2acae228-d8ec-40be-8239-03c894db1379" testListId="8c84fa94-04c1-424b-9868-57a2d4851a1d" />
    <TestEntry testId="0249bb7c-cd9a-b690-46ba-3252e9d64885" executionId="0c3f89d1-6da4-4512-a535-2119d4b128a5" testListId="8c84fa94-04c1-424b-9868-57a2d4851a1d" />
    <TestEntry testId="7ae16dcf-6b89-2e79-9d90-4b5fa9ac7af9" executionId="c13814e4-27a5-457e-b9e1-099b7ab07fdb" testListId="8c84fa94-04c1-424b-9868-57a2d4851a1d" />
    <TestEntry testId="a6b7ec4e-8439-0e75-5dff-9c306313533e" executionId="8bad3029-2868-4e61-87f8-227b79900148" testListId="8c84fa94-04c1-424b-9868-57a2d4851a1d" />
    <TestEntry testId="5def33b1-c62c-99fb-8bf7-753117f8b16e" executionId="eedc4611-dde1-4f5c-86d4-96f10accb697" testListId="8c84fa94-04c1-424b-9868-57a2d4851a1d" />
    <TestEntry testId="df69a92c-44e3-a51a-3c69-97077bc8aa3a" executionId="75f3e66c-2c72-4349-a548-a415655725d6" testListId="8c84fa94-04c1-424b-9868-57a2d4851a1d" />
    <TestEntry testId="7f31b8c1-231f-a39c-8870-f0d4abe51343" executionId="46c0c567-d514-42c7-87dc-008854a02d05" testListId="8c84fa94-04c1-424b-9868-57a2d4851a1d" />
    <TestEntry testId="b173cbcd-a6a7-597f-40e4-5532d9298452" executionId="771d7b97-b050-493a-bb3f-910a4ac198e6" testListId="8c84fa94-04c1-424b-9868-57a2d4851a1d" />
    <TestEntry testId="aecfa300-816f-69bf-9efe-1e4204feea85" executionId="54f8cb30-11fb-4d62-8115-043bd03f28d0" testListId="8c84fa94-04c1-424b-9868-57a2d4851a1d" />
    <TestEntry testId="e294371f-24bd-e5af-41b0-5a6f22f8d71f" executionId="e2726417-1d68-4bc6-b3be-6a36d8cb5806" testListId="8c84fa94-04c1-424b-9868-57a2d4851a1d" />
    <TestEntry testId="5d43f699-35d1-a4da-58e9-d0a22f0dcdd2" executionId="8a6b4b16-67b2-4dde-8942-b75b1f57e5ec" testListId="8c84fa94-04c1-424b-9868-57a2d4851a1d" />
    <TestEntry testId="b1f41500-5f15-b967-f0a8-55e935ea7819" executionId="83b5a286-229a-4ccd-a1ba-9bfa7ae86a50" testListId="8c84fa94-04c1-424b-9868-57a2d4851a1d" />
    <TestEntry testId="24c340fb-d377-9a86-7f7b-24671f6c604a" executionId="57bb0bd2-11d9-4a14-92aa-9c3345b37d2a" testListId="8c84fa94-04c1-424b-9868-57a2d4851a1d" />
    <TestEntry testId="1d7b16e9-5047-ebb1-e4a1-207c49ea6bcd" executionId="a35a2e04-2c39-4865-9d01-8f8c35862219" testListId="8c84fa94-04c1-424b-9868-57a2d4851a1d" />
    <TestEntry testId="5439de61-630e-08c6-3445-f1eed3fd3847" executionId="71ee8ee9-0941-4c47-92e1-b008feca26a4" testListId="8c84fa94-04c1-424b-9868-57a2d4851a1d" />
    <TestEntry testId="e0dcc631-95da-6f78-075b-f4a50d72ea72" executionId="3dba31d7-b0d9-4dcb-b131-e7089e0daac8" testListId="8c84fa94-04c1-424b-9868-57a2d4851a1d" />
    <TestEntry testId="994b105a-2d3c-5d2b-62ff-1c998f53f588" executionId="35892b84-7ac1-4b5f-84d6-d849fef92d7d" testListId="8c84fa94-04c1-424b-9868-57a2d4851a1d" />
    <TestEntry testId="abcb8fa3-cd85-2471-5636-a22af31205a3" executionId="0c766cda-73ee-4e4b-ad9c-076a18a583d6" testListId="8c84fa94-04c1-424b-9868-57a2d4851a1d" />
    <TestEntry testId="5ad698c0-31c3-b3d2-caa9-9fa5ad866948" executionId="a76731dd-6485-4266-8d9a-bd457b6e6b25" testListId="8c84fa94-04c1-424b-9868-57a2d4851a1d" />
    <TestEntry testId="aac2053d-c1f1-3ae9-c811-84c25975dded" executionId="48cd8ffe-0f95-4194-b955-35830f425264" testListId="8c84fa94-04c1-424b-9868-57a2d4851a1d" />
    <TestEntry testId="b737e5bb-0356-fd2c-e9f5-061fb14537a5" executionId="92ff8b7d-3d16-48a5-8936-78241c98bad4" testListId="8c84fa94-04c1-424b-9868-57a2d4851a1d" />
    <TestEntry testId="6a32519d-0b48-1a74-f23b-101b1449f4f4" executionId="a884aa71-2a93-4132-90b3-d18915f5d8f3" testListId="8c84fa94-04c1-424b-9868-57a2d4851a1d" />
    <TestEntry testId="1be37c51-af7c-9e7b-8fa3-a746d27f5f9b" executionId="f833bc4c-0ec2-4fee-9108-0d4092f378c3" testListId="8c84fa94-04c1-424b-9868-57a2d4851a1d" />
    <TestEntry testId="fa35896d-315e-329a-8dc3-bb5ba3189b52" executionId="39c80546-27a3-4795-b483-f544fc90cc19" testListId="8c84fa94-04c1-424b-9868-57a2d4851a1d" />
    <TestEntry testId="44b98cc9-e1a6-60bb-436a-f6cfa2554196" executionId="fb6a730a-01bb-4af7-b012-f54d5045776a" testListId="8c84fa94-04c1-424b-9868-57a2d4851a1d" />
    <TestEntry testId="7aa5e31a-c407-5fc0-2788-70d3aa03acd3" executionId="6d7fa1f2-7598-4d98-810e-5a739382fa58" testListId="8c84fa94-04c1-424b-9868-57a2d4851a1d" />
    <TestEntry testId="a4c9dc78-d66c-c69a-90ef-d545d65a1a43" executionId="13d2d9ca-f09c-44fb-806e-99361a223b6b" testListId="8c84fa94-04c1-424b-9868-57a2d4851a1d" />
    <TestEntry testId="8f75422e-f196-d0f3-b885-da9f9acf8fde" executionId="3e9021b7-cbf0-42d8-a97d-84625cd57616" testListId="8c84fa94-04c1-424b-9868-57a2d4851a1d" />
    <TestEntry testId="396d4f9b-ac51-22fa-04b5-9956711699f1" executionId="c3789f4a-0fe3-412d-9775-a93cc897f5c0" testListId="8c84fa94-04c1-424b-9868-57a2d4851a1d" />
    <TestEntry testId="bcc4ea35-2128-3f0c-9022-a8e4dbbfeab6" executionId="5a0afd6d-251b-4093-93cb-7c5930408a0b" testListId="8c84fa94-04c1-424b-9868-57a2d4851a1d" />
    <TestEntry testId="4bb73173-b83c-b642-8102-032feaeaf8ff" executionId="c2b9e3f2-5b59-44a6-9fce-9c862df65ce7" testListId="8c84fa94-04c1-424b-9868-57a2d4851a1d" />
    <TestEntry testId="d983931e-3379-4c6a-5c76-852ec2540d36" executionId="8860e180-77ff-40ab-89e9-af22548ad3ec" testListId="8c84fa94-04c1-424b-9868-57a2d4851a1d" />
    <TestEntry testId="75b50791-58b3-a264-c6bb-b7e6f52f0f9b" executionId="fdf5a7c5-1730-4c78-b9aa-6e5cebe0f8fe" testListId="8c84fa94-04c1-424b-9868-57a2d4851a1d" />
    <TestEntry testId="abed9d03-2d03-a6ea-317e-f9cbae3ef978" executionId="fc1b710a-7018-4f7f-9298-058c685a9021" testListId="8c84fa94-04c1-424b-9868-57a2d4851a1d" />
    <TestEntry testId="51c22198-79c6-8565-1359-1e7a59cd2ad4" executionId="5ea69798-b5f7-46db-92cd-cd1b11048e4a" testListId="8c84fa94-04c1-424b-9868-57a2d4851a1d" />
    <TestEntry testId="9b0dd086-97eb-5a55-6e89-79dde58b1fca" executionId="9ecfada6-0aa7-4ebd-bc95-633b1bc3f7dc" testListId="8c84fa94-04c1-424b-9868-57a2d4851a1d" />
    <TestEntry testId="e7cf9e58-42dd-8f47-eefc-754488b66343" executionId="5dfaf3dc-8b38-4bd4-a151-9bc3ce43793d" testListId="8c84fa94-04c1-424b-9868-57a2d4851a1d" />
    <TestEntry testId="6ddbf3e0-3ece-b657-908f-2948ae07368f" executionId="078ab0ab-6731-4a2d-a559-d84a2f8298d0" testListId="8c84fa94-04c1-424b-9868-57a2d4851a1d" />
    <TestEntry testId="be89a856-c15c-81ed-5ddb-4973639d716d" executionId="66119199-1ba2-4b1c-92a0-ca7be4354bbf" testListId="8c84fa94-04c1-424b-9868-57a2d4851a1d" />
    <TestEntry testId="dab68c95-06ed-1b25-9b7e-b55b2972fccc" executionId="79c06f38-af6b-47e8-8392-2c39bcd4de1f" testListId="8c84fa94-04c1-424b-9868-57a2d4851a1d" />
    <TestEntry testId="510de9dc-e90e-bdb2-662b-4a218168ebca" executionId="5b043fb1-f76c-4bfa-a677-3ff15efee9e6" testListId="8c84fa94-04c1-424b-9868-57a2d4851a1d" />
    <TestEntry testId="f2c9e096-86d1-9457-0421-5a040989da55" executionId="352b8211-adfd-4600-982a-3d6f60706d47" testListId="8c84fa94-04c1-424b-9868-57a2d4851a1d" />
    <TestEntry testId="c900e632-ca6a-8d11-765e-c59876f4f7f8" executionId="1d06a254-afae-44d8-918f-af01d0ce2f77" testListId="8c84fa94-04c1-424b-9868-57a2d4851a1d" />
    <TestEntry testId="fa20158d-fb5e-8e7a-f1da-aa0a1eb9ba5a" executionId="1c223322-64e2-4e3c-9815-1e64ea797c78" testListId="8c84fa94-04c1-424b-9868-57a2d4851a1d" />
    <TestEntry testId="a7aa3cc0-0ea1-3d0c-3a62-ac5a405bf34e" executionId="7ca06f82-127c-4a13-bac5-5adeaced4f34" testListId="8c84fa94-04c1-424b-9868-57a2d4851a1d" />
    <TestEntry testId="5639502e-a141-45eb-1c4f-81dc941ff67a" executionId="5c8c516e-a358-434f-b57f-60cb95a00365" testListId="8c84fa94-04c1-424b-9868-57a2d4851a1d" />
    <TestEntry testId="44213f5c-f4e3-7f19-6a5d-6c4a3c8d0dec" executionId="4342d72f-d35e-4592-ab73-f25a15b2e666" testListId="8c84fa94-04c1-424b-9868-57a2d4851a1d" />
    <TestEntry testId="3b62dc28-12fd-93fe-6512-390293682652" executionId="2f9b6e28-9f66-40d0-8c7e-349fca9035f9" testListId="8c84fa94-04c1-424b-9868-57a2d4851a1d" />
    <TestEntry testId="f33495c4-e0d0-5acc-0d2f-99762039f6f2" executionId="2f407254-0d2f-4e9d-9eab-105ae8ed63be" testListId="8c84fa94-04c1-424b-9868-57a2d4851a1d" />
    <TestEntry testId="22960b58-9cb3-5bbf-01a8-8b59f0364e15" executionId="f5ea49de-d264-4056-a409-54a5976c027d" testListId="8c84fa94-04c1-424b-9868-57a2d4851a1d" />
    <TestEntry testId="d2d2f826-9cbd-9c14-4121-a07b2094c76e" executionId="1295ee55-79d9-4134-a762-0c521e6aa2f5" testListId="8c84fa94-04c1-424b-9868-57a2d4851a1d" />
    <TestEntry testId="2b043a8d-e346-04e5-47b3-898bfcbeb615" executionId="ab0d3790-6d35-449a-992a-8c0dd784eb75" testListId="8c84fa94-04c1-424b-9868-57a2d4851a1d" />
    <TestEntry testId="5caf925d-9bc2-c40c-f14f-bb094f78a12c" executionId="1864a710-479b-4de3-af7e-f377aca1d209" testListId="8c84fa94-04c1-424b-9868-57a2d4851a1d" />
    <TestEntry testId="d40d14e6-e55e-a2ee-7c2d-3f2b4d1650c4" executionId="4c976c15-4d3c-4991-b6a9-d2d58ab8cc0e" testListId="8c84fa94-04c1-424b-9868-57a2d4851a1d" />
    <TestEntry testId="3101a1d2-70b0-545d-5f32-eb96f6803b5f" executionId="aedc7108-8822-411a-a46e-773b54c92373" testListId="8c84fa94-04c1-424b-9868-57a2d4851a1d" />
    <TestEntry testId="59d49ae8-fe17-c8a4-30e6-e31bf9671e6d" executionId="5eafdb54-b61f-4e30-bc60-88ab17018f75" testListId="8c84fa94-04c1-424b-9868-57a2d4851a1d" />
    <TestEntry testId="93232e33-f6c8-82c0-b755-94e963fff023" executionId="b76818bd-071e-4bb8-9bcc-0a26359da633" testListId="8c84fa94-04c1-424b-9868-57a2d4851a1d" />
    <TestEntry testId="49d22b5a-8a11-c5d8-4359-de2ffd90b380" executionId="1f413a80-a1d2-467b-b64b-60170479804c" testListId="8c84fa94-04c1-424b-9868-57a2d4851a1d" />
    <TestEntry testId="5184c208-ba66-a1eb-00ca-490830c3b61a" executionId="17d50f6a-ad90-4e2d-95a3-b12ea874105b" testListId="8c84fa94-04c1-424b-9868-57a2d4851a1d" />
    <TestEntry testId="6312f765-830a-9014-ae5b-70adf30832c5" executionId="f97e96b8-6ccb-4993-874f-57c31838e33e" testListId="8c84fa94-04c1-424b-9868-57a2d4851a1d" />
    <TestEntry testId="8c01a8cb-2ffc-5487-6da3-7bc37c88340c" executionId="fa676024-229b-4401-85d4-883d75fed3ec" testListId="8c84fa94-04c1-424b-9868-57a2d4851a1d" />
    <TestEntry testId="d10743fd-41b6-9a87-757a-05484dce75fb" executionId="8f71d0fb-9c20-4d04-9c66-8787ff58f654" testListId="8c84fa94-04c1-424b-9868-57a2d4851a1d" />
    <TestEntry testId="96fd8acb-4fd6-1b77-8f7e-7416089655db" executionId="23d16c86-5b9f-428e-8b41-bc2082b5f550" testListId="8c84fa94-04c1-424b-9868-57a2d4851a1d" />
    <TestEntry testId="61feef70-4f4a-625c-42d0-d394030d758f" executionId="4b2d8c14-e8ea-4cdb-9b7b-7da63a0f61a7" testListId="8c84fa94-04c1-424b-9868-57a2d4851a1d" />
    <TestEntry testId="9660e9b2-80f8-e700-08d8-e0b7717e9f85" executionId="9556cec6-22a3-4216-bf96-784889b98bb9" testListId="8c84fa94-04c1-424b-9868-57a2d4851a1d" />
    <TestEntry testId="1c742a22-39f7-5815-626c-daa50ff10c87" executionId="d365c392-ccd6-462b-851d-5423d5b42b72" testListId="8c84fa94-04c1-424b-9868-57a2d4851a1d" />
    <TestEntry testId="94acb547-5f92-9634-547a-02395bd6053e" executionId="3acdc0f1-0c28-4beb-a613-10fdddda3f0b" testListId="8c84fa94-04c1-424b-9868-57a2d4851a1d" />
    <TestEntry testId="1d2cb59d-b905-737a-61a2-6d873910d1e1" executionId="4b7bfb32-8cd3-42b1-9565-5bb64eabe075" testListId="8c84fa94-04c1-424b-9868-57a2d4851a1d" />
    <TestEntry testId="7175185a-7456-021f-eecb-6c991ffd0d08" executionId="66088029-4e2a-4c6a-8464-f23db31bb4e9" testListId="8c84fa94-04c1-424b-9868-57a2d4851a1d" />
    <TestEntry testId="f2a53262-1031-8641-ce23-2061a5c39410" executionId="3f60ee78-4ad7-4b00-93d5-62ae5dd3e6cf" testListId="8c84fa94-04c1-424b-9868-57a2d4851a1d" />
    <TestEntry testId="877174d0-c487-453a-b8ad-4f52137508be" executionId="0c39795c-2089-4b4d-a292-4f337b9566f0" testListId="8c84fa94-04c1-424b-9868-57a2d4851a1d" />
    <TestEntry testId="ce19e570-cfff-5516-73c5-0c25670038af" executionId="71264b7a-52b5-4b20-a6a4-a59704cea620" testListId="8c84fa94-04c1-424b-9868-57a2d4851a1d" />
    <TestEntry testId="d593ac04-048b-ea90-6f6f-6fab4431a8fd" executionId="2ae2b588-6aba-4485-96a4-3a8a70684b7e" testListId="8c84fa94-04c1-424b-9868-57a2d4851a1d" />
    <TestEntry testId="4e6de647-43c0-2d5e-ffcc-d884e859b7df" executionId="86da3d46-2bfb-45e4-abc4-05d8b7023205" testListId="8c84fa94-04c1-424b-9868-57a2d4851a1d" />
    <TestEntry testId="dfe6a45f-34c2-c767-91dd-1f8de6538cc0" executionId="9c8a901d-4981-486f-9b51-0974e29c590c" testListId="8c84fa94-04c1-424b-9868-57a2d4851a1d" />
    <TestEntry testId="c5f68921-dad4-1a69-07c9-dd9ef56e29ff" executionId="753a2bdf-3c24-4bf0-ae5d-d962673e595e" testListId="8c84fa94-04c1-424b-9868-57a2d4851a1d" />
    <TestEntry testId="7711d213-9779-8d22-c44f-611f07df932a" executionId="43a743d4-a4ff-4ea6-9ec1-29cd1b70e6c2" testListId="8c84fa94-04c1-424b-9868-57a2d4851a1d" />
    <TestEntry testId="33ab81ff-679e-9cc9-05bb-618cbab677dd" executionId="a7e0df64-7556-4c68-8710-56bfd4b1880d" testListId="8c84fa94-04c1-424b-9868-57a2d4851a1d" />
    <TestEntry testId="d781b83d-5216-d63d-acc7-8c5d47cd7ccf" executionId="cdb85716-530b-4d68-9104-6b20b1e4357d" testListId="8c84fa94-04c1-424b-9868-57a2d4851a1d" />
    <TestEntry testId="0bff2ecc-4f41-029d-f57b-08de3b707d06" executionId="2d2ee669-c305-4e8a-95a7-1fff96ccca7d" testListId="8c84fa94-04c1-424b-9868-57a2d4851a1d" />
    <TestEntry testId="78d335ed-d8a0-4e68-1b07-0e64ec6fcf01" executionId="88bd13d0-ff38-47c5-82b4-e478a2caccde" testListId="8c84fa94-04c1-424b-9868-57a2d4851a1d" />
    <TestEntry testId="b8a41320-c868-9123-86b4-03e71d0ff6ef" executionId="9665571b-20bd-474c-a852-592cc532d2de" testListId="8c84fa94-04c1-424b-9868-57a2d4851a1d" />
    <TestEntry testId="702f6073-82fe-153e-00ca-63e8665d8828" executionId="78ca6174-c0bd-4aa6-ba47-9b76f66afa8b" testListId="8c84fa94-04c1-424b-9868-57a2d4851a1d" />
    <TestEntry testId="7d4e8658-cb8d-0c66-3167-748289c2e3c6" executionId="cae21a25-3ec9-4065-897f-2f0432ad4c60" testListId="8c84fa94-04c1-424b-9868-57a2d4851a1d" />
    <TestEntry testId="d269bbab-e11e-9189-e523-cf92a42762f7" executionId="e37ca12e-5a93-440e-889b-ea27583ed984" testListId="8c84fa94-04c1-424b-9868-57a2d4851a1d" />
    <TestEntry testId="1346760c-63cd-b7f1-1c05-6d40bed27cce" executionId="a07ea3ff-2ac1-4ada-9a9d-d33d40bff008" testListId="8c84fa94-04c1-424b-9868-57a2d4851a1d" />
    <TestEntry testId="08ddb4d1-1ea9-4a39-f70b-490a5dd2fdfe" executionId="d7820fdf-ea01-4168-a35f-1a47d8b238d8" testListId="8c84fa94-04c1-424b-9868-57a2d4851a1d" />
    <TestEntry testId="fa4cc283-dfe0-de36-3d73-29ab1e351353" executionId="faf8b227-bc69-4dcc-9d85-25230c00fe09" testListId="8c84fa94-04c1-424b-9868-57a2d4851a1d" />
    <TestEntry testId="28faaf32-b614-3b46-c8af-acfb48482d8d" executionId="1b79fa59-2cdc-41b2-982e-041080ba81fc" testListId="8c84fa94-04c1-424b-9868-57a2d4851a1d" />
    <TestEntry testId="65305c54-3e3e-31b1-f5dd-4a4bc66b7c08" executionId="54d0ba1e-7d84-4f8d-995a-4bab8286a30b" testListId="8c84fa94-04c1-424b-9868-57a2d4851a1d" />
    <TestEntry testId="643382d9-252e-669a-df19-e9e242cc0c0b" executionId="63459e8d-6f4c-4351-b196-79dc7391cfa6" testListId="8c84fa94-04c1-424b-9868-57a2d4851a1d" />
    <TestEntry testId="2eacfbf3-667b-5a8e-52a0-d9d512e960c7" executionId="9213f81f-a2af-495f-a14c-f751a7897dfb" testListId="8c84fa94-04c1-424b-9868-57a2d4851a1d" />
    <TestEntry testId="386e0330-7309-7b37-24f5-0984d80d3723" executionId="6e2bd809-1609-4452-a022-5f4f137a63ed" testListId="8c84fa94-04c1-424b-9868-57a2d4851a1d" />
    <TestEntry testId="42292f25-9e9f-80d8-c32a-5aae5cd0c643" executionId="4ede0f48-13a7-4ac0-9dca-fb82a4fc3641" testListId="8c84fa94-04c1-424b-9868-57a2d4851a1d" />
    <TestEntry testId="231e01f7-8ce3-c622-6ddb-f4a558f73635" executionId="21e72301-c2b5-41a2-a030-fd86a72d7b05" testListId="8c84fa94-04c1-424b-9868-57a2d4851a1d" />
    <TestEntry testId="b1f7f7a9-9f3c-0788-8363-349e751ff986" executionId="b62c6126-5b97-431d-8fde-a75f0de4bedf" testListId="8c84fa94-04c1-424b-9868-57a2d4851a1d" />
    <TestEntry testId="b6a182bd-655d-0c92-283a-3c75d3d71c02" executionId="43341d47-3bed-4e2c-85c2-ffda6a787c1e" testListId="8c84fa94-04c1-424b-9868-57a2d4851a1d" />
    <TestEntry testId="8d324366-3662-08e0-9537-a5a51d46bda5" executionId="76118484-9013-4923-8427-efd683647222" testListId="8c84fa94-04c1-424b-9868-57a2d4851a1d" />
    <TestEntry testId="46a7f553-bbcf-0c84-0101-71d2924c06c9" executionId="3915289b-5aee-4161-a1f4-b86aaf6e913f" testListId="8c84fa94-04c1-424b-9868-57a2d4851a1d" />
    <TestEntry testId="878dbf6d-4718-3010-2956-9a909a749d2f" executionId="99a394e7-8909-4d0a-8556-2dd8bd69312e" testListId="8c84fa94-04c1-424b-9868-57a2d4851a1d" />
    <TestEntry testId="9b0f50d1-0319-2e52-3133-7e2638dde793" executionId="e100a967-20f4-4150-8d29-9a9f7dc90225" testListId="8c84fa94-04c1-424b-9868-57a2d4851a1d" />
    <TestEntry testId="29048f6b-b73b-a720-ef94-9f27a4540f3c" executionId="0666574c-1aee-45b5-8fc4-5393a0da6111" testListId="8c84fa94-04c1-424b-9868-57a2d4851a1d" />
    <TestEntry testId="343fd73e-33e0-a251-14f5-344e69186a31" executionId="f6d9bfab-7143-4a00-8573-8fe911e8aad2" testListId="8c84fa94-04c1-424b-9868-57a2d4851a1d" />
    <TestEntry testId="2505d350-e44a-f204-9fd8-58dd92f22763" executionId="c06a7ea1-bf7d-4fbc-8f60-3ee21afcac25" testListId="8c84fa94-04c1-424b-9868-57a2d4851a1d" />
    <TestEntry testId="4103318d-2de0-6e72-8544-27607329cbb3" executionId="db529116-3c6d-46d3-9b0b-2c763f489330" testListId="8c84fa94-04c1-424b-9868-57a2d4851a1d" />
    <TestEntry testId="c7b04d5c-7711-e414-f9c1-9d377a8af2ec" executionId="81ed0c47-3b5f-4644-accc-36be15943fa7" testListId="8c84fa94-04c1-424b-9868-57a2d4851a1d" />
    <TestEntry testId="52ae0b6b-063d-fda1-eda2-bf4a1c9b90a4" executionId="c7796636-dc1e-432f-aed0-88f486d90db5" testListId="8c84fa94-04c1-424b-9868-57a2d4851a1d" />
    <TestEntry testId="31c8774a-1539-0a44-3404-de06d646b468" executionId="62a88b90-e64a-4436-95cb-7d7a6b801247" testListId="8c84fa94-04c1-424b-9868-57a2d4851a1d" />
    <TestEntry testId="2c3f2f16-fb94-3325-49ee-53aa9585411a" executionId="52494412-eb78-4b05-baa0-9f48fc04354d" testListId="8c84fa94-04c1-424b-9868-57a2d4851a1d" />
    <TestEntry testId="e5846600-5bfc-193d-66eb-f1933de5487e" executionId="5a759fb4-05b7-4ebf-838b-5a6b66f5d656" testListId="8c84fa94-04c1-424b-9868-57a2d4851a1d" />
    <TestEntry testId="82ad2eed-c2a8-00e1-ef28-e5a6803fece0" executionId="16dd8cb2-fc05-484f-95c7-80e779919a99" testListId="8c84fa94-04c1-424b-9868-57a2d4851a1d" />
    <TestEntry testId="2e480f4f-8e65-8226-244e-bc56a9d64e7e" executionId="2c9cb64f-5936-4e34-b184-f7b631c60c50" testListId="8c84fa94-04c1-424b-9868-57a2d4851a1d" />
    <TestEntry testId="752ffb05-78eb-92e0-4e1e-4d5811cca95a" executionId="77f948e4-707e-4584-86d6-8662d1ee5dc1" testListId="8c84fa94-04c1-424b-9868-57a2d4851a1d" />
    <TestEntry testId="d91077c4-486f-699f-e7de-7a096da96d2b" executionId="71258b39-b878-4c68-8af9-288fa80990f0" testListId="8c84fa94-04c1-424b-9868-57a2d4851a1d" />
    <TestEntry testId="9e5e4569-9acc-0235-4e91-ee81d67e124e" executionId="1ea296f2-e0a7-4996-861d-0ae0aca85b01" testListId="8c84fa94-04c1-424b-9868-57a2d4851a1d" />
    <TestEntry testId="e7727167-90de-6177-0043-c32edeea9377" executionId="db483638-a673-467c-8b11-265e042ac6f2" testListId="8c84fa94-04c1-424b-9868-57a2d4851a1d" />
    <TestEntry testId="75f4d661-9754-0157-eb91-1cb0c3ea30c4" executionId="54f1972d-6d15-450d-9f52-32aba19ef364" testListId="8c84fa94-04c1-424b-9868-57a2d4851a1d" />
    <TestEntry testId="f2ce22ba-4e0c-a11c-c657-a799ce863a26" executionId="9c138637-087b-4c61-a470-207bcd805e46" testListId="8c84fa94-04c1-424b-9868-57a2d4851a1d" />
    <TestEntry testId="12f16ac3-f6d6-9802-1d09-4301de2f7efc" executionId="5bff0b79-32aa-4773-9c9b-9d1434b9505d" testListId="8c84fa94-04c1-424b-9868-57a2d4851a1d" />
    <TestEntry testId="6acfe581-a1ff-0243-6a25-fa30ab98af8f" executionId="4075472a-ff7c-422c-9b65-3dccc964dda1" testListId="8c84fa94-04c1-424b-9868-57a2d4851a1d" />
    <TestEntry testId="89ecaa3a-044a-88b6-09ea-2d19af9e4614" executionId="dec7462e-d09c-4dd0-900f-d79500e9ffc1" testListId="8c84fa94-04c1-424b-9868-57a2d4851a1d" />
    <TestEntry testId="d1c2a2fd-4568-2e97-946f-7480ea03bef1" executionId="fd5f2efe-c182-43ab-9f19-f5fb0f9c7d56" testListId="8c84fa94-04c1-424b-9868-57a2d4851a1d" />
    <TestEntry testId="b1a32a5b-bec7-9c13-ecb5-d09eae519281" executionId="a0e03c43-9427-47da-b147-f8fd498afd06" testListId="8c84fa94-04c1-424b-9868-57a2d4851a1d" />
    <TestEntry testId="d23e84fd-71f4-7bce-d8fe-1741eb8da08e" executionId="915b12a1-006d-4e06-a59d-885545eadf1f" testListId="8c84fa94-04c1-424b-9868-57a2d4851a1d" />
    <TestEntry testId="827cffd5-57e2-399d-4e16-80e94a843b77" executionId="4627214f-7ec9-4337-ab8e-22ad8dec6461" testListId="8c84fa94-04c1-424b-9868-57a2d4851a1d" />
    <TestEntry testId="d3a4b1bb-6aeb-d30b-4b3c-0f1cdc5eac6e" executionId="8d6b8e62-8c3f-485d-a576-2d8422ed9b84" testListId="8c84fa94-04c1-424b-9868-57a2d4851a1d" />
    <TestEntry testId="29c59d8d-b92b-cfb2-1c78-b6b82406cb09" executionId="9ddf10bf-c1c1-4a0a-a559-8c1e0b5ebbfe" testListId="8c84fa94-04c1-424b-9868-57a2d4851a1d" />
    <TestEntry testId="46eed830-2953-fcd5-c0a0-3903ea3c299a" executionId="7f2c8d46-10f0-4e5b-a687-e7d74e7c504d" testListId="8c84fa94-04c1-424b-9868-57a2d4851a1d" />
    <TestEntry testId="520cf6eb-1b87-3f3a-4e2f-2f4e620f4b62" executionId="50525fde-30b5-4df3-9f00-8c5b8ff1cd02" testListId="8c84fa94-04c1-424b-9868-57a2d4851a1d" />
    <TestEntry testId="8c733a46-a4ea-1620-69ec-bdd69e48dc0b" executionId="d4d6766c-e8b2-44ba-b83f-bcb4249f4821" testListId="8c84fa94-04c1-424b-9868-57a2d4851a1d" />
    <TestEntry testId="188163b5-3a99-e726-205c-6b6fc846baac" executionId="37666111-69fe-49ed-9477-d107d6ccac00" testListId="8c84fa94-04c1-424b-9868-57a2d4851a1d" />
    <TestEntry testId="4e409710-7600-d8ec-3aaf-52ff72372913" executionId="d4287181-5e3e-42d2-83ac-173fc2d60388" testListId="8c84fa94-04c1-424b-9868-57a2d4851a1d" />
    <TestEntry testId="1634510e-087e-a71c-61ba-55901a3677cc" executionId="8d47ac25-519e-4e53-950a-5d269b0751c3" testListId="8c84fa94-04c1-424b-9868-57a2d4851a1d" />
    <TestEntry testId="0a4fef64-4b22-b6e1-3068-172d5dc1b64f" executionId="fb209e41-352e-4546-bcd5-0d5bd4e16fc3" testListId="8c84fa94-04c1-424b-9868-57a2d4851a1d" />
    <TestEntry testId="4bbe555c-8fb0-44dc-18a4-86549d9ecd64" executionId="bfc717a8-efca-461a-8f8c-016036c0decc" testListId="8c84fa94-04c1-424b-9868-57a2d4851a1d" />
    <TestEntry testId="df8d3f6f-dec6-fe48-30b1-4504bb2aa651" executionId="6c8dae69-886a-4ec1-8e34-e650901c1d6f" testListId="8c84fa94-04c1-424b-9868-57a2d4851a1d" />
    <TestEntry testId="08a9b593-cfee-9bdf-6d80-833bb0b65ba9" executionId="da608d68-e36d-40f6-94e4-692e8f021a64" testListId="8c84fa94-04c1-424b-9868-57a2d4851a1d" />
    <TestEntry testId="64fa6710-678a-0a23-7d5a-26a655d565e8" executionId="8ecbde3c-c7aa-45e2-a000-02ef6616c3b8" testListId="8c84fa94-04c1-424b-9868-57a2d4851a1d" />
    <TestEntry testId="9c1cfe7d-bcc9-4b03-b265-ec26ee7c3263" executionId="b42cc903-d96c-44cd-ac4e-c4704ea1ac34" testListId="8c84fa94-04c1-424b-9868-57a2d4851a1d" />
    <TestEntry testId="f4c9aa46-811a-389b-d744-72a428dee7d2" executionId="92e3376c-abb3-47f9-aaab-f9c8ae77e69a" testListId="8c84fa94-04c1-424b-9868-57a2d4851a1d" />
    <TestEntry testId="88b5a428-7422-548a-ca90-5bd2a62420ae" executionId="6af048bf-8c71-46c9-a382-f02488f536e1" testListId="8c84fa94-04c1-424b-9868-57a2d4851a1d" />
    <TestEntry testId="87e55bdd-4276-ed24-3a0c-df1323a9e2c9" executionId="98b7e3a2-e4ac-4032-bd65-365a6011dd2f" testListId="8c84fa94-04c1-424b-9868-57a2d4851a1d" />
    <TestEntry testId="226e9057-54c6-53d9-d48c-5a3aaedbb305" executionId="f19b40d3-75ff-4d7a-b681-7e7bbbcaf87d" testListId="8c84fa94-04c1-424b-9868-57a2d4851a1d" />
    <TestEntry testId="11c53883-3d96-0957-d8a1-9dcf44cb5e78" executionId="8efc9d06-2551-4af2-80f4-1dce6eb580a0" testListId="8c84fa94-04c1-424b-9868-57a2d4851a1d" />
    <TestEntry testId="3f4d3f91-09a2-a334-5932-6e78104fd8ba" executionId="8beb206f-d8bd-4007-9f71-05291092f725" testListId="8c84fa94-04c1-424b-9868-57a2d4851a1d" />
    <TestEntry testId="fb896724-2095-3026-71b5-ad9198efd098" executionId="0804c6b8-fbaa-4b68-91c2-b532dfd8b931" testListId="8c84fa94-04c1-424b-9868-57a2d4851a1d" />
    <TestEntry testId="2b789b90-6459-6d41-420f-e5502ba7ca12" executionId="83df680b-399e-487a-9750-890563cc2893" testListId="8c84fa94-04c1-424b-9868-57a2d4851a1d" />
    <TestEntry testId="ce73eb79-a497-c2a4-9a02-ef4f9a7168c5" executionId="82b31bef-af8e-4077-814b-a40d74add51e" testListId="8c84fa94-04c1-424b-9868-57a2d4851a1d" />
    <TestEntry testId="3e754e7c-3120-cf7a-7a68-ce1c9a477533" executionId="03383fe5-22cd-421a-a57b-f4873a35f151" testListId="8c84fa94-04c1-424b-9868-57a2d4851a1d" />
    <TestEntry testId="d6582cc4-f5d7-7ddd-419a-8856fe5530f3" executionId="f0cd6885-b73d-4e78-87e5-a28b922ffd76" testListId="8c84fa94-04c1-424b-9868-57a2d4851a1d" />
    <TestEntry testId="e6069ec8-dd96-68b5-2039-b29d0b89d8eb" executionId="7ec734a8-4e73-4d36-b3a4-5549bc074171" testListId="8c84fa94-04c1-424b-9868-57a2d4851a1d" />
    <TestEntry testId="7c2d9e42-a64f-2cb9-82f9-1e417facca20" executionId="218bfd9f-1b55-4c6c-9093-ea2ac7d1a0cc" testListId="8c84fa94-04c1-424b-9868-57a2d4851a1d" />
    <TestEntry testId="237f5a59-e781-9088-3a51-e29d89420089" executionId="5ae764c0-04ea-438d-b334-5052bebe9553" testListId="8c84fa94-04c1-424b-9868-57a2d4851a1d" />
    <TestEntry testId="5258a2d0-41cb-c3df-1e8f-eff8f92d5e7f" executionId="ec3a25ab-9352-4be2-8478-21291bdffd01" testListId="8c84fa94-04c1-424b-9868-57a2d4851a1d" />
    <TestEntry testId="517f9dbf-42b8-6c68-c79b-d5d973668018" executionId="88600183-05b3-480a-804c-7976705c1194" testListId="8c84fa94-04c1-424b-9868-57a2d4851a1d" />
    <TestEntry testId="0161b4d2-48af-5756-816a-41884dcebe59" executionId="22d0ff4e-b774-48f3-84b8-a5a7c9d7e90d" testListId="8c84fa94-04c1-424b-9868-57a2d4851a1d" />
    <TestEntry testId="eb717265-8ce6-9ca5-299a-76e8f4608ecc" executionId="f99244eb-a464-403b-bb9d-6480b48b9182" testListId="8c84fa94-04c1-424b-9868-57a2d4851a1d" />
    <TestEntry testId="13b70763-63fd-f0df-582a-0fb307fcad59" executionId="c0f2ca9d-df2c-44b4-8a40-03d4e740fd81" testListId="8c84fa94-04c1-424b-9868-57a2d4851a1d" />
    <TestEntry testId="615647ea-1f6e-f46b-032e-269c67342efc" executionId="0a344c77-a5a0-403e-a9b5-1f6a1be4070d" testListId="8c84fa94-04c1-424b-9868-57a2d4851a1d" />
    <TestEntry testId="57fdcf56-cdf1-9f39-baba-1b1c695971d5" executionId="d85e6c9d-9a21-4f47-9850-2d01d331ea45" testListId="8c84fa94-04c1-424b-9868-57a2d4851a1d" />
    <TestEntry testId="77c94a3a-bf51-e754-8b05-8ef3b5f32220" executionId="b4d1aa44-2ecd-4500-bc5e-152d034f15f6" testListId="8c84fa94-04c1-424b-9868-57a2d4851a1d" />
    <TestEntry testId="9e88128c-c893-0f4c-cf4f-ba4eb6951e77" executionId="1febd25d-02f1-4070-ab3c-bb1c2744f81a" testListId="8c84fa94-04c1-424b-9868-57a2d4851a1d" />
    <TestEntry testId="fb1e59a0-19c5-d0be-0d94-4bf533d92746" executionId="a4ac7b81-786b-42cf-9b71-de380f9ee10c" testListId="8c84fa94-04c1-424b-9868-57a2d4851a1d" />
    <TestEntry testId="54dac1bc-0f72-9d60-bad7-07e4a0566a24" executionId="04fb1a9e-ed26-49c3-9a0d-0a321b933415" testListId="8c84fa94-04c1-424b-9868-57a2d4851a1d" />
    <TestEntry testId="19df813d-aa7e-5539-ce76-ba8a68683016" executionId="f0bc3d6d-f78f-4dac-b0a3-e2e245bcdbfc" testListId="8c84fa94-04c1-424b-9868-57a2d4851a1d" />
    <TestEntry testId="2e93bee1-fb36-0850-7490-5577524da5c2" executionId="20b3f260-e9c4-4b28-a695-5a0bdf956c5c" testListId="8c84fa94-04c1-424b-9868-57a2d4851a1d" />
    <TestEntry testId="407fdbb6-f29a-a8a2-0277-cd698b7b57a7" executionId="5c3009fb-4f21-4c5a-bdf0-e2a6a308dc0c" testListId="8c84fa94-04c1-424b-9868-57a2d4851a1d" />
    <TestEntry testId="ddd7ef0f-f8d8-3f23-14c1-c969cc917d3a" executionId="578c73db-681b-48a5-aaa4-955f0c7c05b0" testListId="8c84fa94-04c1-424b-9868-57a2d4851a1d" />
    <TestEntry testId="63390816-73a6-312f-e706-2ca3dfa39f0e" executionId="1b946e94-063a-45e3-bf5a-6c13f434b317" testListId="8c84fa94-04c1-424b-9868-57a2d4851a1d" />
    <TestEntry testId="8dc17fe0-66a4-6cf2-3749-0f755c367e4d" executionId="d5908a66-581b-4c6f-b8d4-fd2aca999cc1" testListId="8c84fa94-04c1-424b-9868-57a2d4851a1d" />
    <TestEntry testId="23376aab-8018-81b3-8b3c-57bc8b0141ed" executionId="fb38612a-b13a-48b7-a5c7-66bb2ff6ad6f" testListId="8c84fa94-04c1-424b-9868-57a2d4851a1d" />
    <TestEntry testId="aef446e3-f136-0d0b-1c4f-72b145e6d953" executionId="c6e1e5fe-4d55-4792-a744-fe3fddc2e0d9" testListId="8c84fa94-04c1-424b-9868-57a2d4851a1d" />
    <TestEntry testId="7882d79f-7e75-7cd0-3f6e-4fc087cc8ade" executionId="d0547d25-5246-42b3-b2e8-8f426d34bbeb" testListId="8c84fa94-04c1-424b-9868-57a2d4851a1d" />
    <TestEntry testId="531c078f-331c-97b0-43b5-206453bfc074" executionId="42e3f316-f840-4226-8136-af7493a1281c" testListId="8c84fa94-04c1-424b-9868-57a2d4851a1d" />
    <TestEntry testId="4018bd47-d5cd-e85a-b6de-7760e129dafa" executionId="f0eb6d28-b3da-4b4d-bd30-c619fa386946" testListId="8c84fa94-04c1-424b-9868-57a2d4851a1d" />
    <TestEntry testId="4e68cf9a-2a3a-1e07-4a4f-0cf27d8d2bbb" executionId="ab1eb72e-ed1f-470c-aed3-0dd48d7df695" testListId="8c84fa94-04c1-424b-9868-57a2d4851a1d" />
    <TestEntry testId="088d383f-5fbc-e375-2326-3e321a2adf4f" executionId="7a961e81-e693-4f62-a09f-5c5e7c0fa1b3" testListId="8c84fa94-04c1-424b-9868-57a2d4851a1d" />
    <TestEntry testId="d9d0929f-95f9-5181-aa9b-10571d330d53" executionId="0355bb8d-db2e-4ec4-a1fe-7e75749333ac" testListId="8c84fa94-04c1-424b-9868-57a2d4851a1d" />
    <TestEntry testId="b14ae956-297a-f056-fdd7-ca8f9b76076f" executionId="3cdaa778-cb2b-4124-9a8b-00c851d6cdd5" testListId="8c84fa94-04c1-424b-9868-57a2d4851a1d" />
    <TestEntry testId="22d4e883-d516-a3c1-91a6-c6ccca686050" executionId="3e641077-465a-468a-8ebb-7730f5294e4a" testListId="8c84fa94-04c1-424b-9868-57a2d4851a1d" />
    <TestEntry testId="5d068b70-09ca-86be-04bc-7a667c7e0484" executionId="e305a377-f873-4d83-90e7-119fcf36de74" testListId="8c84fa94-04c1-424b-9868-57a2d4851a1d" />
    <TestEntry testId="5c61d628-c74f-c8f0-779e-82c0c2dc77df" executionId="6d2452df-3c3e-4f57-9d28-bbfb413a5fe3" testListId="8c84fa94-04c1-424b-9868-57a2d4851a1d" />
    <TestEntry testId="e59f6969-24d1-ee70-57fe-d99344040a63" executionId="92775941-14db-4cd3-b599-e6f890a0ad2e" testListId="8c84fa94-04c1-424b-9868-57a2d4851a1d" />
    <TestEntry testId="7d1b1cf4-8561-5b1e-3cb0-e9438583a7c7" executionId="bd663e4a-734c-4712-9e12-2beed3906a50" testListId="8c84fa94-04c1-424b-9868-57a2d4851a1d" />
    <TestEntry testId="973ec4a4-75bf-519b-ad67-04ada4756976" executionId="4790cd26-0c6c-48de-b6fd-4a1f5e71da9a" testListId="8c84fa94-04c1-424b-9868-57a2d4851a1d" />
    <TestEntry testId="d158f051-212f-d40f-0819-bf99fbd314c0" executionId="2cc33a7d-7687-4dff-a54e-d5a31d132f55" testListId="8c84fa94-04c1-424b-9868-57a2d4851a1d" />
    <TestEntry testId="8c9fb467-c9d9-e4ca-cb2a-8456e527af16" executionId="3ca91c59-1495-4f41-9157-7aa7974facb1" testListId="8c84fa94-04c1-424b-9868-57a2d4851a1d" />
    <TestEntry testId="1da9127c-d651-72aa-5a84-7cfe9f562b5c" executionId="004db3b5-e044-4eae-80f1-9d2b0795bbef" testListId="8c84fa94-04c1-424b-9868-57a2d4851a1d" />
    <TestEntry testId="8bb24e9f-b033-fdc0-7830-bccb21534250" executionId="23701e2c-86b5-4023-8ccf-9af07aadc69e" testListId="8c84fa94-04c1-424b-9868-57a2d4851a1d" />
    <TestEntry testId="d6776beb-14db-e4df-c8a3-8f90548062bb" executionId="ebcb806c-a23a-42ab-9a12-c7423cfc2336" testListId="8c84fa94-04c1-424b-9868-57a2d4851a1d" />
    <TestEntry testId="4949997c-46c8-3183-1501-b1267871bfcf" executionId="bd8db602-10e1-46b7-948f-81f43cd635fc" testListId="8c84fa94-04c1-424b-9868-57a2d4851a1d" />
    <TestEntry testId="0df754ab-3374-deab-a269-326e3752e38a" executionId="d0b008fa-14a4-4da5-a4dc-a7d0fec06716" testListId="8c84fa94-04c1-424b-9868-57a2d4851a1d" />
    <TestEntry testId="ec065801-9998-c7ce-5285-3fe14e38cdac" executionId="68a79e04-abd7-4c21-b16e-e0af245bb8f4" testListId="8c84fa94-04c1-424b-9868-57a2d4851a1d" />
    <TestEntry testId="f36a8701-085e-04e9-1108-0b102bccb765" executionId="804e194b-96e8-4126-8aa2-bf98a7c2bbd9" testListId="8c84fa94-04c1-424b-9868-57a2d4851a1d" />
    <TestEntry testId="89a69faa-d4fe-30f7-2dd0-a490e26ff484" executionId="fd4abf1c-ca10-4fcd-beb8-3a909f258e01" testListId="8c84fa94-04c1-424b-9868-57a2d4851a1d" />
    <TestEntry testId="9b597749-8f28-5ece-3f0e-b5bb4e23820c" executionId="2edd9b8e-48ba-44ef-aff2-f65d9d6ad32e" testListId="8c84fa94-04c1-424b-9868-57a2d4851a1d" />
    <TestEntry testId="5a1b2923-7867-c9d7-9184-902164877e6b" executionId="944b9bc0-5ba2-425e-8d07-61ff3f228b1e" testListId="8c84fa94-04c1-424b-9868-57a2d4851a1d" />
    <TestEntry testId="e65338ab-e9eb-2800-4922-6e2f693b11d4" executionId="82b9d6ed-04a2-4b44-ab37-d603e0b381cf" testListId="8c84fa94-04c1-424b-9868-57a2d4851a1d" />
    <TestEntry testId="e79130f3-839b-5123-ac52-8ca3bb6ef8c5" executionId="f1f2bc2f-656e-4dc4-9890-78e0ccd4551d" testListId="8c84fa94-04c1-424b-9868-57a2d4851a1d" />
    <TestEntry testId="fb8ea106-f542-3a06-bc35-d8f4e171c2a2" executionId="b312f99c-1a59-4835-8a0b-48732399f870" testListId="8c84fa94-04c1-424b-9868-57a2d4851a1d" />
    <TestEntry testId="3f9861f9-4bc2-45e4-3f18-99d7b31a3667" executionId="c60f614e-7213-4cfd-870e-80ae538d5a56" testListId="8c84fa94-04c1-424b-9868-57a2d4851a1d" />
    <TestEntry testId="a1855258-2f38-7695-fb75-dcfca8f4ee44" executionId="37689c96-58d7-4bd0-ad7b-ff3a703b9a45" testListId="8c84fa94-04c1-424b-9868-57a2d4851a1d" />
    <TestEntry testId="c005721b-05db-8d7a-5eea-e90626721b80" executionId="fba02c11-7822-4977-9299-da43b52f1f9e" testListId="8c84fa94-04c1-424b-9868-57a2d4851a1d" />
    <TestEntry testId="6219abff-caed-b73f-a3a3-a932c37fd5fb" executionId="2bcc83b7-fe64-4119-8013-e10757e21447" testListId="8c84fa94-04c1-424b-9868-57a2d4851a1d" />
    <TestEntry testId="57048c9f-2c1b-ae85-11e6-989795af7a80" executionId="a15491d7-cd67-4278-90b0-c89e133f8b10" testListId="8c84fa94-04c1-424b-9868-57a2d4851a1d" />
    <TestEntry testId="dd76f619-e962-2008-d0f8-a714bb3f5c46" executionId="6e54a031-204a-4d41-a968-bcf8bca0dea6" testListId="8c84fa94-04c1-424b-9868-57a2d4851a1d" />
    <TestEntry testId="8d702d1b-c14c-4dd0-cea5-aaa087d77d3f" executionId="fc55f294-fa52-4693-abb0-c7e89996c747" testListId="8c84fa94-04c1-424b-9868-57a2d4851a1d" />
    <TestEntry testId="a6b1c1b8-42d6-da05-0367-8e170c8545bb" executionId="036a4b6d-e246-45ae-84ca-6cc57fdee8a4" testListId="8c84fa94-04c1-424b-9868-57a2d4851a1d" />
    <TestEntry testId="ea3e05c1-5c7d-865c-be9d-8f2ae46de9bb" executionId="f37d9163-f70e-4608-8684-fe85057828f4" testListId="8c84fa94-04c1-424b-9868-57a2d4851a1d" />
    <TestEntry testId="e4c14db6-7ddb-4f54-d632-50f949736205" executionId="cb708138-fb52-4636-8b4d-22a7dbf731d4" testListId="8c84fa94-04c1-424b-9868-57a2d4851a1d" />
    <TestEntry testId="dca73a03-b0b0-9398-437e-9e75519b25e4" executionId="be681fe5-e896-4811-8077-533d6b4d18bf" testListId="8c84fa94-04c1-424b-9868-57a2d4851a1d" />
    <TestEntry testId="69b65817-cd82-0a96-5e68-ab587e27eb95" executionId="ed32275c-1c3a-4f56-8294-cfcb9833606a" testListId="8c84fa94-04c1-424b-9868-57a2d4851a1d" />
    <TestEntry testId="b7a065c7-7a2e-0d14-6498-b30f746da816" executionId="99037d5d-5ae2-4bef-a780-256042ea65da" testListId="8c84fa94-04c1-424b-9868-57a2d4851a1d" />
    <TestEntry testId="c32ae7c7-19e6-4795-4595-b867002163f4" executionId="13a6a73b-53c4-496c-a5d0-571c3df48486" testListId="8c84fa94-04c1-424b-9868-57a2d4851a1d" />
    <TestEntry testId="d5e7318a-a156-7dde-f329-f35fdf925ffa" executionId="2f92804f-45c5-4a64-b07b-ecc50d243821" testListId="8c84fa94-04c1-424b-9868-57a2d4851a1d" />
    <TestEntry testId="08260a64-8541-0630-0fbb-fef9aaa19f85" executionId="b5d59945-c090-42f0-b8f6-f5642dec98f4" testListId="8c84fa94-04c1-424b-9868-57a2d4851a1d" />
    <TestEntry testId="dc5b4323-69df-5b53-04b8-b2edd86e4211" executionId="d9d07bad-0d4b-4297-8e20-5fb22646c120" testListId="8c84fa94-04c1-424b-9868-57a2d4851a1d" />
    <TestEntry testId="d7049aa3-0901-3782-ef96-d1caac1bac5e" executionId="6c0112a9-33e3-4879-981d-d3f2c6b77501" testListId="8c84fa94-04c1-424b-9868-57a2d4851a1d" />
    <TestEntry testId="f691e718-46df-21d8-be15-dfb8d4456f03" executionId="03ddb70e-217c-4a40-916c-f1dd4f72a344" testListId="8c84fa94-04c1-424b-9868-57a2d4851a1d" />
    <TestEntry testId="5c035d64-72fa-5f12-cc21-1e89e4c3e9b9" executionId="267673c1-31d7-4696-aab1-0957844492e9" testListId="8c84fa94-04c1-424b-9868-57a2d4851a1d" />
    <TestEntry testId="fdc90908-8368-ee5f-7b4f-9fee688fecb2" executionId="bbe738b4-3a37-4c7d-a664-1ce852e5dd4f" testListId="8c84fa94-04c1-424b-9868-57a2d4851a1d" />
    <TestEntry testId="35d57337-18a5-4629-635a-b25a895ec8a2" executionId="18399998-7854-43ba-b734-83061211181d" testListId="8c84fa94-04c1-424b-9868-57a2d4851a1d" />
    <TestEntry testId="46016c60-0720-f808-02e7-68fa8d4036c4" executionId="703a9f33-1591-446e-aeba-a75a962733c8" testListId="8c84fa94-04c1-424b-9868-57a2d4851a1d" />
    <TestEntry testId="c7c0db12-a7c7-5d4d-aeb3-925cdb576fb9" executionId="66ce85ff-c8a3-43f4-a222-72bc0d8447ce" testListId="8c84fa94-04c1-424b-9868-57a2d4851a1d" />
    <TestEntry testId="80f7e275-5c62-bf32-953c-a522d71f0911" executionId="eddf1343-b18a-4448-8405-29127706b8f0" testListId="8c84fa94-04c1-424b-9868-57a2d4851a1d" />
    <TestEntry testId="e6b5dbec-3ede-e88e-98ad-309ef50c1b15" executionId="177a90c6-f1f8-4fe0-8471-ef786381d699" testListId="8c84fa94-04c1-424b-9868-57a2d4851a1d" />
    <TestEntry testId="1393749b-9888-f339-bbe0-fe7c36d53117" executionId="cecfe51c-b076-48ba-bac4-fe917717b853" testListId="8c84fa94-04c1-424b-9868-57a2d4851a1d" />
    <TestEntry testId="1c0d7c7b-e498-3c7a-c145-fce1f6e14e16" executionId="ff417b64-d787-47f9-9a98-cdbd2717ae1f" testListId="8c84fa94-04c1-424b-9868-57a2d4851a1d" />
    <TestEntry testId="2cc2759a-0e74-d1e3-53c0-3d706804902c" executionId="53c3d733-6152-4f1f-8a5f-a0d33d99f031" testListId="8c84fa94-04c1-424b-9868-57a2d4851a1d" />
    <TestEntry testId="99b19fe9-9646-fec1-29a0-b1e5f49baebb" executionId="3ad126f4-7448-4837-84d8-80f8beddc155" testListId="8c84fa94-04c1-424b-9868-57a2d4851a1d" />
    <TestEntry testId="633c7180-abf2-d38a-1f50-b48e71e9c2bd" executionId="1897e1ff-ccdd-4ae4-9917-19ce278a103d" testListId="8c84fa94-04c1-424b-9868-57a2d4851a1d" />
    <TestEntry testId="9f164cb9-b0ee-2833-0b35-619b21bae903" executionId="b8b85ed4-08b3-4273-b140-51ca20f881cb" testListId="8c84fa94-04c1-424b-9868-57a2d4851a1d" />
    <TestEntry testId="6e95a11c-ba0a-17a5-b618-642e6194107c" executionId="197955b5-6573-43d9-874c-4c1d621ac446" testListId="8c84fa94-04c1-424b-9868-57a2d4851a1d" />
    <TestEntry testId="e9f8fc86-f5b4-af50-fd5d-96735f013b0a" executionId="f0645a53-d98b-478a-b2cb-7583ceca3045" testListId="8c84fa94-04c1-424b-9868-57a2d4851a1d" />
    <TestEntry testId="e59ff618-3ced-6a2f-d01c-20262e337085" executionId="9ec7ca6d-4138-4359-80a8-ec94e2bce999" testListId="8c84fa94-04c1-424b-9868-57a2d4851a1d" />
    <TestEntry testId="d9e9dfd4-db91-4986-9bbe-4cae120c9790" executionId="7f99f55e-a342-4db8-9547-f8c6cdd61ebc" testListId="8c84fa94-04c1-424b-9868-57a2d4851a1d" />
    <TestEntry testId="1798213c-35a3-cbbc-3a0a-8843aace427d" executionId="fd3d0637-0ca8-4ace-9cc4-fa94a9ecccfb" testListId="8c84fa94-04c1-424b-9868-57a2d4851a1d" />
    <TestEntry testId="b96d0d20-292a-e609-b515-79cd877929d7" executionId="4eeabfe5-c853-47ab-b12c-b5a9679c3750" testListId="8c84fa94-04c1-424b-9868-57a2d4851a1d" />
    <TestEntry testId="ee1257ff-a5a9-5181-9e7b-d35ad6e89445" executionId="2f25e2ec-7bb8-4bcb-b16c-ac805e18b4cd" testListId="8c84fa94-04c1-424b-9868-57a2d4851a1d" />
    <TestEntry testId="6d9ecacc-771f-c0f8-81b8-e7f5f5ecfa5f" executionId="eb78a5ed-7ba7-4f96-8752-2e9bea0e824d" testListId="8c84fa94-04c1-424b-9868-57a2d4851a1d" />
    <TestEntry testId="596b7c00-efcf-3d4d-3dbb-d2705ed5b371" executionId="e1c02494-4c01-41f5-a2f4-563fd2f4f062" testListId="8c84fa94-04c1-424b-9868-57a2d4851a1d" />
    <TestEntry testId="5be58517-5610-e8d0-dec2-520046d41b5e" executionId="6620585a-6faa-4281-a9c2-da250532967e" testListId="8c84fa94-04c1-424b-9868-57a2d4851a1d" />
    <TestEntry testId="45c0ed35-3801-fd39-72e9-842befa716d9" executionId="d8ed6cf8-da49-4498-8871-c8aba0391c65" testListId="8c84fa94-04c1-424b-9868-57a2d4851a1d" />
    <TestEntry testId="2582410d-2726-a653-733b-0912934edde4" executionId="1c416b71-0fb5-400e-9930-b8d0aa1ddde3" testListId="8c84fa94-04c1-424b-9868-57a2d4851a1d" />
    <TestEntry testId="9f544328-b14d-2f96-b54b-781ab9cf51e8" executionId="484d83db-7e0e-4d8b-a515-502eaf6337d4" testListId="8c84fa94-04c1-424b-9868-57a2d4851a1d" />
    <TestEntry testId="8106ff23-bb8f-04f9-7754-208ee15e0e54" executionId="79cacb88-504d-4ea6-a91f-8cbdebc3349d" testListId="8c84fa94-04c1-424b-9868-57a2d4851a1d" />
    <TestEntry testId="85f24840-3222-d447-0677-9820b9294533" executionId="9717b2de-a73a-4405-8d60-62127050717b" testListId="8c84fa94-04c1-424b-9868-57a2d4851a1d" />
    <TestEntry testId="17d2bd4a-a575-7ccc-1676-102dfc4795d6" executionId="798e5ec6-2d8e-432e-8598-853ccc34f74e" testListId="8c84fa94-04c1-424b-9868-57a2d4851a1d" />
    <TestEntry testId="8bb24d97-4056-0aed-e738-d86e9d34f566" executionId="59018140-33f8-441b-9ee5-470a691c83b7" testListId="8c84fa94-04c1-424b-9868-57a2d4851a1d" />
    <TestEntry testId="40701e53-787e-9af9-e51e-796a4964c5fd" executionId="bab09159-ea9e-4ae2-b375-74c53857f8ab" testListId="8c84fa94-04c1-424b-9868-57a2d4851a1d" />
    <TestEntry testId="def966b3-b198-e5b0-2219-bdde89be7924" executionId="601d4b2e-b471-4896-963f-5013e87fe94a" testListId="8c84fa94-04c1-424b-9868-57a2d4851a1d" />
    <TestEntry testId="3f5baae7-b2ef-0a09-bc51-f8b04a3acced" executionId="967ac4f8-4ff7-4d6d-ab08-ab3b5ba7a775" testListId="8c84fa94-04c1-424b-9868-57a2d4851a1d" />
    <TestEntry testId="185a6cd6-33af-0e1e-0bd1-2a440f9d65a0" executionId="4deae9dd-a8f3-4d7d-ae60-ca26dbb527a9" testListId="8c84fa94-04c1-424b-9868-57a2d4851a1d" />
    <TestEntry testId="e35c95a4-d974-6814-c593-743bae04117a" executionId="b228d76d-3af6-4a57-b4c6-819f7cdc9e2c" testListId="8c84fa94-04c1-424b-9868-57a2d4851a1d" />
    <TestEntry testId="4331c44f-f3ff-6fce-80db-d30dfc1b0433" executionId="79cb2570-cc99-48d0-aa97-9ca6090de2fa" testListId="8c84fa94-04c1-424b-9868-57a2d4851a1d" />
    <TestEntry testId="3b0de714-8f13-7aca-97ab-ed01b955f773" executionId="411043c1-4949-41bd-9577-025a7cea5809" testListId="8c84fa94-04c1-424b-9868-57a2d4851a1d" />
    <TestEntry testId="61590a98-8800-c63c-636c-5d74543a54c1" executionId="8f30ffb1-2a24-425c-b1ea-fbe3cffe03d0" testListId="8c84fa94-04c1-424b-9868-57a2d4851a1d" />
    <TestEntry testId="bae1f3df-becb-30fb-65d6-6c7c19ab5a1d" executionId="7038dd90-1f75-4ae6-ba8c-b7ced0bce466" testListId="8c84fa94-04c1-424b-9868-57a2d4851a1d" />
    <TestEntry testId="62abf167-66b2-7338-5ead-888596c0fffe" executionId="74310d84-f350-45b0-a3ab-ead54373f9e1" testListId="8c84fa94-04c1-424b-9868-57a2d4851a1d" />
    <TestEntry testId="ccc07dc4-5c65-0922-771d-b881981eeb94" executionId="91c5e85f-0af3-4b15-ae09-854751407690" testListId="8c84fa94-04c1-424b-9868-57a2d4851a1d" />
    <TestEntry testId="162f6cfb-c27f-27d9-ae85-1a410ddacc2e" executionId="8eb21d0f-0cf5-44fe-a10c-be4564dc3c4c" testListId="8c84fa94-04c1-424b-9868-57a2d4851a1d" />
    <TestEntry testId="7b1afa91-2553-0542-d21b-b944f43fb732" executionId="2fd37145-b177-4b43-a580-71b479594bb6" testListId="8c84fa94-04c1-424b-9868-57a2d4851a1d" />
    <TestEntry testId="697a3a18-bb68-1bc4-ecac-a4680501e02f" executionId="f307e539-ec4f-47ef-be9a-9ab8d7f32e11" testListId="8c84fa94-04c1-424b-9868-57a2d4851a1d" />
    <TestEntry testId="7acc5254-e1e8-fc5e-ffbb-a06142942287" executionId="1acb3379-d1ca-4606-a864-1abe7f7646fa" testListId="8c84fa94-04c1-424b-9868-57a2d4851a1d" />
    <TestEntry testId="7264d755-3cfa-51c2-00b7-8c3c5d03bdbd" executionId="4b3cd341-0b26-484a-bfb9-3374bbc5e723" testListId="8c84fa94-04c1-424b-9868-57a2d4851a1d" />
    <TestEntry testId="a5f21c48-f469-8d11-cd8e-07391ae2a35b" executionId="9a775a20-deb7-41c1-9186-0592d34c9137" testListId="8c84fa94-04c1-424b-9868-57a2d4851a1d" />
    <TestEntry testId="5fc7d131-6de1-7ffe-375b-8ea28a5dbcb8" executionId="872b8cf6-0234-4540-8c91-1be2438dc34b" testListId="8c84fa94-04c1-424b-9868-57a2d4851a1d" />
  </TestEntries>
  <TestLists>
    <TestList name="Results Not in a List" id="8c84fa94-04c1-424b-9868-57a2d4851a1d" />
    <TestList name="All Loaded Results" id="19431567-8539-422a-85d7-44ee4e166bda" />
  </TestLists>
  <ResultSummary outcome="Completed">
    <Counters total="349" executed="349" passed="349" failed="0" error="0" timeout="0" aborted="0" inconclusive="0" passedButRunAborted="0" notRunnable="0" notExecuted="0" disconnected="0" warning="0" completed="0" inProgress="0" pending="0" />
    <Output>
      <StdOut>[xUnit.net 00:00:00.00] xUnit.net VSTest Adapter v2.4.5+1caef2f33e (64-bit .NET 8.0.19)
[xUnit.net 00:00:04.87]   Discovering: BuckScience.Tests
[xUnit.net 00:00:04.99]   Discovered:  BuckScience.Tests
[xUnit.net 00:00:04.99]   Starting:    BuckScience.Tests
[xUnit.net 00:00:06.46]   Finished:    BuckScience.Tests
</StdOut>
    </Output>
  </ResultSummary>
</TestRun>