<?xml version="1.0" encoding="utf-8"?>
<TestRun id="56b40e59-15e0-4b06-b6fd-30016ea9b632" name="@runnervmf4ws1 2025-09-10 21:42:17" xmlns="http://microsoft.com/schemas/VisualStudio/TeamTest/2010">
  <Times creation="2025-09-10T21:42:17.6163906+00:00" queuing="2025-09-10T21:42:17.6163907+00:00" start="2025-09-10T21:42:14.3544657+00:00" finish="2025-09-10T21:42:17.6848205+00:00" />
  <TestSettings name="default" id="d16fa777-6e86-4873-80f5-14ed6e800a02">
    <Deployment runDeploymentRoot="_runnervmf4ws1_2025-09-10_21_42_17" />
  </TestSettings>
  <Results>
    <UnitTestResult executionId="21800bf4-85a4-4cc1-80db-cdde37e1e3f7" testId="f8565019-7e1a-d4d3-b349-7121ac8fabab" testName="BuckScience.Tests.Application.FeatureWeights.GetFeatureWeightsDateResolutionTests.HandleAsync_WithDate_DefaultMappings_ResolvesExpectedPrimarySeason(month: 11, expectedPrimarySeason: Rut)" computerName="runnervmf4ws1" duration="00:00:00.0011731" startTime="2025-09-10T21:42:17.5772475+00:00" endTime="2025-09-10T21:42:17.5772475+00:00" testType="13cdc9d9-ddb5-4fa4-a97d-d965ccfc6d4b" outcome="Passed" testListId="8c84fa94-04c1-424b-9868-57a2d4851a1d" relativeResultsDirectory="21800bf4-85a4-4cc1-80db-cdde37e1e3f7" />
    <UnitTestResult executionId="3492fde3-7e4d-4013-9df4-9313ceead9b2" testId="72e4583e-7bd1-6573-8e0c-b7583f2d0b50" testName="BuckScience.Tests.Application.FeatureWeights.GetFeatureWeightsDateResolutionTests.HandleAsync_WithDate_PropertyOverride_ResolvesCustomSeason" computerName="runnervmf4ws1" duration="00:00:00.0026941" startTime="2025-09-10T21:42:17.5881876+00:00" endTime="2025-09-10T21:42:17.5881877+00:00" testType="13cdc9d9-ddb5-4fa4-a97d-d965ccfc6d4b" outcome="Passed" testListId="8c84fa94-04c1-424b-9868-57a2d4851a1d" relativeResultsDirectory="3492fde3-7e4d-4013-9df4-9313ceead9b2" />
    <UnitTestResult executionId="665dea6f-31f5-40b8-9f70-22cc3db80002" testId="9d69f166-b376-a2ad-1cb5-4f5364963c50" testName="BuckScience.Tests.Application.FeatureWeights.GetFeatureWeightsDateResolutionTests.HandleAsync_WithDate_InvalidPropertyId_ThrowsInvalidOperationException" computerName="runnervmf4ws1" duration="00:00:00.0030065" startTime="2025-09-10T21:42:17.5816002+00:00" endTime="2025-09-10T21:42:17.5816003+00:00" testType="13cdc9d9-ddb5-4fa4-a97d-d965ccfc6d4b" outcome="Passed" testListId="8c84fa94-04c1-424b-9868-57a2d4851a1d" relativeResultsDirectory="665dea6f-31f5-40b8-9f70-22cc3db80002" />
    <UnitTestResult executionId="2d38d7f8-e6f3-4ab6-bc4d-ff06ccd2fa8c" testId="67cea702-8500-937a-27c8-4c669b6e1597" testName="BuckScience.Tests.Application.FeatureWeights.GetFeatureWeightsDateResolutionTests.HandleAsync_WithDate_DefaultMappings_ResolvesExpectedPrimarySeason(month: 1, expectedPrimarySeason: LateSeason)" computerName="runnervmf4ws1" duration="00:00:00.0012212" startTime="2025-09-10T21:42:17.5760265+00:00" endTime="2025-09-10T21:42:17.5760266+00:00" testType="13cdc9d9-ddb5-4fa4-a97d-d965ccfc6d4b" outcome="Passed" testListId="8c84fa94-04c1-424b-9868-57a2d4851a1d" relativeResultsDirectory="2d38d7f8-e6f3-4ab6-bc4d-ff06ccd2fa8c" />
    <UnitTestResult executionId="0d93783f-d504-49cf-8fd6-b0381e383f46" testId="5211619f-dadc-f40e-733e-74664040f64d" testName="BuckScience.Tests.Application.FeatureWeights.GetFeatureWeightsDateResolutionTests.HandleAsync_WithDate_DefaultMappings_ResolvesExpectedPrimarySeason(month: 10, expectedPrimarySeason: EarlySeason)" computerName="runnervmf4ws1" duration="00:00:00.0012145" startTime="2025-09-10T21:42:17.5785173+00:00" endTime="2025-09-10T21:42:17.5785173+00:00" testType="13cdc9d9-ddb5-4fa4-a97d-d965ccfc6d4b" outcome="Passed" testListId="8c84fa94-04c1-424b-9868-57a2d4851a1d" relativeResultsDirectory="0d93783f-d504-49cf-8fd6-b0381e383f46" />
    <UnitTestResult executionId="9c9ecc87-58fb-418e-beed-b2cf57f42685" testId="c2ecdd5b-e826-0361-04c0-37d21eeea23d" testName="BuckScience.Tests.Application.FeatureWeights.GetFeatureWeightsDateResolutionTests.HandleAsync_WithDate_DefaultSeasonMapping_ResolvesCorrectSeason" computerName="runnervmf4ws1" duration="00:00:00.0037624" startTime="2025-09-10T21:42:17.5854333+00:00" endTime="2025-09-10T21:42:17.5854334+00:00" testType="13cdc9d9-ddb5-4fa4-a97d-d965ccfc6d4b" outcome="Passed" testListId="8c84fa94-04c1-424b-9868-57a2d4851a1d" relativeResultsDirectory="9c9ecc87-58fb-418e-beed-b2cf57f42685" />
    <UnitTestResult executionId="2ab89791-f9df-4ffa-b7e8-b3b9c610c1b9" testId="f3cf5dfa-ba92-e357-4965-81c40141969f" testName="BuckScience.Tests.Application.FeatureWeights.GetFeatureWeightsDateResolutionTests.HandleAsync_WithDate_DefaultMappings_ResolvesExpectedPrimarySeason(month: 12, expectedPrimarySeason: PostRut)" computerName="runnervmf4ws1" duration="00:00:00.0330478" startTime="2025-09-10T21:42:17.5600734+00:00" endTime="2025-09-10T21:42:17.5600735+00:00" testType="13cdc9d9-ddb5-4fa4-a97d-d965ccfc6d4b" outcome="Passed" testListId="8c84fa94-04c1-424b-9868-57a2d4851a1d" relativeResultsDirectory="2ab89791-f9df-4ffa-b7e8-b3b9c610c1b9" />
    <UnitTestResult executionId="7bdfe74c-78b7-465c-91b7-c2acdc472f61" testId="f9384c4f-aa2b-58de-b1ef-2b7bf3f8d2db" testName="BuckScience.Tests.Application.FeatureWeights.GetFeatureWeightsDateResolutionTests.HandleAsync_WithDate_DefaultMappings_ResolvesExpectedPrimarySeason(month: 9, expectedPrimarySeason: EarlySeason)" computerName="runnervmf4ws1" duration="00:00:00.0146418" startTime="2025-09-10T21:42:17.5747439+00:00" endTime="2025-09-10T21:42:17.5747440+00:00" testType="13cdc9d9-ddb5-4fa4-a97d-d965ccfc6d4b" outcome="Passed" testListId="8c84fa94-04c1-424b-9868-57a2d4851a1d" relativeResultsDirectory="7bdfe74c-78b7-465c-91b7-c2acdc472f61" />
    <UnitTestResult executionId="4feae9ad-13dc-4f7b-a357-6bccb6bbaaad" testId="4cc42eb6-e899-4ec5-21b6-53546311ab9e" testName="BuckScience.Tests.Application.FeatureWeights.GetFeatureWeightsDateResolutionTests.HandleAsync_WithDate_NoMatchingSeason_FallsBackToUserOrDefaultWeight" computerName="runnervmf4ws1" duration="00:00:00.0041911" startTime="2025-09-10T21:42:17.5984019+00:00" endTime="2025-09-10T21:42:17.5984020+00:00" testType="13cdc9d9-ddb5-4fa4-a97d-d965ccfc6d4b" outcome="Passed" testListId="8c84fa94-04c1-424b-9868-57a2d4851a1d" relativeResultsDirectory="4feae9ad-13dc-4f7b-a357-6bccb6bbaaad" />
    <UnitTestResult executionId="ec27a2db-1fdb-47d1-b4a9-60a0bf6ae8a8" testId="a1c1968f-35fe-99e9-9ed5-6d92bfa17acb" testName="BuckScience.Tests.Application.FeatureWeights.GetFeatureWeightsDateResolutionTests.HandleAsync_WithDate_MultipleUserTypes_AllReturnValidResults" computerName="runnervmf4ws1" duration="00:00:01.1138429" startTime="2025-09-10T21:42:17.5277088+00:00" endTime="2025-09-10T21:42:17.5277396+00:00" testType="13cdc9d9-ddb5-4fa4-a97d-d965ccfc6d4b" outcome="Passed" testListId="8c84fa94-04c1-424b-9868-57a2d4851a1d" relativeResultsDirectory="ec27a2db-1fdb-47d1-b4a9-60a0bf6ae8a8" />
  </Results>
  <TestDefinitions>
    <UnitTest name="BuckScience.Tests.Application.FeatureWeights.GetFeatureWeightsDateResolutionTests.HandleAsync_WithDate_DefaultMappings_ResolvesExpectedPrimarySeason(month: 12, expectedPrimarySeason: PostRut)" storage="/home/runner/work/buckscienceapp/buckscienceapp/tests/buckscience.tests/bin/debug/net8.0/buckscience.tests.dll" id="f3cf5dfa-ba92-e357-4965-81c40141969f">
      <Execution id="2ab89791-f9df-4ffa-b7e8-b3b9c610c1b9" />
      <TestMethod codeBase="/home/runner/work/BuckScienceApp/BuckScienceApp/tests/BuckScience.Tests/bin/Debug/net8.0/BuckScience.Tests.dll" adapterTypeName="executor://xunit/VsTestRunner2/netcoreapp" className="BuckScience.Tests.Application.FeatureWeights.GetFeatureWeightsDateResolutionTests" name="HandleAsync_WithDate_DefaultMappings_ResolvesExpectedPrimarySeason" />
    </UnitTest>
    <UnitTest name="BuckScience.Tests.Application.FeatureWeights.GetFeatureWeightsDateResolutionTests.HandleAsync_WithDate_PropertyOverride_ResolvesCustomSeason" storage="/home/runner/work/buckscienceapp/buckscienceapp/tests/buckscience.tests/bin/debug/net8.0/buckscience.tests.dll" id="72e4583e-7bd1-6573-8e0c-b7583f2d0b50">
      <Execution id="3492fde3-7e4d-4013-9df4-9313ceead9b2" />
      <TestMethod codeBase="/home/runner/work/BuckScienceApp/BuckScienceApp/tests/BuckScience.Tests/bin/Debug/net8.0/BuckScience.Tests.dll" adapterTypeName="executor://xunit/VsTestRunner2/netcoreapp" className="BuckScience.Tests.Application.FeatureWeights.GetFeatureWeightsDateResolutionTests" name="HandleAsync_WithDate_PropertyOverride_ResolvesCustomSeason" />
    </UnitTest>
    <UnitTest name="BuckScience.Tests.Application.FeatureWeights.GetFeatureWeightsDateResolutionTests.HandleAsync_WithDate_MultipleUserTypes_AllReturnValidResults" storage="/home/runner/work/buckscienceapp/buckscienceapp/tests/buckscience.tests/bin/debug/net8.0/buckscience.tests.dll" id="a1c1968f-35fe-99e9-9ed5-6d92bfa17acb">
      <Execution id="ec27a2db-1fdb-47d1-b4a9-60a0bf6ae8a8" />
      <TestMethod codeBase="/home/runner/work/BuckScienceApp/BuckScienceApp/tests/BuckScience.Tests/bin/Debug/net8.0/BuckScience.Tests.dll" adapterTypeName="executor://xunit/VsTestRunner2/netcoreapp" className="BuckScience.Tests.Application.FeatureWeights.GetFeatureWeightsDateResolutionTests" name="HandleAsync_WithDate_MultipleUserTypes_AllReturnValidResults" />
    </UnitTest>
    <UnitTest name="BuckScience.Tests.Application.FeatureWeights.GetFeatureWeightsDateResolutionTests.HandleAsync_WithDate_DefaultMappings_ResolvesExpectedPrimarySeason(month: 9, expectedPrimarySeason: EarlySeason)" storage="/home/runner/work/buckscienceapp/buckscienceapp/tests/buckscience.tests/bin/debug/net8.0/buckscience.tests.dll" id="f9384c4f-aa2b-58de-b1ef-2b7bf3f8d2db">
      <Execution id="7bdfe74c-78b7-465c-91b7-c2acdc472f61" />
      <TestMethod codeBase="/home/runner/work/BuckScienceApp/BuckScienceApp/tests/BuckScience.Tests/bin/Debug/net8.0/BuckScience.Tests.dll" adapterTypeName="executor://xunit/VsTestRunner2/netcoreapp" className="BuckScience.Tests.Application.FeatureWeights.GetFeatureWeightsDateResolutionTests" name="HandleAsync_WithDate_DefaultMappings_ResolvesExpectedPrimarySeason" />
    </UnitTest>
    <UnitTest name="BuckScience.Tests.Application.FeatureWeights.GetFeatureWeightsDateResolutionTests.HandleAsync_WithDate_DefaultMappings_ResolvesExpectedPrimarySeason(month: 10, expectedPrimarySeason: EarlySeason)" storage="/home/runner/work/buckscienceapp/buckscienceapp/tests/buckscience.tests/bin/debug/net8.0/buckscience.tests.dll" id="5211619f-dadc-f40e-733e-74664040f64d">
      <Execution id="0d93783f-d504-49cf-8fd6-b0381e383f46" />
      <TestMethod codeBase="/home/runner/work/BuckScienceApp/BuckScienceApp/tests/BuckScience.Tests/bin/Debug/net8.0/BuckScience.Tests.dll" adapterTypeName="executor://xunit/VsTestRunner2/netcoreapp" className="BuckScience.Tests.Application.FeatureWeights.GetFeatureWeightsDateResolutionTests" name="HandleAsync_WithDate_DefaultMappings_ResolvesExpectedPrimarySeason" />
    </UnitTest>
    <UnitTest name="BuckScience.Tests.Application.FeatureWeights.GetFeatureWeightsDateResolutionTests.HandleAsync_WithDate_DefaultMappings_ResolvesExpectedPrimarySeason(month: 1, expectedPrimarySeason: LateSeason)" storage="/home/runner/work/buckscienceapp/buckscienceapp/tests/buckscience.tests/bin/debug/net8.0/buckscience.tests.dll" id="67cea702-8500-937a-27c8-4c669b6e1597">
      <Execution id="2d38d7f8-e6f3-4ab6-bc4d-ff06ccd2fa8c" />
      <TestMethod codeBase="/home/runner/work/BuckScienceApp/BuckScienceApp/tests/BuckScience.Tests/bin/Debug/net8.0/BuckScience.Tests.dll" adapterTypeName="executor://xunit/VsTestRunner2/netcoreapp" className="BuckScience.Tests.Application.FeatureWeights.GetFeatureWeightsDateResolutionTests" name="HandleAsync_WithDate_DefaultMappings_ResolvesExpectedPrimarySeason" />
    </UnitTest>
    <UnitTest name="BuckScience.Tests.Application.FeatureWeights.GetFeatureWeightsDateResolutionTests.HandleAsync_WithDate_InvalidPropertyId_ThrowsInvalidOperationException" storage="/home/runner/work/buckscienceapp/buckscienceapp/tests/buckscience.tests/bin/debug/net8.0/buckscience.tests.dll" id="9d69f166-b376-a2ad-1cb5-4f5364963c50">
      <Execution id="665dea6f-31f5-40b8-9f70-22cc3db80002" />
      <TestMethod codeBase="/home/runner/work/BuckScienceApp/BuckScienceApp/tests/BuckScience.Tests/bin/Debug/net8.0/BuckScience.Tests.dll" adapterTypeName="executor://xunit/VsTestRunner2/netcoreapp" className="BuckScience.Tests.Application.FeatureWeights.GetFeatureWeightsDateResolutionTests" name="HandleAsync_WithDate_InvalidPropertyId_ThrowsInvalidOperationException" />
    </UnitTest>
    <UnitTest name="BuckScience.Tests.Application.FeatureWeights.GetFeatureWeightsDateResolutionTests.HandleAsync_WithDate_NoMatchingSeason_FallsBackToUserOrDefaultWeight" storage="/home/runner/work/buckscienceapp/buckscienceapp/tests/buckscience.tests/bin/debug/net8.0/buckscience.tests.dll" id="4cc42eb6-e899-4ec5-21b6-53546311ab9e">
      <Execution id="4feae9ad-13dc-4f7b-a357-6bccb6bbaaad" />
      <TestMethod codeBase="/home/runner/work/BuckScienceApp/BuckScienceApp/tests/BuckScience.Tests/bin/Debug/net8.0/BuckScience.Tests.dll" adapterTypeName="executor://xunit/VsTestRunner2/netcoreapp" className="BuckScience.Tests.Application.FeatureWeights.GetFeatureWeightsDateResolutionTests" name="HandleAsync_WithDate_NoMatchingSeason_FallsBackToUserOrDefaultWeight" />
    </UnitTest>
    <UnitTest name="BuckScience.Tests.Application.FeatureWeights.GetFeatureWeightsDateResolutionTests.HandleAsync_WithDate_DefaultSeasonMapping_ResolvesCorrectSeason" storage="/home/runner/work/buckscienceapp/buckscienceapp/tests/buckscience.tests/bin/debug/net8.0/buckscience.tests.dll" id="c2ecdd5b-e826-0361-04c0-37d21eeea23d">
      <Execution id="9c9ecc87-58fb-418e-beed-b2cf57f42685" />
      <TestMethod codeBase="/home/runner/work/BuckScienceApp/BuckScienceApp/tests/BuckScience.Tests/bin/Debug/net8.0/BuckScience.Tests.dll" adapterTypeName="executor://xunit/VsTestRunner2/netcoreapp" className="BuckScience.Tests.Application.FeatureWeights.GetFeatureWeightsDateResolutionTests" name="HandleAsync_WithDate_DefaultSeasonMapping_ResolvesCorrectSeason" />
    </UnitTest>
    <UnitTest name="BuckScience.Tests.Application.FeatureWeights.GetFeatureWeightsDateResolutionTests.HandleAsync_WithDate_DefaultMappings_ResolvesExpectedPrimarySeason(month: 11, expectedPrimarySeason: Rut)" storage="/home/runner/work/buckscienceapp/buckscienceapp/tests/buckscience.tests/bin/debug/net8.0/buckscience.tests.dll" id="f8565019-7e1a-d4d3-b349-7121ac8fabab">
      <Execution id="21800bf4-85a4-4cc1-80db-cdde37e1e3f7" />
      <TestMethod codeBase="/home/runner/work/BuckScienceApp/BuckScienceApp/tests/BuckScience.Tests/bin/Debug/net8.0/BuckScience.Tests.dll" adapterTypeName="executor://xunit/VsTestRunner2/netcoreapp" className="BuckScience.Tests.Application.FeatureWeights.GetFeatureWeightsDateResolutionTests" name="HandleAsync_WithDate_DefaultMappings_ResolvesExpectedPrimarySeason" />
    </UnitTest>
  </TestDefinitions>
  <TestEntries>
    <TestEntry testId="f8565019-7e1a-d4d3-b349-7121ac8fabab" executionId="21800bf4-85a4-4cc1-80db-cdde37e1e3f7" testListId="8c84fa94-04c1-424b-9868-57a2d4851a1d" />
    <TestEntry testId="72e4583e-7bd1-6573-8e0c-b7583f2d0b50" executionId="3492fde3-7e4d-4013-9df4-9313ceead9b2" testListId="8c84fa94-04c1-424b-9868-57a2d4851a1d" />
    <TestEntry testId="9d69f166-b376-a2ad-1cb5-4f5364963c50" executionId="665dea6f-31f5-40b8-9f70-22cc3db80002" testListId="8c84fa94-04c1-424b-9868-57a2d4851a1d" />
    <TestEntry testId="67cea702-8500-937a-27c8-4c669b6e1597" executionId="2d38d7f8-e6f3-4ab6-bc4d-ff06ccd2fa8c" testListId="8c84fa94-04c1-424b-9868-57a2d4851a1d" />
    <TestEntry testId="5211619f-dadc-f40e-733e-74664040f64d" executionId="0d93783f-d504-49cf-8fd6-b0381e383f46" testListId="8c84fa94-04c1-424b-9868-57a2d4851a1d" />
    <TestEntry testId="c2ecdd5b-e826-0361-04c0-37d21eeea23d" executionId="9c9ecc87-58fb-418e-beed-b2cf57f42685" testListId="8c84fa94-04c1-424b-9868-57a2d4851a1d" />
    <TestEntry testId="f3cf5dfa-ba92-e357-4965-81c40141969f" executionId="2ab89791-f9df-4ffa-b7e8-b3b9c610c1b9" testListId="8c84fa94-04c1-424b-9868-57a2d4851a1d" />
    <TestEntry testId="f9384c4f-aa2b-58de-b1ef-2b7bf3f8d2db" executionId="7bdfe74c-78b7-465c-91b7-c2acdc472f61" testListId="8c84fa94-04c1-424b-9868-57a2d4851a1d" />
    <TestEntry testId="4cc42eb6-e899-4ec5-21b6-53546311ab9e" executionId="4feae9ad-13dc-4f7b-a357-6bccb6bbaaad" testListId="8c84fa94-04c1-424b-9868-57a2d4851a1d" />
    <TestEntry testId="a1c1968f-35fe-99e9-9ed5-6d92bfa17acb" executionId="ec27a2db-1fdb-47d1-b4a9-60a0bf6ae8a8" testListId="8c84fa94-04c1-424b-9868-57a2d4851a1d" />
  </TestEntries>
  <TestLists>
    <TestList name="Results Not in a List" id="8c84fa94-04c1-424b-9868-57a2d4851a1d" />
    <TestList name="All Loaded Results" id="19431567-8539-422a-85d7-44ee4e166bda" />
  </TestLists>
  <ResultSummary outcome="Completed">
    <Counters total="10" executed="10" passed="10" failed="0" error="0" timeout="0" aborted="0" inconclusive="0" passedButRunAborted="0" notRunnable="0" notExecuted="0" disconnected="0" warning="0" completed="0" inProgress="0" pending="0" />
    <Output>
      <StdOut>[xUnit.net 00:00:00.00] xUnit.net VSTest Adapter v2.4.5+1caef2f33e (64-bit .NET 8.0.19)
[xUnit.net 00:00:01.20]   Discovering: BuckScience.Tests
[xUnit.net 00:00:01.31]   Discovered:  BuckScience.Tests
[xUnit.net 00:00:01.32]   Starting:    BuckScience.Tests
[xUnit.net 00:00:02.55]   Finished:    BuckScience.Tests
</StdOut>
    </Output>
  </ResultSummary>
</TestRun>