<?xml version="1.0" encoding="utf-8"?>
<TestRun id="3861d2e3-e93e-42ca-b756-ad9be8c12b97" name="@runnervmf4ws1 2025-09-10 18:12:34" xmlns="http://microsoft.com/schemas/VisualStudio/TeamTest/2010">
  <Times creation="2025-09-10T18:12:34.2920523+00:00" queuing="2025-09-10T18:12:34.2920524+00:00" start="2025-09-10T18:12:32.1611438+00:00" finish="2025-09-10T18:12:35.6597114+00:00" />
  <TestSettings name="default" id="fd8b2835-409a-408c-9e49-5bb958f59952">
    <Deployment runDeploymentRoot="_runnervmf4ws1_2025-09-10_18_12_34" />
  </TestSettings>
  <Results>
    <UnitTestResult executionId="9301ddf4-297a-4071-9b53-46ff6df0c16f" testId="b96d0d20-292a-e609-b515-79cd877929d7" testName="BuckScience.Tests.Web.Helpers.WeatherHelpersTests.ConvertWindDirectionToText_VariousAngles_ReturnsCorrectDirection(degrees: 337.5, expected: &quot;NNW&quot;)" computerName="runnervmf4ws1" duration="00:00:00.0000059" startTime="2025-09-10T18:12:35.4188454+00:00" endTime="2025-09-10T18:12:35.4188455+00:00" testType="13cdc9d9-ddb5-4fa4-a97d-d965ccfc6d4b" outcome="Passed" testListId="8c84fa94-04c1-424b-9868-57a2d4851a1d" relativeResultsDirectory="9301ddf4-297a-4071-9b53-46ff6df0c16f" />
    <UnitTestResult executionId="8a42357b-6cba-46ad-b1fd-f29a15415eea" testId="3b62dc28-12fd-93fe-6512-390293682652" testName="BuckScience.Tests.CameraCreateVmTests.CameraCreateVm_PropertyCoordinates_ShouldBeInitializedToZero" computerName="runnervmf4ws1" duration="00:00:00.0001402" startTime="2025-09-10T18:12:34.2453237+00:00" endTime="2025-09-10T18:12:34.2453237+00:00" testType="13cdc9d9-ddb5-4fa4-a97d-d965ccfc6d4b" outcome="Passed" testListId="8c84fa94-04c1-424b-9868-57a2d4851a1d" relativeResultsDirectory="8a42357b-6cba-46ad-b1fd-f29a15415eea" />
    <UnitTestResult executionId="79287a27-131c-4049-b3e0-cc717c3aa557" testId="517f9dbf-42b8-6c68-c79b-d5d973668018" testName="BuckScience.Tests.CameraCreateVmTests.CameraCreateVm_DirectionSync_ShouldWorkForAllDirections(direction: N, expectedDegrees: 0)" computerName="runnervmf4ws1" duration="00:00:00.0128925" startTime="2025-09-10T18:12:34.1907460+00:00" endTime="2025-09-10T18:12:34.1907460+00:00" testType="13cdc9d9-ddb5-4fa4-a97d-d965ccfc6d4b" outcome="Passed" testListId="8c84fa94-04c1-424b-9868-57a2d4851a1d" relativeResultsDirectory="79287a27-131c-4049-b3e0-cc717c3aa557" />
    <UnitTestResult executionId="3076274a-0fe8-4e0b-850c-0565d6c935e4" testId="59d49ae8-fe17-c8a4-30e6-e31bf9671e6d" testName="BuckScience.Tests.Web.Helpers.WeatherHelpersTests.ConvertWindDirectionToText_VariousAngles_ReturnsCorrectDirection(degrees: 11.25, expected: &quot;NNE&quot;)" computerName="runnervmf4ws1" duration="00:00:00.0000052" startTime="2025-09-10T18:12:35.4191228+00:00" endTime="2025-09-10T18:12:35.4191228+00:00" testType="13cdc9d9-ddb5-4fa4-a97d-d965ccfc6d4b" outcome="Passed" testListId="8c84fa94-04c1-424b-9868-57a2d4851a1d" relativeResultsDirectory="3076274a-0fe8-4e0b-850c-0565d6c935e4" />
    <UnitTestResult executionId="1a9ad279-7ab0-41de-884f-836a6acaad11" testId="5d2b9441-7258-8eb0-806c-14775f849641" testName="BuckScience.Tests.TaggingSystemTests.RemoveTagFromPhotos_ShouldRemoveSpecifiedTags" computerName="runnervmf4ws1" duration="00:00:00.9577485" startTime="2025-09-10T18:12:35.2406498+00:00" endTime="2025-09-10T18:12:35.2406500+00:00" testType="13cdc9d9-ddb5-4fa4-a97d-d965ccfc6d4b" outcome="Passed" testListId="8c84fa94-04c1-424b-9868-57a2d4851a1d" relativeResultsDirectory="1a9ad279-7ab0-41de-884f-836a6acaad11" />
    <UnitTestResult executionId="bb9a4696-a94a-4973-b4b6-cd2ee79560cb" testId="3b0de714-8f13-7aca-97ab-ed01b955f773" testName="BuckScience.Tests.Domain.FeatureWeightTests.FeatureWeight_Constructor_SetsPropertiesCorrectly" computerName="runnervmf4ws1" duration="00:00:00.0051240" startTime="2025-09-10T18:12:35.3089222+00:00" endTime="2025-09-10T18:12:35.3089224+00:00" testType="13cdc9d9-ddb5-4fa4-a97d-d965ccfc6d4b" outcome="Passed" testListId="8c84fa94-04c1-424b-9868-57a2d4851a1d" relativeResultsDirectory="bb9a4696-a94a-4973-b4b6-cd2ee79560cb" />
    <UnitTestResult executionId="84e8d869-fc92-44de-9afe-34d5d2e4437b" testId="69b65817-cd82-0a96-5e68-ab587e27eb95" testName="BuckScience.Tests.PhotoFilteringUrlExamples.BuildFilters_UrlParameters_ShouldParseCorrectly(urlParams: &quot;tempMin=20&quot;, expectedTempMin: 20, expectedTempMax: null, expectedWindMin: null, expectedWindMax: null)" computerName="runnervmf4ws1" duration="00:00:00.0004472" startTime="2025-09-10T18:12:34.4021432+00:00" endTime="2025-09-10T18:12:34.4021433+00:00" testType="13cdc9d9-ddb5-4fa4-a97d-d965ccfc6d4b" outcome="Passed" testListId="8c84fa94-04c1-424b-9868-57a2d4851a1d" relativeResultsDirectory="84e8d869-fc92-44de-9afe-34d5d2e4437b" />
    <UnitTestResult executionId="40b075b7-d3f2-456a-bbc0-18e64be593bc" testId="a6b7ec4e-8439-0e75-5dff-9c306313533e" testName="BuckScience.Tests.Domain.PropertySeasonMonthsOverrideTests.PropertySeasonMonthsOverride_Constructor_WithNullMonths_ThrowsArgumentNullException" computerName="runnervmf4ws1" duration="00:00:00.0003631" startTime="2025-09-10T18:12:34.3743999+00:00" endTime="2025-09-10T18:12:34.3744000+00:00" testType="13cdc9d9-ddb5-4fa4-a97d-d965ccfc6d4b" outcome="Passed" testListId="8c84fa94-04c1-424b-9868-57a2d4851a1d" relativeResultsDirectory="40b075b7-d3f2-456a-bbc0-18e64be593bc" />
    <UnitTestResult executionId="e38b8783-61ee-47f9-a8aa-c250471783b5" testId="65305c54-3e3e-31b1-f5dd-4a4bc66b7c08" testName="BuckScience.Tests.CameraCreateVmTests.CameraCreateVm_ShouldIncludePropertyCoordinates" computerName="runnervmf4ws1" duration="00:00:00.0056474" startTime="2025-09-10T18:12:34.2451744+00:00" endTime="2025-09-10T18:12:34.2451745+00:00" testType="13cdc9d9-ddb5-4fa4-a97d-d965ccfc6d4b" outcome="Passed" testListId="8c84fa94-04c1-424b-9868-57a2d4851a1d" relativeResultsDirectory="e38b8783-61ee-47f9-a8aa-c250471783b5" />
    <UnitTestResult executionId="86593d09-17fe-4f8d-9a1e-e1e958491de6" testId="7ae16dcf-6b89-2e79-9d90-4b5fa9ac7af9" testName="BuckScience.Tests.Domain.FeatureWeightTests.FeatureWeight_UpdateUserWeight_UpdatesValueAndTimestamp" computerName="runnervmf4ws1" duration="00:00:00.0103812" startTime="2025-09-10T18:12:35.3014264+00:00" endTime="2025-09-10T18:12:35.3014266+00:00" testType="13cdc9d9-ddb5-4fa4-a97d-d965ccfc6d4b" outcome="Passed" testListId="8c84fa94-04c1-424b-9868-57a2d4851a1d" relativeResultsDirectory="86593d09-17fe-4f8d-9a1e-e1e958491de6" />
    <UnitTestResult executionId="0f63ec3b-d2e8-4084-8167-10aaaf2c3ab8" testId="e294371f-24bd-e5af-41b0-5a6f22f8d71f" testName="BuckScience.Tests.Web.Helpers.WeatherHelpersTests.ConvertWindDirectionTextToNumeric_ValidDirections_ReturnsCorrectDegrees(direction: &quot;S&quot;, expected: 180)" computerName="runnervmf4ws1" duration="00:00:00.0000082" startTime="2025-09-10T18:12:35.4213566+00:00" endTime="2025-09-10T18:12:35.4213567+00:00" testType="13cdc9d9-ddb5-4fa4-a97d-d965ccfc6d4b" outcome="Passed" testListId="8c84fa94-04c1-424b-9868-57a2d4851a1d" relativeResultsDirectory="0f63ec3b-d2e8-4084-8167-10aaaf2c3ab8" />
    <UnitTestResult executionId="56f5d40d-936c-4810-a54c-d67fcc250f1c" testId="dab68c95-06ed-1b25-9b7e-b55b2972fccc" testName="BuckScience.Tests.WeatherServiceTests.RoundCoordinates_ShouldRoundTo1DecimalPlace" computerName="runnervmf4ws1" duration="00:00:00.0007872" startTime="2025-09-10T18:12:34.2695260+00:00" endTime="2025-09-10T18:12:34.2695260+00:00" testType="13cdc9d9-ddb5-4fa4-a97d-d965ccfc6d4b" outcome="Passed" testListId="8c84fa94-04c1-424b-9868-57a2d4851a1d" relativeResultsDirectory="56f5d40d-936c-4810-a54c-d67fcc250f1c" />
    <UnitTestResult executionId="638cc379-3dd6-4b30-976b-6458eec64935" testId="752ffb05-78eb-92e0-4e1e-4d5811cca95a" testName="BuckScience.Tests.Domain.MonthsAttributeTests.MonthsAttribute_Constructor_WithEmptyMonths_ThrowsArgumentException" computerName="runnervmf4ws1" duration="00:00:00.0008698" startTime="2025-09-10T18:12:35.4061961+00:00" endTime="2025-09-10T18:12:35.4061962+00:00" testType="13cdc9d9-ddb5-4fa4-a97d-d965ccfc6d4b" outcome="Passed" testListId="8c84fa94-04c1-424b-9868-57a2d4851a1d" relativeResultsDirectory="638cc379-3dd6-4b30-976b-6458eec64935" />
    <UnitTestResult executionId="766a55b5-ea10-40c0-8f4a-ae5f7fa9ba24" testId="7aa5e31a-c407-5fc0-2788-70d3aa03acd3" testName="BuckScience.Tests.PhotoFilteringUrlExamples.BuildFilters_ConditionsParameters_ShouldParseCorrectly(conditions: &quot;Rainy&quot;, expectedConditions: [&quot;Rainy&quot;])" computerName="runnervmf4ws1" duration="00:00:00.0000174" startTime="2025-09-10T18:12:34.4047755+00:00" endTime="2025-09-10T18:12:34.4047755+00:00" testType="13cdc9d9-ddb5-4fa4-a97d-d965ccfc6d4b" outcome="Passed" testListId="8c84fa94-04c1-424b-9868-57a2d4851a1d" relativeResultsDirectory="766a55b5-ea10-40c0-8f4a-ae5f7fa9ba24" />
    <UnitTestResult executionId="2d9c9257-a19d-44e7-a5c2-a068e48fc24c" testId="89ecaa3a-044a-88b6-09ea-2d19af9e4614" testName="BuckScience.Tests.Domain.PropertyFeatureTests.Constructor_WithInvalidWeight_ThrowsArgumentOutOfRangeException(weight: -0.100000001)" computerName="runnervmf4ws1" duration="00:00:00.0000665" startTime="2025-09-10T18:12:35.3862913+00:00" endTime="2025-09-10T18:12:35.3862913+00:00" testType="13cdc9d9-ddb5-4fa4-a97d-d965ccfc6d4b" outcome="Passed" testListId="8c84fa94-04c1-424b-9868-57a2d4851a1d" relativeResultsDirectory="2d9c9257-a19d-44e7-a5c2-a068e48fc24c" />
    <UnitTestResult executionId="e957d412-1171-47cd-a2f9-dbdbbbd3a448" testId="31c8774a-1539-0a44-3404-de06d646b468" testName="BuckScience.Tests.Web.Helpers.WeatherHelpersTests.ConvertMoonPhaseToText_VariousValues_ReturnsCorrectText(phase: 0.10000000000000001, expected: &quot;Waxing Crescent&quot;)" computerName="runnervmf4ws1" duration="00:00:00.0000035" startTime="2025-09-10T18:12:35.4157602+00:00" endTime="2025-09-10T18:12:35.4157602+00:00" testType="13cdc9d9-ddb5-4fa4-a97d-d965ccfc6d4b" outcome="Passed" testListId="8c84fa94-04c1-424b-9868-57a2d4851a1d" relativeResultsDirectory="e957d412-1171-47cd-a2f9-dbdbbbd3a448" />
    <UnitTestResult executionId="a4bffd26-693a-4175-9495-298345f969eb" testId="615647ea-1f6e-f46b-032e-269c67342efc" testName="BuckScience.Tests.Domain.MonthsAttributeTests.MonthsAttribute_Constructor_WithSingleMonth_SetsMonthCorrectly" computerName="runnervmf4ws1" duration="00:00:00.0002717" startTime="2025-09-10T18:12:35.4046862+00:00" endTime="2025-09-10T18:12:35.4046863+00:00" testType="13cdc9d9-ddb5-4fa4-a97d-d965ccfc6d4b" outcome="Passed" testListId="8c84fa94-04c1-424b-9868-57a2d4851a1d" relativeResultsDirectory="a4bffd26-693a-4175-9495-298345f969eb" />
    <UnitTestResult executionId="6a3055ad-ba8a-47b0-a829-bad96311c128" testId="ddd7ef0f-f8d8-3f23-14c1-c969cc917d3a" testName="BuckScience.Tests.TaggingRequirementsTests.Requirement2_NewTagCreation_ShouldBeSupported" computerName="runnervmf4ws1" duration="00:00:00.0101644" startTime="2025-09-10T18:12:35.5031974+00:00" endTime="2025-09-10T18:12:35.5031975+00:00" testType="13cdc9d9-ddb5-4fa4-a97d-d965ccfc6d4b" outcome="Passed" testListId="8c84fa94-04c1-424b-9868-57a2d4851a1d" relativeResultsDirectory="6a3055ad-ba8a-47b0-a829-bad96311c128" />
    <UnitTestResult executionId="7cafaa26-af2f-4e0d-9ffe-321420ba1932" testId="1c742a22-39f7-5815-626c-daa50ff10c87" testName="BuckScience.Tests.Domain.FeatureWeightTests.FeatureWeight_SeasonalWeights_JsonSerialization_WorksCorrectly" computerName="runnervmf4ws1" duration="00:00:00.0004149" startTime="2025-09-10T18:12:35.3240723+00:00" endTime="2025-09-10T18:12:35.3240723+00:00" testType="13cdc9d9-ddb5-4fa4-a97d-d965ccfc6d4b" outcome="Passed" testListId="8c84fa94-04c1-424b-9868-57a2d4851a1d" relativeResultsDirectory="7cafaa26-af2f-4e0d-9ffe-321420ba1932" />
    <UnitTestResult executionId="d8d6892d-02fc-4109-b9f7-44de01cd22db" testId="11c53883-3d96-0957-d8a1-9dcf44cb5e78" testName="BuckScience.Tests.Web.Helpers.WeatherHelpersTests.StandardWindDirections_Contains16Directions" computerName="runnervmf4ws1" duration="00:00:00.0025515" startTime="2025-09-10T18:12:35.4257053+00:00" endTime="2025-09-10T18:12:35.4257054+00:00" testType="13cdc9d9-ddb5-4fa4-a97d-d965ccfc6d4b" outcome="Passed" testListId="8c84fa94-04c1-424b-9868-57a2d4851a1d" relativeResultsDirectory="d8d6892d-02fc-4109-b9f7-44de01cd22db" />
    <UnitTestResult executionId="f71799f3-28d3-4f5a-9cdb-3cb3a2a21092" testId="ee1257ff-a5a9-5181-9e7b-d35ad6e89445" testName="BuckScience.Tests.Domain.FeatureWeightTests.FeatureWeight_GetEffectiveWeight_ReturnsSeasonalWeightWhenAvailable" computerName="runnervmf4ws1" duration="00:00:00.0005424" startTime="2025-09-10T18:12:35.3239338+00:00" endTime="2025-09-10T18:12:35.3239339+00:00" testType="13cdc9d9-ddb5-4fa4-a97d-d965ccfc6d4b" outcome="Passed" testListId="8c84fa94-04c1-424b-9868-57a2d4851a1d" relativeResultsDirectory="f71799f3-28d3-4f5a-9cdb-3cb3a2a21092" />
    <UnitTestResult executionId="e096af66-05b2-4bd5-af13-b711b0c96576" testId="a7aa3cc0-0ea1-3d0c-3a62-ac5a405bf34e" testName="BuckScience.Tests.TaggingRequirementsTests.Requirement1_DatabaseSchema_ShouldMeetAllSpecifications" computerName="runnervmf4ws1" duration="00:00:00.0200224" startTime="2025-09-10T18:12:35.4670623+00:00" endTime="2025-09-10T18:12:35.4670624+00:00" testType="13cdc9d9-ddb5-4fa4-a97d-d965ccfc6d4b" outcome="Passed" testListId="8c84fa94-04c1-424b-9868-57a2d4851a1d" relativeResultsDirectory="e096af66-05b2-4bd5-af13-b711b0c96576" />
    <UnitTestResult executionId="0ce944be-1dc7-470b-8392-4914835fad9c" testId="9f544328-b14d-2f96-b54b-781ab9cf51e8" testName="BuckScience.Tests.Web.Helpers.WeatherHelpersTests.ConvertMoonPhaseToText_VariousValues_ReturnsCorrectText(phase: 0.40000000000000002, expected: &quot;Waxing Gibbous&quot;)" computerName="runnervmf4ws1" duration="00:00:00.0000037" startTime="2025-09-10T18:12:35.4158784+00:00" endTime="2025-09-10T18:12:35.4158785+00:00" testType="13cdc9d9-ddb5-4fa4-a97d-d965ccfc6d4b" outcome="Passed" testListId="8c84fa94-04c1-424b-9868-57a2d4851a1d" relativeResultsDirectory="0ce944be-1dc7-470b-8392-4914835fad9c" />
    <UnitTestResult executionId="6f52b80b-801b-4201-af7e-e1f9a692d6d1" testId="d619cb92-2daa-6482-f5e5-56eaf7f3851b" testName="BuckScience.Tests.Domain.FeatureWeightTests.FeatureWeight_UpdateDefaultWeight_ValidatesWeightRange" computerName="runnervmf4ws1" duration="00:00:00.0007569" startTime="2025-09-10T18:12:35.3202783+00:00" endTime="2025-09-10T18:12:35.3202784+00:00" testType="13cdc9d9-ddb5-4fa4-a97d-d965ccfc6d4b" outcome="Passed" testListId="8c84fa94-04c1-424b-9868-57a2d4851a1d" relativeResultsDirectory="6f52b80b-801b-4201-af7e-e1f9a692d6d1" />
    <UnitTestResult executionId="6f60ff0e-80df-4ba7-b69f-18567ae49565" testId="f950f79e-ba5e-b1e8-b4c0-7c88acd39e8b" testName="BuckScience.Tests.CameraCreateVmTests.CameraCreateVm_DirectionSync_ShouldWorkForAllDirections(direction: SE, expectedDegrees: 135)" computerName="runnervmf4ws1" duration="00:00:00.0004661" startTime="2025-09-10T18:12:34.1908133+00:00" endTime="2025-09-10T18:12:34.1908134+00:00" testType="13cdc9d9-ddb5-4fa4-a97d-d965ccfc6d4b" outcome="Passed" testListId="8c84fa94-04c1-424b-9868-57a2d4851a1d" relativeResultsDirectory="6f60ff0e-80df-4ba7-b69f-18567ae49565" />
    <UnitTestResult executionId="7480a53a-3246-4ed5-8a70-21646fb69c8b" testId="9cd7f192-bb9b-abd8-007d-2585a8ffb5e9" testName="BuckScience.Tests.PhotoFilteringUrlExamples.PhotoFiltering_RealWorldScenario_TempAndCameraFilter" computerName="runnervmf4ws1" duration="00:00:00.0005710" startTime="2025-09-10T18:12:34.4048385+00:00" endTime="2025-09-10T18:12:34.4048385+00:00" testType="13cdc9d9-ddb5-4fa4-a97d-d965ccfc6d4b" outcome="Passed" testListId="8c84fa94-04c1-424b-9868-57a2d4851a1d" relativeResultsDirectory="7480a53a-3246-4ed5-8a70-21646fb69c8b" />
    <UnitTestResult executionId="c532b0db-3a21-46d5-a633-e935a69de012" testId="d781b83d-5216-d63d-acc7-8c5d47cd7ccf" testName="BuckScience.Tests.CameraCreateVmTests.CameraCreateVm_DirectionSync_ShouldWorkForAllDirections(direction: W, expectedDegrees: 270)" computerName="runnervmf4ws1" duration="00:00:00.0000077" startTime="2025-09-10T18:12:34.2415417+00:00" endTime="2025-09-10T18:12:34.2415418+00:00" testType="13cdc9d9-ddb5-4fa4-a97d-d965ccfc6d4b" outcome="Passed" testListId="8c84fa94-04c1-424b-9868-57a2d4851a1d" relativeResultsDirectory="c532b0db-3a21-46d5-a633-e935a69de012" />
    <UnitTestResult executionId="f115135e-2347-431c-8037-e45676d48002" testId="f4c9aa46-811a-389b-d744-72a428dee7d2" testName="BuckScience.Tests.TaggingSystemTests.GetOrCreateTag_ShouldReturnExistingTag_WhenTagExists" computerName="runnervmf4ws1" duration="00:00:00.0015408" startTime="2025-09-10T18:12:35.3015180+00:00" endTime="2025-09-10T18:12:35.3015181+00:00" testType="13cdc9d9-ddb5-4fa4-a97d-d965ccfc6d4b" outcome="Passed" testListId="8c84fa94-04c1-424b-9868-57a2d4851a1d" relativeResultsDirectory="f115135e-2347-431c-8037-e45676d48002" />
    <UnitTestResult executionId="cad59544-91b0-4d42-a1f4-5fc833e62706" testId="99b19fe9-9646-fec1-29a0-b1e5f49baebb" testName="BuckScience.Tests.Domain.PropertyFeatureTests.SetWeight_WithInvalidWeight_ThrowsArgumentOutOfRangeException(weight: 1.10000002)" computerName="runnervmf4ws1" duration="00:00:00.0002626" startTime="2025-09-10T18:12:35.3853341+00:00" endTime="2025-09-10T18:12:35.3853341+00:00" testType="13cdc9d9-ddb5-4fa4-a97d-d965ccfc6d4b" outcome="Passed" testListId="8c84fa94-04c1-424b-9868-57a2d4851a1d" relativeResultsDirectory="cad59544-91b0-4d42-a1f4-5fc833e62706" />
    <UnitTestResult executionId="57367281-0300-4995-95d7-a0e5d907d4ed" testId="2eacfbf3-667b-5a8e-52a0-d9d512e960c7" testName="BuckScience.Tests.Web.Helpers.WeatherHelpersTests.ConvertWindDirectionToText_VariousAngles_ReturnsCorrectDirection(degrees: 270, expected: &quot;W&quot;)" computerName="runnervmf4ws1" duration="00:00:00.0000051" startTime="2025-09-10T18:12:35.4190235+00:00" endTime="2025-09-10T18:12:35.4190236+00:00" testType="13cdc9d9-ddb5-4fa4-a97d-d965ccfc6d4b" outcome="Passed" testListId="8c84fa94-04c1-424b-9868-57a2d4851a1d" relativeResultsDirectory="57367281-0300-4995-95d7-a0e5d907d4ed" />
    <UnitTestResult executionId="0963f58f-e506-45e8-9076-2bcf6957bc4b" testId="29048f6b-b73b-a720-ef94-9f27a4540f3c" testName="BuckScience.Tests.Web.Helpers.WeatherHelpersTests.ConvertMoonPhaseTextToNumeric_ValidText_ReturnsCorrectValue(text: &quot;New Moon&quot;, expected: 0)" computerName="runnervmf4ws1" duration="00:00:00.0000064" startTime="2025-09-10T18:12:35.4240115+00:00" endTime="2025-09-10T18:12:35.4240116+00:00" testType="13cdc9d9-ddb5-4fa4-a97d-d965ccfc6d4b" outcome="Passed" testListId="8c84fa94-04c1-424b-9868-57a2d4851a1d" relativeResultsDirectory="0963f58f-e506-45e8-9076-2bcf6957bc4b" />
    <UnitTestResult executionId="2c9462fc-fa48-48b3-b3aa-d5b7860c1ce0" testId="46eed830-2953-fcd5-c0a0-3903ea3c299a" testName="BuckScience.Tests.Application.Profiles.ProfileCrudTests.DeleteProfile_ValidId_DeletesProfile" computerName="runnervmf4ws1" duration="00:00:00.0242608" startTime="2025-09-10T18:12:35.3605669+00:00" endTime="2025-09-10T18:12:35.3605671+00:00" testType="13cdc9d9-ddb5-4fa4-a97d-d965ccfc6d4b" outcome="Passed" testListId="8c84fa94-04c1-424b-9868-57a2d4851a1d" relativeResultsDirectory="2c9462fc-fa48-48b3-b3aa-d5b7860c1ce0" />
    <UnitTestResult executionId="7696a04d-004e-48e0-9637-d297142484e2" testId="35247ab4-97a5-e557-91c7-742a1f89dba4" testName="BuckScience.Tests.Web.Helpers.WeatherHelpersTests.ConvertWindDirectionTextToNumeric_InvalidText_ReturnsNull(direction: &quot;Northeast&quot;)" computerName="runnervmf4ws1" duration="00:00:00.0003281" startTime="2025-09-10T18:12:35.4161797+00:00" endTime="2025-09-10T18:12:35.4161797+00:00" testType="13cdc9d9-ddb5-4fa4-a97d-d965ccfc6d4b" outcome="Passed" testListId="8c84fa94-04c1-424b-9868-57a2d4851a1d" relativeResultsDirectory="7696a04d-004e-48e0-9637-d297142484e2" />
    <UnitTestResult executionId="2e3a853d-150a-47d6-a010-388dcd90017d" testId="5258a2d0-41cb-c3df-1e8f-eff8f92d5e7f" testName="BuckScience.Tests.Web.Helpers.WeatherHelpersTests.ConvertWindDirectionTextToNumeric_InvalidText_ReturnsNull(direction: &quot;Invalid&quot;)" computerName="runnervmf4ws1" duration="00:00:00.0000086" startTime="2025-09-10T18:12:35.4176006+00:00" endTime="2025-09-10T18:12:35.4176008+00:00" testType="13cdc9d9-ddb5-4fa4-a97d-d965ccfc6d4b" outcome="Passed" testListId="8c84fa94-04c1-424b-9868-57a2d4851a1d" relativeResultsDirectory="2e3a853d-150a-47d6-a010-388dcd90017d" />
    <UnitTestResult executionId="8d6e023e-3993-4ddc-9392-c8983ba63c2a" testId="fb8ea106-f542-3a06-bc35-d8f4e171c2a2" testName="BuckScience.Tests.Web.Helpers.WeatherHelpersTests.ConvertMoonPhaseTextToNumeric_ValidText_ReturnsCorrectValue(text: &quot;Waning Gibbous&quot;, expected: 0.625)" computerName="runnervmf4ws1" duration="00:00:00.0000049" startTime="2025-09-10T18:12:35.4242479+00:00" endTime="2025-09-10T18:12:35.4242479+00:00" testType="13cdc9d9-ddb5-4fa4-a97d-d965ccfc6d4b" outcome="Passed" testListId="8c84fa94-04c1-424b-9868-57a2d4851a1d" relativeResultsDirectory="8d6e023e-3993-4ddc-9392-c8983ba63c2a" />
    <UnitTestResult executionId="5e187926-bb43-4ebb-8ed7-f8f3e4526d47" testId="5439de61-630e-08c6-3445-f1eed3fd3847" testName="BuckScience.Tests.TagCleanupTests.RemoveTagFromPhotos_ShouldCleanupTag_WhenNotUsedAnywhere" computerName="runnervmf4ws1" duration="00:00:00.0195169" startTime="2025-09-10T18:12:35.5341656+00:00" endTime="2025-09-10T18:12:35.5341657+00:00" testType="13cdc9d9-ddb5-4fa4-a97d-d965ccfc6d4b" outcome="Passed" testListId="8c84fa94-04c1-424b-9868-57a2d4851a1d" relativeResultsDirectory="5e187926-bb43-4ebb-8ed7-f8f3e4526d47" />
    <UnitTestResult executionId="910cdf00-b9af-4f87-a68f-adcb9f852321" testId="e6b5dbec-3ede-e88e-98ad-309ef50c1b15" testName="BuckScience.Tests.FeatureHelperTests.CategoryMapping_ShouldContainAllClassificationTypes" computerName="runnervmf4ws1" duration="00:00:00.0003544" startTime="2025-09-10T18:12:35.3484713+00:00" endTime="2025-09-10T18:12:35.3484714+00:00" testType="13cdc9d9-ddb5-4fa4-a97d-d965ccfc6d4b" outcome="Passed" testListId="8c84fa94-04c1-424b-9868-57a2d4851a1d" relativeResultsDirectory="910cdf00-b9af-4f87-a68f-adcb9f852321" />
    <UnitTestResult executionId="5a61a44a-570a-47a8-9308-9524e4da2a4a" testId="2cc2759a-0e74-d1e3-53c0-3d706804902c" testName="BuckScience.Tests.PhotoFilteringComprehensiveTests.PropertyPhotosVm_WithFilters_CorrectProperties" computerName="runnervmf4ws1" duration="00:00:00.0102685" startTime="2025-09-10T18:12:34.1898571+00:00" endTime="2025-09-10T18:12:34.1898572+00:00" testType="13cdc9d9-ddb5-4fa4-a97d-d965ccfc6d4b" outcome="Passed" testListId="8c84fa94-04c1-424b-9868-57a2d4851a1d" relativeResultsDirectory="5a61a44a-570a-47a8-9308-9524e4da2a4a" />
    <UnitTestResult executionId="b76142ef-1571-442f-8f44-59ceea4782b5" testId="7b1afa91-2553-0542-d21b-b944f43fb732" testName="BuckScience.Tests.Application.PropertyFeatureApplicationTests.GetPropertyFeature_ReturnsWeightCorrectly" computerName="runnervmf4ws1" duration="00:00:00.0975333" startTime="2025-09-10T18:12:35.5238899+00:00" endTime="2025-09-10T18:12:35.5238899+00:00" testType="13cdc9d9-ddb5-4fa4-a97d-d965ccfc6d4b" outcome="Passed" testListId="8c84fa94-04c1-424b-9868-57a2d4851a1d" relativeResultsDirectory="b76142ef-1571-442f-8f44-59ceea4782b5" />
    <UnitTestResult executionId="c0d50995-8b7d-4eb5-818c-f13290be3fd6" testId="63390816-73a6-312f-e706-2ca3dfa39f0e" testName="BuckScience.Tests.Web.Helpers.WeatherHelpersTests.ConvertWindDirectionTextToNumeric_ValidDirections_ReturnsCorrectDegrees(direction: &quot;W&quot;, expected: 270)" computerName="runnervmf4ws1" duration="00:00:00.0000269" startTime="2025-09-10T18:12:35.4225639+00:00" endTime="2025-09-10T18:12:35.4225640+00:00" testType="13cdc9d9-ddb5-4fa4-a97d-d965ccfc6d4b" outcome="Passed" testListId="8c84fa94-04c1-424b-9868-57a2d4851a1d" relativeResultsDirectory="c0d50995-8b7d-4eb5-818c-f13290be3fd6" />
    <UnitTestResult executionId="9dbba925-e837-4ed2-b75a-4e7aaa91cff5" testId="6a32519d-0b48-1a74-f23b-101b1449f4f4" testName="BuckScience.Tests.Domain.PropertyFeatureTests.SetWeight_WithNull_SetsWeightToNull" computerName="runnervmf4ws1" duration="00:00:00.0002127" startTime="2025-09-10T18:12:35.3864693+00:00" endTime="2025-09-10T18:12:35.3864694+00:00" testType="13cdc9d9-ddb5-4fa4-a97d-d965ccfc6d4b" outcome="Passed" testListId="8c84fa94-04c1-424b-9868-57a2d4851a1d" relativeResultsDirectory="9dbba925-e837-4ed2-b75a-4e7aaa91cff5" />
    <UnitTestResult executionId="4a358d17-de13-474c-b579-632d8bfd22f9" testId="b737e5bb-0356-fd2c-e9f5-061fb14537a5" testName="BuckScience.Tests.Application.PropertyFeatureApplicationTests.CreatePropertyFeature_WithWeight_CreatesFeatureWithWeight" computerName="runnervmf4ws1" duration="00:00:00.0027113" startTime="2025-09-10T18:12:35.5267415+00:00" endTime="2025-09-10T18:12:35.5267416+00:00" testType="13cdc9d9-ddb5-4fa4-a97d-d965ccfc6d4b" outcome="Passed" testListId="8c84fa94-04c1-424b-9868-57a2d4851a1d" relativeResultsDirectory="4a358d17-de13-474c-b579-632d8bfd22f9" />
    <UnitTestResult executionId="6a8ff572-2f51-4f0b-bd52-aae09d4d6ab6" testId="b1a32a5b-bec7-9c13-ecb5-d09eae519281" testName="BuckScience.Tests.WeatherConfigurationTests.WeatherApiSettings_ShouldBindFromConfiguration" computerName="runnervmf4ws1" duration="00:00:00.0111118" startTime="2025-09-10T18:12:34.3918197+00:00" endTime="2025-09-10T18:12:34.3918198+00:00" testType="13cdc9d9-ddb5-4fa4-a97d-d965ccfc6d4b" outcome="Passed" testListId="8c84fa94-04c1-424b-9868-57a2d4851a1d" relativeResultsDirectory="6a8ff572-2f51-4f0b-bd52-aae09d4d6ab6" />
    <UnitTestResult executionId="cc9e8cae-856c-468d-80b7-f0d32e94c96f" testId="75db6be7-a24b-fda6-3919-e716d174ed3d" testName="BuckScience.Tests.TaggingRequirementsTests.Requirement2_PhotoTagging_ShouldSupportBulkOperations" computerName="runnervmf4ws1" duration="00:00:00.0134029" startTime="2025-09-10T18:12:35.4822941+00:00" endTime="2025-09-10T18:12:35.4822942+00:00" testType="13cdc9d9-ddb5-4fa4-a97d-d965ccfc6d4b" outcome="Passed" testListId="8c84fa94-04c1-424b-9868-57a2d4851a1d" relativeResultsDirectory="cc9e8cae-856c-468d-80b7-f0d32e94c96f" />
    <UnitTestResult executionId="b1ae2b58-cad0-46ce-97e0-5b3d91a42e7d" testId="b7a065c7-7a2e-0d14-6498-b30f746da816" testName="BuckScience.Tests.DirectionHelperTests.ToFloat_ShouldReturnCorrectDegrees(direction: E, expectedDegrees: 90)" computerName="runnervmf4ws1" duration="00:00:00.0004533" startTime="2025-09-10T18:12:34.2711599+00:00" endTime="2025-09-10T18:12:34.2711599+00:00" testType="13cdc9d9-ddb5-4fa4-a97d-d965ccfc6d4b" outcome="Passed" testListId="8c84fa94-04c1-424b-9868-57a2d4851a1d" relativeResultsDirectory="b1ae2b58-cad0-46ce-97e0-5b3d91a42e7d" />
    <UnitTestResult executionId="32e530be-ef23-458c-93a4-352812497533" testId="d5e7318a-a156-7dde-f329-f35fdf925ffa" testName="BuckScience.Tests.Domain.PropertySeasonMonthsOverrideTests.PropertySeasonMonthsOverride_SetMonths_WithNullMonths_ClearsMonths" computerName="runnervmf4ws1" duration="00:00:00.0624711" startTime="2025-09-10T18:12:34.3492349+00:00" endTime="2025-09-10T18:12:34.3492351+00:00" testType="13cdc9d9-ddb5-4fa4-a97d-d965ccfc6d4b" outcome="Passed" testListId="8c84fa94-04c1-424b-9868-57a2d4851a1d" relativeResultsDirectory="32e530be-ef23-458c-93a4-352812497533" />
    <UnitTestResult executionId="cbacd5e7-0980-4403-9819-a26cab821318" testId="356cc39e-f096-9eaf-df3c-a4d73a8c57b9" testName="BuckScience.Tests.Domain.PropertySeasonMonthsOverrideTests.PropertySeasonMonthsOverride_MonthsJson_SerializesCorrectly" computerName="runnervmf4ws1" duration="00:00:00.0002570" startTime="2025-09-10T18:12:34.3743324+00:00" endTime="2025-09-10T18:12:34.3743325+00:00" testType="13cdc9d9-ddb5-4fa4-a97d-d965ccfc6d4b" outcome="Passed" testListId="8c84fa94-04c1-424b-9868-57a2d4851a1d" relativeResultsDirectory="cbacd5e7-0980-4403-9819-a26cab821318" />
    <UnitTestResult executionId="23d39531-0e63-42e4-9f05-30e605bef29a" testId="10354eb4-4c14-dba7-068b-24dcfb475d53" testName="BuckScience.Tests.DirectionHelperTests.FromFloat_ShouldFindClosestDirection(degrees: 360, expectedDirection: N)" computerName="runnervmf4ws1" duration="00:00:00.0000093" startTime="2025-09-10T18:12:34.2748772+00:00" endTime="2025-09-10T18:12:34.2748773+00:00" testType="13cdc9d9-ddb5-4fa4-a97d-d965ccfc6d4b" outcome="Passed" testListId="8c84fa94-04c1-424b-9868-57a2d4851a1d" relativeResultsDirectory="23d39531-0e63-42e4-9f05-30e605bef29a" />
    <UnitTestResult executionId="87ec8034-a227-4151-92d5-668d60d63303" testId="a5f21c48-f469-8d11-cd8e-07391ae2a35b" testName="BuckScience.Tests.Domain.FeatureWeightTests.FeatureWeightHelper_GetDefaultWeight_ReturnsExpectedValues(type: Saddle, expectedWeight: 0.800000012)" computerName="runnervmf4ws1" duration="00:00:00.0002289" startTime="2025-09-10T18:12:35.2882679+00:00" endTime="2025-09-10T18:12:35.2882680+00:00" testType="13cdc9d9-ddb5-4fa4-a97d-d965ccfc6d4b" outcome="Passed" testListId="8c84fa94-04c1-424b-9868-57a2d4851a1d" relativeResultsDirectory="87ec8034-a227-4151-92d5-668d60d63303" />
    <UnitTestResult executionId="68127960-71c4-4952-8ecb-4d05f26958a2" testId="88b5a428-7422-548a-ca90-5bd2a62420ae" testName="BuckScience.Tests.DirectionHelperTests.FromFloat_ShouldReturnCorrectDirection(degrees: 225, expectedDirection: SW)" computerName="runnervmf4ws1" duration="00:00:00.0000097" startTime="2025-09-10T18:12:34.2702165+00:00" endTime="2025-09-10T18:12:34.2702166+00:00" testType="13cdc9d9-ddb5-4fa4-a97d-d965ccfc6d4b" outcome="Passed" testListId="8c84fa94-04c1-424b-9868-57a2d4851a1d" relativeResultsDirectory="68127960-71c4-4952-8ecb-4d05f26958a2" />
    <UnitTestResult executionId="e5154beb-c990-4cbb-8492-d1eeccd5668c" testId="ce73eb79-a497-c2a4-9a02-ef4f9a7168c5" testName="BuckScience.Tests.PhotoFilteringUrlExamples.BuildFilters_UrlParameters_ShouldParseCorrectly(urlParams: &quot;tempMin=10&amp;tempMax=30&quot;, expectedTempMin: 10, expectedTempMax: 30, expectedWindMin: null, expectedWindMax: null)" computerName="runnervmf4ws1" duration="00:00:00.0000101" startTime="2025-09-10T18:12:34.4026941+00:00" endTime="2025-09-10T18:12:34.4026942+00:00" testType="13cdc9d9-ddb5-4fa4-a97d-d965ccfc6d4b" outcome="Passed" testListId="8c84fa94-04c1-424b-9868-57a2d4851a1d" relativeResultsDirectory="e5154beb-c990-4cbb-8492-d1eeccd5668c" />
    <UnitTestResult executionId="bcc700e4-73af-43e7-b089-1fcb00b0d408" testId="510de9dc-e90e-bdb2-662b-4a218168ebca" testName="BuckScience.Tests.DirectionHelperTests.FromFloat_ShouldReturnCorrectDirection(degrees: 180, expectedDirection: S)" computerName="runnervmf4ws1" duration="00:00:00.0003245" startTime="2025-09-10T18:12:34.2701580+00:00" endTime="2025-09-10T18:12:34.2701581+00:00" testType="13cdc9d9-ddb5-4fa4-a97d-d965ccfc6d4b" outcome="Passed" testListId="8c84fa94-04c1-424b-9868-57a2d4851a1d" relativeResultsDirectory="bcc700e4-73af-43e7-b089-1fcb00b0d408" />
    <UnitTestResult executionId="29dabafb-7737-418b-9b9d-f8585ef6013b" testId="0c283173-5d83-3aa6-5e6a-5b618b66073f" testName="BuckScience.Tests.Domain.MonthsAttributeTests.MonthsAttribute_Constructor_WithInvalidMonth_ThrowsArgumentOutOfRangeException(invalidMonth: 13)" computerName="runnervmf4ws1" duration="00:00:00.0003316" startTime="2025-09-10T18:12:35.4038304+00:00" endTime="2025-09-10T18:12:35.4038305+00:00" testType="13cdc9d9-ddb5-4fa4-a97d-d965ccfc6d4b" outcome="Passed" testListId="8c84fa94-04c1-424b-9868-57a2d4851a1d" relativeResultsDirectory="29dabafb-7737-418b-9b9d-f8585ef6013b" />
    <UnitTestResult executionId="c4a71252-2b81-49eb-9f0b-939902319dce" testId="dc5b4323-69df-5b53-04b8-b2edd86e4211" testName="BuckScience.Tests.TagCleanupTests.RemoveTagFromPhotos_ShouldKeepTagAndPropertyTag_WhenUsedOnOtherProperties" computerName="runnervmf4ws1" duration="00:00:00.0408831" startTime="2025-09-10T18:12:35.4882427+00:00" endTime="2025-09-10T18:12:35.4882428+00:00" testType="13cdc9d9-ddb5-4fa4-a97d-d965ccfc6d4b" outcome="Passed" testListId="8c84fa94-04c1-424b-9868-57a2d4851a1d" relativeResultsDirectory="c4a71252-2b81-49eb-9f0b-939902319dce" />
    <UnitTestResult executionId="23777db5-0d10-4b09-abcb-9955e6fc9452" testId="725e041b-cd4a-19c3-f7e9-4d20b2961a86" testName="BuckScience.Tests.Domain.MonthsAttributeTests.MonthsAttribute_Constructor_WithInvalidMonth_ThrowsArgumentOutOfRangeException(invalidMonth: 25)" computerName="runnervmf4ws1" duration="00:00:00.0001044" startTime="2025-09-10T18:12:35.4040001+00:00" endTime="2025-09-10T18:12:35.4040001+00:00" testType="13cdc9d9-ddb5-4fa4-a97d-d965ccfc6d4b" outcome="Passed" testListId="8c84fa94-04c1-424b-9868-57a2d4851a1d" relativeResultsDirectory="23777db5-0d10-4b09-abcb-9955e6fc9452" />
    <UnitTestResult executionId="90a3bece-e9bc-4e7a-8d71-20699a96e7ad" testId="9b597749-8f28-5ece-3f0e-b5bb4e23820c" testName="BuckScience.Tests.FeatureHelperTests.FeatureIcons_ShouldContainAllClassificationTypes" computerName="runnervmf4ws1" duration="00:00:00.0004176" startTime="2025-09-10T18:12:35.3538922+00:00" endTime="2025-09-10T18:12:35.3538922+00:00" testType="13cdc9d9-ddb5-4fa4-a97d-d965ccfc6d4b" outcome="Passed" testListId="8c84fa94-04c1-424b-9868-57a2d4851a1d" relativeResultsDirectory="90a3bece-e9bc-4e7a-8d71-20699a96e7ad" />
    <UnitTestResult executionId="c209fef5-b77f-482b-bf75-4e98b2ba8c77" testId="90576d28-8c3e-aa47-8e92-100b02ac5a05" testName="BuckScience.Tests.Web.Helpers.WeatherHelpersTests.GetWindDirectionOptions_WithAvailableDirections_SetsAvailability" computerName="runnervmf4ws1" duration="00:00:00.0024698" startTime="2025-09-10T18:12:35.4243681+00:00" endTime="2025-09-10T18:12:35.4243682+00:00" testType="13cdc9d9-ddb5-4fa4-a97d-d965ccfc6d4b" outcome="Passed" testListId="8c84fa94-04c1-424b-9868-57a2d4851a1d" relativeResultsDirectory="c209fef5-b77f-482b-bf75-4e98b2ba8c77" />
    <UnitTestResult executionId="3d147d04-9b1e-4dc8-be2a-b5d6ae18a611" testId="185a6cd6-33af-0e1e-0bd1-2a440f9d65a0" testName="BuckScience.Tests.CameraPlacementHistoryTests.Camera_CurrentLocationProperties_ShouldReturnFromPlacementHistory" computerName="runnervmf4ws1" duration="00:00:00.0204340" startTime="2025-09-10T18:12:34.2490655+00:00" endTime="2025-09-10T18:12:34.2490656+00:00" testType="13cdc9d9-ddb5-4fa4-a97d-d965ccfc6d4b" outcome="Passed" testListId="8c84fa94-04c1-424b-9868-57a2d4851a1d" relativeResultsDirectory="3d147d04-9b1e-4dc8-be2a-b5d6ae18a611" />
    <UnitTestResult executionId="26e887f1-b33a-45b5-80fa-edb6761e8da4" testId="a9d39b02-2996-0d69-08ab-284d0ae0393a" testName="BuckScience.Tests.Domain.PropertySeasonMonthsOverrideTests.PropertySeasonMonthsOverride_RoundTripSerialization_MaintainsData(months: [6, 7, 8])" computerName="runnervmf4ws1" duration="00:00:00.0002373" startTime="2025-09-10T18:12:34.3596168+00:00" endTime="2025-09-10T18:12:34.3596169+00:00" testType="13cdc9d9-ddb5-4fa4-a97d-d965ccfc6d4b" outcome="Passed" testListId="8c84fa94-04c1-424b-9868-57a2d4851a1d" relativeResultsDirectory="26e887f1-b33a-45b5-80fa-edb6761e8da4" />
    <UnitTestResult executionId="cdde578a-fd2f-44dc-a333-d9e9b348f6ec" testId="93b0e2c3-3a46-c74b-dad5-afcb4f0bfcfa" testName="BuckScience.Tests.CameraEditVmTests.CameraEditVm_ShouldSetAllProperties" computerName="runnervmf4ws1" duration="00:00:00.0004128" startTime="2025-09-10T18:12:35.4047640+00:00" endTime="2025-09-10T18:12:35.4047640+00:00" testType="13cdc9d9-ddb5-4fa4-a97d-d965ccfc6d4b" outcome="Passed" testListId="8c84fa94-04c1-424b-9868-57a2d4851a1d" relativeResultsDirectory="cdde578a-fd2f-44dc-a333-d9e9b348f6ec" />
    <UnitTestResult executionId="beffecaa-c5a9-41be-b15e-03dd2b68ff64" testId="4949997c-46c8-3183-1501-b1267871bfcf" testName="BuckScience.Tests.DirectionHelperTests.FromFloat_ShouldReturnCorrectDirection(degrees: 0, expectedDirection: N)" computerName="runnervmf4ws1" duration="00:00:00.0000067" startTime="2025-09-10T18:12:34.2710854+00:00" endTime="2025-09-10T18:12:34.2710856+00:00" testType="13cdc9d9-ddb5-4fa4-a97d-d965ccfc6d4b" outcome="Passed" testListId="8c84fa94-04c1-424b-9868-57a2d4851a1d" relativeResultsDirectory="beffecaa-c5a9-41be-b15e-03dd2b68ff64" />
    <UnitTestResult executionId="e9f97c86-1135-45a2-ba38-400c5cc84b52" testId="1335073e-5183-6141-99f1-caaa61dc86f4" testName="BuckScience.Tests.TaggingSystemTests.GetOrCreateTag_ShouldThrowException_WhenTagNameIsInvalid(invalidTagName: null)" computerName="runnervmf4ws1" duration="00:00:00.0004590" startTime="2025-09-10T18:12:35.3046167+00:00" endTime="2025-09-10T18:12:35.3046168+00:00" testType="13cdc9d9-ddb5-4fa4-a97d-d965ccfc6d4b" outcome="Passed" testListId="8c84fa94-04c1-424b-9868-57a2d4851a1d" relativeResultsDirectory="e9f97c86-1135-45a2-ba38-400c5cc84b52" />
    <UnitTestResult executionId="3362aedf-16b8-4a07-8786-0eb8c08a3755" testId="8bb24e9f-b033-fdc0-7830-bccb21534250" testName="BuckScience.Tests.DirectionHelperTests.GetAllDirections_ShouldReturnAllDirectionsWithCorrectData" computerName="runnervmf4ws1" duration="00:00:00.0076177" startTime="2025-09-10T18:12:34.2834304+00:00" endTime="2025-09-10T18:12:34.2834305+00:00" testType="13cdc9d9-ddb5-4fa4-a97d-d965ccfc6d4b" outcome="Passed" testListId="8c84fa94-04c1-424b-9868-57a2d4851a1d" relativeResultsDirectory="3362aedf-16b8-4a07-8786-0eb8c08a3755" />
    <UnitTestResult executionId="9bcbeade-eb88-4c13-9908-b7f83e61cd43" testId="4018bd47-d5cd-e85a-b6de-7760e129dafa" testName="BuckScience.Tests.Web.Helpers.WeatherHelpersTests.ConvertWindDirectionToText_VariousAngles_ReturnsCorrectDirection(degrees: 180, expected: &quot;S&quot;)" computerName="runnervmf4ws1" duration="00:00:00.0000080" startTime="2025-09-10T18:12:35.4180176+00:00" endTime="2025-09-10T18:12:35.4180176+00:00" testType="13cdc9d9-ddb5-4fa4-a97d-d965ccfc6d4b" outcome="Passed" testListId="8c84fa94-04c1-424b-9868-57a2d4851a1d" relativeResultsDirectory="9bcbeade-eb88-4c13-9908-b7f83e61cd43" />
    <UnitTestResult executionId="02458fed-fd92-4c60-8622-b0f11cab2b40" testId="117d72dd-b186-d8e9-ce14-8d711079c929" testName="BuckScience.Tests.Web.Helpers.WeatherHelpersTests.ConvertWindDirectionTextToNumeric_ValidDirections_ReturnsCorrectDegrees(direction: &quot;WSW&quot;, expected: 247.5)" computerName="runnervmf4ws1" duration="00:00:00.0000058" startTime="2025-09-10T18:12:35.4214750+00:00" endTime="2025-09-10T18:12:35.4214751+00:00" testType="13cdc9d9-ddb5-4fa4-a97d-d965ccfc6d4b" outcome="Passed" testListId="8c84fa94-04c1-424b-9868-57a2d4851a1d" relativeResultsDirectory="02458fed-fd92-4c60-8622-b0f11cab2b40" />
    <UnitTestResult executionId="d6327cab-e569-4e78-95e8-ed4943b3f270" testId="48d95b96-b471-deb8-51bf-62c5a89928a2" testName="BuckScience.Tests.Web.Helpers.WeatherHelpersTests.ConvertMoonPhaseToText_VariousValues_ReturnsCorrectText(phase: 0.59999999999999998, expected: &quot;Waning Gibbous&quot;)" computerName="runnervmf4ws1" duration="00:00:00.0000029" startTime="2025-09-10T18:12:35.4158129+00:00" endTime="2025-09-10T18:12:35.4158130+00:00" testType="13cdc9d9-ddb5-4fa4-a97d-d965ccfc6d4b" outcome="Passed" testListId="8c84fa94-04c1-424b-9868-57a2d4851a1d" relativeResultsDirectory="d6327cab-e569-4e78-95e8-ed4943b3f270" />
    <UnitTestResult executionId="1fb0527b-3cbb-4774-8403-a81447a91f4a" testId="d40d14e6-e55e-a2ee-7c2d-3f2b4d1650c4" testName="BuckScience.Tests.CameraEditVmTests.CameraEditVm_SyncSelectionFromDirection_ShouldUpdateDirectionSelection" computerName="runnervmf4ws1" duration="00:00:00.0005031" startTime="2025-09-10T18:12:35.3854064+00:00" endTime="2025-09-10T18:12:35.3854064+00:00" testType="13cdc9d9-ddb5-4fa4-a97d-d965ccfc6d4b" outcome="Passed" testListId="8c84fa94-04c1-424b-9868-57a2d4851a1d" relativeResultsDirectory="1fb0527b-3cbb-4774-8403-a81447a91f4a" />
    <UnitTestResult executionId="74641ceb-cf33-46a1-999c-4237a333977b" testId="08a9b593-cfee-9bdf-6d80-833bb0b65ba9" testName="BuckScience.Tests.CameraCreateVmTests.CameraCreateVm_SyncSelectionFromDirection_ShouldUpdateDirectionSelection" computerName="runnervmf4ws1" duration="00:00:00.0065673" startTime="2025-09-10T18:12:34.2467722+00:00" endTime="2025-09-10T18:12:34.2467723+00:00" testType="13cdc9d9-ddb5-4fa4-a97d-d965ccfc6d4b" outcome="Passed" testListId="8c84fa94-04c1-424b-9868-57a2d4851a1d" relativeResultsDirectory="74641ceb-cf33-46a1-999c-4237a333977b" />
    <UnitTestResult executionId="8cf133ab-7846-4c81-be66-bf2a738d19bb" testId="3f5baae7-b2ef-0a09-bc51-f8b04a3acced" testName="BuckScience.Tests.Web.Helpers.WeatherHelpersTests.ConvertWindDirectionToText_VariousAngles_ReturnsCorrectDirection(degrees: 67.5, expected: &quot;ENE&quot;)" computerName="runnervmf4ws1" duration="00:00:00.0000052" startTime="2025-09-10T18:12:35.4191775+00:00" endTime="2025-09-10T18:12:35.4191775+00:00" testType="13cdc9d9-ddb5-4fa4-a97d-d965ccfc6d4b" outcome="Passed" testListId="8c84fa94-04c1-424b-9868-57a2d4851a1d" relativeResultsDirectory="8cf133ab-7846-4c81-be66-bf2a738d19bb" />
    <UnitTestResult executionId="3bed088c-ad3e-4dcf-8ce2-610fe66c2982" testId="3e754e7c-3120-cf7a-7a68-ce1c9a477533" testName="BuckScience.Tests.CameraCreateVmTests.CameraCreateVm_DirectionSync_ShouldWorkForAllDirections(direction: NE, expectedDegrees: 45)" computerName="runnervmf4ws1" duration="00:00:00.0000078" startTime="2025-09-10T18:12:34.2417282+00:00" endTime="2025-09-10T18:12:34.2417282+00:00" testType="13cdc9d9-ddb5-4fa4-a97d-d965ccfc6d4b" outcome="Passed" testListId="8c84fa94-04c1-424b-9868-57a2d4851a1d" relativeResultsDirectory="3bed088c-ad3e-4dcf-8ce2-610fe66c2982" />
    <UnitTestResult executionId="488d2230-dacc-495a-8258-e2b4c6913ffd" testId="2d42558b-0e16-1806-a5ca-7006bc54a2c7" testName="BuckScience.Tests.Domain.PropertySeasonMonthsOverrideTests.PropertySeasonMonthsOverride_SetMonths_WithInvalidMonths_ThrowsArgumentOutOfRangeException(invalidMonths: [1, 0, 5])" computerName="runnervmf4ws1" duration="00:00:00.0004688" startTime="2025-09-10T18:12:34.3720597+00:00" endTime="2025-09-10T18:12:34.3720599+00:00" testType="13cdc9d9-ddb5-4fa4-a97d-d965ccfc6d4b" outcome="Passed" testListId="8c84fa94-04c1-424b-9868-57a2d4851a1d" relativeResultsDirectory="488d2230-dacc-495a-8258-e2b4c6913ffd" />
    <UnitTestResult executionId="3e138367-5ccd-4e86-a14f-e660ad4598e3" testId="df69a92c-44e3-a51a-3c69-97077bc8aa3a" testName="BuckScience.Tests.Domain.PropertyFeatureTests.Constructor_WithValidWeight_SetsWeightCorrectly(weight: 0.5)" computerName="runnervmf4ws1" duration="00:00:00.0000154" startTime="2025-09-10T18:12:35.4019633+00:00" endTime="2025-09-10T18:12:35.4019634+00:00" testType="13cdc9d9-ddb5-4fa4-a97d-d965ccfc6d4b" outcome="Passed" testListId="8c84fa94-04c1-424b-9868-57a2d4851a1d" relativeResultsDirectory="3e138367-5ccd-4e86-a14f-e660ad4598e3" />
    <UnitTestResult executionId="06d5e4a1-d1a8-4871-9fcf-ea2e477d2b63" testId="d9e9dfd4-db91-4986-9bbe-4cae120c9790" testName="BuckScience.Tests.Application.FeatureWeights.UpdateFeatureWeightsTests.UpdateFeatureWeights_MultipleUpdates_SetsEachCorrectly" computerName="runnervmf4ws1" duration="00:00:00.8477205" startTime="2025-09-10T18:12:35.2532713+00:00" endTime="2025-09-10T18:12:35.2532714+00:00" testType="13cdc9d9-ddb5-4fa4-a97d-d965ccfc6d4b" outcome="Passed" testListId="8c84fa94-04c1-424b-9868-57a2d4851a1d" relativeResultsDirectory="06d5e4a1-d1a8-4871-9fcf-ea2e477d2b63" />
    <UnitTestResult executionId="e2e09738-ad2a-4c05-b7bc-3a5a23addf85" testId="9e88128c-c893-0f4c-cf4f-ba4eb6951e77" testName="BuckScience.Tests.Domain.MonthsAttributeTests.MonthsAttribute_Constructor_WithAllMonths_SetsAllMonthsCorrectly" computerName="runnervmf4ws1" duration="00:00:00.0002916" startTime="2025-09-10T18:12:35.4052186+00:00" endTime="2025-09-10T18:12:35.4052187+00:00" testType="13cdc9d9-ddb5-4fa4-a97d-d965ccfc6d4b" outcome="Passed" testListId="8c84fa94-04c1-424b-9868-57a2d4851a1d" relativeResultsDirectory="e2e09738-ad2a-4c05-b7bc-3a5a23addf85" />
    <UnitTestResult executionId="a6e44110-679b-44d9-91c9-e251505dc698" testId="aac2053d-c1f1-3ae9-c811-84c25975dded" testName="BuckScience.Tests.TaggingIntegrationTests.CreateProperty_ShouldAutoAssignDefaultTags" computerName="runnervmf4ws1" duration="00:00:00.0082287" startTime="2025-09-10T18:12:35.4373053+00:00" endTime="2025-09-10T18:12:35.4373054+00:00" testType="13cdc9d9-ddb5-4fa4-a97d-d965ccfc6d4b" outcome="Passed" testListId="8c84fa94-04c1-424b-9868-57a2d4851a1d" relativeResultsDirectory="a6e44110-679b-44d9-91c9-e251505dc698" />
    <UnitTestResult executionId="6c47e5b1-6d33-4a80-876a-afc8385869b1" testId="b6a182bd-655d-0c92-283a-3c75d3d71c02" testName="BuckScience.Tests.Application.PropertyFeatureApplicationTests.ListPropertyFeatures_ReturnsWeightsCorrectly" computerName="runnervmf4ws1" duration="00:00:00.0176241" startTime="2025-09-10T18:12:35.5679516+00:00" endTime="2025-09-10T18:12:35.5679519+00:00" testType="13cdc9d9-ddb5-4fa4-a97d-d965ccfc6d4b" outcome="Passed" testListId="8c84fa94-04c1-424b-9868-57a2d4851a1d" relativeResultsDirectory="6c47e5b1-6d33-4a80-876a-afc8385869b1" />
    <UnitTestResult executionId="a115a6ba-4ea2-41f7-94de-044bf7056f2f" testId="dfe6a45f-34c2-c767-91dd-1f8de6538cc0" testName="BuckScience.Tests.Web.Helpers.WeatherHelpersTests.ConvertMoonPhaseTextToNumeric_ValidText_ReturnsCorrectValue(text: &quot;Waning Crescent&quot;, expected: 0.875)" computerName="runnervmf4ws1" duration="00:00:00.0001909" startTime="2025-09-10T18:12:35.4229960+00:00" endTime="2025-09-10T18:12:35.4229961+00:00" testType="13cdc9d9-ddb5-4fa4-a97d-d965ccfc6d4b" outcome="Passed" testListId="8c84fa94-04c1-424b-9868-57a2d4851a1d" relativeResultsDirectory="a115a6ba-4ea2-41f7-94de-044bf7056f2f" />
    <UnitTestResult executionId="306a778e-3555-468c-9e52-51c291716671" testId="dca73a03-b0b0-9398-437e-9e75519b25e4" testName="BuckScience.Tests.CameraPlacementHistoryTests.CameraPlacementHistory_EndPlacement_ShouldThrowIfAlreadyEnded" computerName="runnervmf4ws1" duration="00:00:00.0004679" startTime="2025-09-10T18:12:34.2504870+00:00" endTime="2025-09-10T18:12:34.2504871+00:00" testType="13cdc9d9-ddb5-4fa4-a97d-d965ccfc6d4b" outcome="Passed" testListId="8c84fa94-04c1-424b-9868-57a2d4851a1d" relativeResultsDirectory="306a778e-3555-468c-9e52-51c291716671" />
    <UnitTestResult executionId="48df3dca-ea50-480e-918a-a110a4deeacd" testId="be34b3ae-4d99-48a5-415d-a9f5ba8821a1" testName="BuckScience.Tests.CameraCreateVmTests.CameraCreateVm_DirectionSync_ShouldWorkForAllDirections(direction: NW, expectedDegrees: 315)" computerName="runnervmf4ws1" duration="00:00:00.0000105" startTime="2025-09-10T18:12:34.2414156+00:00" endTime="2025-09-10T18:12:34.2414156+00:00" testType="13cdc9d9-ddb5-4fa4-a97d-d965ccfc6d4b" outcome="Passed" testListId="8c84fa94-04c1-424b-9868-57a2d4851a1d" relativeResultsDirectory="48df3dca-ea50-480e-918a-a110a4deeacd" />
    <UnitTestResult executionId="4e4b1702-586b-4314-9f7c-444e8a48e27b" testId="08ddb4d1-1ea9-4a39-f70b-490a5dd2fdfe" testName="BuckScience.Tests.Domain.FeatureWeightTests.FeatureWeightHelper_GetDefaultWeight_ReturnsExpectedValues(type: BeddingArea, expectedWeight: 0.899999976)" computerName="runnervmf4ws1" duration="00:00:00.0000065" startTime="2025-09-10T18:12:35.2887965+00:00" endTime="2025-09-10T18:12:35.2887966+00:00" testType="13cdc9d9-ddb5-4fa4-a97d-d965ccfc6d4b" outcome="Passed" testListId="8c84fa94-04c1-424b-9868-57a2d4851a1d" relativeResultsDirectory="4e4b1702-586b-4314-9f7c-444e8a48e27b" />
    <UnitTestResult executionId="63e06f48-787f-4331-8202-71adf7a82440" testId="7711d213-9779-8d22-c44f-611f07df932a" testName="BuckScience.Tests.Domain.PropertyFeatureTests.SetWeight_WithValidWeight_SetsWeightCorrectly" computerName="runnervmf4ws1" duration="00:00:00.0002264" startTime="2025-09-10T18:12:35.3799871+00:00" endTime="2025-09-10T18:12:35.3799872+00:00" testType="13cdc9d9-ddb5-4fa4-a97d-d965ccfc6d4b" outcome="Passed" testListId="8c84fa94-04c1-424b-9868-57a2d4851a1d" relativeResultsDirectory="63e06f48-787f-4331-8202-71adf7a82440" />
    <UnitTestResult executionId="fc3a90b5-0743-4b16-8649-14025322f478" testId="40701e53-787e-9af9-e51e-796a4964c5fd" testName="BuckScience.Tests.Domain.MonthsAttributeTests.MonthsAttribute_Constructor_WithMixedValidAndInvalidMonths_ThrowsArgumentOutOfRangeException" computerName="runnervmf4ws1" duration="00:00:00.0003680" startTime="2025-09-10T18:12:35.4059030+00:00" endTime="2025-09-10T18:12:35.4059031+00:00" testType="13cdc9d9-ddb5-4fa4-a97d-d965ccfc6d4b" outcome="Passed" testListId="8c84fa94-04c1-424b-9868-57a2d4851a1d" relativeResultsDirectory="fc3a90b5-0743-4b16-8649-14025322f478" />
    <UnitTestResult executionId="e0f9b0f3-18c9-49ce-beb4-58e25e2b2717" testId="77c94a3a-bf51-e754-8b05-8ef3b5f32220" testName="BuckScience.Tests.DirectionHelperTests.FromFloat_ShouldReturnCorrectDirection(degrees: 270, expectedDirection: W)" computerName="runnervmf4ws1" duration="00:00:00.0000056" startTime="2025-09-10T18:12:34.2704521+00:00" endTime="2025-09-10T18:12:34.2704521+00:00" testType="13cdc9d9-ddb5-4fa4-a97d-d965ccfc6d4b" outcome="Passed" testListId="8c84fa94-04c1-424b-9868-57a2d4851a1d" relativeResultsDirectory="e0f9b0f3-18c9-49ce-beb4-58e25e2b2717" />
    <UnitTestResult executionId="fc6ac69a-a957-4716-bef2-59c2a2a043ef" testId="b1f41500-5f15-b967-f0a8-55e935ea7819" testName="BuckScience.Tests.WeatherBatchProcessingTests.WeatherService_ShouldRoundCoordinatesConsistently" computerName="runnervmf4ws1" duration="00:00:00.0441712" startTime="2025-09-10T18:12:35.4523817+00:00" endTime="2025-09-10T18:12:35.4523818+00:00" testType="13cdc9d9-ddb5-4fa4-a97d-d965ccfc6d4b" outcome="Passed" testListId="8c84fa94-04c1-424b-9868-57a2d4851a1d" relativeResultsDirectory="fc6ac69a-a957-4716-bef2-59c2a2a043ef" />
    <UnitTestResult executionId="3b5ca37b-1d2e-4a63-a763-efac75990233" testId="61feef70-4f4a-625c-42d0-d394030d758f" testName="BuckScience.Tests.Domain.FeatureWeightTests.FeatureWeightHelper_GetDefaultWeight_ReturnsExpectedValues(type: PinchPointFunnel, expectedWeight: 0.899999976)" computerName="runnervmf4ws1" duration="00:00:00.0002535" startTime="2025-09-10T18:12:35.2885870+00:00" endTime="2025-09-10T18:12:35.2885872+00:00" testType="13cdc9d9-ddb5-4fa4-a97d-d965ccfc6d4b" outcome="Passed" testListId="8c84fa94-04c1-424b-9868-57a2d4851a1d" relativeResultsDirectory="3b5ca37b-1d2e-4a63-a763-efac75990233" />
    <UnitTestResult executionId="5abc900f-57e7-49b8-a824-fa10db305b52" testId="be89a856-c15c-81ed-5ddb-4973639d716d" testName="BuckScience.Tests.CameraPlacementHistoryTests.Camera_PlaceAt_ShouldCreateNewPlacementHistory" computerName="runnervmf4ws1" duration="00:00:00.0003995" startTime="2025-09-10T18:12:34.2508476+00:00" endTime="2025-09-10T18:12:34.2508477+00:00" testType="13cdc9d9-ddb5-4fa4-a97d-d965ccfc6d4b" outcome="Passed" testListId="8c84fa94-04c1-424b-9868-57a2d4851a1d" relativeResultsDirectory="5abc900f-57e7-49b8-a824-fa10db305b52" />
    <UnitTestResult executionId="21af04d6-bba6-49e4-80f2-81e6554e9741" testId="e6069ec8-dd96-68b5-2039-b29d0b89d8eb" testName="BuckScience.Tests.Domain.PropertyFeatureTests.UpdateWeight_WithInvalidWeight_ThrowsArgumentOutOfRangeException(weight: 1.5)" computerName="runnervmf4ws1" duration="00:00:00.0003707" startTime="2025-09-10T18:12:35.3851147+00:00" endTime="2025-09-10T18:12:35.3851149+00:00" testType="13cdc9d9-ddb5-4fa4-a97d-d965ccfc6d4b" outcome="Passed" testListId="8c84fa94-04c1-424b-9868-57a2d4851a1d" relativeResultsDirectory="21af04d6-bba6-49e4-80f2-81e6554e9741" />
    <UnitTestResult executionId="dfef2807-7371-42e0-8424-494b94d4eb46" testId="8bb24d97-4056-0aed-e738-d86e9d34f566" testName="BuckScience.Tests.Web.Helpers.WeatherHelpersTests.ConvertWindDirectionTextToNumeric_ValidDirections_ReturnsCorrectDegrees(direction: &quot;ESE&quot;, expected: 112.5)" computerName="runnervmf4ws1" duration="00:00:00.0000058" startTime="2025-09-10T18:12:35.4214166+00:00" endTime="2025-09-10T18:12:35.4214167+00:00" testType="13cdc9d9-ddb5-4fa4-a97d-d965ccfc6d4b" outcome="Passed" testListId="8c84fa94-04c1-424b-9868-57a2d4851a1d" relativeResultsDirectory="dfef2807-7371-42e0-8424-494b94d4eb46" />
    <UnitTestResult executionId="20906d25-7d75-4a75-bcd7-32eb29a19de8" testId="23376aab-8018-81b3-8b3c-57bc8b0141ed" testName="BuckScience.Tests.Application.Profiles.ProfileCrudTests.UpdateProfile_ValidData_UpdatesProfile" computerName="runnervmf4ws1" duration="00:00:00.0383861" startTime="2025-09-10T18:12:35.3073471+00:00" endTime="2025-09-10T18:12:35.3073472+00:00" testType="13cdc9d9-ddb5-4fa4-a97d-d965ccfc6d4b" outcome="Passed" testListId="8c84fa94-04c1-424b-9868-57a2d4851a1d" relativeResultsDirectory="20906d25-7d75-4a75-bcd7-32eb29a19de8" />
    <UnitTestResult executionId="c3eb7473-b7e0-4859-8b86-af495bd11cd8" testId="d91077c4-486f-699f-e7de-7a096da96d2b" testName="BuckScience.Tests.Domain.PropertyFeatureTests.UpdateWeight_WithValidWeight_SetsWeightCorrectly" computerName="runnervmf4ws1" duration="00:00:00.0018248" startTime="2025-09-10T18:12:35.3794145+00:00" endTime="2025-09-10T18:12:35.3794146+00:00" testType="13cdc9d9-ddb5-4fa4-a97d-d965ccfc6d4b" outcome="Passed" testListId="8c84fa94-04c1-424b-9868-57a2d4851a1d" relativeResultsDirectory="c3eb7473-b7e0-4859-8b86-af495bd11cd8" />
    <UnitTestResult executionId="d9d29531-bbaa-468b-97b7-3298ef56f8b0" testId="3101a1d2-70b0-545d-5f32-eb96f6803b5f" testName="BuckScience.Tests.Domain.FeatureWeightTests.FeatureWeightHelper_GetCategory_ReturnsCorrectCategory(type: Ridge, expectedCategory: Topographical)" computerName="runnervmf4ws1" duration="00:00:00.0002465" startTime="2025-09-10T18:12:35.3024383+00:00" endTime="2025-09-10T18:12:35.3024384+00:00" testType="13cdc9d9-ddb5-4fa4-a97d-d965ccfc6d4b" outcome="Passed" testListId="8c84fa94-04c1-424b-9868-57a2d4851a1d" relativeResultsDirectory="d9d29531-bbaa-468b-97b7-3298ef56f8b0" />
    <UnitTestResult executionId="cdbf27a4-0fb1-43b2-a390-af4c947d1f51" testId="0df754ab-3374-deab-a269-326e3752e38a" testName="BuckScience.Tests.Domain.FeatureWeightTests.FeatureWeightHelper_GetCategory_ReturnsCorrectCategory(type: BeddingArea, expectedCategory: ResourceBedding)" computerName="runnervmf4ws1" duration="00:00:00.0025439" startTime="2025-09-10T18:12:35.3023681+00:00" endTime="2025-09-10T18:12:35.3023682+00:00" testType="13cdc9d9-ddb5-4fa4-a97d-d965ccfc6d4b" outcome="Passed" testListId="8c84fa94-04c1-424b-9868-57a2d4851a1d" relativeResultsDirectory="cdbf27a4-0fb1-43b2-a390-af4c947d1f51" />
    <UnitTestResult executionId="feaabb41-4624-4212-883e-191c06340dbd" testId="44213f5c-f4e3-7f19-6a5d-6c4a3c8d0dec" testName="BuckScience.Tests.Web.Helpers.WeatherHelpersTests.ConvertWindDirectionTextToNumeric_ValidDirections_ReturnsCorrectDegrees(direction: &quot;SSE&quot;, expected: 157.5)" computerName="runnervmf4ws1" duration="00:00:00.0000120" startTime="2025-09-10T18:12:35.4212435+00:00" endTime="2025-09-10T18:12:35.4212435+00:00" testType="13cdc9d9-ddb5-4fa4-a97d-d965ccfc6d4b" outcome="Passed" testListId="8c84fa94-04c1-424b-9868-57a2d4851a1d" relativeResultsDirectory="feaabb41-4624-4212-883e-191c06340dbd" />
    <UnitTestResult executionId="11b3541a-e3f0-4926-9b0c-30961f55bd11" testId="08260a64-8541-0630-0fbb-fef9aaa19f85" testName="BuckScience.Tests.Domain.PropertySeasonMonthsOverrideTests.PropertySeasonMonthsOverride_GetMonths_WithCorruptedJson_ReturnsNull" computerName="runnervmf4ws1" duration="00:00:00.0040384" startTime="2025-09-10T18:12:34.3804646+00:00" endTime="2025-09-10T18:12:34.3804648+00:00" testType="13cdc9d9-ddb5-4fa4-a97d-d965ccfc6d4b" outcome="Passed" testListId="8c84fa94-04c1-424b-9868-57a2d4851a1d" relativeResultsDirectory="11b3541a-e3f0-4926-9b0c-30961f55bd11" />
    <UnitTestResult executionId="65c97a49-e1ca-4b89-90d8-32eddc37382e" testId="78d335ed-d8a0-4e68-1b07-0e64ec6fcf01" testName="BuckScience.Tests.Web.Helpers.WeatherHelpersTests.ConvertMoonPhaseToText_VariousValues_ReturnsCorrectText(phase: 0.75, expected: &quot;Last Quarter&quot;)" computerName="runnervmf4ws1" duration="00:00:00.0000041" startTime="2025-09-10T18:12:35.4124574+00:00" endTime="2025-09-10T18:12:35.4124575+00:00" testType="13cdc9d9-ddb5-4fa4-a97d-d965ccfc6d4b" outcome="Passed" testListId="8c84fa94-04c1-424b-9868-57a2d4851a1d" relativeResultsDirectory="65c97a49-e1ca-4b89-90d8-32eddc37382e" />
    <UnitTestResult executionId="0839fe41-22ae-430b-a34f-421054228771" testId="8f75422e-f196-d0f3-b885-da9f9acf8fde" testName="BuckScience.Tests.Web.Helpers.WeatherHelpersTests.ConvertWindDirectionTextToNumeric_InvalidText_ReturnsNull(direction: &quot;&quot;)" computerName="runnervmf4ws1" duration="00:00:00.0000043" startTime="2025-09-10T18:12:35.4176896+00:00" endTime="2025-09-10T18:12:35.4176897+00:00" testType="13cdc9d9-ddb5-4fa4-a97d-d965ccfc6d4b" outcome="Passed" testListId="8c84fa94-04c1-424b-9868-57a2d4851a1d" relativeResultsDirectory="0839fe41-22ae-430b-a34f-421054228771" />
    <UnitTestResult executionId="bdffdabf-62d6-4c76-be0f-8a03c5b78599" testId="1d7b16e9-5047-ebb1-e4a1-207c49ea6bcd" testName="BuckScience.Tests.Domain.PropertyFeatureTests.Constructor_WithInvalidWeight_ThrowsArgumentOutOfRangeException(weight: 2)" computerName="runnervmf4ws1" duration="00:00:00.0005194" startTime="2025-09-10T18:12:35.3854802+00:00" endTime="2025-09-10T18:12:35.3854803+00:00" testType="13cdc9d9-ddb5-4fa4-a97d-d965ccfc6d4b" outcome="Passed" testListId="8c84fa94-04c1-424b-9868-57a2d4851a1d" relativeResultsDirectory="bdffdabf-62d6-4c76-be0f-8a03c5b78599" />
    <UnitTestResult executionId="d00b9e5d-eed3-450f-8154-c26a928aad57" testId="93232e33-f6c8-82c0-b755-94e963fff023" testName="BuckScience.Tests.FeatureHelperTests.GetCategory_ShouldReturnOtherForOtherType" computerName="runnervmf4ws1" duration="00:00:00.0081593" startTime="2025-09-10T18:12:35.3466098+00:00" endTime="2025-09-10T18:12:35.3466099+00:00" testType="13cdc9d9-ddb5-4fa4-a97d-d965ccfc6d4b" outcome="Passed" testListId="8c84fa94-04c1-424b-9868-57a2d4851a1d" relativeResultsDirectory="d00b9e5d-eed3-450f-8154-c26a928aad57" />
    <UnitTestResult executionId="a5754aed-40f3-43dc-877f-d68bd1ee36d6" testId="d983931e-3379-4c6a-5c76-852ec2540d36" testName="BuckScience.Tests.Web.Helpers.WeatherHelpersTests.ConvertWindDirectionToText_VariousAngles_ReturnsCorrectDirection(degrees: 361, expected: &quot;N&quot;)" computerName="runnervmf4ws1" duration="00:00:00.0003740" startTime="2025-09-10T18:12:35.4179011+00:00" endTime="2025-09-10T18:12:35.4179012+00:00" testType="13cdc9d9-ddb5-4fa4-a97d-d965ccfc6d4b" outcome="Passed" testListId="8c84fa94-04c1-424b-9868-57a2d4851a1d" relativeResultsDirectory="a5754aed-40f3-43dc-877f-d68bd1ee36d6" />
    <UnitTestResult executionId="df7aa79c-7c51-4db5-be16-ca3bb23bae5f" testId="8c01a8cb-2ffc-5487-6da3-7bc37c88340c" testName="BuckScience.Tests.Domain.FeatureWeightTests.FeatureWeight_UpdateUserWeight_SetsIsCustomToTrue" computerName="runnervmf4ws1" duration="00:00:00.0002865" startTime="2025-09-10T18:12:35.3210448+00:00" endTime="2025-09-10T18:12:35.3210448+00:00" testType="13cdc9d9-ddb5-4fa4-a97d-d965ccfc6d4b" outcome="Passed" testListId="8c84fa94-04c1-424b-9868-57a2d4851a1d" relativeResultsDirectory="df7aa79c-7c51-4db5-be16-ca3bb23bae5f" />
    <UnitTestResult executionId="128a1371-f38d-4511-865c-bc9df9ea6aba" testId="5a1b2923-7867-c9d7-9184-902164877e6b" testName="BuckScience.Tests.WeatherBatchProcessingTests.WeatherBatchProcessing_ShouldMinimizeApiCalls" computerName="runnervmf4ws1" duration="00:00:00.0038869" startTime="2025-09-10T18:12:35.4077804+00:00" endTime="2025-09-10T18:12:35.4077805+00:00" testType="13cdc9d9-ddb5-4fa4-a97d-d965ccfc6d4b" outcome="Passed" testListId="8c84fa94-04c1-424b-9868-57a2d4851a1d" relativeResultsDirectory="128a1371-f38d-4511-865c-bc9df9ea6aba" />
    <UnitTestResult executionId="195d947f-0c7a-447b-8d24-a0cb3bd1d2c0" testId="5c61d628-c74f-c8f0-779e-82c0c2dc77df" testName="BuckScience.Tests.Web.Helpers.WeatherHelpersTests.ConvertWindDirectionTextToNumeric_ValidDirections_ReturnsCorrectDegrees(direction: &quot;N&quot;, expected: 0)" computerName="runnervmf4ws1" duration="00:00:00.0000044" startTime="2025-09-10T18:12:35.4228739+00:00" endTime="2025-09-10T18:12:35.4228739+00:00" testType="13cdc9d9-ddb5-4fa4-a97d-d965ccfc6d4b" outcome="Passed" testListId="8c84fa94-04c1-424b-9868-57a2d4851a1d" relativeResultsDirectory="195d947f-0c7a-447b-8d24-a0cb3bd1d2c0" />
    <UnitTestResult executionId="d7a3e680-6afa-467a-8758-1bbfec77f5eb" testId="42b838e4-a515-a0a8-9201-8a5607fcd950" testName="BuckScience.Tests.CameraPlacementHistoryTests.CameraEditVm_ShouldIncludeDirectionDegrees" computerName="runnervmf4ws1" duration="00:00:00.0010977" startTime="2025-09-10T18:12:34.2503885+00:00" endTime="2025-09-10T18:12:34.2503886+00:00" testType="13cdc9d9-ddb5-4fa4-a97d-d965ccfc6d4b" outcome="Passed" testListId="8c84fa94-04c1-424b-9868-57a2d4851a1d" relativeResultsDirectory="d7a3e680-6afa-467a-8758-1bbfec77f5eb" />
    <UnitTestResult executionId="b70972fd-616d-44cf-b5b3-463f3e13403c" testId="0eac1afa-cee8-c2b1-e775-7c9bd515bfb3" testName="BuckScience.Tests.Domain.SeasonExtensionsTests.GetDefaultMonths_YearRound_ReturnsAllMonths" computerName="runnervmf4ws1" duration="00:00:00.0002196" startTime="2025-09-10T18:12:34.2807160+00:00" endTime="2025-09-10T18:12:34.2807161+00:00" testType="13cdc9d9-ddb5-4fa4-a97d-d965ccfc6d4b" outcome="Passed" testListId="8c84fa94-04c1-424b-9868-57a2d4851a1d" relativeResultsDirectory="b70972fd-616d-44cf-b5b3-463f3e13403c" />
    <UnitTestResult executionId="7164cb9b-d6af-4335-904d-9c93cef35487" testId="f2a53262-1031-8641-ce23-2061a5c39410" testName="BuckScience.Tests.TaggingSystemTests.GetOrCreateTag_ShouldThrowException_WhenTagNameIsInvalid(invalidTagName: &quot;&quot;)" computerName="runnervmf4ws1" duration="00:00:00.0036685" startTime="2025-09-10T18:12:35.3039149+00:00" endTime="2025-09-10T18:12:35.3039150+00:00" testType="13cdc9d9-ddb5-4fa4-a97d-d965ccfc6d4b" outcome="Passed" testListId="8c84fa94-04c1-424b-9868-57a2d4851a1d" relativeResultsDirectory="7164cb9b-d6af-4335-904d-9c93cef35487" />
    <UnitTestResult executionId="f23b7b61-4c0e-4dd6-b478-22b84b331d58" testId="46016c60-0720-f808-02e7-68fa8d4036c4" testName="BuckScience.Tests.Web.Helpers.WeatherHelpersTests.ConvertMoonPhaseToText_VariousValues_ReturnsCorrectText(phase: 0.98999999999999999, expected: &quot;New Moon&quot;)" computerName="runnervmf4ws1" duration="00:00:00.0000078" startTime="2025-09-10T18:12:35.4123970+00:00" endTime="2025-09-10T18:12:35.4123971+00:00" testType="13cdc9d9-ddb5-4fa4-a97d-d965ccfc6d4b" outcome="Passed" testListId="8c84fa94-04c1-424b-9868-57a2d4851a1d" relativeResultsDirectory="f23b7b61-4c0e-4dd6-b478-22b84b331d58" />
    <UnitTestResult executionId="6a591fab-8e48-4b63-9a5f-8b41f4a0d400" testId="4bb73173-b83c-b642-8102-032feaeaf8ff" testName="BuckScience.Tests.DirectionHelperTests.FromFloat_ShouldReturnCorrectDirection(degrees: 135, expectedDirection: SE)" computerName="runnervmf4ws1" duration="00:00:00.0000060" startTime="2025-09-10T18:12:34.2702779+00:00" endTime="2025-09-10T18:12:34.2702779+00:00" testType="13cdc9d9-ddb5-4fa4-a97d-d965ccfc6d4b" outcome="Passed" testListId="8c84fa94-04c1-424b-9868-57a2d4851a1d" relativeResultsDirectory="6a591fab-8e48-4b63-9a5f-8b41f4a0d400" />
    <UnitTestResult executionId="308d8017-5ec8-4078-b4cf-2342524b65ff" testId="a7640c1c-3e1a-ff5f-a7c8-4da5a8b29af2" testName="BuckScience.Tests.Web.Helpers.WeatherHelpersTests.ConvertMoonPhaseTextToNumeric_ValidText_ReturnsCorrectValue(text: &quot;First Quarter&quot;, expected: 0.25)" computerName="runnervmf4ws1" duration="00:00:00.0000052" startTime="2025-09-10T18:12:35.4241881+00:00" endTime="2025-09-10T18:12:35.4241882+00:00" testType="13cdc9d9-ddb5-4fa4-a97d-d965ccfc6d4b" outcome="Passed" testListId="8c84fa94-04c1-424b-9868-57a2d4851a1d" relativeResultsDirectory="308d8017-5ec8-4078-b4cf-2342524b65ff" />
    <UnitTestResult executionId="004a2072-fa18-4025-9d24-af7cf5066ea7" testId="697a3a18-bb68-1bc4-ecac-a4680501e02f" testName="BuckScience.Tests.PhotoFilteringIntegrationTests.BuildFilters_WithNoParameters_ReturnsNull" computerName="runnervmf4ws1" duration="00:00:00.0012733" startTime="2025-09-10T18:12:35.4432725+00:00" endTime="2025-09-10T18:12:35.4432726+00:00" testType="13cdc9d9-ddb5-4fa4-a97d-d965ccfc6d4b" outcome="Passed" testListId="8c84fa94-04c1-424b-9868-57a2d4851a1d" relativeResultsDirectory="004a2072-fa18-4025-9d24-af7cf5066ea7" />
    <UnitTestResult executionId="0afb362f-75b5-4a40-a123-be68fefef8cc" testId="62aa58ea-9077-0f9e-c60d-aafd4a8d0ad6" testName="BuckScience.Tests.Web.Helpers.WeatherHelpersTests.ConvertWindDirectionToText_VariousAngles_ReturnsCorrectDirection(degrees: -10, expected: &quot;N&quot;)" computerName="runnervmf4ws1" duration="00:00:00.0000035" startTime="2025-09-10T18:12:35.4202943+00:00" endTime="2025-09-10T18:12:35.4202943+00:00" testType="13cdc9d9-ddb5-4fa4-a97d-d965ccfc6d4b" outcome="Passed" testListId="8c84fa94-04c1-424b-9868-57a2d4851a1d" relativeResultsDirectory="0afb362f-75b5-4a40-a123-be68fefef8cc" />
    <UnitTestResult executionId="59a02bc2-553a-4db3-9695-77b6c7bbec1a" testId="6219abff-caed-b73f-a3a3-a932c37fd5fb" testName="BuckScience.Tests.TaggingSystemTests.GetOrCreateTag_ShouldThrowException_WhenTagNameIsInvalid(invalidTagName: &quot;   &quot;)" computerName="runnervmf4ws1" duration="00:00:00.0001905" startTime="2025-09-10T18:12:35.3047029+00:00" endTime="2025-09-10T18:12:35.3047030+00:00" testType="13cdc9d9-ddb5-4fa4-a97d-d965ccfc6d4b" outcome="Passed" testListId="8c84fa94-04c1-424b-9868-57a2d4851a1d" relativeResultsDirectory="59a02bc2-553a-4db3-9695-77b6c7bbec1a" />
    <UnitTestResult executionId="7e483feb-3203-4d17-8ee8-0771df0ef558" testId="18fd69b0-d054-4b67-4fab-caa28c12efff" testName="BuckScience.Tests.TaggingSystemTests.GetOrCreateTag_ShouldBeCaseInsensitive" computerName="runnervmf4ws1" duration="00:00:00.0018467" startTime="2025-09-10T18:12:35.3074285+00:00" endTime="2025-09-10T18:12:35.3074286+00:00" testType="13cdc9d9-ddb5-4fa4-a97d-d965ccfc6d4b" outcome="Passed" testListId="8c84fa94-04c1-424b-9868-57a2d4851a1d" relativeResultsDirectory="7e483feb-3203-4d17-8ee8-0771df0ef558" />
    <UnitTestResult executionId="8e0765e0-05cb-4a6f-abe7-fcb721a92391" testId="1be37c51-af7c-9e7b-8fa3-a746d27f5f9b" testName="BuckScience.Tests.CameraCreateVmTests.CameraCreateVm_SyncDirectionFromSelection_ShouldUpdateDirectionDegrees" computerName="runnervmf4ws1" duration="00:00:00.0002214" startTime="2025-09-10T18:12:34.2452514+00:00" endTime="2025-09-10T18:12:34.2452514+00:00" testType="13cdc9d9-ddb5-4fa4-a97d-d965ccfc6d4b" outcome="Passed" testListId="8c84fa94-04c1-424b-9868-57a2d4851a1d" relativeResultsDirectory="8e0765e0-05cb-4a6f-abe7-fcb721a92391" />
    <UnitTestResult executionId="47cdd3b5-3bd2-4944-a269-074999b33d2c" testId="61de09e0-94b0-9094-bdcf-74e56c5800ed" testName="BuckScience.Tests.TaggingRequirementsTests.Requirement1_DefaultTags_ShouldBePopulatedByMigration" computerName="runnervmf4ws1" duration="00:00:00.0050896" startTime="2025-09-10T18:12:35.5083515+00:00" endTime="2025-09-10T18:12:35.5083516+00:00" testType="13cdc9d9-ddb5-4fa4-a97d-d965ccfc6d4b" outcome="Passed" testListId="8c84fa94-04c1-424b-9868-57a2d4851a1d" relativeResultsDirectory="47cdd3b5-3bd2-4944-a269-074999b33d2c" />
    <UnitTestResult executionId="a4168c8c-449a-485e-a220-d8f128fff019" testId="c91192db-21fb-4e08-e57b-721298eb140d" testName="BuckScience.Tests.Web.Helpers.WeatherHelpersTests.ConvertWindDirectionTextToNumeric_ValidDirections_ReturnsCorrectDegrees(direction: &quot;SE&quot;, expected: 135)" computerName="runnervmf4ws1" duration="00:00:00.0000077" startTime="2025-09-10T18:12:35.4226282+00:00" endTime="2025-09-10T18:12:35.4226283+00:00" testType="13cdc9d9-ddb5-4fa4-a97d-d965ccfc6d4b" outcome="Passed" testListId="8c84fa94-04c1-424b-9868-57a2d4851a1d" relativeResultsDirectory="a4168c8c-449a-485e-a220-d8f128fff019" />
    <UnitTestResult executionId="79a03692-f02a-4c26-9be9-04b6d86eb36f" testId="62abf167-66b2-7338-5ead-888596c0fffe" testName="BuckScience.Tests.TaggingRequirementsTests.Requirement2_PropertyCreation_ShouldAutoAssignDefaultTags" computerName="runnervmf4ws1" duration="00:00:00.0105998" startTime="2025-09-10T18:12:35.4929617+00:00" endTime="2025-09-10T18:12:35.4929618+00:00" testType="13cdc9d9-ddb5-4fa4-a97d-d965ccfc6d4b" outcome="Passed" testListId="8c84fa94-04c1-424b-9868-57a2d4851a1d" relativeResultsDirectory="79a03692-f02a-4c26-9be9-04b6d86eb36f" />
    <UnitTestResult executionId="975bb5ac-919f-430b-a28a-c05cfb1e8087" testId="3fd3b076-d6e9-95cb-3f37-7d353eff3a42" testName="BuckScience.Tests.CameraCreateVmTests.CameraCreateVm_DirectionSync_ShouldWorkForAllDirections(direction: S, expectedDegrees: 180)" computerName="runnervmf4ws1" duration="00:00:00.0000092" startTime="2025-09-10T18:12:34.2414839+00:00" endTime="2025-09-10T18:12:34.2414839+00:00" testType="13cdc9d9-ddb5-4fa4-a97d-d965ccfc6d4b" outcome="Passed" testListId="8c84fa94-04c1-424b-9868-57a2d4851a1d" relativeResultsDirectory="975bb5ac-919f-430b-a28a-c05cfb1e8087" />
    <UnitTestResult executionId="c07cec75-c115-4a1e-b649-59f18cc5b1fb" testId="a6b1c1b8-42d6-da05-0367-8e170c8545bb" testName="BuckScience.Tests.Domain.PropertyFeatureTests.Constructor_WithValidWeight_SetsWeightCorrectly(weight: 1)" computerName="runnervmf4ws1" duration="00:00:00.0006447" startTime="2025-09-10T18:12:35.3872041+00:00" endTime="2025-09-10T18:12:35.3872043+00:00" testType="13cdc9d9-ddb5-4fa4-a97d-d965ccfc6d4b" outcome="Passed" testListId="8c84fa94-04c1-424b-9868-57a2d4851a1d" relativeResultsDirectory="c07cec75-c115-4a1e-b649-59f18cc5b1fb" />
    <UnitTestResult executionId="59c7d6c0-7b80-4a33-bcf2-7b3d42df610d" testId="172a47eb-7de7-c6df-b8be-70c0be7e14f7" testName="BuckScience.Tests.Web.Helpers.WeatherHelpersTests.ConvertWindDirectionTextToNumeric_ValidDirections_ReturnsCorrectDegrees(direction: &quot;SSW&quot;, expected: 202.5)" computerName="runnervmf4ws1" duration="00:00:00.0000054" startTime="2025-09-10T18:12:35.4215264+00:00" endTime="2025-09-10T18:12:35.4215264+00:00" testType="13cdc9d9-ddb5-4fa4-a97d-d965ccfc6d4b" outcome="Passed" testListId="8c84fa94-04c1-424b-9868-57a2d4851a1d" relativeResultsDirectory="59c7d6c0-7b80-4a33-bcf2-7b3d42df610d" />
    <UnitTestResult executionId="8e004c1b-c633-4e23-8b3f-49182b947ecf" testId="68647ad1-4f74-1b97-159d-5659e9979e01" testName="BuckScience.Tests.Domain.MonthsAttributeTests.MonthsAttribute_Constructor_WithInvalidMonth_ThrowsArgumentOutOfRangeException(invalidMonth: 0)" computerName="runnervmf4ws1" duration="00:00:00.0000842" startTime="2025-09-10T18:12:35.4039075+00:00" endTime="2025-09-10T18:12:35.4039076+00:00" testType="13cdc9d9-ddb5-4fa4-a97d-d965ccfc6d4b" outcome="Passed" testListId="8c84fa94-04c1-424b-9868-57a2d4851a1d" relativeResultsDirectory="8e004c1b-c633-4e23-8b3f-49182b947ecf" />
    <UnitTestResult executionId="e3e9a471-2bdc-446b-9763-85fce73fae40" testId="dd76f619-e962-2008-d0f8-a714bb3f5c46" testName="BuckScience.Tests.Web.Helpers.WeatherHelpersTests.GetWindDirectionOptions_WithNull_AllUnavailable" computerName="runnervmf4ws1" duration="00:00:00.0041693" startTime="2025-09-10T18:12:35.4116848+00:00" endTime="2025-09-10T18:12:35.4116850+00:00" testType="13cdc9d9-ddb5-4fa4-a97d-d965ccfc6d4b" outcome="Passed" testListId="8c84fa94-04c1-424b-9868-57a2d4851a1d" relativeResultsDirectory="e3e9a471-2bdc-446b-9763-85fce73fae40" />
    <UnitTestResult executionId="bb1a8767-e32b-4cf0-a738-42b4897b089e" testId="877174d0-c487-453a-b8ad-4f52137508be" testName="BuckScience.Tests.PhotoFiltersTests.PhotoFilters_HasWeatherFilters_ReturnsTrueWhenConditionsFilterSet" computerName="runnervmf4ws1" duration="00:00:00.0059071" startTime="2025-09-10T18:12:34.1826032+00:00" endTime="2025-09-10T18:12:34.1826858+00:00" testType="13cdc9d9-ddb5-4fa4-a97d-d965ccfc6d4b" outcome="Passed" testListId="8c84fa94-04c1-424b-9868-57a2d4851a1d" relativeResultsDirectory="bb1a8767-e32b-4cf0-a738-42b4897b089e" />
    <UnitTestResult executionId="33e20022-4e3e-4ad5-b1a5-9ada76b8a40b" testId="305d09f5-4e54-c015-79c0-ffb75c48bf18" testName="BuckScience.Tests.Domain.SeasonExtensionsTests.GetDefaultMonths_PostRut_ReturnsCorrectMonths" computerName="runnervmf4ws1" duration="00:00:00.0003418" startTime="2025-09-10T18:12:34.2746887+00:00" endTime="2025-09-10T18:12:34.2746888+00:00" testType="13cdc9d9-ddb5-4fa4-a97d-d965ccfc6d4b" outcome="Passed" testListId="8c84fa94-04c1-424b-9868-57a2d4851a1d" relativeResultsDirectory="33e20022-4e3e-4ad5-b1a5-9ada76b8a40b" />
    <UnitTestResult executionId="599474d0-3220-4016-a764-62c5fba25aa1" testId="e9f8fc86-f5b4-af50-fd5d-96735f013b0a" testName="BuckScience.Tests.PhotoUploadIntegrationTests.PhotoUpload_WithCameraPlacement_ShouldAssociatePlacementHistory" computerName="runnervmf4ws1" duration="00:00:00.0003362" startTime="2025-09-10T18:12:34.2487432+00:00" endTime="2025-09-10T18:12:34.2487432+00:00" testType="13cdc9d9-ddb5-4fa4-a97d-d965ccfc6d4b" outcome="Passed" testListId="8c84fa94-04c1-424b-9868-57a2d4851a1d" relativeResultsDirectory="599474d0-3220-4016-a764-62c5fba25aa1" />
    <UnitTestResult executionId="ef36ce14-293d-4bdf-8b9e-288e4d108b5d" testId="dc5f28f7-09cd-2ab7-408b-876a39c8dcda" testName="BuckScience.Tests.PhotoPlacementHistoryTests.Photo_Constructor_ShouldAcceptCameraPlacementHistoryId" computerName="runnervmf4ws1" duration="00:00:00.0042043" startTime="2025-09-10T18:12:34.2481750+00:00" endTime="2025-09-10T18:12:34.2481751+00:00" testType="13cdc9d9-ddb5-4fa4-a97d-d965ccfc6d4b" outcome="Passed" testListId="8c84fa94-04c1-424b-9868-57a2d4851a1d" relativeResultsDirectory="ef36ce14-293d-4bdf-8b9e-288e4d108b5d" />
    <UnitTestResult executionId="bbf1ee28-3f2d-46ad-a7a5-95e5852f2bbc" testId="f36a8701-085e-04e9-1108-0b102bccb765" testName="BuckScience.Tests.Web.Helpers.WeatherHelpersTests.ConvertWindDirectionToText_RoundTrip_MaintainsAccuracy" computerName="runnervmf4ws1" duration="00:00:00.0015002" startTime="2025-09-10T18:12:35.4204635+00:00" endTime="2025-09-10T18:12:35.4204636+00:00" testType="13cdc9d9-ddb5-4fa4-a97d-d965ccfc6d4b" outcome="Passed" testListId="8c84fa94-04c1-424b-9868-57a2d4851a1d" relativeResultsDirectory="bbf1ee28-3f2d-46ad-a7a5-95e5852f2bbc" />
    <UnitTestResult executionId="49834cc5-ff4c-4fa2-ba1b-93459883ea87" testId="75f4d661-9754-0157-eb91-1cb0c3ea30c4" testName="BuckScience.Tests.Domain.PropertySeasonMonthsOverrideTests.PropertySeasonMonthsOverride_SetMonths_WithEmptyArray_ClearsMonths" computerName="runnervmf4ws1" duration="00:00:00.0002375" startTime="2025-09-10T18:12:34.3744672+00:00" endTime="2025-09-10T18:12:34.3744672+00:00" testType="13cdc9d9-ddb5-4fa4-a97d-d965ccfc6d4b" outcome="Passed" testListId="8c84fa94-04c1-424b-9868-57a2d4851a1d" relativeResultsDirectory="49834cc5-ff4c-4fa2-ba1b-93459883ea87" />
    <UnitTestResult executionId="caa5c760-8a06-45cf-85ab-46500a4e6fc1" testId="c5847a99-4505-c2ed-d54d-fc269a080b27" testName="BuckScience.Tests.Web.Helpers.WeatherHelpersTests.ConvertMoonPhaseToText_VariousValues_ReturnsCorrectText(phase: 1, expected: &quot;New Moon&quot;)" computerName="runnervmf4ws1" duration="00:00:00.0000033" startTime="2025-09-10T18:12:35.4156922+00:00" endTime="2025-09-10T18:12:35.4156923+00:00" testType="13cdc9d9-ddb5-4fa4-a97d-d965ccfc6d4b" outcome="Passed" testListId="8c84fa94-04c1-424b-9868-57a2d4851a1d" relativeResultsDirectory="caa5c760-8a06-45cf-85ab-46500a4e6fc1" />
    <UnitTestResult executionId="3cdee452-bc28-4cdc-ae07-9c633c51fbcb" testId="d269bbab-e11e-9189-e523-cf92a42762f7" testName="BuckScience.Tests.DirectionHelperTests.FromFloat_ShouldReturnCorrectDirection(degrees: 315, expectedDirection: NW)" computerName="runnervmf4ws1" duration="00:00:00.0000049" startTime="2025-09-10T18:12:34.2703329+00:00" endTime="2025-09-10T18:12:34.2703330+00:00" testType="13cdc9d9-ddb5-4fa4-a97d-d965ccfc6d4b" outcome="Passed" testListId="8c84fa94-04c1-424b-9868-57a2d4851a1d" relativeResultsDirectory="3cdee452-bc28-4cdc-ae07-9c633c51fbcb" />
    <UnitTestResult executionId="25ea776c-273c-485b-80f3-dad454a2c798" testId="162f6cfb-c27f-27d9-ae85-1a410ddacc2e" testName="BuckScience.Tests.Application.SeasonMonthMappingServiceTests.SeasonMonthMappingService_Constructor_WithNullDbContext_ThrowsArgumentNullException" computerName="runnervmf4ws1" duration="00:00:00.0033246" startTime="2025-09-10T18:12:34.2736278+00:00" endTime="2025-09-10T18:12:34.2736279+00:00" testType="13cdc9d9-ddb5-4fa4-a97d-d965ccfc6d4b" outcome="Passed" testListId="8c84fa94-04c1-424b-9868-57a2d4851a1d" relativeResultsDirectory="25ea776c-273c-485b-80f3-dad454a2c798" />
    <UnitTestResult executionId="db6d3c0e-4aac-46f8-8dd0-53e392454b0a" testId="4e68cf9a-2a3a-1e07-4a4f-0cf27d8d2bbb" testName="BuckScience.Tests.FeatureHelperTests.GetCategoryName_ShouldReturnCorrectCategoryNames" computerName="runnervmf4ws1" duration="00:00:00.0030393" startTime="2025-09-10T18:12:35.3524043+00:00" endTime="2025-09-10T18:12:35.3524044+00:00" testType="13cdc9d9-ddb5-4fa4-a97d-d965ccfc6d4b" outcome="Passed" testListId="8c84fa94-04c1-424b-9868-57a2d4851a1d" relativeResultsDirectory="db6d3c0e-4aac-46f8-8dd0-53e392454b0a" />
    <UnitTestResult executionId="cc758d76-6e28-45f5-8d26-4f536e507c6a" testId="973ec4a4-75bf-519b-ad67-04ada4756976" testName="BuckScience.Tests.DirectionHelperTests.FromFloat_ShouldFindClosestDirection(degrees: 22, expectedDirection: N)" computerName="runnervmf4ws1" duration="00:00:00.0001536" startTime="2025-09-10T18:12:34.2745977+00:00" endTime="2025-09-10T18:12:34.2745978+00:00" testType="13cdc9d9-ddb5-4fa4-a97d-d965ccfc6d4b" outcome="Passed" testListId="8c84fa94-04c1-424b-9868-57a2d4851a1d" relativeResultsDirectory="cc758d76-6e28-45f5-8d26-4f536e507c6a" />
    <UnitTestResult executionId="ecd0c596-6658-40c5-84c6-746703176dbd" testId="f34471f4-815a-4ec3-4038-5fedcb003a99" testName="BuckScience.Tests.Domain.FeatureWeightTests.FeatureWeight_IsCustom_DefaultsToFalse" computerName="runnervmf4ws1" duration="00:00:00.0001391" startTime="2025-09-10T18:12:35.3230922+00:00" endTime="2025-09-10T18:12:35.3230923+00:00" testType="13cdc9d9-ddb5-4fa4-a97d-d965ccfc6d4b" outcome="Passed" testListId="8c84fa94-04c1-424b-9868-57a2d4851a1d" relativeResultsDirectory="ecd0c596-6658-40c5-84c6-746703176dbd" />
    <UnitTestResult executionId="56487f0c-896e-4544-af7c-b97a404ed74c" testId="6312f765-830a-9014-ae5b-70adf30832c5" testName="BuckScience.Tests.Domain.PropertyFeatureTests.SetWeight_WithInvalidWeight_ThrowsArgumentOutOfRangeException(weight: -0.100000001)" computerName="runnervmf4ws1" duration="00:00:00.0005594" startTime="2025-09-10T18:12:35.3852388+00:00" endTime="2025-09-10T18:12:35.3852388+00:00" testType="13cdc9d9-ddb5-4fa4-a97d-d965ccfc6d4b" outcome="Passed" testListId="8c84fa94-04c1-424b-9868-57a2d4851a1d" relativeResultsDirectory="56487f0c-896e-4544-af7c-b97a404ed74c" />
    <UnitTestResult executionId="1f023f1e-62b9-4579-b126-0dded9acfff8" testId="13b70763-63fd-f0df-582a-0fb307fcad59" testName="BuckScience.Tests.PhotoFiltersTests.PhotoFilters_AllWeatherRangeFiltersWork" computerName="runnervmf4ws1" duration="00:00:00.0013326" startTime="2025-09-10T18:12:34.1906439+00:00" endTime="2025-09-10T18:12:34.1906440+00:00" testType="13cdc9d9-ddb5-4fa4-a97d-d965ccfc6d4b" outcome="Passed" testListId="8c84fa94-04c1-424b-9868-57a2d4851a1d" relativeResultsDirectory="1f023f1e-62b9-4579-b126-0dded9acfff8" />
    <UnitTestResult executionId="1736696b-cc70-4c2a-a83f-b1177fea87b7" testId="57048c9f-2c1b-ae85-11e6-989795af7a80" testName="BuckScience.Tests.Domain.SeasonExtensionsTests.GetMonthsForProperty_WithNullProperty_ReturnsDefaultMonths" computerName="runnervmf4ws1" duration="00:00:00.0001590" startTime="2025-09-10T18:12:34.2842007+00:00" endTime="2025-09-10T18:12:34.2842008+00:00" testType="13cdc9d9-ddb5-4fa4-a97d-d965ccfc6d4b" outcome="Passed" testListId="8c84fa94-04c1-424b-9868-57a2d4851a1d" relativeResultsDirectory="1736696b-cc70-4c2a-a83f-b1177fea87b7" />
    <UnitTestResult executionId="8548716c-aa17-4b74-b2ef-6c88076dc290" testId="d9d0929f-95f9-5181-aa9b-10571d330d53" testName="BuckScience.Tests.PropertyTagUpdateTest.TaggingPhoto_ShouldUpdatePropertyTags" computerName="runnervmf4ws1" duration="00:00:01.1787810" startTime="2025-09-10T18:12:35.3851913+00:00" endTime="2025-09-10T18:12:35.3851914+00:00" testType="13cdc9d9-ddb5-4fa4-a97d-d965ccfc6d4b" outcome="Passed" testListId="8c84fa94-04c1-424b-9868-57a2d4851a1d" relativeResultsDirectory="8548716c-aa17-4b74-b2ef-6c88076dc290" />
    <UnitTestResult executionId="3a6a2bac-37a9-467e-82ee-e4fbf055c7d3" testId="26223a8b-ac6d-ffcd-1256-75d18fb727f7" testName="BuckScience.Tests.DirectionHelperTests.ToFloat_ShouldReturnCorrectDegrees(direction: NW, expectedDegrees: 315)" computerName="runnervmf4ws1" duration="00:00:00.0000081" startTime="2025-09-10T18:12:34.2737919+00:00" endTime="2025-09-10T18:12:34.2737919+00:00" testType="13cdc9d9-ddb5-4fa4-a97d-d965ccfc6d4b" outcome="Passed" testListId="8c84fa94-04c1-424b-9868-57a2d4851a1d" relativeResultsDirectory="3a6a2bac-37a9-467e-82ee-e4fbf055c7d3" />
    <UnitTestResult executionId="d8422c6e-c003-450b-ba73-3303a5c4ba07" testId="ec7cd5e3-a82c-cf66-66cc-45c1ba395a3e" testName="BuckScience.Tests.Web.Helpers.WeatherHelpersTests.ConvertMoonPhaseTextToNumeric_InvalidText_ReturnsNull(text: &quot;   &quot;)" computerName="runnervmf4ws1" duration="00:00:00.0000066" startTime="2025-09-10T18:12:35.4253387+00:00" endTime="2025-09-10T18:12:35.4253388+00:00" testType="13cdc9d9-ddb5-4fa4-a97d-d965ccfc6d4b" outcome="Passed" testListId="8c84fa94-04c1-424b-9868-57a2d4851a1d" relativeResultsDirectory="d8422c6e-c003-450b-ba73-3303a5c4ba07" />
    <UnitTestResult executionId="135d6759-afda-40b2-97e6-1da10635a335" testId="2b043a8d-e346-04e5-47b3-898bfcbeb615" testName="BuckScience.Tests.CameraPlacementHistoryTests.CameraPlacementHistory_Duration_ShouldCalculateCorrectly" computerName="runnervmf4ws1" duration="00:00:00.0005620" startTime="2025-09-10T18:12:34.2502597+00:00" endTime="2025-09-10T18:12:34.2502598+00:00" testType="13cdc9d9-ddb5-4fa4-a97d-d965ccfc6d4b" outcome="Passed" testListId="8c84fa94-04c1-424b-9868-57a2d4851a1d" relativeResultsDirectory="135d6759-afda-40b2-97e6-1da10635a335" />
    <UnitTestResult executionId="4eda4c60-db32-4f2e-8433-ddb45bb89167" testId="a1855258-2f38-7695-fb75-dcfca8f4ee44" testName="BuckScience.Tests.PhotoFilteringIntegrationTests.BuildFilters_WithTemperatureRange_ReturnsFiltersWithTemperature" computerName="runnervmf4ws1" duration="00:00:00.0003257" startTime="2025-09-10T18:12:35.4453969+00:00" endTime="2025-09-10T18:12:35.4453970+00:00" testType="13cdc9d9-ddb5-4fa4-a97d-d965ccfc6d4b" outcome="Passed" testListId="8c84fa94-04c1-424b-9868-57a2d4851a1d" relativeResultsDirectory="4eda4c60-db32-4f2e-8433-ddb45bb89167" />
    <UnitTestResult executionId="65ca23ee-d4b5-4a3d-a37b-ad380fb8dafc" testId="d85c6fd3-7663-9ff2-9595-f7d77c06aa38" testName="BuckScience.Tests.Application.PropertyFeatureApplicationTests.UpdatePropertyFeature_WithNullWeight_SetsWeightToNull" computerName="runnervmf4ws1" duration="00:00:00.0020961" startTime="2025-09-10T18:12:35.5481787+00:00" endTime="2025-09-10T18:12:35.5481787+00:00" testType="13cdc9d9-ddb5-4fa4-a97d-d965ccfc6d4b" outcome="Passed" testListId="8c84fa94-04c1-424b-9868-57a2d4851a1d" relativeResultsDirectory="65ca23ee-d4b5-4a3d-a37b-ad380fb8dafc" />
    <UnitTestResult executionId="343a5810-4434-415b-9d72-b16c08ce3a7e" testId="477057b0-3b6f-36a4-06fc-1b03c23a4da7" testName="BuckScience.Tests.PhotoFilteringUrlExamples.BuildFilters_ConditionsParameters_ShouldParseCorrectly(conditions: &quot;Clear,Cloudy&quot;, expectedConditions: [&quot;Clear&quot;, &quot;Cloudy&quot;])" computerName="runnervmf4ws1" duration="00:00:00.0007209" startTime="2025-09-10T18:12:34.4035898+00:00" endTime="2025-09-10T18:12:34.4035900+00:00" testType="13cdc9d9-ddb5-4fa4-a97d-d965ccfc6d4b" outcome="Passed" testListId="8c84fa94-04c1-424b-9868-57a2d4851a1d" relativeResultsDirectory="343a5810-4434-415b-9d72-b16c08ce3a7e" />
    <UnitTestResult executionId="d3bd270d-49f3-4adf-ab80-03fc78e62190" testId="57fdcf56-cdf1-9f39-baba-1b1c695971d5" testName="BuckScience.Tests.Web.Helpers.WeatherHelpersTests.ConvertWindDirectionTextToNumeric_CaseInsensitive_Works" computerName="runnervmf4ws1" duration="00:00:00.0002225" startTime="2025-09-10T18:12:35.4254741+00:00" endTime="2025-09-10T18:12:35.4254741+00:00" testType="13cdc9d9-ddb5-4fa4-a97d-d965ccfc6d4b" outcome="Passed" testListId="8c84fa94-04c1-424b-9868-57a2d4851a1d" relativeResultsDirectory="d3bd270d-49f3-4adf-ab80-03fc78e62190" />
    <UnitTestResult executionId="46c641f8-f31f-4a1b-9ac7-8e9270bbfad9" testId="d23e84fd-71f4-7bce-d8fe-1741eb8da08e" testName="BuckScience.Tests.PhotoFilteringComprehensiveTests.PropertyPhotosVm_WithoutFilters_CorrectProperties" computerName="runnervmf4ws1" duration="00:00:00.0002523" startTime="2025-09-10T18:12:34.2455323+00:00" endTime="2025-09-10T18:12:34.2455324+00:00" testType="13cdc9d9-ddb5-4fa4-a97d-d965ccfc6d4b" outcome="Passed" testListId="8c84fa94-04c1-424b-9868-57a2d4851a1d" relativeResultsDirectory="46c641f8-f31f-4a1b-9ac7-8e9270bbfad9" />
    <UnitTestResult executionId="e6027425-f991-4100-8133-f02191074ef4" testId="abed9d03-2d03-a6ea-317e-f9cbae3ef978" testName="BuckScience.Tests.DirectionHelperTests.FromFloat_ShouldReturnCorrectDirection(degrees: 45, expectedDirection: NE)" computerName="runnervmf4ws1" duration="00:00:00.0000062" startTime="2025-09-10T18:12:34.2703938+00:00" endTime="2025-09-10T18:12:34.2703939+00:00" testType="13cdc9d9-ddb5-4fa4-a97d-d965ccfc6d4b" outcome="Passed" testListId="8c84fa94-04c1-424b-9868-57a2d4851a1d" relativeResultsDirectory="e6027425-f991-4100-8133-f02191074ef4" />
    <UnitTestResult executionId="fef89b35-141c-468d-a648-238b2ad38c29" testId="6c5bb03b-3d70-308f-aed5-443e0f2530e1" testName="BuckScience.Tests.Web.Helpers.WeatherHelpersTests.WindDirectionOption_Properties_Work" computerName="runnervmf4ws1" duration="00:00:00.0002677" startTime="2025-09-10T18:12:35.4287572+00:00" endTime="2025-09-10T18:12:35.4287573+00:00" testType="13cdc9d9-ddb5-4fa4-a97d-d965ccfc6d4b" outcome="Passed" testListId="8c84fa94-04c1-424b-9868-57a2d4851a1d" relativeResultsDirectory="fef89b35-141c-468d-a648-238b2ad38c29" />
    <UnitTestResult executionId="93812cc0-66fe-427f-b4da-75555f5695d6" testId="6d9ecacc-771f-c0f8-81b8-e7f5f5ecfa5f" testName="BuckScience.Tests.WeatherConfigurationTests.WeatherSettings_ShouldBindFromConfiguration" computerName="runnervmf4ws1" duration="00:00:00.0028414" startTime="2025-09-10T18:12:34.3952729+00:00" endTime="2025-09-10T18:12:34.3952730+00:00" testType="13cdc9d9-ddb5-4fa4-a97d-d965ccfc6d4b" outcome="Passed" testListId="8c84fa94-04c1-424b-9868-57a2d4851a1d" relativeResultsDirectory="93812cc0-66fe-427f-b4da-75555f5695d6" />
    <UnitTestResult executionId="41d74550-dfcd-4e26-b14a-375a6fd19141" testId="e7cf9e58-42dd-8f47-eefc-754488b66343" testName="BuckScience.Tests.Domain.PropertySeasonMonthsOverrideTests.PropertySeasonMonthsOverride_SetMonths_WithInvalidMonths_ThrowsArgumentOutOfRangeException(invalidMonths: [0])" computerName="runnervmf4ws1" duration="00:00:00.0000802" startTime="2025-09-10T18:12:34.3741846+00:00" endTime="2025-09-10T18:12:34.3741846+00:00" testType="13cdc9d9-ddb5-4fa4-a97d-d965ccfc6d4b" outcome="Passed" testListId="8c84fa94-04c1-424b-9868-57a2d4851a1d" relativeResultsDirectory="41d74550-dfcd-4e26-b14a-375a6fd19141" />
    <UnitTestResult executionId="faec9fbd-114f-439c-bb95-687a5d490275" testId="9660e9b2-80f8-e700-08d8-e0b7717e9f85" testName="BuckScience.Tests.Domain.PropertyFeatureTests.Constructor_WithoutWeight_SetsWeightToNull" computerName="runnervmf4ws1" duration="00:00:00.0001923" startTime="2025-09-10T18:12:35.3796911+00:00" endTime="2025-09-10T18:12:35.3796912+00:00" testType="13cdc9d9-ddb5-4fa4-a97d-d965ccfc6d4b" outcome="Passed" testListId="8c84fa94-04c1-424b-9868-57a2d4851a1d" relativeResultsDirectory="faec9fbd-114f-439c-bb95-687a5d490275" />
    <UnitTestResult executionId="934dfb49-a50a-46f0-8ac4-7d0ab1a65334" testId="5be58517-5610-e8d0-dec2-520046d41b5e" testName="BuckScience.Tests.Domain.PropertySeasonMonthsOverrideTests.PropertySeasonMonthsOverride_Constructor_WithInvalidPropertyId_ThrowsArgumentOutOfRangeException(invalidPropertyId: -1)" computerName="runnervmf4ws1" duration="00:00:00.0000587" startTime="2025-09-10T18:12:34.2878247+00:00" endTime="2025-09-10T18:12:34.2878248+00:00" testType="13cdc9d9-ddb5-4fa4-a97d-d965ccfc6d4b" outcome="Passed" testListId="8c84fa94-04c1-424b-9868-57a2d4851a1d" relativeResultsDirectory="934dfb49-a50a-46f0-8ac4-7d0ab1a65334" />
    <UnitTestResult executionId="5680c427-b9fb-47c9-babf-d709df7b3ef2" testId="af05f3f5-fc25-06fd-0f22-fca8b27396d1" testName="BuckScience.Tests.Domain.PropertyFeatureTests.Constructor_WithInvalidWeight_ThrowsArgumentOutOfRangeException(weight: -1)" computerName="runnervmf4ws1" duration="00:00:00.0000632" startTime="2025-09-10T18:12:35.3863420+00:00" endTime="2025-09-10T18:12:35.3863420+00:00" testType="13cdc9d9-ddb5-4fa4-a97d-d965ccfc6d4b" outcome="Passed" testListId="8c84fa94-04c1-424b-9868-57a2d4851a1d" relativeResultsDirectory="5680c427-b9fb-47c9-babf-d709df7b3ef2" />
    <UnitTestResult executionId="f6ab1c73-0da2-429a-b511-f7ed9785e383" testId="e531c44f-a81a-259c-843c-505a398d8b55" testName="BuckScience.Tests.Web.Helpers.WeatherHelpersTests.ConvertMoonPhaseTextToNumeric_InvalidText_ReturnsNull(text: &quot;Invalid Phase&quot;)" computerName="runnervmf4ws1" duration="00:00:00.0000110" startTime="2025-09-10T18:12:35.4252663+00:00" endTime="2025-09-10T18:12:35.4252664+00:00" testType="13cdc9d9-ddb5-4fa4-a97d-d965ccfc6d4b" outcome="Passed" testListId="8c84fa94-04c1-424b-9868-57a2d4851a1d" relativeResultsDirectory="f6ab1c73-0da2-429a-b511-f7ed9785e383" />
    <UnitTestResult executionId="84ccbfda-88c7-4b9f-9624-635067a7e7eb" testId="4103318d-2de0-6e72-8544-27607329cbb3" testName="BuckScience.Tests.CameraDetailsVmTests.CameraDetailsVm_ShouldAllowNullModel" computerName="runnervmf4ws1" duration="00:00:00.0009560" startTime="2025-09-10T18:12:34.2485291+00:00" endTime="2025-09-10T18:12:34.2485291+00:00" testType="13cdc9d9-ddb5-4fa4-a97d-d965ccfc6d4b" outcome="Passed" testListId="8c84fa94-04c1-424b-9868-57a2d4851a1d" relativeResultsDirectory="84ccbfda-88c7-4b9f-9624-635067a7e7eb" />
    <UnitTestResult executionId="5251c660-80ba-467c-9024-b6e8e67c9594" testId="7882d79f-7e75-7cd0-3f6e-4fc087cc8ade" testName="BuckScience.Tests.DirectionHelperTests.ToFloat_ShouldReturnCorrectDegrees(direction: N, expectedDegrees: 0)" computerName="runnervmf4ws1" duration="00:00:00.0000037" startTime="2025-09-10T18:12:34.2735910+00:00" endTime="2025-09-10T18:12:34.2735910+00:00" testType="13cdc9d9-ddb5-4fa4-a97d-d965ccfc6d4b" outcome="Passed" testListId="8c84fa94-04c1-424b-9868-57a2d4851a1d" relativeResultsDirectory="5251c660-80ba-467c-9024-b6e8e67c9594" />
    <UnitTestResult executionId="b4fd7412-9265-4a0c-91c0-b5fe8f6da615" testId="d6776beb-14db-e4df-c8a3-8f90548062bb" testName="BuckScience.Tests.Domain.FeatureWeightTests.FeatureWeight_SetSeasonalWeights_SetsIsCustomToTrue" computerName="runnervmf4ws1" duration="00:00:00.0002486" startTime="2025-09-10T18:12:35.3217270+00:00" endTime="2025-09-10T18:12:35.3217270+00:00" testType="13cdc9d9-ddb5-4fa4-a97d-d965ccfc6d4b" outcome="Passed" testListId="8c84fa94-04c1-424b-9868-57a2d4851a1d" relativeResultsDirectory="b4fd7412-9265-4a0c-91c0-b5fe8f6da615" />
    <UnitTestResult executionId="6242e682-b8ef-41fc-a209-739ec17f1db1" testId="e59ff618-3ced-6a2f-d01c-20262e337085" testName="BuckScience.Tests.DirectionHelperTests.FromFloat_ShouldFindClosestDirection(degrees: 68, expectedDirection: E)" computerName="runnervmf4ws1" duration="00:00:00.0000090" startTime="2025-09-10T18:12:34.2757001+00:00" endTime="2025-09-10T18:12:34.2757002+00:00" testType="13cdc9d9-ddb5-4fa4-a97d-d965ccfc6d4b" outcome="Passed" testListId="8c84fa94-04c1-424b-9868-57a2d4851a1d" relativeResultsDirectory="6242e682-b8ef-41fc-a209-739ec17f1db1" />
    <UnitTestResult executionId="e7c74a88-5b4c-46c9-ab2c-26cdc500d61f" testId="5def33b1-c62c-99fb-8bf7-753117f8b16e" testName="BuckScience.Tests.Domain.FeatureWeightTests.FeatureWeight_ResetToDefault_ClearsCustomizations" computerName="runnervmf4ws1" duration="00:00:00.0005205" startTime="2025-09-10T18:12:35.3090117+00:00" endTime="2025-09-10T18:12:35.3090118+00:00" testType="13cdc9d9-ddb5-4fa4-a97d-d965ccfc6d4b" outcome="Passed" testListId="8c84fa94-04c1-424b-9868-57a2d4851a1d" relativeResultsDirectory="e7c74a88-5b4c-46c9-ab2c-26cdc500d61f" />
    <UnitTestResult executionId="19faa2d9-317a-4d8a-9fa2-1a9352d53617" testId="5281d8e8-e57c-c45e-69f7-66dd4ef8cb7b" testName="BuckScience.Tests.PhotoFiltersTests.PhotoFilters_HasAnyFilters_ReturnsTrueWhenDateFilterSet" computerName="runnervmf4ws1" duration="00:00:00.0002986" startTime="2025-09-10T18:12:34.2418085+00:00" endTime="2025-09-10T18:12:34.2418086+00:00" testType="13cdc9d9-ddb5-4fa4-a97d-d965ccfc6d4b" outcome="Passed" testListId="8c84fa94-04c1-424b-9868-57a2d4851a1d" relativeResultsDirectory="19faa2d9-317a-4d8a-9fa2-1a9352d53617" />
    <UnitTestResult executionId="b0343942-e70f-402d-a489-e884a768f90b" testId="994b105a-2d3c-5d2b-62ff-1c998f53f588" testName="BuckScience.Tests.TaggingSystemTests.AddTagToPhotos_ShouldNotCreateDuplicates" computerName="runnervmf4ws1" duration="00:00:00.0177456" startTime="2025-09-10T18:12:35.3266968+00:00" endTime="2025-09-10T18:12:35.3266969+00:00" testType="13cdc9d9-ddb5-4fa4-a97d-d965ccfc6d4b" outcome="Passed" testListId="8c84fa94-04c1-424b-9868-57a2d4851a1d" relativeResultsDirectory="b0343942-e70f-402d-a489-e884a768f90b" />
    <UnitTestResult executionId="07a1a1e4-ac8b-4076-b068-ffe30fcfdb76" testId="1c0d7c7b-e498-3c7a-c145-fce1f6e14e16" testName="BuckScience.Tests.Web.Helpers.WeatherHelpersTests.ConvertMoonPhaseTextToNumeric_ValidText_ReturnsCorrectValue(text: &quot;Waxing Gibbous&quot;, expected: 0.375)" computerName="runnervmf4ws1" duration="00:00:00.0000101" startTime="2025-09-10T18:12:35.4239410+00:00" endTime="2025-09-10T18:12:35.4239411+00:00" testType="13cdc9d9-ddb5-4fa4-a97d-d965ccfc6d4b" outcome="Passed" testListId="8c84fa94-04c1-424b-9868-57a2d4851a1d" relativeResultsDirectory="07a1a1e4-ac8b-4076-b068-ffe30fcfdb76" />
    <UnitTestResult executionId="b0a87724-4574-4993-a2e1-98430aa5fda9" testId="c900e632-ca6a-8d11-765e-c59876f4f7f8" testName="BuckScience.Tests.PhotoFilteringIntegrationTests.BuildFilters_WithDateRange_ReturnsFiltersWithDates" computerName="runnervmf4ws1" duration="00:00:00.0005078" startTime="2025-09-10T18:12:35.4453198+00:00" endTime="2025-09-10T18:12:35.4453199+00:00" testType="13cdc9d9-ddb5-4fa4-a97d-d965ccfc6d4b" outcome="Passed" testListId="8c84fa94-04c1-424b-9868-57a2d4851a1d" relativeResultsDirectory="b0a87724-4574-4993-a2e1-98430aa5fda9" />
    <UnitTestResult executionId="f2ade638-a97f-417f-890d-71b052536454" testId="f33495c4-e0d0-5acc-0d2f-99762039f6f2" testName="BuckScience.Tests.Domain.FeatureWeightTests.FeatureWeight_UpdateUserWeight_WithNullSetsIsCustomToFalse" computerName="runnervmf4ws1" duration="00:00:00.0001639" startTime="2025-09-10T18:12:35.3231658+00:00" endTime="2025-09-10T18:12:35.3231658+00:00" testType="13cdc9d9-ddb5-4fa4-a97d-d965ccfc6d4b" outcome="Passed" testListId="8c84fa94-04c1-424b-9868-57a2d4851a1d" relativeResultsDirectory="f2ade638-a97f-417f-890d-71b052536454" />
    <UnitTestResult executionId="10b860ed-6465-4015-b296-42f6885f4b5f" testId="81cae9df-520c-bb72-ca7a-30a828451359" testName="BuckScience.Tests.PhotoFilteringComprehensiveTests.PhotoFilters_ComplexCombination_AllFilterTypes" computerName="runnervmf4ws1" duration="00:00:00.0037647" startTime="2025-09-10T18:12:34.2466514+00:00" endTime="2025-09-10T18:12:34.2466514+00:00" testType="13cdc9d9-ddb5-4fa4-a97d-d965ccfc6d4b" outcome="Passed" testListId="8c84fa94-04c1-424b-9868-57a2d4851a1d" relativeResultsDirectory="10b860ed-6465-4015-b296-42f6885f4b5f" />
    <UnitTestResult executionId="7b1a657b-1e17-4a0d-be60-f64f9ab4595c" testId="8d702d1b-c14c-4dd0-cea5-aaa087d77d3f" testName="BuckScience.Tests.CameraEditVmTests.CameraEditVm_SyncSelectionFromDirection_ShouldFindClosestDirection" computerName="runnervmf4ws1" duration="00:00:00.0001391" startTime="2025-09-10T18:12:35.3861674+00:00" endTime="2025-09-10T18:12:35.3861675+00:00" testType="13cdc9d9-ddb5-4fa4-a97d-d965ccfc6d4b" outcome="Passed" testListId="8c84fa94-04c1-424b-9868-57a2d4851a1d" relativeResultsDirectory="7b1a657b-1e17-4a0d-be60-f64f9ab4595c" />
    <UnitTestResult executionId="4213ee77-c8d6-43ba-bef5-f48c34fbc2eb" testId="5fc7d131-6de1-7ffe-375b-8ea28a5dbcb8" testName="BuckScience.Tests.TaggingSystemTests.SetAsDefaultTag_ShouldSetTagAsDefault" computerName="runnervmf4ws1" duration="00:00:00.0001204" startTime="2025-09-10T18:12:35.3267983+00:00" endTime="2025-09-10T18:12:35.3267983+00:00" testType="13cdc9d9-ddb5-4fa4-a97d-d965ccfc6d4b" outcome="Passed" testListId="8c84fa94-04c1-424b-9868-57a2d4851a1d" relativeResultsDirectory="4213ee77-c8d6-43ba-bef5-f48c34fbc2eb" />
    <UnitTestResult executionId="f64d0b23-3e80-47fd-aac1-a2350629ea32" testId="8dc17fe0-66a4-6cf2-3749-0f755c367e4d" testName="BuckScience.Tests.Web.Helpers.WeatherHelpersTests.GetWindDirectionOptions_WithEmptyAvailable_AllUnavailable" computerName="runnervmf4ws1" duration="00:00:00.0003088" startTime="2025-09-10T18:12:35.4255492+00:00" endTime="2025-09-10T18:12:35.4255492+00:00" testType="13cdc9d9-ddb5-4fa4-a97d-d965ccfc6d4b" outcome="Passed" testListId="8c84fa94-04c1-424b-9868-57a2d4851a1d" relativeResultsDirectory="f64d0b23-3e80-47fd-aac1-a2350629ea32" />
    <UnitTestResult executionId="048db8f2-f654-4973-9f2c-47430641bcf8" testId="e5846600-5bfc-193d-66eb-f1933de5487e" testName="BuckScience.Tests.CameraEditVmTests.CameraEditVm_SyncDirectionFromSelection_ShouldUpdateDirectionDegrees" computerName="runnervmf4ws1" duration="00:00:00.0002283" startTime="2025-09-10T18:12:35.3855401+00:00" endTime="2025-09-10T18:12:35.3855401+00:00" testType="13cdc9d9-ddb5-4fa4-a97d-d965ccfc6d4b" outcome="Passed" testListId="8c84fa94-04c1-424b-9868-57a2d4851a1d" relativeResultsDirectory="048db8f2-f654-4973-9f2c-47430641bcf8" />
    <UnitTestResult executionId="435233ae-f410-4648-aa37-7b5af4df9232" testId="6e1a460b-06b0-f626-b520-bfe11fd26de1" testName="BuckScience.Tests.Domain.FeatureWeightTests.FeatureWeight_SetSeasonalWeights_ValidatesWeightRange" computerName="runnervmf4ws1" duration="00:00:00.0005775" startTime="2025-09-10T18:12:35.3208881+00:00" endTime="2025-09-10T18:12:35.3208882+00:00" testType="13cdc9d9-ddb5-4fa4-a97d-d965ccfc6d4b" outcome="Passed" testListId="8c84fa94-04c1-424b-9868-57a2d4851a1d" relativeResultsDirectory="435233ae-f410-4648-aa37-7b5af4df9232" />
    <UnitTestResult executionId="b33ed95a-9770-4763-bcfb-f3b250b0846c" testId="0249bb7c-cd9a-b690-46ba-3252e9d64885" testName="BuckScience.Tests.PhotoFilteringUrlExamples.BuildFilters_CameraParameters_ShouldParseCorrectly(cameras: &quot;1,5,10&quot;, expectedCameras: [1, 5, 10])" computerName="runnervmf4ws1" duration="00:00:00.0000174" startTime="2025-09-10T18:12:34.4016478+00:00" endTime="2025-09-10T18:12:34.4016478+00:00" testType="13cdc9d9-ddb5-4fa4-a97d-d965ccfc6d4b" outcome="Passed" testListId="8c84fa94-04c1-424b-9868-57a2d4851a1d" relativeResultsDirectory="b33ed95a-9770-4763-bcfb-f3b250b0846c" />
    <UnitTestResult executionId="a0d6e6fd-42e9-4d5d-9b90-0ad166fa8beb" testId="a8cebbec-cc48-449c-a357-e8867b7cdbdf" testName="BuckScience.Tests.DirectionHelperTests.DirectionMapping_ShouldBeConsistent" computerName="runnervmf4ws1" duration="00:00:00.0003339" startTime="2025-09-10T18:12:34.2759188+00:00" endTime="2025-09-10T18:12:34.2759189+00:00" testType="13cdc9d9-ddb5-4fa4-a97d-d965ccfc6d4b" outcome="Passed" testListId="8c84fa94-04c1-424b-9868-57a2d4851a1d" relativeResultsDirectory="a0d6e6fd-42e9-4d5d-9b90-0ad166fa8beb" />
    <UnitTestResult executionId="a1e5eed4-839a-456b-88f0-bb4eb7f6b844" testId="33aaf4d3-9999-0bc6-ded9-bd2870cebad9" testName="BuckScience.Tests.Web.Helpers.WeatherHelpersTests.ConvertWindDirectionToText_VariousAngles_ReturnsCorrectDirection(degrees: 22.5, expected: &quot;NNE&quot;)" computerName="runnervmf4ws1" duration="00:00:00.0000049" startTime="2025-09-10T18:12:35.4180757+00:00" endTime="2025-09-10T18:12:35.4180757+00:00" testType="13cdc9d9-ddb5-4fa4-a97d-d965ccfc6d4b" outcome="Passed" testListId="8c84fa94-04c1-424b-9868-57a2d4851a1d" relativeResultsDirectory="a1e5eed4-839a-456b-88f0-bb4eb7f6b844" />
    <UnitTestResult executionId="7bcc6a6c-50c5-4f0f-99a5-9eec2338b00b" testId="7f31b8c1-231f-a39c-8870-f0d4abe51343" testName="BuckScience.Tests.FeatureHelperTests.FeatureDescriptions_ShouldContainAllClassificationTypes" computerName="runnervmf4ws1" duration="00:00:00.0015589" startTime="2025-09-10T18:12:35.3476091+00:00" endTime="2025-09-10T18:12:35.3476092+00:00" testType="13cdc9d9-ddb5-4fa4-a97d-d965ccfc6d4b" outcome="Passed" testListId="8c84fa94-04c1-424b-9868-57a2d4851a1d" relativeResultsDirectory="7bcc6a6c-50c5-4f0f-99a5-9eec2338b00b" />
    <UnitTestResult executionId="5e2db83c-37e9-49b4-acf5-bf1a3ecbaef2" testId="e35c95a4-d974-6814-c593-743bae04117a" testName="BuckScience.Tests.Domain.PropertyFeatureTests.UpdateWeight_WithInvalidWeight_ThrowsArgumentOutOfRangeException(weight: -0.5)" computerName="runnervmf4ws1" duration="00:00:00.0006131" startTime="2025-09-10T18:12:35.3809948+00:00" endTime="2025-09-10T18:12:35.3809949+00:00" testType="13cdc9d9-ddb5-4fa4-a97d-d965ccfc6d4b" outcome="Passed" testListId="8c84fa94-04c1-424b-9868-57a2d4851a1d" relativeResultsDirectory="5e2db83c-37e9-49b4-acf5-bf1a3ecbaef2" />
    <UnitTestResult executionId="b8eb50ab-61ab-4e2e-82c3-4446706330f1" testId="41d6624e-c316-a2d4-4992-8e24e9424bdf" testName="BuckScience.Tests.Domain.PropertySeasonMonthsOverrideTests.PropertySeasonMonthsOverride_RoundTripSerialization_MaintainsData(months: [1, 2, 3, 4, 5, ...])" computerName="runnervmf4ws1" duration="00:00:00.0099699" startTime="2025-09-10T18:12:34.3593048+00:00" endTime="2025-09-10T18:12:34.3593050+00:00" testType="13cdc9d9-ddb5-4fa4-a97d-d965ccfc6d4b" outcome="Passed" testListId="8c84fa94-04c1-424b-9868-57a2d4851a1d" relativeResultsDirectory="b8eb50ab-61ab-4e2e-82c3-4446706330f1" />
    <UnitTestResult executionId="7f902ce3-7e73-44f3-9c36-406b0e8e9f4a" testId="633c7180-abf2-d38a-1f50-b48e71e9c2bd" testName="BuckScience.Tests.Domain.PropertySeasonMonthsOverrideTests.PropertySeasonMonthsOverride_SetMonths_WithValidMonths_UpdatesMonthsAndTimestamp" computerName="runnervmf4ws1" duration="00:00:00.0104434" startTime="2025-09-10T18:12:34.3702371+00:00" endTime="2025-09-10T18:12:34.3702372+00:00" testType="13cdc9d9-ddb5-4fa4-a97d-d965ccfc6d4b" outcome="Passed" testListId="8c84fa94-04c1-424b-9868-57a2d4851a1d" relativeResultsDirectory="7f902ce3-7e73-44f3-9c36-406b0e8e9f4a" />
    <UnitTestResult executionId="1f053a49-e2a8-4880-a977-b1d1e8ebb834" testId="c77238a9-c057-c0ba-9741-2b480cb950cf" testName="BuckScience.Tests.Domain.PropertySeasonMonthsOverrideTests.PropertySeasonMonthsOverride_Constructor_WithInvalidMonths_ThrowsArgumentOutOfRangeException(invalidMonths: [13])" computerName="runnervmf4ws1" duration="00:00:00.0005346" startTime="2025-09-10T18:12:34.3708438+00:00" endTime="2025-09-10T18:12:34.3708440+00:00" testType="13cdc9d9-ddb5-4fa4-a97d-d965ccfc6d4b" outcome="Passed" testListId="8c84fa94-04c1-424b-9868-57a2d4851a1d" relativeResultsDirectory="1f053a49-e2a8-4880-a977-b1d1e8ebb834" />
    <UnitTestResult executionId="576086e7-4b80-4f88-b8a2-d168029cb12d" testId="a52561ca-dbe3-d21e-cc1f-fbc0bb577901" testName="BuckScience.Tests.Web.Helpers.WeatherHelpersTests.ConvertMoonPhaseTextToNumeric_ValidText_ReturnsCorrectValue(text: &quot;Full Moon&quot;, expected: 0.5)" computerName="runnervmf4ws1" duration="00:00:00.0000054" startTime="2025-09-10T18:12:35.4241280+00:00" endTime="2025-09-10T18:12:35.4241281+00:00" testType="13cdc9d9-ddb5-4fa4-a97d-d965ccfc6d4b" outcome="Passed" testListId="8c84fa94-04c1-424b-9868-57a2d4851a1d" relativeResultsDirectory="576086e7-4b80-4f88-b8a2-d168029cb12d" />
    <UnitTestResult executionId="cbdd6d69-7995-4060-afff-432b35dea3da" testId="f2c9e096-86d1-9457-0421-5a040989da55" testName="BuckScience.Tests.PhotoUploadIntegrationTests.PhotoUpload_WithoutCameraPlacement_ShouldHaveNullPlacementHistory" computerName="runnervmf4ws1" duration="00:00:00.0026492" startTime="2025-09-10T18:12:34.2470806+00:00" endTime="2025-09-10T18:12:34.2470807+00:00" testType="13cdc9d9-ddb5-4fa4-a97d-d965ccfc6d4b" outcome="Passed" testListId="8c84fa94-04c1-424b-9868-57a2d4851a1d" relativeResultsDirectory="cbdd6d69-7995-4060-afff-432b35dea3da" />
    <UnitTestResult executionId="31e953c9-befe-4413-acab-97b0115d3580" testId="a4c9dc78-d66c-c69a-90ef-d545d65a1a43" testName="BuckScience.Tests.Web.Helpers.WeatherHelpersTests.ConvertWindDirectionTextToNumeric_ValidDirections_ReturnsCorrectDegrees(direction: &quot;E&quot;, expected: 90)" computerName="runnervmf4ws1" duration="00:00:00.0000062" startTime="2025-09-10T18:12:35.4227098+00:00" endTime="2025-09-10T18:12:35.4227099+00:00" testType="13cdc9d9-ddb5-4fa4-a97d-d965ccfc6d4b" outcome="Passed" testListId="8c84fa94-04c1-424b-9868-57a2d4851a1d" relativeResultsDirectory="31e953c9-befe-4413-acab-97b0115d3580" />
    <UnitTestResult executionId="faae1d57-2530-4bb2-90b5-e064f8bb8002" testId="abcb8fa3-cd85-2471-5636-a22af31205a3" testName="BuckScience.Tests.Domain.FeatureWeightTests.FeatureWeightHelper_GetDefaultWeight_ReturnsExpectedValues(type: AgCropField, expectedWeight: 0.800000012)" computerName="runnervmf4ws1" duration="00:00:00.0000041" startTime="2025-09-10T18:12:35.2887382+00:00" endTime="2025-09-10T18:12:35.2887383+00:00" testType="13cdc9d9-ddb5-4fa4-a97d-d965ccfc6d4b" outcome="Passed" testListId="8c84fa94-04c1-424b-9868-57a2d4851a1d" relativeResultsDirectory="faae1d57-2530-4bb2-90b5-e064f8bb8002" />
    <UnitTestResult executionId="4d215246-99c8-4fef-a8e9-fa9ec68865cf" testId="310112f5-4d07-717c-55f6-37a269d700ab" testName="BuckScience.Tests.Web.Helpers.WeatherHelpersTests.ConvertWindDirectionToText_VariousAngles_ReturnsCorrectDirection(degrees: 315, expected: &quot;NW&quot;)" computerName="runnervmf4ws1" duration="00:00:00.0000049" startTime="2025-09-10T18:12:35.4190721+00:00" endTime="2025-09-10T18:12:35.4190722+00:00" testType="13cdc9d9-ddb5-4fa4-a97d-d965ccfc6d4b" outcome="Passed" testListId="8c84fa94-04c1-424b-9868-57a2d4851a1d" relativeResultsDirectory="4d215246-99c8-4fef-a8e9-fa9ec68865cf" />
    <UnitTestResult executionId="101810f6-eda5-40b5-862a-a8cb217edbee" testId="1346760c-63cd-b7f1-1c05-6d40bed27cce" testName="BuckScience.Tests.Application.PropertyFeatureApplicationTests.UpdatePropertyFeature_WithInvalidWeight_ThrowsArgumentOutOfRangeException" computerName="runnervmf4ws1" duration="00:00:00.0020044" startTime="2025-09-10T18:12:35.5502504+00:00" endTime="2025-09-10T18:12:35.5502504+00:00" testType="13cdc9d9-ddb5-4fa4-a97d-d965ccfc6d4b" outcome="Passed" testListId="8c84fa94-04c1-424b-9868-57a2d4851a1d" relativeResultsDirectory="101810f6-eda5-40b5-862a-a8cb217edbee" />
    <UnitTestResult executionId="c8179063-6b23-4835-bc41-594906dddfd6" testId="8106ff23-bb8f-04f9-7754-208ee15e0e54" testName="BuckScience.Tests.Domain.PropertySeasonMonthsOverrideTests.PropertySeasonMonthsOverride_Constructor_WithInvalidPropertyId_ThrowsArgumentOutOfRangeException(invalidPropertyId: 0)" computerName="runnervmf4ws1" duration="00:00:00.0015038" startTime="2025-09-10T18:12:34.2876990+00:00" endTime="2025-09-10T18:12:34.2876991+00:00" testType="13cdc9d9-ddb5-4fa4-a97d-d965ccfc6d4b" outcome="Passed" testListId="8c84fa94-04c1-424b-9868-57a2d4851a1d" relativeResultsDirectory="c8179063-6b23-4835-bc41-594906dddfd6" />
    <UnitTestResult executionId="ff0123ca-9967-4709-9083-c9e5169a8bdb" testId="fa35896d-315e-329a-8dc3-bb5ba3189b52" testName="BuckScience.Tests.Web.Helpers.WeatherHelpersTests.ConvertWindDirectionTextToNumeric_ValidDirections_ReturnsCorrectDegrees(direction: &quot;WNW&quot;, expected: 292.5)" computerName="runnervmf4ws1" duration="00:00:00.0002712" startTime="2025-09-10T18:12:35.4211815+00:00" endTime="2025-09-10T18:12:35.4211816+00:00" testType="13cdc9d9-ddb5-4fa4-a97d-d965ccfc6d4b" outcome="Passed" testListId="8c84fa94-04c1-424b-9868-57a2d4851a1d" relativeResultsDirectory="ff0123ca-9967-4709-9083-c9e5169a8bdb" />
    <UnitTestResult executionId="7d500df0-956d-4907-9b26-b4e3345d1d4d" testId="2582410d-2726-a653-733b-0912934edde4" testName="BuckScience.Tests.Web.Helpers.WeatherHelpersTests.ConvertMoonPhaseTextToNumeric_ValidText_ReturnsCorrectValue(text: &quot;Last Quarter&quot;, expected: 0.75)" computerName="runnervmf4ws1" duration="00:00:00.0002193" startTime="2025-09-10T18:12:35.4230534+00:00" endTime="2025-09-10T18:12:35.4230535+00:00" testType="13cdc9d9-ddb5-4fa4-a97d-d965ccfc6d4b" outcome="Passed" testListId="8c84fa94-04c1-424b-9868-57a2d4851a1d" relativeResultsDirectory="7d500df0-956d-4907-9b26-b4e3345d1d4d" />
    <UnitTestResult executionId="8e86e0cb-69bd-4be3-b44e-b6d11cf3270e" testId="b1f7f7a9-9f3c-0788-8363-349e751ff986" testName="BuckScience.Tests.Domain.PropertyFeatureTests.UpdateWeight_WithNull_SetsWeightToNull" computerName="runnervmf4ws1" duration="00:00:00.0002059" startTime="2025-09-10T18:12:35.3802600+00:00" endTime="2025-09-10T18:12:35.3802601+00:00" testType="13cdc9d9-ddb5-4fa4-a97d-d965ccfc6d4b" outcome="Passed" testListId="8c84fa94-04c1-424b-9868-57a2d4851a1d" relativeResultsDirectory="8e86e0cb-69bd-4be3-b44e-b6d11cf3270e" />
    <UnitTestResult executionId="18516dcb-8720-494d-a14a-307fdf5c1814" testId="2c3f2f16-fb94-3325-49ee-53aa9585411a" testName="BuckScience.Tests.Application.FeatureWeights.UpdateFeatureWeightsTests.UpdateFeatureWeights_OnlyUpdatesSpecificWeight_SetsOnlyThatAsCustom" computerName="runnervmf4ws1" duration="00:00:00.0040209" startTime="2025-09-10T18:12:35.2875048+00:00" endTime="2025-09-10T18:12:35.2875049+00:00" testType="13cdc9d9-ddb5-4fa4-a97d-d965ccfc6d4b" outcome="Passed" testListId="8c84fa94-04c1-424b-9868-57a2d4851a1d" relativeResultsDirectory="18516dcb-8720-494d-a14a-307fdf5c1814" />
    <UnitTestResult executionId="82cad17a-00e2-4f48-9488-d783a467c810" testId="702f6073-82fe-153e-00ca-63e8665d8828" testName="BuckScience.Tests.Domain.PropertySeasonMonthsOverrideTests.PropertySeasonMonthsOverride_SetMonths_WithInvalidMonths_ThrowsArgumentOutOfRangeException(invalidMonths: [13])" computerName="runnervmf4ws1" duration="00:00:00.0002675" startTime="2025-09-10T18:12:34.3741176+00:00" endTime="2025-09-10T18:12:34.3741177+00:00" testType="13cdc9d9-ddb5-4fa4-a97d-d965ccfc6d4b" outcome="Passed" testListId="8c84fa94-04c1-424b-9868-57a2d4851a1d" relativeResultsDirectory="82cad17a-00e2-4f48-9488-d783a467c810" />
    <UnitTestResult executionId="caf35c44-fe54-468d-b1c7-6ec6be68466f" testId="8c733a46-a4ea-1620-69ec-bdd69e48dc0b" testName="BuckScience.Tests.PhotoFiltersTests.PhotoFilters_HasAnyFilters_ReturnsFalseWhenNoFiltersSet" computerName="runnervmf4ws1" duration="00:00:00.0013015" startTime="2025-09-10T18:12:34.2410028+00:00" endTime="2025-09-10T18:12:34.2410029+00:00" testType="13cdc9d9-ddb5-4fa4-a97d-d965ccfc6d4b" outcome="Passed" testListId="8c84fa94-04c1-424b-9868-57a2d4851a1d" relativeResultsDirectory="caf35c44-fe54-468d-b1c7-6ec6be68466f" />
    <UnitTestResult executionId="a7d1de19-8611-4afe-8f6a-8ca0c55cb0b7" testId="1634510e-087e-a71c-61ba-55901a3677cc" testName="BuckScience.Tests.Web.Helpers.WeatherHelpersTests.ConvertWindDirectionTextToNumeric_ValidDirections_ReturnsCorrectDegrees(direction: &quot;NNE&quot;, expected: 22.5)" computerName="runnervmf4ws1" duration="00:00:00.0000048" startTime="2025-09-10T18:12:35.4215756+00:00" endTime="2025-09-10T18:12:35.4215757+00:00" testType="13cdc9d9-ddb5-4fa4-a97d-d965ccfc6d4b" outcome="Passed" testListId="8c84fa94-04c1-424b-9868-57a2d4851a1d" relativeResultsDirectory="a7d1de19-8611-4afe-8f6a-8ca0c55cb0b7" />
    <UnitTestResult executionId="d212de7c-b57c-4840-9fb2-baa6a3775cb5" testId="1798213c-35a3-cbbc-3a0a-8843aace427d" testName="BuckScience.Tests.Web.Helpers.WeatherHelpersTests.ConvertWindDirectionToText_VariousAngles_ReturnsCorrectDirection(degrees: 45, expected: &quot;NE&quot;)" computerName="runnervmf4ws1" duration="00:00:00.0000031" startTime="2025-09-10T18:12:35.4203929+00:00" endTime="2025-09-10T18:12:35.4203929+00:00" testType="13cdc9d9-ddb5-4fa4-a97d-d965ccfc6d4b" outcome="Passed" testListId="8c84fa94-04c1-424b-9868-57a2d4851a1d" relativeResultsDirectory="d212de7c-b57c-4840-9fb2-baa6a3775cb5" />
    <UnitTestResult executionId="aee8a26c-9593-4978-8d29-01ada590376d" testId="9f164cb9-b0ee-2833-0b35-619b21bae903" testName="BuckScience.Tests.Web.Helpers.WeatherHelpersTests.ConvertWindDirectionToText_VariousAngles_ReturnsCorrectDirection(degrees: 348.74000000000001, expected: &quot;NNW&quot;)" computerName="runnervmf4ws1" duration="00:00:00.0000056" startTime="2025-09-10T18:12:35.4200674+00:00" endTime="2025-09-10T18:12:35.4200675+00:00" testType="13cdc9d9-ddb5-4fa4-a97d-d965ccfc6d4b" outcome="Passed" testListId="8c84fa94-04c1-424b-9868-57a2d4851a1d" relativeResultsDirectory="aee8a26c-9593-4978-8d29-01ada590376d" />
    <UnitTestResult executionId="6432fb06-d16c-4156-a7dc-86ba2a92a3d6" testId="878dbf6d-4718-3010-2956-9a909a749d2f" testName="BuckScience.Tests.PhotoFilteringComprehensiveTests.PhotoFilters_EdgeCases_HandleCorrectly" computerName="runnervmf4ws1" duration="00:00:00.0011738" startTime="2025-09-10T18:12:34.2464078+00:00" endTime="2025-09-10T18:12:34.2464079+00:00" testType="13cdc9d9-ddb5-4fa4-a97d-d965ccfc6d4b" outcome="Passed" testListId="8c84fa94-04c1-424b-9868-57a2d4851a1d" relativeResultsDirectory="6432fb06-d16c-4156-a7dc-86ba2a92a3d6" />
    <UnitTestResult executionId="bc96efee-5a63-4c97-9fe9-f6bdccbba9fe" testId="85f24840-3222-d447-0677-9820b9294533" testName="BuckScience.Tests.Domain.PropertySeasonMonthsOverrideTests.PropertySeasonMonthsOverride_Constructor_WithEmptyMonths_ThrowsArgumentException" computerName="runnervmf4ws1" duration="00:00:00.0004653" startTime="2025-09-10T18:12:34.2878963+00:00" endTime="2025-09-10T18:12:34.2878963+00:00" testType="13cdc9d9-ddb5-4fa4-a97d-d965ccfc6d4b" outcome="Passed" testListId="8c84fa94-04c1-424b-9868-57a2d4851a1d" relativeResultsDirectory="bc96efee-5a63-4c97-9fe9-f6bdccbba9fe" />
    <UnitTestResult executionId="41599bf0-c3af-44f5-a36a-ca0ac547db34" testId="4331c44f-f3ff-6fce-80db-d30dfc1b0433" testName="BuckScience.Tests.DirectionHelperTests.ToFloat_ShouldReturnCorrectDegrees(direction: NE, expectedDegrees: 45)" computerName="runnervmf4ws1" duration="00:00:00.0000062" startTime="2025-09-10T18:12:34.2744935+00:00" endTime="2025-09-10T18:12:34.2744936+00:00" testType="13cdc9d9-ddb5-4fa4-a97d-d965ccfc6d4b" outcome="Passed" testListId="8c84fa94-04c1-424b-9868-57a2d4851a1d" relativeResultsDirectory="41599bf0-c3af-44f5-a36a-ca0ac547db34" />
    <UnitTestResult executionId="e81830df-30b0-4516-a45f-db8394da69d0" testId="80f7e275-5c62-bf32-953c-a522d71f0911" testName="BuckScience.Tests.PhotoFilteringUrlExamples.PhotoFiltering_RealWorldScenario_MoonPhaseAndConditions" computerName="runnervmf4ws1" duration="00:00:00.0011144" startTime="2025-09-10T18:12:34.3962316+00:00" endTime="2025-09-10T18:12:34.3962317+00:00" testType="13cdc9d9-ddb5-4fa4-a97d-d965ccfc6d4b" outcome="Passed" testListId="8c84fa94-04c1-424b-9868-57a2d4851a1d" relativeResultsDirectory="e81830df-30b0-4516-a45f-db8394da69d0" />
    <UnitTestResult executionId="dfcbf493-2a8f-48e6-aa5f-97bd5f9521b8" testId="ce7424f3-8800-2916-ce22-d9c4a6a2d917" testName="BuckScience.Tests.CameraPlacementHistoryTests.CameraPlacementHistory_EndPlacement_ShouldSetEndDateTime" computerName="runnervmf4ws1" duration="00:00:00.0002551" startTime="2025-09-10T18:12:34.2507406+00:00" endTime="2025-09-10T18:12:34.2507406+00:00" testType="13cdc9d9-ddb5-4fa4-a97d-d965ccfc6d4b" outcome="Passed" testListId="8c84fa94-04c1-424b-9868-57a2d4851a1d" relativeResultsDirectory="dfcbf493-2a8f-48e6-aa5f-97bd5f9521b8" />
    <UnitTestResult executionId="9de057c5-817e-442b-8fd6-a2cb07e517e3" testId="def966b3-b198-e5b0-2219-bdde89be7924" testName="BuckScience.Tests.CameraEditVmTests.CameraEditVm_ValidationAttributes_ShouldBeApplied" computerName="runnervmf4ws1" duration="00:00:00.0195226" startTime="2025-09-10T18:12:35.4039679+00:00" endTime="2025-09-10T18:12:35.4039679+00:00" testType="13cdc9d9-ddb5-4fa4-a97d-d965ccfc6d4b" outcome="Passed" testListId="8c84fa94-04c1-424b-9868-57a2d4851a1d" relativeResultsDirectory="9de057c5-817e-442b-8fd6-a2cb07e517e3" />
    <UnitTestResult executionId="ab706c2d-a363-4743-899a-7dc5ce172da9" testId="d2d2f826-9cbd-9c14-4121-a07b2094c76e" testName="BuckScience.Tests.DirectionHelperTests.ToFloat_ShouldReturnCorrectDegrees(direction: SW, expectedDegrees: 225)" computerName="runnervmf4ws1" duration="00:00:00.0000051" startTime="2025-09-10T18:12:34.2735333+00:00" endTime="2025-09-10T18:12:34.2735334+00:00" testType="13cdc9d9-ddb5-4fa4-a97d-d965ccfc6d4b" outcome="Passed" testListId="8c84fa94-04c1-424b-9868-57a2d4851a1d" relativeResultsDirectory="ab706c2d-a363-4743-899a-7dc5ce172da9" />
    <UnitTestResult executionId="cba56b41-75a8-439b-96a8-d955ffd5eb4b" testId="596b7c00-efcf-3d4d-3dbb-d2705ed5b371" testName="BuckScience.Tests.Application.FeatureWeights.UpdateDefaultFeatureWeightsTests.UpdateDefaultFeatureWeights_UpdatesDefaultWeightsCorrectly" computerName="runnervmf4ws1" duration="00:00:00.0117797" startTime="2025-09-10T18:12:35.3773104+00:00" endTime="2025-09-10T18:12:35.3773105+00:00" testType="13cdc9d9-ddb5-4fa4-a97d-d965ccfc6d4b" outcome="Passed" testListId="8c84fa94-04c1-424b-9868-57a2d4851a1d" relativeResultsDirectory="cba56b41-75a8-439b-96a8-d955ffd5eb4b" />
    <UnitTestResult executionId="b510eeb8-16cc-4c0b-bb95-2ff88da7b12a" testId="ccc07dc4-5c65-0922-771d-b881981eeb94" testName="BuckScience.Tests.PhotoPlacementHistoryTests.Photo_SetCameraPlacementHistory_ShouldAllowNull" computerName="runnervmf4ws1" duration="00:00:00.0004978" startTime="2025-09-10T18:12:34.2462653+00:00" endTime="2025-09-10T18:12:34.2462654+00:00" testType="13cdc9d9-ddb5-4fa4-a97d-d965ccfc6d4b" outcome="Passed" testListId="8c84fa94-04c1-424b-9868-57a2d4851a1d" relativeResultsDirectory="b510eeb8-16cc-4c0b-bb95-2ff88da7b12a" />
    <UnitTestResult executionId="afca1801-7f71-479b-a0af-5da3f1c21d1d" testId="28faaf32-b614-3b46-c8af-acfb48482d8d" testName="BuckScience.Tests.FeatureHelperTests.GetCategory_ShouldReturnCorrectCategoryForBeddingResources" computerName="runnervmf4ws1" duration="00:00:00.0002408" startTime="2025-09-10T18:12:35.3539673+00:00" endTime="2025-09-10T18:12:35.3539673+00:00" testType="13cdc9d9-ddb5-4fa4-a97d-d965ccfc6d4b" outcome="Passed" testListId="8c84fa94-04c1-424b-9868-57a2d4851a1d" relativeResultsDirectory="afca1801-7f71-479b-a0af-5da3f1c21d1d" />
    <UnitTestResult executionId="3921de34-321e-470e-a24f-c3a9b040aed2" testId="1d2cb59d-b905-737a-61a2-6d873910d1e1" testName="BuckScience.Tests.Domain.FeatureWeightTests.FeatureWeightHelper_GetCategory_ReturnsCorrectCategory(type: Creek, expectedCategory: ResourceWater)" computerName="runnervmf4ws1" duration="00:00:00.0000058" startTime="2025-09-10T18:12:35.3025519+00:00" endTime="2025-09-10T18:12:35.3025519+00:00" testType="13cdc9d9-ddb5-4fa4-a97d-d965ccfc6d4b" outcome="Passed" testListId="8c84fa94-04c1-424b-9868-57a2d4851a1d" relativeResultsDirectory="3921de34-321e-470e-a24f-c3a9b040aed2" />
    <UnitTestResult executionId="298dff56-66b3-4955-8c67-5af5a9e3ff06" testId="49d22b5a-8a11-c5d8-4359-de2ffd90b380" testName="BuckScience.Tests.Application.FeatureWeights.UpdateDefaultFeatureWeightsTests.UpdateDefaultFeatureWeights_ValidatesWeightRange" computerName="runnervmf4ws1" duration="00:00:00.0089359" startTime="2025-09-10T18:12:35.3661095+00:00" endTime="2025-09-10T18:12:35.3661096+00:00" testType="13cdc9d9-ddb5-4fa4-a97d-d965ccfc6d4b" outcome="Passed" testListId="8c84fa94-04c1-424b-9868-57a2d4851a1d" relativeResultsDirectory="298dff56-66b3-4955-8c67-5af5a9e3ff06" />
    <UnitTestResult executionId="ce475a8d-cd48-4149-9b3b-9f3bd871971f" testId="2b9ecce3-1ede-532e-6e3c-66b19452e797" testName="BuckScience.Tests.Application.SeasonMonthMappingServiceTests.GetMonthsForPropertyAsync_WithNullProperty_ReturnsDefaultMonths" computerName="runnervmf4ws1" duration="00:00:00.0105182" startTime="2025-09-10T18:12:34.2687375+00:00" endTime="2025-09-10T18:12:34.2687376+00:00" testType="13cdc9d9-ddb5-4fa4-a97d-d965ccfc6d4b" outcome="Passed" testListId="8c84fa94-04c1-424b-9868-57a2d4851a1d" relativeResultsDirectory="ce475a8d-cd48-4149-9b3b-9f3bd871971f" />
    <UnitTestResult executionId="f1e791f9-4592-4af0-88e9-82377f5ca236" testId="2e480f4f-8e65-8226-244e-bc56a9d64e7e" testName="BuckScience.Tests.Web.Helpers.WeatherHelpersTests.ConvertWindDirectionToText_VariousAngles_ReturnsCorrectDirection(degrees: 33.75, expected: &quot;NE&quot;)" computerName="runnervmf4ws1" duration="00:00:00.0000056" startTime="2025-09-10T18:12:35.4202434+00:00" endTime="2025-09-10T18:12:35.4202434+00:00" testType="13cdc9d9-ddb5-4fa4-a97d-d965ccfc6d4b" outcome="Passed" testListId="8c84fa94-04c1-424b-9868-57a2d4851a1d" relativeResultsDirectory="f1e791f9-4592-4af0-88e9-82377f5ca236" />
    <UnitTestResult executionId="87358c7b-66a9-471a-804f-7af77a7b19d2" testId="ea3e05c1-5c7d-865c-be9d-8f2ae46de9bb" testName="BuckScience.Tests.Application.PropertyFeatureApplicationTests.CreatePropertyFeature_WithoutWeight_CreatesFeatureWithDefaultWeight" computerName="runnervmf4ws1" duration="00:00:00.0014845" startTime="2025-09-10T18:12:35.5460078+00:00" endTime="2025-09-10T18:12:35.5460079+00:00" testType="13cdc9d9-ddb5-4fa4-a97d-d965ccfc6d4b" outcome="Passed" testListId="8c84fa94-04c1-424b-9868-57a2d4851a1d" relativeResultsDirectory="87358c7b-66a9-471a-804f-7af77a7b19d2" />
    <UnitTestResult executionId="4e1507b1-05a6-492d-bdfe-510ee78c572f" testId="396d4f9b-ac51-22fa-04b5-9956711699f1" testName="BuckScience.Tests.Web.Helpers.WeatherHelpersTests.ConvertWindDirectionToText_VariousAngles_ReturnsCorrectDirection(degrees: 360, expected: &quot;N&quot;)" computerName="runnervmf4ws1" duration="00:00:00.0000050" startTime="2025-09-10T18:12:35.4189727+00:00" endTime="2025-09-10T18:12:35.4189727+00:00" testType="13cdc9d9-ddb5-4fa4-a97d-d965ccfc6d4b" outcome="Passed" testListId="8c84fa94-04c1-424b-9868-57a2d4851a1d" relativeResultsDirectory="4e1507b1-05a6-492d-bdfe-510ee78c572f" />
    <UnitTestResult executionId="f8660e05-cc08-46b3-afac-2d49967355b4" testId="520cf6eb-1b87-3f3a-4e2f-2f4e620f4b62" testName="BuckScience.Tests.Domain.FeatureWeightTests.FeatureWeight_IsCustom_CanBeSetInConstructor" computerName="runnervmf4ws1" duration="00:00:00.0001397" startTime="2025-09-10T18:12:35.2889098+00:00" endTime="2025-09-10T18:12:35.2889099+00:00" testType="13cdc9d9-ddb5-4fa4-a97d-d965ccfc6d4b" outcome="Passed" testListId="8c84fa94-04c1-424b-9868-57a2d4851a1d" relativeResultsDirectory="f8660e05-cc08-46b3-afac-2d49967355b4" />
    <UnitTestResult executionId="6535487b-7d0e-4cdb-893d-6024d339e54f" testId="5c035d64-72fa-5f12-cc21-1e89e4c3e9b9" testName="BuckScience.Tests.Domain.PropertyFeatureTests.Constructor_AllParameters_SetsAllPropertiesCorrectly" computerName="runnervmf4ws1" duration="00:00:00.0021762" startTime="2025-09-10T18:12:35.3866000+00:00" endTime="2025-09-10T18:12:35.3866000+00:00" testType="13cdc9d9-ddb5-4fa4-a97d-d965ccfc6d4b" outcome="Passed" testListId="8c84fa94-04c1-424b-9868-57a2d4851a1d" relativeResultsDirectory="6535487b-7d0e-4cdb-893d-6024d339e54f" />
    <UnitTestResult executionId="13f20d0f-33c6-478d-b70d-b444493a2f2b" testId="24c340fb-d377-9a86-7f7b-24671f6c604a" testName="BuckScience.Tests.UnitTest1.Test1" computerName="runnervmf4ws1" duration="00:00:00.0001781" startTime="2025-09-10T18:12:35.4473061+00:00" endTime="2025-09-10T18:12:35.4473062+00:00" testType="13cdc9d9-ddb5-4fa4-a97d-d965ccfc6d4b" outcome="Passed" testListId="8c84fa94-04c1-424b-9868-57a2d4851a1d" relativeResultsDirectory="13f20d0f-33c6-478d-b70d-b444493a2f2b" />
    <UnitTestResult executionId="46431e85-cb0a-4149-9c78-ab3b7de6cdbb" testId="5586d107-f84a-20c0-07c2-a380e15c327c" testName="BuckScience.Tests.Domain.FeatureWeightTests.FeatureWeight_NullSeasonalWeights_ReturnsNullFromGetter" computerName="runnervmf4ws1" duration="00:00:00.0001225" startTime="2025-09-10T18:12:35.3232399+00:00" endTime="2025-09-10T18:12:35.3232400+00:00" testType="13cdc9d9-ddb5-4fa4-a97d-d965ccfc6d4b" outcome="Passed" testListId="8c84fa94-04c1-424b-9868-57a2d4851a1d" relativeResultsDirectory="46431e85-cb0a-4149-9c78-ab3b7de6cdbb" />
    <UnitTestResult executionId="4ed5c093-30ca-43c8-937f-cce5f79f9611" testId="b8a41320-c868-9123-86b4-03e71d0ff6ef" testName="BuckScience.Tests.Web.Helpers.WeatherHelpersTests.ConvertWindDirectionToText_VariousAngles_ReturnsCorrectDirection(degrees: 11.24, expected: &quot;N&quot;)" computerName="runnervmf4ws1" duration="00:00:00.0000046" startTime="2025-09-10T18:12:35.4192329+00:00" endTime="2025-09-10T18:12:35.4192329+00:00" testType="13cdc9d9-ddb5-4fa4-a97d-d965ccfc6d4b" outcome="Passed" testListId="8c84fa94-04c1-424b-9868-57a2d4851a1d" relativeResultsDirectory="4ed5c093-30ca-43c8-937f-cce5f79f9611" />
    <UnitTestResult executionId="b96664e9-c318-4ec1-adfb-d5af65a12ce8" testId="aef446e3-f136-0d0b-1c4f-72b145e6d953" testName="BuckScience.Tests.DirectionHelperTests.FromFloat_ShouldFindClosestDirection(degrees: 365, expectedDirection: N)" computerName="runnervmf4ws1" duration="00:00:00.0002981" startTime="2025-09-10T18:12:34.2747615+00:00" endTime="2025-09-10T18:12:34.2747616+00:00" testType="13cdc9d9-ddb5-4fa4-a97d-d965ccfc6d4b" outcome="Passed" testListId="8c84fa94-04c1-424b-9868-57a2d4851a1d" relativeResultsDirectory="b96664e9-c318-4ec1-adfb-d5af65a12ce8" />
    <UnitTestResult executionId="907ee080-ef9d-4c59-b5bc-f4a5551d6380" testId="3df0dc6c-72ae-14e2-377c-12e9cf0a4276" testName="BuckScience.Tests.PhotoUploadIntegrationTests.PhotoUpload_AfterCameraMove_ShouldUseNewPlacement" computerName="runnervmf4ws1" duration="00:00:00.0034915" startTime="2025-09-10T18:12:34.2486146+00:00" endTime="2025-09-10T18:12:34.2486147+00:00" testType="13cdc9d9-ddb5-4fa4-a97d-d965ccfc6d4b" outcome="Passed" testListId="8c84fa94-04c1-424b-9868-57a2d4851a1d" relativeResultsDirectory="907ee080-ef9d-4c59-b5bc-f4a5551d6380" />
    <UnitTestResult executionId="b553d8cf-3bfd-459c-82b7-20a2566e4a03" testId="188163b5-3a99-e726-205c-6b6fc846baac" testName="BuckScience.Tests.PhotoGroupingTests.PhotoGrouping_ShouldGroupByMonthYear_Ascending" computerName="runnervmf4ws1" duration="00:00:00.0028942" startTime="2025-09-10T18:12:35.3378992+00:00" endTime="2025-09-10T18:12:35.3378992+00:00" testType="13cdc9d9-ddb5-4fa4-a97d-d965ccfc6d4b" outcome="Passed" testListId="8c84fa94-04c1-424b-9868-57a2d4851a1d" relativeResultsDirectory="b553d8cf-3bfd-459c-82b7-20a2566e4a03" />
    <UnitTestResult executionId="4ce3202d-e3b9-42f3-a212-8a0057e8613d" testId="f691e718-46df-21d8-be15-dfb8d4456f03" testName="BuckScience.Tests.TaggingSystemTests.GetOrCreateTag_ShouldCreateNewTag_WhenTagDoesNotExist" computerName="runnervmf4ws1" duration="00:00:00.0495777" startTime="2025-09-10T18:12:35.2903290+00:00" endTime="2025-09-10T18:12:35.2903291+00:00" testType="13cdc9d9-ddb5-4fa4-a97d-d965ccfc6d4b" outcome="Passed" testListId="8c84fa94-04c1-424b-9868-57a2d4851a1d" relativeResultsDirectory="4ce3202d-e3b9-42f3-a212-8a0057e8613d" />
    <UnitTestResult executionId="4cf19e70-b2c1-4197-a277-26d5b945d6d5" testId="44b98cc9-e1a6-60bb-436a-f6cfa2554196" testName="BuckScience.Tests.Application.PropertyFeatureApplicationTests.CreatePropertyFeature_WithInvalidWeight_ThrowsArgumentOutOfRangeException" computerName="runnervmf4ws1" duration="00:00:00.0013642" startTime="2025-09-10T18:12:35.5694103+00:00" endTime="2025-09-10T18:12:35.5694104+00:00" testType="13cdc9d9-ddb5-4fa4-a97d-d965ccfc6d4b" outcome="Passed" testListId="8c84fa94-04c1-424b-9868-57a2d4851a1d" relativeResultsDirectory="4cf19e70-b2c1-4197-a277-26d5b945d6d5" />
    <UnitTestResult executionId="35623fac-2e00-45aa-a4b1-e095b8a68ce2" testId="87e55bdd-4276-ed24-3a0c-df1323a9e2c9" testName="BuckScience.Tests.DirectionHelperTests.ToFloat_ShouldReturnCorrectDegrees(direction: S, expectedDegrees: 180)" computerName="runnervmf4ws1" duration="00:00:00.0005575" startTime="2025-09-10T18:12:34.2734104+00:00" endTime="2025-09-10T18:12:34.2734105+00:00" testType="13cdc9d9-ddb5-4fa4-a97d-d965ccfc6d4b" outcome="Passed" testListId="8c84fa94-04c1-424b-9868-57a2d4851a1d" relativeResultsDirectory="35623fac-2e00-45aa-a4b1-e095b8a68ce2" />
    <UnitTestResult executionId="e45d89d5-7fed-435f-a194-e856a31f85d2" testId="1bb4d31b-4aa9-50a4-5ac5-e8f09827ba51" testName="BuckScience.Tests.Domain.SeasonExtensionsTests.GetDefaultMonths_EarlySeason_ReturnsCorrectMonths" computerName="runnervmf4ws1" duration="00:00:00.0001923" startTime="2025-09-10T18:12:34.2749890+00:00" endTime="2025-09-10T18:12:34.2749891+00:00" testType="13cdc9d9-ddb5-4fa4-a97d-d965ccfc6d4b" outcome="Passed" testListId="8c84fa94-04c1-424b-9868-57a2d4851a1d" relativeResultsDirectory="e45d89d5-7fed-435f-a194-e856a31f85d2" />
    <UnitTestResult executionId="a09f4564-b370-4b97-9b89-a2819c5dd41f" testId="df8d3f6f-dec6-fe48-30b1-4504bb2aa651" testName="BuckScience.Tests.Web.Helpers.WeatherHelpersTests.ConvertWindDirectionTextToNumeric_ValidDirections_ReturnsCorrectDegrees(direction: &quot;NE&quot;, expected: 45)" computerName="runnervmf4ws1" duration="00:00:00.0000056" startTime="2025-09-10T18:12:35.4228228+00:00" endTime="2025-09-10T18:12:35.4228228+00:00" testType="13cdc9d9-ddb5-4fa4-a97d-d965ccfc6d4b" outcome="Passed" testListId="8c84fa94-04c1-424b-9868-57a2d4851a1d" relativeResultsDirectory="a09f4564-b370-4b97-9b89-a2819c5dd41f" />
    <UnitTestResult executionId="b1991696-964c-4ff2-9517-479d16718b08" testId="231e01f7-8ce3-c622-6ddb-f4a558f73635" testName="BuckScience.Tests.Domain.MonthsAttributeTests.MonthsAttribute_Constructor_WithBoundaryValidMonths_SetsMonthsCorrectly(month: 12)" computerName="runnervmf4ws1" duration="00:00:00.0002270" startTime="2025-09-10T18:12:35.4049862+00:00" endTime="2025-09-10T18:12:35.4049863+00:00" testType="13cdc9d9-ddb5-4fa4-a97d-d965ccfc6d4b" outcome="Passed" testListId="8c84fa94-04c1-424b-9868-57a2d4851a1d" relativeResultsDirectory="b1991696-964c-4ff2-9517-479d16718b08" />
    <UnitTestResult executionId="96766801-0ed8-46fd-8a40-2a58ada2a4bf" testId="b10f5741-388a-3ae9-2087-f07485587a15" testName="BuckScience.Tests.FeatureHelperTests.GetCategory_ShouldReturnCorrectCategoryForTopographicalFeatures" computerName="runnervmf4ws1" duration="00:00:00.0001711" startTime="2025-09-10T18:12:35.3478497+00:00" endTime="2025-09-10T18:12:35.3478498+00:00" testType="13cdc9d9-ddb5-4fa4-a97d-d965ccfc6d4b" outcome="Passed" testListId="8c84fa94-04c1-424b-9868-57a2d4851a1d" relativeResultsDirectory="96766801-0ed8-46fd-8a40-2a58ada2a4bf" />
    <UnitTestResult executionId="d39bc40d-5dcf-48d2-ae22-d61fd6f5ee6b" testId="1ccac014-6a4c-a22a-90fa-db21298e0651" testName="BuckScience.Tests.Domain.FeatureWeightTests.FeatureWeightHelper_GetDefaultWeight_ReturnsExpectedValues(type: Waterhole, expectedWeight: 0.800000012)" computerName="runnervmf4ws1" duration="00:00:00.0000086" startTime="2025-09-10T18:12:35.2886751+00:00" endTime="2025-09-10T18:12:35.2886752+00:00" testType="13cdc9d9-ddb5-4fa4-a97d-d965ccfc6d4b" outcome="Passed" testListId="8c84fa94-04c1-424b-9868-57a2d4851a1d" relativeResultsDirectory="d39bc40d-5dcf-48d2-ae22-d61fd6f5ee6b" />
    <UnitTestResult executionId="ea1ddbc0-d754-4043-9384-4f723b008a7d" testId="9e5e4569-9acc-0235-4e91-ee81d67e124e" testName="BuckScience.Tests.PhotoPlacementHistoryTests.Photo_WithPlacementHistory_ShouldAssociateCorrectly" computerName="runnervmf4ws1" duration="00:00:00.0002193" startTime="2025-09-10T18:12:34.2483114+00:00" endTime="2025-09-10T18:12:34.2483115+00:00" testType="13cdc9d9-ddb5-4fa4-a97d-d965ccfc6d4b" outcome="Passed" testListId="8c84fa94-04c1-424b-9868-57a2d4851a1d" relativeResultsDirectory="ea1ddbc0-d754-4043-9384-4f723b008a7d" />
    <UnitTestResult executionId="f887311a-b47d-4799-ae7b-d7b72a457dc7" testId="d3a4b1bb-6aeb-d30b-4b3c-0f1cdc5eac6e" testName="BuckScience.Tests.Web.Helpers.WeatherHelpersTests.ConvertWindDirectionTextToNumeric_ValidDirections_ReturnsCorrectDegrees(direction: &quot;NNW&quot;, expected: 337.5)" computerName="runnervmf4ws1" duration="00:00:00.0001654" startTime="2025-09-10T18:12:35.4205337+00:00" endTime="2025-09-10T18:12:35.4205337+00:00" testType="13cdc9d9-ddb5-4fa4-a97d-d965ccfc6d4b" outcome="Passed" testListId="8c84fa94-04c1-424b-9868-57a2d4851a1d" relativeResultsDirectory="f887311a-b47d-4799-ae7b-d7b72a457dc7" />
    <UnitTestResult executionId="0d478906-f8e8-4128-a0d2-b10f76829e00" testId="4bbe555c-8fb0-44dc-18a4-86549d9ecd64" testName="BuckScience.Tests.DirectionHelperTests.FromFloat_ShouldFindClosestDirection(degrees: -15, expectedDirection: NW)" computerName="runnervmf4ws1" duration="00:00:00.0000094" startTime="2025-09-10T18:12:34.2749359+00:00" endTime="2025-09-10T18:12:34.2749360+00:00" testType="13cdc9d9-ddb5-4fa4-a97d-d965ccfc6d4b" outcome="Passed" testListId="8c84fa94-04c1-424b-9868-57a2d4851a1d" relativeResultsDirectory="0d478906-f8e8-4128-a0d2-b10f76829e00" />
    <UnitTestResult executionId="5d6d51d0-4388-41a6-9d5f-9ee529149356" testId="bcc4ea35-2128-3f0c-9022-a8e4dbbfeab6" testName="BuckScience.Tests.Application.PropertyFeatureApplicationTests.UpdatePropertyFeature_WithWeight_UpdatesWeight" computerName="runnervmf4ws1" duration="00:00:00.0176767" startTime="2025-09-10T18:12:35.5444674+00:00" endTime="2025-09-10T18:12:35.5444675+00:00" testType="13cdc9d9-ddb5-4fa4-a97d-d965ccfc6d4b" outcome="Passed" testListId="8c84fa94-04c1-424b-9868-57a2d4851a1d" relativeResultsDirectory="5d6d51d0-4388-41a6-9d5f-9ee529149356" />
    <UnitTestResult executionId="d0642876-a02b-4858-92a9-b9b6d697460a" testId="42292f25-9e9f-80d8-c32a-5aae5cd0c643" testName="BuckScience.Tests.FeatureHelperTests.GetFeatureDescription_ShouldReturnCorrectDescriptions" computerName="runnervmf4ws1" duration="00:00:00.0004342" startTime="2025-09-10T18:12:35.3524882+00:00" endTime="2025-09-10T18:12:35.3524883+00:00" testType="13cdc9d9-ddb5-4fa4-a97d-d965ccfc6d4b" outcome="Passed" testListId="8c84fa94-04c1-424b-9868-57a2d4851a1d" relativeResultsDirectory="d0642876-a02b-4858-92a9-b9b6d697460a" />
    <UnitTestResult executionId="585887a9-2712-4a50-9a05-867f5cb19bfd" testId="0a4fef64-4b22-b6e1-3068-172d5dc1b64f" testName="BuckScience.Tests.PhotoFilteringIntegrationTests.BuildFilters_WithInvalidCameraPlacementHistoryIds_IgnoresInvalidIds" computerName="runnervmf4ws1" duration="00:00:00.0013508" startTime="2025-09-10T18:12:35.4461339+00:00" endTime="2025-09-10T18:12:35.4461340+00:00" testType="13cdc9d9-ddb5-4fa4-a97d-d965ccfc6d4b" outcome="Passed" testListId="8c84fa94-04c1-424b-9868-57a2d4851a1d" relativeResultsDirectory="585887a9-2712-4a50-9a05-867f5cb19bfd" />
    <UnitTestResult executionId="19369f39-b098-451e-b40c-0fa6daed9655" testId="5d068b70-09ca-86be-04bc-7a667c7e0484" testName="BuckScience.Tests.Domain.PropertyFeatureTests.Constructor_WithNullWeight_SetsWeightToNull" computerName="runnervmf4ws1" duration="00:00:00.0001887" startTime="2025-09-10T18:12:35.3865343+00:00" endTime="2025-09-10T18:12:35.3865344+00:00" testType="13cdc9d9-ddb5-4fa4-a97d-d965ccfc6d4b" outcome="Passed" testListId="8c84fa94-04c1-424b-9868-57a2d4851a1d" relativeResultsDirectory="19369f39-b098-451e-b40c-0fa6daed9655" />
    <UnitTestResult executionId="0c033155-b8dd-4633-ad53-b4546c94ce7d" testId="7264d755-3cfa-51c2-00b7-8c3c5d03bdbd" testName="BuckScience.Tests.Web.Helpers.WeatherHelpersTests.ConvertMoonPhaseTextToNumeric_ValidText_ReturnsCorrectValue(text: &quot;Waxing Crescent&quot;, expected: 0.125)" computerName="runnervmf4ws1" duration="00:00:00.0000063" startTime="2025-09-10T18:12:35.4240690+00:00" endTime="2025-09-10T18:12:35.4240691+00:00" testType="13cdc9d9-ddb5-4fa4-a97d-d965ccfc6d4b" outcome="Passed" testListId="8c84fa94-04c1-424b-9868-57a2d4851a1d" relativeResultsDirectory="0c033155-b8dd-4633-ad53-b4546c94ce7d" />
    <UnitTestResult executionId="da82b102-6379-4f88-a1b4-8c0d19765e75" testId="ad4bf482-4b9d-1c7e-1b22-27f5b448acad" testName="BuckScience.Tests.Domain.MonthsAttributeTests.MonthsAttribute_Constructor_WithNullMonths_ThrowsArgumentNullException" computerName="runnervmf4ws1" duration="00:00:00.0004189" startTime="2025-09-10T18:12:35.4051530+00:00" endTime="2025-09-10T18:12:35.4051530+00:00" testType="13cdc9d9-ddb5-4fa4-a97d-d965ccfc6d4b" outcome="Passed" testListId="8c84fa94-04c1-424b-9868-57a2d4851a1d" relativeResultsDirectory="da82b102-6379-4f88-a1b4-8c0d19765e75" />
    <UnitTestResult executionId="2fb48d43-bb43-4f02-bf25-186cc2732005" testId="7d4e8658-cb8d-0c66-3167-748289c2e3c6" testName="BuckScience.Tests.Web.Helpers.WeatherHelpersTests.ConvertWindDirectionToText_VariousAngles_ReturnsCorrectDirection(degrees: 135, expected: &quot;SE&quot;)" computerName="runnervmf4ws1" duration="00:00:00.0000049" startTime="2025-09-10T18:12:35.4192915+00:00" endTime="2025-09-10T18:12:35.4192916+00:00" testType="13cdc9d9-ddb5-4fa4-a97d-d965ccfc6d4b" outcome="Passed" testListId="8c84fa94-04c1-424b-9868-57a2d4851a1d" relativeResultsDirectory="2fb48d43-bb43-4f02-bf25-186cc2732005" />
    <UnitTestResult executionId="ede68efb-56a8-42ff-9a7e-b318608dea70" testId="386e0330-7309-7b37-24f5-0984d80d3723" testName="BuckScience.Tests.CameraCreateVmTests.CameraCreateVm_DirectionSync_ShouldWorkForAllDirections(direction: SW, expectedDegrees: 225)" computerName="runnervmf4ws1" duration="00:00:00.0000056" startTime="2025-09-10T18:12:34.2415953+00:00" endTime="2025-09-10T18:12:34.2415953+00:00" testType="13cdc9d9-ddb5-4fa4-a97d-d965ccfc6d4b" outcome="Passed" testListId="8c84fa94-04c1-424b-9868-57a2d4851a1d" relativeResultsDirectory="ede68efb-56a8-42ff-9a7e-b318608dea70" />
    <UnitTestResult executionId="aa14fbe2-b999-44f9-9607-46145523ec3a" testId="0046d277-9b70-8213-d3d2-32e9f1ff9915" testName="BuckScience.Tests.Domain.SeasonExtensionsTests.GetDefaultMonths_LateSeason_ReturnsCorrectMonths" computerName="runnervmf4ws1" duration="00:00:00.0001704" startTime="2025-09-10T18:12:34.2842770+00:00" endTime="2025-09-10T18:12:34.2842770+00:00" testType="13cdc9d9-ddb5-4fa4-a97d-d965ccfc6d4b" outcome="Passed" testListId="8c84fa94-04c1-424b-9868-57a2d4851a1d" relativeResultsDirectory="aa14fbe2-b999-44f9-9607-46145523ec3a" />
    <UnitTestResult executionId="f7562fba-0510-4445-8928-5189167c2636" testId="5184c208-ba66-a1eb-00ca-490830c3b61a" testName="BuckScience.Tests.Web.Helpers.WeatherHelpersTests.ConvertWindDirectionToText_VariousAngles_ReturnsCorrectDirection(degrees: 225, expected: &quot;SW&quot;)" computerName="runnervmf4ws1" duration="00:00:00.0000051" startTime="2025-09-10T18:12:35.4201891+00:00" endTime="2025-09-10T18:12:35.4201891+00:00" testType="13cdc9d9-ddb5-4fa4-a97d-d965ccfc6d4b" outcome="Passed" testListId="8c84fa94-04c1-424b-9868-57a2d4851a1d" relativeResultsDirectory="f7562fba-0510-4445-8928-5189167c2636" />
    <UnitTestResult executionId="75cd2777-989d-471a-8212-024c5662d7a0" testId="fa20158d-fb5e-8e7a-f1da-aa0a1eb9ba5a" testName="BuckScience.Tests.PhotoGroupingTests.CameraPhotoGrouping_ShouldGroupByMonthYear" computerName="runnervmf4ws1" duration="00:00:00.0007071" startTime="2025-09-10T18:12:35.3339648+00:00" endTime="2025-09-10T18:12:35.3339649+00:00" testType="13cdc9d9-ddb5-4fa4-a97d-d965ccfc6d4b" outcome="Passed" testListId="8c84fa94-04c1-424b-9868-57a2d4851a1d" relativeResultsDirectory="75cd2777-989d-471a-8212-024c5662d7a0" />
    <UnitTestResult executionId="4bfe992c-ed48-45de-91f3-91d5ad84c688" testId="3456ad39-e674-a27d-da41-053fedd7e6ad" testName="BuckScience.Tests.DirectionHelperTests.FromFloat_ShouldReturnCorrectDirection(degrees: 90, expectedDirection: E)" computerName="runnervmf4ws1" duration="00:00:00.0002522" startTime="2025-09-10T18:12:34.2700937+00:00" endTime="2025-09-10T18:12:34.2700938+00:00" testType="13cdc9d9-ddb5-4fa4-a97d-d965ccfc6d4b" outcome="Passed" testListId="8c84fa94-04c1-424b-9868-57a2d4851a1d" relativeResultsDirectory="4bfe992c-ed48-45de-91f3-91d5ad84c688" />
    <UnitTestResult executionId="3c6006e8-5b69-4971-a4ae-8ee75244cefe" testId="2505d350-e44a-f204-9fd8-58dd92f22763" testName="BuckScience.Tests.DirectionHelperTests.ToFloat_ShouldReturnCorrectDegrees(direction: SE, expectedDegrees: 135)" computerName="runnervmf4ws1" duration="00:00:00.0000193" startTime="2025-09-10T18:12:34.2734765+00:00" endTime="2025-09-10T18:12:34.2734766+00:00" testType="13cdc9d9-ddb5-4fa4-a97d-d965ccfc6d4b" outcome="Passed" testListId="8c84fa94-04c1-424b-9868-57a2d4851a1d" relativeResultsDirectory="3c6006e8-5b69-4971-a4ae-8ee75244cefe" />
    <UnitTestResult executionId="9fe2cd82-333c-4e6b-83a8-4bcd5cb6f386" testId="7175185a-7456-021f-eecb-6c991ffd0d08" testName="BuckScience.Tests.Application.Profiles.ProfileCrudTests.CreateProfile_InvalidPropertyId_ThrowsUnauthorizedAccessException" computerName="runnervmf4ws1" duration="00:00:00.0049956" startTime="2025-09-10T18:12:35.3662835+00:00" endTime="2025-09-10T18:12:35.3662835+00:00" testType="13cdc9d9-ddb5-4fa4-a97d-d965ccfc6d4b" outcome="Passed" testListId="8c84fa94-04c1-424b-9868-57a2d4851a1d" relativeResultsDirectory="9fe2cd82-333c-4e6b-83a8-4bcd5cb6f386" />
    <UnitTestResult executionId="e12fef2c-543f-4c62-ac2c-c960f49dd85b" testId="9b0f50d1-0319-2e52-3133-7e2638dde793" testName="BuckScience.Tests.CameraCreateVmTests.CameraCreateVm_DirectionSync_ShouldWorkForAllDirections(direction: E, expectedDegrees: 90)" computerName="runnervmf4ws1" duration="00:00:00.0000088" startTime="2025-09-10T18:12:34.2416493+00:00" endTime="2025-09-10T18:12:34.2416493+00:00" testType="13cdc9d9-ddb5-4fa4-a97d-d965ccfc6d4b" outcome="Passed" testListId="8c84fa94-04c1-424b-9868-57a2d4851a1d" relativeResultsDirectory="e12fef2c-543f-4c62-ac2c-c960f49dd85b" />
    <UnitTestResult executionId="14b52a48-6713-4064-8d54-db48c3e8d687" testId="8c9fb467-c9d9-e4ca-cb2a-8456e527af16" testName="BuckScience.Tests.Domain.SeasonExtensionsTests.GetMonthsForProperty_WithProperty_ReturnsDefaultMonths" computerName="runnervmf4ws1" duration="00:00:00.0025364" startTime="2025-09-10T18:12:34.2835299+00:00" endTime="2025-09-10T18:12:34.2835300+00:00" testType="13cdc9d9-ddb5-4fa4-a97d-d965ccfc6d4b" outcome="Passed" testListId="8c84fa94-04c1-424b-9868-57a2d4851a1d" relativeResultsDirectory="14b52a48-6713-4064-8d54-db48c3e8d687" />
    <UnitTestResult executionId="d0760f8f-5f37-4398-a606-bc72a9ef8ec1" testId="ce19e570-cfff-5516-73c5-0c25670038af" testName="BuckScience.Tests.PhotoFiltersTests.PhotoFilters_HasWeatherFilters_ReturnsTrueWhenTemperatureFilterSet" computerName="runnervmf4ws1" duration="00:00:00.0002449" startTime="2025-09-10T18:12:34.1905679+00:00" endTime="2025-09-10T18:12:34.1905680+00:00" testType="13cdc9d9-ddb5-4fa4-a97d-d965ccfc6d4b" outcome="Passed" testListId="8c84fa94-04c1-424b-9868-57a2d4851a1d" relativeResultsDirectory="d0760f8f-5f37-4398-a606-bc72a9ef8ec1" />
    <UnitTestResult executionId="14ff348e-bfb4-4612-a850-73612883f5be" testId="b173cbcd-a6a7-597f-40e4-5532d9298452" testName="BuckScience.Tests.Domain.PropertyFeatureTests.Constructor_WithValidWeight_SetsWeightCorrectly(weight: 0)" computerName="runnervmf4ws1" duration="00:00:00.0002038" startTime="2025-09-10T18:12:35.4018927+00:00" endTime="2025-09-10T18:12:35.4018929+00:00" testType="13cdc9d9-ddb5-4fa4-a97d-d965ccfc6d4b" outcome="Passed" testListId="8c84fa94-04c1-424b-9868-57a2d4851a1d" relativeResultsDirectory="14ff348e-bfb4-4612-a850-73612883f5be" />
    <UnitTestResult executionId="bb7426da-8fce-47b3-a00b-f54fd568f840" testId="6acfe581-a1ff-0243-6a25-fa30ab98af8f" testName="BuckScience.Tests.FeatureHelperTests.GetCategory_ShouldReturnCorrectCategoryForFoodResources" computerName="runnervmf4ws1" duration="00:00:00.0001271" startTime="2025-09-10T18:12:35.3480442+00:00" endTime="2025-09-10T18:12:35.3480443+00:00" testType="13cdc9d9-ddb5-4fa4-a97d-d965ccfc6d4b" outcome="Passed" testListId="8c84fa94-04c1-424b-9868-57a2d4851a1d" relativeResultsDirectory="bb7426da-8fce-47b3-a00b-f54fd568f840" />
    <UnitTestResult executionId="5ee2e58b-ab94-49aa-b544-0131cba4664f" testId="c005721b-05db-8d7a-5eea-e90626721b80" testName="BuckScience.Tests.Web.Helpers.WeatherHelpersTests.ConvertWindDirectionTextToNumeric_ValidDirections_ReturnsCorrectDegrees(direction: &quot;SW&quot;, expected: 225)" computerName="runnervmf4ws1" duration="00:00:00.0000050" startTime="2025-09-10T18:12:35.4216258+00:00" endTime="2025-09-10T18:12:35.4216259+00:00" testType="13cdc9d9-ddb5-4fa4-a97d-d965ccfc6d4b" outcome="Passed" testListId="8c84fa94-04c1-424b-9868-57a2d4851a1d" relativeResultsDirectory="5ee2e58b-ab94-49aa-b544-0131cba4664f" />
    <UnitTestResult executionId="532d529d-709e-4827-a7ba-8b15961c40f1" testId="17d2bd4a-a575-7ccc-1676-102dfc4795d6" testName="BuckScience.Tests.PhotoFilteringComprehensiveTests.CameraOption_PropertiesWork" computerName="runnervmf4ws1" duration="00:00:00.0003502" startTime="2025-09-10T18:12:34.2468253+00:00" endTime="2025-09-10T18:12:34.2468253+00:00" testType="13cdc9d9-ddb5-4fa4-a97d-d965ccfc6d4b" outcome="Passed" testListId="8c84fa94-04c1-424b-9868-57a2d4851a1d" relativeResultsDirectory="532d529d-709e-4827-a7ba-8b15961c40f1" />
    <UnitTestResult executionId="3b2c5bc4-b876-43ed-bd46-314a001cd939" testId="6ddbf3e0-3ece-b657-908f-2948ae07368f" testName="BuckScience.Tests.Web.Helpers.WeatherHelpersTests.ConvertMoonPhaseTextToNumeric_CaseInsensitive_Works" computerName="runnervmf4ws1" duration="00:00:00.0007709" startTime="2025-09-10T18:12:35.4229327+00:00" endTime="2025-09-10T18:12:35.4229328+00:00" testType="13cdc9d9-ddb5-4fa4-a97d-d965ccfc6d4b" outcome="Passed" testListId="8c84fa94-04c1-424b-9868-57a2d4851a1d" relativeResultsDirectory="3b2c5bc4-b876-43ed-bd46-314a001cd939" />
    <UnitTestResult executionId="6547888d-0659-4aeb-aead-6a5dc4456aaf" testId="fb896724-2095-3026-71b5-ad9198efd098" testName="BuckScience.Tests.Web.Helpers.WeatherHelpersTests.ConvertMoonPhaseTextToNumeric_InvalidText_ReturnsNull(text: &quot;Unknown&quot;)" computerName="runnervmf4ws1" duration="00:00:00.0001213" startTime="2025-09-10T18:12:35.4244419+00:00" endTime="2025-09-10T18:12:35.4244420+00:00" testType="13cdc9d9-ddb5-4fa4-a97d-d965ccfc6d4b" outcome="Passed" testListId="8c84fa94-04c1-424b-9868-57a2d4851a1d" relativeResultsDirectory="6547888d-0659-4aeb-aead-6a5dc4456aaf" />
    <UnitTestResult executionId="dcfafc78-8deb-4f03-a5a8-4b2db2669ba4" testId="5caf925d-9bc2-c40c-f14f-bb094f78a12c" testName="BuckScience.Tests.PhotoGroupingTests.PropertyPhotosSortBy_ShouldMapCorrectly" computerName="runnervmf4ws1" duration="00:00:00.0008973" startTime="2025-09-10T18:12:35.3331893+00:00" endTime="2025-09-10T18:12:35.3331894+00:00" testType="13cdc9d9-ddb5-4fa4-a97d-d965ccfc6d4b" outcome="Passed" testListId="8c84fa94-04c1-424b-9868-57a2d4851a1d" relativeResultsDirectory="dcfafc78-8deb-4f03-a5a8-4b2db2669ba4" />
    <UnitTestResult executionId="12ac364d-089e-4c9b-85aa-ffe2f7aab63a" testId="827cffd5-57e2-399d-4e16-80e94a843b77" testName="BuckScience.Tests.PhotoPlacementHistoryTests.Photo_Constructor_ShouldAllowNullCameraPlacementHistoryId" computerName="runnervmf4ws1" duration="00:00:00.0041097" startTime="2025-09-10T18:12:34.2465200+00:00" endTime="2025-09-10T18:12:34.2465200+00:00" testType="13cdc9d9-ddb5-4fa4-a97d-d965ccfc6d4b" outcome="Passed" testListId="8c84fa94-04c1-424b-9868-57a2d4851a1d" relativeResultsDirectory="12ac364d-089e-4c9b-85aa-ffe2f7aab63a" />
    <UnitTestResult executionId="ac12c684-fada-47af-aed9-9d75cb6ceba8" testId="8d324366-3662-08e0-9537-a5a51d46bda5" testName="BuckScience.Tests.Web.Helpers.WeatherHelpersTests.ConvertMoonPhaseToText_VariousValues_ReturnsCorrectText(phase: 0.5, expected: &quot;Full Moon&quot;)" computerName="runnervmf4ws1" duration="00:00:00.0000046" startTime="2025-09-10T18:12:35.4159376+00:00" endTime="2025-09-10T18:12:35.4159377+00:00" testType="13cdc9d9-ddb5-4fa4-a97d-d965ccfc6d4b" outcome="Passed" testListId="8c84fa94-04c1-424b-9868-57a2d4851a1d" relativeResultsDirectory="ac12c684-fada-47af-aed9-9d75cb6ceba8" />
    <UnitTestResult executionId="fecb4881-b4b2-4169-b7fb-b33d858b3b84" testId="5d43f699-35d1-a4da-58e9-d0a22f0dcdd2" testName="BuckScience.Tests.PhotoFiltersTests.PhotoFilters_HasWeatherFilters_ReturnsFalseWhenNoWeatherFiltersSet" computerName="runnervmf4ws1" duration="00:00:00.0003217" startTime="2025-09-10T18:12:34.2450304+00:00" endTime="2025-09-10T18:12:34.2450305+00:00" testType="13cdc9d9-ddb5-4fa4-a97d-d965ccfc6d4b" outcome="Passed" testListId="8c84fa94-04c1-424b-9868-57a2d4851a1d" relativeResultsDirectory="fecb4881-b4b2-4169-b7fb-b33d858b3b84" />
    <UnitTestResult executionId="b771df6b-e124-4bf7-907a-c72b12ece8c4" testId="94acb547-5f92-9634-547a-02395bd6053e" testName="BuckScience.Tests.Web.Helpers.WeatherHelpersTests.ConvertWindDirectionTextToNumeric_InvalidText_ReturnsNull(direction: &quot;North&quot;)" computerName="runnervmf4ws1" duration="00:00:00.0000054" startTime="2025-09-10T18:12:35.4177526+00:00" endTime="2025-09-10T18:12:35.4177527+00:00" testType="13cdc9d9-ddb5-4fa4-a97d-d965ccfc6d4b" outcome="Passed" testListId="8c84fa94-04c1-424b-9868-57a2d4851a1d" relativeResultsDirectory="b771df6b-e124-4bf7-907a-c72b12ece8c4" />
    <UnitTestResult executionId="31a9dbbf-1eb6-4566-814d-968d9cb099cc" testId="d158f051-212f-d40f-0819-bf99fbd314c0" testName="BuckScience.Tests.Web.Helpers.WeatherHelpersTests.ConvertWindDirectionToText_VariousAngles_ReturnsCorrectDirection(degrees: 0, expected: &quot;N&quot;)" computerName="runnervmf4ws1" duration="00:00:00.0000052" startTime="2025-09-10T18:12:35.4201310+00:00" endTime="2025-09-10T18:12:35.4201310+00:00" testType="13cdc9d9-ddb5-4fa4-a97d-d965ccfc6d4b" outcome="Passed" testListId="8c84fa94-04c1-424b-9868-57a2d4851a1d" relativeResultsDirectory="31a9dbbf-1eb6-4566-814d-968d9cb099cc" />
    <UnitTestResult executionId="d47b104e-06da-4173-81ef-a660e19fe105" testId="22960b58-9cb3-5bbf-01a8-8b59f0364e15" testName="BuckScience.Tests.CameraDetailsVmTests.CameraDetailsVm_ShouldHaveAllRequiredProperties" computerName="runnervmf4ws1" duration="00:00:00.0022383" startTime="2025-09-10T18:12:34.2489073+00:00" endTime="2025-09-10T18:12:34.2489074+00:00" testType="13cdc9d9-ddb5-4fa4-a97d-d965ccfc6d4b" outcome="Passed" testListId="8c84fa94-04c1-424b-9868-57a2d4851a1d" relativeResultsDirectory="d47b104e-06da-4173-81ef-a660e19fe105" />
    <UnitTestResult executionId="5dd1e8c3-895a-4cdb-a9c0-73d3dea5a86b" testId="22d4e883-d516-a3c1-91a6-c6ccca686050" testName="BuckScience.Tests.Web.Helpers.WeatherHelpersTests.ConvertMoonPhaseToText_VariousValues_ReturnsCorrectText(phase: 0.84999999999999998, expected: &quot;Waning Crescent&quot;)" computerName="runnervmf4ws1" duration="00:00:00.0002041" startTime="2025-09-10T18:12:35.4123272+00:00" endTime="2025-09-10T18:12:35.4123273+00:00" testType="13cdc9d9-ddb5-4fa4-a97d-d965ccfc6d4b" outcome="Passed" testListId="8c84fa94-04c1-424b-9868-57a2d4851a1d" relativeResultsDirectory="5dd1e8c3-895a-4cdb-a9c0-73d3dea5a86b" />
    <UnitTestResult executionId="45610694-903a-410d-b8d5-f3897f51746d" testId="51c22198-79c6-8565-1359-1e7a59cd2ad4" testName="BuckScience.Tests.Application.FeatureWeights.UpdateDefaultFeatureWeightsTests.UpdateDefaultFeatureWeights_ReturnsFalseForNonExistentProperty" computerName="runnervmf4ws1" duration="00:00:00.0012690" startTime="2025-09-10T18:12:35.3662115+00:00" endTime="2025-09-10T18:12:35.3662116+00:00" testType="13cdc9d9-ddb5-4fa4-a97d-d965ccfc6d4b" outcome="Passed" testListId="8c84fa94-04c1-424b-9868-57a2d4851a1d" relativeResultsDirectory="45610694-903a-410d-b8d5-f3897f51746d" />
    <UnitTestResult executionId="d501e41f-a20e-485d-9a13-395ed82f3d42" testId="73d0473b-eb3b-71b8-da90-00961c42343e" testName="BuckScience.Tests.PhotoFilteringUrlExamples.BuildFilters_ConditionsParameters_ShouldParseCorrectly(conditions: &quot;Clear,Partly Cloudy,Overcast&quot;, expectedConditions: [&quot;Clear&quot;, &quot;Partly Cloudy&quot;, &quot;Overcast&quot;])" computerName="runnervmf4ws1" duration="00:00:00.0003422" startTime="2025-09-10T18:12:34.4047111+00:00" endTime="2025-09-10T18:12:34.4047113+00:00" testType="13cdc9d9-ddb5-4fa4-a97d-d965ccfc6d4b" outcome="Passed" testListId="8c84fa94-04c1-424b-9868-57a2d4851a1d" relativeResultsDirectory="d501e41f-a20e-485d-9a13-395ed82f3d42" />
    <UnitTestResult executionId="66c87668-8f09-44eb-a418-32dc5e545313" testId="0161b4d2-48af-5756-816a-41884dcebe59" testName="BuckScience.Tests.Domain.PropertyFeatureTests.Constructor_WithWeight_SetsWeightCorrectly" computerName="runnervmf4ws1" duration="00:00:00.0002358" startTime="2025-09-10T18:12:35.3864049+00:00" endTime="2025-09-10T18:12:35.3864050+00:00" testType="13cdc9d9-ddb5-4fa4-a97d-d965ccfc6d4b" outcome="Passed" testListId="8c84fa94-04c1-424b-9868-57a2d4851a1d" relativeResultsDirectory="66c87668-8f09-44eb-a418-32dc5e545313" />
    <UnitTestResult executionId="87cc0034-f418-4e71-b3ab-d626262b9b1d" testId="fa4cc283-dfe0-de36-3d73-29ab1e351353" testName="BuckScience.Tests.Web.Helpers.WeatherHelpersTests.ConvertWindDirectionToText_VariousAngles_ReturnsCorrectDirection(degrees: 348.75, expected: &quot;N&quot;)" computerName="runnervmf4ws1" duration="00:00:00.0002261" startTime="2025-09-10T18:12:35.4179609+00:00" endTime="2025-09-10T18:12:35.4179609+00:00" testType="13cdc9d9-ddb5-4fa4-a97d-d965ccfc6d4b" outcome="Passed" testListId="8c84fa94-04c1-424b-9868-57a2d4851a1d" relativeResultsDirectory="87cc0034-f418-4e71-b3ab-d626262b9b1d" />
    <UnitTestResult executionId="9328b8f8-8436-481b-b753-612f735ce2d9" testId="12f16ac3-f6d6-9802-1d09-4301de2f7efc" testName="BuckScience.Tests.Domain.PropertySeasonMonthsOverrideTests.PropertySeasonMonthsOverride_Constructor_WithInvalidMonths_ThrowsArgumentOutOfRangeException(invalidMonths: [0, 5, 10])" computerName="runnervmf4ws1" duration="00:00:00.0002161" startTime="2025-09-10T18:12:34.3711204+00:00" endTime="2025-09-10T18:12:34.3711205+00:00" testType="13cdc9d9-ddb5-4fa4-a97d-d965ccfc6d4b" outcome="Passed" testListId="8c84fa94-04c1-424b-9868-57a2d4851a1d" relativeResultsDirectory="9328b8f8-8436-481b-b753-612f735ce2d9" />
    <UnitTestResult executionId="204aafe1-963c-4dfe-bd00-741860823071" testId="088d383f-5fbc-e375-2326-3e321a2adf4f" testName="BuckScience.Tests.TaggingRequirementsTests.Requirement2_TagUniqueness_ShouldBeEnforced" computerName="runnervmf4ws1" duration="00:00:00.0016867" startTime="2025-09-10T18:12:35.4688152+00:00" endTime="2025-09-10T18:12:35.4688153+00:00" testType="13cdc9d9-ddb5-4fa4-a97d-d965ccfc6d4b" outcome="Passed" testListId="8c84fa94-04c1-424b-9868-57a2d4851a1d" relativeResultsDirectory="204aafe1-963c-4dfe-bd00-741860823071" />
    <UnitTestResult executionId="e02ad983-93ca-40ee-b285-77bc423e2289" testId="7af06183-9c70-25ca-b4dd-507d650d671c" testName="BuckScience.Tests.Application.SeasonMonthMappingServiceTests.SeasonMonthMappingService_CanBeInstantiated_WithValidDbContext" computerName="runnervmf4ws1" duration="00:00:00.0356434" startTime="2025-09-10T18:12:34.2576788+00:00" endTime="2025-09-10T18:12:34.2576789+00:00" testType="13cdc9d9-ddb5-4fa4-a97d-d965ccfc6d4b" outcome="Passed" testListId="8c84fa94-04c1-424b-9868-57a2d4851a1d" relativeResultsDirectory="e02ad983-93ca-40ee-b285-77bc423e2289" />
    <UnitTestResult executionId="e0923753-c2dd-488d-86d9-ce431ca21ad7" testId="7d1b1cf4-8561-5b1e-3cb0-e9438583a7c7" testName="BuckScience.Tests.PhotoGroupingTests.PhotoGrouping_ShouldGroupByMonthYear" computerName="runnervmf4ws1" duration="00:00:00.0005783" startTime="2025-09-10T18:12:35.3379764+00:00" endTime="2025-09-10T18:12:35.3379765+00:00" testType="13cdc9d9-ddb5-4fa4-a97d-d965ccfc6d4b" outcome="Passed" testListId="8c84fa94-04c1-424b-9868-57a2d4851a1d" relativeResultsDirectory="e0923753-c2dd-488d-86d9-ce431ca21ad7" />
    <UnitTestResult executionId="df3f64d4-201b-4f23-a10d-396762631ba6" testId="b14ae956-297a-f056-fdd7-ca8f9b76076f" testName="BuckScience.Tests.PhotoFilteringUrlExamples.BuildFilters_CameraParameters_ShouldParseCorrectly(cameras: &quot;1,2,3&quot;, expectedCameras: [1, 2, 3])" computerName="runnervmf4ws1" duration="00:00:00.0049286" startTime="2025-09-10T18:12:34.4012656+00:00" endTime="2025-09-10T18:12:34.4012657+00:00" testType="13cdc9d9-ddb5-4fa4-a97d-d965ccfc6d4b" outcome="Passed" testListId="8c84fa94-04c1-424b-9868-57a2d4851a1d" relativeResultsDirectory="df3f64d4-201b-4f23-a10d-396762631ba6" />
    <UnitTestResult executionId="75754ded-010f-4f5b-ba32-c7887fabc9b8" testId="e4c14db6-7ddb-4f54-d632-50f949736205" testName="BuckScience.Tests.Domain.FeatureWeightTests.FeatureWeightHelper_GetCategory_ReturnsCorrectCategory(type: AgCropField, expectedCategory: ResourceFood)" computerName="runnervmf4ws1" duration="00:00:00.0000086" startTime="2025-09-10T18:12:35.3024969+00:00" endTime="2025-09-10T18:12:35.3024969+00:00" testType="13cdc9d9-ddb5-4fa4-a97d-d965ccfc6d4b" outcome="Passed" testListId="8c84fa94-04c1-424b-9868-57a2d4851a1d" relativeResultsDirectory="75754ded-010f-4f5b-ba32-c7887fabc9b8" />
    <UnitTestResult executionId="cb1781da-6e31-4550-a682-0a40342762d0" testId="1393749b-9888-f339-bbe0-fe7c36d53117" testName="BuckScience.Tests.FeatureHelperTests.GetFeatureIcon_ShouldReturnCorrectIcons" computerName="runnervmf4ws1" duration="00:00:00.0004488" startTime="2025-09-10T18:12:35.3550565+00:00" endTime="2025-09-10T18:12:35.3550566+00:00" testType="13cdc9d9-ddb5-4fa4-a97d-d965ccfc6d4b" outcome="Passed" testListId="8c84fa94-04c1-424b-9868-57a2d4851a1d" relativeResultsDirectory="cb1781da-6e31-4550-a682-0a40342762d0" />
    <UnitTestResult executionId="685d00af-1ebf-4953-a181-d25b9fbbc6bc" testId="35d57337-18a5-4629-635a-b25a895ec8a2" testName="BuckScience.Tests.PhotoGroupingTests.CameraPhotoGrouping_ShouldGroupByMonthYear_Ascending" computerName="runnervmf4ws1" duration="00:00:00.0076336" startTime="2025-09-10T18:12:35.3322170+00:00" endTime="2025-09-10T18:12:35.3322172+00:00" testType="13cdc9d9-ddb5-4fa4-a97d-d965ccfc6d4b" outcome="Passed" testListId="8c84fa94-04c1-424b-9868-57a2d4851a1d" relativeResultsDirectory="685d00af-1ebf-4953-a181-d25b9fbbc6bc" />
    <UnitTestResult executionId="aeaed0eb-bc54-47a4-b2ca-73ff85203b47" testId="e79130f3-839b-5123-ac52-8ca3bb6ef8c5" testName="BuckScience.Tests.WeatherServiceTests.RoundCoordinates_ShouldRoundTo2DecimalPlaces" computerName="runnervmf4ws1" duration="00:00:00.0991453" startTime="2025-09-10T18:12:34.2694272+00:00" endTime="2025-09-10T18:12:34.2694273+00:00" testType="13cdc9d9-ddb5-4fa4-a97d-d965ccfc6d4b" outcome="Passed" testListId="8c84fa94-04c1-424b-9868-57a2d4851a1d" relativeResultsDirectory="aeaed0eb-bc54-47a4-b2ca-73ff85203b47" />
    <UnitTestResult executionId="b98476b1-4117-4317-8564-eab49c498fc0" testId="54dac1bc-0f72-9d60-bad7-07e4a0566a24" testName="BuckScience.Tests.CameraPlacementHistoryTests.Camera_Move_ShouldEndCurrentPlacementAndCreateNew" computerName="runnervmf4ws1" duration="00:00:00.0006623" startTime="2025-09-10T18:12:34.2505936+00:00" endTime="2025-09-10T18:12:34.2505937+00:00" testType="13cdc9d9-ddb5-4fa4-a97d-d965ccfc6d4b" outcome="Passed" testListId="8c84fa94-04c1-424b-9868-57a2d4851a1d" relativeResultsDirectory="b98476b1-4117-4317-8564-eab49c498fc0" />
    <UnitTestResult executionId="268bcd1f-a323-41c1-96c1-5d8b45abf020" testId="e180b2c2-7fc8-0f15-5653-0156d254c8c9" testName="BuckScience.Tests.DirectionHelperTests.FromFloat_ShouldFindClosestDirection(degrees: 23, expectedDirection: NE)" computerName="runnervmf4ws1" duration="00:00:00.0000090" startTime="2025-09-10T18:12:34.2750298+00:00" endTime="2025-09-10T18:12:34.2750299+00:00" testType="13cdc9d9-ddb5-4fa4-a97d-d965ccfc6d4b" outcome="Passed" testListId="8c84fa94-04c1-424b-9868-57a2d4851a1d" relativeResultsDirectory="268bcd1f-a323-41c1-96c1-5d8b45abf020" />
    <UnitTestResult executionId="67571ab0-6aba-4b2d-a2e4-66487063843d" testId="db79dd17-8f15-9022-848e-d377803a0707" testName="BuckScience.Tests.Domain.MonthsAttributeTests.MonthsAttribute_Constructor_WithValidMonths_SetsMonthsCorrectly" computerName="runnervmf4ws1" duration="00:00:00.0001869" startTime="2025-09-10T18:12:35.4048512+00:00" endTime="2025-09-10T18:12:35.4048513+00:00" testType="13cdc9d9-ddb5-4fa4-a97d-d965ccfc6d4b" outcome="Passed" testListId="8c84fa94-04c1-424b-9868-57a2d4851a1d" relativeResultsDirectory="67571ab0-6aba-4b2d-a2e4-66487063843d" />
    <UnitTestResult executionId="8c600a82-3056-4462-9d19-bca876139cd0" testId="eb717265-8ce6-9ca5-299a-76e8f4608ecc" testName="BuckScience.Tests.CameraEditVmTests.CameraEditVm_DefaultValues_ShouldBeCorrect" computerName="runnervmf4ws1" duration="00:00:00.0002216" startTime="2025-09-10T18:12:35.4049227+00:00" endTime="2025-09-10T18:12:35.4049227+00:00" testType="13cdc9d9-ddb5-4fa4-a97d-d965ccfc6d4b" outcome="Passed" testListId="8c84fa94-04c1-424b-9868-57a2d4851a1d" relativeResultsDirectory="8c600a82-3056-4462-9d19-bca876139cd0" />
    <UnitTestResult executionId="b776217b-64ab-4d72-8f50-7d60db55f5b9" testId="7acc5254-e1e8-fc5e-ffbb-a06142942287" testName="BuckScience.Tests.Application.FeatureWeights.UpdateFeatureWeightsTests.UpdateFeatureWeights_OnlyUpdatesSeasonalWeights_SetsOnlyThatAsCustom" computerName="runnervmf4ws1" duration="00:00:00.0303753" startTime="2025-09-10T18:12:35.2833875+00:00" endTime="2025-09-10T18:12:35.2833878+00:00" testType="13cdc9d9-ddb5-4fa4-a97d-d965ccfc6d4b" outcome="Passed" testListId="8c84fa94-04c1-424b-9868-57a2d4851a1d" relativeResultsDirectory="b776217b-64ab-4d72-8f50-7d60db55f5b9" />
    <UnitTestResult executionId="0080bd68-e1de-4f8b-b5b7-33286e2506fe" testId="0bff2ecc-4f41-029d-f57b-08de3b707d06" testName="BuckScience.Tests.Domain.FeatureWeightTests.FeatureWeight_SetSeasonalWeights_WithNullSetsIsCustomToFalse" computerName="runnervmf4ws1" duration="00:00:00.0002025" startTime="2025-09-10T18:12:35.3240077+00:00" endTime="2025-09-10T18:12:35.3240077+00:00" testType="13cdc9d9-ddb5-4fa4-a97d-d965ccfc6d4b" outcome="Passed" testListId="8c84fa94-04c1-424b-9868-57a2d4851a1d" relativeResultsDirectory="0080bd68-e1de-4f8b-b5b7-33286e2506fe" />
    <UnitTestResult executionId="a71a6ba7-b30b-429b-b157-406234615dd7" testId="3d204cd7-14f8-bc71-3ad1-38415f6304bc" testName="BuckScience.Tests.PhotoPlacementHistoryTests.Photo_SetCameraPlacementHistory_ShouldSetValue" computerName="runnervmf4ws1" duration="00:00:00.0002056" startTime="2025-09-10T18:12:34.2484148+00:00" endTime="2025-09-10T18:12:34.2484149+00:00" testType="13cdc9d9-ddb5-4fa4-a97d-d965ccfc6d4b" outcome="Passed" testListId="8c84fa94-04c1-424b-9868-57a2d4851a1d" relativeResultsDirectory="a71a6ba7-b30b-429b-b157-406234615dd7" />
    <UnitTestResult executionId="22918a25-9ea4-4d2c-b4f8-4186ba3630ae" testId="343fd73e-33e0-a251-14f5-344e69186a31" testName="BuckScience.Tests.Domain.PropertySeasonMonthsOverrideTests.PropertySeasonMonthsOverride_Constructor_WithInvalidMonths_ThrowsArgumentOutOfRangeException(invalidMonths: [1, 13])" computerName="runnervmf4ws1" duration="00:00:00.0000618" startTime="2025-09-10T18:12:34.3713687+00:00" endTime="2025-09-10T18:12:34.3713688+00:00" testType="13cdc9d9-ddb5-4fa4-a97d-d965ccfc6d4b" outcome="Passed" testListId="8c84fa94-04c1-424b-9868-57a2d4851a1d" relativeResultsDirectory="22918a25-9ea4-4d2c-b4f8-4186ba3630ae" />
    <UnitTestResult executionId="b4c35b19-cadf-4dcf-813a-2aa9ec7fa14d" testId="46a7f553-bbcf-0c84-0101-71d2924c06c9" testName="BuckScience.Tests.TaggingIntegrationTests.EndToEndTaggingWorkflow_ShouldWorkCorrectly" computerName="runnervmf4ws1" duration="00:00:00.0896534" startTime="2025-09-10T18:12:35.4178264+00:00" endTime="2025-09-10T18:12:35.4178265+00:00" testType="13cdc9d9-ddb5-4fa4-a97d-d965ccfc6d4b" outcome="Passed" testListId="8c84fa94-04c1-424b-9868-57a2d4851a1d" relativeResultsDirectory="b4c35b19-cadf-4dcf-813a-2aa9ec7fa14d" />
    <UnitTestResult executionId="b62535a8-c4e9-4c58-b35b-6b775f28a1be" testId="3f4d3f91-09a2-a334-5932-6e78104fd8ba" testName="BuckScience.Tests.WeatherBatchProcessingTests.PhotoGrouping_ShouldGroupByLocationAndDate" computerName="runnervmf4ws1" duration="00:00:00.0140939" startTime="2025-09-10T18:12:35.4663920+00:00" endTime="2025-09-10T18:12:35.4663921+00:00" testType="13cdc9d9-ddb5-4fa4-a97d-d965ccfc6d4b" outcome="Passed" testListId="8c84fa94-04c1-424b-9868-57a2d4851a1d" relativeResultsDirectory="b62535a8-c4e9-4c58-b35b-6b775f28a1be" />
    <UnitTestResult executionId="c9a6aacf-5e2e-4fc7-9397-ed55ccd08fb1" testId="9c1cfe7d-bcc9-4b03-b265-ec26ee7c3263" testName="BuckScience.Tests.Application.Profiles.ProfileCrudTests.CreateProfile_ValidData_CreatesProfile" computerName="runnervmf4ws1" duration="00:00:01.0642968" startTime="2025-09-10T18:12:35.2672181+00:00" endTime="2025-09-10T18:12:35.2672182+00:00" testType="13cdc9d9-ddb5-4fa4-a97d-d965ccfc6d4b" outcome="Passed" testListId="8c84fa94-04c1-424b-9868-57a2d4851a1d" relativeResultsDirectory="c9a6aacf-5e2e-4fc7-9397-ed55ccd08fb1" />
    <UnitTestResult executionId="323506eb-d3f2-4023-aa8f-fdf6321a0948" testId="8a64a4c9-65f1-e14d-6fbe-7d49565403f4" testName="BuckScience.Tests.Domain.PropertySeasonMonthsOverrideTests.PropertySeasonMonthsOverride_Constructor_WithValidParameters_SetsPropertiesCorrectly" computerName="runnervmf4ws1" duration="00:00:00.0026515" startTime="2025-09-10T18:12:34.3763231+00:00" endTime="2025-09-10T18:12:34.3763232+00:00" testType="13cdc9d9-ddb5-4fa4-a97d-d965ccfc6d4b" outcome="Passed" testListId="8c84fa94-04c1-424b-9868-57a2d4851a1d" relativeResultsDirectory="323506eb-d3f2-4023-aa8f-fdf6321a0948" />
    <UnitTestResult executionId="399cee8b-a562-4a76-855e-d65cc0137a19" testId="415f1005-69c1-a314-0e6a-db0b7d4bab74" testName="BuckScience.Tests.Domain.MonthsAttributeTests.MonthsAttribute_Constructor_WithInvalidMonth_ThrowsArgumentOutOfRangeException(invalidMonth: -1)" computerName="runnervmf4ws1" duration="00:00:00.0142530" startTime="2025-09-10T18:12:35.4020599+00:00" endTime="2025-09-10T18:12:35.4020600+00:00" testType="13cdc9d9-ddb5-4fa4-a97d-d965ccfc6d4b" outcome="Passed" testListId="8c84fa94-04c1-424b-9868-57a2d4851a1d" relativeResultsDirectory="399cee8b-a562-4a76-855e-d65cc0137a19" />
    <UnitTestResult executionId="f8cfcf47-6208-41fd-ae02-191d6defc63f" testId="aecfa300-816f-69bf-9efe-1e4204feea85" testName="BuckScience.Tests.Domain.SeasonExtensionsTests.GetDefaultMonths_AllSeasons_HaveValidAttributes" computerName="runnervmf4ws1" duration="00:00:00.0071150" startTime="2025-09-10T18:12:34.2805619+00:00" endTime="2025-09-10T18:12:34.2805620+00:00" testType="13cdc9d9-ddb5-4fa4-a97d-d965ccfc6d4b" outcome="Passed" testListId="8c84fa94-04c1-424b-9868-57a2d4851a1d" relativeResultsDirectory="f8cfcf47-6208-41fd-ae02-191d6defc63f" />
    <UnitTestResult executionId="14b6fed3-590f-4bcf-9cf3-bf820f57fa13" testId="407fdbb6-f29a-a8a2-0277-cd698b7b57a7" testName="BuckScience.Tests.PhotoFilteringIntegrationTests.BuildFilters_WithConditions_ReturnsFiltersWithConditions" computerName="runnervmf4ws1" duration="00:00:00.0005839" startTime="2025-09-10T18:12:35.4471961+00:00" endTime="2025-09-10T18:12:35.4471962+00:00" testType="13cdc9d9-ddb5-4fa4-a97d-d965ccfc6d4b" outcome="Passed" testListId="8c84fa94-04c1-424b-9868-57a2d4851a1d" relativeResultsDirectory="14b6fed3-590f-4bcf-9cf3-bf820f57fa13" />
    <UnitTestResult executionId="88795cd4-f1f1-42df-a812-5ca47867fa9e" testId="6e95a11c-ba0a-17a5-b618-642e6194107c" testName="BuckScience.Tests.PhotoFilteringComprehensiveTests.PhotoFiltering_BackwardCompatibility_WithoutFilters" computerName="runnervmf4ws1" duration="00:00:00.0103294" startTime="2025-09-10T18:12:34.2453927+00:00" endTime="2025-09-10T18:12:34.2453927+00:00" testType="13cdc9d9-ddb5-4fa4-a97d-d965ccfc6d4b" outcome="Passed" testListId="8c84fa94-04c1-424b-9868-57a2d4851a1d" relativeResultsDirectory="88795cd4-f1f1-42df-a812-5ca47867fa9e" />
    <UnitTestResult executionId="76f6aa67-1815-431f-a8b6-4fba25ec2173" testId="ddea20c7-b2e3-61c7-335c-b2bd52df33d9" testName="BuckScience.Tests.Domain.PropertyFeatureTests.Constructor_WithInvalidWeight_ThrowsArgumentOutOfRangeException(weight: 1.10000002)" computerName="runnervmf4ws1" duration="00:00:00.0002642" startTime="2025-09-10T18:12:35.3862390+00:00" endTime="2025-09-10T18:12:35.3862391+00:00" testType="13cdc9d9-ddb5-4fa4-a97d-d965ccfc6d4b" outcome="Passed" testListId="8c84fa94-04c1-424b-9868-57a2d4851a1d" relativeResultsDirectory="76f6aa67-1815-431f-a8b6-4fba25ec2173" />
    <UnitTestResult executionId="b2370fa7-83df-4cbd-8b0f-b96bf5636dc8" testId="75b50791-58b3-a264-c6bb-b7e6f52f0f9b" testName="BuckScience.Tests.Domain.MonthsAttributeTests.MonthsAttribute_Constructor_WithBoundaryValidMonths_SetsMonthsCorrectly(month: 1)" computerName="runnervmf4ws1" duration="00:00:00.0002355" startTime="2025-09-10T18:12:35.4050759+00:00" endTime="2025-09-10T18:12:35.4050760+00:00" testType="13cdc9d9-ddb5-4fa4-a97d-d965ccfc6d4b" outcome="Passed" testListId="8c84fa94-04c1-424b-9868-57a2d4851a1d" relativeResultsDirectory="b2370fa7-83df-4cbd-8b0f-b96bf5636dc8" />
    <UnitTestResult executionId="359390ae-f98b-4bcd-95a9-4b80477bf3ac" testId="5ad698c0-31c3-b3d2-caa9-9fa5ad866948" testName="BuckScience.Tests.FeatureHelperTests.FeatureNames_ShouldContainAllClassificationTypes" computerName="runnervmf4ws1" duration="00:00:00.0004335" startTime="2025-09-10T18:12:35.3551339+00:00" endTime="2025-09-10T18:12:35.3551339+00:00" testType="13cdc9d9-ddb5-4fa4-a97d-d965ccfc6d4b" outcome="Passed" testListId="8c84fa94-04c1-424b-9868-57a2d4851a1d" relativeResultsDirectory="359390ae-f98b-4bcd-95a9-4b80477bf3ac" />
    <UnitTestResult executionId="6de90e1a-8ee2-4d0f-8202-a1d5b9989118" testId="e59f6969-24d1-ee70-57fe-d99344040a63" testName="BuckScience.Tests.DirectionHelperTests.ToFloat_ShouldReturnCorrectDegrees(direction: W, expectedDegrees: 270)" computerName="runnervmf4ws1" duration="00:00:00.0000050" startTime="2025-09-10T18:12:34.2737086+00:00" endTime="2025-09-10T18:12:34.2737087+00:00" testType="13cdc9d9-ddb5-4fa4-a97d-d965ccfc6d4b" outcome="Passed" testListId="8c84fa94-04c1-424b-9868-57a2d4851a1d" relativeResultsDirectory="6de90e1a-8ee2-4d0f-8202-a1d5b9989118" />
    <UnitTestResult executionId="db109999-e462-4cb9-86ec-776618040d2f" testId="1da9127c-d651-72aa-5a84-7cfe9f562b5c" testName="BuckScience.Tests.Domain.PropertySeasonMonthsOverrideTests.PropertySeasonMonthsOverride_Constructor_WithInvalidPropertyId_ThrowsArgumentOutOfRangeException(invalidPropertyId: -100)" computerName="runnervmf4ws1" duration="00:00:00.0003623" startTime="2025-09-10T18:12:34.2877670+00:00" endTime="2025-09-10T18:12:34.2877670+00:00" testType="13cdc9d9-ddb5-4fa4-a97d-d965ccfc6d4b" outcome="Passed" testListId="8c84fa94-04c1-424b-9868-57a2d4851a1d" relativeResultsDirectory="db109999-e462-4cb9-86ec-776618040d2f" />
    <UnitTestResult executionId="fed7cb1f-e051-4a62-a38e-81b1a968d4f8" testId="531c078f-331c-97b0-43b5-206453bfc074" testName="BuckScience.Tests.Domain.FeatureWeightTests.FeatureWeightHelper_GetDisplayName_ReturnsReadableNames" computerName="runnervmf4ws1" duration="00:00:00.0004320" startTime="2025-09-10T18:12:35.3090828+00:00" endTime="2025-09-10T18:12:35.3090828+00:00" testType="13cdc9d9-ddb5-4fa4-a97d-d965ccfc6d4b" outcome="Passed" testListId="8c84fa94-04c1-424b-9868-57a2d4851a1d" relativeResultsDirectory="fed7cb1f-e051-4a62-a38e-81b1a968d4f8" />
    <UnitTestResult executionId="ff1d73f5-d66a-4801-9521-2549e4354855" testId="2e93bee1-fb36-0850-7490-5577524da5c2" testName="BuckScience.Tests.Domain.PropertySeasonMonthsOverrideTests.PropertySeasonMonthsOverride_Constructor_WithInvalidMonths_ThrowsArgumentOutOfRangeException(invalidMonths: [0])" computerName="runnervmf4ws1" duration="00:00:00.0000604" startTime="2025-09-10T18:12:34.3712220+00:00" endTime="2025-09-10T18:12:34.3712221+00:00" testType="13cdc9d9-ddb5-4fa4-a97d-d965ccfc6d4b" outcome="Passed" testListId="8c84fa94-04c1-424b-9868-57a2d4851a1d" relativeResultsDirectory="ff1d73f5-d66a-4801-9521-2549e4354855" />
    <UnitTestResult executionId="70d8942a-3f19-4f69-8443-dd40d762d0a6" testId="61590a98-8800-c63c-636c-5d74543a54c1" testName="BuckScience.Tests.Web.Helpers.WeatherHelpersTests.ConvertMoonPhaseToText_VariousValues_ReturnsCorrectText(phase: 0, expected: &quot;New Moon&quot;)" computerName="runnervmf4ws1" duration="00:00:00.0000040" startTime="2025-09-10T18:12:35.4159937+00:00" endTime="2025-09-10T18:12:35.4159938+00:00" testType="13cdc9d9-ddb5-4fa4-a97d-d965ccfc6d4b" outcome="Passed" testListId="8c84fa94-04c1-424b-9868-57a2d4851a1d" relativeResultsDirectory="70d8942a-3f19-4f69-8443-dd40d762d0a6" />
    <UnitTestResult executionId="56374ce5-0528-4fea-8c2c-be8128a1ca3c" testId="2b789b90-6459-6d41-420f-e5502ba7ca12" testName="BuckScience.Tests.DirectionHelperTests.GetDisplayName_ShouldReturnCorrectDisplayNames" computerName="runnervmf4ws1" duration="00:00:00.0018927" startTime="2025-09-10T18:12:34.2758519+00:00" endTime="2025-09-10T18:12:34.2758520+00:00" testType="13cdc9d9-ddb5-4fa4-a97d-d965ccfc6d4b" outcome="Passed" testListId="8c84fa94-04c1-424b-9868-57a2d4851a1d" relativeResultsDirectory="56374ce5-0528-4fea-8c2c-be8128a1ca3c" />
    <UnitTestResult executionId="b3f6e906-7fd5-45f4-b783-375fc6a1dfa0" testId="78fd4f15-08d5-878b-fd2a-dd2d3bcc8384" testName="BuckScience.Tests.PhotoFilteringUrlExamples.BuildFilters_UrlParameters_ShouldParseCorrectly(urlParams: &quot;tempMax=25&quot;, expectedTempMin: null, expectedTempMax: 25, expectedWindMin: null, expectedWindMax: null)" computerName="runnervmf4ws1" duration="00:00:00.0003360" startTime="2025-09-10T18:12:34.4025425+00:00" endTime="2025-09-10T18:12:34.4025426+00:00" testType="13cdc9d9-ddb5-4fa4-a97d-d965ccfc6d4b" outcome="Passed" testListId="8c84fa94-04c1-424b-9868-57a2d4851a1d" relativeResultsDirectory="b3f6e906-7fd5-45f4-b783-375fc6a1dfa0" />
    <UnitTestResult executionId="530e360a-a6b0-49c8-98d1-90521c3d9828" testId="4e409710-7600-d8ec-3aaf-52ff72372913" testName="BuckScience.Tests.Domain.SeasonExtensionsTests.GetDefaultMonths_PreRut_ReturnsCorrectMonths" computerName="runnervmf4ws1" duration="00:00:00.0001831" startTime="2025-09-10T18:12:34.2844211+00:00" endTime="2025-09-10T18:12:34.2844211+00:00" testType="13cdc9d9-ddb5-4fa4-a97d-d965ccfc6d4b" outcome="Passed" testListId="8c84fa94-04c1-424b-9868-57a2d4851a1d" relativeResultsDirectory="530e360a-a6b0-49c8-98d1-90521c3d9828" />
    <UnitTestResult executionId="b32c4410-9823-4056-ae02-39373727a9a9" testId="d7049aa3-0901-3782-ef96-d1caac1bac5e" testName="BuckScience.Tests.Web.Helpers.WeatherHelpersTests.ConvertMoonPhaseToText_VariousValues_ReturnsCorrectText(phase: 0.02, expected: &quot;New Moon&quot;)" computerName="runnervmf4ws1" duration="00:00:00.0000040" startTime="2025-09-10T18:12:35.4160499+00:00" endTime="2025-09-10T18:12:35.4160500+00:00" testType="13cdc9d9-ddb5-4fa4-a97d-d965ccfc6d4b" outcome="Passed" testListId="8c84fa94-04c1-424b-9868-57a2d4851a1d" relativeResultsDirectory="b32c4410-9823-4056-ae02-39373727a9a9" />
    <UnitTestResult executionId="816cd256-34ab-47c2-be9e-e8424e71956b" testId="d6582cc4-f5d7-7ddd-419a-8856fe5530f3" testName="BuckScience.Tests.TaggingSystemTests.AssignDefaultTagsToProperty_ShouldAssignOnlyDefaultTags" computerName="runnervmf4ws1" duration="00:00:00.0079461" startTime="2025-09-10T18:12:35.2987182+00:00" endTime="2025-09-10T18:12:35.2987184+00:00" testType="13cdc9d9-ddb5-4fa4-a97d-d965ccfc6d4b" outcome="Passed" testListId="8c84fa94-04c1-424b-9868-57a2d4851a1d" relativeResultsDirectory="816cd256-34ab-47c2-be9e-e8424e71956b" />
    <UnitTestResult executionId="374319cc-d45c-4859-ae3c-df6b9af030b9" testId="9ad59ac2-75e0-43fa-c7a4-360f06bdf706" testName="BuckScience.Tests.Domain.SeasonExtensionsTests.GetDefaultMonths_Rut_ReturnsCorrectMonths" computerName="runnervmf4ws1" duration="00:00:00.0002004" startTime="2025-09-10T18:12:34.2757769+00:00" endTime="2025-09-10T18:12:34.2757772+00:00" testType="13cdc9d9-ddb5-4fa4-a97d-d965ccfc6d4b" outcome="Passed" testListId="8c84fa94-04c1-424b-9868-57a2d4851a1d" relativeResultsDirectory="374319cc-d45c-4859-ae3c-df6b9af030b9" />
    <UnitTestResult executionId="d6ef80d7-85cd-48ef-b07f-e2e2f418b626" testId="d1c2a2fd-4568-2e97-946f-7480ea03bef1" testName="BuckScience.Tests.FeatureHelperTests.GetFeatureName_ShouldReturnCorrectDisplayNames" computerName="runnervmf4ws1" duration="00:00:00.0004674" startTime="2025-09-10T18:12:35.3538061+00:00" endTime="2025-09-10T18:12:35.3538062+00:00" testType="13cdc9d9-ddb5-4fa4-a97d-d965ccfc6d4b" outcome="Passed" testListId="8c84fa94-04c1-424b-9868-57a2d4851a1d" relativeResultsDirectory="d6ef80d7-85cd-48ef-b07f-e2e2f418b626" />
    <UnitTestResult executionId="1993d235-c4ac-49e8-8bd6-40c39d09e644" testId="c7c0db12-a7c7-5d4d-aeb3-925cdb576fb9" testName="BuckScience.Tests.Domain.FeatureWeightTests.FeatureWeight_ResetToDefault_UpdatesTimestamp" computerName="runnervmf4ws1" duration="00:00:00.0104914" startTime="2025-09-10T18:12:35.3191905+00:00" endTime="2025-09-10T18:12:35.3191907+00:00" testType="13cdc9d9-ddb5-4fa4-a97d-d965ccfc6d4b" outcome="Passed" testListId="8c84fa94-04c1-424b-9868-57a2d4851a1d" relativeResultsDirectory="1993d235-c4ac-49e8-8bd6-40c39d09e644" />
    <UnitTestResult executionId="2d19f62d-55db-4d62-b1f0-c15e0e798cf3" testId="5639502e-a141-45eb-1c4f-81dc941ff67a" testName="BuckScience.Tests.Domain.PropertySeasonMonthsOverrideTests.PropertySeasonMonthsOverride_GetMonths_ReturnsCorrectMonths" computerName="runnervmf4ws1" duration="00:00:00.0001842" startTime="2025-09-10T18:12:34.3742579+00:00" endTime="2025-09-10T18:12:34.3742580+00:00" testType="13cdc9d9-ddb5-4fa4-a97d-d965ccfc6d4b" outcome="Passed" testListId="8c84fa94-04c1-424b-9868-57a2d4851a1d" relativeResultsDirectory="2d19f62d-55db-4d62-b1f0-c15e0e798cf3" />
    <UnitTestResult executionId="10d5c33d-b1a4-4079-8aea-4e0d14fb1a48" testId="19df813d-aa7e-5539-ce76-ba8a68683016" testName="BuckScience.Tests.Application.Profiles.ProfileCrudTests.GetProfile_ValidId_ReturnsProfile" computerName="runnervmf4ws1" duration="00:00:00.0304606" startTime="2025-09-10T18:12:35.3378177+00:00" endTime="2025-09-10T18:12:35.3378178+00:00" testType="13cdc9d9-ddb5-4fa4-a97d-d965ccfc6d4b" outcome="Passed" testListId="8c84fa94-04c1-424b-9868-57a2d4851a1d" relativeResultsDirectory="10d5c33d-b1a4-4079-8aea-4e0d14fb1a48" />
    <UnitTestResult executionId="43220c26-21ee-4631-a2f0-c49c86fd6a07" testId="7f448030-c6f3-ad7f-1c7b-809f60db9d71" testName="BuckScience.Tests.Web.Helpers.WeatherHelpersTests.ConvertWindDirectionTextToNumeric_ValidDirections_ReturnsCorrectDegrees(direction: &quot;NW&quot;, expected: 315)" computerName="runnervmf4ws1" duration="00:00:00.0000062" startTime="2025-09-10T18:12:35.4227672+00:00" endTime="2025-09-10T18:12:35.4227673+00:00" testType="13cdc9d9-ddb5-4fa4-a97d-d965ccfc6d4b" outcome="Passed" testListId="8c84fa94-04c1-424b-9868-57a2d4851a1d" relativeResultsDirectory="43220c26-21ee-4631-a2f0-c49c86fd6a07" />
    <UnitTestResult executionId="8adaac55-13c7-4497-abac-20209cc804d4" testId="d10743fd-41b6-9a87-757a-05484dce75fb" testName="BuckScience.Tests.TagCleanupTests.RemoveTagFromPhotos_ShouldCleanupPropertyTag_WhenNoOtherPhotosOnPropertyUseTag" computerName="runnervmf4ws1" duration="00:00:00.0262668" startTime="2025-09-10T18:12:35.5145603+00:00" endTime="2025-09-10T18:12:35.5145604+00:00" testType="13cdc9d9-ddb5-4fa4-a97d-d965ccfc6d4b" outcome="Passed" testListId="8c84fa94-04c1-424b-9868-57a2d4851a1d" relativeResultsDirectory="8adaac55-13c7-4497-abac-20209cc804d4" />
    <UnitTestResult executionId="14c38be8-74b5-49f1-890b-abd046c970c1" testId="fb1e59a0-19c5-d0be-0d94-4bf533d92746" testName="BuckScience.Tests.FeatureHelperTests.GetCategory_ShouldReturnCorrectCategoryForWaterResources" computerName="runnervmf4ws1" duration="00:00:00.0002434" startTime="2025-09-10T18:12:35.3540447+00:00" endTime="2025-09-10T18:12:35.3540448+00:00" testType="13cdc9d9-ddb5-4fa4-a97d-d965ccfc6d4b" outcome="Passed" testListId="8c84fa94-04c1-424b-9868-57a2d4851a1d" relativeResultsDirectory="14c38be8-74b5-49f1-890b-abd046c970c1" />
    <UnitTestResult executionId="17d6c277-aa30-4f8e-801d-7eec7e86768c" testId="b2bd5000-3749-abcf-9228-2b95c005c687" testName="BuckScience.Tests.DirectionHelperTests.FromFloat_ShouldFindClosestDirection(degrees: 67, expectedDirection: NE)" computerName="runnervmf4ws1" duration="00:00:00.0000106" startTime="2025-09-10T18:12:34.2748203+00:00" endTime="2025-09-10T18:12:34.2748203+00:00" testType="13cdc9d9-ddb5-4fa4-a97d-d965ccfc6d4b" outcome="Passed" testListId="8c84fa94-04c1-424b-9868-57a2d4851a1d" relativeResultsDirectory="17d6c277-aa30-4f8e-801d-7eec7e86768c" />
    <UnitTestResult executionId="8fc40e07-6c58-4286-b58d-f52ec0836cfd" testId="226e9057-54c6-53d9-d48c-5a3aaedbb305" testName="BuckScience.Tests.Web.Helpers.WeatherHelpersTests.ConvertWindDirectionTextToNumeric_ValidDirections_ReturnsCorrectDegrees(direction: &quot;ENE&quot;, expected: 67.5)" computerName="runnervmf4ws1" duration="00:00:00.0000076" startTime="2025-09-10T18:12:35.4213010+00:00" endTime="2025-09-10T18:12:35.4213011+00:00" testType="13cdc9d9-ddb5-4fa4-a97d-d965ccfc6d4b" outcome="Passed" testListId="8c84fa94-04c1-424b-9868-57a2d4851a1d" relativeResultsDirectory="8fc40e07-6c58-4286-b58d-f52ec0836cfd" />
    <UnitTestResult executionId="038ca0e1-3cc3-49ed-b7e5-4555726ec4d3" testId="87537a65-edc4-293b-e0c7-ff87f3dc8e79" testName="BuckScience.Tests.PhotoPlacementHistoryTests.Photo_SetCameraPlacementHistory_ShouldThrowForInvalidId" computerName="runnervmf4ws1" duration="00:00:00.0026724" startTime="2025-09-10T18:12:34.2454684+00:00" endTime="2025-09-10T18:12:34.2454684+00:00" testType="13cdc9d9-ddb5-4fa4-a97d-d965ccfc6d4b" outcome="Passed" testListId="8c84fa94-04c1-424b-9868-57a2d4851a1d" relativeResultsDirectory="038ca0e1-3cc3-49ed-b7e5-4555726ec4d3" />
    <UnitTestResult executionId="a1cef97a-41ac-49c2-af66-e399cd97042e" testId="c32ae7c7-19e6-4795-4595-b867002163f4" testName="BuckScience.Tests.TagCleanupTests.RemoveTagFromPhotos_ShouldNotRemoveDefaultTag_EvenWhenUnused" computerName="runnervmf4ws1" duration="00:00:00.0813984" startTime="2025-09-10T18:12:35.4474058+00:00" endTime="2025-09-10T18:12:35.4474059+00:00" testType="13cdc9d9-ddb5-4fa4-a97d-d965ccfc6d4b" outcome="Passed" testListId="8c84fa94-04c1-424b-9868-57a2d4851a1d" relativeResultsDirectory="a1cef97a-41ac-49c2-af66-e399cd97042e" />
    <UnitTestResult executionId="c003d879-fd64-4fd0-8f38-7b206f16a3e6" testId="64fa6710-678a-0a23-7d5a-26a655d565e8" testName="BuckScience.Tests.PhotoFilteringIntegrationTests.BuildFilters_WithCameraPlacementHistoryIds_ReturnsFiltersWithPlacementHistories" computerName="runnervmf4ws1" duration="00:00:00.0028540" startTime="2025-09-10T18:12:35.4415869+00:00" endTime="2025-09-10T18:12:35.4415870+00:00" testType="13cdc9d9-ddb5-4fa4-a97d-d965ccfc6d4b" outcome="Passed" testListId="8c84fa94-04c1-424b-9868-57a2d4851a1d" relativeResultsDirectory="c003d879-fd64-4fd0-8f38-7b206f16a3e6" />
    <UnitTestResult executionId="9a3faa66-bde7-423a-8b03-807a17ae4396" testId="9323afa7-c6a5-6a33-bb74-8f4b3b4998d0" testName="BuckScience.Tests.Web.Helpers.WeatherHelpersTests.ConvertWindDirectionToText_VariousAngles_ReturnsCorrectDirection(degrees: 33.740000000000002, expected: &quot;NNE&quot;)" computerName="runnervmf4ws1" duration="00:00:00.0000036" startTime="2025-09-10T18:12:35.4203432+00:00" endTime="2025-09-10T18:12:35.4203433+00:00" testType="13cdc9d9-ddb5-4fa4-a97d-d965ccfc6d4b" outcome="Passed" testListId="8c84fa94-04c1-424b-9868-57a2d4851a1d" relativeResultsDirectory="9a3faa66-bde7-423a-8b03-807a17ae4396" />
    <UnitTestResult executionId="97ade425-7ad8-4bd7-a237-2e9f846f998b" testId="f2ce22ba-4e0c-a11c-c657-a799ce863a26" testName="BuckScience.Tests.Web.Helpers.WeatherHelpersTests.ConvertMoonPhaseTextToNumeric_InvalidText_ReturnsNull(text: &quot;&quot;)" computerName="runnervmf4ws1" duration="00:00:00.0001399" startTime="2025-09-10T18:12:35.4244997+00:00" endTime="2025-09-10T18:12:35.4244997+00:00" testType="13cdc9d9-ddb5-4fa4-a97d-d965ccfc6d4b" outcome="Passed" testListId="8c84fa94-04c1-424b-9868-57a2d4851a1d" relativeResultsDirectory="97ade425-7ad8-4bd7-a237-2e9f846f998b" />
    <UnitTestResult executionId="ec0f8d30-b7f4-494e-9b9a-dd91f28a0b7a" testId="4e6de647-43c0-2d5e-ffcc-d884e859b7df" testName="BuckScience.Tests.TaggingIntegrationTests.TagUniqueness_ShouldBeEnforcedCorrectly" computerName="runnervmf4ws1" duration="00:00:00.0150065" startTime="2025-09-10T18:12:35.4289923+00:00" endTime="2025-09-10T18:12:35.4289924+00:00" testType="13cdc9d9-ddb5-4fa4-a97d-d965ccfc6d4b" outcome="Passed" testListId="8c84fa94-04c1-424b-9868-57a2d4851a1d" relativeResultsDirectory="ec0f8d30-b7f4-494e-9b9a-dd91f28a0b7a" />
    <UnitTestResult executionId="0a14c050-e3a6-4aa7-a8ed-91199cfb2c23" testId="e7727167-90de-6177-0043-c32edeea9377" testName="BuckScience.Tests.Domain.PropertySeasonMonthsOverrideTests.PropertySeasonMonthsOverride_RoundTripSerialization_MaintainsData(months: [1])" computerName="runnervmf4ws1" duration="00:00:00.0000625" startTime="2025-09-10T18:12:34.3597082+00:00" endTime="2025-09-10T18:12:34.3597083+00:00" testType="13cdc9d9-ddb5-4fa4-a97d-d965ccfc6d4b" outcome="Passed" testListId="8c84fa94-04c1-424b-9868-57a2d4851a1d" relativeResultsDirectory="0a14c050-e3a6-4aa7-a8ed-91199cfb2c23" />
    <UnitTestResult executionId="f583d44c-cba0-4d5a-8728-9004fd6dfc29" testId="0c5da287-efdb-ad86-5a1d-4f909e3eba8c" testName="BuckScience.Tests.PhotoFilteringUrlExamples.BuildFilters_UrlParameters_ShouldParseCorrectly(urlParams: &quot;windSpeedMin=5&amp;windSpeedMax=15&quot;, expectedTempMin: null, expectedTempMax: null, expectedWindMin: 5, expectedWindMax: 15)" computerName="runnervmf4ws1" duration="00:00:00.0000160" startTime="2025-09-10T18:12:34.4026089+00:00" endTime="2025-09-10T18:12:34.4026090+00:00" testType="13cdc9d9-ddb5-4fa4-a97d-d965ccfc6d4b" outcome="Passed" testListId="8c84fa94-04c1-424b-9868-57a2d4851a1d" relativeResultsDirectory="f583d44c-cba0-4d5a-8728-9004fd6dfc29" />
    <UnitTestResult executionId="594035a9-54ec-401b-9b9f-e2bf231a9f35" testId="639a2f8f-de06-aff0-2654-2e863df98d3d" testName="BuckScience.Tests.Web.Helpers.WeatherHelpersTests.ConvertMoonPhaseToText_VariousValues_ReturnsCorrectText(phase: 0.25, expected: &quot;First Quarter&quot;)" computerName="runnervmf4ws1" duration="00:00:00.0003613" startTime="2025-09-10T18:12:35.4120570+00:00" endTime="2025-09-10T18:12:35.4120571+00:00" testType="13cdc9d9-ddb5-4fa4-a97d-d965ccfc6d4b" outcome="Passed" testListId="8c84fa94-04c1-424b-9868-57a2d4851a1d" relativeResultsDirectory="594035a9-54ec-401b-9b9f-e2bf231a9f35" />
    <UnitTestResult executionId="eaadd7d5-d11e-4bf7-861b-ea91d969e809" testId="ec065801-9998-c7ce-5285-3fe14e38cdac" testName="BuckScience.Tests.Web.Helpers.WeatherHelpersTests.ConvertWindDirectionTextToNumeric_InvalidText_ReturnsNull(direction: &quot;   &quot;)" computerName="runnervmf4ws1" duration="00:00:00.0006969" startTime="2025-09-10T18:12:35.4161207+00:00" endTime="2025-09-10T18:12:35.4161208+00:00" testType="13cdc9d9-ddb5-4fa4-a97d-d965ccfc6d4b" outcome="Passed" testListId="8c84fa94-04c1-424b-9868-57a2d4851a1d" relativeResultsDirectory="eaadd7d5-d11e-4bf7-861b-ea91d969e809" />
    <UnitTestResult executionId="fb12fdda-d01c-440d-a79b-b34b27fbf85c" testId="282510b6-3046-16e6-500c-da1402387fc9" testName="BuckScience.Tests.Web.Helpers.WeatherHelpersTests.ConvertWindDirectionToText_VariousAngles_ReturnsCorrectDirection(degrees: 90, expected: &quot;E&quot;)" computerName="runnervmf4ws1" duration="00:00:00.0000059" startTime="2025-09-10T18:12:35.4189146+00:00" endTime="2025-09-10T18:12:35.4189147+00:00" testType="13cdc9d9-ddb5-4fa4-a97d-d965ccfc6d4b" outcome="Passed" testListId="8c84fa94-04c1-424b-9868-57a2d4851a1d" relativeResultsDirectory="fb12fdda-d01c-440d-a79b-b34b27fbf85c" />
    <UnitTestResult executionId="ccba3d91-8744-425d-9bd6-132cf9383a3a" testId="29c59d8d-b92b-cfb2-1c78-b6b82406cb09" testName="BuckScience.Tests.Domain.SeasonExtensionsTests.GetDefaultMonths_ReturnsArrayCopy_PreventsMutation" computerName="runnervmf4ws1" duration="00:00:00.0002677" startTime="2025-09-10T18:12:34.2843490+00:00" endTime="2025-09-10T18:12:34.2843491+00:00" testType="13cdc9d9-ddb5-4fa4-a97d-d965ccfc6d4b" outcome="Passed" testListId="8c84fa94-04c1-424b-9868-57a2d4851a1d" relativeResultsDirectory="ccba3d91-8744-425d-9bd6-132cf9383a3a" />
    <UnitTestResult executionId="de6d81e7-2913-4d12-a610-eb80736db1b8" testId="bae1f3df-becb-30fb-65d6-6c7c19ab5a1d" testName="BuckScience.Tests.Domain.FeatureWeightTests.FeatureWeight_GetEffectiveWeight_FallsBackToDefaultWeight" computerName="runnervmf4ws1" duration="00:00:00.0005534" startTime="2025-09-10T18:12:35.3230114+00:00" endTime="2025-09-10T18:12:35.3230115+00:00" testType="13cdc9d9-ddb5-4fa4-a97d-d965ccfc6d4b" outcome="Passed" testListId="8c84fa94-04c1-424b-9868-57a2d4851a1d" relativeResultsDirectory="de6d81e7-2913-4d12-a610-eb80736db1b8" />
    <UnitTestResult executionId="5fa98954-999f-434e-8132-021a268ef64a" testId="9b0dd086-97eb-5a55-6e89-79dde58b1fca" testName="BuckScience.Tests.PhotoFilteringUrlExamples.BuildFilters_CameraParameters_ShouldParseCorrectly(cameras: &quot;5&quot;, expectedCameras: [5])" computerName="runnervmf4ws1" duration="00:00:00.0002565" startTime="2025-09-10T18:12:34.4015810+00:00" endTime="2025-09-10T18:12:34.4015811+00:00" testType="13cdc9d9-ddb5-4fa4-a97d-d965ccfc6d4b" outcome="Passed" testListId="8c84fa94-04c1-424b-9868-57a2d4851a1d" relativeResultsDirectory="5fa98954-999f-434e-8132-021a268ef64a" />
    <UnitTestResult executionId="d3828781-bbc7-4963-a89b-8492e081196e" testId="6d7b3d93-71ec-c074-924a-c624993f0b1a" testName="BuckScience.Tests.CameraPlacementHistoryTests.CameraCreateVm_ShouldIncludeDirectionDegrees" computerName="runnervmf4ws1" duration="00:00:00.0002149" startTime="2025-09-10T18:12:34.2509264+00:00" endTime="2025-09-10T18:12:34.2509265+00:00" testType="13cdc9d9-ddb5-4fa4-a97d-d965ccfc6d4b" outcome="Passed" testListId="8c84fa94-04c1-424b-9868-57a2d4851a1d" relativeResultsDirectory="d3828781-bbc7-4963-a89b-8492e081196e" />
  </Results>
  <TestDefinitions>
    <UnitTest name="BuckScience.Tests.PhotoFiltersTests.PhotoFilters_HasWeatherFilters_ReturnsFalseWhenNoWeatherFiltersSet" storage="/home/runner/work/buckscienceapp/buckscienceapp/tests/buckscience.tests/bin/debug/net8.0/buckscience.tests.dll" id="5d43f699-35d1-a4da-58e9-d0a22f0dcdd2">
      <Execution id="fecb4881-b4b2-4169-b7fb-b33d858b3b84" />
      <TestMethod codeBase="/home/runner/work/BuckScienceApp/BuckScienceApp/tests/BuckScience.Tests/bin/Debug/net8.0/BuckScience.Tests.dll" adapterTypeName="executor://xunit/VsTestRunner2/netcoreapp" className="BuckScience.Tests.PhotoFiltersTests" name="PhotoFilters_HasWeatherFilters_ReturnsFalseWhenNoWeatherFiltersSet" />
    </UnitTest>
    <UnitTest name="BuckScience.Tests.Web.Helpers.WeatherHelpersTests.ConvertWindDirectionTextToNumeric_ValidDirections_ReturnsCorrectDegrees(direction: &quot;NW&quot;, expected: 315)" storage="/home/runner/work/buckscienceapp/buckscienceapp/tests/buckscience.tests/bin/debug/net8.0/buckscience.tests.dll" id="7f448030-c6f3-ad7f-1c7b-809f60db9d71">
      <Execution id="43220c26-21ee-4631-a2f0-c49c86fd6a07" />
      <TestMethod codeBase="/home/runner/work/BuckScienceApp/BuckScienceApp/tests/BuckScience.Tests/bin/Debug/net8.0/BuckScience.Tests.dll" adapterTypeName="executor://xunit/VsTestRunner2/netcoreapp" className="BuckScience.Tests.Web.Helpers.WeatherHelpersTests" name="ConvertWindDirectionTextToNumeric_ValidDirections_ReturnsCorrectDegrees" />
    </UnitTest>
    <UnitTest name="BuckScience.Tests.Web.Helpers.WeatherHelpersTests.ConvertMoonPhaseToText_VariousValues_ReturnsCorrectText(phase: 0.75, expected: &quot;Last Quarter&quot;)" storage="/home/runner/work/buckscienceapp/buckscienceapp/tests/buckscience.tests/bin/debug/net8.0/buckscience.tests.dll" id="78d335ed-d8a0-4e68-1b07-0e64ec6fcf01">
      <Execution id="65c97a49-e1ca-4b89-90d8-32eddc37382e" />
      <TestMethod codeBase="/home/runner/work/BuckScienceApp/BuckScienceApp/tests/BuckScience.Tests/bin/Debug/net8.0/BuckScience.Tests.dll" adapterTypeName="executor://xunit/VsTestRunner2/netcoreapp" className="BuckScience.Tests.Web.Helpers.WeatherHelpersTests" name="ConvertMoonPhaseToText_VariousValues_ReturnsCorrectText" />
    </UnitTest>
    <UnitTest name="BuckScience.Tests.DirectionHelperTests.ToFloat_ShouldReturnCorrectDegrees(direction: SW, expectedDegrees: 225)" storage="/home/runner/work/buckscienceapp/buckscienceapp/tests/buckscience.tests/bin/debug/net8.0/buckscience.tests.dll" id="d2d2f826-9cbd-9c14-4121-a07b2094c76e">
      <Execution id="ab706c2d-a363-4743-899a-7dc5ce172da9" />
      <TestMethod codeBase="/home/runner/work/BuckScienceApp/BuckScienceApp/tests/BuckScience.Tests/bin/Debug/net8.0/BuckScience.Tests.dll" adapterTypeName="executor://xunit/VsTestRunner2/netcoreapp" className="BuckScience.Tests.DirectionHelperTests" name="ToFloat_ShouldReturnCorrectDegrees" />
    </UnitTest>
    <UnitTest name="BuckScience.Tests.DirectionHelperTests.FromFloat_ShouldFindClosestDirection(degrees: -15, expectedDirection: NW)" storage="/home/runner/work/buckscienceapp/buckscienceapp/tests/buckscience.tests/bin/debug/net8.0/buckscience.tests.dll" id="4bbe555c-8fb0-44dc-18a4-86549d9ecd64">
      <Execution id="0d478906-f8e8-4128-a0d2-b10f76829e00" />
      <TestMethod codeBase="/home/runner/work/BuckScienceApp/BuckScienceApp/tests/BuckScience.Tests/bin/Debug/net8.0/BuckScience.Tests.dll" adapterTypeName="executor://xunit/VsTestRunner2/netcoreapp" className="BuckScience.Tests.DirectionHelperTests" name="FromFloat_ShouldFindClosestDirection" />
    </UnitTest>
    <UnitTest name="BuckScience.Tests.Web.Helpers.WeatherHelpersTests.ConvertMoonPhaseToText_VariousValues_ReturnsCorrectText(phase: 0, expected: &quot;New Moon&quot;)" storage="/home/runner/work/buckscienceapp/buckscienceapp/tests/buckscience.tests/bin/debug/net8.0/buckscience.tests.dll" id="61590a98-8800-c63c-636c-5d74543a54c1">
      <Execution id="70d8942a-3f19-4f69-8443-dd40d762d0a6" />
      <TestMethod codeBase="/home/runner/work/BuckScienceApp/BuckScienceApp/tests/BuckScience.Tests/bin/Debug/net8.0/BuckScience.Tests.dll" adapterTypeName="executor://xunit/VsTestRunner2/netcoreapp" className="BuckScience.Tests.Web.Helpers.WeatherHelpersTests" name="ConvertMoonPhaseToText_VariousValues_ReturnsCorrectText" />
    </UnitTest>
    <UnitTest name="BuckScience.Tests.Domain.PropertyFeatureTests.Constructor_WithInvalidWeight_ThrowsArgumentOutOfRangeException(weight: -1)" storage="/home/runner/work/buckscienceapp/buckscienceapp/tests/buckscience.tests/bin/debug/net8.0/buckscience.tests.dll" id="af05f3f5-fc25-06fd-0f22-fca8b27396d1">
      <Execution id="5680c427-b9fb-47c9-babf-d709df7b3ef2" />
      <TestMethod codeBase="/home/runner/work/BuckScienceApp/BuckScienceApp/tests/BuckScience.Tests/bin/Debug/net8.0/BuckScience.Tests.dll" adapterTypeName="executor://xunit/VsTestRunner2/netcoreapp" className="BuckScience.Tests.Domain.PropertyFeatureTests" name="Constructor_WithInvalidWeight_ThrowsArgumentOutOfRangeException" />
    </UnitTest>
    <UnitTest name="BuckScience.Tests.Application.PropertyFeatureApplicationTests.ListPropertyFeatures_ReturnsWeightsCorrectly" storage="/home/runner/work/buckscienceapp/buckscienceapp/tests/buckscience.tests/bin/debug/net8.0/buckscience.tests.dll" id="b6a182bd-655d-0c92-283a-3c75d3d71c02">
      <Execution id="6c47e5b1-6d33-4a80-876a-afc8385869b1" />
      <TestMethod codeBase="/home/runner/work/BuckScienceApp/BuckScienceApp/tests/BuckScience.Tests/bin/Debug/net8.0/BuckScience.Tests.dll" adapterTypeName="executor://xunit/VsTestRunner2/netcoreapp" className="BuckScience.Tests.Application.PropertyFeatureApplicationTests" name="ListPropertyFeatures_ReturnsWeightsCorrectly" />
    </UnitTest>
    <UnitTest name="BuckScience.Tests.Application.Profiles.ProfileCrudTests.DeleteProfile_ValidId_DeletesProfile" storage="/home/runner/work/buckscienceapp/buckscienceapp/tests/buckscience.tests/bin/debug/net8.0/buckscience.tests.dll" id="46eed830-2953-fcd5-c0a0-3903ea3c299a">
      <Execution id="2c9462fc-fa48-48b3-b3aa-d5b7860c1ce0" />
      <TestMethod codeBase="/home/runner/work/BuckScienceApp/BuckScienceApp/tests/BuckScience.Tests/bin/Debug/net8.0/BuckScience.Tests.dll" adapterTypeName="executor://xunit/VsTestRunner2/netcoreapp" className="BuckScience.Tests.Application.Profiles.ProfileCrudTests" name="DeleteProfile_ValidId_DeletesProfile" />
    </UnitTest>
    <UnitTest name="BuckScience.Tests.Application.FeatureWeights.UpdateFeatureWeightsTests.UpdateFeatureWeights_MultipleUpdates_SetsEachCorrectly" storage="/home/runner/work/buckscienceapp/buckscienceapp/tests/buckscience.tests/bin/debug/net8.0/buckscience.tests.dll" id="d9e9dfd4-db91-4986-9bbe-4cae120c9790">
      <Execution id="06d5e4a1-d1a8-4871-9fcf-ea2e477d2b63" />
      <TestMethod codeBase="/home/runner/work/BuckScienceApp/BuckScienceApp/tests/BuckScience.Tests/bin/Debug/net8.0/BuckScience.Tests.dll" adapterTypeName="executor://xunit/VsTestRunner2/netcoreapp" className="BuckScience.Tests.Application.FeatureWeights.UpdateFeatureWeightsTests" name="UpdateFeatureWeights_MultipleUpdates_SetsEachCorrectly" />
    </UnitTest>
    <UnitTest name="BuckScience.Tests.PhotoFilteringUrlExamples.BuildFilters_CameraParameters_ShouldParseCorrectly(cameras: &quot;1,5,10&quot;, expectedCameras: [1, 5, 10])" storage="/home/runner/work/buckscienceapp/buckscienceapp/tests/buckscience.tests/bin/debug/net8.0/buckscience.tests.dll" id="0249bb7c-cd9a-b690-46ba-3252e9d64885">
      <Execution id="b33ed95a-9770-4763-bcfb-f3b250b0846c" />
      <TestMethod codeBase="/home/runner/work/BuckScienceApp/BuckScienceApp/tests/BuckScience.Tests/bin/Debug/net8.0/BuckScience.Tests.dll" adapterTypeName="executor://xunit/VsTestRunner2/netcoreapp" className="BuckScience.Tests.PhotoFilteringUrlExamples" name="BuildFilters_CameraParameters_ShouldParseCorrectly" />
    </UnitTest>
    <UnitTest name="BuckScience.Tests.Domain.FeatureWeightTests.FeatureWeight_SetSeasonalWeights_SetsIsCustomToTrue" storage="/home/runner/work/buckscienceapp/buckscienceapp/tests/buckscience.tests/bin/debug/net8.0/buckscience.tests.dll" id="d6776beb-14db-e4df-c8a3-8f90548062bb">
      <Execution id="b4fd7412-9265-4a0c-91c0-b5fe8f6da615" />
      <TestMethod codeBase="/home/runner/work/BuckScienceApp/BuckScienceApp/tests/BuckScience.Tests/bin/Debug/net8.0/BuckScience.Tests.dll" adapterTypeName="executor://xunit/VsTestRunner2/netcoreapp" className="BuckScience.Tests.Domain.FeatureWeightTests" name="FeatureWeight_SetSeasonalWeights_SetsIsCustomToTrue" />
    </UnitTest>
    <UnitTest name="BuckScience.Tests.Domain.PropertyFeatureTests.SetWeight_WithInvalidWeight_ThrowsArgumentOutOfRangeException(weight: -0.100000001)" storage="/home/runner/work/buckscienceapp/buckscienceapp/tests/buckscience.tests/bin/debug/net8.0/buckscience.tests.dll" id="6312f765-830a-9014-ae5b-70adf30832c5">
      <Execution id="56487f0c-896e-4544-af7c-b97a404ed74c" />
      <TestMethod codeBase="/home/runner/work/BuckScienceApp/BuckScienceApp/tests/BuckScience.Tests/bin/Debug/net8.0/BuckScience.Tests.dll" adapterTypeName="executor://xunit/VsTestRunner2/netcoreapp" className="BuckScience.Tests.Domain.PropertyFeatureTests" name="SetWeight_WithInvalidWeight_ThrowsArgumentOutOfRangeException" />
    </UnitTest>
    <UnitTest name="BuckScience.Tests.Domain.PropertySeasonMonthsOverrideTests.PropertySeasonMonthsOverride_RoundTripSerialization_MaintainsData(months: [1])" storage="/home/runner/work/buckscienceapp/buckscienceapp/tests/buckscience.tests/bin/debug/net8.0/buckscience.tests.dll" id="e7727167-90de-6177-0043-c32edeea9377">
      <Execution id="0a14c050-e3a6-4aa7-a8ed-91199cfb2c23" />
      <TestMethod codeBase="/home/runner/work/BuckScienceApp/BuckScienceApp/tests/BuckScience.Tests/bin/Debug/net8.0/BuckScience.Tests.dll" adapterTypeName="executor://xunit/VsTestRunner2/netcoreapp" className="BuckScience.Tests.Domain.PropertySeasonMonthsOverrideTests" name="PropertySeasonMonthsOverride_RoundTripSerialization_MaintainsData" />
    </UnitTest>
    <UnitTest name="BuckScience.Tests.CameraCreateVmTests.CameraCreateVm_DirectionSync_ShouldWorkForAllDirections(direction: E, expectedDegrees: 90)" storage="/home/runner/work/buckscienceapp/buckscienceapp/tests/buckscience.tests/bin/debug/net8.0/buckscience.tests.dll" id="9b0f50d1-0319-2e52-3133-7e2638dde793">
      <Execution id="e12fef2c-543f-4c62-ac2c-c960f49dd85b" />
      <TestMethod codeBase="/home/runner/work/BuckScienceApp/BuckScienceApp/tests/BuckScience.Tests/bin/Debug/net8.0/BuckScience.Tests.dll" adapterTypeName="executor://xunit/VsTestRunner2/netcoreapp" className="BuckScience.Tests.CameraCreateVmTests" name="CameraCreateVm_DirectionSync_ShouldWorkForAllDirections" />
    </UnitTest>
    <UnitTest name="BuckScience.Tests.DirectionHelperTests.ToFloat_ShouldReturnCorrectDegrees(direction: S, expectedDegrees: 180)" storage="/home/runner/work/buckscienceapp/buckscienceapp/tests/buckscience.tests/bin/debug/net8.0/buckscience.tests.dll" id="87e55bdd-4276-ed24-3a0c-df1323a9e2c9">
      <Execution id="35623fac-2e00-45aa-a4b1-e095b8a68ce2" />
      <TestMethod codeBase="/home/runner/work/BuckScienceApp/BuckScienceApp/tests/BuckScience.Tests/bin/Debug/net8.0/BuckScience.Tests.dll" adapterTypeName="executor://xunit/VsTestRunner2/netcoreapp" className="BuckScience.Tests.DirectionHelperTests" name="ToFloat_ShouldReturnCorrectDegrees" />
    </UnitTest>
    <UnitTest name="BuckScience.Tests.DirectionHelperTests.GetDisplayName_ShouldReturnCorrectDisplayNames" storage="/home/runner/work/buckscienceapp/buckscienceapp/tests/buckscience.tests/bin/debug/net8.0/buckscience.tests.dll" id="2b789b90-6459-6d41-420f-e5502ba7ca12">
      <Execution id="56374ce5-0528-4fea-8c2c-be8128a1ca3c" />
      <TestMethod codeBase="/home/runner/work/BuckScienceApp/BuckScienceApp/tests/BuckScience.Tests/bin/Debug/net8.0/BuckScience.Tests.dll" adapterTypeName="executor://xunit/VsTestRunner2/netcoreapp" className="BuckScience.Tests.DirectionHelperTests" name="GetDisplayName_ShouldReturnCorrectDisplayNames" />
    </UnitTest>
    <UnitTest name="BuckScience.Tests.PhotoFilteringIntegrationTests.BuildFilters_WithTemperatureRange_ReturnsFiltersWithTemperature" storage="/home/runner/work/buckscienceapp/buckscienceapp/tests/buckscience.tests/bin/debug/net8.0/buckscience.tests.dll" id="a1855258-2f38-7695-fb75-dcfca8f4ee44">
      <Execution id="4eda4c60-db32-4f2e-8433-ddb45bb89167" />
      <TestMethod codeBase="/home/runner/work/BuckScienceApp/BuckScienceApp/tests/BuckScience.Tests/bin/Debug/net8.0/BuckScience.Tests.dll" adapterTypeName="executor://xunit/VsTestRunner2/netcoreapp" className="BuckScience.Tests.PhotoFilteringIntegrationTests" name="BuildFilters_WithTemperatureRange_ReturnsFiltersWithTemperature" />
    </UnitTest>
    <UnitTest name="BuckScience.Tests.Domain.FeatureWeightTests.FeatureWeightHelper_GetDisplayName_ReturnsReadableNames" storage="/home/runner/work/buckscienceapp/buckscienceapp/tests/buckscience.tests/bin/debug/net8.0/buckscience.tests.dll" id="531c078f-331c-97b0-43b5-206453bfc074">
      <Execution id="fed7cb1f-e051-4a62-a38e-81b1a968d4f8" />
      <TestMethod codeBase="/home/runner/work/BuckScienceApp/BuckScienceApp/tests/BuckScience.Tests/bin/Debug/net8.0/BuckScience.Tests.dll" adapterTypeName="executor://xunit/VsTestRunner2/netcoreapp" className="BuckScience.Tests.Domain.FeatureWeightTests" name="FeatureWeightHelper_GetDisplayName_ReturnsReadableNames" />
    </UnitTest>
    <UnitTest name="BuckScience.Tests.DirectionHelperTests.FromFloat_ShouldReturnCorrectDirection(degrees: 135, expectedDirection: SE)" storage="/home/runner/work/buckscienceapp/buckscienceapp/tests/buckscience.tests/bin/debug/net8.0/buckscience.tests.dll" id="4bb73173-b83c-b642-8102-032feaeaf8ff">
      <Execution id="6a591fab-8e48-4b63-9a5f-8b41f4a0d400" />
      <TestMethod codeBase="/home/runner/work/BuckScienceApp/BuckScienceApp/tests/BuckScience.Tests/bin/Debug/net8.0/BuckScience.Tests.dll" adapterTypeName="executor://xunit/VsTestRunner2/netcoreapp" className="BuckScience.Tests.DirectionHelperTests" name="FromFloat_ShouldReturnCorrectDirection" />
    </UnitTest>
    <UnitTest name="BuckScience.Tests.Web.Helpers.WeatherHelpersTests.ConvertWindDirectionTextToNumeric_CaseInsensitive_Works" storage="/home/runner/work/buckscienceapp/buckscienceapp/tests/buckscience.tests/bin/debug/net8.0/buckscience.tests.dll" id="57fdcf56-cdf1-9f39-baba-1b1c695971d5">
      <Execution id="d3bd270d-49f3-4adf-ab80-03fc78e62190" />
      <TestMethod codeBase="/home/runner/work/BuckScienceApp/BuckScienceApp/tests/BuckScience.Tests/bin/Debug/net8.0/BuckScience.Tests.dll" adapterTypeName="executor://xunit/VsTestRunner2/netcoreapp" className="BuckScience.Tests.Web.Helpers.WeatherHelpersTests" name="ConvertWindDirectionTextToNumeric_CaseInsensitive_Works" />
    </UnitTest>
    <UnitTest name="BuckScience.Tests.Web.Helpers.WeatherHelpersTests.ConvertWindDirectionTextToNumeric_ValidDirections_ReturnsCorrectDegrees(direction: &quot;NNE&quot;, expected: 22.5)" storage="/home/runner/work/buckscienceapp/buckscienceapp/tests/buckscience.tests/bin/debug/net8.0/buckscience.tests.dll" id="1634510e-087e-a71c-61ba-55901a3677cc">
      <Execution id="a7d1de19-8611-4afe-8f6a-8ca0c55cb0b7" />
      <TestMethod codeBase="/home/runner/work/BuckScienceApp/BuckScienceApp/tests/BuckScience.Tests/bin/Debug/net8.0/BuckScience.Tests.dll" adapterTypeName="executor://xunit/VsTestRunner2/netcoreapp" className="BuckScience.Tests.Web.Helpers.WeatherHelpersTests" name="ConvertWindDirectionTextToNumeric_ValidDirections_ReturnsCorrectDegrees" />
    </UnitTest>
    <UnitTest name="BuckScience.Tests.Domain.PropertySeasonMonthsOverrideTests.PropertySeasonMonthsOverride_SetMonths_WithNullMonths_ClearsMonths" storage="/home/runner/work/buckscienceapp/buckscienceapp/tests/buckscience.tests/bin/debug/net8.0/buckscience.tests.dll" id="d5e7318a-a156-7dde-f329-f35fdf925ffa">
      <Execution id="32e530be-ef23-458c-93a4-352812497533" />
      <TestMethod codeBase="/home/runner/work/BuckScienceApp/BuckScienceApp/tests/BuckScience.Tests/bin/Debug/net8.0/BuckScience.Tests.dll" adapterTypeName="executor://xunit/VsTestRunner2/netcoreapp" className="BuckScience.Tests.Domain.PropertySeasonMonthsOverrideTests" name="PropertySeasonMonthsOverride_SetMonths_WithNullMonths_ClearsMonths" />
    </UnitTest>
    <UnitTest name="BuckScience.Tests.Web.Helpers.WeatherHelpersTests.ConvertWindDirectionTextToNumeric_InvalidText_ReturnsNull(direction: &quot;Invalid&quot;)" storage="/home/runner/work/buckscienceapp/buckscienceapp/tests/buckscience.tests/bin/debug/net8.0/buckscience.tests.dll" id="5258a2d0-41cb-c3df-1e8f-eff8f92d5e7f">
      <Execution id="2e3a853d-150a-47d6-a010-388dcd90017d" />
      <TestMethod codeBase="/home/runner/work/BuckScienceApp/BuckScienceApp/tests/BuckScience.Tests/bin/Debug/net8.0/BuckScience.Tests.dll" adapterTypeName="executor://xunit/VsTestRunner2/netcoreapp" className="BuckScience.Tests.Web.Helpers.WeatherHelpersTests" name="ConvertWindDirectionTextToNumeric_InvalidText_ReturnsNull" />
    </UnitTest>
    <UnitTest name="BuckScience.Tests.FeatureHelperTests.CategoryMapping_ShouldContainAllClassificationTypes" storage="/home/runner/work/buckscienceapp/buckscienceapp/tests/buckscience.tests/bin/debug/net8.0/buckscience.tests.dll" id="e6b5dbec-3ede-e88e-98ad-309ef50c1b15">
      <Execution id="910cdf00-b9af-4f87-a68f-adcb9f852321" />
      <TestMethod codeBase="/home/runner/work/BuckScienceApp/BuckScienceApp/tests/BuckScience.Tests/bin/Debug/net8.0/BuckScience.Tests.dll" adapterTypeName="executor://xunit/VsTestRunner2/netcoreapp" className="BuckScience.Tests.FeatureHelperTests" name="CategoryMapping_ShouldContainAllClassificationTypes" />
    </UnitTest>
    <UnitTest name="BuckScience.Tests.Domain.MonthsAttributeTests.MonthsAttribute_Constructor_WithInvalidMonth_ThrowsArgumentOutOfRangeException(invalidMonth: 25)" storage="/home/runner/work/buckscienceapp/buckscienceapp/tests/buckscience.tests/bin/debug/net8.0/buckscience.tests.dll" id="725e041b-cd4a-19c3-f7e9-4d20b2961a86">
      <Execution id="23777db5-0d10-4b09-abcb-9955e6fc9452" />
      <TestMethod codeBase="/home/runner/work/BuckScienceApp/BuckScienceApp/tests/BuckScience.Tests/bin/Debug/net8.0/BuckScience.Tests.dll" adapterTypeName="executor://xunit/VsTestRunner2/netcoreapp" className="BuckScience.Tests.Domain.MonthsAttributeTests" name="MonthsAttribute_Constructor_WithInvalidMonth_ThrowsArgumentOutOfRangeException" />
    </UnitTest>
    <UnitTest name="BuckScience.Tests.Domain.MonthsAttributeTests.MonthsAttribute_Constructor_WithBoundaryValidMonths_SetsMonthsCorrectly(month: 12)" storage="/home/runner/work/buckscienceapp/buckscienceapp/tests/buckscience.tests/bin/debug/net8.0/buckscience.tests.dll" id="231e01f7-8ce3-c622-6ddb-f4a558f73635">
      <Execution id="b1991696-964c-4ff2-9517-479d16718b08" />
      <TestMethod codeBase="/home/runner/work/BuckScienceApp/BuckScienceApp/tests/BuckScience.Tests/bin/Debug/net8.0/BuckScience.Tests.dll" adapterTypeName="executor://xunit/VsTestRunner2/netcoreapp" className="BuckScience.Tests.Domain.MonthsAttributeTests" name="MonthsAttribute_Constructor_WithBoundaryValidMonths_SetsMonthsCorrectly" />
    </UnitTest>
    <UnitTest name="BuckScience.Tests.Domain.PropertySeasonMonthsOverrideTests.PropertySeasonMonthsOverride_Constructor_WithInvalidPropertyId_ThrowsArgumentOutOfRangeException(invalidPropertyId: 0)" storage="/home/runner/work/buckscienceapp/buckscienceapp/tests/buckscience.tests/bin/debug/net8.0/buckscience.tests.dll" id="8106ff23-bb8f-04f9-7754-208ee15e0e54">
      <Execution id="c8179063-6b23-4835-bc41-594906dddfd6" />
      <TestMethod codeBase="/home/runner/work/BuckScienceApp/BuckScienceApp/tests/BuckScience.Tests/bin/Debug/net8.0/BuckScience.Tests.dll" adapterTypeName="executor://xunit/VsTestRunner2/netcoreapp" className="BuckScience.Tests.Domain.PropertySeasonMonthsOverrideTests" name="PropertySeasonMonthsOverride_Constructor_WithInvalidPropertyId_ThrowsArgumentOutOfRangeException" />
    </UnitTest>
    <UnitTest name="BuckScience.Tests.CameraCreateVmTests.CameraCreateVm_ShouldIncludePropertyCoordinates" storage="/home/runner/work/buckscienceapp/buckscienceapp/tests/buckscience.tests/bin/debug/net8.0/buckscience.tests.dll" id="65305c54-3e3e-31b1-f5dd-4a4bc66b7c08">
      <Execution id="e38b8783-61ee-47f9-a8aa-c250471783b5" />
      <TestMethod codeBase="/home/runner/work/BuckScienceApp/BuckScienceApp/tests/BuckScience.Tests/bin/Debug/net8.0/BuckScience.Tests.dll" adapterTypeName="executor://xunit/VsTestRunner2/netcoreapp" className="BuckScience.Tests.CameraCreateVmTests" name="CameraCreateVm_ShouldIncludePropertyCoordinates" />
    </UnitTest>
    <UnitTest name="BuckScience.Tests.PhotoUploadIntegrationTests.PhotoUpload_WithCameraPlacement_ShouldAssociatePlacementHistory" storage="/home/runner/work/buckscienceapp/buckscienceapp/tests/buckscience.tests/bin/debug/net8.0/buckscience.tests.dll" id="e9f8fc86-f5b4-af50-fd5d-96735f013b0a">
      <Execution id="599474d0-3220-4016-a764-62c5fba25aa1" />
      <TestMethod codeBase="/home/runner/work/BuckScienceApp/BuckScienceApp/tests/BuckScience.Tests/bin/Debug/net8.0/BuckScience.Tests.dll" adapterTypeName="executor://xunit/VsTestRunner2/netcoreapp" className="BuckScience.Tests.PhotoUploadIntegrationTests" name="PhotoUpload_WithCameraPlacement_ShouldAssociatePlacementHistory" />
    </UnitTest>
    <UnitTest name="BuckScience.Tests.CameraCreateVmTests.CameraCreateVm_DirectionSync_ShouldWorkForAllDirections(direction: NE, expectedDegrees: 45)" storage="/home/runner/work/buckscienceapp/buckscienceapp/tests/buckscience.tests/bin/debug/net8.0/buckscience.tests.dll" id="3e754e7c-3120-cf7a-7a68-ce1c9a477533">
      <Execution id="3bed088c-ad3e-4dcf-8ce2-610fe66c2982" />
      <TestMethod codeBase="/home/runner/work/BuckScienceApp/BuckScienceApp/tests/BuckScience.Tests/bin/Debug/net8.0/BuckScience.Tests.dll" adapterTypeName="executor://xunit/VsTestRunner2/netcoreapp" className="BuckScience.Tests.CameraCreateVmTests" name="CameraCreateVm_DirectionSync_ShouldWorkForAllDirections" />
    </UnitTest>
    <UnitTest name="BuckScience.Tests.FeatureHelperTests.GetCategory_ShouldReturnCorrectCategoryForFoodResources" storage="/home/runner/work/buckscienceapp/buckscienceapp/tests/buckscience.tests/bin/debug/net8.0/buckscience.tests.dll" id="6acfe581-a1ff-0243-6a25-fa30ab98af8f">
      <Execution id="bb7426da-8fce-47b3-a00b-f54fd568f840" />
      <TestMethod codeBase="/home/runner/work/BuckScienceApp/BuckScienceApp/tests/BuckScience.Tests/bin/Debug/net8.0/BuckScience.Tests.dll" adapterTypeName="executor://xunit/VsTestRunner2/netcoreapp" className="BuckScience.Tests.FeatureHelperTests" name="GetCategory_ShouldReturnCorrectCategoryForFoodResources" />
    </UnitTest>
    <UnitTest name="BuckScience.Tests.Domain.PropertyFeatureTests.Constructor_WithWeight_SetsWeightCorrectly" storage="/home/runner/work/buckscienceapp/buckscienceapp/tests/buckscience.tests/bin/debug/net8.0/buckscience.tests.dll" id="0161b4d2-48af-5756-816a-41884dcebe59">
      <Execution id="66c87668-8f09-44eb-a418-32dc5e545313" />
      <TestMethod codeBase="/home/runner/work/BuckScienceApp/BuckScienceApp/tests/BuckScience.Tests/bin/Debug/net8.0/BuckScience.Tests.dll" adapterTypeName="executor://xunit/VsTestRunner2/netcoreapp" className="BuckScience.Tests.Domain.PropertyFeatureTests" name="Constructor_WithWeight_SetsWeightCorrectly" />
    </UnitTest>
    <UnitTest name="BuckScience.Tests.CameraCreateVmTests.CameraCreateVm_DirectionSync_ShouldWorkForAllDirections(direction: N, expectedDegrees: 0)" storage="/home/runner/work/buckscienceapp/buckscienceapp/tests/buckscience.tests/bin/debug/net8.0/buckscience.tests.dll" id="517f9dbf-42b8-6c68-c79b-d5d973668018">
      <Execution id="79287a27-131c-4049-b3e0-cc717c3aa557" />
      <TestMethod codeBase="/home/runner/work/BuckScienceApp/BuckScienceApp/tests/BuckScience.Tests/bin/Debug/net8.0/BuckScience.Tests.dll" adapterTypeName="executor://xunit/VsTestRunner2/netcoreapp" className="BuckScience.Tests.CameraCreateVmTests" name="CameraCreateVm_DirectionSync_ShouldWorkForAllDirections" />
    </UnitTest>
    <UnitTest name="BuckScience.Tests.Domain.PropertySeasonMonthsOverrideTests.PropertySeasonMonthsOverride_SetMonths_WithInvalidMonths_ThrowsArgumentOutOfRangeException(invalidMonths: [1, 0, 5])" storage="/home/runner/work/buckscienceapp/buckscienceapp/tests/buckscience.tests/bin/debug/net8.0/buckscience.tests.dll" id="2d42558b-0e16-1806-a5ca-7006bc54a2c7">
      <Execution id="488d2230-dacc-495a-8258-e2b4c6913ffd" />
      <TestMethod codeBase="/home/runner/work/BuckScienceApp/BuckScienceApp/tests/BuckScience.Tests/bin/Debug/net8.0/BuckScience.Tests.dll" adapterTypeName="executor://xunit/VsTestRunner2/netcoreapp" className="BuckScience.Tests.Domain.PropertySeasonMonthsOverrideTests" name="PropertySeasonMonthsOverride_SetMonths_WithInvalidMonths_ThrowsArgumentOutOfRangeException" />
    </UnitTest>
    <UnitTest name="BuckScience.Tests.Web.Helpers.WeatherHelpersTests.ConvertWindDirectionTextToNumeric_InvalidText_ReturnsNull(direction: &quot;North&quot;)" storage="/home/runner/work/buckscienceapp/buckscienceapp/tests/buckscience.tests/bin/debug/net8.0/buckscience.tests.dll" id="94acb547-5f92-9634-547a-02395bd6053e">
      <Execution id="b771df6b-e124-4bf7-907a-c72b12ece8c4" />
      <TestMethod codeBase="/home/runner/work/BuckScienceApp/BuckScienceApp/tests/BuckScience.Tests/bin/Debug/net8.0/BuckScience.Tests.dll" adapterTypeName="executor://xunit/VsTestRunner2/netcoreapp" className="BuckScience.Tests.Web.Helpers.WeatherHelpersTests" name="ConvertWindDirectionTextToNumeric_InvalidText_ReturnsNull" />
    </UnitTest>
    <UnitTest name="BuckScience.Tests.WeatherConfigurationTests.WeatherSettings_ShouldBindFromConfiguration" storage="/home/runner/work/buckscienceapp/buckscienceapp/tests/buckscience.tests/bin/debug/net8.0/buckscience.tests.dll" id="6d9ecacc-771f-c0f8-81b8-e7f5f5ecfa5f">
      <Execution id="93812cc0-66fe-427f-b4da-75555f5695d6" />
      <TestMethod codeBase="/home/runner/work/BuckScienceApp/BuckScienceApp/tests/BuckScience.Tests/bin/Debug/net8.0/BuckScience.Tests.dll" adapterTypeName="executor://xunit/VsTestRunner2/netcoreapp" className="BuckScience.Tests.WeatherConfigurationTests" name="WeatherSettings_ShouldBindFromConfiguration" />
    </UnitTest>
    <UnitTest name="BuckScience.Tests.WeatherServiceTests.RoundCoordinates_ShouldRoundTo1DecimalPlace" storage="/home/runner/work/buckscienceapp/buckscienceapp/tests/buckscience.tests/bin/debug/net8.0/buckscience.tests.dll" id="dab68c95-06ed-1b25-9b7e-b55b2972fccc">
      <Execution id="56f5d40d-936c-4810-a54c-d67fcc250f1c" />
      <TestMethod codeBase="/home/runner/work/BuckScienceApp/BuckScienceApp/tests/BuckScience.Tests/bin/Debug/net8.0/BuckScience.Tests.dll" adapterTypeName="executor://xunit/VsTestRunner2/netcoreapp" className="BuckScience.Tests.WeatherServiceTests" name="RoundCoordinates_ShouldRoundTo1DecimalPlace" />
    </UnitTest>
    <UnitTest name="BuckScience.Tests.CameraCreateVmTests.CameraCreateVm_PropertyCoordinates_ShouldBeInitializedToZero" storage="/home/runner/work/buckscienceapp/buckscienceapp/tests/buckscience.tests/bin/debug/net8.0/buckscience.tests.dll" id="3b62dc28-12fd-93fe-6512-390293682652">
      <Execution id="8a42357b-6cba-46ad-b1fd-f29a15415eea" />
      <TestMethod codeBase="/home/runner/work/BuckScienceApp/BuckScienceApp/tests/BuckScience.Tests/bin/Debug/net8.0/BuckScience.Tests.dll" adapterTypeName="executor://xunit/VsTestRunner2/netcoreapp" className="BuckScience.Tests.CameraCreateVmTests" name="CameraCreateVm_PropertyCoordinates_ShouldBeInitializedToZero" />
    </UnitTest>
    <UnitTest name="BuckScience.Tests.CameraEditVmTests.CameraEditVm_SyncSelectionFromDirection_ShouldUpdateDirectionSelection" storage="/home/runner/work/buckscienceapp/buckscienceapp/tests/buckscience.tests/bin/debug/net8.0/buckscience.tests.dll" id="d40d14e6-e55e-a2ee-7c2d-3f2b4d1650c4">
      <Execution id="1fb0527b-3cbb-4774-8403-a81447a91f4a" />
      <TestMethod codeBase="/home/runner/work/BuckScienceApp/BuckScienceApp/tests/BuckScience.Tests/bin/Debug/net8.0/BuckScience.Tests.dll" adapterTypeName="executor://xunit/VsTestRunner2/netcoreapp" className="BuckScience.Tests.CameraEditVmTests" name="CameraEditVm_SyncSelectionFromDirection_ShouldUpdateDirectionSelection" />
    </UnitTest>
    <UnitTest name="BuckScience.Tests.Web.Helpers.WeatherHelpersTests.ConvertWindDirectionToText_VariousAngles_ReturnsCorrectDirection(degrees: 22.5, expected: &quot;NNE&quot;)" storage="/home/runner/work/buckscienceapp/buckscienceapp/tests/buckscience.tests/bin/debug/net8.0/buckscience.tests.dll" id="33aaf4d3-9999-0bc6-ded9-bd2870cebad9">
      <Execution id="a1e5eed4-839a-456b-88f0-bb4eb7f6b844" />
      <TestMethod codeBase="/home/runner/work/BuckScienceApp/BuckScienceApp/tests/BuckScience.Tests/bin/Debug/net8.0/BuckScience.Tests.dll" adapterTypeName="executor://xunit/VsTestRunner2/netcoreapp" className="BuckScience.Tests.Web.Helpers.WeatherHelpersTests" name="ConvertWindDirectionToText_VariousAngles_ReturnsCorrectDirection" />
    </UnitTest>
    <UnitTest name="BuckScience.Tests.Domain.FeatureWeightTests.FeatureWeight_NullSeasonalWeights_ReturnsNullFromGetter" storage="/home/runner/work/buckscienceapp/buckscienceapp/tests/buckscience.tests/bin/debug/net8.0/buckscience.tests.dll" id="5586d107-f84a-20c0-07c2-a380e15c327c">
      <Execution id="46431e85-cb0a-4149-9c78-ab3b7de6cdbb" />
      <TestMethod codeBase="/home/runner/work/BuckScienceApp/BuckScienceApp/tests/BuckScience.Tests/bin/Debug/net8.0/BuckScience.Tests.dll" adapterTypeName="executor://xunit/VsTestRunner2/netcoreapp" className="BuckScience.Tests.Domain.FeatureWeightTests" name="FeatureWeight_NullSeasonalWeights_ReturnsNullFromGetter" />
    </UnitTest>
    <UnitTest name="BuckScience.Tests.CameraPlacementHistoryTests.Camera_PlaceAt_ShouldCreateNewPlacementHistory" storage="/home/runner/work/buckscienceapp/buckscienceapp/tests/buckscience.tests/bin/debug/net8.0/buckscience.tests.dll" id="be89a856-c15c-81ed-5ddb-4973639d716d">
      <Execution id="5abc900f-57e7-49b8-a824-fa10db305b52" />
      <TestMethod codeBase="/home/runner/work/BuckScienceApp/BuckScienceApp/tests/BuckScience.Tests/bin/Debug/net8.0/BuckScience.Tests.dll" adapterTypeName="executor://xunit/VsTestRunner2/netcoreapp" className="BuckScience.Tests.CameraPlacementHistoryTests" name="Camera_PlaceAt_ShouldCreateNewPlacementHistory" />
    </UnitTest>
    <UnitTest name="BuckScience.Tests.PhotoFiltersTests.PhotoFilters_HasAnyFilters_ReturnsFalseWhenNoFiltersSet" storage="/home/runner/work/buckscienceapp/buckscienceapp/tests/buckscience.tests/bin/debug/net8.0/buckscience.tests.dll" id="8c733a46-a4ea-1620-69ec-bdd69e48dc0b">
      <Execution id="caf35c44-fe54-468d-b1c7-6ec6be68466f" />
      <TestMethod codeBase="/home/runner/work/BuckScienceApp/BuckScienceApp/tests/BuckScience.Tests/bin/Debug/net8.0/BuckScience.Tests.dll" adapterTypeName="executor://xunit/VsTestRunner2/netcoreapp" className="BuckScience.Tests.PhotoFiltersTests" name="PhotoFilters_HasAnyFilters_ReturnsFalseWhenNoFiltersSet" />
    </UnitTest>
    <UnitTest name="BuckScience.Tests.Domain.PropertySeasonMonthsOverrideTests.PropertySeasonMonthsOverride_Constructor_WithInvalidMonths_ThrowsArgumentOutOfRangeException(invalidMonths: [0, 5, 10])" storage="/home/runner/work/buckscienceapp/buckscienceapp/tests/buckscience.tests/bin/debug/net8.0/buckscience.tests.dll" id="12f16ac3-f6d6-9802-1d09-4301de2f7efc">
      <Execution id="9328b8f8-8436-481b-b753-612f735ce2d9" />
      <TestMethod codeBase="/home/runner/work/BuckScienceApp/BuckScienceApp/tests/BuckScience.Tests/bin/Debug/net8.0/BuckScience.Tests.dll" adapterTypeName="executor://xunit/VsTestRunner2/netcoreapp" className="BuckScience.Tests.Domain.PropertySeasonMonthsOverrideTests" name="PropertySeasonMonthsOverride_Constructor_WithInvalidMonths_ThrowsArgumentOutOfRangeException" />
    </UnitTest>
    <UnitTest name="BuckScience.Tests.PhotoFilteringUrlExamples.BuildFilters_ConditionsParameters_ShouldParseCorrectly(conditions: &quot;Clear,Partly Cloudy,Overcast&quot;, expectedConditions: [&quot;Clear&quot;, &quot;Partly Cloudy&quot;, &quot;Overcast&quot;])" storage="/home/runner/work/buckscienceapp/buckscienceapp/tests/buckscience.tests/bin/debug/net8.0/buckscience.tests.dll" id="73d0473b-eb3b-71b8-da90-00961c42343e">
      <Execution id="d501e41f-a20e-485d-9a13-395ed82f3d42" />
      <TestMethod codeBase="/home/runner/work/BuckScienceApp/BuckScienceApp/tests/BuckScience.Tests/bin/Debug/net8.0/BuckScience.Tests.dll" adapterTypeName="executor://xunit/VsTestRunner2/netcoreapp" className="BuckScience.Tests.PhotoFilteringUrlExamples" name="BuildFilters_ConditionsParameters_ShouldParseCorrectly" />
    </UnitTest>
    <UnitTest name="BuckScience.Tests.Domain.PropertySeasonMonthsOverrideTests.PropertySeasonMonthsOverride_GetMonths_ReturnsCorrectMonths" storage="/home/runner/work/buckscienceapp/buckscienceapp/tests/buckscience.tests/bin/debug/net8.0/buckscience.tests.dll" id="5639502e-a141-45eb-1c4f-81dc941ff67a">
      <Execution id="2d19f62d-55db-4d62-b1f0-c15e0e798cf3" />
      <TestMethod codeBase="/home/runner/work/BuckScienceApp/BuckScienceApp/tests/BuckScience.Tests/bin/Debug/net8.0/BuckScience.Tests.dll" adapterTypeName="executor://xunit/VsTestRunner2/netcoreapp" className="BuckScience.Tests.Domain.PropertySeasonMonthsOverrideTests" name="PropertySeasonMonthsOverride_GetMonths_ReturnsCorrectMonths" />
    </UnitTest>
    <UnitTest name="BuckScience.Tests.Domain.PropertyFeatureTests.UpdateWeight_WithNull_SetsWeightToNull" storage="/home/runner/work/buckscienceapp/buckscienceapp/tests/buckscience.tests/bin/debug/net8.0/buckscience.tests.dll" id="b1f7f7a9-9f3c-0788-8363-349e751ff986">
      <Execution id="8e86e0cb-69bd-4be3-b44e-b6d11cf3270e" />
      <TestMethod codeBase="/home/runner/work/BuckScienceApp/BuckScienceApp/tests/BuckScience.Tests/bin/Debug/net8.0/BuckScience.Tests.dll" adapterTypeName="executor://xunit/VsTestRunner2/netcoreapp" className="BuckScience.Tests.Domain.PropertyFeatureTests" name="UpdateWeight_WithNull_SetsWeightToNull" />
    </UnitTest>
    <UnitTest name="BuckScience.Tests.Web.Helpers.WeatherHelpersTests.ConvertWindDirectionTextToNumeric_ValidDirections_ReturnsCorrectDegrees(direction: &quot;S&quot;, expected: 180)" storage="/home/runner/work/buckscienceapp/buckscienceapp/tests/buckscience.tests/bin/debug/net8.0/buckscience.tests.dll" id="e294371f-24bd-e5af-41b0-5a6f22f8d71f">
      <Execution id="0f63ec3b-d2e8-4084-8167-10aaaf2c3ab8" />
      <TestMethod codeBase="/home/runner/work/BuckScienceApp/BuckScienceApp/tests/BuckScience.Tests/bin/Debug/net8.0/BuckScience.Tests.dll" adapterTypeName="executor://xunit/VsTestRunner2/netcoreapp" className="BuckScience.Tests.Web.Helpers.WeatherHelpersTests" name="ConvertWindDirectionTextToNumeric_ValidDirections_ReturnsCorrectDegrees" />
    </UnitTest>
    <UnitTest name="BuckScience.Tests.Domain.FeatureWeightTests.FeatureWeight_Constructor_SetsPropertiesCorrectly" storage="/home/runner/work/buckscienceapp/buckscienceapp/tests/buckscience.tests/bin/debug/net8.0/buckscience.tests.dll" id="3b0de714-8f13-7aca-97ab-ed01b955f773">
      <Execution id="bb9a4696-a94a-4973-b4b6-cd2ee79560cb" />
      <TestMethod codeBase="/home/runner/work/BuckScienceApp/BuckScienceApp/tests/BuckScience.Tests/bin/Debug/net8.0/BuckScience.Tests.dll" adapterTypeName="executor://xunit/VsTestRunner2/netcoreapp" className="BuckScience.Tests.Domain.FeatureWeightTests" name="FeatureWeight_Constructor_SetsPropertiesCorrectly" />
    </UnitTest>
    <UnitTest name="BuckScience.Tests.Web.Helpers.WeatherHelpersTests.ConvertWindDirectionTextToNumeric_ValidDirections_ReturnsCorrectDegrees(direction: &quot;WNW&quot;, expected: 292.5)" storage="/home/runner/work/buckscienceapp/buckscienceapp/tests/buckscience.tests/bin/debug/net8.0/buckscience.tests.dll" id="fa35896d-315e-329a-8dc3-bb5ba3189b52">
      <Execution id="ff0123ca-9967-4709-9083-c9e5169a8bdb" />
      <TestMethod codeBase="/home/runner/work/BuckScienceApp/BuckScienceApp/tests/BuckScience.Tests/bin/Debug/net8.0/BuckScience.Tests.dll" adapterTypeName="executor://xunit/VsTestRunner2/netcoreapp" className="BuckScience.Tests.Web.Helpers.WeatherHelpersTests" name="ConvertWindDirectionTextToNumeric_ValidDirections_ReturnsCorrectDegrees" />
    </UnitTest>
    <UnitTest name="BuckScience.Tests.Web.Helpers.WeatherHelpersTests.ConvertMoonPhaseTextToNumeric_ValidText_ReturnsCorrectValue(text: &quot;Waning Gibbous&quot;, expected: 0.625)" storage="/home/runner/work/buckscienceapp/buckscienceapp/tests/buckscience.tests/bin/debug/net8.0/buckscience.tests.dll" id="fb8ea106-f542-3a06-bc35-d8f4e171c2a2">
      <Execution id="8d6e023e-3993-4ddc-9392-c8983ba63c2a" />
      <TestMethod codeBase="/home/runner/work/BuckScienceApp/BuckScienceApp/tests/BuckScience.Tests/bin/Debug/net8.0/BuckScience.Tests.dll" adapterTypeName="executor://xunit/VsTestRunner2/netcoreapp" className="BuckScience.Tests.Web.Helpers.WeatherHelpersTests" name="ConvertMoonPhaseTextToNumeric_ValidText_ReturnsCorrectValue" />
    </UnitTest>
    <UnitTest name="BuckScience.Tests.Web.Helpers.WeatherHelpersTests.ConvertWindDirectionTextToNumeric_ValidDirections_ReturnsCorrectDegrees(direction: &quot;W&quot;, expected: 270)" storage="/home/runner/work/buckscienceapp/buckscienceapp/tests/buckscience.tests/bin/debug/net8.0/buckscience.tests.dll" id="63390816-73a6-312f-e706-2ca3dfa39f0e">
      <Execution id="c0d50995-8b7d-4eb5-818c-f13290be3fd6" />
      <TestMethod codeBase="/home/runner/work/BuckScienceApp/BuckScienceApp/tests/BuckScience.Tests/bin/Debug/net8.0/BuckScience.Tests.dll" adapterTypeName="executor://xunit/VsTestRunner2/netcoreapp" className="BuckScience.Tests.Web.Helpers.WeatherHelpersTests" name="ConvertWindDirectionTextToNumeric_ValidDirections_ReturnsCorrectDegrees" />
    </UnitTest>
    <UnitTest name="BuckScience.Tests.Web.Helpers.WeatherHelpersTests.WindDirectionOption_Properties_Work" storage="/home/runner/work/buckscienceapp/buckscienceapp/tests/buckscience.tests/bin/debug/net8.0/buckscience.tests.dll" id="6c5bb03b-3d70-308f-aed5-443e0f2530e1">
      <Execution id="fef89b35-141c-468d-a648-238b2ad38c29" />
      <TestMethod codeBase="/home/runner/work/BuckScienceApp/BuckScienceApp/tests/BuckScience.Tests/bin/Debug/net8.0/BuckScience.Tests.dll" adapterTypeName="executor://xunit/VsTestRunner2/netcoreapp" className="BuckScience.Tests.Web.Helpers.WeatherHelpersTests" name="WindDirectionOption_Properties_Work" />
    </UnitTest>
    <UnitTest name="BuckScience.Tests.Web.Helpers.WeatherHelpersTests.ConvertMoonPhaseTextToNumeric_InvalidText_ReturnsNull(text: &quot;&quot;)" storage="/home/runner/work/buckscienceapp/buckscienceapp/tests/buckscience.tests/bin/debug/net8.0/buckscience.tests.dll" id="f2ce22ba-4e0c-a11c-c657-a799ce863a26">
      <Execution id="97ade425-7ad8-4bd7-a237-2e9f846f998b" />
      <TestMethod codeBase="/home/runner/work/BuckScienceApp/BuckScienceApp/tests/BuckScience.Tests/bin/Debug/net8.0/BuckScience.Tests.dll" adapterTypeName="executor://xunit/VsTestRunner2/netcoreapp" className="BuckScience.Tests.Web.Helpers.WeatherHelpersTests" name="ConvertMoonPhaseTextToNumeric_InvalidText_ReturnsNull" />
    </UnitTest>
    <UnitTest name="BuckScience.Tests.TaggingSystemTests.AddTagToPhotos_ShouldNotCreateDuplicates" storage="/home/runner/work/buckscienceapp/buckscienceapp/tests/buckscience.tests/bin/debug/net8.0/buckscience.tests.dll" id="994b105a-2d3c-5d2b-62ff-1c998f53f588">
      <Execution id="b0343942-e70f-402d-a489-e884a768f90b" />
      <TestMethod codeBase="/home/runner/work/BuckScienceApp/BuckScienceApp/tests/BuckScience.Tests/bin/Debug/net8.0/BuckScience.Tests.dll" adapterTypeName="executor://xunit/VsTestRunner2/netcoreapp" className="BuckScience.Tests.TaggingSystemTests" name="AddTagToPhotos_ShouldNotCreateDuplicates" />
    </UnitTest>
    <UnitTest name="BuckScience.Tests.Domain.PropertyFeatureTests.Constructor_WithInvalidWeight_ThrowsArgumentOutOfRangeException(weight: 2)" storage="/home/runner/work/buckscienceapp/buckscienceapp/tests/buckscience.tests/bin/debug/net8.0/buckscience.tests.dll" id="1d7b16e9-5047-ebb1-e4a1-207c49ea6bcd">
      <Execution id="bdffdabf-62d6-4c76-be0f-8a03c5b78599" />
      <TestMethod codeBase="/home/runner/work/BuckScienceApp/BuckScienceApp/tests/BuckScience.Tests/bin/Debug/net8.0/BuckScience.Tests.dll" adapterTypeName="executor://xunit/VsTestRunner2/netcoreapp" className="BuckScience.Tests.Domain.PropertyFeatureTests" name="Constructor_WithInvalidWeight_ThrowsArgumentOutOfRangeException" />
    </UnitTest>
    <UnitTest name="BuckScience.Tests.FeatureHelperTests.GetCategoryName_ShouldReturnCorrectCategoryNames" storage="/home/runner/work/buckscienceapp/buckscienceapp/tests/buckscience.tests/bin/debug/net8.0/buckscience.tests.dll" id="4e68cf9a-2a3a-1e07-4a4f-0cf27d8d2bbb">
      <Execution id="db6d3c0e-4aac-46f8-8dd0-53e392454b0a" />
      <TestMethod codeBase="/home/runner/work/BuckScienceApp/BuckScienceApp/tests/BuckScience.Tests/bin/Debug/net8.0/BuckScience.Tests.dll" adapterTypeName="executor://xunit/VsTestRunner2/netcoreapp" className="BuckScience.Tests.FeatureHelperTests" name="GetCategoryName_ShouldReturnCorrectCategoryNames" />
    </UnitTest>
    <UnitTest name="BuckScience.Tests.Web.Helpers.WeatherHelpersTests.ConvertWindDirectionTextToNumeric_ValidDirections_ReturnsCorrectDegrees(direction: &quot;SW&quot;, expected: 225)" storage="/home/runner/work/buckscienceapp/buckscienceapp/tests/buckscience.tests/bin/debug/net8.0/buckscience.tests.dll" id="c005721b-05db-8d7a-5eea-e90626721b80">
      <Execution id="5ee2e58b-ab94-49aa-b544-0131cba4664f" />
      <TestMethod codeBase="/home/runner/work/BuckScienceApp/BuckScienceApp/tests/BuckScience.Tests/bin/Debug/net8.0/BuckScience.Tests.dll" adapterTypeName="executor://xunit/VsTestRunner2/netcoreapp" className="BuckScience.Tests.Web.Helpers.WeatherHelpersTests" name="ConvertWindDirectionTextToNumeric_ValidDirections_ReturnsCorrectDegrees" />
    </UnitTest>
    <UnitTest name="BuckScience.Tests.PhotoGroupingTests.PropertyPhotosSortBy_ShouldMapCorrectly" storage="/home/runner/work/buckscienceapp/buckscienceapp/tests/buckscience.tests/bin/debug/net8.0/buckscience.tests.dll" id="5caf925d-9bc2-c40c-f14f-bb094f78a12c">
      <Execution id="dcfafc78-8deb-4f03-a5a8-4b2db2669ba4" />
      <TestMethod codeBase="/home/runner/work/BuckScienceApp/BuckScienceApp/tests/BuckScience.Tests/bin/Debug/net8.0/BuckScience.Tests.dll" adapterTypeName="executor://xunit/VsTestRunner2/netcoreapp" className="BuckScience.Tests.PhotoGroupingTests" name="PropertyPhotosSortBy_ShouldMapCorrectly" />
    </UnitTest>
    <UnitTest name="BuckScience.Tests.FeatureHelperTests.GetFeatureName_ShouldReturnCorrectDisplayNames" storage="/home/runner/work/buckscienceapp/buckscienceapp/tests/buckscience.tests/bin/debug/net8.0/buckscience.tests.dll" id="d1c2a2fd-4568-2e97-946f-7480ea03bef1">
      <Execution id="d6ef80d7-85cd-48ef-b07f-e2e2f418b626" />
      <TestMethod codeBase="/home/runner/work/BuckScienceApp/BuckScienceApp/tests/BuckScience.Tests/bin/Debug/net8.0/BuckScience.Tests.dll" adapterTypeName="executor://xunit/VsTestRunner2/netcoreapp" className="BuckScience.Tests.FeatureHelperTests" name="GetFeatureName_ShouldReturnCorrectDisplayNames" />
    </UnitTest>
    <UnitTest name="BuckScience.Tests.PhotoFiltersTests.PhotoFilters_HasAnyFilters_ReturnsTrueWhenDateFilterSet" storage="/home/runner/work/buckscienceapp/buckscienceapp/tests/buckscience.tests/bin/debug/net8.0/buckscience.tests.dll" id="5281d8e8-e57c-c45e-69f7-66dd4ef8cb7b">
      <Execution id="19faa2d9-317a-4d8a-9fa2-1a9352d53617" />
      <TestMethod codeBase="/home/runner/work/BuckScienceApp/BuckScienceApp/tests/BuckScience.Tests/bin/Debug/net8.0/BuckScience.Tests.dll" adapterTypeName="executor://xunit/VsTestRunner2/netcoreapp" className="BuckScience.Tests.PhotoFiltersTests" name="PhotoFilters_HasAnyFilters_ReturnsTrueWhenDateFilterSet" />
    </UnitTest>
    <UnitTest name="BuckScience.Tests.CameraPlacementHistoryTests.Camera_CurrentLocationProperties_ShouldReturnFromPlacementHistory" storage="/home/runner/work/buckscienceapp/buckscienceapp/tests/buckscience.tests/bin/debug/net8.0/buckscience.tests.dll" id="185a6cd6-33af-0e1e-0bd1-2a440f9d65a0">
      <Execution id="3d147d04-9b1e-4dc8-be2a-b5d6ae18a611" />
      <TestMethod codeBase="/home/runner/work/BuckScienceApp/BuckScienceApp/tests/BuckScience.Tests/bin/Debug/net8.0/BuckScience.Tests.dll" adapterTypeName="executor://xunit/VsTestRunner2/netcoreapp" className="BuckScience.Tests.CameraPlacementHistoryTests" name="Camera_CurrentLocationProperties_ShouldReturnFromPlacementHistory" />
    </UnitTest>
    <UnitTest name="BuckScience.Tests.Domain.MonthsAttributeTests.MonthsAttribute_Constructor_WithEmptyMonths_ThrowsArgumentException" storage="/home/runner/work/buckscienceapp/buckscienceapp/tests/buckscience.tests/bin/debug/net8.0/buckscience.tests.dll" id="752ffb05-78eb-92e0-4e1e-4d5811cca95a">
      <Execution id="638cc379-3dd6-4b30-976b-6458eec64935" />
      <TestMethod codeBase="/home/runner/work/BuckScienceApp/BuckScienceApp/tests/BuckScience.Tests/bin/Debug/net8.0/BuckScience.Tests.dll" adapterTypeName="executor://xunit/VsTestRunner2/netcoreapp" className="BuckScience.Tests.Domain.MonthsAttributeTests" name="MonthsAttribute_Constructor_WithEmptyMonths_ThrowsArgumentException" />
    </UnitTest>
    <UnitTest name="BuckScience.Tests.Web.Helpers.WeatherHelpersTests.StandardWindDirections_Contains16Directions" storage="/home/runner/work/buckscienceapp/buckscienceapp/tests/buckscience.tests/bin/debug/net8.0/buckscience.tests.dll" id="11c53883-3d96-0957-d8a1-9dcf44cb5e78">
      <Execution id="d8d6892d-02fc-4109-b9f7-44de01cd22db" />
      <TestMethod codeBase="/home/runner/work/BuckScienceApp/BuckScienceApp/tests/BuckScience.Tests/bin/Debug/net8.0/BuckScience.Tests.dll" adapterTypeName="executor://xunit/VsTestRunner2/netcoreapp" className="BuckScience.Tests.Web.Helpers.WeatherHelpersTests" name="StandardWindDirections_Contains16Directions" />
    </UnitTest>
    <UnitTest name="BuckScience.Tests.Application.PropertyFeatureApplicationTests.UpdatePropertyFeature_WithWeight_UpdatesWeight" storage="/home/runner/work/buckscienceapp/buckscienceapp/tests/buckscience.tests/bin/debug/net8.0/buckscience.tests.dll" id="bcc4ea35-2128-3f0c-9022-a8e4dbbfeab6">
      <Execution id="5d6d51d0-4388-41a6-9d5f-9ee529149356" />
      <TestMethod codeBase="/home/runner/work/BuckScienceApp/BuckScienceApp/tests/BuckScience.Tests/bin/Debug/net8.0/BuckScience.Tests.dll" adapterTypeName="executor://xunit/VsTestRunner2/netcoreapp" className="BuckScience.Tests.Application.PropertyFeatureApplicationTests" name="UpdatePropertyFeature_WithWeight_UpdatesWeight" />
    </UnitTest>
    <UnitTest name="BuckScience.Tests.Domain.SeasonExtensionsTests.GetDefaultMonths_Rut_ReturnsCorrectMonths" storage="/home/runner/work/buckscienceapp/buckscienceapp/tests/buckscience.tests/bin/debug/net8.0/buckscience.tests.dll" id="9ad59ac2-75e0-43fa-c7a4-360f06bdf706">
      <Execution id="374319cc-d45c-4859-ae3c-df6b9af030b9" />
      <TestMethod codeBase="/home/runner/work/BuckScienceApp/BuckScienceApp/tests/BuckScience.Tests/bin/Debug/net8.0/BuckScience.Tests.dll" adapterTypeName="executor://xunit/VsTestRunner2/netcoreapp" className="BuckScience.Tests.Domain.SeasonExtensionsTests" name="GetDefaultMonths_Rut_ReturnsCorrectMonths" />
    </UnitTest>
    <UnitTest name="BuckScience.Tests.PhotoFilteringComprehensiveTests.PropertyPhotosVm_WithoutFilters_CorrectProperties" storage="/home/runner/work/buckscienceapp/buckscienceapp/tests/buckscience.tests/bin/debug/net8.0/buckscience.tests.dll" id="d23e84fd-71f4-7bce-d8fe-1741eb8da08e">
      <Execution id="46c641f8-f31f-4a1b-9ac7-8e9270bbfad9" />
      <TestMethod codeBase="/home/runner/work/BuckScienceApp/BuckScienceApp/tests/BuckScience.Tests/bin/Debug/net8.0/BuckScience.Tests.dll" adapterTypeName="executor://xunit/VsTestRunner2/netcoreapp" className="BuckScience.Tests.PhotoFilteringComprehensiveTests" name="PropertyPhotosVm_WithoutFilters_CorrectProperties" />
    </UnitTest>
    <UnitTest name="BuckScience.Tests.Web.Helpers.WeatherHelpersTests.ConvertMoonPhaseTextToNumeric_ValidText_ReturnsCorrectValue(text: &quot;Waxing Gibbous&quot;, expected: 0.375)" storage="/home/runner/work/buckscienceapp/buckscienceapp/tests/buckscience.tests/bin/debug/net8.0/buckscience.tests.dll" id="1c0d7c7b-e498-3c7a-c145-fce1f6e14e16">
      <Execution id="07a1a1e4-ac8b-4076-b068-ffe30fcfdb76" />
      <TestMethod codeBase="/home/runner/work/BuckScienceApp/BuckScienceApp/tests/BuckScience.Tests/bin/Debug/net8.0/BuckScience.Tests.dll" adapterTypeName="executor://xunit/VsTestRunner2/netcoreapp" className="BuckScience.Tests.Web.Helpers.WeatherHelpersTests" name="ConvertMoonPhaseTextToNumeric_ValidText_ReturnsCorrectValue" />
    </UnitTest>
    <UnitTest name="BuckScience.Tests.Domain.PropertySeasonMonthsOverrideTests.PropertySeasonMonthsOverride_Constructor_WithNullMonths_ThrowsArgumentNullException" storage="/home/runner/work/buckscienceapp/buckscienceapp/tests/buckscience.tests/bin/debug/net8.0/buckscience.tests.dll" id="a6b7ec4e-8439-0e75-5dff-9c306313533e">
      <Execution id="40b075b7-d3f2-456a-bbc0-18e64be593bc" />
      <TestMethod codeBase="/home/runner/work/BuckScienceApp/BuckScienceApp/tests/BuckScience.Tests/bin/Debug/net8.0/BuckScience.Tests.dll" adapterTypeName="executor://xunit/VsTestRunner2/netcoreapp" className="BuckScience.Tests.Domain.PropertySeasonMonthsOverrideTests" name="PropertySeasonMonthsOverride_Constructor_WithNullMonths_ThrowsArgumentNullException" />
    </UnitTest>
    <UnitTest name="BuckScience.Tests.Domain.PropertyFeatureTests.Constructor_WithInvalidWeight_ThrowsArgumentOutOfRangeException(weight: 1.10000002)" storage="/home/runner/work/buckscienceapp/buckscienceapp/tests/buckscience.tests/bin/debug/net8.0/buckscience.tests.dll" id="ddea20c7-b2e3-61c7-335c-b2bd52df33d9">
      <Execution id="76f6aa67-1815-431f-a8b6-4fba25ec2173" />
      <TestMethod codeBase="/home/runner/work/BuckScienceApp/BuckScienceApp/tests/BuckScience.Tests/bin/Debug/net8.0/BuckScience.Tests.dll" adapterTypeName="executor://xunit/VsTestRunner2/netcoreapp" className="BuckScience.Tests.Domain.PropertyFeatureTests" name="Constructor_WithInvalidWeight_ThrowsArgumentOutOfRangeException" />
    </UnitTest>
    <UnitTest name="BuckScience.Tests.Web.Helpers.WeatherHelpersTests.ConvertMoonPhaseToText_VariousValues_ReturnsCorrectText(phase: 1, expected: &quot;New Moon&quot;)" storage="/home/runner/work/buckscienceapp/buckscienceapp/tests/buckscience.tests/bin/debug/net8.0/buckscience.tests.dll" id="c5847a99-4505-c2ed-d54d-fc269a080b27">
      <Execution id="caa5c760-8a06-45cf-85ab-46500a4e6fc1" />
      <TestMethod codeBase="/home/runner/work/BuckScienceApp/BuckScienceApp/tests/BuckScience.Tests/bin/Debug/net8.0/BuckScience.Tests.dll" adapterTypeName="executor://xunit/VsTestRunner2/netcoreapp" className="BuckScience.Tests.Web.Helpers.WeatherHelpersTests" name="ConvertMoonPhaseToText_VariousValues_ReturnsCorrectText" />
    </UnitTest>
    <UnitTest name="BuckScience.Tests.CameraEditVmTests.CameraEditVm_SyncSelectionFromDirection_ShouldFindClosestDirection" storage="/home/runner/work/buckscienceapp/buckscienceapp/tests/buckscience.tests/bin/debug/net8.0/buckscience.tests.dll" id="8d702d1b-c14c-4dd0-cea5-aaa087d77d3f">
      <Execution id="7b1a657b-1e17-4a0d-be60-f64f9ab4595c" />
      <TestMethod codeBase="/home/runner/work/BuckScienceApp/BuckScienceApp/tests/BuckScience.Tests/bin/Debug/net8.0/BuckScience.Tests.dll" adapterTypeName="executor://xunit/VsTestRunner2/netcoreapp" className="BuckScience.Tests.CameraEditVmTests" name="CameraEditVm_SyncSelectionFromDirection_ShouldFindClosestDirection" />
    </UnitTest>
    <UnitTest name="BuckScience.Tests.Application.Profiles.ProfileCrudTests.CreateProfile_ValidData_CreatesProfile" storage="/home/runner/work/buckscienceapp/buckscienceapp/tests/buckscience.tests/bin/debug/net8.0/buckscience.tests.dll" id="9c1cfe7d-bcc9-4b03-b265-ec26ee7c3263">
      <Execution id="c9a6aacf-5e2e-4fc7-9397-ed55ccd08fb1" />
      <TestMethod codeBase="/home/runner/work/BuckScienceApp/BuckScienceApp/tests/BuckScience.Tests/bin/Debug/net8.0/BuckScience.Tests.dll" adapterTypeName="executor://xunit/VsTestRunner2/netcoreapp" className="BuckScience.Tests.Application.Profiles.ProfileCrudTests" name="CreateProfile_ValidData_CreatesProfile" />
    </UnitTest>
    <UnitTest name="BuckScience.Tests.DirectionHelperTests.FromFloat_ShouldFindClosestDirection(degrees: 23, expectedDirection: NE)" storage="/home/runner/work/buckscienceapp/buckscienceapp/tests/buckscience.tests/bin/debug/net8.0/buckscience.tests.dll" id="e180b2c2-7fc8-0f15-5653-0156d254c8c9">
      <Execution id="268bcd1f-a323-41c1-96c1-5d8b45abf020" />
      <TestMethod codeBase="/home/runner/work/BuckScienceApp/BuckScienceApp/tests/BuckScience.Tests/bin/Debug/net8.0/BuckScience.Tests.dll" adapterTypeName="executor://xunit/VsTestRunner2/netcoreapp" className="BuckScience.Tests.DirectionHelperTests" name="FromFloat_ShouldFindClosestDirection" />
    </UnitTest>
    <UnitTest name="BuckScience.Tests.TagCleanupTests.RemoveTagFromPhotos_ShouldKeepTagAndPropertyTag_WhenUsedOnOtherProperties" storage="/home/runner/work/buckscienceapp/buckscienceapp/tests/buckscience.tests/bin/debug/net8.0/buckscience.tests.dll" id="dc5b4323-69df-5b53-04b8-b2edd86e4211">
      <Execution id="c4a71252-2b81-49eb-9f0b-939902319dce" />
      <TestMethod codeBase="/home/runner/work/BuckScienceApp/BuckScienceApp/tests/BuckScience.Tests/bin/Debug/net8.0/BuckScience.Tests.dll" adapterTypeName="executor://xunit/VsTestRunner2/netcoreapp" className="BuckScience.Tests.TagCleanupTests" name="RemoveTagFromPhotos_ShouldKeepTagAndPropertyTag_WhenUsedOnOtherProperties" />
    </UnitTest>
    <UnitTest name="BuckScience.Tests.PhotoPlacementHistoryTests.Photo_WithPlacementHistory_ShouldAssociateCorrectly" storage="/home/runner/work/buckscienceapp/buckscienceapp/tests/buckscience.tests/bin/debug/net8.0/buckscience.tests.dll" id="9e5e4569-9acc-0235-4e91-ee81d67e124e">
      <Execution id="ea1ddbc0-d754-4043-9384-4f723b008a7d" />
      <TestMethod codeBase="/home/runner/work/BuckScienceApp/BuckScienceApp/tests/BuckScience.Tests/bin/Debug/net8.0/BuckScience.Tests.dll" adapterTypeName="executor://xunit/VsTestRunner2/netcoreapp" className="BuckScience.Tests.PhotoPlacementHistoryTests" name="Photo_WithPlacementHistory_ShouldAssociateCorrectly" />
    </UnitTest>
    <UnitTest name="BuckScience.Tests.Application.SeasonMonthMappingServiceTests.SeasonMonthMappingService_Constructor_WithNullDbContext_ThrowsArgumentNullException" storage="/home/runner/work/buckscienceapp/buckscienceapp/tests/buckscience.tests/bin/debug/net8.0/buckscience.tests.dll" id="162f6cfb-c27f-27d9-ae85-1a410ddacc2e">
      <Execution id="25ea776c-273c-485b-80f3-dad454a2c798" />
      <TestMethod codeBase="/home/runner/work/BuckScienceApp/BuckScienceApp/tests/BuckScience.Tests/bin/Debug/net8.0/BuckScience.Tests.dll" adapterTypeName="executor://xunit/VsTestRunner2/netcoreapp" className="BuckScience.Tests.Application.SeasonMonthMappingServiceTests" name="SeasonMonthMappingService_Constructor_WithNullDbContext_ThrowsArgumentNullException" />
    </UnitTest>
    <UnitTest name="BuckScience.Tests.CameraPlacementHistoryTests.CameraPlacementHistory_Duration_ShouldCalculateCorrectly" storage="/home/runner/work/buckscienceapp/buckscienceapp/tests/buckscience.tests/bin/debug/net8.0/buckscience.tests.dll" id="2b043a8d-e346-04e5-47b3-898bfcbeb615">
      <Execution id="135d6759-afda-40b2-97e6-1da10635a335" />
      <TestMethod codeBase="/home/runner/work/BuckScienceApp/BuckScienceApp/tests/BuckScience.Tests/bin/Debug/net8.0/BuckScience.Tests.dll" adapterTypeName="executor://xunit/VsTestRunner2/netcoreapp" className="BuckScience.Tests.CameraPlacementHistoryTests" name="CameraPlacementHistory_Duration_ShouldCalculateCorrectly" />
    </UnitTest>
    <UnitTest name="BuckScience.Tests.PhotoFilteringComprehensiveTests.PhotoFiltering_BackwardCompatibility_WithoutFilters" storage="/home/runner/work/buckscienceapp/buckscienceapp/tests/buckscience.tests/bin/debug/net8.0/buckscience.tests.dll" id="6e95a11c-ba0a-17a5-b618-642e6194107c">
      <Execution id="88795cd4-f1f1-42df-a812-5ca47867fa9e" />
      <TestMethod codeBase="/home/runner/work/BuckScienceApp/BuckScienceApp/tests/BuckScience.Tests/bin/Debug/net8.0/BuckScience.Tests.dll" adapterTypeName="executor://xunit/VsTestRunner2/netcoreapp" className="BuckScience.Tests.PhotoFilteringComprehensiveTests" name="PhotoFiltering_BackwardCompatibility_WithoutFilters" />
    </UnitTest>
    <UnitTest name="BuckScience.Tests.TaggingRequirementsTests.Requirement1_DefaultTags_ShouldBePopulatedByMigration" storage="/home/runner/work/buckscienceapp/buckscienceapp/tests/buckscience.tests/bin/debug/net8.0/buckscience.tests.dll" id="61de09e0-94b0-9094-bdcf-74e56c5800ed">
      <Execution id="47cdd3b5-3bd2-4944-a269-074999b33d2c" />
      <TestMethod codeBase="/home/runner/work/BuckScienceApp/BuckScienceApp/tests/BuckScience.Tests/bin/Debug/net8.0/BuckScience.Tests.dll" adapterTypeName="executor://xunit/VsTestRunner2/netcoreapp" className="BuckScience.Tests.TaggingRequirementsTests" name="Requirement1_DefaultTags_ShouldBePopulatedByMigration" />
    </UnitTest>
    <UnitTest name="BuckScience.Tests.PhotoFiltersTests.PhotoFilters_HasWeatherFilters_ReturnsTrueWhenTemperatureFilterSet" storage="/home/runner/work/buckscienceapp/buckscienceapp/tests/buckscience.tests/bin/debug/net8.0/buckscience.tests.dll" id="ce19e570-cfff-5516-73c5-0c25670038af">
      <Execution id="d0760f8f-5f37-4398-a606-bc72a9ef8ec1" />
      <TestMethod codeBase="/home/runner/work/BuckScienceApp/BuckScienceApp/tests/BuckScience.Tests/bin/Debug/net8.0/BuckScience.Tests.dll" adapterTypeName="executor://xunit/VsTestRunner2/netcoreapp" className="BuckScience.Tests.PhotoFiltersTests" name="PhotoFilters_HasWeatherFilters_ReturnsTrueWhenTemperatureFilterSet" />
    </UnitTest>
    <UnitTest name="BuckScience.Tests.DirectionHelperTests.FromFloat_ShouldReturnCorrectDirection(degrees: 45, expectedDirection: NE)" storage="/home/runner/work/buckscienceapp/buckscienceapp/tests/buckscience.tests/bin/debug/net8.0/buckscience.tests.dll" id="abed9d03-2d03-a6ea-317e-f9cbae3ef978">
      <Execution id="e6027425-f991-4100-8133-f02191074ef4" />
      <TestMethod codeBase="/home/runner/work/BuckScienceApp/BuckScienceApp/tests/BuckScience.Tests/bin/Debug/net8.0/BuckScience.Tests.dll" adapterTypeName="executor://xunit/VsTestRunner2/netcoreapp" className="BuckScience.Tests.DirectionHelperTests" name="FromFloat_ShouldReturnCorrectDirection" />
    </UnitTest>
    <UnitTest name="BuckScience.Tests.CameraEditVmTests.CameraEditVm_ValidationAttributes_ShouldBeApplied" storage="/home/runner/work/buckscienceapp/buckscienceapp/tests/buckscience.tests/bin/debug/net8.0/buckscience.tests.dll" id="def966b3-b198-e5b0-2219-bdde89be7924">
      <Execution id="9de057c5-817e-442b-8fd6-a2cb07e517e3" />
      <TestMethod codeBase="/home/runner/work/BuckScienceApp/BuckScienceApp/tests/BuckScience.Tests/bin/Debug/net8.0/BuckScience.Tests.dll" adapterTypeName="executor://xunit/VsTestRunner2/netcoreapp" className="BuckScience.Tests.CameraEditVmTests" name="CameraEditVm_ValidationAttributes_ShouldBeApplied" />
    </UnitTest>
    <UnitTest name="BuckScience.Tests.TaggingIntegrationTests.CreateProperty_ShouldAutoAssignDefaultTags" storage="/home/runner/work/buckscienceapp/buckscienceapp/tests/buckscience.tests/bin/debug/net8.0/buckscience.tests.dll" id="aac2053d-c1f1-3ae9-c811-84c25975dded">
      <Execution id="a6e44110-679b-44d9-91c9-e251505dc698" />
      <TestMethod codeBase="/home/runner/work/BuckScienceApp/BuckScienceApp/tests/BuckScience.Tests/bin/Debug/net8.0/BuckScience.Tests.dll" adapterTypeName="executor://xunit/VsTestRunner2/netcoreapp" className="BuckScience.Tests.TaggingIntegrationTests" name="CreateProperty_ShouldAutoAssignDefaultTags" />
    </UnitTest>
    <UnitTest name="BuckScience.Tests.Domain.FeatureWeightTests.FeatureWeightHelper_GetDefaultWeight_ReturnsExpectedValues(type: AgCropField, expectedWeight: 0.800000012)" storage="/home/runner/work/buckscienceapp/buckscienceapp/tests/buckscience.tests/bin/debug/net8.0/buckscience.tests.dll" id="abcb8fa3-cd85-2471-5636-a22af31205a3">
      <Execution id="faae1d57-2530-4bb2-90b5-e064f8bb8002" />
      <TestMethod codeBase="/home/runner/work/BuckScienceApp/BuckScienceApp/tests/BuckScience.Tests/bin/Debug/net8.0/BuckScience.Tests.dll" adapterTypeName="executor://xunit/VsTestRunner2/netcoreapp" className="BuckScience.Tests.Domain.FeatureWeightTests" name="FeatureWeightHelper_GetDefaultWeight_ReturnsExpectedValues" />
    </UnitTest>
    <UnitTest name="BuckScience.Tests.Domain.PropertySeasonMonthsOverrideTests.PropertySeasonMonthsOverride_Constructor_WithEmptyMonths_ThrowsArgumentException" storage="/home/runner/work/buckscienceapp/buckscienceapp/tests/buckscience.tests/bin/debug/net8.0/buckscience.tests.dll" id="85f24840-3222-d447-0677-9820b9294533">
      <Execution id="bc96efee-5a63-4c97-9fe9-f6bdccbba9fe" />
      <TestMethod codeBase="/home/runner/work/BuckScienceApp/BuckScienceApp/tests/BuckScience.Tests/bin/Debug/net8.0/BuckScience.Tests.dll" adapterTypeName="executor://xunit/VsTestRunner2/netcoreapp" className="BuckScience.Tests.Domain.PropertySeasonMonthsOverrideTests" name="PropertySeasonMonthsOverride_Constructor_WithEmptyMonths_ThrowsArgumentException" />
    </UnitTest>
    <UnitTest name="BuckScience.Tests.PhotoFilteringUrlExamples.BuildFilters_UrlParameters_ShouldParseCorrectly(urlParams: &quot;windSpeedMin=5&amp;windSpeedMax=15&quot;, expectedTempMin: null, expectedTempMax: null, expectedWindMin: 5, expectedWindMax: 15)" storage="/home/runner/work/buckscienceapp/buckscienceapp/tests/buckscience.tests/bin/debug/net8.0/buckscience.tests.dll" id="0c5da287-efdb-ad86-5a1d-4f909e3eba8c">
      <Execution id="f583d44c-cba0-4d5a-8728-9004fd6dfc29" />
      <TestMethod codeBase="/home/runner/work/BuckScienceApp/BuckScienceApp/tests/BuckScience.Tests/bin/Debug/net8.0/BuckScience.Tests.dll" adapterTypeName="executor://xunit/VsTestRunner2/netcoreapp" className="BuckScience.Tests.PhotoFilteringUrlExamples" name="BuildFilters_UrlParameters_ShouldParseCorrectly" />
    </UnitTest>
    <UnitTest name="BuckScience.Tests.Web.Helpers.WeatherHelpersTests.ConvertMoonPhaseToText_VariousValues_ReturnsCorrectText(phase: 0.84999999999999998, expected: &quot;Waning Crescent&quot;)" storage="/home/runner/work/buckscienceapp/buckscienceapp/tests/buckscience.tests/bin/debug/net8.0/buckscience.tests.dll" id="22d4e883-d516-a3c1-91a6-c6ccca686050">
      <Execution id="5dd1e8c3-895a-4cdb-a9c0-73d3dea5a86b" />
      <TestMethod codeBase="/home/runner/work/BuckScienceApp/BuckScienceApp/tests/BuckScience.Tests/bin/Debug/net8.0/BuckScience.Tests.dll" adapterTypeName="executor://xunit/VsTestRunner2/netcoreapp" className="BuckScience.Tests.Web.Helpers.WeatherHelpersTests" name="ConvertMoonPhaseToText_VariousValues_ReturnsCorrectText" />
    </UnitTest>
    <UnitTest name="BuckScience.Tests.Domain.PropertySeasonMonthsOverrideTests.PropertySeasonMonthsOverride_SetMonths_WithInvalidMonths_ThrowsArgumentOutOfRangeException(invalidMonths: [13])" storage="/home/runner/work/buckscienceapp/buckscienceapp/tests/buckscience.tests/bin/debug/net8.0/buckscience.tests.dll" id="702f6073-82fe-153e-00ca-63e8665d8828">
      <Execution id="82cad17a-00e2-4f48-9488-d783a467c810" />
      <TestMethod codeBase="/home/runner/work/BuckScienceApp/BuckScienceApp/tests/BuckScience.Tests/bin/Debug/net8.0/BuckScience.Tests.dll" adapterTypeName="executor://xunit/VsTestRunner2/netcoreapp" className="BuckScience.Tests.Domain.PropertySeasonMonthsOverrideTests" name="PropertySeasonMonthsOverride_SetMonths_WithInvalidMonths_ThrowsArgumentOutOfRangeException" />
    </UnitTest>
    <UnitTest name="BuckScience.Tests.CameraPlacementHistoryTests.CameraPlacementHistory_EndPlacement_ShouldSetEndDateTime" storage="/home/runner/work/buckscienceapp/buckscienceapp/tests/buckscience.tests/bin/debug/net8.0/buckscience.tests.dll" id="ce7424f3-8800-2916-ce22-d9c4a6a2d917">
      <Execution id="dfcbf493-2a8f-48e6-aa5f-97bd5f9521b8" />
      <TestMethod codeBase="/home/runner/work/BuckScienceApp/BuckScienceApp/tests/BuckScience.Tests/bin/Debug/net8.0/BuckScience.Tests.dll" adapterTypeName="executor://xunit/VsTestRunner2/netcoreapp" className="BuckScience.Tests.CameraPlacementHistoryTests" name="CameraPlacementHistory_EndPlacement_ShouldSetEndDateTime" />
    </UnitTest>
    <UnitTest name="BuckScience.Tests.Domain.MonthsAttributeTests.MonthsAttribute_Constructor_WithAllMonths_SetsAllMonthsCorrectly" storage="/home/runner/work/buckscienceapp/buckscienceapp/tests/buckscience.tests/bin/debug/net8.0/buckscience.tests.dll" id="9e88128c-c893-0f4c-cf4f-ba4eb6951e77">
      <Execution id="e2e09738-ad2a-4c05-b7bc-3a5a23addf85" />
      <TestMethod codeBase="/home/runner/work/BuckScienceApp/BuckScienceApp/tests/BuckScience.Tests/bin/Debug/net8.0/BuckScience.Tests.dll" adapterTypeName="executor://xunit/VsTestRunner2/netcoreapp" className="BuckScience.Tests.Domain.MonthsAttributeTests" name="MonthsAttribute_Constructor_WithAllMonths_SetsAllMonthsCorrectly" />
    </UnitTest>
    <UnitTest name="BuckScience.Tests.Web.Helpers.WeatherHelpersTests.ConvertWindDirectionTextToNumeric_ValidDirections_ReturnsCorrectDegrees(direction: &quot;N&quot;, expected: 0)" storage="/home/runner/work/buckscienceapp/buckscienceapp/tests/buckscience.tests/bin/debug/net8.0/buckscience.tests.dll" id="5c61d628-c74f-c8f0-779e-82c0c2dc77df">
      <Execution id="195d947f-0c7a-447b-8d24-a0cb3bd1d2c0" />
      <TestMethod codeBase="/home/runner/work/BuckScienceApp/BuckScienceApp/tests/BuckScience.Tests/bin/Debug/net8.0/BuckScience.Tests.dll" adapterTypeName="executor://xunit/VsTestRunner2/netcoreapp" className="BuckScience.Tests.Web.Helpers.WeatherHelpersTests" name="ConvertWindDirectionTextToNumeric_ValidDirections_ReturnsCorrectDegrees" />
    </UnitTest>
    <UnitTest name="BuckScience.Tests.WeatherBatchProcessingTests.WeatherBatchProcessing_ShouldMinimizeApiCalls" storage="/home/runner/work/buckscienceapp/buckscienceapp/tests/buckscience.tests/bin/debug/net8.0/buckscience.tests.dll" id="5a1b2923-7867-c9d7-9184-902164877e6b">
      <Execution id="128a1371-f38d-4511-865c-bc9df9ea6aba" />
      <TestMethod codeBase="/home/runner/work/BuckScienceApp/BuckScienceApp/tests/BuckScience.Tests/bin/Debug/net8.0/BuckScience.Tests.dll" adapterTypeName="executor://xunit/VsTestRunner2/netcoreapp" className="BuckScience.Tests.WeatherBatchProcessingTests" name="WeatherBatchProcessing_ShouldMinimizeApiCalls" />
    </UnitTest>
    <UnitTest name="BuckScience.Tests.DirectionHelperTests.FromFloat_ShouldFindClosestDirection(degrees: 360, expectedDirection: N)" storage="/home/runner/work/buckscienceapp/buckscienceapp/tests/buckscience.tests/bin/debug/net8.0/buckscience.tests.dll" id="10354eb4-4c14-dba7-068b-24dcfb475d53">
      <Execution id="23d39531-0e63-42e4-9f05-30e605bef29a" />
      <TestMethod codeBase="/home/runner/work/BuckScienceApp/BuckScienceApp/tests/BuckScience.Tests/bin/Debug/net8.0/BuckScience.Tests.dll" adapterTypeName="executor://xunit/VsTestRunner2/netcoreapp" className="BuckScience.Tests.DirectionHelperTests" name="FromFloat_ShouldFindClosestDirection" />
    </UnitTest>
    <UnitTest name="BuckScience.Tests.Domain.PropertySeasonMonthsOverrideTests.PropertySeasonMonthsOverride_Constructor_WithInvalidMonths_ThrowsArgumentOutOfRangeException(invalidMonths: [13])" storage="/home/runner/work/buckscienceapp/buckscienceapp/tests/buckscience.tests/bin/debug/net8.0/buckscience.tests.dll" id="c77238a9-c057-c0ba-9741-2b480cb950cf">
      <Execution id="1f053a49-e2a8-4880-a977-b1d1e8ebb834" />
      <TestMethod codeBase="/home/runner/work/BuckScienceApp/BuckScienceApp/tests/BuckScience.Tests/bin/Debug/net8.0/BuckScience.Tests.dll" adapterTypeName="executor://xunit/VsTestRunner2/netcoreapp" className="BuckScience.Tests.Domain.PropertySeasonMonthsOverrideTests" name="PropertySeasonMonthsOverride_Constructor_WithInvalidMonths_ThrowsArgumentOutOfRangeException" />
    </UnitTest>
    <UnitTest name="BuckScience.Tests.TaggingIntegrationTests.TagUniqueness_ShouldBeEnforcedCorrectly" storage="/home/runner/work/buckscienceapp/buckscienceapp/tests/buckscience.tests/bin/debug/net8.0/buckscience.tests.dll" id="4e6de647-43c0-2d5e-ffcc-d884e859b7df">
      <Execution id="ec0f8d30-b7f4-494e-9b9a-dd91f28a0b7a" />
      <TestMethod codeBase="/home/runner/work/BuckScienceApp/BuckScienceApp/tests/BuckScience.Tests/bin/Debug/net8.0/BuckScience.Tests.dll" adapterTypeName="executor://xunit/VsTestRunner2/netcoreapp" className="BuckScience.Tests.TaggingIntegrationTests" name="TagUniqueness_ShouldBeEnforcedCorrectly" />
    </UnitTest>
    <UnitTest name="BuckScience.Tests.TaggingSystemTests.SetAsDefaultTag_ShouldSetTagAsDefault" storage="/home/runner/work/buckscienceapp/buckscienceapp/tests/buckscience.tests/bin/debug/net8.0/buckscience.tests.dll" id="5fc7d131-6de1-7ffe-375b-8ea28a5dbcb8">
      <Execution id="4213ee77-c8d6-43ba-bef5-f48c34fbc2eb" />
      <TestMethod codeBase="/home/runner/work/BuckScienceApp/BuckScienceApp/tests/BuckScience.Tests/bin/Debug/net8.0/BuckScience.Tests.dll" adapterTypeName="executor://xunit/VsTestRunner2/netcoreapp" className="BuckScience.Tests.TaggingSystemTests" name="SetAsDefaultTag_ShouldSetTagAsDefault" />
    </UnitTest>
    <UnitTest name="BuckScience.Tests.PhotoUploadIntegrationTests.PhotoUpload_AfterCameraMove_ShouldUseNewPlacement" storage="/home/runner/work/buckscienceapp/buckscienceapp/tests/buckscience.tests/bin/debug/net8.0/buckscience.tests.dll" id="3df0dc6c-72ae-14e2-377c-12e9cf0a4276">
      <Execution id="907ee080-ef9d-4c59-b5bc-f4a5551d6380" />
      <TestMethod codeBase="/home/runner/work/BuckScienceApp/BuckScienceApp/tests/BuckScience.Tests/bin/Debug/net8.0/BuckScience.Tests.dll" adapterTypeName="executor://xunit/VsTestRunner2/netcoreapp" className="BuckScience.Tests.PhotoUploadIntegrationTests" name="PhotoUpload_AfterCameraMove_ShouldUseNewPlacement" />
    </UnitTest>
    <UnitTest name="BuckScience.Tests.TaggingRequirementsTests.Requirement2_PropertyCreation_ShouldAutoAssignDefaultTags" storage="/home/runner/work/buckscienceapp/buckscienceapp/tests/buckscience.tests/bin/debug/net8.0/buckscience.tests.dll" id="62abf167-66b2-7338-5ead-888596c0fffe">
      <Execution id="79a03692-f02a-4c26-9be9-04b6d86eb36f" />
      <TestMethod codeBase="/home/runner/work/BuckScienceApp/BuckScienceApp/tests/BuckScience.Tests/bin/Debug/net8.0/BuckScience.Tests.dll" adapterTypeName="executor://xunit/VsTestRunner2/netcoreapp" className="BuckScience.Tests.TaggingRequirementsTests" name="Requirement2_PropertyCreation_ShouldAutoAssignDefaultTags" />
    </UnitTest>
    <UnitTest name="BuckScience.Tests.Domain.SeasonExtensionsTests.GetDefaultMonths_PostRut_ReturnsCorrectMonths" storage="/home/runner/work/buckscienceapp/buckscienceapp/tests/buckscience.tests/bin/debug/net8.0/buckscience.tests.dll" id="305d09f5-4e54-c015-79c0-ffb75c48bf18">
      <Execution id="33e20022-4e3e-4ad5-b1a5-9ada76b8a40b" />
      <TestMethod codeBase="/home/runner/work/BuckScienceApp/BuckScienceApp/tests/BuckScience.Tests/bin/Debug/net8.0/BuckScience.Tests.dll" adapterTypeName="executor://xunit/VsTestRunner2/netcoreapp" className="BuckScience.Tests.Domain.SeasonExtensionsTests" name="GetDefaultMonths_PostRut_ReturnsCorrectMonths" />
    </UnitTest>
    <UnitTest name="BuckScience.Tests.Web.Helpers.WeatherHelpersTests.ConvertMoonPhaseToText_VariousValues_ReturnsCorrectText(phase: 0.25, expected: &quot;First Quarter&quot;)" storage="/home/runner/work/buckscienceapp/buckscienceapp/tests/buckscience.tests/bin/debug/net8.0/buckscience.tests.dll" id="639a2f8f-de06-aff0-2654-2e863df98d3d">
      <Execution id="594035a9-54ec-401b-9b9f-e2bf231a9f35" />
      <TestMethod codeBase="/home/runner/work/BuckScienceApp/BuckScienceApp/tests/BuckScience.Tests/bin/Debug/net8.0/BuckScience.Tests.dll" adapterTypeName="executor://xunit/VsTestRunner2/netcoreapp" className="BuckScience.Tests.Web.Helpers.WeatherHelpersTests" name="ConvertMoonPhaseToText_VariousValues_ReturnsCorrectText" />
    </UnitTest>
    <UnitTest name="BuckScience.Tests.DirectionHelperTests.GetAllDirections_ShouldReturnAllDirectionsWithCorrectData" storage="/home/runner/work/buckscienceapp/buckscienceapp/tests/buckscience.tests/bin/debug/net8.0/buckscience.tests.dll" id="8bb24e9f-b033-fdc0-7830-bccb21534250">
      <Execution id="3362aedf-16b8-4a07-8786-0eb8c08a3755" />
      <TestMethod codeBase="/home/runner/work/BuckScienceApp/BuckScienceApp/tests/BuckScience.Tests/bin/Debug/net8.0/BuckScience.Tests.dll" adapterTypeName="executor://xunit/VsTestRunner2/netcoreapp" className="BuckScience.Tests.DirectionHelperTests" name="GetAllDirections_ShouldReturnAllDirectionsWithCorrectData" />
    </UnitTest>
    <UnitTest name="BuckScience.Tests.Domain.FeatureWeightTests.FeatureWeightHelper_GetDefaultWeight_ReturnsExpectedValues(type: Saddle, expectedWeight: 0.800000012)" storage="/home/runner/work/buckscienceapp/buckscienceapp/tests/buckscience.tests/bin/debug/net8.0/buckscience.tests.dll" id="a5f21c48-f469-8d11-cd8e-07391ae2a35b">
      <Execution id="87ec8034-a227-4151-92d5-668d60d63303" />
      <TestMethod codeBase="/home/runner/work/BuckScienceApp/BuckScienceApp/tests/BuckScience.Tests/bin/Debug/net8.0/BuckScience.Tests.dll" adapterTypeName="executor://xunit/VsTestRunner2/netcoreapp" className="BuckScience.Tests.Domain.FeatureWeightTests" name="FeatureWeightHelper_GetDefaultWeight_ReturnsExpectedValues" />
    </UnitTest>
    <UnitTest name="BuckScience.Tests.DirectionHelperTests.FromFloat_ShouldFindClosestDirection(degrees: 365, expectedDirection: N)" storage="/home/runner/work/buckscienceapp/buckscienceapp/tests/buckscience.tests/bin/debug/net8.0/buckscience.tests.dll" id="aef446e3-f136-0d0b-1c4f-72b145e6d953">
      <Execution id="b96664e9-c318-4ec1-adfb-d5af65a12ce8" />
      <TestMethod codeBase="/home/runner/work/BuckScienceApp/BuckScienceApp/tests/BuckScience.Tests/bin/Debug/net8.0/BuckScience.Tests.dll" adapterTypeName="executor://xunit/VsTestRunner2/netcoreapp" className="BuckScience.Tests.DirectionHelperTests" name="FromFloat_ShouldFindClosestDirection" />
    </UnitTest>
    <UnitTest name="BuckScience.Tests.Domain.FeatureWeightTests.FeatureWeightHelper_GetCategory_ReturnsCorrectCategory(type: AgCropField, expectedCategory: ResourceFood)" storage="/home/runner/work/buckscienceapp/buckscienceapp/tests/buckscience.tests/bin/debug/net8.0/buckscience.tests.dll" id="e4c14db6-7ddb-4f54-d632-50f949736205">
      <Execution id="75754ded-010f-4f5b-ba32-c7887fabc9b8" />
      <TestMethod codeBase="/home/runner/work/BuckScienceApp/BuckScienceApp/tests/BuckScience.Tests/bin/Debug/net8.0/BuckScience.Tests.dll" adapterTypeName="executor://xunit/VsTestRunner2/netcoreapp" className="BuckScience.Tests.Domain.FeatureWeightTests" name="FeatureWeightHelper_GetCategory_ReturnsCorrectCategory" />
    </UnitTest>
    <UnitTest name="BuckScience.Tests.Web.Helpers.WeatherHelpersTests.ConvertWindDirectionToText_VariousAngles_ReturnsCorrectDirection(degrees: 270, expected: &quot;W&quot;)" storage="/home/runner/work/buckscienceapp/buckscienceapp/tests/buckscience.tests/bin/debug/net8.0/buckscience.tests.dll" id="2eacfbf3-667b-5a8e-52a0-d9d512e960c7">
      <Execution id="57367281-0300-4995-95d7-a0e5d907d4ed" />
      <TestMethod codeBase="/home/runner/work/BuckScienceApp/BuckScienceApp/tests/BuckScience.Tests/bin/Debug/net8.0/BuckScience.Tests.dll" adapterTypeName="executor://xunit/VsTestRunner2/netcoreapp" className="BuckScience.Tests.Web.Helpers.WeatherHelpersTests" name="ConvertWindDirectionToText_VariousAngles_ReturnsCorrectDirection" />
    </UnitTest>
    <UnitTest name="BuckScience.Tests.CameraCreateVmTests.CameraCreateVm_DirectionSync_ShouldWorkForAllDirections(direction: SW, expectedDegrees: 225)" storage="/home/runner/work/buckscienceapp/buckscienceapp/tests/buckscience.tests/bin/debug/net8.0/buckscience.tests.dll" id="386e0330-7309-7b37-24f5-0984d80d3723">
      <Execution id="ede68efb-56a8-42ff-9a7e-b318608dea70" />
      <TestMethod codeBase="/home/runner/work/BuckScienceApp/BuckScienceApp/tests/BuckScience.Tests/bin/Debug/net8.0/BuckScience.Tests.dll" adapterTypeName="executor://xunit/VsTestRunner2/netcoreapp" className="BuckScience.Tests.CameraCreateVmTests" name="CameraCreateVm_DirectionSync_ShouldWorkForAllDirections" />
    </UnitTest>
    <UnitTest name="BuckScience.Tests.Application.PropertyFeatureApplicationTests.CreatePropertyFeature_WithoutWeight_CreatesFeatureWithDefaultWeight" storage="/home/runner/work/buckscienceapp/buckscienceapp/tests/buckscience.tests/bin/debug/net8.0/buckscience.tests.dll" id="ea3e05c1-5c7d-865c-be9d-8f2ae46de9bb">
      <Execution id="87358c7b-66a9-471a-804f-7af77a7b19d2" />
      <TestMethod codeBase="/home/runner/work/BuckScienceApp/BuckScienceApp/tests/BuckScience.Tests/bin/Debug/net8.0/BuckScience.Tests.dll" adapterTypeName="executor://xunit/VsTestRunner2/netcoreapp" className="BuckScience.Tests.Application.PropertyFeatureApplicationTests" name="CreatePropertyFeature_WithoutWeight_CreatesFeatureWithDefaultWeight" />
    </UnitTest>
    <UnitTest name="BuckScience.Tests.PhotoGroupingTests.PhotoGrouping_ShouldGroupByMonthYear" storage="/home/runner/work/buckscienceapp/buckscienceapp/tests/buckscience.tests/bin/debug/net8.0/buckscience.tests.dll" id="7d1b1cf4-8561-5b1e-3cb0-e9438583a7c7">
      <Execution id="e0923753-c2dd-488d-86d9-ce431ca21ad7" />
      <TestMethod codeBase="/home/runner/work/BuckScienceApp/BuckScienceApp/tests/BuckScience.Tests/bin/Debug/net8.0/BuckScience.Tests.dll" adapterTypeName="executor://xunit/VsTestRunner2/netcoreapp" className="BuckScience.Tests.PhotoGroupingTests" name="PhotoGrouping_ShouldGroupByMonthYear" />
    </UnitTest>
    <UnitTest name="BuckScience.Tests.FeatureHelperTests.FeatureIcons_ShouldContainAllClassificationTypes" storage="/home/runner/work/buckscienceapp/buckscienceapp/tests/buckscience.tests/bin/debug/net8.0/buckscience.tests.dll" id="9b597749-8f28-5ece-3f0e-b5bb4e23820c">
      <Execution id="90a3bece-e9bc-4e7a-8d71-20699a96e7ad" />
      <TestMethod codeBase="/home/runner/work/BuckScienceApp/BuckScienceApp/tests/BuckScience.Tests/bin/Debug/net8.0/BuckScience.Tests.dll" adapterTypeName="executor://xunit/VsTestRunner2/netcoreapp" className="BuckScience.Tests.FeatureHelperTests" name="FeatureIcons_ShouldContainAllClassificationTypes" />
    </UnitTest>
    <UnitTest name="BuckScience.Tests.Web.Helpers.WeatherHelpersTests.ConvertWindDirectionTextToNumeric_ValidDirections_ReturnsCorrectDegrees(direction: &quot;SSE&quot;, expected: 157.5)" storage="/home/runner/work/buckscienceapp/buckscienceapp/tests/buckscience.tests/bin/debug/net8.0/buckscience.tests.dll" id="44213f5c-f4e3-7f19-6a5d-6c4a3c8d0dec">
      <Execution id="feaabb41-4624-4212-883e-191c06340dbd" />
      <TestMethod codeBase="/home/runner/work/BuckScienceApp/BuckScienceApp/tests/BuckScience.Tests/bin/Debug/net8.0/BuckScience.Tests.dll" adapterTypeName="executor://xunit/VsTestRunner2/netcoreapp" className="BuckScience.Tests.Web.Helpers.WeatherHelpersTests" name="ConvertWindDirectionTextToNumeric_ValidDirections_ReturnsCorrectDegrees" />
    </UnitTest>
    <UnitTest name="BuckScience.Tests.DirectionHelperTests.FromFloat_ShouldFindClosestDirection(degrees: 22, expectedDirection: N)" storage="/home/runner/work/buckscienceapp/buckscienceapp/tests/buckscience.tests/bin/debug/net8.0/buckscience.tests.dll" id="973ec4a4-75bf-519b-ad67-04ada4756976">
      <Execution id="cc758d76-6e28-45f5-8d26-4f536e507c6a" />
      <TestMethod codeBase="/home/runner/work/BuckScienceApp/BuckScienceApp/tests/BuckScience.Tests/bin/Debug/net8.0/BuckScience.Tests.dll" adapterTypeName="executor://xunit/VsTestRunner2/netcoreapp" className="BuckScience.Tests.DirectionHelperTests" name="FromFloat_ShouldFindClosestDirection" />
    </UnitTest>
    <UnitTest name="BuckScience.Tests.Web.Helpers.WeatherHelpersTests.ConvertWindDirectionToText_VariousAngles_ReturnsCorrectDirection(degrees: 360, expected: &quot;N&quot;)" storage="/home/runner/work/buckscienceapp/buckscienceapp/tests/buckscience.tests/bin/debug/net8.0/buckscience.tests.dll" id="396d4f9b-ac51-22fa-04b5-9956711699f1">
      <Execution id="4e1507b1-05a6-492d-bdfe-510ee78c572f" />
      <TestMethod codeBase="/home/runner/work/BuckScienceApp/BuckScienceApp/tests/BuckScience.Tests/bin/Debug/net8.0/BuckScience.Tests.dll" adapterTypeName="executor://xunit/VsTestRunner2/netcoreapp" className="BuckScience.Tests.Web.Helpers.WeatherHelpersTests" name="ConvertWindDirectionToText_VariousAngles_ReturnsCorrectDirection" />
    </UnitTest>
    <UnitTest name="BuckScience.Tests.Web.Helpers.WeatherHelpersTests.ConvertWindDirectionTextToNumeric_InvalidText_ReturnsNull(direction: &quot;Northeast&quot;)" storage="/home/runner/work/buckscienceapp/buckscienceapp/tests/buckscience.tests/bin/debug/net8.0/buckscience.tests.dll" id="35247ab4-97a5-e557-91c7-742a1f89dba4">
      <Execution id="7696a04d-004e-48e0-9637-d297142484e2" />
      <TestMethod codeBase="/home/runner/work/BuckScienceApp/BuckScienceApp/tests/BuckScience.Tests/bin/Debug/net8.0/BuckScience.Tests.dll" adapterTypeName="executor://xunit/VsTestRunner2/netcoreapp" className="BuckScience.Tests.Web.Helpers.WeatherHelpersTests" name="ConvertWindDirectionTextToNumeric_InvalidText_ReturnsNull" />
    </UnitTest>
    <UnitTest name="BuckScience.Tests.Domain.FeatureWeightTests.FeatureWeightHelper_GetDefaultWeight_ReturnsExpectedValues(type: Waterhole, expectedWeight: 0.800000012)" storage="/home/runner/work/buckscienceapp/buckscienceapp/tests/buckscience.tests/bin/debug/net8.0/buckscience.tests.dll" id="1ccac014-6a4c-a22a-90fa-db21298e0651">
      <Execution id="d39bc40d-5dcf-48d2-ae22-d61fd6f5ee6b" />
      <TestMethod codeBase="/home/runner/work/BuckScienceApp/BuckScienceApp/tests/BuckScience.Tests/bin/Debug/net8.0/BuckScience.Tests.dll" adapterTypeName="executor://xunit/VsTestRunner2/netcoreapp" className="BuckScience.Tests.Domain.FeatureWeightTests" name="FeatureWeightHelper_GetDefaultWeight_ReturnsExpectedValues" />
    </UnitTest>
    <UnitTest name="BuckScience.Tests.Application.FeatureWeights.UpdateDefaultFeatureWeightsTests.UpdateDefaultFeatureWeights_ReturnsFalseForNonExistentProperty" storage="/home/runner/work/buckscienceapp/buckscienceapp/tests/buckscience.tests/bin/debug/net8.0/buckscience.tests.dll" id="51c22198-79c6-8565-1359-1e7a59cd2ad4">
      <Execution id="45610694-903a-410d-b8d5-f3897f51746d" />
      <TestMethod codeBase="/home/runner/work/BuckScienceApp/BuckScienceApp/tests/BuckScience.Tests/bin/Debug/net8.0/BuckScience.Tests.dll" adapterTypeName="executor://xunit/VsTestRunner2/netcoreapp" className="BuckScience.Tests.Application.FeatureWeights.UpdateDefaultFeatureWeightsTests" name="UpdateDefaultFeatureWeights_ReturnsFalseForNonExistentProperty" />
    </UnitTest>
    <UnitTest name="BuckScience.Tests.Domain.MonthsAttributeTests.MonthsAttribute_Constructor_WithSingleMonth_SetsMonthCorrectly" storage="/home/runner/work/buckscienceapp/buckscienceapp/tests/buckscience.tests/bin/debug/net8.0/buckscience.tests.dll" id="615647ea-1f6e-f46b-032e-269c67342efc">
      <Execution id="a4bffd26-693a-4175-9495-298345f969eb" />
      <TestMethod codeBase="/home/runner/work/BuckScienceApp/BuckScienceApp/tests/BuckScience.Tests/bin/Debug/net8.0/BuckScience.Tests.dll" adapterTypeName="executor://xunit/VsTestRunner2/netcoreapp" className="BuckScience.Tests.Domain.MonthsAttributeTests" name="MonthsAttribute_Constructor_WithSingleMonth_SetsMonthCorrectly" />
    </UnitTest>
    <UnitTest name="BuckScience.Tests.PhotoPlacementHistoryTests.Photo_Constructor_ShouldAllowNullCameraPlacementHistoryId" storage="/home/runner/work/buckscienceapp/buckscienceapp/tests/buckscience.tests/bin/debug/net8.0/buckscience.tests.dll" id="827cffd5-57e2-399d-4e16-80e94a843b77">
      <Execution id="12ac364d-089e-4c9b-85aa-ffe2f7aab63a" />
      <TestMethod codeBase="/home/runner/work/BuckScienceApp/BuckScienceApp/tests/BuckScience.Tests/bin/Debug/net8.0/BuckScience.Tests.dll" adapterTypeName="executor://xunit/VsTestRunner2/netcoreapp" className="BuckScience.Tests.PhotoPlacementHistoryTests" name="Photo_Constructor_ShouldAllowNullCameraPlacementHistoryId" />
    </UnitTest>
    <UnitTest name="BuckScience.Tests.Domain.FeatureWeightTests.FeatureWeight_IsCustom_CanBeSetInConstructor" storage="/home/runner/work/buckscienceapp/buckscienceapp/tests/buckscience.tests/bin/debug/net8.0/buckscience.tests.dll" id="520cf6eb-1b87-3f3a-4e2f-2f4e620f4b62">
      <Execution id="f8660e05-cc08-46b3-afac-2d49967355b4" />
      <TestMethod codeBase="/home/runner/work/BuckScienceApp/BuckScienceApp/tests/BuckScience.Tests/bin/Debug/net8.0/BuckScience.Tests.dll" adapterTypeName="executor://xunit/VsTestRunner2/netcoreapp" className="BuckScience.Tests.Domain.FeatureWeightTests" name="FeatureWeight_IsCustom_CanBeSetInConstructor" />
    </UnitTest>
    <UnitTest name="BuckScience.Tests.Domain.SeasonExtensionsTests.GetMonthsForProperty_WithNullProperty_ReturnsDefaultMonths" storage="/home/runner/work/buckscienceapp/buckscienceapp/tests/buckscience.tests/bin/debug/net8.0/buckscience.tests.dll" id="57048c9f-2c1b-ae85-11e6-989795af7a80">
      <Execution id="1736696b-cc70-4c2a-a83f-b1177fea87b7" />
      <TestMethod codeBase="/home/runner/work/BuckScienceApp/BuckScienceApp/tests/BuckScience.Tests/bin/Debug/net8.0/BuckScience.Tests.dll" adapterTypeName="executor://xunit/VsTestRunner2/netcoreapp" className="BuckScience.Tests.Domain.SeasonExtensionsTests" name="GetMonthsForProperty_WithNullProperty_ReturnsDefaultMonths" />
    </UnitTest>
    <UnitTest name="BuckScience.Tests.Application.SeasonMonthMappingServiceTests.SeasonMonthMappingService_CanBeInstantiated_WithValidDbContext" storage="/home/runner/work/buckscienceapp/buckscienceapp/tests/buckscience.tests/bin/debug/net8.0/buckscience.tests.dll" id="7af06183-9c70-25ca-b4dd-507d650d671c">
      <Execution id="e02ad983-93ca-40ee-b285-77bc423e2289" />
      <TestMethod codeBase="/home/runner/work/BuckScienceApp/BuckScienceApp/tests/BuckScience.Tests/bin/Debug/net8.0/BuckScience.Tests.dll" adapterTypeName="executor://xunit/VsTestRunner2/netcoreapp" className="BuckScience.Tests.Application.SeasonMonthMappingServiceTests" name="SeasonMonthMappingService_CanBeInstantiated_WithValidDbContext" />
    </UnitTest>
    <UnitTest name="BuckScience.Tests.Domain.PropertySeasonMonthsOverrideTests.PropertySeasonMonthsOverride_Constructor_WithInvalidPropertyId_ThrowsArgumentOutOfRangeException(invalidPropertyId: -1)" storage="/home/runner/work/buckscienceapp/buckscienceapp/tests/buckscience.tests/bin/debug/net8.0/buckscience.tests.dll" id="5be58517-5610-e8d0-dec2-520046d41b5e">
      <Execution id="934dfb49-a50a-46f0-8ac4-7d0ab1a65334" />
      <TestMethod codeBase="/home/runner/work/BuckScienceApp/BuckScienceApp/tests/BuckScience.Tests/bin/Debug/net8.0/BuckScience.Tests.dll" adapterTypeName="executor://xunit/VsTestRunner2/netcoreapp" className="BuckScience.Tests.Domain.PropertySeasonMonthsOverrideTests" name="PropertySeasonMonthsOverride_Constructor_WithInvalidPropertyId_ThrowsArgumentOutOfRangeException" />
    </UnitTest>
    <UnitTest name="BuckScience.Tests.PropertyTagUpdateTest.TaggingPhoto_ShouldUpdatePropertyTags" storage="/home/runner/work/buckscienceapp/buckscienceapp/tests/buckscience.tests/bin/debug/net8.0/buckscience.tests.dll" id="d9d0929f-95f9-5181-aa9b-10571d330d53">
      <Execution id="8548716c-aa17-4b74-b2ef-6c88076dc290" />
      <TestMethod codeBase="/home/runner/work/BuckScienceApp/BuckScienceApp/tests/BuckScience.Tests/bin/Debug/net8.0/BuckScience.Tests.dll" adapterTypeName="executor://xunit/VsTestRunner2/netcoreapp" className="BuckScience.Tests.PropertyTagUpdateTest" name="TaggingPhoto_ShouldUpdatePropertyTags" />
    </UnitTest>
    <UnitTest name="BuckScience.Tests.Web.Helpers.WeatherHelpersTests.ConvertMoonPhaseToText_VariousValues_ReturnsCorrectText(phase: 0.5, expected: &quot;Full Moon&quot;)" storage="/home/runner/work/buckscienceapp/buckscienceapp/tests/buckscience.tests/bin/debug/net8.0/buckscience.tests.dll" id="8d324366-3662-08e0-9537-a5a51d46bda5">
      <Execution id="ac12c684-fada-47af-aed9-9d75cb6ceba8" />
      <TestMethod codeBase="/home/runner/work/BuckScienceApp/BuckScienceApp/tests/BuckScience.Tests/bin/Debug/net8.0/BuckScience.Tests.dll" adapterTypeName="executor://xunit/VsTestRunner2/netcoreapp" className="BuckScience.Tests.Web.Helpers.WeatherHelpersTests" name="ConvertMoonPhaseToText_VariousValues_ReturnsCorrectText" />
    </UnitTest>
    <UnitTest name="BuckScience.Tests.WeatherConfigurationTests.WeatherApiSettings_ShouldBindFromConfiguration" storage="/home/runner/work/buckscienceapp/buckscienceapp/tests/buckscience.tests/bin/debug/net8.0/buckscience.tests.dll" id="b1a32a5b-bec7-9c13-ecb5-d09eae519281">
      <Execution id="6a8ff572-2f51-4f0b-bd52-aae09d4d6ab6" />
      <TestMethod codeBase="/home/runner/work/BuckScienceApp/BuckScienceApp/tests/BuckScience.Tests/bin/Debug/net8.0/BuckScience.Tests.dll" adapterTypeName="executor://xunit/VsTestRunner2/netcoreapp" className="BuckScience.Tests.WeatherConfigurationTests" name="WeatherApiSettings_ShouldBindFromConfiguration" />
    </UnitTest>
    <UnitTest name="BuckScience.Tests.TaggingRequirementsTests.Requirement2_PhotoTagging_ShouldSupportBulkOperations" storage="/home/runner/work/buckscienceapp/buckscienceapp/tests/buckscience.tests/bin/debug/net8.0/buckscience.tests.dll" id="75db6be7-a24b-fda6-3919-e716d174ed3d">
      <Execution id="cc9e8cae-856c-468d-80b7-f0d32e94c96f" />
      <TestMethod codeBase="/home/runner/work/BuckScienceApp/BuckScienceApp/tests/BuckScience.Tests/bin/Debug/net8.0/BuckScience.Tests.dll" adapterTypeName="executor://xunit/VsTestRunner2/netcoreapp" className="BuckScience.Tests.TaggingRequirementsTests" name="Requirement2_PhotoTagging_ShouldSupportBulkOperations" />
    </UnitTest>
    <UnitTest name="BuckScience.Tests.PhotoFiltersTests.PhotoFilters_AllWeatherRangeFiltersWork" storage="/home/runner/work/buckscienceapp/buckscienceapp/tests/buckscience.tests/bin/debug/net8.0/buckscience.tests.dll" id="13b70763-63fd-f0df-582a-0fb307fcad59">
      <Execution id="1f023f1e-62b9-4579-b126-0dded9acfff8" />
      <TestMethod codeBase="/home/runner/work/BuckScienceApp/BuckScienceApp/tests/BuckScience.Tests/bin/Debug/net8.0/BuckScience.Tests.dll" adapterTypeName="executor://xunit/VsTestRunner2/netcoreapp" className="BuckScience.Tests.PhotoFiltersTests" name="PhotoFilters_AllWeatherRangeFiltersWork" />
    </UnitTest>
    <UnitTest name="BuckScience.Tests.Web.Helpers.WeatherHelpersTests.ConvertWindDirectionToText_VariousAngles_ReturnsCorrectDirection(degrees: 361, expected: &quot;N&quot;)" storage="/home/runner/work/buckscienceapp/buckscienceapp/tests/buckscience.tests/bin/debug/net8.0/buckscience.tests.dll" id="d983931e-3379-4c6a-5c76-852ec2540d36">
      <Execution id="a5754aed-40f3-43dc-877f-d68bd1ee36d6" />
      <TestMethod codeBase="/home/runner/work/BuckScienceApp/BuckScienceApp/tests/BuckScience.Tests/bin/Debug/net8.0/BuckScience.Tests.dll" adapterTypeName="executor://xunit/VsTestRunner2/netcoreapp" className="BuckScience.Tests.Web.Helpers.WeatherHelpersTests" name="ConvertWindDirectionToText_VariousAngles_ReturnsCorrectDirection" />
    </UnitTest>
    <UnitTest name="BuckScience.Tests.TaggingSystemTests.GetOrCreateTag_ShouldThrowException_WhenTagNameIsInvalid(invalidTagName: &quot;   &quot;)" storage="/home/runner/work/buckscienceapp/buckscienceapp/tests/buckscience.tests/bin/debug/net8.0/buckscience.tests.dll" id="6219abff-caed-b73f-a3a3-a932c37fd5fb">
      <Execution id="59a02bc2-553a-4db3-9695-77b6c7bbec1a" />
      <TestMethod codeBase="/home/runner/work/BuckScienceApp/BuckScienceApp/tests/BuckScience.Tests/bin/Debug/net8.0/BuckScience.Tests.dll" adapterTypeName="executor://xunit/VsTestRunner2/netcoreapp" className="BuckScience.Tests.TaggingSystemTests" name="GetOrCreateTag_ShouldThrowException_WhenTagNameIsInvalid" />
    </UnitTest>
    <UnitTest name="BuckScience.Tests.Domain.FeatureWeightTests.FeatureWeight_UpdateUserWeight_UpdatesValueAndTimestamp" storage="/home/runner/work/buckscienceapp/buckscienceapp/tests/buckscience.tests/bin/debug/net8.0/buckscience.tests.dll" id="7ae16dcf-6b89-2e79-9d90-4b5fa9ac7af9">
      <Execution id="86593d09-17fe-4f8d-9a1e-e1e958491de6" />
      <TestMethod codeBase="/home/runner/work/BuckScienceApp/BuckScienceApp/tests/BuckScience.Tests/bin/Debug/net8.0/BuckScience.Tests.dll" adapterTypeName="executor://xunit/VsTestRunner2/netcoreapp" className="BuckScience.Tests.Domain.FeatureWeightTests" name="FeatureWeight_UpdateUserWeight_UpdatesValueAndTimestamp" />
    </UnitTest>
    <UnitTest name="BuckScience.Tests.Web.Helpers.WeatherHelpersTests.ConvertMoonPhaseTextToNumeric_ValidText_ReturnsCorrectValue(text: &quot;Waxing Crescent&quot;, expected: 0.125)" storage="/home/runner/work/buckscienceapp/buckscienceapp/tests/buckscience.tests/bin/debug/net8.0/buckscience.tests.dll" id="7264d755-3cfa-51c2-00b7-8c3c5d03bdbd">
      <Execution id="0c033155-b8dd-4633-ad53-b4546c94ce7d" />
      <TestMethod codeBase="/home/runner/work/BuckScienceApp/BuckScienceApp/tests/BuckScience.Tests/bin/Debug/net8.0/BuckScience.Tests.dll" adapterTypeName="executor://xunit/VsTestRunner2/netcoreapp" className="BuckScience.Tests.Web.Helpers.WeatherHelpersTests" name="ConvertMoonPhaseTextToNumeric_ValidText_ReturnsCorrectValue" />
    </UnitTest>
    <UnitTest name="BuckScience.Tests.TaggingRequirementsTests.Requirement1_DatabaseSchema_ShouldMeetAllSpecifications" storage="/home/runner/work/buckscienceapp/buckscienceapp/tests/buckscience.tests/bin/debug/net8.0/buckscience.tests.dll" id="a7aa3cc0-0ea1-3d0c-3a62-ac5a405bf34e">
      <Execution id="e096af66-05b2-4bd5-af13-b711b0c96576" />
      <TestMethod codeBase="/home/runner/work/BuckScienceApp/BuckScienceApp/tests/BuckScience.Tests/bin/Debug/net8.0/BuckScience.Tests.dll" adapterTypeName="executor://xunit/VsTestRunner2/netcoreapp" className="BuckScience.Tests.TaggingRequirementsTests" name="Requirement1_DatabaseSchema_ShouldMeetAllSpecifications" />
    </UnitTest>
    <UnitTest name="BuckScience.Tests.Application.FeatureWeights.UpdateFeatureWeightsTests.UpdateFeatureWeights_OnlyUpdatesSeasonalWeights_SetsOnlyThatAsCustom" storage="/home/runner/work/buckscienceapp/buckscienceapp/tests/buckscience.tests/bin/debug/net8.0/buckscience.tests.dll" id="7acc5254-e1e8-fc5e-ffbb-a06142942287">
      <Execution id="b776217b-64ab-4d72-8f50-7d60db55f5b9" />
      <TestMethod codeBase="/home/runner/work/BuckScienceApp/BuckScienceApp/tests/BuckScience.Tests/bin/Debug/net8.0/BuckScience.Tests.dll" adapterTypeName="executor://xunit/VsTestRunner2/netcoreapp" className="BuckScience.Tests.Application.FeatureWeights.UpdateFeatureWeightsTests" name="UpdateFeatureWeights_OnlyUpdatesSeasonalWeights_SetsOnlyThatAsCustom" />
    </UnitTest>
    <UnitTest name="BuckScience.Tests.TaggingSystemTests.GetOrCreateTag_ShouldCreateNewTag_WhenTagDoesNotExist" storage="/home/runner/work/buckscienceapp/buckscienceapp/tests/buckscience.tests/bin/debug/net8.0/buckscience.tests.dll" id="f691e718-46df-21d8-be15-dfb8d4456f03">
      <Execution id="4ce3202d-e3b9-42f3-a212-8a0057e8613d" />
      <TestMethod codeBase="/home/runner/work/BuckScienceApp/BuckScienceApp/tests/BuckScience.Tests/bin/Debug/net8.0/BuckScience.Tests.dll" adapterTypeName="executor://xunit/VsTestRunner2/netcoreapp" className="BuckScience.Tests.TaggingSystemTests" name="GetOrCreateTag_ShouldCreateNewTag_WhenTagDoesNotExist" />
    </UnitTest>
    <UnitTest name="BuckScience.Tests.Domain.FeatureWeightTests.FeatureWeight_UpdateUserWeight_WithNullSetsIsCustomToFalse" storage="/home/runner/work/buckscienceapp/buckscienceapp/tests/buckscience.tests/bin/debug/net8.0/buckscience.tests.dll" id="f33495c4-e0d0-5acc-0d2f-99762039f6f2">
      <Execution id="f2ade638-a97f-417f-890d-71b052536454" />
      <TestMethod codeBase="/home/runner/work/BuckScienceApp/BuckScienceApp/tests/BuckScience.Tests/bin/Debug/net8.0/BuckScience.Tests.dll" adapterTypeName="executor://xunit/VsTestRunner2/netcoreapp" className="BuckScience.Tests.Domain.FeatureWeightTests" name="FeatureWeight_UpdateUserWeight_WithNullSetsIsCustomToFalse" />
    </UnitTest>
    <UnitTest name="BuckScience.Tests.PhotoFilteringIntegrationTests.BuildFilters_WithCameraPlacementHistoryIds_ReturnsFiltersWithPlacementHistories" storage="/home/runner/work/buckscienceapp/buckscienceapp/tests/buckscience.tests/bin/debug/net8.0/buckscience.tests.dll" id="64fa6710-678a-0a23-7d5a-26a655d565e8">
      <Execution id="c003d879-fd64-4fd0-8f38-7b206f16a3e6" />
      <TestMethod codeBase="/home/runner/work/BuckScienceApp/BuckScienceApp/tests/BuckScience.Tests/bin/Debug/net8.0/BuckScience.Tests.dll" adapterTypeName="executor://xunit/VsTestRunner2/netcoreapp" className="BuckScience.Tests.PhotoFilteringIntegrationTests" name="BuildFilters_WithCameraPlacementHistoryIds_ReturnsFiltersWithPlacementHistories" />
    </UnitTest>
    <UnitTest name="BuckScience.Tests.Domain.PropertySeasonMonthsOverrideTests.PropertySeasonMonthsOverride_MonthsJson_SerializesCorrectly" storage="/home/runner/work/buckscienceapp/buckscienceapp/tests/buckscience.tests/bin/debug/net8.0/buckscience.tests.dll" id="356cc39e-f096-9eaf-df3c-a4d73a8c57b9">
      <Execution id="cbacd5e7-0980-4403-9819-a26cab821318" />
      <TestMethod codeBase="/home/runner/work/BuckScienceApp/BuckScienceApp/tests/BuckScience.Tests/bin/Debug/net8.0/BuckScience.Tests.dll" adapterTypeName="executor://xunit/VsTestRunner2/netcoreapp" className="BuckScience.Tests.Domain.PropertySeasonMonthsOverrideTests" name="PropertySeasonMonthsOverride_MonthsJson_SerializesCorrectly" />
    </UnitTest>
    <UnitTest name="BuckScience.Tests.DirectionHelperTests.FromFloat_ShouldFindClosestDirection(degrees: 68, expectedDirection: E)" storage="/home/runner/work/buckscienceapp/buckscienceapp/tests/buckscience.tests/bin/debug/net8.0/buckscience.tests.dll" id="e59ff618-3ced-6a2f-d01c-20262e337085">
      <Execution id="6242e682-b8ef-41fc-a209-739ec17f1db1" />
      <TestMethod codeBase="/home/runner/work/BuckScienceApp/BuckScienceApp/tests/BuckScience.Tests/bin/Debug/net8.0/BuckScience.Tests.dll" adapterTypeName="executor://xunit/VsTestRunner2/netcoreapp" className="BuckScience.Tests.DirectionHelperTests" name="FromFloat_ShouldFindClosestDirection" />
    </UnitTest>
    <UnitTest name="BuckScience.Tests.Web.Helpers.WeatherHelpersTests.ConvertMoonPhaseToText_VariousValues_ReturnsCorrectText(phase: 0.10000000000000001, expected: &quot;Waxing Crescent&quot;)" storage="/home/runner/work/buckscienceapp/buckscienceapp/tests/buckscience.tests/bin/debug/net8.0/buckscience.tests.dll" id="31c8774a-1539-0a44-3404-de06d646b468">
      <Execution id="e957d412-1171-47cd-a2f9-dbdbbbd3a448" />
      <TestMethod codeBase="/home/runner/work/BuckScienceApp/BuckScienceApp/tests/BuckScience.Tests/bin/Debug/net8.0/BuckScience.Tests.dll" adapterTypeName="executor://xunit/VsTestRunner2/netcoreapp" className="BuckScience.Tests.Web.Helpers.WeatherHelpersTests" name="ConvertMoonPhaseToText_VariousValues_ReturnsCorrectText" />
    </UnitTest>
    <UnitTest name="BuckScience.Tests.Domain.PropertyFeatureTests.Constructor_AllParameters_SetsAllPropertiesCorrectly" storage="/home/runner/work/buckscienceapp/buckscienceapp/tests/buckscience.tests/bin/debug/net8.0/buckscience.tests.dll" id="5c035d64-72fa-5f12-cc21-1e89e4c3e9b9">
      <Execution id="6535487b-7d0e-4cdb-893d-6024d339e54f" />
      <TestMethod codeBase="/home/runner/work/BuckScienceApp/BuckScienceApp/tests/BuckScience.Tests/bin/Debug/net8.0/BuckScience.Tests.dll" adapterTypeName="executor://xunit/VsTestRunner2/netcoreapp" className="BuckScience.Tests.Domain.PropertyFeatureTests" name="Constructor_AllParameters_SetsAllPropertiesCorrectly" />
    </UnitTest>
    <UnitTest name="BuckScience.Tests.CameraDetailsVmTests.CameraDetailsVm_ShouldHaveAllRequiredProperties" storage="/home/runner/work/buckscienceapp/buckscienceapp/tests/buckscience.tests/bin/debug/net8.0/buckscience.tests.dll" id="22960b58-9cb3-5bbf-01a8-8b59f0364e15">
      <Execution id="d47b104e-06da-4173-81ef-a660e19fe105" />
      <TestMethod codeBase="/home/runner/work/BuckScienceApp/BuckScienceApp/tests/BuckScience.Tests/bin/Debug/net8.0/BuckScience.Tests.dll" adapterTypeName="executor://xunit/VsTestRunner2/netcoreapp" className="BuckScience.Tests.CameraDetailsVmTests" name="CameraDetailsVm_ShouldHaveAllRequiredProperties" />
    </UnitTest>
    <UnitTest name="BuckScience.Tests.Domain.MonthsAttributeTests.MonthsAttribute_Constructor_WithMixedValidAndInvalidMonths_ThrowsArgumentOutOfRangeException" storage="/home/runner/work/buckscienceapp/buckscienceapp/tests/buckscience.tests/bin/debug/net8.0/buckscience.tests.dll" id="40701e53-787e-9af9-e51e-796a4964c5fd">
      <Execution id="fc3a90b5-0743-4b16-8649-14025322f478" />
      <TestMethod codeBase="/home/runner/work/BuckScienceApp/BuckScienceApp/tests/BuckScience.Tests/bin/Debug/net8.0/BuckScience.Tests.dll" adapterTypeName="executor://xunit/VsTestRunner2/netcoreapp" className="BuckScience.Tests.Domain.MonthsAttributeTests" name="MonthsAttribute_Constructor_WithMixedValidAndInvalidMonths_ThrowsArgumentOutOfRangeException" />
    </UnitTest>
    <UnitTest name="BuckScience.Tests.Web.Helpers.WeatherHelpersTests.ConvertWindDirectionTextToNumeric_InvalidText_ReturnsNull(direction: &quot;   &quot;)" storage="/home/runner/work/buckscienceapp/buckscienceapp/tests/buckscience.tests/bin/debug/net8.0/buckscience.tests.dll" id="ec065801-9998-c7ce-5285-3fe14e38cdac">
      <Execution id="eaadd7d5-d11e-4bf7-861b-ea91d969e809" />
      <TestMethod codeBase="/home/runner/work/BuckScienceApp/BuckScienceApp/tests/BuckScience.Tests/bin/Debug/net8.0/BuckScience.Tests.dll" adapterTypeName="executor://xunit/VsTestRunner2/netcoreapp" className="BuckScience.Tests.Web.Helpers.WeatherHelpersTests" name="ConvertWindDirectionTextToNumeric_InvalidText_ReturnsNull" />
    </UnitTest>
    <UnitTest name="BuckScience.Tests.PhotoFilteringIntegrationTests.BuildFilters_WithDateRange_ReturnsFiltersWithDates" storage="/home/runner/work/buckscienceapp/buckscienceapp/tests/buckscience.tests/bin/debug/net8.0/buckscience.tests.dll" id="c900e632-ca6a-8d11-765e-c59876f4f7f8">
      <Execution id="b0a87724-4574-4993-a2e1-98430aa5fda9" />
      <TestMethod codeBase="/home/runner/work/BuckScienceApp/BuckScienceApp/tests/BuckScience.Tests/bin/Debug/net8.0/BuckScience.Tests.dll" adapterTypeName="executor://xunit/VsTestRunner2/netcoreapp" className="BuckScience.Tests.PhotoFilteringIntegrationTests" name="BuildFilters_WithDateRange_ReturnsFiltersWithDates" />
    </UnitTest>
    <UnitTest name="BuckScience.Tests.Domain.MonthsAttributeTests.MonthsAttribute_Constructor_WithBoundaryValidMonths_SetsMonthsCorrectly(month: 1)" storage="/home/runner/work/buckscienceapp/buckscienceapp/tests/buckscience.tests/bin/debug/net8.0/buckscience.tests.dll" id="75b50791-58b3-a264-c6bb-b7e6f52f0f9b">
      <Execution id="b2370fa7-83df-4cbd-8b0f-b96bf5636dc8" />
      <TestMethod codeBase="/home/runner/work/BuckScienceApp/BuckScienceApp/tests/BuckScience.Tests/bin/Debug/net8.0/BuckScience.Tests.dll" adapterTypeName="executor://xunit/VsTestRunner2/netcoreapp" className="BuckScience.Tests.Domain.MonthsAttributeTests" name="MonthsAttribute_Constructor_WithBoundaryValidMonths_SetsMonthsCorrectly" />
    </UnitTest>
    <UnitTest name="BuckScience.Tests.Web.Helpers.WeatherHelpersTests.ConvertWindDirectionToText_VariousAngles_ReturnsCorrectDirection(degrees: 45, expected: &quot;NE&quot;)" storage="/home/runner/work/buckscienceapp/buckscienceapp/tests/buckscience.tests/bin/debug/net8.0/buckscience.tests.dll" id="1798213c-35a3-cbbc-3a0a-8843aace427d">
      <Execution id="d212de7c-b57c-4840-9fb2-baa6a3775cb5" />
      <TestMethod codeBase="/home/runner/work/BuckScienceApp/BuckScienceApp/tests/BuckScience.Tests/bin/Debug/net8.0/BuckScience.Tests.dll" adapterTypeName="executor://xunit/VsTestRunner2/netcoreapp" className="BuckScience.Tests.Web.Helpers.WeatherHelpersTests" name="ConvertWindDirectionToText_VariousAngles_ReturnsCorrectDirection" />
    </UnitTest>
    <UnitTest name="BuckScience.Tests.Domain.PropertyFeatureTests.SetWeight_WithNull_SetsWeightToNull" storage="/home/runner/work/buckscienceapp/buckscienceapp/tests/buckscience.tests/bin/debug/net8.0/buckscience.tests.dll" id="6a32519d-0b48-1a74-f23b-101b1449f4f4">
      <Execution id="9dbba925-e837-4ed2-b75a-4e7aaa91cff5" />
      <TestMethod codeBase="/home/runner/work/BuckScienceApp/BuckScienceApp/tests/BuckScience.Tests/bin/Debug/net8.0/BuckScience.Tests.dll" adapterTypeName="executor://xunit/VsTestRunner2/netcoreapp" className="BuckScience.Tests.Domain.PropertyFeatureTests" name="SetWeight_WithNull_SetsWeightToNull" />
    </UnitTest>
    <UnitTest name="BuckScience.Tests.Web.Helpers.WeatherHelpersTests.ConvertWindDirectionTextToNumeric_ValidDirections_ReturnsCorrectDegrees(direction: &quot;ENE&quot;, expected: 67.5)" storage="/home/runner/work/buckscienceapp/buckscienceapp/tests/buckscience.tests/bin/debug/net8.0/buckscience.tests.dll" id="226e9057-54c6-53d9-d48c-5a3aaedbb305">
      <Execution id="8fc40e07-6c58-4286-b58d-f52ec0836cfd" />
      <TestMethod codeBase="/home/runner/work/BuckScienceApp/BuckScienceApp/tests/BuckScience.Tests/bin/Debug/net8.0/BuckScience.Tests.dll" adapterTypeName="executor://xunit/VsTestRunner2/netcoreapp" className="BuckScience.Tests.Web.Helpers.WeatherHelpersTests" name="ConvertWindDirectionTextToNumeric_ValidDirections_ReturnsCorrectDegrees" />
    </UnitTest>
    <UnitTest name="BuckScience.Tests.FeatureHelperTests.GetCategory_ShouldReturnCorrectCategoryForWaterResources" storage="/home/runner/work/buckscienceapp/buckscienceapp/tests/buckscience.tests/bin/debug/net8.0/buckscience.tests.dll" id="fb1e59a0-19c5-d0be-0d94-4bf533d92746">
      <Execution id="14c38be8-74b5-49f1-890b-abd046c970c1" />
      <TestMethod codeBase="/home/runner/work/BuckScienceApp/BuckScienceApp/tests/BuckScience.Tests/bin/Debug/net8.0/BuckScience.Tests.dll" adapterTypeName="executor://xunit/VsTestRunner2/netcoreapp" className="BuckScience.Tests.FeatureHelperTests" name="GetCategory_ShouldReturnCorrectCategoryForWaterResources" />
    </UnitTest>
    <UnitTest name="BuckScience.Tests.CameraEditVmTests.CameraEditVm_SyncDirectionFromSelection_ShouldUpdateDirectionDegrees" storage="/home/runner/work/buckscienceapp/buckscienceapp/tests/buckscience.tests/bin/debug/net8.0/buckscience.tests.dll" id="e5846600-5bfc-193d-66eb-f1933de5487e">
      <Execution id="048db8f2-f654-4973-9f2c-47430641bcf8" />
      <TestMethod codeBase="/home/runner/work/BuckScienceApp/BuckScienceApp/tests/BuckScience.Tests/bin/Debug/net8.0/BuckScience.Tests.dll" adapterTypeName="executor://xunit/VsTestRunner2/netcoreapp" className="BuckScience.Tests.CameraEditVmTests" name="CameraEditVm_SyncDirectionFromSelection_ShouldUpdateDirectionDegrees" />
    </UnitTest>
    <UnitTest name="BuckScience.Tests.Domain.FeatureWeightTests.FeatureWeight_ResetToDefault_ClearsCustomizations" storage="/home/runner/work/buckscienceapp/buckscienceapp/tests/buckscience.tests/bin/debug/net8.0/buckscience.tests.dll" id="5def33b1-c62c-99fb-8bf7-753117f8b16e">
      <Execution id="e7c74a88-5b4c-46c9-ab2c-26cdc500d61f" />
      <TestMethod codeBase="/home/runner/work/BuckScienceApp/BuckScienceApp/tests/BuckScience.Tests/bin/Debug/net8.0/BuckScience.Tests.dll" adapterTypeName="executor://xunit/VsTestRunner2/netcoreapp" className="BuckScience.Tests.Domain.FeatureWeightTests" name="FeatureWeight_ResetToDefault_ClearsCustomizations" />
    </UnitTest>
    <UnitTest name="BuckScience.Tests.Domain.PropertySeasonMonthsOverrideTests.PropertySeasonMonthsOverride_Constructor_WithInvalidMonths_ThrowsArgumentOutOfRangeException(invalidMonths: [1, 13])" storage="/home/runner/work/buckscienceapp/buckscienceapp/tests/buckscience.tests/bin/debug/net8.0/buckscience.tests.dll" id="343fd73e-33e0-a251-14f5-344e69186a31">
      <Execution id="22918a25-9ea4-4d2c-b4f8-4186ba3630ae" />
      <TestMethod codeBase="/home/runner/work/BuckScienceApp/BuckScienceApp/tests/BuckScience.Tests/bin/Debug/net8.0/BuckScience.Tests.dll" adapterTypeName="executor://xunit/VsTestRunner2/netcoreapp" className="BuckScience.Tests.Domain.PropertySeasonMonthsOverrideTests" name="PropertySeasonMonthsOverride_Constructor_WithInvalidMonths_ThrowsArgumentOutOfRangeException" />
    </UnitTest>
    <UnitTest name="BuckScience.Tests.DirectionHelperTests.FromFloat_ShouldReturnCorrectDirection(degrees: 315, expectedDirection: NW)" storage="/home/runner/work/buckscienceapp/buckscienceapp/tests/buckscience.tests/bin/debug/net8.0/buckscience.tests.dll" id="d269bbab-e11e-9189-e523-cf92a42762f7">
      <Execution id="3cdee452-bc28-4cdc-ae07-9c633c51fbcb" />
      <TestMethod codeBase="/home/runner/work/BuckScienceApp/BuckScienceApp/tests/BuckScience.Tests/bin/Debug/net8.0/BuckScience.Tests.dll" adapterTypeName="executor://xunit/VsTestRunner2/netcoreapp" className="BuckScience.Tests.DirectionHelperTests" name="FromFloat_ShouldReturnCorrectDirection" />
    </UnitTest>
    <UnitTest name="BuckScience.Tests.CameraDetailsVmTests.CameraDetailsVm_ShouldAllowNullModel" storage="/home/runner/work/buckscienceapp/buckscienceapp/tests/buckscience.tests/bin/debug/net8.0/buckscience.tests.dll" id="4103318d-2de0-6e72-8544-27607329cbb3">
      <Execution id="84ccbfda-88c7-4b9f-9624-635067a7e7eb" />
      <TestMethod codeBase="/home/runner/work/BuckScienceApp/BuckScienceApp/tests/BuckScience.Tests/bin/Debug/net8.0/BuckScience.Tests.dll" adapterTypeName="executor://xunit/VsTestRunner2/netcoreapp" className="BuckScience.Tests.CameraDetailsVmTests" name="CameraDetailsVm_ShouldAllowNullModel" />
    </UnitTest>
    <UnitTest name="BuckScience.Tests.FeatureHelperTests.GetFeatureDescription_ShouldReturnCorrectDescriptions" storage="/home/runner/work/buckscienceapp/buckscienceapp/tests/buckscience.tests/bin/debug/net8.0/buckscience.tests.dll" id="42292f25-9e9f-80d8-c32a-5aae5cd0c643">
      <Execution id="d0642876-a02b-4858-92a9-b9b6d697460a" />
      <TestMethod codeBase="/home/runner/work/BuckScienceApp/BuckScienceApp/tests/BuckScience.Tests/bin/Debug/net8.0/BuckScience.Tests.dll" adapterTypeName="executor://xunit/VsTestRunner2/netcoreapp" className="BuckScience.Tests.FeatureHelperTests" name="GetFeatureDescription_ShouldReturnCorrectDescriptions" />
    </UnitTest>
    <UnitTest name="BuckScience.Tests.Domain.FeatureWeightTests.FeatureWeight_UpdateUserWeight_SetsIsCustomToTrue" storage="/home/runner/work/buckscienceapp/buckscienceapp/tests/buckscience.tests/bin/debug/net8.0/buckscience.tests.dll" id="8c01a8cb-2ffc-5487-6da3-7bc37c88340c">
      <Execution id="df7aa79c-7c51-4db5-be16-ca3bb23bae5f" />
      <TestMethod codeBase="/home/runner/work/BuckScienceApp/BuckScienceApp/tests/BuckScience.Tests/bin/Debug/net8.0/BuckScience.Tests.dll" adapterTypeName="executor://xunit/VsTestRunner2/netcoreapp" className="BuckScience.Tests.Domain.FeatureWeightTests" name="FeatureWeight_UpdateUserWeight_SetsIsCustomToTrue" />
    </UnitTest>
    <UnitTest name="BuckScience.Tests.TaggingSystemTests.GetOrCreateTag_ShouldThrowException_WhenTagNameIsInvalid(invalidTagName: null)" storage="/home/runner/work/buckscienceapp/buckscienceapp/tests/buckscience.tests/bin/debug/net8.0/buckscience.tests.dll" id="1335073e-5183-6141-99f1-caaa61dc86f4">
      <Execution id="e9f97c86-1135-45a2-ba38-400c5cc84b52" />
      <TestMethod codeBase="/home/runner/work/BuckScienceApp/BuckScienceApp/tests/BuckScience.Tests/bin/Debug/net8.0/BuckScience.Tests.dll" adapterTypeName="executor://xunit/VsTestRunner2/netcoreapp" className="BuckScience.Tests.TaggingSystemTests" name="GetOrCreateTag_ShouldThrowException_WhenTagNameIsInvalid" />
    </UnitTest>
    <UnitTest name="BuckScience.Tests.FeatureHelperTests.GetCategory_ShouldReturnOtherForOtherType" storage="/home/runner/work/buckscienceapp/buckscienceapp/tests/buckscience.tests/bin/debug/net8.0/buckscience.tests.dll" id="93232e33-f6c8-82c0-b755-94e963fff023">
      <Execution id="d00b9e5d-eed3-450f-8154-c26a928aad57" />
      <TestMethod codeBase="/home/runner/work/BuckScienceApp/BuckScienceApp/tests/BuckScience.Tests/bin/Debug/net8.0/BuckScience.Tests.dll" adapterTypeName="executor://xunit/VsTestRunner2/netcoreapp" className="BuckScience.Tests.FeatureHelperTests" name="GetCategory_ShouldReturnOtherForOtherType" />
    </UnitTest>
    <UnitTest name="BuckScience.Tests.TaggingRequirementsTests.Requirement2_NewTagCreation_ShouldBeSupported" storage="/home/runner/work/buckscienceapp/buckscienceapp/tests/buckscience.tests/bin/debug/net8.0/buckscience.tests.dll" id="ddd7ef0f-f8d8-3f23-14c1-c969cc917d3a">
      <Execution id="6a3055ad-ba8a-47b0-a829-bad96311c128" />
      <TestMethod codeBase="/home/runner/work/BuckScienceApp/BuckScienceApp/tests/BuckScience.Tests/bin/Debug/net8.0/BuckScience.Tests.dll" adapterTypeName="executor://xunit/VsTestRunner2/netcoreapp" className="BuckScience.Tests.TaggingRequirementsTests" name="Requirement2_NewTagCreation_ShouldBeSupported" />
    </UnitTest>
    <UnitTest name="BuckScience.Tests.Domain.FeatureWeightTests.FeatureWeightHelper_GetCategory_ReturnsCorrectCategory(type: Ridge, expectedCategory: Topographical)" storage="/home/runner/work/buckscienceapp/buckscienceapp/tests/buckscience.tests/bin/debug/net8.0/buckscience.tests.dll" id="3101a1d2-70b0-545d-5f32-eb96f6803b5f">
      <Execution id="d9d29531-bbaa-468b-97b7-3298ef56f8b0" />
      <TestMethod codeBase="/home/runner/work/BuckScienceApp/BuckScienceApp/tests/BuckScience.Tests/bin/Debug/net8.0/BuckScience.Tests.dll" adapterTypeName="executor://xunit/VsTestRunner2/netcoreapp" className="BuckScience.Tests.Domain.FeatureWeightTests" name="FeatureWeightHelper_GetCategory_ReturnsCorrectCategory" />
    </UnitTest>
    <UnitTest name="BuckScience.Tests.Web.Helpers.WeatherHelpersTests.ConvertMoonPhaseToText_VariousValues_ReturnsCorrectText(phase: 0.98999999999999999, expected: &quot;New Moon&quot;)" storage="/home/runner/work/buckscienceapp/buckscienceapp/tests/buckscience.tests/bin/debug/net8.0/buckscience.tests.dll" id="46016c60-0720-f808-02e7-68fa8d4036c4">
      <Execution id="f23b7b61-4c0e-4dd6-b478-22b84b331d58" />
      <TestMethod codeBase="/home/runner/work/BuckScienceApp/BuckScienceApp/tests/BuckScience.Tests/bin/Debug/net8.0/BuckScience.Tests.dll" adapterTypeName="executor://xunit/VsTestRunner2/netcoreapp" className="BuckScience.Tests.Web.Helpers.WeatherHelpersTests" name="ConvertMoonPhaseToText_VariousValues_ReturnsCorrectText" />
    </UnitTest>
    <UnitTest name="BuckScience.Tests.PhotoFilteringComprehensiveTests.CameraOption_PropertiesWork" storage="/home/runner/work/buckscienceapp/buckscienceapp/tests/buckscience.tests/bin/debug/net8.0/buckscience.tests.dll" id="17d2bd4a-a575-7ccc-1676-102dfc4795d6">
      <Execution id="532d529d-709e-4827-a7ba-8b15961c40f1" />
      <TestMethod codeBase="/home/runner/work/BuckScienceApp/BuckScienceApp/tests/BuckScience.Tests/bin/Debug/net8.0/BuckScience.Tests.dll" adapterTypeName="executor://xunit/VsTestRunner2/netcoreapp" className="BuckScience.Tests.PhotoFilteringComprehensiveTests" name="CameraOption_PropertiesWork" />
    </UnitTest>
    <UnitTest name="BuckScience.Tests.Web.Helpers.WeatherHelpersTests.ConvertMoonPhaseTextToNumeric_ValidText_ReturnsCorrectValue(text: &quot;New Moon&quot;, expected: 0)" storage="/home/runner/work/buckscienceapp/buckscienceapp/tests/buckscience.tests/bin/debug/net8.0/buckscience.tests.dll" id="29048f6b-b73b-a720-ef94-9f27a4540f3c">
      <Execution id="0963f58f-e506-45e8-9076-2bcf6957bc4b" />
      <TestMethod codeBase="/home/runner/work/BuckScienceApp/BuckScienceApp/tests/BuckScience.Tests/bin/Debug/net8.0/BuckScience.Tests.dll" adapterTypeName="executor://xunit/VsTestRunner2/netcoreapp" className="BuckScience.Tests.Web.Helpers.WeatherHelpersTests" name="ConvertMoonPhaseTextToNumeric_ValidText_ReturnsCorrectValue" />
    </UnitTest>
    <UnitTest name="BuckScience.Tests.Web.Helpers.WeatherHelpersTests.ConvertWindDirectionTextToNumeric_ValidDirections_ReturnsCorrectDegrees(direction: &quot;NNW&quot;, expected: 337.5)" storage="/home/runner/work/buckscienceapp/buckscienceapp/tests/buckscience.tests/bin/debug/net8.0/buckscience.tests.dll" id="d3a4b1bb-6aeb-d30b-4b3c-0f1cdc5eac6e">
      <Execution id="f887311a-b47d-4799-ae7b-d7b72a457dc7" />
      <TestMethod codeBase="/home/runner/work/BuckScienceApp/BuckScienceApp/tests/BuckScience.Tests/bin/Debug/net8.0/BuckScience.Tests.dll" adapterTypeName="executor://xunit/VsTestRunner2/netcoreapp" className="BuckScience.Tests.Web.Helpers.WeatherHelpersTests" name="ConvertWindDirectionTextToNumeric_ValidDirections_ReturnsCorrectDegrees" />
    </UnitTest>
    <UnitTest name="BuckScience.Tests.CameraCreateVmTests.CameraCreateVm_DirectionSync_ShouldWorkForAllDirections(direction: NW, expectedDegrees: 315)" storage="/home/runner/work/buckscienceapp/buckscienceapp/tests/buckscience.tests/bin/debug/net8.0/buckscience.tests.dll" id="be34b3ae-4d99-48a5-415d-a9f5ba8821a1">
      <Execution id="48df3dca-ea50-480e-918a-a110a4deeacd" />
      <TestMethod codeBase="/home/runner/work/BuckScienceApp/BuckScienceApp/tests/BuckScience.Tests/bin/Debug/net8.0/BuckScience.Tests.dll" adapterTypeName="executor://xunit/VsTestRunner2/netcoreapp" className="BuckScience.Tests.CameraCreateVmTests" name="CameraCreateVm_DirectionSync_ShouldWorkForAllDirections" />
    </UnitTest>
    <UnitTest name="BuckScience.Tests.Web.Helpers.WeatherHelpersTests.ConvertWindDirectionToText_VariousAngles_ReturnsCorrectDirection(degrees: 180, expected: &quot;S&quot;)" storage="/home/runner/work/buckscienceapp/buckscienceapp/tests/buckscience.tests/bin/debug/net8.0/buckscience.tests.dll" id="4018bd47-d5cd-e85a-b6de-7760e129dafa">
      <Execution id="9bcbeade-eb88-4c13-9908-b7f83e61cd43" />
      <TestMethod codeBase="/home/runner/work/BuckScienceApp/BuckScienceApp/tests/BuckScience.Tests/bin/Debug/net8.0/BuckScience.Tests.dll" adapterTypeName="executor://xunit/VsTestRunner2/netcoreapp" className="BuckScience.Tests.Web.Helpers.WeatherHelpersTests" name="ConvertWindDirectionToText_VariousAngles_ReturnsCorrectDirection" />
    </UnitTest>
    <UnitTest name="BuckScience.Tests.Application.FeatureWeights.UpdateDefaultFeatureWeightsTests.UpdateDefaultFeatureWeights_UpdatesDefaultWeightsCorrectly" storage="/home/runner/work/buckscienceapp/buckscienceapp/tests/buckscience.tests/bin/debug/net8.0/buckscience.tests.dll" id="596b7c00-efcf-3d4d-3dbb-d2705ed5b371">
      <Execution id="cba56b41-75a8-439b-96a8-d955ffd5eb4b" />
      <TestMethod codeBase="/home/runner/work/BuckScienceApp/BuckScienceApp/tests/BuckScience.Tests/bin/Debug/net8.0/BuckScience.Tests.dll" adapterTypeName="executor://xunit/VsTestRunner2/netcoreapp" className="BuckScience.Tests.Application.FeatureWeights.UpdateDefaultFeatureWeightsTests" name="UpdateDefaultFeatureWeights_UpdatesDefaultWeightsCorrectly" />
    </UnitTest>
    <UnitTest name="BuckScience.Tests.Web.Helpers.WeatherHelpersTests.ConvertWindDirectionToText_VariousAngles_ReturnsCorrectDirection(degrees: 0, expected: &quot;N&quot;)" storage="/home/runner/work/buckscienceapp/buckscienceapp/tests/buckscience.tests/bin/debug/net8.0/buckscience.tests.dll" id="d158f051-212f-d40f-0819-bf99fbd314c0">
      <Execution id="31a9dbbf-1eb6-4566-814d-968d9cb099cc" />
      <TestMethod codeBase="/home/runner/work/BuckScienceApp/BuckScienceApp/tests/BuckScience.Tests/bin/Debug/net8.0/BuckScience.Tests.dll" adapterTypeName="executor://xunit/VsTestRunner2/netcoreapp" className="BuckScience.Tests.Web.Helpers.WeatherHelpersTests" name="ConvertWindDirectionToText_VariousAngles_ReturnsCorrectDirection" />
    </UnitTest>
    <UnitTest name="BuckScience.Tests.PhotoGroupingTests.CameraPhotoGrouping_ShouldGroupByMonthYear" storage="/home/runner/work/buckscienceapp/buckscienceapp/tests/buckscience.tests/bin/debug/net8.0/buckscience.tests.dll" id="fa20158d-fb5e-8e7a-f1da-aa0a1eb9ba5a">
      <Execution id="75cd2777-989d-471a-8212-024c5662d7a0" />
      <TestMethod codeBase="/home/runner/work/BuckScienceApp/BuckScienceApp/tests/BuckScience.Tests/bin/Debug/net8.0/BuckScience.Tests.dll" adapterTypeName="executor://xunit/VsTestRunner2/netcoreapp" className="BuckScience.Tests.PhotoGroupingTests" name="CameraPhotoGrouping_ShouldGroupByMonthYear" />
    </UnitTest>
    <UnitTest name="BuckScience.Tests.Web.Helpers.WeatherHelpersTests.ConvertWindDirectionTextToNumeric_ValidDirections_ReturnsCorrectDegrees(direction: &quot;SE&quot;, expected: 135)" storage="/home/runner/work/buckscienceapp/buckscienceapp/tests/buckscience.tests/bin/debug/net8.0/buckscience.tests.dll" id="c91192db-21fb-4e08-e57b-721298eb140d">
      <Execution id="a4168c8c-449a-485e-a220-d8f128fff019" />
      <TestMethod codeBase="/home/runner/work/BuckScienceApp/BuckScienceApp/tests/BuckScience.Tests/bin/Debug/net8.0/BuckScience.Tests.dll" adapterTypeName="executor://xunit/VsTestRunner2/netcoreapp" className="BuckScience.Tests.Web.Helpers.WeatherHelpersTests" name="ConvertWindDirectionTextToNumeric_ValidDirections_ReturnsCorrectDegrees" />
    </UnitTest>
    <UnitTest name="BuckScience.Tests.Domain.SeasonExtensionsTests.GetDefaultMonths_PreRut_ReturnsCorrectMonths" storage="/home/runner/work/buckscienceapp/buckscienceapp/tests/buckscience.tests/bin/debug/net8.0/buckscience.tests.dll" id="4e409710-7600-d8ec-3aaf-52ff72372913">
      <Execution id="530e360a-a6b0-49c8-98d1-90521c3d9828" />
      <TestMethod codeBase="/home/runner/work/BuckScienceApp/BuckScienceApp/tests/BuckScience.Tests/bin/Debug/net8.0/BuckScience.Tests.dll" adapterTypeName="executor://xunit/VsTestRunner2/netcoreapp" className="BuckScience.Tests.Domain.SeasonExtensionsTests" name="GetDefaultMonths_PreRut_ReturnsCorrectMonths" />
    </UnitTest>
    <UnitTest name="BuckScience.Tests.Application.FeatureWeights.UpdateDefaultFeatureWeightsTests.UpdateDefaultFeatureWeights_ValidatesWeightRange" storage="/home/runner/work/buckscienceapp/buckscienceapp/tests/buckscience.tests/bin/debug/net8.0/buckscience.tests.dll" id="49d22b5a-8a11-c5d8-4359-de2ffd90b380">
      <Execution id="298dff56-66b3-4955-8c67-5af5a9e3ff06" />
      <TestMethod codeBase="/home/runner/work/BuckScienceApp/BuckScienceApp/tests/BuckScience.Tests/bin/Debug/net8.0/BuckScience.Tests.dll" adapterTypeName="executor://xunit/VsTestRunner2/netcoreapp" className="BuckScience.Tests.Application.FeatureWeights.UpdateDefaultFeatureWeightsTests" name="UpdateDefaultFeatureWeights_ValidatesWeightRange" />
    </UnitTest>
    <UnitTest name="BuckScience.Tests.Domain.PropertySeasonMonthsOverrideTests.PropertySeasonMonthsOverride_SetMonths_WithInvalidMonths_ThrowsArgumentOutOfRangeException(invalidMonths: [0])" storage="/home/runner/work/buckscienceapp/buckscienceapp/tests/buckscience.tests/bin/debug/net8.0/buckscience.tests.dll" id="e7cf9e58-42dd-8f47-eefc-754488b66343">
      <Execution id="41d74550-dfcd-4e26-b14a-375a6fd19141" />
      <TestMethod codeBase="/home/runner/work/BuckScienceApp/BuckScienceApp/tests/BuckScience.Tests/bin/Debug/net8.0/BuckScience.Tests.dll" adapterTypeName="executor://xunit/VsTestRunner2/netcoreapp" className="BuckScience.Tests.Domain.PropertySeasonMonthsOverrideTests" name="PropertySeasonMonthsOverride_SetMonths_WithInvalidMonths_ThrowsArgumentOutOfRangeException" />
    </UnitTest>
    <UnitTest name="BuckScience.Tests.Domain.FeatureWeightTests.FeatureWeight_SeasonalWeights_JsonSerialization_WorksCorrectly" storage="/home/runner/work/buckscienceapp/buckscienceapp/tests/buckscience.tests/bin/debug/net8.0/buckscience.tests.dll" id="1c742a22-39f7-5815-626c-daa50ff10c87">
      <Execution id="7cafaa26-af2f-4e0d-9ffe-321420ba1932" />
      <TestMethod codeBase="/home/runner/work/BuckScienceApp/BuckScienceApp/tests/BuckScience.Tests/bin/Debug/net8.0/BuckScience.Tests.dll" adapterTypeName="executor://xunit/VsTestRunner2/netcoreapp" className="BuckScience.Tests.Domain.FeatureWeightTests" name="FeatureWeight_SeasonalWeights_JsonSerialization_WorksCorrectly" />
    </UnitTest>
    <UnitTest name="BuckScience.Tests.DirectionHelperTests.ToFloat_ShouldReturnCorrectDegrees(direction: NE, expectedDegrees: 45)" storage="/home/runner/work/buckscienceapp/buckscienceapp/tests/buckscience.tests/bin/debug/net8.0/buckscience.tests.dll" id="4331c44f-f3ff-6fce-80db-d30dfc1b0433">
      <Execution id="41599bf0-c3af-44f5-a36a-ca0ac547db34" />
      <TestMethod codeBase="/home/runner/work/BuckScienceApp/BuckScienceApp/tests/BuckScience.Tests/bin/Debug/net8.0/BuckScience.Tests.dll" adapterTypeName="executor://xunit/VsTestRunner2/netcoreapp" className="BuckScience.Tests.DirectionHelperTests" name="ToFloat_ShouldReturnCorrectDegrees" />
    </UnitTest>
    <UnitTest name="BuckScience.Tests.Web.Helpers.WeatherHelpersTests.GetWindDirectionOptions_WithNull_AllUnavailable" storage="/home/runner/work/buckscienceapp/buckscienceapp/tests/buckscience.tests/bin/debug/net8.0/buckscience.tests.dll" id="dd76f619-e962-2008-d0f8-a714bb3f5c46">
      <Execution id="e3e9a471-2bdc-446b-9763-85fce73fae40" />
      <TestMethod codeBase="/home/runner/work/BuckScienceApp/BuckScienceApp/tests/BuckScience.Tests/bin/Debug/net8.0/BuckScience.Tests.dll" adapterTypeName="executor://xunit/VsTestRunner2/netcoreapp" className="BuckScience.Tests.Web.Helpers.WeatherHelpersTests" name="GetWindDirectionOptions_WithNull_AllUnavailable" />
    </UnitTest>
    <UnitTest name="BuckScience.Tests.PhotoFiltersTests.PhotoFilters_HasWeatherFilters_ReturnsTrueWhenConditionsFilterSet" storage="/home/runner/work/buckscienceapp/buckscienceapp/tests/buckscience.tests/bin/debug/net8.0/buckscience.tests.dll" id="877174d0-c487-453a-b8ad-4f52137508be">
      <Execution id="bb1a8767-e32b-4cf0-a738-42b4897b089e" />
      <TestMethod codeBase="/home/runner/work/BuckScienceApp/BuckScienceApp/tests/BuckScience.Tests/bin/Debug/net8.0/BuckScience.Tests.dll" adapterTypeName="executor://xunit/VsTestRunner2/netcoreapp" className="BuckScience.Tests.PhotoFiltersTests" name="PhotoFilters_HasWeatherFilters_ReturnsTrueWhenConditionsFilterSet" />
    </UnitTest>
    <UnitTest name="BuckScience.Tests.DirectionHelperTests.ToFloat_ShouldReturnCorrectDegrees(direction: E, expectedDegrees: 90)" storage="/home/runner/work/buckscienceapp/buckscienceapp/tests/buckscience.tests/bin/debug/net8.0/buckscience.tests.dll" id="b7a065c7-7a2e-0d14-6498-b30f746da816">
      <Execution id="b1ae2b58-cad0-46ce-97e0-5b3d91a42e7d" />
      <TestMethod codeBase="/home/runner/work/BuckScienceApp/BuckScienceApp/tests/BuckScience.Tests/bin/Debug/net8.0/BuckScience.Tests.dll" adapterTypeName="executor://xunit/VsTestRunner2/netcoreapp" className="BuckScience.Tests.DirectionHelperTests" name="ToFloat_ShouldReturnCorrectDegrees" />
    </UnitTest>
    <UnitTest name="BuckScience.Tests.PhotoGroupingTests.PhotoGrouping_ShouldGroupByMonthYear_Ascending" storage="/home/runner/work/buckscienceapp/buckscienceapp/tests/buckscience.tests/bin/debug/net8.0/buckscience.tests.dll" id="188163b5-3a99-e726-205c-6b6fc846baac">
      <Execution id="b553d8cf-3bfd-459c-82b7-20a2566e4a03" />
      <TestMethod codeBase="/home/runner/work/BuckScienceApp/BuckScienceApp/tests/BuckScience.Tests/bin/Debug/net8.0/BuckScience.Tests.dll" adapterTypeName="executor://xunit/VsTestRunner2/netcoreapp" className="BuckScience.Tests.PhotoGroupingTests" name="PhotoGrouping_ShouldGroupByMonthYear_Ascending" />
    </UnitTest>
    <UnitTest name="BuckScience.Tests.Domain.SeasonExtensionsTests.GetDefaultMonths_YearRound_ReturnsAllMonths" storage="/home/runner/work/buckscienceapp/buckscienceapp/tests/buckscience.tests/bin/debug/net8.0/buckscience.tests.dll" id="0eac1afa-cee8-c2b1-e775-7c9bd515bfb3">
      <Execution id="b70972fd-616d-44cf-b5b3-463f3e13403c" />
      <TestMethod codeBase="/home/runner/work/BuckScienceApp/BuckScienceApp/tests/BuckScience.Tests/bin/Debug/net8.0/BuckScience.Tests.dll" adapterTypeName="executor://xunit/VsTestRunner2/netcoreapp" className="BuckScience.Tests.Domain.SeasonExtensionsTests" name="GetDefaultMonths_YearRound_ReturnsAllMonths" />
    </UnitTest>
    <UnitTest name="BuckScience.Tests.DirectionHelperTests.DirectionMapping_ShouldBeConsistent" storage="/home/runner/work/buckscienceapp/buckscienceapp/tests/buckscience.tests/bin/debug/net8.0/buckscience.tests.dll" id="a8cebbec-cc48-449c-a357-e8867b7cdbdf">
      <Execution id="a0d6e6fd-42e9-4d5d-9b90-0ad166fa8beb" />
      <TestMethod codeBase="/home/runner/work/BuckScienceApp/BuckScienceApp/tests/BuckScience.Tests/bin/Debug/net8.0/BuckScience.Tests.dll" adapterTypeName="executor://xunit/VsTestRunner2/netcoreapp" className="BuckScience.Tests.DirectionHelperTests" name="DirectionMapping_ShouldBeConsistent" />
    </UnitTest>
    <UnitTest name="BuckScience.Tests.Application.PropertyFeatureApplicationTests.GetPropertyFeature_ReturnsWeightCorrectly" storage="/home/runner/work/buckscienceapp/buckscienceapp/tests/buckscience.tests/bin/debug/net8.0/buckscience.tests.dll" id="7b1afa91-2553-0542-d21b-b944f43fb732">
      <Execution id="b76142ef-1571-442f-8f44-59ceea4782b5" />
      <TestMethod codeBase="/home/runner/work/BuckScienceApp/BuckScienceApp/tests/BuckScience.Tests/bin/Debug/net8.0/BuckScience.Tests.dll" adapterTypeName="executor://xunit/VsTestRunner2/netcoreapp" className="BuckScience.Tests.Application.PropertyFeatureApplicationTests" name="GetPropertyFeature_ReturnsWeightCorrectly" />
    </UnitTest>
    <UnitTest name="BuckScience.Tests.TagCleanupTests.RemoveTagFromPhotos_ShouldCleanupTag_WhenNotUsedAnywhere" storage="/home/runner/work/buckscienceapp/buckscienceapp/tests/buckscience.tests/bin/debug/net8.0/buckscience.tests.dll" id="5439de61-630e-08c6-3445-f1eed3fd3847">
      <Execution id="5e187926-bb43-4ebb-8ed7-f8f3e4526d47" />
      <TestMethod codeBase="/home/runner/work/BuckScienceApp/BuckScienceApp/tests/BuckScience.Tests/bin/Debug/net8.0/BuckScience.Tests.dll" adapterTypeName="executor://xunit/VsTestRunner2/netcoreapp" className="BuckScience.Tests.TagCleanupTests" name="RemoveTagFromPhotos_ShouldCleanupTag_WhenNotUsedAnywhere" />
    </UnitTest>
    <UnitTest name="BuckScience.Tests.Web.Helpers.WeatherHelpersTests.ConvertWindDirectionToText_VariousAngles_ReturnsCorrectDirection(degrees: 33.740000000000002, expected: &quot;NNE&quot;)" storage="/home/runner/work/buckscienceapp/buckscienceapp/tests/buckscience.tests/bin/debug/net8.0/buckscience.tests.dll" id="9323afa7-c6a5-6a33-bb74-8f4b3b4998d0">
      <Execution id="9a3faa66-bde7-423a-8b03-807a17ae4396" />
      <TestMethod codeBase="/home/runner/work/BuckScienceApp/BuckScienceApp/tests/BuckScience.Tests/bin/Debug/net8.0/BuckScience.Tests.dll" adapterTypeName="executor://xunit/VsTestRunner2/netcoreapp" className="BuckScience.Tests.Web.Helpers.WeatherHelpersTests" name="ConvertWindDirectionToText_VariousAngles_ReturnsCorrectDirection" />
    </UnitTest>
    <UnitTest name="BuckScience.Tests.CameraCreateVmTests.CameraCreateVm_DirectionSync_ShouldWorkForAllDirections(direction: SE, expectedDegrees: 135)" storage="/home/runner/work/buckscienceapp/buckscienceapp/tests/buckscience.tests/bin/debug/net8.0/buckscience.tests.dll" id="f950f79e-ba5e-b1e8-b4c0-7c88acd39e8b">
      <Execution id="6f60ff0e-80df-4ba7-b69f-18567ae49565" />
      <TestMethod codeBase="/home/runner/work/BuckScienceApp/BuckScienceApp/tests/BuckScience.Tests/bin/Debug/net8.0/BuckScience.Tests.dll" adapterTypeName="executor://xunit/VsTestRunner2/netcoreapp" className="BuckScience.Tests.CameraCreateVmTests" name="CameraCreateVm_DirectionSync_ShouldWorkForAllDirections" />
    </UnitTest>
    <UnitTest name="BuckScience.Tests.Domain.SeasonExtensionsTests.GetMonthsForProperty_WithProperty_ReturnsDefaultMonths" storage="/home/runner/work/buckscienceapp/buckscienceapp/tests/buckscience.tests/bin/debug/net8.0/buckscience.tests.dll" id="8c9fb467-c9d9-e4ca-cb2a-8456e527af16">
      <Execution id="14b52a48-6713-4064-8d54-db48c3e8d687" />
      <TestMethod codeBase="/home/runner/work/BuckScienceApp/BuckScienceApp/tests/BuckScience.Tests/bin/Debug/net8.0/BuckScience.Tests.dll" adapterTypeName="executor://xunit/VsTestRunner2/netcoreapp" className="BuckScience.Tests.Domain.SeasonExtensionsTests" name="GetMonthsForProperty_WithProperty_ReturnsDefaultMonths" />
    </UnitTest>
    <UnitTest name="BuckScience.Tests.FeatureHelperTests.FeatureDescriptions_ShouldContainAllClassificationTypes" storage="/home/runner/work/buckscienceapp/buckscienceapp/tests/buckscience.tests/bin/debug/net8.0/buckscience.tests.dll" id="7f31b8c1-231f-a39c-8870-f0d4abe51343">
      <Execution id="7bcc6a6c-50c5-4f0f-99a5-9eec2338b00b" />
      <TestMethod codeBase="/home/runner/work/BuckScienceApp/BuckScienceApp/tests/BuckScience.Tests/bin/Debug/net8.0/BuckScience.Tests.dll" adapterTypeName="executor://xunit/VsTestRunner2/netcoreapp" className="BuckScience.Tests.FeatureHelperTests" name="FeatureDescriptions_ShouldContainAllClassificationTypes" />
    </UnitTest>
    <UnitTest name="BuckScience.Tests.PhotoPlacementHistoryTests.Photo_Constructor_ShouldAcceptCameraPlacementHistoryId" storage="/home/runner/work/buckscienceapp/buckscienceapp/tests/buckscience.tests/bin/debug/net8.0/buckscience.tests.dll" id="dc5f28f7-09cd-2ab7-408b-876a39c8dcda">
      <Execution id="ef36ce14-293d-4bdf-8b9e-288e4d108b5d" />
      <TestMethod codeBase="/home/runner/work/BuckScienceApp/BuckScienceApp/tests/BuckScience.Tests/bin/Debug/net8.0/BuckScience.Tests.dll" adapterTypeName="executor://xunit/VsTestRunner2/netcoreapp" className="BuckScience.Tests.PhotoPlacementHistoryTests" name="Photo_Constructor_ShouldAcceptCameraPlacementHistoryId" />
    </UnitTest>
    <UnitTest name="BuckScience.Tests.PhotoFilteringComprehensiveTests.PhotoFilters_EdgeCases_HandleCorrectly" storage="/home/runner/work/buckscienceapp/buckscienceapp/tests/buckscience.tests/bin/debug/net8.0/buckscience.tests.dll" id="878dbf6d-4718-3010-2956-9a909a749d2f">
      <Execution id="6432fb06-d16c-4156-a7dc-86ba2a92a3d6" />
      <TestMethod codeBase="/home/runner/work/BuckScienceApp/BuckScienceApp/tests/BuckScience.Tests/bin/Debug/net8.0/BuckScience.Tests.dll" adapterTypeName="executor://xunit/VsTestRunner2/netcoreapp" className="BuckScience.Tests.PhotoFilteringComprehensiveTests" name="PhotoFilters_EdgeCases_HandleCorrectly" />
    </UnitTest>
    <UnitTest name="BuckScience.Tests.Web.Helpers.WeatherHelpersTests.ConvertWindDirectionToText_VariousAngles_ReturnsCorrectDirection(degrees: 315, expected: &quot;NW&quot;)" storage="/home/runner/work/buckscienceapp/buckscienceapp/tests/buckscience.tests/bin/debug/net8.0/buckscience.tests.dll" id="310112f5-4d07-717c-55f6-37a269d700ab">
      <Execution id="4d215246-99c8-4fef-a8e9-fa9ec68865cf" />
      <TestMethod codeBase="/home/runner/work/BuckScienceApp/BuckScienceApp/tests/BuckScience.Tests/bin/Debug/net8.0/BuckScience.Tests.dll" adapterTypeName="executor://xunit/VsTestRunner2/netcoreapp" className="BuckScience.Tests.Web.Helpers.WeatherHelpersTests" name="ConvertWindDirectionToText_VariousAngles_ReturnsCorrectDirection" />
    </UnitTest>
    <UnitTest name="BuckScience.Tests.DirectionHelperTests.FromFloat_ShouldReturnCorrectDirection(degrees: 0, expectedDirection: N)" storage="/home/runner/work/buckscienceapp/buckscienceapp/tests/buckscience.tests/bin/debug/net8.0/buckscience.tests.dll" id="4949997c-46c8-3183-1501-b1267871bfcf">
      <Execution id="beffecaa-c5a9-41be-b15e-03dd2b68ff64" />
      <TestMethod codeBase="/home/runner/work/BuckScienceApp/BuckScienceApp/tests/BuckScience.Tests/bin/Debug/net8.0/BuckScience.Tests.dll" adapterTypeName="executor://xunit/VsTestRunner2/netcoreapp" className="BuckScience.Tests.DirectionHelperTests" name="FromFloat_ShouldReturnCorrectDirection" />
    </UnitTest>
    <UnitTest name="BuckScience.Tests.CameraEditVmTests.CameraEditVm_DefaultValues_ShouldBeCorrect" storage="/home/runner/work/buckscienceapp/buckscienceapp/tests/buckscience.tests/bin/debug/net8.0/buckscience.tests.dll" id="eb717265-8ce6-9ca5-299a-76e8f4608ecc">
      <Execution id="8c600a82-3056-4462-9d19-bca876139cd0" />
      <TestMethod codeBase="/home/runner/work/BuckScienceApp/BuckScienceApp/tests/BuckScience.Tests/bin/Debug/net8.0/BuckScience.Tests.dll" adapterTypeName="executor://xunit/VsTestRunner2/netcoreapp" className="BuckScience.Tests.CameraEditVmTests" name="CameraEditVm_DefaultValues_ShouldBeCorrect" />
    </UnitTest>
    <UnitTest name="BuckScience.Tests.Web.Helpers.WeatherHelpersTests.ConvertMoonPhaseTextToNumeric_InvalidText_ReturnsNull(text: &quot;Unknown&quot;)" storage="/home/runner/work/buckscienceapp/buckscienceapp/tests/buckscience.tests/bin/debug/net8.0/buckscience.tests.dll" id="fb896724-2095-3026-71b5-ad9198efd098">
      <Execution id="6547888d-0659-4aeb-aead-6a5dc4456aaf" />
      <TestMethod codeBase="/home/runner/work/BuckScienceApp/BuckScienceApp/tests/BuckScience.Tests/bin/Debug/net8.0/BuckScience.Tests.dll" adapterTypeName="executor://xunit/VsTestRunner2/netcoreapp" className="BuckScience.Tests.Web.Helpers.WeatherHelpersTests" name="ConvertMoonPhaseTextToNumeric_InvalidText_ReturnsNull" />
    </UnitTest>
    <UnitTest name="BuckScience.Tests.Web.Helpers.WeatherHelpersTests.ConvertWindDirectionToText_VariousAngles_ReturnsCorrectDirection(degrees: 135, expected: &quot;SE&quot;)" storage="/home/runner/work/buckscienceapp/buckscienceapp/tests/buckscience.tests/bin/debug/net8.0/buckscience.tests.dll" id="7d4e8658-cb8d-0c66-3167-748289c2e3c6">
      <Execution id="2fb48d43-bb43-4f02-bf25-186cc2732005" />
      <TestMethod codeBase="/home/runner/work/BuckScienceApp/BuckScienceApp/tests/BuckScience.Tests/bin/Debug/net8.0/BuckScience.Tests.dll" adapterTypeName="executor://xunit/VsTestRunner2/netcoreapp" className="BuckScience.Tests.Web.Helpers.WeatherHelpersTests" name="ConvertWindDirectionToText_VariousAngles_ReturnsCorrectDirection" />
    </UnitTest>
    <UnitTest name="BuckScience.Tests.PhotoFilteringComprehensiveTests.PhotoFilters_ComplexCombination_AllFilterTypes" storage="/home/runner/work/buckscienceapp/buckscienceapp/tests/buckscience.tests/bin/debug/net8.0/buckscience.tests.dll" id="81cae9df-520c-bb72-ca7a-30a828451359">
      <Execution id="10b860ed-6465-4015-b296-42f6885f4b5f" />
      <TestMethod codeBase="/home/runner/work/BuckScienceApp/BuckScienceApp/tests/BuckScience.Tests/bin/Debug/net8.0/BuckScience.Tests.dll" adapterTypeName="executor://xunit/VsTestRunner2/netcoreapp" className="BuckScience.Tests.PhotoFilteringComprehensiveTests" name="PhotoFilters_ComplexCombination_AllFilterTypes" />
    </UnitTest>
    <UnitTest name="BuckScience.Tests.CameraCreateVmTests.CameraCreateVm_SyncSelectionFromDirection_ShouldUpdateDirectionSelection" storage="/home/runner/work/buckscienceapp/buckscienceapp/tests/buckscience.tests/bin/debug/net8.0/buckscience.tests.dll" id="08a9b593-cfee-9bdf-6d80-833bb0b65ba9">
      <Execution id="74641ceb-cf33-46a1-999c-4237a333977b" />
      <TestMethod codeBase="/home/runner/work/BuckScienceApp/BuckScienceApp/tests/BuckScience.Tests/bin/Debug/net8.0/BuckScience.Tests.dll" adapterTypeName="executor://xunit/VsTestRunner2/netcoreapp" className="BuckScience.Tests.CameraCreateVmTests" name="CameraCreateVm_SyncSelectionFromDirection_ShouldUpdateDirectionSelection" />
    </UnitTest>
    <UnitTest name="BuckScience.Tests.Domain.PropertyFeatureTests.UpdateWeight_WithInvalidWeight_ThrowsArgumentOutOfRangeException(weight: 1.5)" storage="/home/runner/work/buckscienceapp/buckscienceapp/tests/buckscience.tests/bin/debug/net8.0/buckscience.tests.dll" id="e6069ec8-dd96-68b5-2039-b29d0b89d8eb">
      <Execution id="21af04d6-bba6-49e4-80f2-81e6554e9741" />
      <TestMethod codeBase="/home/runner/work/BuckScienceApp/BuckScienceApp/tests/BuckScience.Tests/bin/Debug/net8.0/BuckScience.Tests.dll" adapterTypeName="executor://xunit/VsTestRunner2/netcoreapp" className="BuckScience.Tests.Domain.PropertyFeatureTests" name="UpdateWeight_WithInvalidWeight_ThrowsArgumentOutOfRangeException" />
    </UnitTest>
    <UnitTest name="BuckScience.Tests.TaggingSystemTests.AssignDefaultTagsToProperty_ShouldAssignOnlyDefaultTags" storage="/home/runner/work/buckscienceapp/buckscienceapp/tests/buckscience.tests/bin/debug/net8.0/buckscience.tests.dll" id="d6582cc4-f5d7-7ddd-419a-8856fe5530f3">
      <Execution id="816cd256-34ab-47c2-be9e-e8424e71956b" />
      <TestMethod codeBase="/home/runner/work/BuckScienceApp/BuckScienceApp/tests/BuckScience.Tests/bin/Debug/net8.0/BuckScience.Tests.dll" adapterTypeName="executor://xunit/VsTestRunner2/netcoreapp" className="BuckScience.Tests.TaggingSystemTests" name="AssignDefaultTagsToProperty_ShouldAssignOnlyDefaultTags" />
    </UnitTest>
    <UnitTest name="BuckScience.Tests.Domain.PropertyFeatureTests.Constructor_WithInvalidWeight_ThrowsArgumentOutOfRangeException(weight: -0.100000001)" storage="/home/runner/work/buckscienceapp/buckscienceapp/tests/buckscience.tests/bin/debug/net8.0/buckscience.tests.dll" id="89ecaa3a-044a-88b6-09ea-2d19af9e4614">
      <Execution id="2d9c9257-a19d-44e7-a5c2-a068e48fc24c" />
      <TestMethod codeBase="/home/runner/work/BuckScienceApp/BuckScienceApp/tests/BuckScience.Tests/bin/Debug/net8.0/BuckScience.Tests.dll" adapterTypeName="executor://xunit/VsTestRunner2/netcoreapp" className="BuckScience.Tests.Domain.PropertyFeatureTests" name="Constructor_WithInvalidWeight_ThrowsArgumentOutOfRangeException" />
    </UnitTest>
    <UnitTest name="BuckScience.Tests.Web.Helpers.WeatherHelpersTests.ConvertWindDirectionToText_VariousAngles_ReturnsCorrectDirection(degrees: -10, expected: &quot;N&quot;)" storage="/home/runner/work/buckscienceapp/buckscienceapp/tests/buckscience.tests/bin/debug/net8.0/buckscience.tests.dll" id="62aa58ea-9077-0f9e-c60d-aafd4a8d0ad6">
      <Execution id="0afb362f-75b5-4a40-a123-be68fefef8cc" />
      <TestMethod codeBase="/home/runner/work/BuckScienceApp/BuckScienceApp/tests/BuckScience.Tests/bin/Debug/net8.0/BuckScience.Tests.dll" adapterTypeName="executor://xunit/VsTestRunner2/netcoreapp" className="BuckScience.Tests.Web.Helpers.WeatherHelpersTests" name="ConvertWindDirectionToText_VariousAngles_ReturnsCorrectDirection" />
    </UnitTest>
    <UnitTest name="BuckScience.Tests.Domain.SeasonExtensionsTests.GetDefaultMonths_LateSeason_ReturnsCorrectMonths" storage="/home/runner/work/buckscienceapp/buckscienceapp/tests/buckscience.tests/bin/debug/net8.0/buckscience.tests.dll" id="0046d277-9b70-8213-d3d2-32e9f1ff9915">
      <Execution id="aa14fbe2-b999-44f9-9607-46145523ec3a" />
      <TestMethod codeBase="/home/runner/work/BuckScienceApp/BuckScienceApp/tests/BuckScience.Tests/bin/Debug/net8.0/BuckScience.Tests.dll" adapterTypeName="executor://xunit/VsTestRunner2/netcoreapp" className="BuckScience.Tests.Domain.SeasonExtensionsTests" name="GetDefaultMonths_LateSeason_ReturnsCorrectMonths" />
    </UnitTest>
    <UnitTest name="BuckScience.Tests.PhotoGroupingTests.CameraPhotoGrouping_ShouldGroupByMonthYear_Ascending" storage="/home/runner/work/buckscienceapp/buckscienceapp/tests/buckscience.tests/bin/debug/net8.0/buckscience.tests.dll" id="35d57337-18a5-4629-635a-b25a895ec8a2">
      <Execution id="685d00af-1ebf-4953-a181-d25b9fbbc6bc" />
      <TestMethod codeBase="/home/runner/work/BuckScienceApp/BuckScienceApp/tests/BuckScience.Tests/bin/Debug/net8.0/BuckScience.Tests.dll" adapterTypeName="executor://xunit/VsTestRunner2/netcoreapp" className="BuckScience.Tests.PhotoGroupingTests" name="CameraPhotoGrouping_ShouldGroupByMonthYear_Ascending" />
    </UnitTest>
    <UnitTest name="BuckScience.Tests.Domain.PropertySeasonMonthsOverrideTests.PropertySeasonMonthsOverride_RoundTripSerialization_MaintainsData(months: [1, 2, 3, 4, 5, ...])" storage="/home/runner/work/buckscienceapp/buckscienceapp/tests/buckscience.tests/bin/debug/net8.0/buckscience.tests.dll" id="41d6624e-c316-a2d4-4992-8e24e9424bdf">
      <Execution id="b8eb50ab-61ab-4e2e-82c3-4446706330f1" />
      <TestMethod codeBase="/home/runner/work/BuckScienceApp/BuckScienceApp/tests/BuckScience.Tests/bin/Debug/net8.0/BuckScience.Tests.dll" adapterTypeName="executor://xunit/VsTestRunner2/netcoreapp" className="BuckScience.Tests.Domain.PropertySeasonMonthsOverrideTests" name="PropertySeasonMonthsOverride_RoundTripSerialization_MaintainsData" />
    </UnitTest>
    <UnitTest name="BuckScience.Tests.Application.PropertyFeatureApplicationTests.UpdatePropertyFeature_WithNullWeight_SetsWeightToNull" storage="/home/runner/work/buckscienceapp/buckscienceapp/tests/buckscience.tests/bin/debug/net8.0/buckscience.tests.dll" id="d85c6fd3-7663-9ff2-9595-f7d77c06aa38">
      <Execution id="65ca23ee-d4b5-4a3d-a37b-ad380fb8dafc" />
      <TestMethod codeBase="/home/runner/work/BuckScienceApp/BuckScienceApp/tests/BuckScience.Tests/bin/Debug/net8.0/BuckScience.Tests.dll" adapterTypeName="executor://xunit/VsTestRunner2/netcoreapp" className="BuckScience.Tests.Application.PropertyFeatureApplicationTests" name="UpdatePropertyFeature_WithNullWeight_SetsWeightToNull" />
    </UnitTest>
    <UnitTest name="BuckScience.Tests.Domain.MonthsAttributeTests.MonthsAttribute_Constructor_WithValidMonths_SetsMonthsCorrectly" storage="/home/runner/work/buckscienceapp/buckscienceapp/tests/buckscience.tests/bin/debug/net8.0/buckscience.tests.dll" id="db79dd17-8f15-9022-848e-d377803a0707">
      <Execution id="67571ab0-6aba-4b2d-a2e4-66487063843d" />
      <TestMethod codeBase="/home/runner/work/BuckScienceApp/BuckScienceApp/tests/BuckScience.Tests/bin/Debug/net8.0/BuckScience.Tests.dll" adapterTypeName="executor://xunit/VsTestRunner2/netcoreapp" className="BuckScience.Tests.Domain.MonthsAttributeTests" name="MonthsAttribute_Constructor_WithValidMonths_SetsMonthsCorrectly" />
    </UnitTest>
    <UnitTest name="BuckScience.Tests.FeatureHelperTests.GetCategory_ShouldReturnCorrectCategoryForTopographicalFeatures" storage="/home/runner/work/buckscienceapp/buckscienceapp/tests/buckscience.tests/bin/debug/net8.0/buckscience.tests.dll" id="b10f5741-388a-3ae9-2087-f07485587a15">
      <Execution id="96766801-0ed8-46fd-8a40-2a58ada2a4bf" />
      <TestMethod codeBase="/home/runner/work/BuckScienceApp/BuckScienceApp/tests/BuckScience.Tests/bin/Debug/net8.0/BuckScience.Tests.dll" adapterTypeName="executor://xunit/VsTestRunner2/netcoreapp" className="BuckScience.Tests.FeatureHelperTests" name="GetCategory_ShouldReturnCorrectCategoryForTopographicalFeatures" />
    </UnitTest>
    <UnitTest name="BuckScience.Tests.PhotoFilteringUrlExamples.BuildFilters_CameraParameters_ShouldParseCorrectly(cameras: &quot;5&quot;, expectedCameras: [5])" storage="/home/runner/work/buckscienceapp/buckscienceapp/tests/buckscience.tests/bin/debug/net8.0/buckscience.tests.dll" id="9b0dd086-97eb-5a55-6e89-79dde58b1fca">
      <Execution id="5fa98954-999f-434e-8132-021a268ef64a" />
      <TestMethod codeBase="/home/runner/work/BuckScienceApp/BuckScienceApp/tests/BuckScience.Tests/bin/Debug/net8.0/BuckScience.Tests.dll" adapterTypeName="executor://xunit/VsTestRunner2/netcoreapp" className="BuckScience.Tests.PhotoFilteringUrlExamples" name="BuildFilters_CameraParameters_ShouldParseCorrectly" />
    </UnitTest>
    <UnitTest name="BuckScience.Tests.UnitTest1.Test1" storage="/home/runner/work/buckscienceapp/buckscienceapp/tests/buckscience.tests/bin/debug/net8.0/buckscience.tests.dll" id="24c340fb-d377-9a86-7f7b-24671f6c604a">
      <Execution id="13f20d0f-33c6-478d-b70d-b444493a2f2b" />
      <TestMethod codeBase="/home/runner/work/BuckScienceApp/BuckScienceApp/tests/BuckScience.Tests/bin/Debug/net8.0/BuckScience.Tests.dll" adapterTypeName="executor://xunit/VsTestRunner2/netcoreapp" className="BuckScience.Tests.UnitTest1" name="Test1" />
    </UnitTest>
    <UnitTest name="BuckScience.Tests.CameraCreateVmTests.CameraCreateVm_DirectionSync_ShouldWorkForAllDirections(direction: W, expectedDegrees: 270)" storage="/home/runner/work/buckscienceapp/buckscienceapp/tests/buckscience.tests/bin/debug/net8.0/buckscience.tests.dll" id="d781b83d-5216-d63d-acc7-8c5d47cd7ccf">
      <Execution id="c532b0db-3a21-46d5-a633-e935a69de012" />
      <TestMethod codeBase="/home/runner/work/BuckScienceApp/BuckScienceApp/tests/BuckScience.Tests/bin/Debug/net8.0/BuckScience.Tests.dll" adapterTypeName="executor://xunit/VsTestRunner2/netcoreapp" className="BuckScience.Tests.CameraCreateVmTests" name="CameraCreateVm_DirectionSync_ShouldWorkForAllDirections" />
    </UnitTest>
    <UnitTest name="BuckScience.Tests.Application.FeatureWeights.UpdateFeatureWeightsTests.UpdateFeatureWeights_OnlyUpdatesSpecificWeight_SetsOnlyThatAsCustom" storage="/home/runner/work/buckscienceapp/buckscienceapp/tests/buckscience.tests/bin/debug/net8.0/buckscience.tests.dll" id="2c3f2f16-fb94-3325-49ee-53aa9585411a">
      <Execution id="18516dcb-8720-494d-a14a-307fdf5c1814" />
      <TestMethod codeBase="/home/runner/work/BuckScienceApp/BuckScienceApp/tests/BuckScience.Tests/bin/Debug/net8.0/BuckScience.Tests.dll" adapterTypeName="executor://xunit/VsTestRunner2/netcoreapp" className="BuckScience.Tests.Application.FeatureWeights.UpdateFeatureWeightsTests" name="UpdateFeatureWeights_OnlyUpdatesSpecificWeight_SetsOnlyThatAsCustom" />
    </UnitTest>
    <UnitTest name="BuckScience.Tests.PhotoFilteringIntegrationTests.BuildFilters_WithConditions_ReturnsFiltersWithConditions" storage="/home/runner/work/buckscienceapp/buckscienceapp/tests/buckscience.tests/bin/debug/net8.0/buckscience.tests.dll" id="407fdbb6-f29a-a8a2-0277-cd698b7b57a7">
      <Execution id="14b6fed3-590f-4bcf-9cf3-bf820f57fa13" />
      <TestMethod codeBase="/home/runner/work/BuckScienceApp/BuckScienceApp/tests/BuckScience.Tests/bin/Debug/net8.0/BuckScience.Tests.dll" adapterTypeName="executor://xunit/VsTestRunner2/netcoreapp" className="BuckScience.Tests.PhotoFilteringIntegrationTests" name="BuildFilters_WithConditions_ReturnsFiltersWithConditions" />
    </UnitTest>
    <UnitTest name="BuckScience.Tests.Web.Helpers.WeatherHelpersTests.GetWindDirectionOptions_WithAvailableDirections_SetsAvailability" storage="/home/runner/work/buckscienceapp/buckscienceapp/tests/buckscience.tests/bin/debug/net8.0/buckscience.tests.dll" id="90576d28-8c3e-aa47-8e92-100b02ac5a05">
      <Execution id="c209fef5-b77f-482b-bf75-4e98b2ba8c77" />
      <TestMethod codeBase="/home/runner/work/BuckScienceApp/BuckScienceApp/tests/BuckScience.Tests/bin/Debug/net8.0/BuckScience.Tests.dll" adapterTypeName="executor://xunit/VsTestRunner2/netcoreapp" className="BuckScience.Tests.Web.Helpers.WeatherHelpersTests" name="GetWindDirectionOptions_WithAvailableDirections_SetsAvailability" />
    </UnitTest>
    <UnitTest name="BuckScience.Tests.Web.Helpers.WeatherHelpersTests.ConvertMoonPhaseTextToNumeric_CaseInsensitive_Works" storage="/home/runner/work/buckscienceapp/buckscienceapp/tests/buckscience.tests/bin/debug/net8.0/buckscience.tests.dll" id="6ddbf3e0-3ece-b657-908f-2948ae07368f">
      <Execution id="3b2c5bc4-b876-43ed-bd46-314a001cd939" />
      <TestMethod codeBase="/home/runner/work/BuckScienceApp/BuckScienceApp/tests/BuckScience.Tests/bin/Debug/net8.0/BuckScience.Tests.dll" adapterTypeName="executor://xunit/VsTestRunner2/netcoreapp" className="BuckScience.Tests.Web.Helpers.WeatherHelpersTests" name="ConvertMoonPhaseTextToNumeric_CaseInsensitive_Works" />
    </UnitTest>
    <UnitTest name="BuckScience.Tests.CameraCreateVmTests.CameraCreateVm_SyncDirectionFromSelection_ShouldUpdateDirectionDegrees" storage="/home/runner/work/buckscienceapp/buckscienceapp/tests/buckscience.tests/bin/debug/net8.0/buckscience.tests.dll" id="1be37c51-af7c-9e7b-8fa3-a746d27f5f9b">
      <Execution id="8e0765e0-05cb-4a6f-abe7-fcb721a92391" />
      <TestMethod codeBase="/home/runner/work/BuckScienceApp/BuckScienceApp/tests/BuckScience.Tests/bin/Debug/net8.0/BuckScience.Tests.dll" adapterTypeName="executor://xunit/VsTestRunner2/netcoreapp" className="BuckScience.Tests.CameraCreateVmTests" name="CameraCreateVm_SyncDirectionFromSelection_ShouldUpdateDirectionDegrees" />
    </UnitTest>
    <UnitTest name="BuckScience.Tests.Domain.MonthsAttributeTests.MonthsAttribute_Constructor_WithNullMonths_ThrowsArgumentNullException" storage="/home/runner/work/buckscienceapp/buckscienceapp/tests/buckscience.tests/bin/debug/net8.0/buckscience.tests.dll" id="ad4bf482-4b9d-1c7e-1b22-27f5b448acad">
      <Execution id="da82b102-6379-4f88-a1b4-8c0d19765e75" />
      <TestMethod codeBase="/home/runner/work/BuckScienceApp/BuckScienceApp/tests/BuckScience.Tests/bin/Debug/net8.0/BuckScience.Tests.dll" adapterTypeName="executor://xunit/VsTestRunner2/netcoreapp" className="BuckScience.Tests.Domain.MonthsAttributeTests" name="MonthsAttribute_Constructor_WithNullMonths_ThrowsArgumentNullException" />
    </UnitTest>
    <UnitTest name="BuckScience.Tests.FeatureHelperTests.GetCategory_ShouldReturnCorrectCategoryForBeddingResources" storage="/home/runner/work/buckscienceapp/buckscienceapp/tests/buckscience.tests/bin/debug/net8.0/buckscience.tests.dll" id="28faaf32-b614-3b46-c8af-acfb48482d8d">
      <Execution id="afca1801-7f71-479b-a0af-5da3f1c21d1d" />
      <TestMethod codeBase="/home/runner/work/BuckScienceApp/BuckScienceApp/tests/BuckScience.Tests/bin/Debug/net8.0/BuckScience.Tests.dll" adapterTypeName="executor://xunit/VsTestRunner2/netcoreapp" className="BuckScience.Tests.FeatureHelperTests" name="GetCategory_ShouldReturnCorrectCategoryForBeddingResources" />
    </UnitTest>
    <UnitTest name="BuckScience.Tests.Domain.PropertyFeatureTests.UpdateWeight_WithInvalidWeight_ThrowsArgumentOutOfRangeException(weight: -0.5)" storage="/home/runner/work/buckscienceapp/buckscienceapp/tests/buckscience.tests/bin/debug/net8.0/buckscience.tests.dll" id="e35c95a4-d974-6814-c593-743bae04117a">
      <Execution id="5e2db83c-37e9-49b4-acf5-bf1a3ecbaef2" />
      <TestMethod codeBase="/home/runner/work/BuckScienceApp/BuckScienceApp/tests/BuckScience.Tests/bin/Debug/net8.0/BuckScience.Tests.dll" adapterTypeName="executor://xunit/VsTestRunner2/netcoreapp" className="BuckScience.Tests.Domain.PropertyFeatureTests" name="UpdateWeight_WithInvalidWeight_ThrowsArgumentOutOfRangeException" />
    </UnitTest>
    <UnitTest name="BuckScience.Tests.DirectionHelperTests.FromFloat_ShouldFindClosestDirection(degrees: 67, expectedDirection: NE)" storage="/home/runner/work/buckscienceapp/buckscienceapp/tests/buckscience.tests/bin/debug/net8.0/buckscience.tests.dll" id="b2bd5000-3749-abcf-9228-2b95c005c687">
      <Execution id="17d6c277-aa30-4f8e-801d-7eec7e86768c" />
      <TestMethod codeBase="/home/runner/work/BuckScienceApp/BuckScienceApp/tests/BuckScience.Tests/bin/Debug/net8.0/BuckScience.Tests.dll" adapterTypeName="executor://xunit/VsTestRunner2/netcoreapp" className="BuckScience.Tests.DirectionHelperTests" name="FromFloat_ShouldFindClosestDirection" />
    </UnitTest>
    <UnitTest name="BuckScience.Tests.CameraPlacementHistoryTests.CameraPlacementHistory_EndPlacement_ShouldThrowIfAlreadyEnded" storage="/home/runner/work/buckscienceapp/buckscienceapp/tests/buckscience.tests/bin/debug/net8.0/buckscience.tests.dll" id="dca73a03-b0b0-9398-437e-9e75519b25e4">
      <Execution id="306a778e-3555-468c-9e52-51c291716671" />
      <TestMethod codeBase="/home/runner/work/BuckScienceApp/BuckScienceApp/tests/BuckScience.Tests/bin/Debug/net8.0/BuckScience.Tests.dll" adapterTypeName="executor://xunit/VsTestRunner2/netcoreapp" className="BuckScience.Tests.CameraPlacementHistoryTests" name="CameraPlacementHistory_EndPlacement_ShouldThrowIfAlreadyEnded" />
    </UnitTest>
    <UnitTest name="BuckScience.Tests.DirectionHelperTests.FromFloat_ShouldReturnCorrectDirection(degrees: 180, expectedDirection: S)" storage="/home/runner/work/buckscienceapp/buckscienceapp/tests/buckscience.tests/bin/debug/net8.0/buckscience.tests.dll" id="510de9dc-e90e-bdb2-662b-4a218168ebca">
      <Execution id="bcc700e4-73af-43e7-b089-1fcb00b0d408" />
      <TestMethod codeBase="/home/runner/work/BuckScienceApp/BuckScienceApp/tests/BuckScience.Tests/bin/Debug/net8.0/BuckScience.Tests.dll" adapterTypeName="executor://xunit/VsTestRunner2/netcoreapp" className="BuckScience.Tests.DirectionHelperTests" name="FromFloat_ShouldReturnCorrectDirection" />
    </UnitTest>
    <UnitTest name="BuckScience.Tests.Domain.PropertySeasonMonthsOverrideTests.PropertySeasonMonthsOverride_SetMonths_WithValidMonths_UpdatesMonthsAndTimestamp" storage="/home/runner/work/buckscienceapp/buckscienceapp/tests/buckscience.tests/bin/debug/net8.0/buckscience.tests.dll" id="633c7180-abf2-d38a-1f50-b48e71e9c2bd">
      <Execution id="7f902ce3-7e73-44f3-9c36-406b0e8e9f4a" />
      <TestMethod codeBase="/home/runner/work/BuckScienceApp/BuckScienceApp/tests/BuckScience.Tests/bin/Debug/net8.0/BuckScience.Tests.dll" adapterTypeName="executor://xunit/VsTestRunner2/netcoreapp" className="BuckScience.Tests.Domain.PropertySeasonMonthsOverrideTests" name="PropertySeasonMonthsOverride_SetMonths_WithValidMonths_UpdatesMonthsAndTimestamp" />
    </UnitTest>
    <UnitTest name="BuckScience.Tests.PhotoFilteringIntegrationTests.BuildFilters_WithNoParameters_ReturnsNull" storage="/home/runner/work/buckscienceapp/buckscienceapp/tests/buckscience.tests/bin/debug/net8.0/buckscience.tests.dll" id="697a3a18-bb68-1bc4-ecac-a4680501e02f">
      <Execution id="004a2072-fa18-4025-9d24-af7cf5066ea7" />
      <TestMethod codeBase="/home/runner/work/BuckScienceApp/BuckScienceApp/tests/BuckScience.Tests/bin/Debug/net8.0/BuckScience.Tests.dll" adapterTypeName="executor://xunit/VsTestRunner2/netcoreapp" className="BuckScience.Tests.PhotoFilteringIntegrationTests" name="BuildFilters_WithNoParameters_ReturnsNull" />
    </UnitTest>
    <UnitTest name="BuckScience.Tests.DirectionHelperTests.FromFloat_ShouldReturnCorrectDirection(degrees: 270, expectedDirection: W)" storage="/home/runner/work/buckscienceapp/buckscienceapp/tests/buckscience.tests/bin/debug/net8.0/buckscience.tests.dll" id="77c94a3a-bf51-e754-8b05-8ef3b5f32220">
      <Execution id="e0f9b0f3-18c9-49ce-beb4-58e25e2b2717" />
      <TestMethod codeBase="/home/runner/work/BuckScienceApp/BuckScienceApp/tests/BuckScience.Tests/bin/Debug/net8.0/BuckScience.Tests.dll" adapterTypeName="executor://xunit/VsTestRunner2/netcoreapp" className="BuckScience.Tests.DirectionHelperTests" name="FromFloat_ShouldReturnCorrectDirection" />
    </UnitTest>
    <UnitTest name="BuckScience.Tests.Web.Helpers.WeatherHelpersTests.ConvertWindDirectionToText_VariousAngles_ReturnsCorrectDirection(degrees: 67.5, expected: &quot;ENE&quot;)" storage="/home/runner/work/buckscienceapp/buckscienceapp/tests/buckscience.tests/bin/debug/net8.0/buckscience.tests.dll" id="3f5baae7-b2ef-0a09-bc51-f8b04a3acced">
      <Execution id="8cf133ab-7846-4c81-be66-bf2a738d19bb" />
      <TestMethod codeBase="/home/runner/work/BuckScienceApp/BuckScienceApp/tests/BuckScience.Tests/bin/Debug/net8.0/BuckScience.Tests.dll" adapterTypeName="executor://xunit/VsTestRunner2/netcoreapp" className="BuckScience.Tests.Web.Helpers.WeatherHelpersTests" name="ConvertWindDirectionToText_VariousAngles_ReturnsCorrectDirection" />
    </UnitTest>
    <UnitTest name="BuckScience.Tests.Application.PropertyFeatureApplicationTests.CreatePropertyFeature_WithWeight_CreatesFeatureWithWeight" storage="/home/runner/work/buckscienceapp/buckscienceapp/tests/buckscience.tests/bin/debug/net8.0/buckscience.tests.dll" id="b737e5bb-0356-fd2c-e9f5-061fb14537a5">
      <Execution id="4a358d17-de13-474c-b579-632d8bfd22f9" />
      <TestMethod codeBase="/home/runner/work/BuckScienceApp/BuckScienceApp/tests/BuckScience.Tests/bin/Debug/net8.0/BuckScience.Tests.dll" adapterTypeName="executor://xunit/VsTestRunner2/netcoreapp" className="BuckScience.Tests.Application.PropertyFeatureApplicationTests" name="CreatePropertyFeature_WithWeight_CreatesFeatureWithWeight" />
    </UnitTest>
    <UnitTest name="BuckScience.Tests.Domain.PropertyFeatureTests.SetWeight_WithInvalidWeight_ThrowsArgumentOutOfRangeException(weight: 1.10000002)" storage="/home/runner/work/buckscienceapp/buckscienceapp/tests/buckscience.tests/bin/debug/net8.0/buckscience.tests.dll" id="99b19fe9-9646-fec1-29a0-b1e5f49baebb">
      <Execution id="cad59544-91b0-4d42-a1f4-5fc833e62706" />
      <TestMethod codeBase="/home/runner/work/BuckScienceApp/BuckScienceApp/tests/BuckScience.Tests/bin/Debug/net8.0/BuckScience.Tests.dll" adapterTypeName="executor://xunit/VsTestRunner2/netcoreapp" className="BuckScience.Tests.Domain.PropertyFeatureTests" name="SetWeight_WithInvalidWeight_ThrowsArgumentOutOfRangeException" />
    </UnitTest>
    <UnitTest name="BuckScience.Tests.Domain.FeatureWeightTests.FeatureWeightHelper_GetDefaultWeight_ReturnsExpectedValues(type: BeddingArea, expectedWeight: 0.899999976)" storage="/home/runner/work/buckscienceapp/buckscienceapp/tests/buckscience.tests/bin/debug/net8.0/buckscience.tests.dll" id="08ddb4d1-1ea9-4a39-f70b-490a5dd2fdfe">
      <Execution id="4e4b1702-586b-4314-9f7c-444e8a48e27b" />
      <TestMethod codeBase="/home/runner/work/BuckScienceApp/BuckScienceApp/tests/BuckScience.Tests/bin/Debug/net8.0/BuckScience.Tests.dll" adapterTypeName="executor://xunit/VsTestRunner2/netcoreapp" className="BuckScience.Tests.Domain.FeatureWeightTests" name="FeatureWeightHelper_GetDefaultWeight_ReturnsExpectedValues" />
    </UnitTest>
    <UnitTest name="BuckScience.Tests.Web.Helpers.WeatherHelpersTests.GetWindDirectionOptions_WithEmptyAvailable_AllUnavailable" storage="/home/runner/work/buckscienceapp/buckscienceapp/tests/buckscience.tests/bin/debug/net8.0/buckscience.tests.dll" id="8dc17fe0-66a4-6cf2-3749-0f755c367e4d">
      <Execution id="f64d0b23-3e80-47fd-aac1-a2350629ea32" />
      <TestMethod codeBase="/home/runner/work/BuckScienceApp/BuckScienceApp/tests/BuckScience.Tests/bin/Debug/net8.0/BuckScience.Tests.dll" adapterTypeName="executor://xunit/VsTestRunner2/netcoreapp" className="BuckScience.Tests.Web.Helpers.WeatherHelpersTests" name="GetWindDirectionOptions_WithEmptyAvailable_AllUnavailable" />
    </UnitTest>
    <UnitTest name="BuckScience.Tests.Web.Helpers.WeatherHelpersTests.ConvertWindDirectionToText_VariousAngles_ReturnsCorrectDirection(degrees: 348.74000000000001, expected: &quot;NNW&quot;)" storage="/home/runner/work/buckscienceapp/buckscienceapp/tests/buckscience.tests/bin/debug/net8.0/buckscience.tests.dll" id="9f164cb9-b0ee-2833-0b35-619b21bae903">
      <Execution id="aee8a26c-9593-4978-8d29-01ada590376d" />
      <TestMethod codeBase="/home/runner/work/BuckScienceApp/BuckScienceApp/tests/BuckScience.Tests/bin/Debug/net8.0/BuckScience.Tests.dll" adapterTypeName="executor://xunit/VsTestRunner2/netcoreapp" className="BuckScience.Tests.Web.Helpers.WeatherHelpersTests" name="ConvertWindDirectionToText_VariousAngles_ReturnsCorrectDirection" />
    </UnitTest>
    <UnitTest name="BuckScience.Tests.Web.Helpers.WeatherHelpersTests.ConvertWindDirectionToText_VariousAngles_ReturnsCorrectDirection(degrees: 90, expected: &quot;E&quot;)" storage="/home/runner/work/buckscienceapp/buckscienceapp/tests/buckscience.tests/bin/debug/net8.0/buckscience.tests.dll" id="282510b6-3046-16e6-500c-da1402387fc9">
      <Execution id="fb12fdda-d01c-440d-a79b-b34b27fbf85c" />
      <TestMethod codeBase="/home/runner/work/BuckScienceApp/BuckScienceApp/tests/BuckScience.Tests/bin/Debug/net8.0/BuckScience.Tests.dll" adapterTypeName="executor://xunit/VsTestRunner2/netcoreapp" className="BuckScience.Tests.Web.Helpers.WeatherHelpersTests" name="ConvertWindDirectionToText_VariousAngles_ReturnsCorrectDirection" />
    </UnitTest>
    <UnitTest name="BuckScience.Tests.Web.Helpers.WeatherHelpersTests.ConvertWindDirectionToText_VariousAngles_ReturnsCorrectDirection(degrees: 225, expected: &quot;SW&quot;)" storage="/home/runner/work/buckscienceapp/buckscienceapp/tests/buckscience.tests/bin/debug/net8.0/buckscience.tests.dll" id="5184c208-ba66-a1eb-00ca-490830c3b61a">
      <Execution id="f7562fba-0510-4445-8928-5189167c2636" />
      <TestMethod codeBase="/home/runner/work/BuckScienceApp/BuckScienceApp/tests/BuckScience.Tests/bin/Debug/net8.0/BuckScience.Tests.dll" adapterTypeName="executor://xunit/VsTestRunner2/netcoreapp" className="BuckScience.Tests.Web.Helpers.WeatherHelpersTests" name="ConvertWindDirectionToText_VariousAngles_ReturnsCorrectDirection" />
    </UnitTest>
    <UnitTest name="BuckScience.Tests.Domain.PropertyFeatureTests.Constructor_WithValidWeight_SetsWeightCorrectly(weight: 0)" storage="/home/runner/work/buckscienceapp/buckscienceapp/tests/buckscience.tests/bin/debug/net8.0/buckscience.tests.dll" id="b173cbcd-a6a7-597f-40e4-5532d9298452">
      <Execution id="14ff348e-bfb4-4612-a850-73612883f5be" />
      <TestMethod codeBase="/home/runner/work/BuckScienceApp/BuckScienceApp/tests/BuckScience.Tests/bin/Debug/net8.0/BuckScience.Tests.dll" adapterTypeName="executor://xunit/VsTestRunner2/netcoreapp" className="BuckScience.Tests.Domain.PropertyFeatureTests" name="Constructor_WithValidWeight_SetsWeightCorrectly" />
    </UnitTest>
    <UnitTest name="BuckScience.Tests.PhotoFilteringComprehensiveTests.PropertyPhotosVm_WithFilters_CorrectProperties" storage="/home/runner/work/buckscienceapp/buckscienceapp/tests/buckscience.tests/bin/debug/net8.0/buckscience.tests.dll" id="2cc2759a-0e74-d1e3-53c0-3d706804902c">
      <Execution id="5a61a44a-570a-47a8-9308-9524e4da2a4a" />
      <TestMethod codeBase="/home/runner/work/BuckScienceApp/BuckScienceApp/tests/BuckScience.Tests/bin/Debug/net8.0/BuckScience.Tests.dll" adapterTypeName="executor://xunit/VsTestRunner2/netcoreapp" className="BuckScience.Tests.PhotoFilteringComprehensiveTests" name="PropertyPhotosVm_WithFilters_CorrectProperties" />
    </UnitTest>
    <UnitTest name="BuckScience.Tests.TagCleanupTests.RemoveTagFromPhotos_ShouldNotRemoveDefaultTag_EvenWhenUnused" storage="/home/runner/work/buckscienceapp/buckscienceapp/tests/buckscience.tests/bin/debug/net8.0/buckscience.tests.dll" id="c32ae7c7-19e6-4795-4595-b867002163f4">
      <Execution id="a1cef97a-41ac-49c2-af66-e399cd97042e" />
      <TestMethod codeBase="/home/runner/work/BuckScienceApp/BuckScienceApp/tests/BuckScience.Tests/bin/Debug/net8.0/BuckScience.Tests.dll" adapterTypeName="executor://xunit/VsTestRunner2/netcoreapp" className="BuckScience.Tests.TagCleanupTests" name="RemoveTagFromPhotos_ShouldNotRemoveDefaultTag_EvenWhenUnused" />
    </UnitTest>
    <UnitTest name="BuckScience.Tests.Web.Helpers.WeatherHelpersTests.ConvertWindDirectionToText_VariousAngles_ReturnsCorrectDirection(degrees: 337.5, expected: &quot;NNW&quot;)" storage="/home/runner/work/buckscienceapp/buckscienceapp/tests/buckscience.tests/bin/debug/net8.0/buckscience.tests.dll" id="b96d0d20-292a-e609-b515-79cd877929d7">
      <Execution id="9301ddf4-297a-4071-9b53-46ff6df0c16f" />
      <TestMethod codeBase="/home/runner/work/BuckScienceApp/BuckScienceApp/tests/BuckScience.Tests/bin/Debug/net8.0/BuckScience.Tests.dll" adapterTypeName="executor://xunit/VsTestRunner2/netcoreapp" className="BuckScience.Tests.Web.Helpers.WeatherHelpersTests" name="ConvertWindDirectionToText_VariousAngles_ReturnsCorrectDirection" />
    </UnitTest>
    <UnitTest name="BuckScience.Tests.PhotoFilteringIntegrationTests.BuildFilters_WithInvalidCameraPlacementHistoryIds_IgnoresInvalidIds" storage="/home/runner/work/buckscienceapp/buckscienceapp/tests/buckscience.tests/bin/debug/net8.0/buckscience.tests.dll" id="0a4fef64-4b22-b6e1-3068-172d5dc1b64f">
      <Execution id="585887a9-2712-4a50-9a05-867f5cb19bfd" />
      <TestMethod codeBase="/home/runner/work/BuckScienceApp/BuckScienceApp/tests/BuckScience.Tests/bin/Debug/net8.0/BuckScience.Tests.dll" adapterTypeName="executor://xunit/VsTestRunner2/netcoreapp" className="BuckScience.Tests.PhotoFilteringIntegrationTests" name="BuildFilters_WithInvalidCameraPlacementHistoryIds_IgnoresInvalidIds" />
    </UnitTest>
    <UnitTest name="BuckScience.Tests.WeatherBatchProcessingTests.PhotoGrouping_ShouldGroupByLocationAndDate" storage="/home/runner/work/buckscienceapp/buckscienceapp/tests/buckscience.tests/bin/debug/net8.0/buckscience.tests.dll" id="3f4d3f91-09a2-a334-5932-6e78104fd8ba">
      <Execution id="b62535a8-c4e9-4c58-b35b-6b775f28a1be" />
      <TestMethod codeBase="/home/runner/work/BuckScienceApp/BuckScienceApp/tests/BuckScience.Tests/bin/Debug/net8.0/BuckScience.Tests.dll" adapterTypeName="executor://xunit/VsTestRunner2/netcoreapp" className="BuckScience.Tests.WeatherBatchProcessingTests" name="PhotoGrouping_ShouldGroupByLocationAndDate" />
    </UnitTest>
    <UnitTest name="BuckScience.Tests.CameraCreateVmTests.CameraCreateVm_DirectionSync_ShouldWorkForAllDirections(direction: S, expectedDegrees: 180)" storage="/home/runner/work/buckscienceapp/buckscienceapp/tests/buckscience.tests/bin/debug/net8.0/buckscience.tests.dll" id="3fd3b076-d6e9-95cb-3f37-7d353eff3a42">
      <Execution id="975bb5ac-919f-430b-a28a-c05cfb1e8087" />
      <TestMethod codeBase="/home/runner/work/BuckScienceApp/BuckScienceApp/tests/BuckScience.Tests/bin/Debug/net8.0/BuckScience.Tests.dll" adapterTypeName="executor://xunit/VsTestRunner2/netcoreapp" className="BuckScience.Tests.CameraCreateVmTests" name="CameraCreateVm_DirectionSync_ShouldWorkForAllDirections" />
    </UnitTest>
    <UnitTest name="BuckScience.Tests.Domain.SeasonExtensionsTests.GetDefaultMonths_EarlySeason_ReturnsCorrectMonths" storage="/home/runner/work/buckscienceapp/buckscienceapp/tests/buckscience.tests/bin/debug/net8.0/buckscience.tests.dll" id="1bb4d31b-4aa9-50a4-5ac5-e8f09827ba51">
      <Execution id="e45d89d5-7fed-435f-a194-e856a31f85d2" />
      <TestMethod codeBase="/home/runner/work/BuckScienceApp/BuckScienceApp/tests/BuckScience.Tests/bin/Debug/net8.0/BuckScience.Tests.dll" adapterTypeName="executor://xunit/VsTestRunner2/netcoreapp" className="BuckScience.Tests.Domain.SeasonExtensionsTests" name="GetDefaultMonths_EarlySeason_ReturnsCorrectMonths" />
    </UnitTest>
    <UnitTest name="BuckScience.Tests.Web.Helpers.WeatherHelpersTests.ConvertMoonPhaseTextToNumeric_ValidText_ReturnsCorrectValue(text: &quot;Full Moon&quot;, expected: 0.5)" storage="/home/runner/work/buckscienceapp/buckscienceapp/tests/buckscience.tests/bin/debug/net8.0/buckscience.tests.dll" id="a52561ca-dbe3-d21e-cc1f-fbc0bb577901">
      <Execution id="576086e7-4b80-4f88-b8a2-d168029cb12d" />
      <TestMethod codeBase="/home/runner/work/BuckScienceApp/BuckScienceApp/tests/BuckScience.Tests/bin/Debug/net8.0/BuckScience.Tests.dll" adapterTypeName="executor://xunit/VsTestRunner2/netcoreapp" className="BuckScience.Tests.Web.Helpers.WeatherHelpersTests" name="ConvertMoonPhaseTextToNumeric_ValidText_ReturnsCorrectValue" />
    </UnitTest>
    <UnitTest name="BuckScience.Tests.Web.Helpers.WeatherHelpersTests.ConvertWindDirectionTextToNumeric_ValidDirections_ReturnsCorrectDegrees(direction: &quot;E&quot;, expected: 90)" storage="/home/runner/work/buckscienceapp/buckscienceapp/tests/buckscience.tests/bin/debug/net8.0/buckscience.tests.dll" id="a4c9dc78-d66c-c69a-90ef-d545d65a1a43">
      <Execution id="31e953c9-befe-4413-acab-97b0115d3580" />
      <TestMethod codeBase="/home/runner/work/BuckScienceApp/BuckScienceApp/tests/BuckScience.Tests/bin/Debug/net8.0/BuckScience.Tests.dll" adapterTypeName="executor://xunit/VsTestRunner2/netcoreapp" className="BuckScience.Tests.Web.Helpers.WeatherHelpersTests" name="ConvertWindDirectionTextToNumeric_ValidDirections_ReturnsCorrectDegrees" />
    </UnitTest>
    <UnitTest name="BuckScience.Tests.PhotoFilteringUrlExamples.PhotoFiltering_RealWorldScenario_TempAndCameraFilter" storage="/home/runner/work/buckscienceapp/buckscienceapp/tests/buckscience.tests/bin/debug/net8.0/buckscience.tests.dll" id="9cd7f192-bb9b-abd8-007d-2585a8ffb5e9">
      <Execution id="7480a53a-3246-4ed5-8a70-21646fb69c8b" />
      <TestMethod codeBase="/home/runner/work/BuckScienceApp/BuckScienceApp/tests/BuckScience.Tests/bin/Debug/net8.0/BuckScience.Tests.dll" adapterTypeName="executor://xunit/VsTestRunner2/netcoreapp" className="BuckScience.Tests.PhotoFilteringUrlExamples" name="PhotoFiltering_RealWorldScenario_TempAndCameraFilter" />
    </UnitTest>
    <UnitTest name="BuckScience.Tests.DirectionHelperTests.ToFloat_ShouldReturnCorrectDegrees(direction: W, expectedDegrees: 270)" storage="/home/runner/work/buckscienceapp/buckscienceapp/tests/buckscience.tests/bin/debug/net8.0/buckscience.tests.dll" id="e59f6969-24d1-ee70-57fe-d99344040a63">
      <Execution id="6de90e1a-8ee2-4d0f-8202-a1d5b9989118" />
      <TestMethod codeBase="/home/runner/work/BuckScienceApp/BuckScienceApp/tests/BuckScience.Tests/bin/Debug/net8.0/BuckScience.Tests.dll" adapterTypeName="executor://xunit/VsTestRunner2/netcoreapp" className="BuckScience.Tests.DirectionHelperTests" name="ToFloat_ShouldReturnCorrectDegrees" />
    </UnitTest>
    <UnitTest name="BuckScience.Tests.Web.Helpers.WeatherHelpersTests.ConvertMoonPhaseTextToNumeric_ValidText_ReturnsCorrectValue(text: &quot;Waning Crescent&quot;, expected: 0.875)" storage="/home/runner/work/buckscienceapp/buckscienceapp/tests/buckscience.tests/bin/debug/net8.0/buckscience.tests.dll" id="dfe6a45f-34c2-c767-91dd-1f8de6538cc0">
      <Execution id="a115a6ba-4ea2-41f7-94de-044bf7056f2f" />
      <TestMethod codeBase="/home/runner/work/BuckScienceApp/BuckScienceApp/tests/BuckScience.Tests/bin/Debug/net8.0/BuckScience.Tests.dll" adapterTypeName="executor://xunit/VsTestRunner2/netcoreapp" className="BuckScience.Tests.Web.Helpers.WeatherHelpersTests" name="ConvertMoonPhaseTextToNumeric_ValidText_ReturnsCorrectValue" />
    </UnitTest>
    <UnitTest name="BuckScience.Tests.Domain.FeatureWeightTests.FeatureWeightHelper_GetCategory_ReturnsCorrectCategory(type: Creek, expectedCategory: ResourceWater)" storage="/home/runner/work/buckscienceapp/buckscienceapp/tests/buckscience.tests/bin/debug/net8.0/buckscience.tests.dll" id="1d2cb59d-b905-737a-61a2-6d873910d1e1">
      <Execution id="3921de34-321e-470e-a24f-c3a9b040aed2" />
      <TestMethod codeBase="/home/runner/work/BuckScienceApp/BuckScienceApp/tests/BuckScience.Tests/bin/Debug/net8.0/BuckScience.Tests.dll" adapterTypeName="executor://xunit/VsTestRunner2/netcoreapp" className="BuckScience.Tests.Domain.FeatureWeightTests" name="FeatureWeightHelper_GetCategory_ReturnsCorrectCategory" />
    </UnitTest>
    <UnitTest name="BuckScience.Tests.Application.PropertyFeatureApplicationTests.UpdatePropertyFeature_WithInvalidWeight_ThrowsArgumentOutOfRangeException" storage="/home/runner/work/buckscienceapp/buckscienceapp/tests/buckscience.tests/bin/debug/net8.0/buckscience.tests.dll" id="1346760c-63cd-b7f1-1c05-6d40bed27cce">
      <Execution id="101810f6-eda5-40b5-862a-a8cb217edbee" />
      <TestMethod codeBase="/home/runner/work/BuckScienceApp/BuckScienceApp/tests/BuckScience.Tests/bin/Debug/net8.0/BuckScience.Tests.dll" adapterTypeName="executor://xunit/VsTestRunner2/netcoreapp" className="BuckScience.Tests.Application.PropertyFeatureApplicationTests" name="UpdatePropertyFeature_WithInvalidWeight_ThrowsArgumentOutOfRangeException" />
    </UnitTest>
    <UnitTest name="BuckScience.Tests.FeatureHelperTests.FeatureNames_ShouldContainAllClassificationTypes" storage="/home/runner/work/buckscienceapp/buckscienceapp/tests/buckscience.tests/bin/debug/net8.0/buckscience.tests.dll" id="5ad698c0-31c3-b3d2-caa9-9fa5ad866948">
      <Execution id="359390ae-f98b-4bcd-95a9-4b80477bf3ac" />
      <TestMethod codeBase="/home/runner/work/BuckScienceApp/BuckScienceApp/tests/BuckScience.Tests/bin/Debug/net8.0/BuckScience.Tests.dll" adapterTypeName="executor://xunit/VsTestRunner2/netcoreapp" className="BuckScience.Tests.FeatureHelperTests" name="FeatureNames_ShouldContainAllClassificationTypes" />
    </UnitTest>
    <UnitTest name="BuckScience.Tests.PhotoFilteringUrlExamples.BuildFilters_UrlParameters_ShouldParseCorrectly(urlParams: &quot;tempMin=20&quot;, expectedTempMin: 20, expectedTempMax: null, expectedWindMin: null, expectedWindMax: null)" storage="/home/runner/work/buckscienceapp/buckscienceapp/tests/buckscience.tests/bin/debug/net8.0/buckscience.tests.dll" id="69b65817-cd82-0a96-5e68-ab587e27eb95">
      <Execution id="84e8d869-fc92-44de-9afe-34d5d2e4437b" />
      <TestMethod codeBase="/home/runner/work/BuckScienceApp/BuckScienceApp/tests/BuckScience.Tests/bin/Debug/net8.0/BuckScience.Tests.dll" adapterTypeName="executor://xunit/VsTestRunner2/netcoreapp" className="BuckScience.Tests.PhotoFilteringUrlExamples" name="BuildFilters_UrlParameters_ShouldParseCorrectly" />
    </UnitTest>
    <UnitTest name="BuckScience.Tests.Web.Helpers.WeatherHelpersTests.ConvertWindDirectionToText_VariousAngles_ReturnsCorrectDirection(degrees: 11.25, expected: &quot;NNE&quot;)" storage="/home/runner/work/buckscienceapp/buckscienceapp/tests/buckscience.tests/bin/debug/net8.0/buckscience.tests.dll" id="59d49ae8-fe17-c8a4-30e6-e31bf9671e6d">
      <Execution id="3076274a-0fe8-4e0b-850c-0565d6c935e4" />
      <TestMethod codeBase="/home/runner/work/BuckScienceApp/BuckScienceApp/tests/BuckScience.Tests/bin/Debug/net8.0/BuckScience.Tests.dll" adapterTypeName="executor://xunit/VsTestRunner2/netcoreapp" className="BuckScience.Tests.Web.Helpers.WeatherHelpersTests" name="ConvertWindDirectionToText_VariousAngles_ReturnsCorrectDirection" />
    </UnitTest>
    <UnitTest name="BuckScience.Tests.TagCleanupTests.RemoveTagFromPhotos_ShouldCleanupPropertyTag_WhenNoOtherPhotosOnPropertyUseTag" storage="/home/runner/work/buckscienceapp/buckscienceapp/tests/buckscience.tests/bin/debug/net8.0/buckscience.tests.dll" id="d10743fd-41b6-9a87-757a-05484dce75fb">
      <Execution id="8adaac55-13c7-4497-abac-20209cc804d4" />
      <TestMethod codeBase="/home/runner/work/BuckScienceApp/BuckScienceApp/tests/BuckScience.Tests/bin/Debug/net8.0/BuckScience.Tests.dll" adapterTypeName="executor://xunit/VsTestRunner2/netcoreapp" className="BuckScience.Tests.TagCleanupTests" name="RemoveTagFromPhotos_ShouldCleanupPropertyTag_WhenNoOtherPhotosOnPropertyUseTag" />
    </UnitTest>
    <UnitTest name="BuckScience.Tests.Domain.SeasonExtensionsTests.GetDefaultMonths_ReturnsArrayCopy_PreventsMutation" storage="/home/runner/work/buckscienceapp/buckscienceapp/tests/buckscience.tests/bin/debug/net8.0/buckscience.tests.dll" id="29c59d8d-b92b-cfb2-1c78-b6b82406cb09">
      <Execution id="ccba3d91-8744-425d-9bd6-132cf9383a3a" />
      <TestMethod codeBase="/home/runner/work/BuckScienceApp/BuckScienceApp/tests/BuckScience.Tests/bin/Debug/net8.0/BuckScience.Tests.dll" adapterTypeName="executor://xunit/VsTestRunner2/netcoreapp" className="BuckScience.Tests.Domain.SeasonExtensionsTests" name="GetDefaultMonths_ReturnsArrayCopy_PreventsMutation" />
    </UnitTest>
    <UnitTest name="BuckScience.Tests.PhotoPlacementHistoryTests.Photo_SetCameraPlacementHistory_ShouldThrowForInvalidId" storage="/home/runner/work/buckscienceapp/buckscienceapp/tests/buckscience.tests/bin/debug/net8.0/buckscience.tests.dll" id="87537a65-edc4-293b-e0c7-ff87f3dc8e79">
      <Execution id="038ca0e1-3cc3-49ed-b7e5-4555726ec4d3" />
      <TestMethod codeBase="/home/runner/work/BuckScienceApp/BuckScienceApp/tests/BuckScience.Tests/bin/Debug/net8.0/BuckScience.Tests.dll" adapterTypeName="executor://xunit/VsTestRunner2/netcoreapp" className="BuckScience.Tests.PhotoPlacementHistoryTests" name="Photo_SetCameraPlacementHistory_ShouldThrowForInvalidId" />
    </UnitTest>
    <UnitTest name="BuckScience.Tests.TaggingSystemTests.GetOrCreateTag_ShouldThrowException_WhenTagNameIsInvalid(invalidTagName: &quot;&quot;)" storage="/home/runner/work/buckscienceapp/buckscienceapp/tests/buckscience.tests/bin/debug/net8.0/buckscience.tests.dll" id="f2a53262-1031-8641-ce23-2061a5c39410">
      <Execution id="7164cb9b-d6af-4335-904d-9c93cef35487" />
      <TestMethod codeBase="/home/runner/work/BuckScienceApp/BuckScienceApp/tests/BuckScience.Tests/bin/Debug/net8.0/BuckScience.Tests.dll" adapterTypeName="executor://xunit/VsTestRunner2/netcoreapp" className="BuckScience.Tests.TaggingSystemTests" name="GetOrCreateTag_ShouldThrowException_WhenTagNameIsInvalid" />
    </UnitTest>
    <UnitTest name="BuckScience.Tests.Domain.MonthsAttributeTests.MonthsAttribute_Constructor_WithInvalidMonth_ThrowsArgumentOutOfRangeException(invalidMonth: 0)" storage="/home/runner/work/buckscienceapp/buckscienceapp/tests/buckscience.tests/bin/debug/net8.0/buckscience.tests.dll" id="68647ad1-4f74-1b97-159d-5659e9979e01">
      <Execution id="8e004c1b-c633-4e23-8b3f-49182b947ecf" />
      <TestMethod codeBase="/home/runner/work/BuckScienceApp/BuckScienceApp/tests/BuckScience.Tests/bin/Debug/net8.0/BuckScience.Tests.dll" adapterTypeName="executor://xunit/VsTestRunner2/netcoreapp" className="BuckScience.Tests.Domain.MonthsAttributeTests" name="MonthsAttribute_Constructor_WithInvalidMonth_ThrowsArgumentOutOfRangeException" />
    </UnitTest>
    <UnitTest name="BuckScience.Tests.PhotoPlacementHistoryTests.Photo_SetCameraPlacementHistory_ShouldSetValue" storage="/home/runner/work/buckscienceapp/buckscienceapp/tests/buckscience.tests/bin/debug/net8.0/buckscience.tests.dll" id="3d204cd7-14f8-bc71-3ad1-38415f6304bc">
      <Execution id="a71a6ba7-b30b-429b-b157-406234615dd7" />
      <TestMethod codeBase="/home/runner/work/BuckScienceApp/BuckScienceApp/tests/BuckScience.Tests/bin/Debug/net8.0/BuckScience.Tests.dll" adapterTypeName="executor://xunit/VsTestRunner2/netcoreapp" className="BuckScience.Tests.PhotoPlacementHistoryTests" name="Photo_SetCameraPlacementHistory_ShouldSetValue" />
    </UnitTest>
    <UnitTest name="BuckScience.Tests.Web.Helpers.WeatherHelpersTests.ConvertWindDirectionTextToNumeric_ValidDirections_ReturnsCorrectDegrees(direction: &quot;NE&quot;, expected: 45)" storage="/home/runner/work/buckscienceapp/buckscienceapp/tests/buckscience.tests/bin/debug/net8.0/buckscience.tests.dll" id="df8d3f6f-dec6-fe48-30b1-4504bb2aa651">
      <Execution id="a09f4564-b370-4b97-9b89-a2819c5dd41f" />
      <TestMethod codeBase="/home/runner/work/BuckScienceApp/BuckScienceApp/tests/BuckScience.Tests/bin/Debug/net8.0/BuckScience.Tests.dll" adapterTypeName="executor://xunit/VsTestRunner2/netcoreapp" className="BuckScience.Tests.Web.Helpers.WeatherHelpersTests" name="ConvertWindDirectionTextToNumeric_ValidDirections_ReturnsCorrectDegrees" />
    </UnitTest>
    <UnitTest name="BuckScience.Tests.Domain.FeatureWeightTests.FeatureWeight_IsCustom_DefaultsToFalse" storage="/home/runner/work/buckscienceapp/buckscienceapp/tests/buckscience.tests/bin/debug/net8.0/buckscience.tests.dll" id="f34471f4-815a-4ec3-4038-5fedcb003a99">
      <Execution id="ecd0c596-6658-40c5-84c6-746703176dbd" />
      <TestMethod codeBase="/home/runner/work/BuckScienceApp/BuckScienceApp/tests/BuckScience.Tests/bin/Debug/net8.0/BuckScience.Tests.dll" adapterTypeName="executor://xunit/VsTestRunner2/netcoreapp" className="BuckScience.Tests.Domain.FeatureWeightTests" name="FeatureWeight_IsCustom_DefaultsToFalse" />
    </UnitTest>
    <UnitTest name="BuckScience.Tests.WeatherBatchProcessingTests.WeatherService_ShouldRoundCoordinatesConsistently" storage="/home/runner/work/buckscienceapp/buckscienceapp/tests/buckscience.tests/bin/debug/net8.0/buckscience.tests.dll" id="b1f41500-5f15-b967-f0a8-55e935ea7819">
      <Execution id="fc6ac69a-a957-4716-bef2-59c2a2a043ef" />
      <TestMethod codeBase="/home/runner/work/BuckScienceApp/BuckScienceApp/tests/BuckScience.Tests/bin/Debug/net8.0/BuckScience.Tests.dll" adapterTypeName="executor://xunit/VsTestRunner2/netcoreapp" className="BuckScience.Tests.WeatherBatchProcessingTests" name="WeatherService_ShouldRoundCoordinatesConsistently" />
    </UnitTest>
    <UnitTest name="BuckScience.Tests.Domain.PropertySeasonMonthsOverrideTests.PropertySeasonMonthsOverride_SetMonths_WithEmptyArray_ClearsMonths" storage="/home/runner/work/buckscienceapp/buckscienceapp/tests/buckscience.tests/bin/debug/net8.0/buckscience.tests.dll" id="75f4d661-9754-0157-eb91-1cb0c3ea30c4">
      <Execution id="49834cc5-ff4c-4fa2-ba1b-93459883ea87" />
      <TestMethod codeBase="/home/runner/work/BuckScienceApp/BuckScienceApp/tests/BuckScience.Tests/bin/Debug/net8.0/BuckScience.Tests.dll" adapterTypeName="executor://xunit/VsTestRunner2/netcoreapp" className="BuckScience.Tests.Domain.PropertySeasonMonthsOverrideTests" name="PropertySeasonMonthsOverride_SetMonths_WithEmptyArray_ClearsMonths" />
    </UnitTest>
    <UnitTest name="BuckScience.Tests.DirectionHelperTests.FromFloat_ShouldReturnCorrectDirection(degrees: 225, expectedDirection: SW)" storage="/home/runner/work/buckscienceapp/buckscienceapp/tests/buckscience.tests/bin/debug/net8.0/buckscience.tests.dll" id="88b5a428-7422-548a-ca90-5bd2a62420ae">
      <Execution id="68127960-71c4-4952-8ecb-4d05f26958a2" />
      <TestMethod codeBase="/home/runner/work/BuckScienceApp/BuckScienceApp/tests/BuckScience.Tests/bin/Debug/net8.0/BuckScience.Tests.dll" adapterTypeName="executor://xunit/VsTestRunner2/netcoreapp" className="BuckScience.Tests.DirectionHelperTests" name="FromFloat_ShouldReturnCorrectDirection" />
    </UnitTest>
    <UnitTest name="BuckScience.Tests.Web.Helpers.WeatherHelpersTests.ConvertWindDirectionToText_VariousAngles_ReturnsCorrectDirection(degrees: 11.24, expected: &quot;N&quot;)" storage="/home/runner/work/buckscienceapp/buckscienceapp/tests/buckscience.tests/bin/debug/net8.0/buckscience.tests.dll" id="b8a41320-c868-9123-86b4-03e71d0ff6ef">
      <Execution id="4ed5c093-30ca-43c8-937f-cce5f79f9611" />
      <TestMethod codeBase="/home/runner/work/BuckScienceApp/BuckScienceApp/tests/BuckScience.Tests/bin/Debug/net8.0/BuckScience.Tests.dll" adapterTypeName="executor://xunit/VsTestRunner2/netcoreapp" className="BuckScience.Tests.Web.Helpers.WeatherHelpersTests" name="ConvertWindDirectionToText_VariousAngles_ReturnsCorrectDirection" />
    </UnitTest>
    <UnitTest name="BuckScience.Tests.Domain.PropertySeasonMonthsOverrideTests.PropertySeasonMonthsOverride_Constructor_WithInvalidMonths_ThrowsArgumentOutOfRangeException(invalidMonths: [0])" storage="/home/runner/work/buckscienceapp/buckscienceapp/tests/buckscience.tests/bin/debug/net8.0/buckscience.tests.dll" id="2e93bee1-fb36-0850-7490-5577524da5c2">
      <Execution id="ff1d73f5-d66a-4801-9521-2549e4354855" />
      <TestMethod codeBase="/home/runner/work/BuckScienceApp/BuckScienceApp/tests/BuckScience.Tests/bin/Debug/net8.0/BuckScience.Tests.dll" adapterTypeName="executor://xunit/VsTestRunner2/netcoreapp" className="BuckScience.Tests.Domain.PropertySeasonMonthsOverrideTests" name="PropertySeasonMonthsOverride_Constructor_WithInvalidMonths_ThrowsArgumentOutOfRangeException" />
    </UnitTest>
    <UnitTest name="BuckScience.Tests.Web.Helpers.WeatherHelpersTests.ConvertMoonPhaseTextToNumeric_InvalidText_ReturnsNull(text: &quot;Invalid Phase&quot;)" storage="/home/runner/work/buckscienceapp/buckscienceapp/tests/buckscience.tests/bin/debug/net8.0/buckscience.tests.dll" id="e531c44f-a81a-259c-843c-505a398d8b55">
      <Execution id="f6ab1c73-0da2-429a-b511-f7ed9785e383" />
      <TestMethod codeBase="/home/runner/work/BuckScienceApp/BuckScienceApp/tests/BuckScience.Tests/bin/Debug/net8.0/BuckScience.Tests.dll" adapterTypeName="executor://xunit/VsTestRunner2/netcoreapp" className="BuckScience.Tests.Web.Helpers.WeatherHelpersTests" name="ConvertMoonPhaseTextToNumeric_InvalidText_ReturnsNull" />
    </UnitTest>
    <UnitTest name="BuckScience.Tests.Domain.PropertySeasonMonthsOverrideTests.PropertySeasonMonthsOverride_GetMonths_WithCorruptedJson_ReturnsNull" storage="/home/runner/work/buckscienceapp/buckscienceapp/tests/buckscience.tests/bin/debug/net8.0/buckscience.tests.dll" id="08260a64-8541-0630-0fbb-fef9aaa19f85">
      <Execution id="11b3541a-e3f0-4926-9b0c-30961f55bd11" />
      <TestMethod codeBase="/home/runner/work/BuckScienceApp/BuckScienceApp/tests/BuckScience.Tests/bin/Debug/net8.0/BuckScience.Tests.dll" adapterTypeName="executor://xunit/VsTestRunner2/netcoreapp" className="BuckScience.Tests.Domain.PropertySeasonMonthsOverrideTests" name="PropertySeasonMonthsOverride_GetMonths_WithCorruptedJson_ReturnsNull" />
    </UnitTest>
    <UnitTest name="BuckScience.Tests.TaggingIntegrationTests.EndToEndTaggingWorkflow_ShouldWorkCorrectly" storage="/home/runner/work/buckscienceapp/buckscienceapp/tests/buckscience.tests/bin/debug/net8.0/buckscience.tests.dll" id="46a7f553-bbcf-0c84-0101-71d2924c06c9">
      <Execution id="b4c35b19-cadf-4dcf-813a-2aa9ec7fa14d" />
      <TestMethod codeBase="/home/runner/work/BuckScienceApp/BuckScienceApp/tests/BuckScience.Tests/bin/Debug/net8.0/BuckScience.Tests.dll" adapterTypeName="executor://xunit/VsTestRunner2/netcoreapp" className="BuckScience.Tests.TaggingIntegrationTests" name="EndToEndTaggingWorkflow_ShouldWorkCorrectly" />
    </UnitTest>
    <UnitTest name="BuckScience.Tests.PhotoFilteringUrlExamples.BuildFilters_UrlParameters_ShouldParseCorrectly(urlParams: &quot;tempMax=25&quot;, expectedTempMin: null, expectedTempMax: 25, expectedWindMin: null, expectedWindMax: null)" storage="/home/runner/work/buckscienceapp/buckscienceapp/tests/buckscience.tests/bin/debug/net8.0/buckscience.tests.dll" id="78fd4f15-08d5-878b-fd2a-dd2d3bcc8384">
      <Execution id="b3f6e906-7fd5-45f4-b783-375fc6a1dfa0" />
      <TestMethod codeBase="/home/runner/work/BuckScienceApp/BuckScienceApp/tests/BuckScience.Tests/bin/Debug/net8.0/BuckScience.Tests.dll" adapterTypeName="executor://xunit/VsTestRunner2/netcoreapp" className="BuckScience.Tests.PhotoFilteringUrlExamples" name="BuildFilters_UrlParameters_ShouldParseCorrectly" />
    </UnitTest>
    <UnitTest name="BuckScience.Tests.Web.Helpers.WeatherHelpersTests.ConvertWindDirectionTextToNumeric_InvalidText_ReturnsNull(direction: &quot;&quot;)" storage="/home/runner/work/buckscienceapp/buckscienceapp/tests/buckscience.tests/bin/debug/net8.0/buckscience.tests.dll" id="8f75422e-f196-d0f3-b885-da9f9acf8fde">
      <Execution id="0839fe41-22ae-430b-a34f-421054228771" />
      <TestMethod codeBase="/home/runner/work/BuckScienceApp/BuckScienceApp/tests/BuckScience.Tests/bin/Debug/net8.0/BuckScience.Tests.dll" adapterTypeName="executor://xunit/VsTestRunner2/netcoreapp" className="BuckScience.Tests.Web.Helpers.WeatherHelpersTests" name="ConvertWindDirectionTextToNumeric_InvalidText_ReturnsNull" />
    </UnitTest>
    <UnitTest name="BuckScience.Tests.PhotoFilteringUrlExamples.BuildFilters_ConditionsParameters_ShouldParseCorrectly(conditions: &quot;Clear,Cloudy&quot;, expectedConditions: [&quot;Clear&quot;, &quot;Cloudy&quot;])" storage="/home/runner/work/buckscienceapp/buckscienceapp/tests/buckscience.tests/bin/debug/net8.0/buckscience.tests.dll" id="477057b0-3b6f-36a4-06fc-1b03c23a4da7">
      <Execution id="343a5810-4434-415b-9d72-b16c08ce3a7e" />
      <TestMethod codeBase="/home/runner/work/BuckScienceApp/BuckScienceApp/tests/BuckScience.Tests/bin/Debug/net8.0/BuckScience.Tests.dll" adapterTypeName="executor://xunit/VsTestRunner2/netcoreapp" className="BuckScience.Tests.PhotoFilteringUrlExamples" name="BuildFilters_ConditionsParameters_ShouldParseCorrectly" />
    </UnitTest>
    <UnitTest name="BuckScience.Tests.Domain.FeatureWeightTests.FeatureWeight_ResetToDefault_UpdatesTimestamp" storage="/home/runner/work/buckscienceapp/buckscienceapp/tests/buckscience.tests/bin/debug/net8.0/buckscience.tests.dll" id="c7c0db12-a7c7-5d4d-aeb3-925cdb576fb9">
      <Execution id="1993d235-c4ac-49e8-8bd6-40c39d09e644" />
      <TestMethod codeBase="/home/runner/work/BuckScienceApp/BuckScienceApp/tests/BuckScience.Tests/bin/Debug/net8.0/BuckScience.Tests.dll" adapterTypeName="executor://xunit/VsTestRunner2/netcoreapp" className="BuckScience.Tests.Domain.FeatureWeightTests" name="FeatureWeight_ResetToDefault_UpdatesTimestamp" />
    </UnitTest>
    <UnitTest name="BuckScience.Tests.Web.Helpers.WeatherHelpersTests.ConvertMoonPhaseToText_VariousValues_ReturnsCorrectText(phase: 0.59999999999999998, expected: &quot;Waning Gibbous&quot;)" storage="/home/runner/work/buckscienceapp/buckscienceapp/tests/buckscience.tests/bin/debug/net8.0/buckscience.tests.dll" id="48d95b96-b471-deb8-51bf-62c5a89928a2">
      <Execution id="d6327cab-e569-4e78-95e8-ed4943b3f270" />
      <TestMethod codeBase="/home/runner/work/BuckScienceApp/BuckScienceApp/tests/BuckScience.Tests/bin/Debug/net8.0/BuckScience.Tests.dll" adapterTypeName="executor://xunit/VsTestRunner2/netcoreapp" className="BuckScience.Tests.Web.Helpers.WeatherHelpersTests" name="ConvertMoonPhaseToText_VariousValues_ReturnsCorrectText" />
    </UnitTest>
    <UnitTest name="BuckScience.Tests.CameraPlacementHistoryTests.CameraEditVm_ShouldIncludeDirectionDegrees" storage="/home/runner/work/buckscienceapp/buckscienceapp/tests/buckscience.tests/bin/debug/net8.0/buckscience.tests.dll" id="42b838e4-a515-a0a8-9201-8a5607fcd950">
      <Execution id="d7a3e680-6afa-467a-8758-1bbfec77f5eb" />
      <TestMethod codeBase="/home/runner/work/BuckScienceApp/BuckScienceApp/tests/BuckScience.Tests/bin/Debug/net8.0/BuckScience.Tests.dll" adapterTypeName="executor://xunit/VsTestRunner2/netcoreapp" className="BuckScience.Tests.CameraPlacementHistoryTests" name="CameraEditVm_ShouldIncludeDirectionDegrees" />
    </UnitTest>
    <UnitTest name="BuckScience.Tests.Domain.FeatureWeightTests.FeatureWeight_SetSeasonalWeights_WithNullSetsIsCustomToFalse" storage="/home/runner/work/buckscienceapp/buckscienceapp/tests/buckscience.tests/bin/debug/net8.0/buckscience.tests.dll" id="0bff2ecc-4f41-029d-f57b-08de3b707d06">
      <Execution id="0080bd68-e1de-4f8b-b5b7-33286e2506fe" />
      <TestMethod codeBase="/home/runner/work/BuckScienceApp/BuckScienceApp/tests/BuckScience.Tests/bin/Debug/net8.0/BuckScience.Tests.dll" adapterTypeName="executor://xunit/VsTestRunner2/netcoreapp" className="BuckScience.Tests.Domain.FeatureWeightTests" name="FeatureWeight_SetSeasonalWeights_WithNullSetsIsCustomToFalse" />
    </UnitTest>
    <UnitTest name="BuckScience.Tests.Domain.FeatureWeightTests.FeatureWeightHelper_GetCategory_ReturnsCorrectCategory(type: BeddingArea, expectedCategory: ResourceBedding)" storage="/home/runner/work/buckscienceapp/buckscienceapp/tests/buckscience.tests/bin/debug/net8.0/buckscience.tests.dll" id="0df754ab-3374-deab-a269-326e3752e38a">
      <Execution id="cdbf27a4-0fb1-43b2-a390-af4c947d1f51" />
      <TestMethod codeBase="/home/runner/work/BuckScienceApp/BuckScienceApp/tests/BuckScience.Tests/bin/Debug/net8.0/BuckScience.Tests.dll" adapterTypeName="executor://xunit/VsTestRunner2/netcoreapp" className="BuckScience.Tests.Domain.FeatureWeightTests" name="FeatureWeightHelper_GetCategory_ReturnsCorrectCategory" />
    </UnitTest>
    <UnitTest name="BuckScience.Tests.Application.Profiles.ProfileCrudTests.GetProfile_ValidId_ReturnsProfile" storage="/home/runner/work/buckscienceapp/buckscienceapp/tests/buckscience.tests/bin/debug/net8.0/buckscience.tests.dll" id="19df813d-aa7e-5539-ce76-ba8a68683016">
      <Execution id="10d5c33d-b1a4-4079-8aea-4e0d14fb1a48" />
      <TestMethod codeBase="/home/runner/work/BuckScienceApp/BuckScienceApp/tests/BuckScience.Tests/bin/Debug/net8.0/BuckScience.Tests.dll" adapterTypeName="executor://xunit/VsTestRunner2/netcoreapp" className="BuckScience.Tests.Application.Profiles.ProfileCrudTests" name="GetProfile_ValidId_ReturnsProfile" />
    </UnitTest>
    <UnitTest name="BuckScience.Tests.CameraEditVmTests.CameraEditVm_ShouldSetAllProperties" storage="/home/runner/work/buckscienceapp/buckscienceapp/tests/buckscience.tests/bin/debug/net8.0/buckscience.tests.dll" id="93b0e2c3-3a46-c74b-dad5-afcb4f0bfcfa">
      <Execution id="cdde578a-fd2f-44dc-a333-d9e9b348f6ec" />
      <TestMethod codeBase="/home/runner/work/BuckScienceApp/BuckScienceApp/tests/BuckScience.Tests/bin/Debug/net8.0/BuckScience.Tests.dll" adapterTypeName="executor://xunit/VsTestRunner2/netcoreapp" className="BuckScience.Tests.CameraEditVmTests" name="CameraEditVm_ShouldSetAllProperties" />
    </UnitTest>
    <UnitTest name="BuckScience.Tests.Web.Helpers.WeatherHelpersTests.ConvertWindDirectionToText_RoundTrip_MaintainsAccuracy" storage="/home/runner/work/buckscienceapp/buckscienceapp/tests/buckscience.tests/bin/debug/net8.0/buckscience.tests.dll" id="f36a8701-085e-04e9-1108-0b102bccb765">
      <Execution id="bbf1ee28-3f2d-46ad-a7a5-95e5852f2bbc" />
      <TestMethod codeBase="/home/runner/work/BuckScienceApp/BuckScienceApp/tests/BuckScience.Tests/bin/Debug/net8.0/BuckScience.Tests.dll" adapterTypeName="executor://xunit/VsTestRunner2/netcoreapp" className="BuckScience.Tests.Web.Helpers.WeatherHelpersTests" name="ConvertWindDirectionToText_RoundTrip_MaintainsAccuracy" />
    </UnitTest>
    <UnitTest name="BuckScience.Tests.Domain.PropertyFeatureTests.Constructor_WithNullWeight_SetsWeightToNull" storage="/home/runner/work/buckscienceapp/buckscienceapp/tests/buckscience.tests/bin/debug/net8.0/buckscience.tests.dll" id="5d068b70-09ca-86be-04bc-7a667c7e0484">
      <Execution id="19369f39-b098-451e-b40c-0fa6daed9655" />
      <TestMethod codeBase="/home/runner/work/BuckScienceApp/BuckScienceApp/tests/BuckScience.Tests/bin/Debug/net8.0/BuckScience.Tests.dll" adapterTypeName="executor://xunit/VsTestRunner2/netcoreapp" className="BuckScience.Tests.Domain.PropertyFeatureTests" name="Constructor_WithNullWeight_SetsWeightToNull" />
    </UnitTest>
    <UnitTest name="BuckScience.Tests.Domain.PropertyFeatureTests.Constructor_WithoutWeight_SetsWeightToNull" storage="/home/runner/work/buckscienceapp/buckscienceapp/tests/buckscience.tests/bin/debug/net8.0/buckscience.tests.dll" id="9660e9b2-80f8-e700-08d8-e0b7717e9f85">
      <Execution id="faec9fbd-114f-439c-bb95-687a5d490275" />
      <TestMethod codeBase="/home/runner/work/BuckScienceApp/BuckScienceApp/tests/BuckScience.Tests/bin/Debug/net8.0/BuckScience.Tests.dll" adapterTypeName="executor://xunit/VsTestRunner2/netcoreapp" className="BuckScience.Tests.Domain.PropertyFeatureTests" name="Constructor_WithoutWeight_SetsWeightToNull" />
    </UnitTest>
    <UnitTest name="BuckScience.Tests.FeatureHelperTests.GetFeatureIcon_ShouldReturnCorrectIcons" storage="/home/runner/work/buckscienceapp/buckscienceapp/tests/buckscience.tests/bin/debug/net8.0/buckscience.tests.dll" id="1393749b-9888-f339-bbe0-fe7c36d53117">
      <Execution id="cb1781da-6e31-4550-a682-0a40342762d0" />
      <TestMethod codeBase="/home/runner/work/BuckScienceApp/BuckScienceApp/tests/BuckScience.Tests/bin/Debug/net8.0/BuckScience.Tests.dll" adapterTypeName="executor://xunit/VsTestRunner2/netcoreapp" className="BuckScience.Tests.FeatureHelperTests" name="GetFeatureIcon_ShouldReturnCorrectIcons" />
    </UnitTest>
    <UnitTest name="BuckScience.Tests.Domain.FeatureWeightTests.FeatureWeight_GetEffectiveWeight_ReturnsSeasonalWeightWhenAvailable" storage="/home/runner/work/buckscienceapp/buckscienceapp/tests/buckscience.tests/bin/debug/net8.0/buckscience.tests.dll" id="ee1257ff-a5a9-5181-9e7b-d35ad6e89445">
      <Execution id="f71799f3-28d3-4f5a-9cdb-3cb3a2a21092" />
      <TestMethod codeBase="/home/runner/work/BuckScienceApp/BuckScienceApp/tests/BuckScience.Tests/bin/Debug/net8.0/BuckScience.Tests.dll" adapterTypeName="executor://xunit/VsTestRunner2/netcoreapp" className="BuckScience.Tests.Domain.FeatureWeightTests" name="FeatureWeight_GetEffectiveWeight_ReturnsSeasonalWeightWhenAvailable" />
    </UnitTest>
    <UnitTest name="BuckScience.Tests.Domain.FeatureWeightTests.FeatureWeight_UpdateDefaultWeight_ValidatesWeightRange" storage="/home/runner/work/buckscienceapp/buckscienceapp/tests/buckscience.tests/bin/debug/net8.0/buckscience.tests.dll" id="d619cb92-2daa-6482-f5e5-56eaf7f3851b">
      <Execution id="6f52b80b-801b-4201-af7e-e1f9a692d6d1" />
      <TestMethod codeBase="/home/runner/work/BuckScienceApp/BuckScienceApp/tests/BuckScience.Tests/bin/Debug/net8.0/BuckScience.Tests.dll" adapterTypeName="executor://xunit/VsTestRunner2/netcoreapp" className="BuckScience.Tests.Domain.FeatureWeightTests" name="FeatureWeight_UpdateDefaultWeight_ValidatesWeightRange" />
    </UnitTest>
    <UnitTest name="BuckScience.Tests.Domain.PropertySeasonMonthsOverrideTests.PropertySeasonMonthsOverride_Constructor_WithInvalidPropertyId_ThrowsArgumentOutOfRangeException(invalidPropertyId: -100)" storage="/home/runner/work/buckscienceapp/buckscienceapp/tests/buckscience.tests/bin/debug/net8.0/buckscience.tests.dll" id="1da9127c-d651-72aa-5a84-7cfe9f562b5c">
      <Execution id="db109999-e462-4cb9-86ec-776618040d2f" />
      <TestMethod codeBase="/home/runner/work/BuckScienceApp/BuckScienceApp/tests/BuckScience.Tests/bin/Debug/net8.0/BuckScience.Tests.dll" adapterTypeName="executor://xunit/VsTestRunner2/netcoreapp" className="BuckScience.Tests.Domain.PropertySeasonMonthsOverrideTests" name="PropertySeasonMonthsOverride_Constructor_WithInvalidPropertyId_ThrowsArgumentOutOfRangeException" />
    </UnitTest>
    <UnitTest name="BuckScience.Tests.Domain.PropertySeasonMonthsOverrideTests.PropertySeasonMonthsOverride_RoundTripSerialization_MaintainsData(months: [6, 7, 8])" storage="/home/runner/work/buckscienceapp/buckscienceapp/tests/buckscience.tests/bin/debug/net8.0/buckscience.tests.dll" id="a9d39b02-2996-0d69-08ab-284d0ae0393a">
      <Execution id="26e887f1-b33a-45b5-80fa-edb6761e8da4" />
      <TestMethod codeBase="/home/runner/work/BuckScienceApp/BuckScienceApp/tests/BuckScience.Tests/bin/Debug/net8.0/BuckScience.Tests.dll" adapterTypeName="executor://xunit/VsTestRunner2/netcoreapp" className="BuckScience.Tests.Domain.PropertySeasonMonthsOverrideTests" name="PropertySeasonMonthsOverride_RoundTripSerialization_MaintainsData" />
    </UnitTest>
    <UnitTest name="BuckScience.Tests.CameraPlacementHistoryTests.Camera_Move_ShouldEndCurrentPlacementAndCreateNew" storage="/home/runner/work/buckscienceapp/buckscienceapp/tests/buckscience.tests/bin/debug/net8.0/buckscience.tests.dll" id="54dac1bc-0f72-9d60-bad7-07e4a0566a24">
      <Execution id="b98476b1-4117-4317-8564-eab49c498fc0" />
      <TestMethod codeBase="/home/runner/work/BuckScienceApp/BuckScienceApp/tests/BuckScience.Tests/bin/Debug/net8.0/BuckScience.Tests.dll" adapterTypeName="executor://xunit/VsTestRunner2/netcoreapp" className="BuckScience.Tests.CameraPlacementHistoryTests" name="Camera_Move_ShouldEndCurrentPlacementAndCreateNew" />
    </UnitTest>
    <UnitTest name="BuckScience.Tests.CameraPlacementHistoryTests.CameraCreateVm_ShouldIncludeDirectionDegrees" storage="/home/runner/work/buckscienceapp/buckscienceapp/tests/buckscience.tests/bin/debug/net8.0/buckscience.tests.dll" id="6d7b3d93-71ec-c074-924a-c624993f0b1a">
      <Execution id="d3828781-bbc7-4963-a89b-8492e081196e" />
      <TestMethod codeBase="/home/runner/work/BuckScienceApp/BuckScienceApp/tests/BuckScience.Tests/bin/Debug/net8.0/BuckScience.Tests.dll" adapterTypeName="executor://xunit/VsTestRunner2/netcoreapp" className="BuckScience.Tests.CameraPlacementHistoryTests" name="CameraCreateVm_ShouldIncludeDirectionDegrees" />
    </UnitTest>
    <UnitTest name="BuckScience.Tests.PhotoFilteringUrlExamples.BuildFilters_ConditionsParameters_ShouldParseCorrectly(conditions: &quot;Rainy&quot;, expectedConditions: [&quot;Rainy&quot;])" storage="/home/runner/work/buckscienceapp/buckscienceapp/tests/buckscience.tests/bin/debug/net8.0/buckscience.tests.dll" id="7aa5e31a-c407-5fc0-2788-70d3aa03acd3">
      <Execution id="766a55b5-ea10-40c0-8f4a-ae5f7fa9ba24" />
      <TestMethod codeBase="/home/runner/work/BuckScienceApp/BuckScienceApp/tests/BuckScience.Tests/bin/Debug/net8.0/BuckScience.Tests.dll" adapterTypeName="executor://xunit/VsTestRunner2/netcoreapp" className="BuckScience.Tests.PhotoFilteringUrlExamples" name="BuildFilters_ConditionsParameters_ShouldParseCorrectly" />
    </UnitTest>
    <UnitTest name="BuckScience.Tests.Web.Helpers.WeatherHelpersTests.ConvertWindDirectionToText_VariousAngles_ReturnsCorrectDirection(degrees: 348.75, expected: &quot;N&quot;)" storage="/home/runner/work/buckscienceapp/buckscienceapp/tests/buckscience.tests/bin/debug/net8.0/buckscience.tests.dll" id="fa4cc283-dfe0-de36-3d73-29ab1e351353">
      <Execution id="87cc0034-f418-4e71-b3ab-d626262b9b1d" />
      <TestMethod codeBase="/home/runner/work/BuckScienceApp/BuckScienceApp/tests/BuckScience.Tests/bin/Debug/net8.0/BuckScience.Tests.dll" adapterTypeName="executor://xunit/VsTestRunner2/netcoreapp" className="BuckScience.Tests.Web.Helpers.WeatherHelpersTests" name="ConvertWindDirectionToText_VariousAngles_ReturnsCorrectDirection" />
    </UnitTest>
    <UnitTest name="BuckScience.Tests.TaggingSystemTests.GetOrCreateTag_ShouldReturnExistingTag_WhenTagExists" storage="/home/runner/work/buckscienceapp/buckscienceapp/tests/buckscience.tests/bin/debug/net8.0/buckscience.tests.dll" id="f4c9aa46-811a-389b-d744-72a428dee7d2">
      <Execution id="f115135e-2347-431c-8037-e45676d48002" />
      <TestMethod codeBase="/home/runner/work/BuckScienceApp/BuckScienceApp/tests/BuckScience.Tests/bin/Debug/net8.0/BuckScience.Tests.dll" adapterTypeName="executor://xunit/VsTestRunner2/netcoreapp" className="BuckScience.Tests.TaggingSystemTests" name="GetOrCreateTag_ShouldReturnExistingTag_WhenTagExists" />
    </UnitTest>
    <UnitTest name="BuckScience.Tests.Web.Helpers.WeatherHelpersTests.ConvertWindDirectionTextToNumeric_ValidDirections_ReturnsCorrectDegrees(direction: &quot;SSW&quot;, expected: 202.5)" storage="/home/runner/work/buckscienceapp/buckscienceapp/tests/buckscience.tests/bin/debug/net8.0/buckscience.tests.dll" id="172a47eb-7de7-c6df-b8be-70c0be7e14f7">
      <Execution id="59c7d6c0-7b80-4a33-bcf2-7b3d42df610d" />
      <TestMethod codeBase="/home/runner/work/BuckScienceApp/BuckScienceApp/tests/BuckScience.Tests/bin/Debug/net8.0/BuckScience.Tests.dll" adapterTypeName="executor://xunit/VsTestRunner2/netcoreapp" className="BuckScience.Tests.Web.Helpers.WeatherHelpersTests" name="ConvertWindDirectionTextToNumeric_ValidDirections_ReturnsCorrectDegrees" />
    </UnitTest>
    <UnitTest name="BuckScience.Tests.Domain.PropertyFeatureTests.Constructor_WithValidWeight_SetsWeightCorrectly(weight: 1)" storage="/home/runner/work/buckscienceapp/buckscienceapp/tests/buckscience.tests/bin/debug/net8.0/buckscience.tests.dll" id="a6b1c1b8-42d6-da05-0367-8e170c8545bb">
      <Execution id="c07cec75-c115-4a1e-b649-59f18cc5b1fb" />
      <TestMethod codeBase="/home/runner/work/BuckScienceApp/BuckScienceApp/tests/BuckScience.Tests/bin/Debug/net8.0/BuckScience.Tests.dll" adapterTypeName="executor://xunit/VsTestRunner2/netcoreapp" className="BuckScience.Tests.Domain.PropertyFeatureTests" name="Constructor_WithValidWeight_SetsWeightCorrectly" />
    </UnitTest>
    <UnitTest name="BuckScience.Tests.Web.Helpers.WeatherHelpersTests.ConvertMoonPhaseToText_VariousValues_ReturnsCorrectText(phase: 0.40000000000000002, expected: &quot;Waxing Gibbous&quot;)" storage="/home/runner/work/buckscienceapp/buckscienceapp/tests/buckscience.tests/bin/debug/net8.0/buckscience.tests.dll" id="9f544328-b14d-2f96-b54b-781ab9cf51e8">
      <Execution id="0ce944be-1dc7-470b-8392-4914835fad9c" />
      <TestMethod codeBase="/home/runner/work/BuckScienceApp/BuckScienceApp/tests/BuckScience.Tests/bin/Debug/net8.0/BuckScience.Tests.dll" adapterTypeName="executor://xunit/VsTestRunner2/netcoreapp" className="BuckScience.Tests.Web.Helpers.WeatherHelpersTests" name="ConvertMoonPhaseToText_VariousValues_ReturnsCorrectText" />
    </UnitTest>
    <UnitTest name="BuckScience.Tests.Web.Helpers.WeatherHelpersTests.ConvertWindDirectionTextToNumeric_ValidDirections_ReturnsCorrectDegrees(direction: &quot;ESE&quot;, expected: 112.5)" storage="/home/runner/work/buckscienceapp/buckscienceapp/tests/buckscience.tests/bin/debug/net8.0/buckscience.tests.dll" id="8bb24d97-4056-0aed-e738-d86e9d34f566">
      <Execution id="dfef2807-7371-42e0-8424-494b94d4eb46" />
      <TestMethod codeBase="/home/runner/work/BuckScienceApp/BuckScienceApp/tests/BuckScience.Tests/bin/Debug/net8.0/BuckScience.Tests.dll" adapterTypeName="executor://xunit/VsTestRunner2/netcoreapp" className="BuckScience.Tests.Web.Helpers.WeatherHelpersTests" name="ConvertWindDirectionTextToNumeric_ValidDirections_ReturnsCorrectDegrees" />
    </UnitTest>
    <UnitTest name="BuckScience.Tests.Web.Helpers.WeatherHelpersTests.ConvertMoonPhaseToText_VariousValues_ReturnsCorrectText(phase: 0.02, expected: &quot;New Moon&quot;)" storage="/home/runner/work/buckscienceapp/buckscienceapp/tests/buckscience.tests/bin/debug/net8.0/buckscience.tests.dll" id="d7049aa3-0901-3782-ef96-d1caac1bac5e">
      <Execution id="b32c4410-9823-4056-ae02-39373727a9a9" />
      <TestMethod codeBase="/home/runner/work/BuckScienceApp/BuckScienceApp/tests/BuckScience.Tests/bin/Debug/net8.0/BuckScience.Tests.dll" adapterTypeName="executor://xunit/VsTestRunner2/netcoreapp" className="BuckScience.Tests.Web.Helpers.WeatherHelpersTests" name="ConvertMoonPhaseToText_VariousValues_ReturnsCorrectText" />
    </UnitTest>
    <UnitTest name="BuckScience.Tests.Domain.MonthsAttributeTests.MonthsAttribute_Constructor_WithInvalidMonth_ThrowsArgumentOutOfRangeException(invalidMonth: 13)" storage="/home/runner/work/buckscienceapp/buckscienceapp/tests/buckscience.tests/bin/debug/net8.0/buckscience.tests.dll" id="0c283173-5d83-3aa6-5e6a-5b618b66073f">
      <Execution id="29dabafb-7737-418b-9b9d-f8585ef6013b" />
      <TestMethod codeBase="/home/runner/work/BuckScienceApp/BuckScienceApp/tests/BuckScience.Tests/bin/Debug/net8.0/BuckScience.Tests.dll" adapterTypeName="executor://xunit/VsTestRunner2/netcoreapp" className="BuckScience.Tests.Domain.MonthsAttributeTests" name="MonthsAttribute_Constructor_WithInvalidMonth_ThrowsArgumentOutOfRangeException" />
    </UnitTest>
    <UnitTest name="BuckScience.Tests.Domain.PropertyFeatureTests.UpdateWeight_WithValidWeight_SetsWeightCorrectly" storage="/home/runner/work/buckscienceapp/buckscienceapp/tests/buckscience.tests/bin/debug/net8.0/buckscience.tests.dll" id="d91077c4-486f-699f-e7de-7a096da96d2b">
      <Execution id="c3eb7473-b7e0-4859-8b86-af495bd11cd8" />
      <TestMethod codeBase="/home/runner/work/BuckScienceApp/BuckScienceApp/tests/BuckScience.Tests/bin/Debug/net8.0/BuckScience.Tests.dll" adapterTypeName="executor://xunit/VsTestRunner2/netcoreapp" className="BuckScience.Tests.Domain.PropertyFeatureTests" name="UpdateWeight_WithValidWeight_SetsWeightCorrectly" />
    </UnitTest>
    <UnitTest name="BuckScience.Tests.Domain.MonthsAttributeTests.MonthsAttribute_Constructor_WithInvalidMonth_ThrowsArgumentOutOfRangeException(invalidMonth: -1)" storage="/home/runner/work/buckscienceapp/buckscienceapp/tests/buckscience.tests/bin/debug/net8.0/buckscience.tests.dll" id="415f1005-69c1-a314-0e6a-db0b7d4bab74">
      <Execution id="399cee8b-a562-4a76-855e-d65cc0137a19" />
      <TestMethod codeBase="/home/runner/work/BuckScienceApp/BuckScienceApp/tests/BuckScience.Tests/bin/Debug/net8.0/BuckScience.Tests.dll" adapterTypeName="executor://xunit/VsTestRunner2/netcoreapp" className="BuckScience.Tests.Domain.MonthsAttributeTests" name="MonthsAttribute_Constructor_WithInvalidMonth_ThrowsArgumentOutOfRangeException" />
    </UnitTest>
    <UnitTest name="BuckScience.Tests.WeatherServiceTests.RoundCoordinates_ShouldRoundTo2DecimalPlaces" storage="/home/runner/work/buckscienceapp/buckscienceapp/tests/buckscience.tests/bin/debug/net8.0/buckscience.tests.dll" id="e79130f3-839b-5123-ac52-8ca3bb6ef8c5">
      <Execution id="aeaed0eb-bc54-47a4-b2ca-73ff85203b47" />
      <TestMethod codeBase="/home/runner/work/BuckScienceApp/BuckScienceApp/tests/BuckScience.Tests/bin/Debug/net8.0/BuckScience.Tests.dll" adapterTypeName="executor://xunit/VsTestRunner2/netcoreapp" className="BuckScience.Tests.WeatherServiceTests" name="RoundCoordinates_ShouldRoundTo2DecimalPlaces" />
    </UnitTest>
    <UnitTest name="BuckScience.Tests.DirectionHelperTests.FromFloat_ShouldReturnCorrectDirection(degrees: 90, expectedDirection: E)" storage="/home/runner/work/buckscienceapp/buckscienceapp/tests/buckscience.tests/bin/debug/net8.0/buckscience.tests.dll" id="3456ad39-e674-a27d-da41-053fedd7e6ad">
      <Execution id="4bfe992c-ed48-45de-91f3-91d5ad84c688" />
      <TestMethod codeBase="/home/runner/work/BuckScienceApp/BuckScienceApp/tests/BuckScience.Tests/bin/Debug/net8.0/BuckScience.Tests.dll" adapterTypeName="executor://xunit/VsTestRunner2/netcoreapp" className="BuckScience.Tests.DirectionHelperTests" name="FromFloat_ShouldReturnCorrectDirection" />
    </UnitTest>
    <UnitTest name="BuckScience.Tests.Domain.FeatureWeightTests.FeatureWeightHelper_GetDefaultWeight_ReturnsExpectedValues(type: PinchPointFunnel, expectedWeight: 0.899999976)" storage="/home/runner/work/buckscienceapp/buckscienceapp/tests/buckscience.tests/bin/debug/net8.0/buckscience.tests.dll" id="61feef70-4f4a-625c-42d0-d394030d758f">
      <Execution id="3b5ca37b-1d2e-4a63-a763-efac75990233" />
      <TestMethod codeBase="/home/runner/work/BuckScienceApp/BuckScienceApp/tests/BuckScience.Tests/bin/Debug/net8.0/BuckScience.Tests.dll" adapterTypeName="executor://xunit/VsTestRunner2/netcoreapp" className="BuckScience.Tests.Domain.FeatureWeightTests" name="FeatureWeightHelper_GetDefaultWeight_ReturnsExpectedValues" />
    </UnitTest>
    <UnitTest name="BuckScience.Tests.Domain.FeatureWeightTests.FeatureWeight_GetEffectiveWeight_FallsBackToDefaultWeight" storage="/home/runner/work/buckscienceapp/buckscienceapp/tests/buckscience.tests/bin/debug/net8.0/buckscience.tests.dll" id="bae1f3df-becb-30fb-65d6-6c7c19ab5a1d">
      <Execution id="de6d81e7-2913-4d12-a610-eb80736db1b8" />
      <TestMethod codeBase="/home/runner/work/BuckScienceApp/BuckScienceApp/tests/BuckScience.Tests/bin/Debug/net8.0/BuckScience.Tests.dll" adapterTypeName="executor://xunit/VsTestRunner2/netcoreapp" className="BuckScience.Tests.Domain.FeatureWeightTests" name="FeatureWeight_GetEffectiveWeight_FallsBackToDefaultWeight" />
    </UnitTest>
    <UnitTest name="BuckScience.Tests.DirectionHelperTests.ToFloat_ShouldReturnCorrectDegrees(direction: N, expectedDegrees: 0)" storage="/home/runner/work/buckscienceapp/buckscienceapp/tests/buckscience.tests/bin/debug/net8.0/buckscience.tests.dll" id="7882d79f-7e75-7cd0-3f6e-4fc087cc8ade">
      <Execution id="5251c660-80ba-467c-9024-b6e8e67c9594" />
      <TestMethod codeBase="/home/runner/work/BuckScienceApp/BuckScienceApp/tests/BuckScience.Tests/bin/Debug/net8.0/BuckScience.Tests.dll" adapterTypeName="executor://xunit/VsTestRunner2/netcoreapp" className="BuckScience.Tests.DirectionHelperTests" name="ToFloat_ShouldReturnCorrectDegrees" />
    </UnitTest>
    <UnitTest name="BuckScience.Tests.PhotoFilteringUrlExamples.BuildFilters_UrlParameters_ShouldParseCorrectly(urlParams: &quot;tempMin=10&amp;tempMax=30&quot;, expectedTempMin: 10, expectedTempMax: 30, expectedWindMin: null, expectedWindMax: null)" storage="/home/runner/work/buckscienceapp/buckscienceapp/tests/buckscience.tests/bin/debug/net8.0/buckscience.tests.dll" id="ce73eb79-a497-c2a4-9a02-ef4f9a7168c5">
      <Execution id="e5154beb-c990-4cbb-8492-d1eeccd5668c" />
      <TestMethod codeBase="/home/runner/work/BuckScienceApp/BuckScienceApp/tests/BuckScience.Tests/bin/Debug/net8.0/BuckScience.Tests.dll" adapterTypeName="executor://xunit/VsTestRunner2/netcoreapp" className="BuckScience.Tests.PhotoFilteringUrlExamples" name="BuildFilters_UrlParameters_ShouldParseCorrectly" />
    </UnitTest>
    <UnitTest name="BuckScience.Tests.TaggingSystemTests.GetOrCreateTag_ShouldBeCaseInsensitive" storage="/home/runner/work/buckscienceapp/buckscienceapp/tests/buckscience.tests/bin/debug/net8.0/buckscience.tests.dll" id="18fd69b0-d054-4b67-4fab-caa28c12efff">
      <Execution id="7e483feb-3203-4d17-8ee8-0771df0ef558" />
      <TestMethod codeBase="/home/runner/work/BuckScienceApp/BuckScienceApp/tests/BuckScience.Tests/bin/Debug/net8.0/BuckScience.Tests.dll" adapterTypeName="executor://xunit/VsTestRunner2/netcoreapp" className="BuckScience.Tests.TaggingSystemTests" name="GetOrCreateTag_ShouldBeCaseInsensitive" />
    </UnitTest>
    <UnitTest name="BuckScience.Tests.PhotoUploadIntegrationTests.PhotoUpload_WithoutCameraPlacement_ShouldHaveNullPlacementHistory" storage="/home/runner/work/buckscienceapp/buckscienceapp/tests/buckscience.tests/bin/debug/net8.0/buckscience.tests.dll" id="f2c9e096-86d1-9457-0421-5a040989da55">
      <Execution id="cbdd6d69-7995-4060-afff-432b35dea3da" />
      <TestMethod codeBase="/home/runner/work/BuckScienceApp/BuckScienceApp/tests/BuckScience.Tests/bin/Debug/net8.0/BuckScience.Tests.dll" adapterTypeName="executor://xunit/VsTestRunner2/netcoreapp" className="BuckScience.Tests.PhotoUploadIntegrationTests" name="PhotoUpload_WithoutCameraPlacement_ShouldHaveNullPlacementHistory" />
    </UnitTest>
    <UnitTest name="BuckScience.Tests.Domain.SeasonExtensionsTests.GetDefaultMonths_AllSeasons_HaveValidAttributes" storage="/home/runner/work/buckscienceapp/buckscienceapp/tests/buckscience.tests/bin/debug/net8.0/buckscience.tests.dll" id="aecfa300-816f-69bf-9efe-1e4204feea85">
      <Execution id="f8cfcf47-6208-41fd-ae02-191d6defc63f" />
      <TestMethod codeBase="/home/runner/work/BuckScienceApp/BuckScienceApp/tests/BuckScience.Tests/bin/Debug/net8.0/BuckScience.Tests.dll" adapterTypeName="executor://xunit/VsTestRunner2/netcoreapp" className="BuckScience.Tests.Domain.SeasonExtensionsTests" name="GetDefaultMonths_AllSeasons_HaveValidAttributes" />
    </UnitTest>
    <UnitTest name="BuckScience.Tests.TaggingSystemTests.RemoveTagFromPhotos_ShouldRemoveSpecifiedTags" storage="/home/runner/work/buckscienceapp/buckscienceapp/tests/buckscience.tests/bin/debug/net8.0/buckscience.tests.dll" id="5d2b9441-7258-8eb0-806c-14775f849641">
      <Execution id="1a9ad279-7ab0-41de-884f-836a6acaad11" />
      <TestMethod codeBase="/home/runner/work/BuckScienceApp/BuckScienceApp/tests/BuckScience.Tests/bin/Debug/net8.0/BuckScience.Tests.dll" adapterTypeName="executor://xunit/VsTestRunner2/netcoreapp" className="BuckScience.Tests.TaggingSystemTests" name="RemoveTagFromPhotos_ShouldRemoveSpecifiedTags" />
    </UnitTest>
    <UnitTest name="BuckScience.Tests.PhotoFilteringUrlExamples.BuildFilters_CameraParameters_ShouldParseCorrectly(cameras: &quot;1,2,3&quot;, expectedCameras: [1, 2, 3])" storage="/home/runner/work/buckscienceapp/buckscienceapp/tests/buckscience.tests/bin/debug/net8.0/buckscience.tests.dll" id="b14ae956-297a-f056-fdd7-ca8f9b76076f">
      <Execution id="df3f64d4-201b-4f23-a10d-396762631ba6" />
      <TestMethod codeBase="/home/runner/work/BuckScienceApp/BuckScienceApp/tests/BuckScience.Tests/bin/Debug/net8.0/BuckScience.Tests.dll" adapterTypeName="executor://xunit/VsTestRunner2/netcoreapp" className="BuckScience.Tests.PhotoFilteringUrlExamples" name="BuildFilters_CameraParameters_ShouldParseCorrectly" />
    </UnitTest>
    <UnitTest name="BuckScience.Tests.Web.Helpers.WeatherHelpersTests.ConvertMoonPhaseTextToNumeric_ValidText_ReturnsCorrectValue(text: &quot;Last Quarter&quot;, expected: 0.75)" storage="/home/runner/work/buckscienceapp/buckscienceapp/tests/buckscience.tests/bin/debug/net8.0/buckscience.tests.dll" id="2582410d-2726-a653-733b-0912934edde4">
      <Execution id="7d500df0-956d-4907-9b26-b4e3345d1d4d" />
      <TestMethod codeBase="/home/runner/work/BuckScienceApp/BuckScienceApp/tests/BuckScience.Tests/bin/Debug/net8.0/BuckScience.Tests.dll" adapterTypeName="executor://xunit/VsTestRunner2/netcoreapp" className="BuckScience.Tests.Web.Helpers.WeatherHelpersTests" name="ConvertMoonPhaseTextToNumeric_ValidText_ReturnsCorrectValue" />
    </UnitTest>
    <UnitTest name="BuckScience.Tests.PhotoPlacementHistoryTests.Photo_SetCameraPlacementHistory_ShouldAllowNull" storage="/home/runner/work/buckscienceapp/buckscienceapp/tests/buckscience.tests/bin/debug/net8.0/buckscience.tests.dll" id="ccc07dc4-5c65-0922-771d-b881981eeb94">
      <Execution id="b510eeb8-16cc-4c0b-bb95-2ff88da7b12a" />
      <TestMethod codeBase="/home/runner/work/BuckScienceApp/BuckScienceApp/tests/BuckScience.Tests/bin/Debug/net8.0/BuckScience.Tests.dll" adapterTypeName="executor://xunit/VsTestRunner2/netcoreapp" className="BuckScience.Tests.PhotoPlacementHistoryTests" name="Photo_SetCameraPlacementHistory_ShouldAllowNull" />
    </UnitTest>
    <UnitTest name="BuckScience.Tests.DirectionHelperTests.ToFloat_ShouldReturnCorrectDegrees(direction: SE, expectedDegrees: 135)" storage="/home/runner/work/buckscienceapp/buckscienceapp/tests/buckscience.tests/bin/debug/net8.0/buckscience.tests.dll" id="2505d350-e44a-f204-9fd8-58dd92f22763">
      <Execution id="3c6006e8-5b69-4971-a4ae-8ee75244cefe" />
      <TestMethod codeBase="/home/runner/work/BuckScienceApp/BuckScienceApp/tests/BuckScience.Tests/bin/Debug/net8.0/BuckScience.Tests.dll" adapterTypeName="executor://xunit/VsTestRunner2/netcoreapp" className="BuckScience.Tests.DirectionHelperTests" name="ToFloat_ShouldReturnCorrectDegrees" />
    </UnitTest>
    <UnitTest name="BuckScience.Tests.Domain.PropertyFeatureTests.Constructor_WithValidWeight_SetsWeightCorrectly(weight: 0.5)" storage="/home/runner/work/buckscienceapp/buckscienceapp/tests/buckscience.tests/bin/debug/net8.0/buckscience.tests.dll" id="df69a92c-44e3-a51a-3c69-97077bc8aa3a">
      <Execution id="3e138367-5ccd-4e86-a14f-e660ad4598e3" />
      <TestMethod codeBase="/home/runner/work/BuckScienceApp/BuckScienceApp/tests/BuckScience.Tests/bin/Debug/net8.0/BuckScience.Tests.dll" adapterTypeName="executor://xunit/VsTestRunner2/netcoreapp" className="BuckScience.Tests.Domain.PropertyFeatureTests" name="Constructor_WithValidWeight_SetsWeightCorrectly" />
    </UnitTest>
    <UnitTest name="BuckScience.Tests.Web.Helpers.WeatherHelpersTests.ConvertWindDirectionToText_VariousAngles_ReturnsCorrectDirection(degrees: 33.75, expected: &quot;NE&quot;)" storage="/home/runner/work/buckscienceapp/buckscienceapp/tests/buckscience.tests/bin/debug/net8.0/buckscience.tests.dll" id="2e480f4f-8e65-8226-244e-bc56a9d64e7e">
      <Execution id="f1e791f9-4592-4af0-88e9-82377f5ca236" />
      <TestMethod codeBase="/home/runner/work/BuckScienceApp/BuckScienceApp/tests/BuckScience.Tests/bin/Debug/net8.0/BuckScience.Tests.dll" adapterTypeName="executor://xunit/VsTestRunner2/netcoreapp" className="BuckScience.Tests.Web.Helpers.WeatherHelpersTests" name="ConvertWindDirectionToText_VariousAngles_ReturnsCorrectDirection" />
    </UnitTest>
    <UnitTest name="BuckScience.Tests.Domain.PropertySeasonMonthsOverrideTests.PropertySeasonMonthsOverride_Constructor_WithValidParameters_SetsPropertiesCorrectly" storage="/home/runner/work/buckscienceapp/buckscienceapp/tests/buckscience.tests/bin/debug/net8.0/buckscience.tests.dll" id="8a64a4c9-65f1-e14d-6fbe-7d49565403f4">
      <Execution id="323506eb-d3f2-4023-aa8f-fdf6321a0948" />
      <TestMethod codeBase="/home/runner/work/BuckScienceApp/BuckScienceApp/tests/BuckScience.Tests/bin/Debug/net8.0/BuckScience.Tests.dll" adapterTypeName="executor://xunit/VsTestRunner2/netcoreapp" className="BuckScience.Tests.Domain.PropertySeasonMonthsOverrideTests" name="PropertySeasonMonthsOverride_Constructor_WithValidParameters_SetsPropertiesCorrectly" />
    </UnitTest>
    <UnitTest name="BuckScience.Tests.Web.Helpers.WeatherHelpersTests.ConvertMoonPhaseTextToNumeric_InvalidText_ReturnsNull(text: &quot;   &quot;)" storage="/home/runner/work/buckscienceapp/buckscienceapp/tests/buckscience.tests/bin/debug/net8.0/buckscience.tests.dll" id="ec7cd5e3-a82c-cf66-66cc-45c1ba395a3e">
      <Execution id="d8422c6e-c003-450b-ba73-3303a5c4ba07" />
      <TestMethod codeBase="/home/runner/work/BuckScienceApp/BuckScienceApp/tests/BuckScience.Tests/bin/Debug/net8.0/BuckScience.Tests.dll" adapterTypeName="executor://xunit/VsTestRunner2/netcoreapp" className="BuckScience.Tests.Web.Helpers.WeatherHelpersTests" name="ConvertMoonPhaseTextToNumeric_InvalidText_ReturnsNull" />
    </UnitTest>
    <UnitTest name="BuckScience.Tests.Application.Profiles.ProfileCrudTests.CreateProfile_InvalidPropertyId_ThrowsUnauthorizedAccessException" storage="/home/runner/work/buckscienceapp/buckscienceapp/tests/buckscience.tests/bin/debug/net8.0/buckscience.tests.dll" id="7175185a-7456-021f-eecb-6c991ffd0d08">
      <Execution id="9fe2cd82-333c-4e6b-83a8-4bcd5cb6f386" />
      <TestMethod codeBase="/home/runner/work/BuckScienceApp/BuckScienceApp/tests/BuckScience.Tests/bin/Debug/net8.0/BuckScience.Tests.dll" adapterTypeName="executor://xunit/VsTestRunner2/netcoreapp" className="BuckScience.Tests.Application.Profiles.ProfileCrudTests" name="CreateProfile_InvalidPropertyId_ThrowsUnauthorizedAccessException" />
    </UnitTest>
    <UnitTest name="BuckScience.Tests.Application.SeasonMonthMappingServiceTests.GetMonthsForPropertyAsync_WithNullProperty_ReturnsDefaultMonths" storage="/home/runner/work/buckscienceapp/buckscienceapp/tests/buckscience.tests/bin/debug/net8.0/buckscience.tests.dll" id="2b9ecce3-1ede-532e-6e3c-66b19452e797">
      <Execution id="ce475a8d-cd48-4149-9b3b-9f3bd871971f" />
      <TestMethod codeBase="/home/runner/work/BuckScienceApp/BuckScienceApp/tests/BuckScience.Tests/bin/Debug/net8.0/BuckScience.Tests.dll" adapterTypeName="executor://xunit/VsTestRunner2/netcoreapp" className="BuckScience.Tests.Application.SeasonMonthMappingServiceTests" name="GetMonthsForPropertyAsync_WithNullProperty_ReturnsDefaultMonths" />
    </UnitTest>
    <UnitTest name="BuckScience.Tests.Domain.PropertyFeatureTests.SetWeight_WithValidWeight_SetsWeightCorrectly" storage="/home/runner/work/buckscienceapp/buckscienceapp/tests/buckscience.tests/bin/debug/net8.0/buckscience.tests.dll" id="7711d213-9779-8d22-c44f-611f07df932a">
      <Execution id="63e06f48-787f-4331-8202-71adf7a82440" />
      <TestMethod codeBase="/home/runner/work/BuckScienceApp/BuckScienceApp/tests/BuckScience.Tests/bin/Debug/net8.0/BuckScience.Tests.dll" adapterTypeName="executor://xunit/VsTestRunner2/netcoreapp" className="BuckScience.Tests.Domain.PropertyFeatureTests" name="SetWeight_WithValidWeight_SetsWeightCorrectly" />
    </UnitTest>
    <UnitTest name="BuckScience.Tests.TaggingRequirementsTests.Requirement2_TagUniqueness_ShouldBeEnforced" storage="/home/runner/work/buckscienceapp/buckscienceapp/tests/buckscience.tests/bin/debug/net8.0/buckscience.tests.dll" id="088d383f-5fbc-e375-2326-3e321a2adf4f">
      <Execution id="204aafe1-963c-4dfe-bd00-741860823071" />
      <TestMethod codeBase="/home/runner/work/BuckScienceApp/BuckScienceApp/tests/BuckScience.Tests/bin/Debug/net8.0/BuckScience.Tests.dll" adapterTypeName="executor://xunit/VsTestRunner2/netcoreapp" className="BuckScience.Tests.TaggingRequirementsTests" name="Requirement2_TagUniqueness_ShouldBeEnforced" />
    </UnitTest>
    <UnitTest name="BuckScience.Tests.Web.Helpers.WeatherHelpersTests.ConvertMoonPhaseTextToNumeric_ValidText_ReturnsCorrectValue(text: &quot;First Quarter&quot;, expected: 0.25)" storage="/home/runner/work/buckscienceapp/buckscienceapp/tests/buckscience.tests/bin/debug/net8.0/buckscience.tests.dll" id="a7640c1c-3e1a-ff5f-a7c8-4da5a8b29af2">
      <Execution id="308d8017-5ec8-4078-b4cf-2342524b65ff" />
      <TestMethod codeBase="/home/runner/work/BuckScienceApp/BuckScienceApp/tests/BuckScience.Tests/bin/Debug/net8.0/BuckScience.Tests.dll" adapterTypeName="executor://xunit/VsTestRunner2/netcoreapp" className="BuckScience.Tests.Web.Helpers.WeatherHelpersTests" name="ConvertMoonPhaseTextToNumeric_ValidText_ReturnsCorrectValue" />
    </UnitTest>
    <UnitTest name="BuckScience.Tests.DirectionHelperTests.ToFloat_ShouldReturnCorrectDegrees(direction: NW, expectedDegrees: 315)" storage="/home/runner/work/buckscienceapp/buckscienceapp/tests/buckscience.tests/bin/debug/net8.0/buckscience.tests.dll" id="26223a8b-ac6d-ffcd-1256-75d18fb727f7">
      <Execution id="3a6a2bac-37a9-467e-82ee-e4fbf055c7d3" />
      <TestMethod codeBase="/home/runner/work/BuckScienceApp/BuckScienceApp/tests/BuckScience.Tests/bin/Debug/net8.0/BuckScience.Tests.dll" adapterTypeName="executor://xunit/VsTestRunner2/netcoreapp" className="BuckScience.Tests.DirectionHelperTests" name="ToFloat_ShouldReturnCorrectDegrees" />
    </UnitTest>
    <UnitTest name="BuckScience.Tests.Application.Profiles.ProfileCrudTests.UpdateProfile_ValidData_UpdatesProfile" storage="/home/runner/work/buckscienceapp/buckscienceapp/tests/buckscience.tests/bin/debug/net8.0/buckscience.tests.dll" id="23376aab-8018-81b3-8b3c-57bc8b0141ed">
      <Execution id="20906d25-7d75-4a75-bcd7-32eb29a19de8" />
      <TestMethod codeBase="/home/runner/work/BuckScienceApp/BuckScienceApp/tests/BuckScience.Tests/bin/Debug/net8.0/BuckScience.Tests.dll" adapterTypeName="executor://xunit/VsTestRunner2/netcoreapp" className="BuckScience.Tests.Application.Profiles.ProfileCrudTests" name="UpdateProfile_ValidData_UpdatesProfile" />
    </UnitTest>
    <UnitTest name="BuckScience.Tests.Domain.FeatureWeightTests.FeatureWeight_SetSeasonalWeights_ValidatesWeightRange" storage="/home/runner/work/buckscienceapp/buckscienceapp/tests/buckscience.tests/bin/debug/net8.0/buckscience.tests.dll" id="6e1a460b-06b0-f626-b520-bfe11fd26de1">
      <Execution id="435233ae-f410-4648-aa37-7b5af4df9232" />
      <TestMethod codeBase="/home/runner/work/BuckScienceApp/BuckScienceApp/tests/BuckScience.Tests/bin/Debug/net8.0/BuckScience.Tests.dll" adapterTypeName="executor://xunit/VsTestRunner2/netcoreapp" className="BuckScience.Tests.Domain.FeatureWeightTests" name="FeatureWeight_SetSeasonalWeights_ValidatesWeightRange" />
    </UnitTest>
    <UnitTest name="BuckScience.Tests.PhotoFilteringUrlExamples.PhotoFiltering_RealWorldScenario_MoonPhaseAndConditions" storage="/home/runner/work/buckscienceapp/buckscienceapp/tests/buckscience.tests/bin/debug/net8.0/buckscience.tests.dll" id="80f7e275-5c62-bf32-953c-a522d71f0911">
      <Execution id="e81830df-30b0-4516-a45f-db8394da69d0" />
      <TestMethod codeBase="/home/runner/work/BuckScienceApp/BuckScienceApp/tests/BuckScience.Tests/bin/Debug/net8.0/BuckScience.Tests.dll" adapterTypeName="executor://xunit/VsTestRunner2/netcoreapp" className="BuckScience.Tests.PhotoFilteringUrlExamples" name="PhotoFiltering_RealWorldScenario_MoonPhaseAndConditions" />
    </UnitTest>
    <UnitTest name="BuckScience.Tests.Application.PropertyFeatureApplicationTests.CreatePropertyFeature_WithInvalidWeight_ThrowsArgumentOutOfRangeException" storage="/home/runner/work/buckscienceapp/buckscienceapp/tests/buckscience.tests/bin/debug/net8.0/buckscience.tests.dll" id="44b98cc9-e1a6-60bb-436a-f6cfa2554196">
      <Execution id="4cf19e70-b2c1-4197-a277-26d5b945d6d5" />
      <TestMethod codeBase="/home/runner/work/BuckScienceApp/BuckScienceApp/tests/BuckScience.Tests/bin/Debug/net8.0/BuckScience.Tests.dll" adapterTypeName="executor://xunit/VsTestRunner2/netcoreapp" className="BuckScience.Tests.Application.PropertyFeatureApplicationTests" name="CreatePropertyFeature_WithInvalidWeight_ThrowsArgumentOutOfRangeException" />
    </UnitTest>
    <UnitTest name="BuckScience.Tests.Web.Helpers.WeatherHelpersTests.ConvertWindDirectionTextToNumeric_ValidDirections_ReturnsCorrectDegrees(direction: &quot;WSW&quot;, expected: 247.5)" storage="/home/runner/work/buckscienceapp/buckscienceapp/tests/buckscience.tests/bin/debug/net8.0/buckscience.tests.dll" id="117d72dd-b186-d8e9-ce14-8d711079c929">
      <Execution id="02458fed-fd92-4c60-8622-b0f11cab2b40" />
      <TestMethod codeBase="/home/runner/work/BuckScienceApp/BuckScienceApp/tests/BuckScience.Tests/bin/Debug/net8.0/BuckScience.Tests.dll" adapterTypeName="executor://xunit/VsTestRunner2/netcoreapp" className="BuckScience.Tests.Web.Helpers.WeatherHelpersTests" name="ConvertWindDirectionTextToNumeric_ValidDirections_ReturnsCorrectDegrees" />
    </UnitTest>
  </TestDefinitions>
  <TestEntries>
    <TestEntry testId="b96d0d20-292a-e609-b515-79cd877929d7" executionId="9301ddf4-297a-4071-9b53-46ff6df0c16f" testListId="8c84fa94-04c1-424b-9868-57a2d4851a1d" />
    <TestEntry testId="3b62dc28-12fd-93fe-6512-390293682652" executionId="8a42357b-6cba-46ad-b1fd-f29a15415eea" testListId="8c84fa94-04c1-424b-9868-57a2d4851a1d" />
    <TestEntry testId="517f9dbf-42b8-6c68-c79b-d5d973668018" executionId="79287a27-131c-4049-b3e0-cc717c3aa557" testListId="8c84fa94-04c1-424b-9868-57a2d4851a1d" />
    <TestEntry testId="59d49ae8-fe17-c8a4-30e6-e31bf9671e6d" executionId="3076274a-0fe8-4e0b-850c-0565d6c935e4" testListId="8c84fa94-04c1-424b-9868-57a2d4851a1d" />
    <TestEntry testId="5d2b9441-7258-8eb0-806c-14775f849641" executionId="1a9ad279-7ab0-41de-884f-836a6acaad11" testListId="8c84fa94-04c1-424b-9868-57a2d4851a1d" />
    <TestEntry testId="3b0de714-8f13-7aca-97ab-ed01b955f773" executionId="bb9a4696-a94a-4973-b4b6-cd2ee79560cb" testListId="8c84fa94-04c1-424b-9868-57a2d4851a1d" />
    <TestEntry testId="69b65817-cd82-0a96-5e68-ab587e27eb95" executionId="84e8d869-fc92-44de-9afe-34d5d2e4437b" testListId="8c84fa94-04c1-424b-9868-57a2d4851a1d" />
    <TestEntry testId="a6b7ec4e-8439-0e75-5dff-9c306313533e" executionId="40b075b7-d3f2-456a-bbc0-18e64be593bc" testListId="8c84fa94-04c1-424b-9868-57a2d4851a1d" />
    <TestEntry testId="65305c54-3e3e-31b1-f5dd-4a4bc66b7c08" executionId="e38b8783-61ee-47f9-a8aa-c250471783b5" testListId="8c84fa94-04c1-424b-9868-57a2d4851a1d" />
    <TestEntry testId="7ae16dcf-6b89-2e79-9d90-4b5fa9ac7af9" executionId="86593d09-17fe-4f8d-9a1e-e1e958491de6" testListId="8c84fa94-04c1-424b-9868-57a2d4851a1d" />
    <TestEntry testId="e294371f-24bd-e5af-41b0-5a6f22f8d71f" executionId="0f63ec3b-d2e8-4084-8167-10aaaf2c3ab8" testListId="8c84fa94-04c1-424b-9868-57a2d4851a1d" />
    <TestEntry testId="dab68c95-06ed-1b25-9b7e-b55b2972fccc" executionId="56f5d40d-936c-4810-a54c-d67fcc250f1c" testListId="8c84fa94-04c1-424b-9868-57a2d4851a1d" />
    <TestEntry testId="752ffb05-78eb-92e0-4e1e-4d5811cca95a" executionId="638cc379-3dd6-4b30-976b-6458eec64935" testListId="8c84fa94-04c1-424b-9868-57a2d4851a1d" />
    <TestEntry testId="7aa5e31a-c407-5fc0-2788-70d3aa03acd3" executionId="766a55b5-ea10-40c0-8f4a-ae5f7fa9ba24" testListId="8c84fa94-04c1-424b-9868-57a2d4851a1d" />
    <TestEntry testId="89ecaa3a-044a-88b6-09ea-2d19af9e4614" executionId="2d9c9257-a19d-44e7-a5c2-a068e48fc24c" testListId="8c84fa94-04c1-424b-9868-57a2d4851a1d" />
    <TestEntry testId="31c8774a-1539-0a44-3404-de06d646b468" executionId="e957d412-1171-47cd-a2f9-dbdbbbd3a448" testListId="8c84fa94-04c1-424b-9868-57a2d4851a1d" />
    <TestEntry testId="615647ea-1f6e-f46b-032e-269c67342efc" executionId="a4bffd26-693a-4175-9495-298345f969eb" testListId="8c84fa94-04c1-424b-9868-57a2d4851a1d" />
    <TestEntry testId="ddd7ef0f-f8d8-3f23-14c1-c969cc917d3a" executionId="6a3055ad-ba8a-47b0-a829-bad96311c128" testListId="8c84fa94-04c1-424b-9868-57a2d4851a1d" />
    <TestEntry testId="1c742a22-39f7-5815-626c-daa50ff10c87" executionId="7cafaa26-af2f-4e0d-9ffe-321420ba1932" testListId="8c84fa94-04c1-424b-9868-57a2d4851a1d" />
    <TestEntry testId="11c53883-3d96-0957-d8a1-9dcf44cb5e78" executionId="d8d6892d-02fc-4109-b9f7-44de01cd22db" testListId="8c84fa94-04c1-424b-9868-57a2d4851a1d" />
    <TestEntry testId="ee1257ff-a5a9-5181-9e7b-d35ad6e89445" executionId="f71799f3-28d3-4f5a-9cdb-3cb3a2a21092" testListId="8c84fa94-04c1-424b-9868-57a2d4851a1d" />
    <TestEntry testId="a7aa3cc0-0ea1-3d0c-3a62-ac5a405bf34e" executionId="e096af66-05b2-4bd5-af13-b711b0c96576" testListId="8c84fa94-04c1-424b-9868-57a2d4851a1d" />
    <TestEntry testId="9f544328-b14d-2f96-b54b-781ab9cf51e8" executionId="0ce944be-1dc7-470b-8392-4914835fad9c" testListId="8c84fa94-04c1-424b-9868-57a2d4851a1d" />
    <TestEntry testId="d619cb92-2daa-6482-f5e5-56eaf7f3851b" executionId="6f52b80b-801b-4201-af7e-e1f9a692d6d1" testListId="8c84fa94-04c1-424b-9868-57a2d4851a1d" />
    <TestEntry testId="f950f79e-ba5e-b1e8-b4c0-7c88acd39e8b" executionId="6f60ff0e-80df-4ba7-b69f-18567ae49565" testListId="8c84fa94-04c1-424b-9868-57a2d4851a1d" />
    <TestEntry testId="9cd7f192-bb9b-abd8-007d-2585a8ffb5e9" executionId="7480a53a-3246-4ed5-8a70-21646fb69c8b" testListId="8c84fa94-04c1-424b-9868-57a2d4851a1d" />
    <TestEntry testId="d781b83d-5216-d63d-acc7-8c5d47cd7ccf" executionId="c532b0db-3a21-46d5-a633-e935a69de012" testListId="8c84fa94-04c1-424b-9868-57a2d4851a1d" />
    <TestEntry testId="f4c9aa46-811a-389b-d744-72a428dee7d2" executionId="f115135e-2347-431c-8037-e45676d48002" testListId="8c84fa94-04c1-424b-9868-57a2d4851a1d" />
    <TestEntry testId="99b19fe9-9646-fec1-29a0-b1e5f49baebb" executionId="cad59544-91b0-4d42-a1f4-5fc833e62706" testListId="8c84fa94-04c1-424b-9868-57a2d4851a1d" />
    <TestEntry testId="2eacfbf3-667b-5a8e-52a0-d9d512e960c7" executionId="57367281-0300-4995-95d7-a0e5d907d4ed" testListId="8c84fa94-04c1-424b-9868-57a2d4851a1d" />
    <TestEntry testId="29048f6b-b73b-a720-ef94-9f27a4540f3c" executionId="0963f58f-e506-45e8-9076-2bcf6957bc4b" testListId="8c84fa94-04c1-424b-9868-57a2d4851a1d" />
    <TestEntry testId="46eed830-2953-fcd5-c0a0-3903ea3c299a" executionId="2c9462fc-fa48-48b3-b3aa-d5b7860c1ce0" testListId="8c84fa94-04c1-424b-9868-57a2d4851a1d" />
    <TestEntry testId="35247ab4-97a5-e557-91c7-742a1f89dba4" executionId="7696a04d-004e-48e0-9637-d297142484e2" testListId="8c84fa94-04c1-424b-9868-57a2d4851a1d" />
    <TestEntry testId="5258a2d0-41cb-c3df-1e8f-eff8f92d5e7f" executionId="2e3a853d-150a-47d6-a010-388dcd90017d" testListId="8c84fa94-04c1-424b-9868-57a2d4851a1d" />
    <TestEntry testId="fb8ea106-f542-3a06-bc35-d8f4e171c2a2" executionId="8d6e023e-3993-4ddc-9392-c8983ba63c2a" testListId="8c84fa94-04c1-424b-9868-57a2d4851a1d" />
    <TestEntry testId="5439de61-630e-08c6-3445-f1eed3fd3847" executionId="5e187926-bb43-4ebb-8ed7-f8f3e4526d47" testListId="8c84fa94-04c1-424b-9868-57a2d4851a1d" />
    <TestEntry testId="e6b5dbec-3ede-e88e-98ad-309ef50c1b15" executionId="910cdf00-b9af-4f87-a68f-adcb9f852321" testListId="8c84fa94-04c1-424b-9868-57a2d4851a1d" />
    <TestEntry testId="2cc2759a-0e74-d1e3-53c0-3d706804902c" executionId="5a61a44a-570a-47a8-9308-9524e4da2a4a" testListId="8c84fa94-04c1-424b-9868-57a2d4851a1d" />
    <TestEntry testId="7b1afa91-2553-0542-d21b-b944f43fb732" executionId="b76142ef-1571-442f-8f44-59ceea4782b5" testListId="8c84fa94-04c1-424b-9868-57a2d4851a1d" />
    <TestEntry testId="63390816-73a6-312f-e706-2ca3dfa39f0e" executionId="c0d50995-8b7d-4eb5-818c-f13290be3fd6" testListId="8c84fa94-04c1-424b-9868-57a2d4851a1d" />
    <TestEntry testId="6a32519d-0b48-1a74-f23b-101b1449f4f4" executionId="9dbba925-e837-4ed2-b75a-4e7aaa91cff5" testListId="8c84fa94-04c1-424b-9868-57a2d4851a1d" />
    <TestEntry testId="b737e5bb-0356-fd2c-e9f5-061fb14537a5" executionId="4a358d17-de13-474c-b579-632d8bfd22f9" testListId="8c84fa94-04c1-424b-9868-57a2d4851a1d" />
    <TestEntry testId="b1a32a5b-bec7-9c13-ecb5-d09eae519281" executionId="6a8ff572-2f51-4f0b-bd52-aae09d4d6ab6" testListId="8c84fa94-04c1-424b-9868-57a2d4851a1d" />
    <TestEntry testId="75db6be7-a24b-fda6-3919-e716d174ed3d" executionId="cc9e8cae-856c-468d-80b7-f0d32e94c96f" testListId="8c84fa94-04c1-424b-9868-57a2d4851a1d" />
    <TestEntry testId="b7a065c7-7a2e-0d14-6498-b30f746da816" executionId="b1ae2b58-cad0-46ce-97e0-5b3d91a42e7d" testListId="8c84fa94-04c1-424b-9868-57a2d4851a1d" />
    <TestEntry testId="d5e7318a-a156-7dde-f329-f35fdf925ffa" executionId="32e530be-ef23-458c-93a4-352812497533" testListId="8c84fa94-04c1-424b-9868-57a2d4851a1d" />
    <TestEntry testId="356cc39e-f096-9eaf-df3c-a4d73a8c57b9" executionId="cbacd5e7-0980-4403-9819-a26cab821318" testListId="8c84fa94-04c1-424b-9868-57a2d4851a1d" />
    <TestEntry testId="10354eb4-4c14-dba7-068b-24dcfb475d53" executionId="23d39531-0e63-42e4-9f05-30e605bef29a" testListId="8c84fa94-04c1-424b-9868-57a2d4851a1d" />
    <TestEntry testId="a5f21c48-f469-8d11-cd8e-07391ae2a35b" executionId="87ec8034-a227-4151-92d5-668d60d63303" testListId="8c84fa94-04c1-424b-9868-57a2d4851a1d" />
    <TestEntry testId="88b5a428-7422-548a-ca90-5bd2a62420ae" executionId="68127960-71c4-4952-8ecb-4d05f26958a2" testListId="8c84fa94-04c1-424b-9868-57a2d4851a1d" />
    <TestEntry testId="ce73eb79-a497-c2a4-9a02-ef4f9a7168c5" executionId="e5154beb-c990-4cbb-8492-d1eeccd5668c" testListId="8c84fa94-04c1-424b-9868-57a2d4851a1d" />
    <TestEntry testId="510de9dc-e90e-bdb2-662b-4a218168ebca" executionId="bcc700e4-73af-43e7-b089-1fcb00b0d408" testListId="8c84fa94-04c1-424b-9868-57a2d4851a1d" />
    <TestEntry testId="0c283173-5d83-3aa6-5e6a-5b618b66073f" executionId="29dabafb-7737-418b-9b9d-f8585ef6013b" testListId="8c84fa94-04c1-424b-9868-57a2d4851a1d" />
    <TestEntry testId="dc5b4323-69df-5b53-04b8-b2edd86e4211" executionId="c4a71252-2b81-49eb-9f0b-939902319dce" testListId="8c84fa94-04c1-424b-9868-57a2d4851a1d" />
    <TestEntry testId="725e041b-cd4a-19c3-f7e9-4d20b2961a86" executionId="23777db5-0d10-4b09-abcb-9955e6fc9452" testListId="8c84fa94-04c1-424b-9868-57a2d4851a1d" />
    <TestEntry testId="9b597749-8f28-5ece-3f0e-b5bb4e23820c" executionId="90a3bece-e9bc-4e7a-8d71-20699a96e7ad" testListId="8c84fa94-04c1-424b-9868-57a2d4851a1d" />
    <TestEntry testId="90576d28-8c3e-aa47-8e92-100b02ac5a05" executionId="c209fef5-b77f-482b-bf75-4e98b2ba8c77" testListId="8c84fa94-04c1-424b-9868-57a2d4851a1d" />
    <TestEntry testId="185a6cd6-33af-0e1e-0bd1-2a440f9d65a0" executionId="3d147d04-9b1e-4dc8-be2a-b5d6ae18a611" testListId="8c84fa94-04c1-424b-9868-57a2d4851a1d" />
    <TestEntry testId="a9d39b02-2996-0d69-08ab-284d0ae0393a" executionId="26e887f1-b33a-45b5-80fa-edb6761e8da4" testListId="8c84fa94-04c1-424b-9868-57a2d4851a1d" />
    <TestEntry testId="93b0e2c3-3a46-c74b-dad5-afcb4f0bfcfa" executionId="cdde578a-fd2f-44dc-a333-d9e9b348f6ec" testListId="8c84fa94-04c1-424b-9868-57a2d4851a1d" />
    <TestEntry testId="4949997c-46c8-3183-1501-b1267871bfcf" executionId="beffecaa-c5a9-41be-b15e-03dd2b68ff64" testListId="8c84fa94-04c1-424b-9868-57a2d4851a1d" />
    <TestEntry testId="1335073e-5183-6141-99f1-caaa61dc86f4" executionId="e9f97c86-1135-45a2-ba38-400c5cc84b52" testListId="8c84fa94-04c1-424b-9868-57a2d4851a1d" />
    <TestEntry testId="8bb24e9f-b033-fdc0-7830-bccb21534250" executionId="3362aedf-16b8-4a07-8786-0eb8c08a3755" testListId="8c84fa94-04c1-424b-9868-57a2d4851a1d" />
    <TestEntry testId="4018bd47-d5cd-e85a-b6de-7760e129dafa" executionId="9bcbeade-eb88-4c13-9908-b7f83e61cd43" testListId="8c84fa94-04c1-424b-9868-57a2d4851a1d" />
    <TestEntry testId="117d72dd-b186-d8e9-ce14-8d711079c929" executionId="02458fed-fd92-4c60-8622-b0f11cab2b40" testListId="8c84fa94-04c1-424b-9868-57a2d4851a1d" />
    <TestEntry testId="48d95b96-b471-deb8-51bf-62c5a89928a2" executionId="d6327cab-e569-4e78-95e8-ed4943b3f270" testListId="8c84fa94-04c1-424b-9868-57a2d4851a1d" />
    <TestEntry testId="d40d14e6-e55e-a2ee-7c2d-3f2b4d1650c4" executionId="1fb0527b-3cbb-4774-8403-a81447a91f4a" testListId="8c84fa94-04c1-424b-9868-57a2d4851a1d" />
    <TestEntry testId="08a9b593-cfee-9bdf-6d80-833bb0b65ba9" executionId="74641ceb-cf33-46a1-999c-4237a333977b" testListId="8c84fa94-04c1-424b-9868-57a2d4851a1d" />
    <TestEntry testId="3f5baae7-b2ef-0a09-bc51-f8b04a3acced" executionId="8cf133ab-7846-4c81-be66-bf2a738d19bb" testListId="8c84fa94-04c1-424b-9868-57a2d4851a1d" />
    <TestEntry testId="3e754e7c-3120-cf7a-7a68-ce1c9a477533" executionId="3bed088c-ad3e-4dcf-8ce2-610fe66c2982" testListId="8c84fa94-04c1-424b-9868-57a2d4851a1d" />
    <TestEntry testId="2d42558b-0e16-1806-a5ca-7006bc54a2c7" executionId="488d2230-dacc-495a-8258-e2b4c6913ffd" testListId="8c84fa94-04c1-424b-9868-57a2d4851a1d" />
    <TestEntry testId="df69a92c-44e3-a51a-3c69-97077bc8aa3a" executionId="3e138367-5ccd-4e86-a14f-e660ad4598e3" testListId="8c84fa94-04c1-424b-9868-57a2d4851a1d" />
    <TestEntry testId="d9e9dfd4-db91-4986-9bbe-4cae120c9790" executionId="06d5e4a1-d1a8-4871-9fcf-ea2e477d2b63" testListId="8c84fa94-04c1-424b-9868-57a2d4851a1d" />
    <TestEntry testId="9e88128c-c893-0f4c-cf4f-ba4eb6951e77" executionId="e2e09738-ad2a-4c05-b7bc-3a5a23addf85" testListId="8c84fa94-04c1-424b-9868-57a2d4851a1d" />
    <TestEntry testId="aac2053d-c1f1-3ae9-c811-84c25975dded" executionId="a6e44110-679b-44d9-91c9-e251505dc698" testListId="8c84fa94-04c1-424b-9868-57a2d4851a1d" />
    <TestEntry testId="b6a182bd-655d-0c92-283a-3c75d3d71c02" executionId="6c47e5b1-6d33-4a80-876a-afc8385869b1" testListId="8c84fa94-04c1-424b-9868-57a2d4851a1d" />
    <TestEntry testId="dfe6a45f-34c2-c767-91dd-1f8de6538cc0" executionId="a115a6ba-4ea2-41f7-94de-044bf7056f2f" testListId="8c84fa94-04c1-424b-9868-57a2d4851a1d" />
    <TestEntry testId="dca73a03-b0b0-9398-437e-9e75519b25e4" executionId="306a778e-3555-468c-9e52-51c291716671" testListId="8c84fa94-04c1-424b-9868-57a2d4851a1d" />
    <TestEntry testId="be34b3ae-4d99-48a5-415d-a9f5ba8821a1" executionId="48df3dca-ea50-480e-918a-a110a4deeacd" testListId="8c84fa94-04c1-424b-9868-57a2d4851a1d" />
    <TestEntry testId="08ddb4d1-1ea9-4a39-f70b-490a5dd2fdfe" executionId="4e4b1702-586b-4314-9f7c-444e8a48e27b" testListId="8c84fa94-04c1-424b-9868-57a2d4851a1d" />
    <TestEntry testId="7711d213-9779-8d22-c44f-611f07df932a" executionId="63e06f48-787f-4331-8202-71adf7a82440" testListId="8c84fa94-04c1-424b-9868-57a2d4851a1d" />
    <TestEntry testId="40701e53-787e-9af9-e51e-796a4964c5fd" executionId="fc3a90b5-0743-4b16-8649-14025322f478" testListId="8c84fa94-04c1-424b-9868-57a2d4851a1d" />
    <TestEntry testId="77c94a3a-bf51-e754-8b05-8ef3b5f32220" executionId="e0f9b0f3-18c9-49ce-beb4-58e25e2b2717" testListId="8c84fa94-04c1-424b-9868-57a2d4851a1d" />
    <TestEntry testId="b1f41500-5f15-b967-f0a8-55e935ea7819" executionId="fc6ac69a-a957-4716-bef2-59c2a2a043ef" testListId="8c84fa94-04c1-424b-9868-57a2d4851a1d" />
    <TestEntry testId="61feef70-4f4a-625c-42d0-d394030d758f" executionId="3b5ca37b-1d2e-4a63-a763-efac75990233" testListId="8c84fa94-04c1-424b-9868-57a2d4851a1d" />
    <TestEntry testId="be89a856-c15c-81ed-5ddb-4973639d716d" executionId="5abc900f-57e7-49b8-a824-fa10db305b52" testListId="8c84fa94-04c1-424b-9868-57a2d4851a1d" />
    <TestEntry testId="e6069ec8-dd96-68b5-2039-b29d0b89d8eb" executionId="21af04d6-bba6-49e4-80f2-81e6554e9741" testListId="8c84fa94-04c1-424b-9868-57a2d4851a1d" />
    <TestEntry testId="8bb24d97-4056-0aed-e738-d86e9d34f566" executionId="dfef2807-7371-42e0-8424-494b94d4eb46" testListId="8c84fa94-04c1-424b-9868-57a2d4851a1d" />
    <TestEntry testId="23376aab-8018-81b3-8b3c-57bc8b0141ed" executionId="20906d25-7d75-4a75-bcd7-32eb29a19de8" testListId="8c84fa94-04c1-424b-9868-57a2d4851a1d" />
    <TestEntry testId="d91077c4-486f-699f-e7de-7a096da96d2b" executionId="c3eb7473-b7e0-4859-8b86-af495bd11cd8" testListId="8c84fa94-04c1-424b-9868-57a2d4851a1d" />
    <TestEntry testId="3101a1d2-70b0-545d-5f32-eb96f6803b5f" executionId="d9d29531-bbaa-468b-97b7-3298ef56f8b0" testListId="8c84fa94-04c1-424b-9868-57a2d4851a1d" />
    <TestEntry testId="0df754ab-3374-deab-a269-326e3752e38a" executionId="cdbf27a4-0fb1-43b2-a390-af4c947d1f51" testListId="8c84fa94-04c1-424b-9868-57a2d4851a1d" />
    <TestEntry testId="44213f5c-f4e3-7f19-6a5d-6c4a3c8d0dec" executionId="feaabb41-4624-4212-883e-191c06340dbd" testListId="8c84fa94-04c1-424b-9868-57a2d4851a1d" />
    <TestEntry testId="08260a64-8541-0630-0fbb-fef9aaa19f85" executionId="11b3541a-e3f0-4926-9b0c-30961f55bd11" testListId="8c84fa94-04c1-424b-9868-57a2d4851a1d" />
    <TestEntry testId="78d335ed-d8a0-4e68-1b07-0e64ec6fcf01" executionId="65c97a49-e1ca-4b89-90d8-32eddc37382e" testListId="8c84fa94-04c1-424b-9868-57a2d4851a1d" />
    <TestEntry testId="8f75422e-f196-d0f3-b885-da9f9acf8fde" executionId="0839fe41-22ae-430b-a34f-421054228771" testListId="8c84fa94-04c1-424b-9868-57a2d4851a1d" />
    <TestEntry testId="1d7b16e9-5047-ebb1-e4a1-207c49ea6bcd" executionId="bdffdabf-62d6-4c76-be0f-8a03c5b78599" testListId="8c84fa94-04c1-424b-9868-57a2d4851a1d" />
    <TestEntry testId="93232e33-f6c8-82c0-b755-94e963fff023" executionId="d00b9e5d-eed3-450f-8154-c26a928aad57" testListId="8c84fa94-04c1-424b-9868-57a2d4851a1d" />
    <TestEntry testId="d983931e-3379-4c6a-5c76-852ec2540d36" executionId="a5754aed-40f3-43dc-877f-d68bd1ee36d6" testListId="8c84fa94-04c1-424b-9868-57a2d4851a1d" />
    <TestEntry testId="8c01a8cb-2ffc-5487-6da3-7bc37c88340c" executionId="df7aa79c-7c51-4db5-be16-ca3bb23bae5f" testListId="8c84fa94-04c1-424b-9868-57a2d4851a1d" />
    <TestEntry testId="5a1b2923-7867-c9d7-9184-902164877e6b" executionId="128a1371-f38d-4511-865c-bc9df9ea6aba" testListId="8c84fa94-04c1-424b-9868-57a2d4851a1d" />
    <TestEntry testId="5c61d628-c74f-c8f0-779e-82c0c2dc77df" executionId="195d947f-0c7a-447b-8d24-a0cb3bd1d2c0" testListId="8c84fa94-04c1-424b-9868-57a2d4851a1d" />
    <TestEntry testId="42b838e4-a515-a0a8-9201-8a5607fcd950" executionId="d7a3e680-6afa-467a-8758-1bbfec77f5eb" testListId="8c84fa94-04c1-424b-9868-57a2d4851a1d" />
    <TestEntry testId="0eac1afa-cee8-c2b1-e775-7c9bd515bfb3" executionId="b70972fd-616d-44cf-b5b3-463f3e13403c" testListId="8c84fa94-04c1-424b-9868-57a2d4851a1d" />
    <TestEntry testId="f2a53262-1031-8641-ce23-2061a5c39410" executionId="7164cb9b-d6af-4335-904d-9c93cef35487" testListId="8c84fa94-04c1-424b-9868-57a2d4851a1d" />
    <TestEntry testId="46016c60-0720-f808-02e7-68fa8d4036c4" executionId="f23b7b61-4c0e-4dd6-b478-22b84b331d58" testListId="8c84fa94-04c1-424b-9868-57a2d4851a1d" />
    <TestEntry testId="4bb73173-b83c-b642-8102-032feaeaf8ff" executionId="6a591fab-8e48-4b63-9a5f-8b41f4a0d400" testListId="8c84fa94-04c1-424b-9868-57a2d4851a1d" />
    <TestEntry testId="a7640c1c-3e1a-ff5f-a7c8-4da5a8b29af2" executionId="308d8017-5ec8-4078-b4cf-2342524b65ff" testListId="8c84fa94-04c1-424b-9868-57a2d4851a1d" />
    <TestEntry testId="697a3a18-bb68-1bc4-ecac-a4680501e02f" executionId="004a2072-fa18-4025-9d24-af7cf5066ea7" testListId="8c84fa94-04c1-424b-9868-57a2d4851a1d" />
    <TestEntry testId="62aa58ea-9077-0f9e-c60d-aafd4a8d0ad6" executionId="0afb362f-75b5-4a40-a123-be68fefef8cc" testListId="8c84fa94-04c1-424b-9868-57a2d4851a1d" />
    <TestEntry testId="6219abff-caed-b73f-a3a3-a932c37fd5fb" executionId="59a02bc2-553a-4db3-9695-77b6c7bbec1a" testListId="8c84fa94-04c1-424b-9868-57a2d4851a1d" />
    <TestEntry testId="18fd69b0-d054-4b67-4fab-caa28c12efff" executionId="7e483feb-3203-4d17-8ee8-0771df0ef558" testListId="8c84fa94-04c1-424b-9868-57a2d4851a1d" />
    <TestEntry testId="1be37c51-af7c-9e7b-8fa3-a746d27f5f9b" executionId="8e0765e0-05cb-4a6f-abe7-fcb721a92391" testListId="8c84fa94-04c1-424b-9868-57a2d4851a1d" />
    <TestEntry testId="61de09e0-94b0-9094-bdcf-74e56c5800ed" executionId="47cdd3b5-3bd2-4944-a269-074999b33d2c" testListId="8c84fa94-04c1-424b-9868-57a2d4851a1d" />
    <TestEntry testId="c91192db-21fb-4e08-e57b-721298eb140d" executionId="a4168c8c-449a-485e-a220-d8f128fff019" testListId="8c84fa94-04c1-424b-9868-57a2d4851a1d" />
    <TestEntry testId="62abf167-66b2-7338-5ead-888596c0fffe" executionId="79a03692-f02a-4c26-9be9-04b6d86eb36f" testListId="8c84fa94-04c1-424b-9868-57a2d4851a1d" />
    <TestEntry testId="3fd3b076-d6e9-95cb-3f37-7d353eff3a42" executionId="975bb5ac-919f-430b-a28a-c05cfb1e8087" testListId="8c84fa94-04c1-424b-9868-57a2d4851a1d" />
    <TestEntry testId="a6b1c1b8-42d6-da05-0367-8e170c8545bb" executionId="c07cec75-c115-4a1e-b649-59f18cc5b1fb" testListId="8c84fa94-04c1-424b-9868-57a2d4851a1d" />
    <TestEntry testId="172a47eb-7de7-c6df-b8be-70c0be7e14f7" executionId="59c7d6c0-7b80-4a33-bcf2-7b3d42df610d" testListId="8c84fa94-04c1-424b-9868-57a2d4851a1d" />
    <TestEntry testId="68647ad1-4f74-1b97-159d-5659e9979e01" executionId="8e004c1b-c633-4e23-8b3f-49182b947ecf" testListId="8c84fa94-04c1-424b-9868-57a2d4851a1d" />
    <TestEntry testId="dd76f619-e962-2008-d0f8-a714bb3f5c46" executionId="e3e9a471-2bdc-446b-9763-85fce73fae40" testListId="8c84fa94-04c1-424b-9868-57a2d4851a1d" />
    <TestEntry testId="877174d0-c487-453a-b8ad-4f52137508be" executionId="bb1a8767-e32b-4cf0-a738-42b4897b089e" testListId="8c84fa94-04c1-424b-9868-57a2d4851a1d" />
    <TestEntry testId="305d09f5-4e54-c015-79c0-ffb75c48bf18" executionId="33e20022-4e3e-4ad5-b1a5-9ada76b8a40b" testListId="8c84fa94-04c1-424b-9868-57a2d4851a1d" />
    <TestEntry testId="e9f8fc86-f5b4-af50-fd5d-96735f013b0a" executionId="599474d0-3220-4016-a764-62c5fba25aa1" testListId="8c84fa94-04c1-424b-9868-57a2d4851a1d" />
    <TestEntry testId="dc5f28f7-09cd-2ab7-408b-876a39c8dcda" executionId="ef36ce14-293d-4bdf-8b9e-288e4d108b5d" testListId="8c84fa94-04c1-424b-9868-57a2d4851a1d" />
    <TestEntry testId="f36a8701-085e-04e9-1108-0b102bccb765" executionId="bbf1ee28-3f2d-46ad-a7a5-95e5852f2bbc" testListId="8c84fa94-04c1-424b-9868-57a2d4851a1d" />
    <TestEntry testId="75f4d661-9754-0157-eb91-1cb0c3ea30c4" executionId="49834cc5-ff4c-4fa2-ba1b-93459883ea87" testListId="8c84fa94-04c1-424b-9868-57a2d4851a1d" />
    <TestEntry testId="c5847a99-4505-c2ed-d54d-fc269a080b27" executionId="caa5c760-8a06-45cf-85ab-46500a4e6fc1" testListId="8c84fa94-04c1-424b-9868-57a2d4851a1d" />
    <TestEntry testId="d269bbab-e11e-9189-e523-cf92a42762f7" executionId="3cdee452-bc28-4cdc-ae07-9c633c51fbcb" testListId="8c84fa94-04c1-424b-9868-57a2d4851a1d" />
    <TestEntry testId="162f6cfb-c27f-27d9-ae85-1a410ddacc2e" executionId="25ea776c-273c-485b-80f3-dad454a2c798" testListId="8c84fa94-04c1-424b-9868-57a2d4851a1d" />
    <TestEntry testId="4e68cf9a-2a3a-1e07-4a4f-0cf27d8d2bbb" executionId="db6d3c0e-4aac-46f8-8dd0-53e392454b0a" testListId="8c84fa94-04c1-424b-9868-57a2d4851a1d" />
    <TestEntry testId="973ec4a4-75bf-519b-ad67-04ada4756976" executionId="cc758d76-6e28-45f5-8d26-4f536e507c6a" testListId="8c84fa94-04c1-424b-9868-57a2d4851a1d" />
    <TestEntry testId="f34471f4-815a-4ec3-4038-5fedcb003a99" executionId="ecd0c596-6658-40c5-84c6-746703176dbd" testListId="8c84fa94-04c1-424b-9868-57a2d4851a1d" />
    <TestEntry testId="6312f765-830a-9014-ae5b-70adf30832c5" executionId="56487f0c-896e-4544-af7c-b97a404ed74c" testListId="8c84fa94-04c1-424b-9868-57a2d4851a1d" />
    <TestEntry testId="13b70763-63fd-f0df-582a-0fb307fcad59" executionId="1f023f1e-62b9-4579-b126-0dded9acfff8" testListId="8c84fa94-04c1-424b-9868-57a2d4851a1d" />
    <TestEntry testId="57048c9f-2c1b-ae85-11e6-989795af7a80" executionId="1736696b-cc70-4c2a-a83f-b1177fea87b7" testListId="8c84fa94-04c1-424b-9868-57a2d4851a1d" />
    <TestEntry testId="d9d0929f-95f9-5181-aa9b-10571d330d53" executionId="8548716c-aa17-4b74-b2ef-6c88076dc290" testListId="8c84fa94-04c1-424b-9868-57a2d4851a1d" />
    <TestEntry testId="26223a8b-ac6d-ffcd-1256-75d18fb727f7" executionId="3a6a2bac-37a9-467e-82ee-e4fbf055c7d3" testListId="8c84fa94-04c1-424b-9868-57a2d4851a1d" />
    <TestEntry testId="ec7cd5e3-a82c-cf66-66cc-45c1ba395a3e" executionId="d8422c6e-c003-450b-ba73-3303a5c4ba07" testListId="8c84fa94-04c1-424b-9868-57a2d4851a1d" />
    <TestEntry testId="2b043a8d-e346-04e5-47b3-898bfcbeb615" executionId="135d6759-afda-40b2-97e6-1da10635a335" testListId="8c84fa94-04c1-424b-9868-57a2d4851a1d" />
    <TestEntry testId="a1855258-2f38-7695-fb75-dcfca8f4ee44" executionId="4eda4c60-db32-4f2e-8433-ddb45bb89167" testListId="8c84fa94-04c1-424b-9868-57a2d4851a1d" />
    <TestEntry testId="d85c6fd3-7663-9ff2-9595-f7d77c06aa38" executionId="65ca23ee-d4b5-4a3d-a37b-ad380fb8dafc" testListId="8c84fa94-04c1-424b-9868-57a2d4851a1d" />
    <TestEntry testId="477057b0-3b6f-36a4-06fc-1b03c23a4da7" executionId="343a5810-4434-415b-9d72-b16c08ce3a7e" testListId="8c84fa94-04c1-424b-9868-57a2d4851a1d" />
    <TestEntry testId="57fdcf56-cdf1-9f39-baba-1b1c695971d5" executionId="d3bd270d-49f3-4adf-ab80-03fc78e62190" testListId="8c84fa94-04c1-424b-9868-57a2d4851a1d" />
    <TestEntry testId="d23e84fd-71f4-7bce-d8fe-1741eb8da08e" executionId="46c641f8-f31f-4a1b-9ac7-8e9270bbfad9" testListId="8c84fa94-04c1-424b-9868-57a2d4851a1d" />
    <TestEntry testId="abed9d03-2d03-a6ea-317e-f9cbae3ef978" executionId="e6027425-f991-4100-8133-f02191074ef4" testListId="8c84fa94-04c1-424b-9868-57a2d4851a1d" />
    <TestEntry testId="6c5bb03b-3d70-308f-aed5-443e0f2530e1" executionId="fef89b35-141c-468d-a648-238b2ad38c29" testListId="8c84fa94-04c1-424b-9868-57a2d4851a1d" />
    <TestEntry testId="6d9ecacc-771f-c0f8-81b8-e7f5f5ecfa5f" executionId="93812cc0-66fe-427f-b4da-75555f5695d6" testListId="8c84fa94-04c1-424b-9868-57a2d4851a1d" />
    <TestEntry testId="e7cf9e58-42dd-8f47-eefc-754488b66343" executionId="41d74550-dfcd-4e26-b14a-375a6fd19141" testListId="8c84fa94-04c1-424b-9868-57a2d4851a1d" />
    <TestEntry testId="9660e9b2-80f8-e700-08d8-e0b7717e9f85" executionId="faec9fbd-114f-439c-bb95-687a5d490275" testListId="8c84fa94-04c1-424b-9868-57a2d4851a1d" />
    <TestEntry testId="5be58517-5610-e8d0-dec2-520046d41b5e" executionId="934dfb49-a50a-46f0-8ac4-7d0ab1a65334" testListId="8c84fa94-04c1-424b-9868-57a2d4851a1d" />
    <TestEntry testId="af05f3f5-fc25-06fd-0f22-fca8b27396d1" executionId="5680c427-b9fb-47c9-babf-d709df7b3ef2" testListId="8c84fa94-04c1-424b-9868-57a2d4851a1d" />
    <TestEntry testId="e531c44f-a81a-259c-843c-505a398d8b55" executionId="f6ab1c73-0da2-429a-b511-f7ed9785e383" testListId="8c84fa94-04c1-424b-9868-57a2d4851a1d" />
    <TestEntry testId="4103318d-2de0-6e72-8544-27607329cbb3" executionId="84ccbfda-88c7-4b9f-9624-635067a7e7eb" testListId="8c84fa94-04c1-424b-9868-57a2d4851a1d" />
    <TestEntry testId="7882d79f-7e75-7cd0-3f6e-4fc087cc8ade" executionId="5251c660-80ba-467c-9024-b6e8e67c9594" testListId="8c84fa94-04c1-424b-9868-57a2d4851a1d" />
    <TestEntry testId="d6776beb-14db-e4df-c8a3-8f90548062bb" executionId="b4fd7412-9265-4a0c-91c0-b5fe8f6da615" testListId="8c84fa94-04c1-424b-9868-57a2d4851a1d" />
    <TestEntry testId="e59ff618-3ced-6a2f-d01c-20262e337085" executionId="6242e682-b8ef-41fc-a209-739ec17f1db1" testListId="8c84fa94-04c1-424b-9868-57a2d4851a1d" />
    <TestEntry testId="5def33b1-c62c-99fb-8bf7-753117f8b16e" executionId="e7c74a88-5b4c-46c9-ab2c-26cdc500d61f" testListId="8c84fa94-04c1-424b-9868-57a2d4851a1d" />
    <TestEntry testId="5281d8e8-e57c-c45e-69f7-66dd4ef8cb7b" executionId="19faa2d9-317a-4d8a-9fa2-1a9352d53617" testListId="8c84fa94-04c1-424b-9868-57a2d4851a1d" />
    <TestEntry testId="994b105a-2d3c-5d2b-62ff-1c998f53f588" executionId="b0343942-e70f-402d-a489-e884a768f90b" testListId="8c84fa94-04c1-424b-9868-57a2d4851a1d" />
    <TestEntry testId="1c0d7c7b-e498-3c7a-c145-fce1f6e14e16" executionId="07a1a1e4-ac8b-4076-b068-ffe30fcfdb76" testListId="8c84fa94-04c1-424b-9868-57a2d4851a1d" />
    <TestEntry testId="c900e632-ca6a-8d11-765e-c59876f4f7f8" executionId="b0a87724-4574-4993-a2e1-98430aa5fda9" testListId="8c84fa94-04c1-424b-9868-57a2d4851a1d" />
    <TestEntry testId="f33495c4-e0d0-5acc-0d2f-99762039f6f2" executionId="f2ade638-a97f-417f-890d-71b052536454" testListId="8c84fa94-04c1-424b-9868-57a2d4851a1d" />
    <TestEntry testId="81cae9df-520c-bb72-ca7a-30a828451359" executionId="10b860ed-6465-4015-b296-42f6885f4b5f" testListId="8c84fa94-04c1-424b-9868-57a2d4851a1d" />
    <TestEntry testId="8d702d1b-c14c-4dd0-cea5-aaa087d77d3f" executionId="7b1a657b-1e17-4a0d-be60-f64f9ab4595c" testListId="8c84fa94-04c1-424b-9868-57a2d4851a1d" />
    <TestEntry testId="5fc7d131-6de1-7ffe-375b-8ea28a5dbcb8" executionId="4213ee77-c8d6-43ba-bef5-f48c34fbc2eb" testListId="8c84fa94-04c1-424b-9868-57a2d4851a1d" />
    <TestEntry testId="8dc17fe0-66a4-6cf2-3749-0f755c367e4d" executionId="f64d0b23-3e80-47fd-aac1-a2350629ea32" testListId="8c84fa94-04c1-424b-9868-57a2d4851a1d" />
    <TestEntry testId="e5846600-5bfc-193d-66eb-f1933de5487e" executionId="048db8f2-f654-4973-9f2c-47430641bcf8" testListId="8c84fa94-04c1-424b-9868-57a2d4851a1d" />
    <TestEntry testId="6e1a460b-06b0-f626-b520-bfe11fd26de1" executionId="435233ae-f410-4648-aa37-7b5af4df9232" testListId="8c84fa94-04c1-424b-9868-57a2d4851a1d" />
    <TestEntry testId="0249bb7c-cd9a-b690-46ba-3252e9d64885" executionId="b33ed95a-9770-4763-bcfb-f3b250b0846c" testListId="8c84fa94-04c1-424b-9868-57a2d4851a1d" />
    <TestEntry testId="a8cebbec-cc48-449c-a357-e8867b7cdbdf" executionId="a0d6e6fd-42e9-4d5d-9b90-0ad166fa8beb" testListId="8c84fa94-04c1-424b-9868-57a2d4851a1d" />
    <TestEntry testId="33aaf4d3-9999-0bc6-ded9-bd2870cebad9" executionId="a1e5eed4-839a-456b-88f0-bb4eb7f6b844" testListId="8c84fa94-04c1-424b-9868-57a2d4851a1d" />
    <TestEntry testId="7f31b8c1-231f-a39c-8870-f0d4abe51343" executionId="7bcc6a6c-50c5-4f0f-99a5-9eec2338b00b" testListId="8c84fa94-04c1-424b-9868-57a2d4851a1d" />
    <TestEntry testId="e35c95a4-d974-6814-c593-743bae04117a" executionId="5e2db83c-37e9-49b4-acf5-bf1a3ecbaef2" testListId="8c84fa94-04c1-424b-9868-57a2d4851a1d" />
    <TestEntry testId="41d6624e-c316-a2d4-4992-8e24e9424bdf" executionId="b8eb50ab-61ab-4e2e-82c3-4446706330f1" testListId="8c84fa94-04c1-424b-9868-57a2d4851a1d" />
    <TestEntry testId="633c7180-abf2-d38a-1f50-b48e71e9c2bd" executionId="7f902ce3-7e73-44f3-9c36-406b0e8e9f4a" testListId="8c84fa94-04c1-424b-9868-57a2d4851a1d" />
    <TestEntry testId="c77238a9-c057-c0ba-9741-2b480cb950cf" executionId="1f053a49-e2a8-4880-a977-b1d1e8ebb834" testListId="8c84fa94-04c1-424b-9868-57a2d4851a1d" />
    <TestEntry testId="a52561ca-dbe3-d21e-cc1f-fbc0bb577901" executionId="576086e7-4b80-4f88-b8a2-d168029cb12d" testListId="8c84fa94-04c1-424b-9868-57a2d4851a1d" />
    <TestEntry testId="f2c9e096-86d1-9457-0421-5a040989da55" executionId="cbdd6d69-7995-4060-afff-432b35dea3da" testListId="8c84fa94-04c1-424b-9868-57a2d4851a1d" />
    <TestEntry testId="a4c9dc78-d66c-c69a-90ef-d545d65a1a43" executionId="31e953c9-befe-4413-acab-97b0115d3580" testListId="8c84fa94-04c1-424b-9868-57a2d4851a1d" />
    <TestEntry testId="abcb8fa3-cd85-2471-5636-a22af31205a3" executionId="faae1d57-2530-4bb2-90b5-e064f8bb8002" testListId="8c84fa94-04c1-424b-9868-57a2d4851a1d" />
    <TestEntry testId="310112f5-4d07-717c-55f6-37a269d700ab" executionId="4d215246-99c8-4fef-a8e9-fa9ec68865cf" testListId="8c84fa94-04c1-424b-9868-57a2d4851a1d" />
    <TestEntry testId="1346760c-63cd-b7f1-1c05-6d40bed27cce" executionId="101810f6-eda5-40b5-862a-a8cb217edbee" testListId="8c84fa94-04c1-424b-9868-57a2d4851a1d" />
    <TestEntry testId="8106ff23-bb8f-04f9-7754-208ee15e0e54" executionId="c8179063-6b23-4835-bc41-594906dddfd6" testListId="8c84fa94-04c1-424b-9868-57a2d4851a1d" />
    <TestEntry testId="fa35896d-315e-329a-8dc3-bb5ba3189b52" executionId="ff0123ca-9967-4709-9083-c9e5169a8bdb" testListId="8c84fa94-04c1-424b-9868-57a2d4851a1d" />
    <TestEntry testId="2582410d-2726-a653-733b-0912934edde4" executionId="7d500df0-956d-4907-9b26-b4e3345d1d4d" testListId="8c84fa94-04c1-424b-9868-57a2d4851a1d" />
    <TestEntry testId="b1f7f7a9-9f3c-0788-8363-349e751ff986" executionId="8e86e0cb-69bd-4be3-b44e-b6d11cf3270e" testListId="8c84fa94-04c1-424b-9868-57a2d4851a1d" />
    <TestEntry testId="2c3f2f16-fb94-3325-49ee-53aa9585411a" executionId="18516dcb-8720-494d-a14a-307fdf5c1814" testListId="8c84fa94-04c1-424b-9868-57a2d4851a1d" />
    <TestEntry testId="702f6073-82fe-153e-00ca-63e8665d8828" executionId="82cad17a-00e2-4f48-9488-d783a467c810" testListId="8c84fa94-04c1-424b-9868-57a2d4851a1d" />
    <TestEntry testId="8c733a46-a4ea-1620-69ec-bdd69e48dc0b" executionId="caf35c44-fe54-468d-b1c7-6ec6be68466f" testListId="8c84fa94-04c1-424b-9868-57a2d4851a1d" />
    <TestEntry testId="1634510e-087e-a71c-61ba-55901a3677cc" executionId="a7d1de19-8611-4afe-8f6a-8ca0c55cb0b7" testListId="8c84fa94-04c1-424b-9868-57a2d4851a1d" />
    <TestEntry testId="1798213c-35a3-cbbc-3a0a-8843aace427d" executionId="d212de7c-b57c-4840-9fb2-baa6a3775cb5" testListId="8c84fa94-04c1-424b-9868-57a2d4851a1d" />
    <TestEntry testId="9f164cb9-b0ee-2833-0b35-619b21bae903" executionId="aee8a26c-9593-4978-8d29-01ada590376d" testListId="8c84fa94-04c1-424b-9868-57a2d4851a1d" />
    <TestEntry testId="878dbf6d-4718-3010-2956-9a909a749d2f" executionId="6432fb06-d16c-4156-a7dc-86ba2a92a3d6" testListId="8c84fa94-04c1-424b-9868-57a2d4851a1d" />
    <TestEntry testId="85f24840-3222-d447-0677-9820b9294533" executionId="bc96efee-5a63-4c97-9fe9-f6bdccbba9fe" testListId="8c84fa94-04c1-424b-9868-57a2d4851a1d" />
    <TestEntry testId="4331c44f-f3ff-6fce-80db-d30dfc1b0433" executionId="41599bf0-c3af-44f5-a36a-ca0ac547db34" testListId="8c84fa94-04c1-424b-9868-57a2d4851a1d" />
    <TestEntry testId="80f7e275-5c62-bf32-953c-a522d71f0911" executionId="e81830df-30b0-4516-a45f-db8394da69d0" testListId="8c84fa94-04c1-424b-9868-57a2d4851a1d" />
    <TestEntry testId="ce7424f3-8800-2916-ce22-d9c4a6a2d917" executionId="dfcbf493-2a8f-48e6-aa5f-97bd5f9521b8" testListId="8c84fa94-04c1-424b-9868-57a2d4851a1d" />
    <TestEntry testId="def966b3-b198-e5b0-2219-bdde89be7924" executionId="9de057c5-817e-442b-8fd6-a2cb07e517e3" testListId="8c84fa94-04c1-424b-9868-57a2d4851a1d" />
    <TestEntry testId="d2d2f826-9cbd-9c14-4121-a07b2094c76e" executionId="ab706c2d-a363-4743-899a-7dc5ce172da9" testListId="8c84fa94-04c1-424b-9868-57a2d4851a1d" />
    <TestEntry testId="596b7c00-efcf-3d4d-3dbb-d2705ed5b371" executionId="cba56b41-75a8-439b-96a8-d955ffd5eb4b" testListId="8c84fa94-04c1-424b-9868-57a2d4851a1d" />
    <TestEntry testId="ccc07dc4-5c65-0922-771d-b881981eeb94" executionId="b510eeb8-16cc-4c0b-bb95-2ff88da7b12a" testListId="8c84fa94-04c1-424b-9868-57a2d4851a1d" />
    <TestEntry testId="28faaf32-b614-3b46-c8af-acfb48482d8d" executionId="afca1801-7f71-479b-a0af-5da3f1c21d1d" testListId="8c84fa94-04c1-424b-9868-57a2d4851a1d" />
    <TestEntry testId="1d2cb59d-b905-737a-61a2-6d873910d1e1" executionId="3921de34-321e-470e-a24f-c3a9b040aed2" testListId="8c84fa94-04c1-424b-9868-57a2d4851a1d" />
    <TestEntry testId="49d22b5a-8a11-c5d8-4359-de2ffd90b380" executionId="298dff56-66b3-4955-8c67-5af5a9e3ff06" testListId="8c84fa94-04c1-424b-9868-57a2d4851a1d" />
    <TestEntry testId="2b9ecce3-1ede-532e-6e3c-66b19452e797" executionId="ce475a8d-cd48-4149-9b3b-9f3bd871971f" testListId="8c84fa94-04c1-424b-9868-57a2d4851a1d" />
    <TestEntry testId="2e480f4f-8e65-8226-244e-bc56a9d64e7e" executionId="f1e791f9-4592-4af0-88e9-82377f5ca236" testListId="8c84fa94-04c1-424b-9868-57a2d4851a1d" />
    <TestEntry testId="ea3e05c1-5c7d-865c-be9d-8f2ae46de9bb" executionId="87358c7b-66a9-471a-804f-7af77a7b19d2" testListId="8c84fa94-04c1-424b-9868-57a2d4851a1d" />
    <TestEntry testId="396d4f9b-ac51-22fa-04b5-9956711699f1" executionId="4e1507b1-05a6-492d-bdfe-510ee78c572f" testListId="8c84fa94-04c1-424b-9868-57a2d4851a1d" />
    <TestEntry testId="520cf6eb-1b87-3f3a-4e2f-2f4e620f4b62" executionId="f8660e05-cc08-46b3-afac-2d49967355b4" testListId="8c84fa94-04c1-424b-9868-57a2d4851a1d" />
    <TestEntry testId="5c035d64-72fa-5f12-cc21-1e89e4c3e9b9" executionId="6535487b-7d0e-4cdb-893d-6024d339e54f" testListId="8c84fa94-04c1-424b-9868-57a2d4851a1d" />
    <TestEntry testId="24c340fb-d377-9a86-7f7b-24671f6c604a" executionId="13f20d0f-33c6-478d-b70d-b444493a2f2b" testListId="8c84fa94-04c1-424b-9868-57a2d4851a1d" />
    <TestEntry testId="5586d107-f84a-20c0-07c2-a380e15c327c" executionId="46431e85-cb0a-4149-9c78-ab3b7de6cdbb" testListId="8c84fa94-04c1-424b-9868-57a2d4851a1d" />
    <TestEntry testId="b8a41320-c868-9123-86b4-03e71d0ff6ef" executionId="4ed5c093-30ca-43c8-937f-cce5f79f9611" testListId="8c84fa94-04c1-424b-9868-57a2d4851a1d" />
    <TestEntry testId="aef446e3-f136-0d0b-1c4f-72b145e6d953" executionId="b96664e9-c318-4ec1-adfb-d5af65a12ce8" testListId="8c84fa94-04c1-424b-9868-57a2d4851a1d" />
    <TestEntry testId="3df0dc6c-72ae-14e2-377c-12e9cf0a4276" executionId="907ee080-ef9d-4c59-b5bc-f4a5551d6380" testListId="8c84fa94-04c1-424b-9868-57a2d4851a1d" />
    <TestEntry testId="188163b5-3a99-e726-205c-6b6fc846baac" executionId="b553d8cf-3bfd-459c-82b7-20a2566e4a03" testListId="8c84fa94-04c1-424b-9868-57a2d4851a1d" />
    <TestEntry testId="f691e718-46df-21d8-be15-dfb8d4456f03" executionId="4ce3202d-e3b9-42f3-a212-8a0057e8613d" testListId="8c84fa94-04c1-424b-9868-57a2d4851a1d" />
    <TestEntry testId="44b98cc9-e1a6-60bb-436a-f6cfa2554196" executionId="4cf19e70-b2c1-4197-a277-26d5b945d6d5" testListId="8c84fa94-04c1-424b-9868-57a2d4851a1d" />
    <TestEntry testId="87e55bdd-4276-ed24-3a0c-df1323a9e2c9" executionId="35623fac-2e00-45aa-a4b1-e095b8a68ce2" testListId="8c84fa94-04c1-424b-9868-57a2d4851a1d" />
    <TestEntry testId="1bb4d31b-4aa9-50a4-5ac5-e8f09827ba51" executionId="e45d89d5-7fed-435f-a194-e856a31f85d2" testListId="8c84fa94-04c1-424b-9868-57a2d4851a1d" />
    <TestEntry testId="df8d3f6f-dec6-fe48-30b1-4504bb2aa651" executionId="a09f4564-b370-4b97-9b89-a2819c5dd41f" testListId="8c84fa94-04c1-424b-9868-57a2d4851a1d" />
    <TestEntry testId="231e01f7-8ce3-c622-6ddb-f4a558f73635" executionId="b1991696-964c-4ff2-9517-479d16718b08" testListId="8c84fa94-04c1-424b-9868-57a2d4851a1d" />
    <TestEntry testId="b10f5741-388a-3ae9-2087-f07485587a15" executionId="96766801-0ed8-46fd-8a40-2a58ada2a4bf" testListId="8c84fa94-04c1-424b-9868-57a2d4851a1d" />
    <TestEntry testId="1ccac014-6a4c-a22a-90fa-db21298e0651" executionId="d39bc40d-5dcf-48d2-ae22-d61fd6f5ee6b" testListId="8c84fa94-04c1-424b-9868-57a2d4851a1d" />
    <TestEntry testId="9e5e4569-9acc-0235-4e91-ee81d67e124e" executionId="ea1ddbc0-d754-4043-9384-4f723b008a7d" testListId="8c84fa94-04c1-424b-9868-57a2d4851a1d" />
    <TestEntry testId="d3a4b1bb-6aeb-d30b-4b3c-0f1cdc5eac6e" executionId="f887311a-b47d-4799-ae7b-d7b72a457dc7" testListId="8c84fa94-04c1-424b-9868-57a2d4851a1d" />
    <TestEntry testId="4bbe555c-8fb0-44dc-18a4-86549d9ecd64" executionId="0d478906-f8e8-4128-a0d2-b10f76829e00" testListId="8c84fa94-04c1-424b-9868-57a2d4851a1d" />
    <TestEntry testId="bcc4ea35-2128-3f0c-9022-a8e4dbbfeab6" executionId="5d6d51d0-4388-41a6-9d5f-9ee529149356" testListId="8c84fa94-04c1-424b-9868-57a2d4851a1d" />
    <TestEntry testId="42292f25-9e9f-80d8-c32a-5aae5cd0c643" executionId="d0642876-a02b-4858-92a9-b9b6d697460a" testListId="8c84fa94-04c1-424b-9868-57a2d4851a1d" />
    <TestEntry testId="0a4fef64-4b22-b6e1-3068-172d5dc1b64f" executionId="585887a9-2712-4a50-9a05-867f5cb19bfd" testListId="8c84fa94-04c1-424b-9868-57a2d4851a1d" />
    <TestEntry testId="5d068b70-09ca-86be-04bc-7a667c7e0484" executionId="19369f39-b098-451e-b40c-0fa6daed9655" testListId="8c84fa94-04c1-424b-9868-57a2d4851a1d" />
    <TestEntry testId="7264d755-3cfa-51c2-00b7-8c3c5d03bdbd" executionId="0c033155-b8dd-4633-ad53-b4546c94ce7d" testListId="8c84fa94-04c1-424b-9868-57a2d4851a1d" />
    <TestEntry testId="ad4bf482-4b9d-1c7e-1b22-27f5b448acad" executionId="da82b102-6379-4f88-a1b4-8c0d19765e75" testListId="8c84fa94-04c1-424b-9868-57a2d4851a1d" />
    <TestEntry testId="7d4e8658-cb8d-0c66-3167-748289c2e3c6" executionId="2fb48d43-bb43-4f02-bf25-186cc2732005" testListId="8c84fa94-04c1-424b-9868-57a2d4851a1d" />
    <TestEntry testId="386e0330-7309-7b37-24f5-0984d80d3723" executionId="ede68efb-56a8-42ff-9a7e-b318608dea70" testListId="8c84fa94-04c1-424b-9868-57a2d4851a1d" />
    <TestEntry testId="0046d277-9b70-8213-d3d2-32e9f1ff9915" executionId="aa14fbe2-b999-44f9-9607-46145523ec3a" testListId="8c84fa94-04c1-424b-9868-57a2d4851a1d" />
    <TestEntry testId="5184c208-ba66-a1eb-00ca-490830c3b61a" executionId="f7562fba-0510-4445-8928-5189167c2636" testListId="8c84fa94-04c1-424b-9868-57a2d4851a1d" />
    <TestEntry testId="fa20158d-fb5e-8e7a-f1da-aa0a1eb9ba5a" executionId="75cd2777-989d-471a-8212-024c5662d7a0" testListId="8c84fa94-04c1-424b-9868-57a2d4851a1d" />
    <TestEntry testId="3456ad39-e674-a27d-da41-053fedd7e6ad" executionId="4bfe992c-ed48-45de-91f3-91d5ad84c688" testListId="8c84fa94-04c1-424b-9868-57a2d4851a1d" />
    <TestEntry testId="2505d350-e44a-f204-9fd8-58dd92f22763" executionId="3c6006e8-5b69-4971-a4ae-8ee75244cefe" testListId="8c84fa94-04c1-424b-9868-57a2d4851a1d" />
    <TestEntry testId="7175185a-7456-021f-eecb-6c991ffd0d08" executionId="9fe2cd82-333c-4e6b-83a8-4bcd5cb6f386" testListId="8c84fa94-04c1-424b-9868-57a2d4851a1d" />
    <TestEntry testId="9b0f50d1-0319-2e52-3133-7e2638dde793" executionId="e12fef2c-543f-4c62-ac2c-c960f49dd85b" testListId="8c84fa94-04c1-424b-9868-57a2d4851a1d" />
    <TestEntry testId="8c9fb467-c9d9-e4ca-cb2a-8456e527af16" executionId="14b52a48-6713-4064-8d54-db48c3e8d687" testListId="8c84fa94-04c1-424b-9868-57a2d4851a1d" />
    <TestEntry testId="ce19e570-cfff-5516-73c5-0c25670038af" executionId="d0760f8f-5f37-4398-a606-bc72a9ef8ec1" testListId="8c84fa94-04c1-424b-9868-57a2d4851a1d" />
    <TestEntry testId="b173cbcd-a6a7-597f-40e4-5532d9298452" executionId="14ff348e-bfb4-4612-a850-73612883f5be" testListId="8c84fa94-04c1-424b-9868-57a2d4851a1d" />
    <TestEntry testId="6acfe581-a1ff-0243-6a25-fa30ab98af8f" executionId="bb7426da-8fce-47b3-a00b-f54fd568f840" testListId="8c84fa94-04c1-424b-9868-57a2d4851a1d" />
    <TestEntry testId="c005721b-05db-8d7a-5eea-e90626721b80" executionId="5ee2e58b-ab94-49aa-b544-0131cba4664f" testListId="8c84fa94-04c1-424b-9868-57a2d4851a1d" />
    <TestEntry testId="17d2bd4a-a575-7ccc-1676-102dfc4795d6" executionId="532d529d-709e-4827-a7ba-8b15961c40f1" testListId="8c84fa94-04c1-424b-9868-57a2d4851a1d" />
    <TestEntry testId="6ddbf3e0-3ece-b657-908f-2948ae07368f" executionId="3b2c5bc4-b876-43ed-bd46-314a001cd939" testListId="8c84fa94-04c1-424b-9868-57a2d4851a1d" />
    <TestEntry testId="fb896724-2095-3026-71b5-ad9198efd098" executionId="6547888d-0659-4aeb-aead-6a5dc4456aaf" testListId="8c84fa94-04c1-424b-9868-57a2d4851a1d" />
    <TestEntry testId="5caf925d-9bc2-c40c-f14f-bb094f78a12c" executionId="dcfafc78-8deb-4f03-a5a8-4b2db2669ba4" testListId="8c84fa94-04c1-424b-9868-57a2d4851a1d" />
    <TestEntry testId="827cffd5-57e2-399d-4e16-80e94a843b77" executionId="12ac364d-089e-4c9b-85aa-ffe2f7aab63a" testListId="8c84fa94-04c1-424b-9868-57a2d4851a1d" />
    <TestEntry testId="8d324366-3662-08e0-9537-a5a51d46bda5" executionId="ac12c684-fada-47af-aed9-9d75cb6ceba8" testListId="8c84fa94-04c1-424b-9868-57a2d4851a1d" />
    <TestEntry testId="5d43f699-35d1-a4da-58e9-d0a22f0dcdd2" executionId="fecb4881-b4b2-4169-b7fb-b33d858b3b84" testListId="8c84fa94-04c1-424b-9868-57a2d4851a1d" />
    <TestEntry testId="94acb547-5f92-9634-547a-02395bd6053e" executionId="b771df6b-e124-4bf7-907a-c72b12ece8c4" testListId="8c84fa94-04c1-424b-9868-57a2d4851a1d" />
    <TestEntry testId="d158f051-212f-d40f-0819-bf99fbd314c0" executionId="31a9dbbf-1eb6-4566-814d-968d9cb099cc" testListId="8c84fa94-04c1-424b-9868-57a2d4851a1d" />
    <TestEntry testId="22960b58-9cb3-5bbf-01a8-8b59f0364e15" executionId="d47b104e-06da-4173-81ef-a660e19fe105" testListId="8c84fa94-04c1-424b-9868-57a2d4851a1d" />
    <TestEntry testId="22d4e883-d516-a3c1-91a6-c6ccca686050" executionId="5dd1e8c3-895a-4cdb-a9c0-73d3dea5a86b" testListId="8c84fa94-04c1-424b-9868-57a2d4851a1d" />
    <TestEntry testId="51c22198-79c6-8565-1359-1e7a59cd2ad4" executionId="45610694-903a-410d-b8d5-f3897f51746d" testListId="8c84fa94-04c1-424b-9868-57a2d4851a1d" />
    <TestEntry testId="73d0473b-eb3b-71b8-da90-00961c42343e" executionId="d501e41f-a20e-485d-9a13-395ed82f3d42" testListId="8c84fa94-04c1-424b-9868-57a2d4851a1d" />
    <TestEntry testId="0161b4d2-48af-5756-816a-41884dcebe59" executionId="66c87668-8f09-44eb-a418-32dc5e545313" testListId="8c84fa94-04c1-424b-9868-57a2d4851a1d" />
    <TestEntry testId="fa4cc283-dfe0-de36-3d73-29ab1e351353" executionId="87cc0034-f418-4e71-b3ab-d626262b9b1d" testListId="8c84fa94-04c1-424b-9868-57a2d4851a1d" />
    <TestEntry testId="12f16ac3-f6d6-9802-1d09-4301de2f7efc" executionId="9328b8f8-8436-481b-b753-612f735ce2d9" testListId="8c84fa94-04c1-424b-9868-57a2d4851a1d" />
    <TestEntry testId="088d383f-5fbc-e375-2326-3e321a2adf4f" executionId="204aafe1-963c-4dfe-bd00-741860823071" testListId="8c84fa94-04c1-424b-9868-57a2d4851a1d" />
    <TestEntry testId="7af06183-9c70-25ca-b4dd-507d650d671c" executionId="e02ad983-93ca-40ee-b285-77bc423e2289" testListId="8c84fa94-04c1-424b-9868-57a2d4851a1d" />
    <TestEntry testId="7d1b1cf4-8561-5b1e-3cb0-e9438583a7c7" executionId="e0923753-c2dd-488d-86d9-ce431ca21ad7" testListId="8c84fa94-04c1-424b-9868-57a2d4851a1d" />
    <TestEntry testId="b14ae956-297a-f056-fdd7-ca8f9b76076f" executionId="df3f64d4-201b-4f23-a10d-396762631ba6" testListId="8c84fa94-04c1-424b-9868-57a2d4851a1d" />
    <TestEntry testId="e4c14db6-7ddb-4f54-d632-50f949736205" executionId="75754ded-010f-4f5b-ba32-c7887fabc9b8" testListId="8c84fa94-04c1-424b-9868-57a2d4851a1d" />
    <TestEntry testId="1393749b-9888-f339-bbe0-fe7c36d53117" executionId="cb1781da-6e31-4550-a682-0a40342762d0" testListId="8c84fa94-04c1-424b-9868-57a2d4851a1d" />
    <TestEntry testId="35d57337-18a5-4629-635a-b25a895ec8a2" executionId="685d00af-1ebf-4953-a181-d25b9fbbc6bc" testListId="8c84fa94-04c1-424b-9868-57a2d4851a1d" />
    <TestEntry testId="e79130f3-839b-5123-ac52-8ca3bb6ef8c5" executionId="aeaed0eb-bc54-47a4-b2ca-73ff85203b47" testListId="8c84fa94-04c1-424b-9868-57a2d4851a1d" />
    <TestEntry testId="54dac1bc-0f72-9d60-bad7-07e4a0566a24" executionId="b98476b1-4117-4317-8564-eab49c498fc0" testListId="8c84fa94-04c1-424b-9868-57a2d4851a1d" />
    <TestEntry testId="e180b2c2-7fc8-0f15-5653-0156d254c8c9" executionId="268bcd1f-a323-41c1-96c1-5d8b45abf020" testListId="8c84fa94-04c1-424b-9868-57a2d4851a1d" />
    <TestEntry testId="db79dd17-8f15-9022-848e-d377803a0707" executionId="67571ab0-6aba-4b2d-a2e4-66487063843d" testListId="8c84fa94-04c1-424b-9868-57a2d4851a1d" />
    <TestEntry testId="eb717265-8ce6-9ca5-299a-76e8f4608ecc" executionId="8c600a82-3056-4462-9d19-bca876139cd0" testListId="8c84fa94-04c1-424b-9868-57a2d4851a1d" />
    <TestEntry testId="7acc5254-e1e8-fc5e-ffbb-a06142942287" executionId="b776217b-64ab-4d72-8f50-7d60db55f5b9" testListId="8c84fa94-04c1-424b-9868-57a2d4851a1d" />
    <TestEntry testId="0bff2ecc-4f41-029d-f57b-08de3b707d06" executionId="0080bd68-e1de-4f8b-b5b7-33286e2506fe" testListId="8c84fa94-04c1-424b-9868-57a2d4851a1d" />
    <TestEntry testId="3d204cd7-14f8-bc71-3ad1-38415f6304bc" executionId="a71a6ba7-b30b-429b-b157-406234615dd7" testListId="8c84fa94-04c1-424b-9868-57a2d4851a1d" />
    <TestEntry testId="343fd73e-33e0-a251-14f5-344e69186a31" executionId="22918a25-9ea4-4d2c-b4f8-4186ba3630ae" testListId="8c84fa94-04c1-424b-9868-57a2d4851a1d" />
    <TestEntry testId="46a7f553-bbcf-0c84-0101-71d2924c06c9" executionId="b4c35b19-cadf-4dcf-813a-2aa9ec7fa14d" testListId="8c84fa94-04c1-424b-9868-57a2d4851a1d" />
    <TestEntry testId="3f4d3f91-09a2-a334-5932-6e78104fd8ba" executionId="b62535a8-c4e9-4c58-b35b-6b775f28a1be" testListId="8c84fa94-04c1-424b-9868-57a2d4851a1d" />
    <TestEntry testId="9c1cfe7d-bcc9-4b03-b265-ec26ee7c3263" executionId="c9a6aacf-5e2e-4fc7-9397-ed55ccd08fb1" testListId="8c84fa94-04c1-424b-9868-57a2d4851a1d" />
    <TestEntry testId="8a64a4c9-65f1-e14d-6fbe-7d49565403f4" executionId="323506eb-d3f2-4023-aa8f-fdf6321a0948" testListId="8c84fa94-04c1-424b-9868-57a2d4851a1d" />
    <TestEntry testId="415f1005-69c1-a314-0e6a-db0b7d4bab74" executionId="399cee8b-a562-4a76-855e-d65cc0137a19" testListId="8c84fa94-04c1-424b-9868-57a2d4851a1d" />
    <TestEntry testId="aecfa300-816f-69bf-9efe-1e4204feea85" executionId="f8cfcf47-6208-41fd-ae02-191d6defc63f" testListId="8c84fa94-04c1-424b-9868-57a2d4851a1d" />
    <TestEntry testId="407fdbb6-f29a-a8a2-0277-cd698b7b57a7" executionId="14b6fed3-590f-4bcf-9cf3-bf820f57fa13" testListId="8c84fa94-04c1-424b-9868-57a2d4851a1d" />
    <TestEntry testId="6e95a11c-ba0a-17a5-b618-642e6194107c" executionId="88795cd4-f1f1-42df-a812-5ca47867fa9e" testListId="8c84fa94-04c1-424b-9868-57a2d4851a1d" />
    <TestEntry testId="ddea20c7-b2e3-61c7-335c-b2bd52df33d9" executionId="76f6aa67-1815-431f-a8b6-4fba25ec2173" testListId="8c84fa94-04c1-424b-9868-57a2d4851a1d" />
    <TestEntry testId="75b50791-58b3-a264-c6bb-b7e6f52f0f9b" executionId="b2370fa7-83df-4cbd-8b0f-b96bf5636dc8" testListId="8c84fa94-04c1-424b-9868-57a2d4851a1d" />
    <TestEntry testId="5ad698c0-31c3-b3d2-caa9-9fa5ad866948" executionId="359390ae-f98b-4bcd-95a9-4b80477bf3ac" testListId="8c84fa94-04c1-424b-9868-57a2d4851a1d" />
    <TestEntry testId="e59f6969-24d1-ee70-57fe-d99344040a63" executionId="6de90e1a-8ee2-4d0f-8202-a1d5b9989118" testListId="8c84fa94-04c1-424b-9868-57a2d4851a1d" />
    <TestEntry testId="1da9127c-d651-72aa-5a84-7cfe9f562b5c" executionId="db109999-e462-4cb9-86ec-776618040d2f" testListId="8c84fa94-04c1-424b-9868-57a2d4851a1d" />
    <TestEntry testId="531c078f-331c-97b0-43b5-206453bfc074" executionId="fed7cb1f-e051-4a62-a38e-81b1a968d4f8" testListId="8c84fa94-04c1-424b-9868-57a2d4851a1d" />
    <TestEntry testId="2e93bee1-fb36-0850-7490-5577524da5c2" executionId="ff1d73f5-d66a-4801-9521-2549e4354855" testListId="8c84fa94-04c1-424b-9868-57a2d4851a1d" />
    <TestEntry testId="61590a98-8800-c63c-636c-5d74543a54c1" executionId="70d8942a-3f19-4f69-8443-dd40d762d0a6" testListId="8c84fa94-04c1-424b-9868-57a2d4851a1d" />
    <TestEntry testId="2b789b90-6459-6d41-420f-e5502ba7ca12" executionId="56374ce5-0528-4fea-8c2c-be8128a1ca3c" testListId="8c84fa94-04c1-424b-9868-57a2d4851a1d" />
    <TestEntry testId="78fd4f15-08d5-878b-fd2a-dd2d3bcc8384" executionId="b3f6e906-7fd5-45f4-b783-375fc6a1dfa0" testListId="8c84fa94-04c1-424b-9868-57a2d4851a1d" />
    <TestEntry testId="4e409710-7600-d8ec-3aaf-52ff72372913" executionId="530e360a-a6b0-49c8-98d1-90521c3d9828" testListId="8c84fa94-04c1-424b-9868-57a2d4851a1d" />
    <TestEntry testId="d7049aa3-0901-3782-ef96-d1caac1bac5e" executionId="b32c4410-9823-4056-ae02-39373727a9a9" testListId="8c84fa94-04c1-424b-9868-57a2d4851a1d" />
    <TestEntry testId="d6582cc4-f5d7-7ddd-419a-8856fe5530f3" executionId="816cd256-34ab-47c2-be9e-e8424e71956b" testListId="8c84fa94-04c1-424b-9868-57a2d4851a1d" />
    <TestEntry testId="9ad59ac2-75e0-43fa-c7a4-360f06bdf706" executionId="374319cc-d45c-4859-ae3c-df6b9af030b9" testListId="8c84fa94-04c1-424b-9868-57a2d4851a1d" />
    <TestEntry testId="d1c2a2fd-4568-2e97-946f-7480ea03bef1" executionId="d6ef80d7-85cd-48ef-b07f-e2e2f418b626" testListId="8c84fa94-04c1-424b-9868-57a2d4851a1d" />
    <TestEntry testId="c7c0db12-a7c7-5d4d-aeb3-925cdb576fb9" executionId="1993d235-c4ac-49e8-8bd6-40c39d09e644" testListId="8c84fa94-04c1-424b-9868-57a2d4851a1d" />
    <TestEntry testId="5639502e-a141-45eb-1c4f-81dc941ff67a" executionId="2d19f62d-55db-4d62-b1f0-c15e0e798cf3" testListId="8c84fa94-04c1-424b-9868-57a2d4851a1d" />
    <TestEntry testId="19df813d-aa7e-5539-ce76-ba8a68683016" executionId="10d5c33d-b1a4-4079-8aea-4e0d14fb1a48" testListId="8c84fa94-04c1-424b-9868-57a2d4851a1d" />
    <TestEntry testId="7f448030-c6f3-ad7f-1c7b-809f60db9d71" executionId="43220c26-21ee-4631-a2f0-c49c86fd6a07" testListId="8c84fa94-04c1-424b-9868-57a2d4851a1d" />
    <TestEntry testId="d10743fd-41b6-9a87-757a-05484dce75fb" executionId="8adaac55-13c7-4497-abac-20209cc804d4" testListId="8c84fa94-04c1-424b-9868-57a2d4851a1d" />
    <TestEntry testId="fb1e59a0-19c5-d0be-0d94-4bf533d92746" executionId="14c38be8-74b5-49f1-890b-abd046c970c1" testListId="8c84fa94-04c1-424b-9868-57a2d4851a1d" />
    <TestEntry testId="b2bd5000-3749-abcf-9228-2b95c005c687" executionId="17d6c277-aa30-4f8e-801d-7eec7e86768c" testListId="8c84fa94-04c1-424b-9868-57a2d4851a1d" />
    <TestEntry testId="226e9057-54c6-53d9-d48c-5a3aaedbb305" executionId="8fc40e07-6c58-4286-b58d-f52ec0836cfd" testListId="8c84fa94-04c1-424b-9868-57a2d4851a1d" />
    <TestEntry testId="87537a65-edc4-293b-e0c7-ff87f3dc8e79" executionId="038ca0e1-3cc3-49ed-b7e5-4555726ec4d3" testListId="8c84fa94-04c1-424b-9868-57a2d4851a1d" />
    <TestEntry testId="c32ae7c7-19e6-4795-4595-b867002163f4" executionId="a1cef97a-41ac-49c2-af66-e399cd97042e" testListId="8c84fa94-04c1-424b-9868-57a2d4851a1d" />
    <TestEntry testId="64fa6710-678a-0a23-7d5a-26a655d565e8" executionId="c003d879-fd64-4fd0-8f38-7b206f16a3e6" testListId="8c84fa94-04c1-424b-9868-57a2d4851a1d" />
    <TestEntry testId="9323afa7-c6a5-6a33-bb74-8f4b3b4998d0" executionId="9a3faa66-bde7-423a-8b03-807a17ae4396" testListId="8c84fa94-04c1-424b-9868-57a2d4851a1d" />
    <TestEntry testId="f2ce22ba-4e0c-a11c-c657-a799ce863a26" executionId="97ade425-7ad8-4bd7-a237-2e9f846f998b" testListId="8c84fa94-04c1-424b-9868-57a2d4851a1d" />
    <TestEntry testId="4e6de647-43c0-2d5e-ffcc-d884e859b7df" executionId="ec0f8d30-b7f4-494e-9b9a-dd91f28a0b7a" testListId="8c84fa94-04c1-424b-9868-57a2d4851a1d" />
    <TestEntry testId="e7727167-90de-6177-0043-c32edeea9377" executionId="0a14c050-e3a6-4aa7-a8ed-91199cfb2c23" testListId="8c84fa94-04c1-424b-9868-57a2d4851a1d" />
    <TestEntry testId="0c5da287-efdb-ad86-5a1d-4f909e3eba8c" executionId="f583d44c-cba0-4d5a-8728-9004fd6dfc29" testListId="8c84fa94-04c1-424b-9868-57a2d4851a1d" />
    <TestEntry testId="639a2f8f-de06-aff0-2654-2e863df98d3d" executionId="594035a9-54ec-401b-9b9f-e2bf231a9f35" testListId="8c84fa94-04c1-424b-9868-57a2d4851a1d" />
    <TestEntry testId="ec065801-9998-c7ce-5285-3fe14e38cdac" executionId="eaadd7d5-d11e-4bf7-861b-ea91d969e809" testListId="8c84fa94-04c1-424b-9868-57a2d4851a1d" />
    <TestEntry testId="282510b6-3046-16e6-500c-da1402387fc9" executionId="fb12fdda-d01c-440d-a79b-b34b27fbf85c" testListId="8c84fa94-04c1-424b-9868-57a2d4851a1d" />
    <TestEntry testId="29c59d8d-b92b-cfb2-1c78-b6b82406cb09" executionId="ccba3d91-8744-425d-9bd6-132cf9383a3a" testListId="8c84fa94-04c1-424b-9868-57a2d4851a1d" />
    <TestEntry testId="bae1f3df-becb-30fb-65d6-6c7c19ab5a1d" executionId="de6d81e7-2913-4d12-a610-eb80736db1b8" testListId="8c84fa94-04c1-424b-9868-57a2d4851a1d" />
    <TestEntry testId="9b0dd086-97eb-5a55-6e89-79dde58b1fca" executionId="5fa98954-999f-434e-8132-021a268ef64a" testListId="8c84fa94-04c1-424b-9868-57a2d4851a1d" />
    <TestEntry testId="6d7b3d93-71ec-c074-924a-c624993f0b1a" executionId="d3828781-bbc7-4963-a89b-8492e081196e" testListId="8c84fa94-04c1-424b-9868-57a2d4851a1d" />
  </TestEntries>
  <TestLists>
    <TestList name="Results Not in a List" id="8c84fa94-04c1-424b-9868-57a2d4851a1d" />
    <TestList name="All Loaded Results" id="19431567-8539-422a-85d7-44ee4e166bda" />
  </TestLists>
  <ResultSummary outcome="Completed">
    <Counters total="326" executed="326" passed="326" failed="0" error="0" timeout="0" aborted="0" inconclusive="0" passedButRunAborted="0" notRunnable="0" notExecuted="0" disconnected="0" warning="0" completed="0" inProgress="0" pending="0" />
    <Output>
      <StdOut>[xUnit.net 00:00:00.00] xUnit.net VSTest Adapter v2.4.5+1caef2f33e (64-bit .NET 8.0.19)
[xUnit.net 00:00:01.15]   Discovering: BuckScience.Tests
[xUnit.net 00:00:01.27]   Discovered:  BuckScience.Tests
[xUnit.net 00:00:01.27]   Starting:    BuckScience.Tests
[xUnit.net 00:00:02.73]   Finished:    BuckScience.Tests
</StdOut>
    </Output>
  </ResultSummary>
</TestRun>