<?xml version="1.0" encoding="utf-8"?>
<TestRun id="811c10b2-9220-459c-b15f-ae3d28c4796e" name="@runnervmf4ws1 2025-09-10 21:44:19" xmlns="http://microsoft.com/schemas/VisualStudio/TeamTest/2010">
  <Times creation="2025-09-10T21:44:19.0908129+00:00" queuing="2025-09-10T21:44:19.0908130+00:00" start="2025-09-10T21:44:16.9846655+00:00" finish="2025-09-10T21:44:20.5943511+00:00" />
  <TestSettings name="default" id="330a6fd5-23a1-43c5-9977-127ed6386f28">
    <Deployment runDeploymentRoot="_runnervmf4ws1_2025-09-10_21_44_19" />
  </TestSettings>
  <Results>
    <UnitTestResult executionId="451389fd-3789-48f0-862e-eb20525946bd" testId="b6a182bd-655d-0c92-283a-3c75d3d71c02" testName="BuckScience.Tests.Application.PropertyFeatureApplicationTests.ListPropertyFeatures_ReturnsWeightsCorrectly" computerName="runnervmf4ws1" duration="00:00:00.0300005" startTime="2025-09-10T21:44:20.3117710+00:00" endTime="2025-09-10T21:44:20.3117712+00:00" testType="13cdc9d9-ddb5-4fa4-a97d-d965ccfc6d4b" outcome="Passed" testListId="8c84fa94-04c1-424b-9868-57a2d4851a1d" relativeResultsDirectory="451389fd-3789-48f0-862e-eb20525946bd" />
    <UnitTestResult executionId="28466a6c-5076-4e40-b72d-62326d551201" testId="f3cf5dfa-ba92-e357-4965-81c40141969f" testName="BuckScience.Tests.Application.FeatureWeights.GetFeatureWeightsDateResolutionTests.HandleAsync_WithDate_DefaultMappings_ResolvesExpectedPrimarySeason(month: 12, expectedPrimarySeason: PostRut)" computerName="runnervmf4ws1" duration="00:00:00.0035664" startTime="2025-09-10T21:44:20.4530339+00:00" endTime="2025-09-10T21:44:20.4530340+00:00" testType="13cdc9d9-ddb5-4fa4-a97d-d965ccfc6d4b" outcome="Passed" testListId="8c84fa94-04c1-424b-9868-57a2d4851a1d" relativeResultsDirectory="28466a6c-5076-4e40-b72d-62326d551201" />
    <UnitTestResult executionId="2895e9c1-197b-4cf8-ab74-8ba120f1c3ef" testId="d10743fd-41b6-9a87-757a-05484dce75fb" testName="BuckScience.Tests.TagCleanupTests.RemoveTagFromPhotos_ShouldCleanupPropertyTag_WhenNoOtherPhotosOnPropertyUseTag" computerName="runnervmf4ws1" duration="00:00:00.0473222" startTime="2025-09-10T21:44:20.3695824+00:00" endTime="2025-09-10T21:44:20.3695826+00:00" testType="13cdc9d9-ddb5-4fa4-a97d-d965ccfc6d4b" outcome="Passed" testListId="8c84fa94-04c1-424b-9868-57a2d4851a1d" relativeResultsDirectory="2895e9c1-197b-4cf8-ab74-8ba120f1c3ef" />
    <UnitTestResult executionId="28ccf66c-f07d-4a88-9a6f-e0307801660e" testId="5a1b2923-7867-c9d7-9184-902164877e6b" testName="BuckScience.Tests.WeatherBatchProcessingTests.WeatherBatchProcessing_ShouldMinimizeApiCalls" computerName="runnervmf4ws1" duration="00:00:00.0045226" startTime="2025-09-10T21:44:20.4003210+00:00" endTime="2025-09-10T21:44:20.4003211+00:00" testType="13cdc9d9-ddb5-4fa4-a97d-d965ccfc6d4b" outcome="Passed" testListId="8c84fa94-04c1-424b-9868-57a2d4851a1d" relativeResultsDirectory="28ccf66c-f07d-4a88-9a6f-e0307801660e" />
    <UnitTestResult executionId="d63270ed-6b8e-4019-a66a-941c1093f6c6" testId="82ad2eed-c2a8-00e1-ef28-e5a6803fece0" testName="BuckScience.Tests.Application.SeasonMonthMappingServiceTests.GetMonthsForPropertyAsync_WithPropertyOverride_ReturnsOverrideMonths" computerName="runnervmf4ws1" duration="00:00:00.0026002" startTime="2025-09-10T21:44:20.3901206+00:00" endTime="2025-09-10T21:44:20.3901207+00:00" testType="13cdc9d9-ddb5-4fa4-a97d-d965ccfc6d4b" outcome="Passed" testListId="8c84fa94-04c1-424b-9868-57a2d4851a1d" relativeResultsDirectory="d63270ed-6b8e-4019-a66a-941c1093f6c6" />
    <UnitTestResult executionId="29a5c7aa-0409-4f80-ba21-d6ef3d83678c" testId="17d2bd4a-a575-7ccc-1676-102dfc4795d6" testName="BuckScience.Tests.PhotoFilteringComprehensiveTests.CameraOption_PropertiesWork" computerName="runnervmf4ws1" duration="00:00:00.0002509" startTime="2025-09-10T21:44:20.2005493+00:00" endTime="2025-09-10T21:44:20.2005495+00:00" testType="13cdc9d9-ddb5-4fa4-a97d-d965ccfc6d4b" outcome="Passed" testListId="8c84fa94-04c1-424b-9868-57a2d4851a1d" relativeResultsDirectory="29a5c7aa-0409-4f80-ba21-d6ef3d83678c" />
    <UnitTestResult executionId="23d1d3e9-0909-44b0-be1a-cdbdc84d4320" testId="46eed830-2953-fcd5-c0a0-3903ea3c299a" testName="BuckScience.Tests.Application.Profiles.ProfileCrudTests.DeleteProfile_ValidId_DeletesProfile" computerName="runnervmf4ws1" duration="00:00:00.0247969" startTime="2025-09-10T21:44:20.1599794+00:00" endTime="2025-09-10T21:44:20.1599795+00:00" testType="13cdc9d9-ddb5-4fa4-a97d-d965ccfc6d4b" outcome="Passed" testListId="8c84fa94-04c1-424b-9868-57a2d4851a1d" relativeResultsDirectory="23d1d3e9-0909-44b0-be1a-cdbdc84d4320" />
    <UnitTestResult executionId="51c07a5c-a146-4170-8dec-e4bc74674908" testId="517f9dbf-42b8-6c68-c79b-d5d973668018" testName="BuckScience.Tests.CameraCreateVmTests.CameraCreateVm_DirectionSync_ShouldWorkForAllDirections(direction: N, expectedDegrees: 0)" computerName="runnervmf4ws1" duration="00:00:00.0009823" startTime="2025-09-10T21:44:20.1869210+00:00" endTime="2025-09-10T21:44:20.1869211+00:00" testType="13cdc9d9-ddb5-4fa4-a97d-d965ccfc6d4b" outcome="Passed" testListId="8c84fa94-04c1-424b-9868-57a2d4851a1d" relativeResultsDirectory="51c07a5c-a146-4170-8dec-e4bc74674908" />
    <UnitTestResult executionId="39a8c686-83e5-476f-8151-ad4b6602f075" testId="75f4d661-9754-0157-eb91-1cb0c3ea30c4" testName="BuckScience.Tests.Domain.PropertySeasonMonthsOverrideTests.PropertySeasonMonthsOverride_SetMonths_WithEmptyArray_ClearsMonths" computerName="runnervmf4ws1" duration="00:00:00.0002182" startTime="2025-09-10T21:44:20.3591530+00:00" endTime="2025-09-10T21:44:20.3591530+00:00" testType="13cdc9d9-ddb5-4fa4-a97d-d965ccfc6d4b" outcome="Passed" testListId="8c84fa94-04c1-424b-9868-57a2d4851a1d" relativeResultsDirectory="39a8c686-83e5-476f-8151-ad4b6602f075" />
    <UnitTestResult executionId="26263718-71e6-4897-8182-8c33a9995cfc" testId="13b70763-63fd-f0df-582a-0fb307fcad59" testName="BuckScience.Tests.PhotoFiltersTests.PhotoFilters_AllWeatherRangeFiltersWork" computerName="runnervmf4ws1" duration="00:00:00.0004279" startTime="2025-09-10T21:44:20.4527247+00:00" endTime="2025-09-10T21:44:20.4527248+00:00" testType="13cdc9d9-ddb5-4fa4-a97d-d965ccfc6d4b" outcome="Passed" testListId="8c84fa94-04c1-424b-9868-57a2d4851a1d" relativeResultsDirectory="26263718-71e6-4897-8182-8c33a9995cfc" />
    <UnitTestResult executionId="735f11f2-563e-477f-8b11-d67281252685" testId="5be58517-5610-e8d0-dec2-520046d41b5e" testName="BuckScience.Tests.Domain.PropertySeasonMonthsOverrideTests.PropertySeasonMonthsOverride_Constructor_WithInvalidPropertyId_ThrowsArgumentOutOfRangeException(invalidPropertyId: -1)" computerName="runnervmf4ws1" duration="00:00:00.0000567" startTime="2025-09-10T21:44:20.3398190+00:00" endTime="2025-09-10T21:44:20.3398191+00:00" testType="13cdc9d9-ddb5-4fa4-a97d-d965ccfc6d4b" outcome="Passed" testListId="8c84fa94-04c1-424b-9868-57a2d4851a1d" relativeResultsDirectory="735f11f2-563e-477f-8b11-d67281252685" />
    <UnitTestResult executionId="ca3d2b95-2b9a-46a5-a02a-6cf974a6207d" testId="f691e718-46df-21d8-be15-dfb8d4456f03" testName="BuckScience.Tests.TaggingSystemTests.GetOrCreateTag_ShouldCreateNewTag_WhenTagDoesNotExist" computerName="runnervmf4ws1" duration="00:00:00.0080756" startTime="2025-09-10T21:44:20.0467877+00:00" endTime="2025-09-10T21:44:20.0467878+00:00" testType="13cdc9d9-ddb5-4fa4-a97d-d965ccfc6d4b" outcome="Passed" testListId="8c84fa94-04c1-424b-9868-57a2d4851a1d" relativeResultsDirectory="ca3d2b95-2b9a-46a5-a02a-6cf974a6207d" />
    <UnitTestResult executionId="eb0151dd-4222-44e3-bb43-84fd7228f272" testId="e6069ec8-dd96-68b5-2039-b29d0b89d8eb" testName="BuckScience.Tests.Domain.PropertyFeatureTests.UpdateWeight_WithInvalidWeight_ThrowsArgumentOutOfRangeException(weight: 1.5)" computerName="runnervmf4ws1" duration="00:00:00.0002487" startTime="2025-09-10T21:44:20.2423352+00:00" endTime="2025-09-10T21:44:20.2423354+00:00" testType="13cdc9d9-ddb5-4fa4-a97d-d965ccfc6d4b" outcome="Passed" testListId="8c84fa94-04c1-424b-9868-57a2d4851a1d" relativeResultsDirectory="eb0151dd-4222-44e3-bb43-84fd7228f272" />
    <UnitTestResult executionId="2398fdb6-e1f2-4337-82a1-eca3e0c63a39" testId="e0dcc631-95da-6f78-075b-f4a50d72ea72" testName="BuckScience.Tests.Application.SeasonMonthMappingServiceTests.RemovePropertySeasonOverrideAsync_RemovesOverride_WhenExists" computerName="runnervmf4ws1" duration="00:00:00.0034914" startTime="2025-09-10T21:44:20.4177134+00:00" endTime="2025-09-10T21:44:20.4177135+00:00" testType="13cdc9d9-ddb5-4fa4-a97d-d965ccfc6d4b" outcome="Passed" testListId="8c84fa94-04c1-424b-9868-57a2d4851a1d" relativeResultsDirectory="2398fdb6-e1f2-4337-82a1-eca3e0c63a39" />
    <UnitTestResult executionId="817ca489-5052-46f9-9408-a4eb5a5b2c32" testId="93232e33-f6c8-82c0-b755-94e963fff023" testName="BuckScience.Tests.FeatureHelperTests.GetCategory_ShouldReturnOtherForOtherType" computerName="runnervmf4ws1" duration="00:00:00.0098373" startTime="2025-09-10T21:44:20.1744269+00:00" endTime="2025-09-10T21:44:20.1744270+00:00" testType="13cdc9d9-ddb5-4fa4-a97d-d965ccfc6d4b" outcome="Passed" testListId="8c84fa94-04c1-424b-9868-57a2d4851a1d" relativeResultsDirectory="817ca489-5052-46f9-9408-a4eb5a5b2c32" />
    <UnitTestResult executionId="045027fd-8433-40be-9758-19ca5acb814d" testId="1bb4d31b-4aa9-50a4-5ac5-e8f09827ba51" testName="BuckScience.Tests.Domain.SeasonExtensionsTests.GetDefaultMonths_EarlySeason_ReturnsCorrectMonths" computerName="runnervmf4ws1" duration="00:00:00.0002677" startTime="2025-09-10T21:44:19.0793598+00:00" endTime="2025-09-10T21:44:19.0793599+00:00" testType="13cdc9d9-ddb5-4fa4-a97d-d965ccfc6d4b" outcome="Passed" testListId="8c84fa94-04c1-424b-9868-57a2d4851a1d" relativeResultsDirectory="045027fd-8433-40be-9758-19ca5acb814d" />
    <UnitTestResult executionId="63499595-b11c-4859-9596-fc60af2bcb39" testId="bae1f3df-becb-30fb-65d6-6c7c19ab5a1d" testName="BuckScience.Tests.Domain.FeatureWeightTests.FeatureWeight_GetEffectiveWeight_FallsBackToDefaultWeight" computerName="runnervmf4ws1" duration="00:00:00.0005214" startTime="2025-09-10T21:44:20.2327008+00:00" endTime="2025-09-10T21:44:20.2327009+00:00" testType="13cdc9d9-ddb5-4fa4-a97d-d965ccfc6d4b" outcome="Passed" testListId="8c84fa94-04c1-424b-9868-57a2d4851a1d" relativeResultsDirectory="63499595-b11c-4859-9596-fc60af2bcb39" />
    <UnitTestResult executionId="373aa697-a62f-4bb3-a6d3-8d9a0f340f28" testId="61590a98-8800-c63c-636c-5d74543a54c1" testName="BuckScience.Tests.Web.Helpers.WeatherHelpersTests.ConvertMoonPhaseToText_VariousValues_ReturnsCorrectText(phase: 0, expected: &quot;New Moon&quot;)" computerName="runnervmf4ws1" duration="00:00:00.0000054" startTime="2025-09-10T21:44:20.4644749+00:00" endTime="2025-09-10T21:44:20.4644750+00:00" testType="13cdc9d9-ddb5-4fa4-a97d-d965ccfc6d4b" outcome="Passed" testListId="8c84fa94-04c1-424b-9868-57a2d4851a1d" relativeResultsDirectory="373aa697-a62f-4bb3-a6d3-8d9a0f340f28" />
    <UnitTestResult executionId="158f9b57-8bdf-4f00-a853-a11b89f69de3" testId="11c53883-3d96-0957-d8a1-9dcf44cb5e78" testName="BuckScience.Tests.Web.Helpers.WeatherHelpersTests.StandardWindDirections_Contains16Directions" computerName="runnervmf4ws1" duration="00:00:00.0002519" startTime="2025-09-10T21:44:20.4938330+00:00" endTime="2025-09-10T21:44:20.4938331+00:00" testType="13cdc9d9-ddb5-4fa4-a97d-d965ccfc6d4b" outcome="Passed" testListId="8c84fa94-04c1-424b-9868-57a2d4851a1d" relativeResultsDirectory="158f9b57-8bdf-4f00-a853-a11b89f69de3" />
    <UnitTestResult executionId="0ddf555d-8b4e-4762-99ce-914402a08fa3" testId="e79130f3-839b-5123-ac52-8ca3bb6ef8c5" testName="BuckScience.Tests.WeatherServiceTests.RoundCoordinates_ShouldRoundTo2DecimalPlaces" computerName="runnervmf4ws1" duration="00:00:00.1086027" startTime="2025-09-10T21:44:20.4341207+00:00" endTime="2025-09-10T21:44:20.4341208+00:00" testType="13cdc9d9-ddb5-4fa4-a97d-d965ccfc6d4b" outcome="Passed" testListId="8c84fa94-04c1-424b-9868-57a2d4851a1d" relativeResultsDirectory="0ddf555d-8b4e-4762-99ce-914402a08fa3" />
    <UnitTestResult executionId="1a67a4cf-5ab1-4385-aaeb-04597649a7fa" testId="5184c208-ba66-a1eb-00ca-490830c3b61a" testName="BuckScience.Tests.Web.Helpers.WeatherHelpersTests.ConvertWindDirectionToText_VariousAngles_ReturnsCorrectDirection(degrees: 225, expected: &quot;SW&quot;)" computerName="runnervmf4ws1" duration="00:00:00.0000050" startTime="2025-09-10T21:44:20.4891331+00:00" endTime="2025-09-10T21:44:20.4891332+00:00" testType="13cdc9d9-ddb5-4fa4-a97d-d965ccfc6d4b" outcome="Passed" testListId="8c84fa94-04c1-424b-9868-57a2d4851a1d" relativeResultsDirectory="1a67a4cf-5ab1-4385-aaeb-04597649a7fa" />
    <UnitTestResult executionId="cb1e6643-a925-4831-8f45-74cf654fa8f1" testId="752ffb05-78eb-92e0-4e1e-4d5811cca95a" testName="BuckScience.Tests.Domain.MonthsAttributeTests.MonthsAttribute_Constructor_WithEmptyMonths_ThrowsArgumentException" computerName="runnervmf4ws1" duration="00:00:00.0003229" startTime="2025-09-10T21:44:20.2393218+00:00" endTime="2025-09-10T21:44:20.2393218+00:00" testType="13cdc9d9-ddb5-4fa4-a97d-d965ccfc6d4b" outcome="Passed" testListId="8c84fa94-04c1-424b-9868-57a2d4851a1d" relativeResultsDirectory="cb1e6643-a925-4831-8f45-74cf654fa8f1" />
    <UnitTestResult executionId="ffcfec1c-9186-47a8-86fd-e23426fd6404" testId="08260a64-8541-0630-0fbb-fef9aaa19f85" testName="BuckScience.Tests.Domain.PropertySeasonMonthsOverrideTests.PropertySeasonMonthsOverride_GetMonths_WithCorruptedJson_ReturnsNull" computerName="runnervmf4ws1" duration="00:00:00.0074376" startTime="2025-09-10T21:44:20.3738602+00:00" endTime="2025-09-10T21:44:20.3738603+00:00" testType="13cdc9d9-ddb5-4fa4-a97d-d965ccfc6d4b" outcome="Passed" testListId="8c84fa94-04c1-424b-9868-57a2d4851a1d" relativeResultsDirectory="ffcfec1c-9186-47a8-86fd-e23426fd6404" />
    <UnitTestResult executionId="6ae2145a-2d95-49d7-adb0-b88a477dcf38" testId="5258a2d0-41cb-c3df-1e8f-eff8f92d5e7f" testName="BuckScience.Tests.Web.Helpers.WeatherHelpersTests.ConvertWindDirectionTextToNumeric_InvalidText_ReturnsNull(direction: &quot;Invalid&quot;)" computerName="runnervmf4ws1" duration="00:00:00.0000093" startTime="2025-09-10T21:44:20.4654904+00:00" endTime="2025-09-10T21:44:20.4654905+00:00" testType="13cdc9d9-ddb5-4fa4-a97d-d965ccfc6d4b" outcome="Passed" testListId="8c84fa94-04c1-424b-9868-57a2d4851a1d" relativeResultsDirectory="6ae2145a-2d95-49d7-adb0-b88a477dcf38" />
    <UnitTestResult executionId="6fdadee9-b33e-49c4-b3c5-4c0f64b937fe" testId="d6582cc4-f5d7-7ddd-419a-8856fe5530f3" testName="BuckScience.Tests.TaggingSystemTests.AssignDefaultTagsToProperty_ShouldAssignOnlyDefaultTags" computerName="runnervmf4ws1" duration="00:00:00.0244258" startTime="2025-09-10T21:44:20.0713078+00:00" endTime="2025-09-10T21:44:20.0713079+00:00" testType="13cdc9d9-ddb5-4fa4-a97d-d965ccfc6d4b" outcome="Passed" testListId="8c84fa94-04c1-424b-9868-57a2d4851a1d" relativeResultsDirectory="6fdadee9-b33e-49c4-b3c5-4c0f64b937fe" />
    <UnitTestResult executionId="ee50078a-7094-4232-920c-67f9115d9d83" testId="b7a065c7-7a2e-0d14-6498-b30f746da816" testName="BuckScience.Tests.DirectionHelperTests.ToFloat_ShouldReturnCorrectDegrees(direction: E, expectedDegrees: 90)" computerName="runnervmf4ws1" duration="00:00:00.0037980" startTime="2025-09-10T21:44:19.0738594+00:00" endTime="2025-09-10T21:44:19.0738595+00:00" testType="13cdc9d9-ddb5-4fa4-a97d-d965ccfc6d4b" outcome="Passed" testListId="8c84fa94-04c1-424b-9868-57a2d4851a1d" relativeResultsDirectory="ee50078a-7094-4232-920c-67f9115d9d83" />
    <UnitTestResult executionId="cac54163-5234-4948-9b22-3e1a2088b094" testId="643382d9-252e-669a-df19-e9e242cc0c0b" testName="BuckScience.Tests.Application.SeasonMonthMappingServiceTests.GetMonthsForPropertyAsync_WithoutOverrides_ReturnsCorrectDefaults(season: PreRut, expectedMonths: [10])" computerName="runnervmf4ws1" duration="00:00:00.0009900" startTime="2025-09-10T21:44:20.2648354+00:00" endTime="2025-09-10T21:44:20.2648355+00:00" testType="13cdc9d9-ddb5-4fa4-a97d-d965ccfc6d4b" outcome="Passed" testListId="8c84fa94-04c1-424b-9868-57a2d4851a1d" relativeResultsDirectory="cac54163-5234-4948-9b22-3e1a2088b094" />
    <UnitTestResult executionId="1123d5bb-6fb8-4777-bccb-5b115c09d680" testId="7b1afa91-2553-0542-d21b-b944f43fb732" testName="BuckScience.Tests.Application.PropertyFeatureApplicationTests.GetPropertyFeature_ReturnsWeightCorrectly" computerName="runnervmf4ws1" duration="00:00:00.1382718" startTime="2025-09-10T21:44:20.2345797+00:00" endTime="2025-09-10T21:44:20.2345798+00:00" testType="13cdc9d9-ddb5-4fa4-a97d-d965ccfc6d4b" outcome="Passed" testListId="8c84fa94-04c1-424b-9868-57a2d4851a1d" relativeResultsDirectory="1123d5bb-6fb8-4777-bccb-5b115c09d680" />
    <UnitTestResult executionId="16cd4db4-2bfb-48d8-b2eb-8dee593d177f" testId="f33495c4-e0d0-5acc-0d2f-99762039f6f2" testName="BuckScience.Tests.Domain.FeatureWeightTests.FeatureWeight_UpdateUserWeight_WithNullSetsIsCustomToFalse" computerName="runnervmf4ws1" duration="00:00:00.0001987" startTime="2025-09-10T21:44:20.2328981+00:00" endTime="2025-09-10T21:44:20.2328982+00:00" testType="13cdc9d9-ddb5-4fa4-a97d-d965ccfc6d4b" outcome="Passed" testListId="8c84fa94-04c1-424b-9868-57a2d4851a1d" relativeResultsDirectory="16cd4db4-2bfb-48d8-b2eb-8dee593d177f" />
    <UnitTestResult executionId="616f8a91-24a6-4c2c-a9fa-e0b4edead669" testId="4331c44f-f3ff-6fce-80db-d30dfc1b0433" testName="BuckScience.Tests.DirectionHelperTests.ToFloat_ShouldReturnCorrectDegrees(direction: NE, expectedDegrees: 45)" computerName="runnervmf4ws1" duration="00:00:00.0000058" startTime="2025-09-10T21:44:19.0764831+00:00" endTime="2025-09-10T21:44:19.0764832+00:00" testType="13cdc9d9-ddb5-4fa4-a97d-d965ccfc6d4b" outcome="Passed" testListId="8c84fa94-04c1-424b-9868-57a2d4851a1d" relativeResultsDirectory="616f8a91-24a6-4c2c-a9fa-e0b4edead669" />
    <UnitTestResult executionId="85c47e6a-cd85-454b-9fa5-a0d3f72710b2" testId="67cea702-8500-937a-27c8-4c669b6e1597" testName="BuckScience.Tests.Application.FeatureWeights.GetFeatureWeightsDateResolutionTests.HandleAsync_WithDate_DefaultMappings_ResolvesExpectedPrimarySeason(month: 1, expectedPrimarySeason: LateSeason)" computerName="runnervmf4ws1" duration="00:00:00.0022158" startTime="2025-09-10T21:44:20.4573274+00:00" endTime="2025-09-10T21:44:20.4573275+00:00" testType="13cdc9d9-ddb5-4fa4-a97d-d965ccfc6d4b" outcome="Passed" testListId="8c84fa94-04c1-424b-9868-57a2d4851a1d" relativeResultsDirectory="85c47e6a-cd85-454b-9fa5-a0d3f72710b2" />
    <UnitTestResult executionId="1ab69421-983c-44fc-a0b0-d9b3acb779f8" testId="6312f765-830a-9014-ae5b-70adf30832c5" testName="BuckScience.Tests.Domain.PropertyFeatureTests.SetWeight_WithInvalidWeight_ThrowsArgumentOutOfRangeException(weight: -0.100000001)" computerName="runnervmf4ws1" duration="00:00:00.0005528" startTime="2025-09-10T21:44:20.2425496+00:00" endTime="2025-09-10T21:44:20.2425497+00:00" testType="13cdc9d9-ddb5-4fa4-a97d-d965ccfc6d4b" outcome="Passed" testListId="8c84fa94-04c1-424b-9868-57a2d4851a1d" relativeResultsDirectory="1ab69421-983c-44fc-a0b0-d9b3acb779f8" />
    <UnitTestResult executionId="3b322e6e-fd5b-4e41-a1e7-e552c29ea427" testId="2b789b90-6459-6d41-420f-e5502ba7ca12" testName="BuckScience.Tests.DirectionHelperTests.GetDisplayName_ShouldReturnCorrectDisplayNames" computerName="runnervmf4ws1" duration="00:00:00.0016222" startTime="2025-09-10T21:44:19.0769726+00:00" endTime="2025-09-10T21:44:19.0769726+00:00" testType="13cdc9d9-ddb5-4fa4-a97d-d965ccfc6d4b" outcome="Passed" testListId="8c84fa94-04c1-424b-9868-57a2d4851a1d" relativeResultsDirectory="3b322e6e-fd5b-4e41-a1e7-e552c29ea427" />
    <UnitTestResult executionId="5d118cf2-c985-4bc4-8ef0-3091c940b125" testId="9ad59ac2-75e0-43fa-c7a4-360f06bdf706" testName="BuckScience.Tests.Domain.SeasonExtensionsTests.GetDefaultMonths_Rut_ReturnsCorrectMonths" computerName="runnervmf4ws1" duration="00:00:00.0002163" startTime="2025-09-10T21:44:19.0794306+00:00" endTime="2025-09-10T21:44:19.0794306+00:00" testType="13cdc9d9-ddb5-4fa4-a97d-d965ccfc6d4b" outcome="Passed" testListId="8c84fa94-04c1-424b-9868-57a2d4851a1d" relativeResultsDirectory="5d118cf2-c985-4bc4-8ef0-3091c940b125" />
    <UnitTestResult executionId="ac73edde-a5db-4e6c-88a0-d9b484154148" testId="e294371f-24bd-e5af-41b0-5a6f22f8d71f" testName="BuckScience.Tests.Web.Helpers.WeatherHelpersTests.ConvertWindDirectionTextToNumeric_ValidDirections_ReturnsCorrectDegrees(direction: &quot;S&quot;, expected: 180)" computerName="runnervmf4ws1" duration="00:00:00.0000076" startTime="2025-09-10T21:44:20.4903699+00:00" endTime="2025-09-10T21:44:20.4903699+00:00" testType="13cdc9d9-ddb5-4fa4-a97d-d965ccfc6d4b" outcome="Passed" testListId="8c84fa94-04c1-424b-9868-57a2d4851a1d" relativeResultsDirectory="ac73edde-a5db-4e6c-88a0-d9b484154148" />
    <UnitTestResult executionId="a147e4fb-2b2e-4882-bd18-1ed96e1dd2c9" testId="237f5a59-e781-9088-3a51-e29d89420089" testName="BuckScience.Tests.Application.FeatureWeights.UpdateFeatureWeightsTests.UpdateFeatureWeights_SendingCurrentUserWeightValue_DoesNotTriggerCustomFlag" computerName="runnervmf4ws1" duration="00:00:00.9738642" startTime="2025-09-10T21:44:19.9985717+00:00" endTime="2025-09-10T21:44:19.9985719+00:00" testType="13cdc9d9-ddb5-4fa4-a97d-d965ccfc6d4b" outcome="Passed" testListId="8c84fa94-04c1-424b-9868-57a2d4851a1d" relativeResultsDirectory="a147e4fb-2b2e-4882-bd18-1ed96e1dd2c9" />
    <UnitTestResult executionId="1a29b073-b7a5-4f5e-9c63-be75bfe7d1c9" testId="5211619f-dadc-f40e-733e-74664040f64d" testName="BuckScience.Tests.Application.FeatureWeights.GetFeatureWeightsDateResolutionTests.HandleAsync_WithDate_DefaultMappings_ResolvesExpectedPrimarySeason(month: 10, expectedPrimarySeason: EarlySeason)" computerName="runnervmf4ws1" duration="00:00:00.0022899" startTime="2025-09-10T21:44:20.4645847+00:00" endTime="2025-09-10T21:44:20.4645847+00:00" testType="13cdc9d9-ddb5-4fa4-a97d-d965ccfc6d4b" outcome="Passed" testListId="8c84fa94-04c1-424b-9868-57a2d4851a1d" relativeResultsDirectory="1a29b073-b7a5-4f5e-9c63-be75bfe7d1c9" />
    <UnitTestResult executionId="7cc98b0e-e993-4f52-9b4c-a6c836bcfca5" testId="c32ae7c7-19e6-4795-4595-b867002163f4" testName="BuckScience.Tests.TagCleanupTests.RemoveTagFromPhotos_ShouldNotRemoveDefaultTag_EvenWhenUnused" computerName="runnervmf4ws1" duration="00:00:00.0728418" startTime="2025-09-10T21:44:20.2803894+00:00" endTime="2025-09-10T21:44:20.2803895+00:00" testType="13cdc9d9-ddb5-4fa4-a97d-d965ccfc6d4b" outcome="Passed" testListId="8c84fa94-04c1-424b-9868-57a2d4851a1d" relativeResultsDirectory="7cc98b0e-e993-4f52-9b4c-a6c836bcfca5" />
    <UnitTestResult executionId="59ce1b06-2948-48f8-80d1-7864f0e48cd6" testId="44b98cc9-e1a6-60bb-436a-f6cfa2554196" testName="BuckScience.Tests.Application.PropertyFeatureApplicationTests.CreatePropertyFeature_WithInvalidWeight_ThrowsArgumentOutOfRangeException" computerName="runnervmf4ws1" duration="00:00:00.0020962" startTime="2025-09-10T21:44:20.3129797+00:00" endTime="2025-09-10T21:44:20.3129798+00:00" testType="13cdc9d9-ddb5-4fa4-a97d-d965ccfc6d4b" outcome="Passed" testListId="8c84fa94-04c1-424b-9868-57a2d4851a1d" relativeResultsDirectory="59ce1b06-2948-48f8-80d1-7864f0e48cd6" />
    <UnitTestResult executionId="7118184b-3677-45a1-87dc-ce2313f06d22" testId="f34471f4-815a-4ec3-4038-5fedcb003a99" testName="BuckScience.Tests.Domain.FeatureWeightTests.FeatureWeight_IsCustom_DefaultsToFalse" computerName="runnervmf4ws1" duration="00:00:00.0001362" startTime="2025-09-10T21:44:20.2328258+00:00" endTime="2025-09-10T21:44:20.2328258+00:00" testType="13cdc9d9-ddb5-4fa4-a97d-d965ccfc6d4b" outcome="Passed" testListId="8c84fa94-04c1-424b-9868-57a2d4851a1d" relativeResultsDirectory="7118184b-3677-45a1-87dc-ce2313f06d22" />
    <UnitTestResult executionId="352cd861-c1e7-4f6b-9434-824843896440" testId="abed9d03-2d03-a6ea-317e-f9cbae3ef978" testName="BuckScience.Tests.DirectionHelperTests.FromFloat_ShouldReturnCorrectDirection(degrees: 45, expectedDirection: NE)" computerName="runnervmf4ws1" duration="00:00:00.0000038" startTime="2025-09-10T21:44:19.0568855+00:00" endTime="2025-09-10T21:44:19.0568856+00:00" testType="13cdc9d9-ddb5-4fa4-a97d-d965ccfc6d4b" outcome="Passed" testListId="8c84fa94-04c1-424b-9868-57a2d4851a1d" relativeResultsDirectory="352cd861-c1e7-4f6b-9434-824843896440" />
    <UnitTestResult executionId="5dddc1bd-567f-4aad-988f-e97cde660159" testId="3b0de714-8f13-7aca-97ab-ed01b955f773" testName="BuckScience.Tests.Domain.FeatureWeightTests.FeatureWeight_Constructor_SetsPropertiesCorrectly" computerName="runnervmf4ws1" duration="00:00:00.0036061" startTime="2025-09-10T21:44:20.2107992+00:00" endTime="2025-09-10T21:44:20.2107992+00:00" testType="13cdc9d9-ddb5-4fa4-a97d-d965ccfc6d4b" outcome="Passed" testListId="8c84fa94-04c1-424b-9868-57a2d4851a1d" relativeResultsDirectory="5dddc1bd-567f-4aad-988f-e97cde660159" />
    <UnitTestResult executionId="a5410387-35f1-4075-b56f-cd5bd0a781a8" testId="62abf167-66b2-7338-5ead-888596c0fffe" testName="BuckScience.Tests.TaggingRequirementsTests.Requirement2_PropertyCreation_ShouldAutoAssignDefaultTags" computerName="runnervmf4ws1" duration="00:00:00.0195099" startTime="2025-09-10T21:44:20.2872139+00:00" endTime="2025-09-10T21:44:20.2872140+00:00" testType="13cdc9d9-ddb5-4fa4-a97d-d965ccfc6d4b" outcome="Passed" testListId="8c84fa94-04c1-424b-9868-57a2d4851a1d" relativeResultsDirectory="a5410387-35f1-4075-b56f-cd5bd0a781a8" />
    <UnitTestResult executionId="dc9fa439-3b93-4a14-9ed2-900aac4dd5dd" testId="1335073e-5183-6141-99f1-caaa61dc86f4" testName="BuckScience.Tests.TaggingSystemTests.GetOrCreateTag_ShouldThrowException_WhenTagNameIsInvalid(invalidTagName: null)" computerName="runnervmf4ws1" duration="00:00:00.0005134" startTime="2025-09-10T21:44:20.0779680+00:00" endTime="2025-09-10T21:44:20.0779681+00:00" testType="13cdc9d9-ddb5-4fa4-a97d-d965ccfc6d4b" outcome="Passed" testListId="8c84fa94-04c1-424b-9868-57a2d4851a1d" relativeResultsDirectory="dc9fa439-3b93-4a14-9ed2-900aac4dd5dd" />
    <UnitTestResult executionId="36836382-17aa-4252-a25f-a2cae0ce09cf" testId="d7049aa3-0901-3782-ef96-d1caac1bac5e" testName="BuckScience.Tests.Web.Helpers.WeatherHelpersTests.ConvertMoonPhaseToText_VariousValues_ReturnsCorrectText(phase: 0.02, expected: &quot;New Moon&quot;)" computerName="runnervmf4ws1" duration="00:00:00.0000051" startTime="2025-09-10T21:44:20.4645317+00:00" endTime="2025-09-10T21:44:20.4645318+00:00" testType="13cdc9d9-ddb5-4fa4-a97d-d965ccfc6d4b" outcome="Passed" testListId="8c84fa94-04c1-424b-9868-57a2d4851a1d" relativeResultsDirectory="36836382-17aa-4252-a25f-a2cae0ce09cf" />
    <UnitTestResult executionId="baf1dd5c-b48a-47f3-a7ee-04c9664ec568" testId="0c242e7e-8f22-f923-65dd-b2f5a0811c80" testName="BuckScience.Tests.Application.SeasonMonthMappingServiceTests.GetMonthsForPropertyAsync_WithPropertyNoOverride_ReturnsDefaultMonths" computerName="runnervmf4ws1" duration="00:00:00.0016650" startTime="2025-09-10T21:44:20.4296462+00:00" endTime="2025-09-10T21:44:20.4296463+00:00" testType="13cdc9d9-ddb5-4fa4-a97d-d965ccfc6d4b" outcome="Passed" testListId="8c84fa94-04c1-424b-9868-57a2d4851a1d" relativeResultsDirectory="baf1dd5c-b48a-47f3-a7ee-04c9664ec568" />
    <UnitTestResult executionId="abfe6152-0910-497d-a379-ee5af0632ed3" testId="33ab81ff-679e-9cc9-05bb-618cbab677dd" testName="BuckScience.Tests.Application.FeatureWeights.UpdateFeatureWeightsTests.UpdateFeatureWeights_ClearUserWeight_KeepsCustomIfSeasonalWeightsExist" computerName="runnervmf4ws1" duration="00:00:00.1453076" startTime="2025-09-10T21:44:20.1443247+00:00" endTime="2025-09-10T21:44:20.1443248+00:00" testType="13cdc9d9-ddb5-4fa4-a97d-d965ccfc6d4b" outcome="Passed" testListId="8c84fa94-04c1-424b-9868-57a2d4851a1d" relativeResultsDirectory="abfe6152-0910-497d-a379-ee5af0632ed3" />
    <UnitTestResult executionId="a6a3289f-0b7f-4261-88dc-b829149560ed" testId="1d2cb59d-b905-737a-61a2-6d873910d1e1" testName="BuckScience.Tests.Domain.FeatureWeightTests.FeatureWeightHelper_GetCategory_ReturnsCorrectCategory(type: Creek, expectedCategory: ResourceWater)" computerName="runnervmf4ws1" duration="00:00:00.0000045" startTime="2025-09-10T21:44:20.2053648+00:00" endTime="2025-09-10T21:44:20.2053649+00:00" testType="13cdc9d9-ddb5-4fa4-a97d-d965ccfc6d4b" outcome="Passed" testListId="8c84fa94-04c1-424b-9868-57a2d4851a1d" relativeResultsDirectory="a6a3289f-0b7f-4261-88dc-b829149560ed" />
    <UnitTestResult executionId="e170c843-2763-40bd-924f-c3cc46b42db2" testId="57048c9f-2c1b-ae85-11e6-989795af7a80" testName="BuckScience.Tests.Domain.SeasonExtensionsTests.GetMonthsForProperty_WithNullProperty_ReturnsDefaultMonths" computerName="runnervmf4ws1" duration="00:00:00.0001655" startTime="2025-09-10T21:44:19.0953349+00:00" endTime="2025-09-10T21:44:19.0953350+00:00" testType="13cdc9d9-ddb5-4fa4-a97d-d965ccfc6d4b" outcome="Passed" testListId="8c84fa94-04c1-424b-9868-57a2d4851a1d" relativeResultsDirectory="e170c843-2763-40bd-924f-c3cc46b42db2" />
    <UnitTestResult executionId="939322d5-b56a-4147-afd6-3934b660ec51" testId="ddea20c7-b2e3-61c7-335c-b2bd52df33d9" testName="BuckScience.Tests.Domain.PropertyFeatureTests.Constructor_WithInvalidWeight_ThrowsArgumentOutOfRangeException(weight: 1.10000002)" computerName="runnervmf4ws1" duration="00:00:00.0002923" startTime="2025-09-10T21:44:20.2451207+00:00" endTime="2025-09-10T21:44:20.2451208+00:00" testType="13cdc9d9-ddb5-4fa4-a97d-d965ccfc6d4b" outcome="Passed" testListId="8c84fa94-04c1-424b-9868-57a2d4851a1d" relativeResultsDirectory="939322d5-b56a-4147-afd6-3934b660ec51" />
    <UnitTestResult executionId="b981b9cf-ef4f-483b-ab97-af0e0b935f1c" testId="2b043a8d-e346-04e5-47b3-898bfcbeb615" testName="BuckScience.Tests.CameraPlacementHistoryTests.CameraPlacementHistory_Duration_ShouldCalculateCorrectly" computerName="runnervmf4ws1" duration="00:00:00.0005733" startTime="2025-09-10T21:44:20.3163875+00:00" endTime="2025-09-10T21:44:20.3163876+00:00" testType="13cdc9d9-ddb5-4fa4-a97d-d965ccfc6d4b" outcome="Passed" testListId="8c84fa94-04c1-424b-9868-57a2d4851a1d" relativeResultsDirectory="b981b9cf-ef4f-483b-ab97-af0e0b935f1c" />
    <UnitTestResult executionId="44211e93-b07f-4984-bf5a-41fab8d31238" testId="9cd7f192-bb9b-abd8-007d-2585a8ffb5e9" testName="BuckScience.Tests.PhotoFilteringUrlExamples.PhotoFiltering_RealWorldScenario_TempAndCameraFilter" computerName="runnervmf4ws1" duration="00:00:00.0040759" startTime="2025-09-10T21:44:19.0790371+00:00" endTime="2025-09-10T21:44:19.0790372+00:00" testType="13cdc9d9-ddb5-4fa4-a97d-d965ccfc6d4b" outcome="Passed" testListId="8c84fa94-04c1-424b-9868-57a2d4851a1d" relativeResultsDirectory="44211e93-b07f-4984-bf5a-41fab8d31238" />
    <UnitTestResult executionId="2a4c68fd-2dd6-4ab0-b4f9-fddf27c2501d" testId="7711d213-9779-8d22-c44f-611f07df932a" testName="BuckScience.Tests.Domain.PropertyFeatureTests.SetWeight_WithValidWeight_SetsWeightCorrectly" computerName="runnervmf4ws1" duration="00:00:00.0002124" startTime="2025-09-10T21:44:20.2415064+00:00" endTime="2025-09-10T21:44:20.2415065+00:00" testType="13cdc9d9-ddb5-4fa4-a97d-d965ccfc6d4b" outcome="Passed" testListId="8c84fa94-04c1-424b-9868-57a2d4851a1d" relativeResultsDirectory="2a4c68fd-2dd6-4ab0-b4f9-fddf27c2501d" />
    <UnitTestResult executionId="1d3419b1-bdea-4825-96f8-348ce69e021b" testId="3e754e7c-3120-cf7a-7a68-ce1c9a477533" testName="BuckScience.Tests.CameraCreateVmTests.CameraCreateVm_DirectionSync_ShouldWorkForAllDirections(direction: NE, expectedDegrees: 45)" computerName="runnervmf4ws1" duration="00:00:00.0000069" startTime="2025-09-10T21:44:20.1878653+00:00" endTime="2025-09-10T21:44:20.1878653+00:00" testType="13cdc9d9-ddb5-4fa4-a97d-d965ccfc6d4b" outcome="Passed" testListId="8c84fa94-04c1-424b-9868-57a2d4851a1d" relativeResultsDirectory="1d3419b1-bdea-4825-96f8-348ce69e021b" />
    <UnitTestResult executionId="d10a1e38-37db-4dd1-acab-aba898d2e942" testId="1ccac014-6a4c-a22a-90fa-db21298e0651" testName="BuckScience.Tests.Domain.FeatureWeightTests.FeatureWeightHelper_GetDefaultWeight_ReturnsExpectedValues(type: Waterhole, expectedWeight: 0.800000012)" computerName="runnervmf4ws1" duration="00:00:00.0000088" startTime="2025-09-10T21:44:20.1950385+00:00" endTime="2025-09-10T21:44:20.1950386+00:00" testType="13cdc9d9-ddb5-4fa4-a97d-d965ccfc6d4b" outcome="Passed" testListId="8c84fa94-04c1-424b-9868-57a2d4851a1d" relativeResultsDirectory="d10a1e38-37db-4dd1-acab-aba898d2e942" />
    <UnitTestResult executionId="aa715162-f666-42d7-b1b0-ce51a99ab584" testId="7d4e8658-cb8d-0c66-3167-748289c2e3c6" testName="BuckScience.Tests.Web.Helpers.WeatherHelpersTests.ConvertWindDirectionToText_VariousAngles_ReturnsCorrectDirection(degrees: 135, expected: &quot;SE&quot;)" computerName="runnervmf4ws1" duration="00:00:00.0000045" startTime="2025-09-10T21:44:20.4889599+00:00" endTime="2025-09-10T21:44:20.4889599+00:00" testType="13cdc9d9-ddb5-4fa4-a97d-d965ccfc6d4b" outcome="Passed" testListId="8c84fa94-04c1-424b-9868-57a2d4851a1d" relativeResultsDirectory="aa715162-f666-42d7-b1b0-ce51a99ab584" />
    <UnitTestResult executionId="319d4af4-ce8e-4b51-bde3-e62542d0ddb7" testId="46016c60-0720-f808-02e7-68fa8d4036c4" testName="BuckScience.Tests.Web.Helpers.WeatherHelpersTests.ConvertMoonPhaseToText_VariousValues_ReturnsCorrectText(phase: 0.98999999999999999, expected: &quot;New Moon&quot;)" computerName="runnervmf4ws1" duration="00:00:00.0000078" startTime="2025-09-10T21:44:20.4614226+00:00" endTime="2025-09-10T21:44:20.4614227+00:00" testType="13cdc9d9-ddb5-4fa4-a97d-d965ccfc6d4b" outcome="Passed" testListId="8c84fa94-04c1-424b-9868-57a2d4851a1d" relativeResultsDirectory="319d4af4-ce8e-4b51-bde3-e62542d0ddb7" />
    <UnitTestResult executionId="2d1783af-9160-4c6c-8849-aeb58d1d2ad0" testId="d40d14e6-e55e-a2ee-7c2d-3f2b4d1650c4" testName="BuckScience.Tests.CameraEditVmTests.CameraEditVm_SyncSelectionFromDirection_ShouldUpdateDirectionSelection" computerName="runnervmf4ws1" duration="00:00:00.0004229" startTime="2025-09-10T21:44:20.3207838+00:00" endTime="2025-09-10T21:44:20.3207839+00:00" testType="13cdc9d9-ddb5-4fa4-a97d-d965ccfc6d4b" outcome="Passed" testListId="8c84fa94-04c1-424b-9868-57a2d4851a1d" relativeResultsDirectory="2d1783af-9160-4c6c-8849-aeb58d1d2ad0" />
    <UnitTestResult executionId="dfd7478a-91bb-4b74-9617-e9d6714e0e41" testId="8d324366-3662-08e0-9537-a5a51d46bda5" testName="BuckScience.Tests.Web.Helpers.WeatherHelpersTests.ConvertMoonPhaseToText_VariousValues_ReturnsCorrectText(phase: 0.5, expected: &quot;Full Moon&quot;)" computerName="runnervmf4ws1" duration="00:00:00.0000046" startTime="2025-09-10T21:44:20.4644110+00:00" endTime="2025-09-10T21:44:20.4644110+00:00" testType="13cdc9d9-ddb5-4fa4-a97d-d965ccfc6d4b" outcome="Passed" testListId="8c84fa94-04c1-424b-9868-57a2d4851a1d" relativeResultsDirectory="dfd7478a-91bb-4b74-9617-e9d6714e0e41" />
    <UnitTestResult executionId="4093b7c6-2add-40a1-800f-e91e1bd7b012" testId="3d204cd7-14f8-bc71-3ad1-38415f6304bc" testName="BuckScience.Tests.PhotoPlacementHistoryTests.Photo_SetCameraPlacementHistory_ShouldSetValue" computerName="runnervmf4ws1" duration="00:00:00.0002089" startTime="2025-09-10T21:44:20.2078082+00:00" endTime="2025-09-10T21:44:20.2078083+00:00" testType="13cdc9d9-ddb5-4fa4-a97d-d965ccfc6d4b" outcome="Passed" testListId="8c84fa94-04c1-424b-9868-57a2d4851a1d" relativeResultsDirectory="4093b7c6-2add-40a1-800f-e91e1bd7b012" />
    <UnitTestResult executionId="e95f70d2-0d08-499f-909c-dd04c8bd9fd3" testId="7aa5e31a-c407-5fc0-2788-70d3aa03acd3" testName="BuckScience.Tests.PhotoFilteringUrlExamples.BuildFilters_ConditionsParameters_ShouldParseCorrectly(conditions: &quot;Rainy&quot;, expectedConditions: [&quot;Rainy&quot;])" computerName="runnervmf4ws1" duration="00:00:00.0000185" startTime="2025-09-10T21:44:19.0789667+00:00" endTime="2025-09-10T21:44:19.0789668+00:00" testType="13cdc9d9-ddb5-4fa4-a97d-d965ccfc6d4b" outcome="Passed" testListId="8c84fa94-04c1-424b-9868-57a2d4851a1d" relativeResultsDirectory="e95f70d2-0d08-499f-909c-dd04c8bd9fd3" />
    <UnitTestResult executionId="c2cd3475-9d55-4976-af26-4c98b43d570f" testId="7ae16dcf-6b89-2e79-9d90-4b5fa9ac7af9" testName="BuckScience.Tests.Domain.FeatureWeightTests.FeatureWeight_UpdateUserWeight_UpdatesValueAndTimestamp" computerName="runnervmf4ws1" duration="00:00:00.0105440" startTime="2025-09-10T21:44:20.2047393+00:00" endTime="2025-09-10T21:44:20.2047394+00:00" testType="13cdc9d9-ddb5-4fa4-a97d-d965ccfc6d4b" outcome="Passed" testListId="8c84fa94-04c1-424b-9868-57a2d4851a1d" relativeResultsDirectory="c2cd3475-9d55-4976-af26-4c98b43d570f" />
    <UnitTestResult executionId="bb6de111-7144-4445-9e85-13b7b7aeeb88" testId="827cffd5-57e2-399d-4e16-80e94a843b77" testName="BuckScience.Tests.PhotoPlacementHistoryTests.Photo_Constructor_ShouldAllowNullCameraPlacementHistoryId" computerName="runnervmf4ws1" duration="00:00:00.0023468" startTime="2025-09-10T21:44:20.2048212+00:00" endTime="2025-09-10T21:44:20.2048213+00:00" testType="13cdc9d9-ddb5-4fa4-a97d-d965ccfc6d4b" outcome="Passed" testListId="8c84fa94-04c1-424b-9868-57a2d4851a1d" relativeResultsDirectory="bb6de111-7144-4445-9e85-13b7b7aeeb88" />
    <UnitTestResult executionId="0df446aa-0a68-48f5-807a-69c73bca8857" testId="185a6cd6-33af-0e1e-0bd1-2a440f9d65a0" testName="BuckScience.Tests.CameraPlacementHistoryTests.Camera_CurrentLocationProperties_ShouldReturnFromPlacementHistory" computerName="runnervmf4ws1" duration="00:00:00.0013714" startTime="2025-09-10T21:44:20.3154339+00:00" endTime="2025-09-10T21:44:20.3154340+00:00" testType="13cdc9d9-ddb5-4fa4-a97d-d965ccfc6d4b" outcome="Passed" testListId="8c84fa94-04c1-424b-9868-57a2d4851a1d" relativeResultsDirectory="0df446aa-0a68-48f5-807a-69c73bca8857" />
    <UnitTestResult executionId="8e000107-7d89-467d-b7af-d1fb4e1babe3" testId="3f5baae7-b2ef-0a09-bc51-f8b04a3acced" testName="BuckScience.Tests.Web.Helpers.WeatherHelpersTests.ConvertWindDirectionToText_VariousAngles_ReturnsCorrectDirection(degrees: 67.5, expected: &quot;ENE&quot;)" computerName="runnervmf4ws1" duration="00:00:00.0000056" startTime="2025-09-10T21:44:20.4670583+00:00" endTime="2025-09-10T21:44:20.4670583+00:00" testType="13cdc9d9-ddb5-4fa4-a97d-d965ccfc6d4b" outcome="Passed" testListId="8c84fa94-04c1-424b-9868-57a2d4851a1d" relativeResultsDirectory="8e000107-7d89-467d-b7af-d1fb4e1babe3" />
    <UnitTestResult executionId="215f7688-8e06-4e94-a516-46a3bd6da9ed" testId="c7b04d5c-7711-e414-f9c1-9d377a8af2ec" testName="BuckScience.Tests.Domain.FeatureWeightTests.FeatureWeight_UpdateUserWeight_WithSameAsDefaultWeight_StaysCustomIfSeasonalWeightsExist" computerName="runnervmf4ws1" duration="00:00:00.0003307" startTime="2025-09-10T21:44:20.2069794+00:00" endTime="2025-09-10T21:44:20.2069795+00:00" testType="13cdc9d9-ddb5-4fa4-a97d-d965ccfc6d4b" outcome="Passed" testListId="8c84fa94-04c1-424b-9868-57a2d4851a1d" relativeResultsDirectory="215f7688-8e06-4e94-a516-46a3bd6da9ed" />
    <UnitTestResult executionId="18e75e46-6ff0-404c-80e8-f792dfa05ed1" testId="2d42558b-0e16-1806-a5ca-7006bc54a2c7" testName="BuckScience.Tests.Domain.PropertySeasonMonthsOverrideTests.PropertySeasonMonthsOverride_SetMonths_WithInvalidMonths_ThrowsArgumentOutOfRangeException(invalidMonths: [1, 0, 5])" computerName="runnervmf4ws1" duration="00:00:00.0004779" startTime="2025-09-10T21:44:20.3580663+00:00" endTime="2025-09-10T21:44:20.3580663+00:00" testType="13cdc9d9-ddb5-4fa4-a97d-d965ccfc6d4b" outcome="Passed" testListId="8c84fa94-04c1-424b-9868-57a2d4851a1d" relativeResultsDirectory="18e75e46-6ff0-404c-80e8-f792dfa05ed1" />
    <UnitTestResult executionId="0b225570-6cb8-42ad-86c8-6831bea10e44" testId="2582410d-2726-a653-733b-0912934edde4" testName="BuckScience.Tests.Web.Helpers.WeatherHelpersTests.ConvertMoonPhaseTextToNumeric_ValidText_ReturnsCorrectValue(text: &quot;Last Quarter&quot;, expected: 0.75)" computerName="runnervmf4ws1" duration="00:00:00.0002206" startTime="2025-09-10T21:44:20.4921455+00:00" endTime="2025-09-10T21:44:20.4921456+00:00" testType="13cdc9d9-ddb5-4fa4-a97d-d965ccfc6d4b" outcome="Passed" testListId="8c84fa94-04c1-424b-9868-57a2d4851a1d" relativeResultsDirectory="0b225570-6cb8-42ad-86c8-6831bea10e44" />
    <UnitTestResult executionId="d9636926-a61e-454d-8d2f-820a11add830" testId="7f31b8c1-231f-a39c-8870-f0d4abe51343" testName="BuckScience.Tests.FeatureHelperTests.FeatureDescriptions_ShouldContainAllClassificationTypes" computerName="runnervmf4ws1" duration="00:00:00.0021061" startTime="2025-09-10T21:44:20.1752429+00:00" endTime="2025-09-10T21:44:20.1752430+00:00" testType="13cdc9d9-ddb5-4fa4-a97d-d965ccfc6d4b" outcome="Passed" testListId="8c84fa94-04c1-424b-9868-57a2d4851a1d" relativeResultsDirectory="d9636926-a61e-454d-8d2f-820a11add830" />
    <UnitTestResult executionId="ee82380a-7dc0-4fb4-8445-5949fc9f4a0b" testId="0bff2ecc-4f41-029d-f57b-08de3b707d06" testName="BuckScience.Tests.Domain.FeatureWeightTests.FeatureWeight_SetSeasonalWeights_WithNullSetsIsCustomToFalse" computerName="runnervmf4ws1" duration="00:00:00.0001933" startTime="2025-09-10T21:44:20.2336391+00:00" endTime="2025-09-10T21:44:20.2336392+00:00" testType="13cdc9d9-ddb5-4fa4-a97d-d965ccfc6d4b" outcome="Passed" testListId="8c84fa94-04c1-424b-9868-57a2d4851a1d" relativeResultsDirectory="ee82380a-7dc0-4fb4-8445-5949fc9f4a0b" />
    <UnitTestResult executionId="e40dc481-15dc-4ff5-bb18-dbc0406dd80a" testId="e59f6969-24d1-ee70-57fe-d99344040a63" testName="BuckScience.Tests.DirectionHelperTests.ToFloat_ShouldReturnCorrectDegrees(direction: W, expectedDegrees: 270)" computerName="runnervmf4ws1" duration="00:00:00.0000066" startTime="2025-09-10T21:44:19.0741564+00:00" endTime="2025-09-10T21:44:19.0741564+00:00" testType="13cdc9d9-ddb5-4fa4-a97d-d965ccfc6d4b" outcome="Passed" testListId="8c84fa94-04c1-424b-9868-57a2d4851a1d" relativeResultsDirectory="e40dc481-15dc-4ff5-bb18-dbc0406dd80a" />
    <UnitTestResult executionId="437010f7-44b9-489d-bf6a-ee8847de25fb" testId="ec7cd5e3-a82c-cf66-66cc-45c1ba395a3e" testName="BuckScience.Tests.Web.Helpers.WeatherHelpersTests.ConvertMoonPhaseTextToNumeric_InvalidText_ReturnsNull(text: &quot;   &quot;)" computerName="runnervmf4ws1" duration="00:00:00.0000036" startTime="2025-09-10T21:44:20.4936111+00:00" endTime="2025-09-10T21:44:20.4936112+00:00" testType="13cdc9d9-ddb5-4fa4-a97d-d965ccfc6d4b" outcome="Passed" testListId="8c84fa94-04c1-424b-9868-57a2d4851a1d" relativeResultsDirectory="437010f7-44b9-489d-bf6a-ee8847de25fb" />
    <UnitTestResult executionId="8643a38b-aa87-4198-96b7-987a9b440d5f" testId="a7ad3ba3-5e5b-6ba0-2a38-a396786b3043" testName="BuckScience.Tests.Application.SeasonMonthMappingServiceTests.GetActiveSeasonsForDateAsync_WithDefaultMappings_ReturnsCorrectSeasons" computerName="runnervmf4ws1" duration="00:00:00.0030025" startTime="2025-09-10T21:44:20.4326824+00:00" endTime="2025-09-10T21:44:20.4326825+00:00" testType="13cdc9d9-ddb5-4fa4-a97d-d965ccfc6d4b" outcome="Passed" testListId="8c84fa94-04c1-424b-9868-57a2d4851a1d" relativeResultsDirectory="8643a38b-aa87-4198-96b7-987a9b440d5f" />
    <UnitTestResult executionId="65b5197c-89bb-4aaa-8c61-7e6e0afe9808" testId="b10f5741-388a-3ae9-2087-f07485587a15" testName="BuckScience.Tests.FeatureHelperTests.GetCategory_ShouldReturnCorrectCategoryForTopographicalFeatures" computerName="runnervmf4ws1" duration="00:00:00.0001665" startTime="2025-09-10T21:44:20.1758362+00:00" endTime="2025-09-10T21:44:20.1758363+00:00" testType="13cdc9d9-ddb5-4fa4-a97d-d965ccfc6d4b" outcome="Passed" testListId="8c84fa94-04c1-424b-9868-57a2d4851a1d" relativeResultsDirectory="65b5197c-89bb-4aaa-8c61-7e6e0afe9808" />
    <UnitTestResult executionId="a57f9327-aad7-49f3-9922-c8c1ff7217ef" testId="477057b0-3b6f-36a4-06fc-1b03c23a4da7" testName="BuckScience.Tests.PhotoFilteringUrlExamples.BuildFilters_ConditionsParameters_ShouldParseCorrectly(conditions: &quot;Clear,Cloudy&quot;, expectedConditions: [&quot;Clear&quot;, &quot;Cloudy&quot;])" computerName="runnervmf4ws1" duration="00:00:00.0007584" startTime="2025-09-10T21:44:19.0788437+00:00" endTime="2025-09-10T21:44:19.0788437+00:00" testType="13cdc9d9-ddb5-4fa4-a97d-d965ccfc6d4b" outcome="Passed" testListId="8c84fa94-04c1-424b-9868-57a2d4851a1d" relativeResultsDirectory="a57f9327-aad7-49f3-9922-c8c1ff7217ef" />
    <UnitTestResult executionId="7addd617-4305-44ae-a210-6bf25ca6ab01" testId="2505d350-e44a-f204-9fd8-58dd92f22763" testName="BuckScience.Tests.DirectionHelperTests.ToFloat_ShouldReturnCorrectDegrees(direction: SE, expectedDegrees: 135)" computerName="runnervmf4ws1" duration="00:00:00.0000113" startTime="2025-09-10T21:44:19.0739750+00:00" endTime="2025-09-10T21:44:19.0739751+00:00" testType="13cdc9d9-ddb5-4fa4-a97d-d965ccfc6d4b" outcome="Passed" testListId="8c84fa94-04c1-424b-9868-57a2d4851a1d" relativeResultsDirectory="7addd617-4305-44ae-a210-6bf25ca6ab01" />
    <UnitTestResult executionId="d7c68019-d349-47f4-91e9-56c7d8214fb9" testId="3f9861f9-4bc2-45e4-3f18-99d7b31a3667" testName="BuckScience.Tests.Domain.FeatureWeightTests.FeatureWeight_SetSeasonalWeights_WithNullStaysCustomIfUserWeightDiffersFromDefault" computerName="runnervmf4ws1" duration="00:00:00.0003413" startTime="2025-09-10T21:44:20.2129176+00:00" endTime="2025-09-10T21:44:20.2129177+00:00" testType="13cdc9d9-ddb5-4fa4-a97d-d965ccfc6d4b" outcome="Passed" testListId="8c84fa94-04c1-424b-9868-57a2d4851a1d" relativeResultsDirectory="d7c68019-d349-47f4-91e9-56c7d8214fb9" />
    <UnitTestResult executionId="949191f8-b348-4b30-8ae5-9e2895e3980b" testId="59d49ae8-fe17-c8a4-30e6-e31bf9671e6d" testName="BuckScience.Tests.Web.Helpers.WeatherHelpersTests.ConvertWindDirectionToText_VariousAngles_ReturnsCorrectDirection(degrees: 11.25, expected: &quot;NNE&quot;)" computerName="runnervmf4ws1" duration="00:00:00.0000051" startTime="2025-09-10T21:44:20.4669851+00:00" endTime="2025-09-10T21:44:20.4669852+00:00" testType="13cdc9d9-ddb5-4fa4-a97d-d965ccfc6d4b" outcome="Passed" testListId="8c84fa94-04c1-424b-9868-57a2d4851a1d" relativeResultsDirectory="949191f8-b348-4b30-8ae5-9e2895e3980b" />
    <UnitTestResult executionId="99d93cad-7f77-4d31-91b3-64e655ad9d15" testId="d5e7318a-a156-7dde-f329-f35fdf925ffa" testName="BuckScience.Tests.Domain.PropertySeasonMonthsOverrideTests.PropertySeasonMonthsOverride_SetMonths_WithNullMonths_ClearsMonths" computerName="runnervmf4ws1" duration="00:00:00.0001963" startTime="2025-09-10T21:44:20.3409080+00:00" endTime="2025-09-10T21:44:20.3409081+00:00" testType="13cdc9d9-ddb5-4fa4-a97d-d965ccfc6d4b" outcome="Passed" testListId="8c84fa94-04c1-424b-9868-57a2d4851a1d" relativeResultsDirectory="99d93cad-7f77-4d31-91b3-64e655ad9d15" />
    <UnitTestResult executionId="ecf084e5-9961-4032-b4f3-84008bcffec0" testId="520cf6eb-1b87-3f3a-4e2f-2f4e620f4b62" testName="BuckScience.Tests.Domain.FeatureWeightTests.FeatureWeight_IsCustom_CanBeSetInConstructor" computerName="runnervmf4ws1" duration="00:00:00.0001688" startTime="2025-09-10T21:44:20.1962682+00:00" endTime="2025-09-10T21:44:20.1962682+00:00" testType="13cdc9d9-ddb5-4fa4-a97d-d965ccfc6d4b" outcome="Passed" testListId="8c84fa94-04c1-424b-9868-57a2d4851a1d" relativeResultsDirectory="ecf084e5-9961-4032-b4f3-84008bcffec0" />
    <UnitTestResult executionId="99c852a9-4798-4e9e-bc19-acc28de4c291" testId="b96d0d20-292a-e609-b515-79cd877929d7" testName="BuckScience.Tests.Web.Helpers.WeatherHelpersTests.ConvertWindDirectionToText_VariousAngles_ReturnsCorrectDirection(degrees: 337.5, expected: &quot;NNW&quot;)" computerName="runnervmf4ws1" duration="00:00:00.0000041" startTime="2025-09-10T21:44:20.4666980+00:00" endTime="2025-09-10T21:44:20.4666981+00:00" testType="13cdc9d9-ddb5-4fa4-a97d-d965ccfc6d4b" outcome="Passed" testListId="8c84fa94-04c1-424b-9868-57a2d4851a1d" relativeResultsDirectory="99c852a9-4798-4e9e-bc19-acc28de4c291" />
    <UnitTestResult executionId="fb5ecb07-5960-49ca-81d0-22b0bd1a84fb" testId="8c01a8cb-2ffc-5487-6da3-7bc37c88340c" testName="BuckScience.Tests.Domain.FeatureWeightTests.FeatureWeight_UpdateUserWeight_SetsIsCustomToTrue" computerName="runnervmf4ws1" duration="00:00:00.0001818" startTime="2025-09-10T21:44:20.2325694+00:00" endTime="2025-09-10T21:44:20.2325695+00:00" testType="13cdc9d9-ddb5-4fa4-a97d-d965ccfc6d4b" outcome="Passed" testListId="8c84fa94-04c1-424b-9868-57a2d4851a1d" relativeResultsDirectory="fb5ecb07-5960-49ca-81d0-22b0bd1a84fb" />
    <UnitTestResult executionId="15519c51-a0ef-40eb-81f6-e5ffea32a94e" testId="42b838e4-a515-a0a8-9201-8a5607fcd950" testName="BuckScience.Tests.CameraPlacementHistoryTests.CameraEditVm_ShouldIncludeDirectionDegrees" computerName="runnervmf4ws1" duration="00:00:00.0010415" startTime="2025-09-10T21:44:20.3174103+00:00" endTime="2025-09-10T21:44:20.3174104+00:00" testType="13cdc9d9-ddb5-4fa4-a97d-d965ccfc6d4b" outcome="Passed" testListId="8c84fa94-04c1-424b-9868-57a2d4851a1d" relativeResultsDirectory="15519c51-a0ef-40eb-81f6-e5ffea32a94e" />
    <UnitTestResult executionId="1175b589-d9ee-49c7-a688-c32e30f446cf" testId="b1f7f7a9-9f3c-0788-8363-349e751ff986" testName="BuckScience.Tests.Domain.PropertyFeatureTests.UpdateWeight_WithNull_SetsWeightToNull" computerName="runnervmf4ws1" duration="00:00:00.0002044" startTime="2025-09-10T21:44:20.2415682+00:00" endTime="2025-09-10T21:44:20.2415683+00:00" testType="13cdc9d9-ddb5-4fa4-a97d-d965ccfc6d4b" outcome="Passed" testListId="8c84fa94-04c1-424b-9868-57a2d4851a1d" relativeResultsDirectory="1175b589-d9ee-49c7-a688-c32e30f446cf" />
    <UnitTestResult executionId="74d3b988-7f41-40f1-a9bb-450355d3ebd1" testId="7175185a-7456-021f-eecb-6c991ffd0d08" testName="BuckScience.Tests.Application.Profiles.ProfileCrudTests.CreateProfile_InvalidPropertyId_ThrowsUnauthorizedAccessException" computerName="runnervmf4ws1" duration="00:00:00.0031971" startTime="2025-09-10T21:44:20.1635276+00:00" endTime="2025-09-10T21:44:20.1635277+00:00" testType="13cdc9d9-ddb5-4fa4-a97d-d965ccfc6d4b" outcome="Passed" testListId="8c84fa94-04c1-424b-9868-57a2d4851a1d" relativeResultsDirectory="74d3b988-7f41-40f1-a9bb-450355d3ebd1" />
    <UnitTestResult executionId="381b5c50-aaf2-43b9-b747-5bf885485203" testId="d91077c4-486f-699f-e7de-7a096da96d2b" testName="BuckScience.Tests.Domain.PropertyFeatureTests.UpdateWeight_WithValidWeight_SetsWeightCorrectly" computerName="runnervmf4ws1" duration="00:00:00.0004936" startTime="2025-09-10T21:44:20.2413692+00:00" endTime="2025-09-10T21:44:20.2413692+00:00" testType="13cdc9d9-ddb5-4fa4-a97d-d965ccfc6d4b" outcome="Passed" testListId="8c84fa94-04c1-424b-9868-57a2d4851a1d" relativeResultsDirectory="381b5c50-aaf2-43b9-b747-5bf885485203" />
    <UnitTestResult executionId="d282430e-9e28-4ebb-95ab-03a32794cd5f" testId="d9e9dfd4-db91-4986-9bbe-4cae120c9790" testName="BuckScience.Tests.Application.FeatureWeights.UpdateFeatureWeightsTests.UpdateFeatureWeights_MultipleUpdates_SetsEachCorrectly" computerName="runnervmf4ws1" duration="00:00:00.0233429" startTime="2025-09-10T21:44:20.1681334+00:00" endTime="2025-09-10T21:44:20.1681335+00:00" testType="13cdc9d9-ddb5-4fa4-a97d-d965ccfc6d4b" outcome="Passed" testListId="8c84fa94-04c1-424b-9868-57a2d4851a1d" relativeResultsDirectory="d282430e-9e28-4ebb-95ab-03a32794cd5f" />
    <UnitTestResult executionId="23a627c6-7cb3-45b6-852c-b729e852fed8" testId="9c1cfe7d-bcc9-4b03-b265-ec26ee7c3263" testName="BuckScience.Tests.Application.Profiles.ProfileCrudTests.CreateProfile_ValidData_CreatesProfile" computerName="runnervmf4ws1" duration="00:00:01.0381222" startTime="2025-09-10T21:44:20.0670921+00:00" endTime="2025-09-10T21:44:20.0670923+00:00" testType="13cdc9d9-ddb5-4fa4-a97d-d965ccfc6d4b" outcome="Passed" testListId="8c84fa94-04c1-424b-9868-57a2d4851a1d" relativeResultsDirectory="23a627c6-7cb3-45b6-852c-b729e852fed8" />
    <UnitTestResult executionId="95770442-06e0-43a9-b983-961243fe107e" testId="e35c95a4-d974-6814-c593-743bae04117a" testName="BuckScience.Tests.Domain.PropertyFeatureTests.UpdateWeight_WithInvalidWeight_ThrowsArgumentOutOfRangeException(weight: -0.5)" computerName="runnervmf4ws1" duration="00:00:00.0005536" startTime="2025-09-10T21:44:20.2416303+00:00" endTime="2025-09-10T21:44:20.2416304+00:00" testType="13cdc9d9-ddb5-4fa4-a97d-d965ccfc6d4b" outcome="Passed" testListId="8c84fa94-04c1-424b-9868-57a2d4851a1d" relativeResultsDirectory="95770442-06e0-43a9-b983-961243fe107e" />
    <UnitTestResult executionId="962ba166-012d-4482-9dd0-dc06e4710c7e" testId="0249bb7c-cd9a-b690-46ba-3252e9d64885" testName="BuckScience.Tests.PhotoFilteringUrlExamples.BuildFilters_CameraParameters_ShouldParseCorrectly(cameras: &quot;1,5,10&quot;, expectedCameras: [1, 5, 10])" computerName="runnervmf4ws1" duration="00:00:00.0000206" startTime="2025-09-10T21:44:19.0778003+00:00" endTime="2025-09-10T21:44:19.0778004+00:00" testType="13cdc9d9-ddb5-4fa4-a97d-d965ccfc6d4b" outcome="Passed" testListId="8c84fa94-04c1-424b-9868-57a2d4851a1d" relativeResultsDirectory="962ba166-012d-4482-9dd0-dc06e4710c7e" />
    <UnitTestResult executionId="224cf16b-3c46-4a62-8ea3-873f4b264aaf" testId="54dac1bc-0f72-9d60-bad7-07e4a0566a24" testName="BuckScience.Tests.CameraPlacementHistoryTests.Camera_Move_ShouldEndCurrentPlacementAndCreateNew" computerName="runnervmf4ws1" duration="00:00:00.0006107" startTime="2025-09-10T21:44:20.3183825+00:00" endTime="2025-09-10T21:44:20.3183826+00:00" testType="13cdc9d9-ddb5-4fa4-a97d-d965ccfc6d4b" outcome="Passed" testListId="8c84fa94-04c1-424b-9868-57a2d4851a1d" relativeResultsDirectory="224cf16b-3c46-4a62-8ea3-873f4b264aaf" />
    <UnitTestResult executionId="1f364acd-879a-4c66-a710-09931a2aa7fc" testId="e65338ab-e9eb-2800-4922-6e2f693b11d4" testName="BuckScience.Tests.Application.FeatureWeights.UpdateFeatureWeightsTests.UpdateFeatureWeights_ResetToDefault_ClearsAllCustomizations" computerName="runnervmf4ws1" duration="00:00:00.0034170" startTime="2025-09-10T21:44:20.1825248+00:00" endTime="2025-09-10T21:44:20.1825249+00:00" testType="13cdc9d9-ddb5-4fa4-a97d-d965ccfc6d4b" outcome="Passed" testListId="8c84fa94-04c1-424b-9868-57a2d4851a1d" relativeResultsDirectory="1f364acd-879a-4c66-a710-09931a2aa7fc" />
    <UnitTestResult executionId="0ecc31c4-a54e-4882-b6b9-64310016200d" testId="3f4d3f91-09a2-a334-5932-6e78104fd8ba" testName="BuckScience.Tests.WeatherBatchProcessingTests.PhotoGrouping_ShouldGroupByLocationAndDate" computerName="runnervmf4ws1" duration="00:00:00.0153176" startTime="2025-09-10T21:44:20.4524671+00:00" endTime="2025-09-10T21:44:20.4524672+00:00" testType="13cdc9d9-ddb5-4fa4-a97d-d965ccfc6d4b" outcome="Passed" testListId="8c84fa94-04c1-424b-9868-57a2d4851a1d" relativeResultsDirectory="0ecc31c4-a54e-4882-b6b9-64310016200d" />
    <UnitTestResult executionId="37055de9-38af-422c-9b65-fa92ecbe81b4" testId="4e409710-7600-d8ec-3aaf-52ff72372913" testName="BuckScience.Tests.Domain.SeasonExtensionsTests.GetDefaultMonths_PreRut_ReturnsCorrectMonths" computerName="runnervmf4ws1" duration="00:00:00.0001617" startTime="2025-09-10T21:44:19.0955479+00:00" endTime="2025-09-10T21:44:19.0955479+00:00" testType="13cdc9d9-ddb5-4fa4-a97d-d965ccfc6d4b" outcome="Passed" testListId="8c84fa94-04c1-424b-9868-57a2d4851a1d" relativeResultsDirectory="37055de9-38af-422c-9b65-fa92ecbe81b4" />
    <UnitTestResult executionId="0844a167-8a74-4e3f-8931-5beac7567791" testId="fdc90908-8368-ee5f-7b4f-9fee688fecb2" testName="BuckScience.Tests.Domain.FeatureWeightTests.FeatureWeight_UpdateUserWeight_WithSameAsDefaultWeight_DoesNotSetIsCustom" computerName="runnervmf4ws1" duration="00:00:00.0001786" startTime="2025-09-10T21:44:20.2327617+00:00" endTime="2025-09-10T21:44:20.2327618+00:00" testType="13cdc9d9-ddb5-4fa4-a97d-d965ccfc6d4b" outcome="Passed" testListId="8c84fa94-04c1-424b-9868-57a2d4851a1d" relativeResultsDirectory="0844a167-8a74-4e3f-8931-5beac7567791" />
    <UnitTestResult executionId="a3050d12-383c-452b-a604-00e2218844a0" testId="a6b7ec4e-8439-0e75-5dff-9c306313533e" testName="BuckScience.Tests.Domain.PropertySeasonMonthsOverrideTests.PropertySeasonMonthsOverride_Constructor_WithNullMonths_ThrowsArgumentNullException" computerName="runnervmf4ws1" duration="00:00:00.0003728" startTime="2025-09-10T21:44:20.3590860+00:00" endTime="2025-09-10T21:44:20.3590861+00:00" testType="13cdc9d9-ddb5-4fa4-a97d-d965ccfc6d4b" outcome="Passed" testListId="8c84fa94-04c1-424b-9868-57a2d4851a1d" relativeResultsDirectory="a3050d12-383c-452b-a604-00e2218844a0" />
    <UnitTestResult executionId="1a978895-cc20-413e-99bd-a321ab3a8063" testId="73d0473b-eb3b-71b8-da90-00961c42343e" testName="BuckScience.Tests.PhotoFilteringUrlExamples.BuildFilters_ConditionsParameters_ShouldParseCorrectly(conditions: &quot;Clear,Partly Cloudy,Overcast&quot;, expectedConditions: [&quot;Clear&quot;, &quot;Partly Cloudy&quot;, &quot;Overcast&quot;])" computerName="runnervmf4ws1" duration="00:00:00.0001841" startTime="2025-09-10T21:44:19.0789095+00:00" endTime="2025-09-10T21:44:19.0789096+00:00" testType="13cdc9d9-ddb5-4fa4-a97d-d965ccfc6d4b" outcome="Passed" testListId="8c84fa94-04c1-424b-9868-57a2d4851a1d" relativeResultsDirectory="1a978895-cc20-413e-99bd-a321ab3a8063" />
    <UnitTestResult executionId="81108f28-6660-4e65-bdb0-cb21825c3995" testId="ce19e570-cfff-5516-73c5-0c25670038af" testName="BuckScience.Tests.PhotoFiltersTests.PhotoFilters_HasWeatherFilters_ReturnsTrueWhenTemperatureFilterSet" computerName="runnervmf4ws1" duration="00:00:00.0001599" startTime="2025-09-10T21:44:20.4526468+00:00" endTime="2025-09-10T21:44:20.4526468+00:00" testType="13cdc9d9-ddb5-4fa4-a97d-d965ccfc6d4b" outcome="Passed" testListId="8c84fa94-04c1-424b-9868-57a2d4851a1d" relativeResultsDirectory="81108f28-6660-4e65-bdb0-cb21825c3995" />
    <UnitTestResult executionId="91169f95-c704-4de8-bf60-1a0773dad5ce" testId="172a47eb-7de7-c6df-b8be-70c0be7e14f7" testName="BuckScience.Tests.Web.Helpers.WeatherHelpersTests.ConvertWindDirectionTextToNumeric_ValidDirections_ReturnsCorrectDegrees(direction: &quot;SSW&quot;, expected: 202.5)" computerName="runnervmf4ws1" duration="00:00:00.0000064" startTime="2025-09-10T21:44:20.4905460+00:00" endTime="2025-09-10T21:44:20.4905461+00:00" testType="13cdc9d9-ddb5-4fa4-a97d-d965ccfc6d4b" outcome="Passed" testListId="8c84fa94-04c1-424b-9868-57a2d4851a1d" relativeResultsDirectory="91169f95-c704-4de8-bf60-1a0773dad5ce" />
    <UnitTestResult executionId="60f31088-7c2a-4d6d-9016-3d536c19ddc5" testId="68647ad1-4f74-1b97-159d-5659e9979e01" testName="BuckScience.Tests.Domain.MonthsAttributeTests.MonthsAttribute_Constructor_WithInvalidMonth_ThrowsArgumentOutOfRangeException(invalidMonth: 0)" computerName="runnervmf4ws1" duration="00:00:00.0000602" startTime="2025-09-10T21:44:20.2360606+00:00" endTime="2025-09-10T21:44:20.2360607+00:00" testType="13cdc9d9-ddb5-4fa4-a97d-d965ccfc6d4b" outcome="Passed" testListId="8c84fa94-04c1-424b-9868-57a2d4851a1d" relativeResultsDirectory="60f31088-7c2a-4d6d-9016-3d536c19ddc5" />
    <UnitTestResult executionId="4d63c571-d737-416c-9365-321162b4dc17" testId="dfe6a45f-34c2-c767-91dd-1f8de6538cc0" testName="BuckScience.Tests.Web.Helpers.WeatherHelpersTests.ConvertMoonPhaseTextToNumeric_ValidText_ReturnsCorrectValue(text: &quot;Waning Crescent&quot;, expected: 0.875)" computerName="runnervmf4ws1" duration="00:00:00.0001571" startTime="2025-09-10T21:44:20.4920880+00:00" endTime="2025-09-10T21:44:20.4920881+00:00" testType="13cdc9d9-ddb5-4fa4-a97d-d965ccfc6d4b" outcome="Passed" testListId="8c84fa94-04c1-424b-9868-57a2d4851a1d" relativeResultsDirectory="4d63c571-d737-416c-9365-321162b4dc17" />
    <UnitTestResult executionId="25e236bb-e608-4397-83ab-3568367595f2" testId="eb717265-8ce6-9ca5-299a-76e8f4608ecc" testName="BuckScience.Tests.CameraEditVmTests.CameraEditVm_DefaultValues_ShouldBeCorrect" computerName="runnervmf4ws1" duration="00:00:00.0019335" startTime="2025-09-10T21:44:20.3255804+00:00" endTime="2025-09-10T21:44:20.3255805+00:00" testType="13cdc9d9-ddb5-4fa4-a97d-d965ccfc6d4b" outcome="Passed" testListId="8c84fa94-04c1-424b-9868-57a2d4851a1d" relativeResultsDirectory="25e236bb-e608-4397-83ab-3568367595f2" />
    <UnitTestResult executionId="9c861f32-b2f0-42d4-92cd-e80b41f07c8f" testId="87537a65-edc4-293b-e0c7-ff87f3dc8e79" testName="BuckScience.Tests.PhotoPlacementHistoryTests.Photo_SetCameraPlacementHistory_ShouldThrowForInvalidId" computerName="runnervmf4ws1" duration="00:00:00.0010555" startTime="2025-09-10T21:44:20.2018356+00:00" endTime="2025-09-10T21:44:20.2018357+00:00" testType="13cdc9d9-ddb5-4fa4-a97d-d965ccfc6d4b" outcome="Passed" testListId="8c84fa94-04c1-424b-9868-57a2d4851a1d" relativeResultsDirectory="9c861f32-b2f0-42d4-92cd-e80b41f07c8f" />
    <UnitTestResult executionId="c8143ec3-e699-4ebd-80b3-5614971116a3" testId="8c733a46-a4ea-1620-69ec-bdd69e48dc0b" testName="BuckScience.Tests.PhotoFiltersTests.PhotoFilters_HasAnyFilters_ReturnsFalseWhenNoFiltersSet" computerName="runnervmf4ws1" duration="00:00:00.0001225" startTime="2025-09-10T21:44:20.4527987+00:00" endTime="2025-09-10T21:44:20.4527988+00:00" testType="13cdc9d9-ddb5-4fa4-a97d-d965ccfc6d4b" outcome="Passed" testListId="8c84fa94-04c1-424b-9868-57a2d4851a1d" relativeResultsDirectory="c8143ec3-e699-4ebd-80b3-5614971116a3" />
    <UnitTestResult executionId="e82da20a-c8ee-4d24-9026-8b539b24745e" testId="c900e632-ca6a-8d11-765e-c59876f4f7f8" testName="BuckScience.Tests.PhotoFilteringIntegrationTests.BuildFilters_WithDateRange_ReturnsFiltersWithDates" computerName="runnervmf4ws1" duration="00:00:00.0004834" startTime="2025-09-10T21:44:20.4388389+00:00" endTime="2025-09-10T21:44:20.4388390+00:00" testType="13cdc9d9-ddb5-4fa4-a97d-d965ccfc6d4b" outcome="Passed" testListId="8c84fa94-04c1-424b-9868-57a2d4851a1d" relativeResultsDirectory="e82da20a-c8ee-4d24-9026-8b539b24745e" />
    <UnitTestResult executionId="83824ed7-0877-4233-be15-e0070df26aa6" testId="be34b3ae-4d99-48a5-415d-a9f5ba8821a1" testName="BuckScience.Tests.CameraCreateVmTests.CameraCreateVm_DirectionSync_ShouldWorkForAllDirections(direction: NW, expectedDegrees: 315)" computerName="runnervmf4ws1" duration="00:00:00.0000090" startTime="2025-09-10T21:44:20.1870552+00:00" endTime="2025-09-10T21:44:20.1870553+00:00" testType="13cdc9d9-ddb5-4fa4-a97d-d965ccfc6d4b" outcome="Passed" testListId="8c84fa94-04c1-424b-9868-57a2d4851a1d" relativeResultsDirectory="83824ed7-0877-4233-be15-e0070df26aa6" />
    <UnitTestResult executionId="2a1993fc-7d05-41a6-8d50-ba894dd7f729" testId="fb896724-2095-3026-71b5-ad9198efd098" testName="BuckScience.Tests.Web.Helpers.WeatherHelpersTests.ConvertMoonPhaseTextToNumeric_InvalidText_ReturnsNull(text: &quot;Unknown&quot;)" computerName="runnervmf4ws1" duration="00:00:00.0001188" startTime="2025-09-10T21:44:20.4932202+00:00" endTime="2025-09-10T21:44:20.4932202+00:00" testType="13cdc9d9-ddb5-4fa4-a97d-d965ccfc6d4b" outcome="Passed" testListId="8c84fa94-04c1-424b-9868-57a2d4851a1d" relativeResultsDirectory="2a1993fc-7d05-41a6-8d50-ba894dd7f729" />
    <UnitTestResult executionId="6e0c54a2-5574-4bc2-9a2f-cce82f5c6725" testId="22d4e883-d516-a3c1-91a6-c6ccca686050" testName="BuckScience.Tests.Web.Helpers.WeatherHelpersTests.ConvertMoonPhaseToText_VariousValues_ReturnsCorrectText(phase: 0.84999999999999998, expected: &quot;Waning Crescent&quot;)" computerName="runnervmf4ws1" duration="00:00:00.0002797" startTime="2025-09-10T21:44:20.4613516+00:00" endTime="2025-09-10T21:44:20.4613517+00:00" testType="13cdc9d9-ddb5-4fa4-a97d-d965ccfc6d4b" outcome="Passed" testListId="8c84fa94-04c1-424b-9868-57a2d4851a1d" relativeResultsDirectory="6e0c54a2-5574-4bc2-9a2f-cce82f5c6725" />
    <UnitTestResult executionId="c1e8167e-4864-4059-9b86-b6325f62f99b" testId="81cae9df-520c-bb72-ca7a-30a828451359" testName="BuckScience.Tests.PhotoFilteringComprehensiveTests.PhotoFilters_ComplexCombination_AllFilterTypes" computerName="runnervmf4ws1" duration="00:00:00.0012053" startTime="2025-09-10T21:44:20.2002363+00:00" endTime="2025-09-10T21:44:20.2002364+00:00" testType="13cdc9d9-ddb5-4fa4-a97d-d965ccfc6d4b" outcome="Passed" testListId="8c84fa94-04c1-424b-9868-57a2d4851a1d" relativeResultsDirectory="c1e8167e-4864-4059-9b86-b6325f62f99b" />
    <UnitTestResult executionId="b64e1c7e-2e4f-46a8-b01f-58de95b2cfa2" testId="88b5a428-7422-548a-ca90-5bd2a62420ae" testName="BuckScience.Tests.DirectionHelperTests.FromFloat_ShouldReturnCorrectDirection(degrees: 225, expectedDirection: SW)" computerName="runnervmf4ws1" duration="00:00:00.0000078" startTime="2025-09-10T21:44:19.0566890+00:00" endTime="2025-09-10T21:44:19.0566890+00:00" testType="13cdc9d9-ddb5-4fa4-a97d-d965ccfc6d4b" outcome="Passed" testListId="8c84fa94-04c1-424b-9868-57a2d4851a1d" relativeResultsDirectory="b64e1c7e-2e4f-46a8-b01f-58de95b2cfa2" />
    <UnitTestResult executionId="86b70a5a-bb59-40b9-99ac-ef1db94d2bae" testId="5281d8e8-e57c-c45e-69f7-66dd4ef8cb7b" testName="BuckScience.Tests.PhotoFiltersTests.PhotoFilters_HasAnyFilters_ReturnsTrueWhenDateFilterSet" computerName="runnervmf4ws1" duration="00:00:00.0001912" startTime="2025-09-10T21:44:20.4528732+00:00" endTime="2025-09-10T21:44:20.4528732+00:00" testType="13cdc9d9-ddb5-4fa4-a97d-d965ccfc6d4b" outcome="Passed" testListId="8c84fa94-04c1-424b-9868-57a2d4851a1d" relativeResultsDirectory="86b70a5a-bb59-40b9-99ac-ef1db94d2bae" />
    <UnitTestResult executionId="b6814a57-75f6-42a6-8d50-453bfeb1679c" testId="8c9fb467-c9d9-e4ca-cb2a-8456e527af16" testName="BuckScience.Tests.Domain.SeasonExtensionsTests.GetMonthsForProperty_WithProperty_ReturnsDefaultMonths" computerName="runnervmf4ws1" duration="00:00:00.0107580" startTime="2025-09-10T21:44:19.0946066+00:00" endTime="2025-09-10T21:44:19.0946067+00:00" testType="13cdc9d9-ddb5-4fa4-a97d-d965ccfc6d4b" outcome="Passed" testListId="8c84fa94-04c1-424b-9868-57a2d4851a1d" relativeResultsDirectory="b6814a57-75f6-42a6-8d50-453bfeb1679c" />
    <UnitTestResult executionId="fad6c359-4548-4a8e-8e29-bd6794fa2c5e" testId="4e6de647-43c0-2d5e-ffcc-d884e859b7df" testName="BuckScience.Tests.TaggingIntegrationTests.TagUniqueness_ShouldBeEnforcedCorrectly" computerName="runnervmf4ws1" duration="00:00:00.0020378" startTime="2025-09-10T21:44:20.5016131+00:00" endTime="2025-09-10T21:44:20.5016132+00:00" testType="13cdc9d9-ddb5-4fa4-a97d-d965ccfc6d4b" outcome="Passed" testListId="8c84fa94-04c1-424b-9868-57a2d4851a1d" relativeResultsDirectory="fad6c359-4548-4a8e-8e29-bd6794fa2c5e" />
    <UnitTestResult executionId="f70bb16e-979d-4b9d-aeeb-3d05d9c75a2e" testId="7acc5254-e1e8-fc5e-ffbb-a06142942287" testName="BuckScience.Tests.Application.FeatureWeights.UpdateFeatureWeightsTests.UpdateFeatureWeights_OnlyUpdatesSeasonalWeights_SetsOnlyThatAsCustom" computerName="runnervmf4ws1" duration="00:00:00.0039714" startTime="2025-09-10T21:44:20.1790012+00:00" endTime="2025-09-10T21:44:20.1790013+00:00" testType="13cdc9d9-ddb5-4fa4-a97d-d965ccfc6d4b" outcome="Passed" testListId="8c84fa94-04c1-424b-9868-57a2d4851a1d" relativeResultsDirectory="f70bb16e-979d-4b9d-aeeb-3d05d9c75a2e" />
    <UnitTestResult executionId="f56480ef-9636-4367-aef5-461edcabb71e" testId="8dc17fe0-66a4-6cf2-3749-0f755c367e4d" testName="BuckScience.Tests.Web.Helpers.WeatherHelpersTests.GetWindDirectionOptions_WithEmptyAvailable_AllUnavailable" computerName="runnervmf4ws1" duration="00:00:00.0003780" startTime="2025-09-10T21:44:20.4937594+00:00" endTime="2025-09-10T21:44:20.4937594+00:00" testType="13cdc9d9-ddb5-4fa4-a97d-d965ccfc6d4b" outcome="Passed" testListId="8c84fa94-04c1-424b-9868-57a2d4851a1d" relativeResultsDirectory="f56480ef-9636-4367-aef5-461edcabb71e" />
    <UnitTestResult executionId="232d9c8e-19e7-4e60-a9bd-c97a93676c7a" testId="837ea7f9-62f6-2203-19c1-0791b6c92a8e" testName="BuckScience.Tests.Application.SeasonMonthMappingServiceTests.GetPrimarySeasonForDateAsync_DefaultMappings_ReturnsExpectedSeason(month: 10, expectedSeason: EarlySeason)" computerName="runnervmf4ws1" duration="00:00:00.0100301" startTime="2025-09-10T21:44:20.3462049+00:00" endTime="2025-09-10T21:44:20.3462050+00:00" testType="13cdc9d9-ddb5-4fa4-a97d-d965ccfc6d4b" outcome="Passed" testListId="8c84fa94-04c1-424b-9868-57a2d4851a1d" relativeResultsDirectory="232d9c8e-19e7-4e60-a9bd-c97a93676c7a" />
    <UnitTestResult executionId="ddded3a4-6cbe-4a33-bbe4-9d8be2c34d0a" testId="ddd7ef0f-f8d8-3f23-14c1-c969cc917d3a" testName="BuckScience.Tests.TaggingRequirementsTests.Requirement2_NewTagCreation_ShouldBeSupported" computerName="runnervmf4ws1" duration="00:00:00.0153240" startTime="2025-09-10T21:44:20.3026257+00:00" endTime="2025-09-10T21:44:20.3026258+00:00" testType="13cdc9d9-ddb5-4fa4-a97d-d965ccfc6d4b" outcome="Passed" testListId="8c84fa94-04c1-424b-9868-57a2d4851a1d" relativeResultsDirectory="ddded3a4-6cbe-4a33-bbe4-9d8be2c34d0a" />
    <UnitTestResult executionId="c9df1392-e9dc-4d39-8ff2-0278d58de70f" testId="0046d277-9b70-8213-d3d2-32e9f1ff9915" testName="BuckScience.Tests.Domain.SeasonExtensionsTests.GetDefaultMonths_LateSeason_ReturnsCorrectMonths" computerName="runnervmf4ws1" duration="00:00:00.0001735" startTime="2025-09-10T21:44:19.0954132+00:00" endTime="2025-09-10T21:44:19.0954132+00:00" testType="13cdc9d9-ddb5-4fa4-a97d-d965ccfc6d4b" outcome="Passed" testListId="8c84fa94-04c1-424b-9868-57a2d4851a1d" relativeResultsDirectory="c9df1392-e9dc-4d39-8ff2-0278d58de70f" />
    <UnitTestResult executionId="dd119520-32dc-46fc-8e08-c76a94093257" testId="12f16ac3-f6d6-9802-1d09-4301de2f7efc" testName="BuckScience.Tests.Domain.PropertySeasonMonthsOverrideTests.PropertySeasonMonthsOverride_Constructor_WithInvalidMonths_ThrowsArgumentOutOfRangeException(invalidMonths: [0, 5, 10])" computerName="runnervmf4ws1" duration="00:00:00.0002190" startTime="2025-09-10T21:44:20.3578724+00:00" endTime="2025-09-10T21:44:20.3578725+00:00" testType="13cdc9d9-ddb5-4fa4-a97d-d965ccfc6d4b" outcome="Passed" testListId="8c84fa94-04c1-424b-9868-57a2d4851a1d" relativeResultsDirectory="dd119520-32dc-46fc-8e08-c76a94093257" />
    <UnitTestResult executionId="63d32a69-2ffa-4489-aee2-615817d16905" testId="4018bd47-d5cd-e85a-b6de-7760e129dafa" testName="BuckScience.Tests.Web.Helpers.WeatherHelpersTests.ConvertWindDirectionToText_VariousAngles_ReturnsCorrectDirection(degrees: 180, expected: &quot;S&quot;)" computerName="runnervmf4ws1" duration="00:00:00.0000077" startTime="2025-09-10T21:44:20.4665762+00:00" endTime="2025-09-10T21:44:20.4665762+00:00" testType="13cdc9d9-ddb5-4fa4-a97d-d965ccfc6d4b" outcome="Passed" testListId="8c84fa94-04c1-424b-9868-57a2d4851a1d" relativeResultsDirectory="63d32a69-2ffa-4489-aee2-615817d16905" />
    <UnitTestResult executionId="b9b1d93c-6295-4ca0-80e4-9dc41af3386c" testId="78d335ed-d8a0-4e68-1b07-0e64ec6fcf01" testName="BuckScience.Tests.Web.Helpers.WeatherHelpersTests.ConvertMoonPhaseToText_VariousValues_ReturnsCorrectText(phase: 0.75, expected: &quot;Last Quarter&quot;)" computerName="runnervmf4ws1" duration="00:00:00.0000053" startTime="2025-09-10T21:44:20.4614906+00:00" endTime="2025-09-10T21:44:20.4614907+00:00" testType="13cdc9d9-ddb5-4fa4-a97d-d965ccfc6d4b" outcome="Passed" testListId="8c84fa94-04c1-424b-9868-57a2d4851a1d" relativeResultsDirectory="b9b1d93c-6295-4ca0-80e4-9dc41af3386c" />
    <UnitTestResult executionId="b1ac154d-01b5-409d-9829-140f6f39bc0f" testId="45c0ed35-3801-fd39-72e9-842befa716d9" testName="BuckScience.Tests.Application.SeasonMonthMappingServiceTests.RemovePropertySeasonOverrideAsync_ReturnsFalse_WhenNoOverrideExists" computerName="runnervmf4ws1" duration="00:00:00.0027136" startTime="2025-09-10T21:44:20.4004107+00:00" endTime="2025-09-10T21:44:20.4004108+00:00" testType="13cdc9d9-ddb5-4fa4-a97d-d965ccfc6d4b" outcome="Passed" testListId="8c84fa94-04c1-424b-9868-57a2d4851a1d" relativeResultsDirectory="b1ac154d-01b5-409d-9829-140f6f39bc0f" />
    <UnitTestResult executionId="e80180cd-14df-4a0a-b6bf-72500c27f24a" testId="87e55bdd-4276-ed24-3a0c-df1323a9e2c9" testName="BuckScience.Tests.DirectionHelperTests.ToFloat_ShouldReturnCorrectDegrees(direction: S, expectedDegrees: 180)" computerName="runnervmf4ws1" duration="00:00:00.0003812" startTime="2025-09-10T21:44:19.0739192+00:00" endTime="2025-09-10T21:44:19.0739193+00:00" testType="13cdc9d9-ddb5-4fa4-a97d-d965ccfc6d4b" outcome="Passed" testListId="8c84fa94-04c1-424b-9868-57a2d4851a1d" relativeResultsDirectory="e80180cd-14df-4a0a-b6bf-72500c27f24a" />
    <UnitTestResult executionId="b88118d3-86b1-48e8-800f-b3cb9e04934e" testId="1798213c-35a3-cbbc-3a0a-8843aace427d" testName="BuckScience.Tests.Web.Helpers.WeatherHelpersTests.ConvertWindDirectionToText_VariousAngles_ReturnsCorrectDirection(degrees: 45, expected: &quot;NE&quot;)" computerName="runnervmf4ws1" duration="00:00:00.0000047" startTime="2025-09-10T21:44:20.4893772+00:00" endTime="2025-09-10T21:44:20.4893772+00:00" testType="13cdc9d9-ddb5-4fa4-a97d-d965ccfc6d4b" outcome="Passed" testListId="8c84fa94-04c1-424b-9868-57a2d4851a1d" relativeResultsDirectory="b88118d3-86b1-48e8-800f-b3cb9e04934e" />
    <UnitTestResult executionId="3c193249-2fa0-4aa3-9c3f-c2f39881a8ba" testId="fa4cb098-045c-45a9-65cd-11b5fd8b475f" testName="BuckScience.Tests.Application.SeasonMonthMappingServiceTests.SetPropertySeasonOverrideAsync_CreatesNewOverride_WhenNoneExists" computerName="runnervmf4ws1" duration="00:00:00.0026646" startTime="2025-09-10T21:44:20.4204658+00:00" endTime="2025-09-10T21:44:20.4204659+00:00" testType="13cdc9d9-ddb5-4fa4-a97d-d965ccfc6d4b" outcome="Passed" testListId="8c84fa94-04c1-424b-9868-57a2d4851a1d" relativeResultsDirectory="3c193249-2fa0-4aa3-9c3f-c2f39881a8ba" />
    <UnitTestResult executionId="1c260b36-5af8-4adb-b826-390e72250fbc" testId="343fd73e-33e0-a251-14f5-344e69186a31" testName="BuckScience.Tests.Domain.PropertySeasonMonthsOverrideTests.PropertySeasonMonthsOverride_Constructor_WithInvalidMonths_ThrowsArgumentOutOfRangeException(invalidMonths: [1, 13])" computerName="runnervmf4ws1" duration="00:00:00.0000621" startTime="2025-09-10T21:44:20.3579929+00:00" endTime="2025-09-10T21:44:20.3579930+00:00" testType="13cdc9d9-ddb5-4fa4-a97d-d965ccfc6d4b" outcome="Passed" testListId="8c84fa94-04c1-424b-9868-57a2d4851a1d" relativeResultsDirectory="1c260b36-5af8-4adb-b826-390e72250fbc" />
    <UnitTestResult executionId="77c4a6c5-096f-4017-a51f-b038748ccc79" testId="c91192db-21fb-4e08-e57b-721298eb140d" testName="BuckScience.Tests.Web.Helpers.WeatherHelpersTests.ConvertWindDirectionTextToNumeric_ValidDirections_ReturnsCorrectDegrees(direction: &quot;SE&quot;, expected: 135)" computerName="runnervmf4ws1" duration="00:00:00.0000059" startTime="2025-09-10T21:44:20.4913294+00:00" endTime="2025-09-10T21:44:20.4913294+00:00" testType="13cdc9d9-ddb5-4fa4-a97d-d965ccfc6d4b" outcome="Passed" testListId="8c84fa94-04c1-424b-9868-57a2d4851a1d" relativeResultsDirectory="77c4a6c5-096f-4017-a51f-b038748ccc79" />
    <UnitTestResult executionId="b63d309f-380c-4f22-ace8-c8cb685922d0" testId="29048f6b-b73b-a720-ef94-9f27a4540f3c" testName="BuckScience.Tests.Web.Helpers.WeatherHelpersTests.ConvertMoonPhaseTextToNumeric_ValidText_ReturnsCorrectValue(text: &quot;New Moon&quot;, expected: 0)" computerName="runnervmf4ws1" duration="00:00:00.0000119" startTime="2025-09-10T21:44:20.4922498+00:00" endTime="2025-09-10T21:44:20.4922498+00:00" testType="13cdc9d9-ddb5-4fa4-a97d-d965ccfc6d4b" outcome="Passed" testListId="8c84fa94-04c1-424b-9868-57a2d4851a1d" relativeResultsDirectory="b63d309f-380c-4f22-ace8-c8cb685922d0" />
    <UnitTestResult executionId="2290034e-ccc9-451a-9c59-2caf97adc699" testId="af05f3f5-fc25-06fd-0f22-fca8b27396d1" testName="BuckScience.Tests.Domain.PropertyFeatureTests.Constructor_WithInvalidWeight_ThrowsArgumentOutOfRangeException(weight: -1)" computerName="runnervmf4ws1" duration="00:00:00.0002082" startTime="2025-09-10T21:44:20.2452271+00:00" endTime="2025-09-10T21:44:20.2452272+00:00" testType="13cdc9d9-ddb5-4fa4-a97d-d965ccfc6d4b" outcome="Passed" testListId="8c84fa94-04c1-424b-9868-57a2d4851a1d" relativeResultsDirectory="2290034e-ccc9-451a-9c59-2caf97adc699" />
    <UnitTestResult executionId="768d5c1d-4f86-4e40-9528-07468b158376" testId="5639502e-a141-45eb-1c4f-81dc941ff67a" testName="BuckScience.Tests.Domain.PropertySeasonMonthsOverrideTests.PropertySeasonMonthsOverride_GetMonths_ReturnsCorrectMonths" computerName="runnervmf4ws1" duration="00:00:00.0002431" startTime="2025-09-10T21:44:20.3589387+00:00" endTime="2025-09-10T21:44:20.3589388+00:00" testType="13cdc9d9-ddb5-4fa4-a97d-d965ccfc6d4b" outcome="Passed" testListId="8c84fa94-04c1-424b-9868-57a2d4851a1d" relativeResultsDirectory="768d5c1d-4f86-4e40-9528-07468b158376" />
    <UnitTestResult executionId="ec3ba789-be58-427f-a58c-f0c5886e7fda" testId="4cc42eb6-e899-4ec5-21b6-53546311ab9e" testName="BuckScience.Tests.Application.FeatureWeights.GetFeatureWeightsDateResolutionTests.HandleAsync_WithDate_NoMatchingSeason_FallsBackToUserOrDefaultWeight" computerName="runnervmf4ws1" duration="00:00:00.0100995" startTime="2025-09-10T21:44:20.5002532+00:00" endTime="2025-09-10T21:44:20.5002533+00:00" testType="13cdc9d9-ddb5-4fa4-a97d-d965ccfc6d4b" outcome="Passed" testListId="8c84fa94-04c1-424b-9868-57a2d4851a1d" relativeResultsDirectory="ec3ba789-be58-427f-a58c-f0c5886e7fda" />
    <UnitTestResult executionId="2dd09a71-8061-46e9-9470-d4b6e2a13566" testId="2cc2759a-0e74-d1e3-53c0-3d706804902c" testName="BuckScience.Tests.PhotoFilteringComprehensiveTests.PropertyPhotosVm_WithFilters_CorrectProperties" computerName="runnervmf4ws1" duration="00:00:00.0032407" startTime="2025-09-10T21:44:20.1980883+00:00" endTime="2025-09-10T21:44:20.1980884+00:00" testType="13cdc9d9-ddb5-4fa4-a97d-d965ccfc6d4b" outcome="Passed" testListId="8c84fa94-04c1-424b-9868-57a2d4851a1d" relativeResultsDirectory="2dd09a71-8061-46e9-9470-d4b6e2a13566" />
    <UnitTestResult executionId="b74c9a44-5ce3-4697-9df0-f689053c56a9" testId="72e4583e-7bd1-6573-8e0c-b7583f2d0b50" testName="BuckScience.Tests.Application.FeatureWeights.GetFeatureWeightsDateResolutionTests.HandleAsync_WithDate_PropertyOverride_ResolvesCustomSeason" computerName="runnervmf4ws1" duration="00:00:00.0209953" startTime="2025-09-10T21:44:20.4946194+00:00" endTime="2025-09-10T21:44:20.4946195+00:00" testType="13cdc9d9-ddb5-4fa4-a97d-d965ccfc6d4b" outcome="Passed" testListId="8c84fa94-04c1-424b-9868-57a2d4851a1d" relativeResultsDirectory="b74c9a44-5ce3-4697-9df0-f689053c56a9" />
    <UnitTestResult executionId="c569008c-32c7-4da1-a0f2-0ff038306b3a" testId="57fdcf56-cdf1-9f39-baba-1b1c695971d5" testName="BuckScience.Tests.Web.Helpers.WeatherHelpersTests.ConvertWindDirectionTextToNumeric_CaseInsensitive_Works" computerName="runnervmf4ws1" duration="00:00:00.0002413" startTime="2025-09-10T21:44:20.4936831+00:00" endTime="2025-09-10T21:44:20.4936831+00:00" testType="13cdc9d9-ddb5-4fa4-a97d-d965ccfc6d4b" outcome="Passed" testListId="8c84fa94-04c1-424b-9868-57a2d4851a1d" relativeResultsDirectory="c569008c-32c7-4da1-a0f2-0ff038306b3a" />
    <UnitTestResult executionId="c592e089-56c3-4c80-a0bc-c2012650b36b" testId="9f544328-b14d-2f96-b54b-781ab9cf51e8" testName="BuckScience.Tests.Web.Helpers.WeatherHelpersTests.ConvertMoonPhaseToText_VariousValues_ReturnsCorrectText(phase: 0.40000000000000002, expected: &quot;Waxing Gibbous&quot;)" computerName="runnervmf4ws1" duration="00:00:00.0000079" startTime="2025-09-10T21:44:20.4643513+00:00" endTime="2025-09-10T21:44:20.4643513+00:00" testType="13cdc9d9-ddb5-4fa4-a97d-d965ccfc6d4b" outcome="Passed" testListId="8c84fa94-04c1-424b-9868-57a2d4851a1d" relativeResultsDirectory="c592e089-56c3-4c80-a0bc-c2012650b36b" />
    <UnitTestResult executionId="ecb287bb-9576-4b6c-ac69-760c65ea8aed" testId="ce73eb79-a497-c2a4-9a02-ef4f9a7168c5" testName="BuckScience.Tests.PhotoFilteringUrlExamples.BuildFilters_UrlParameters_ShouldParseCorrectly(urlParams: &quot;tempMin=10&amp;tempMax=30&quot;, expectedTempMin: 10, expectedTempMax: 30, expectedWindMin: null, expectedWindMax: null)" computerName="runnervmf4ws1" duration="00:00:00.0000240" startTime="2025-09-10T21:44:19.0781243+00:00" endTime="2025-09-10T21:44:19.0781244+00:00" testType="13cdc9d9-ddb5-4fa4-a97d-d965ccfc6d4b" outcome="Passed" testListId="8c84fa94-04c1-424b-9868-57a2d4851a1d" relativeResultsDirectory="ecb287bb-9576-4b6c-ac69-760c65ea8aed" />
    <UnitTestResult executionId="24605cd0-bc8d-491c-a2d8-dd47d2a77a50" testId="77c94a3a-bf51-e754-8b05-8ef3b5f32220" testName="BuckScience.Tests.DirectionHelperTests.FromFloat_ShouldReturnCorrectDirection(degrees: 270, expectedDirection: W)" computerName="runnervmf4ws1" duration="00:00:00.0000033" startTime="2025-09-10T21:44:19.0734101+00:00" endTime="2025-09-10T21:44:19.0734102+00:00" testType="13cdc9d9-ddb5-4fa4-a97d-d965ccfc6d4b" outcome="Passed" testListId="8c84fa94-04c1-424b-9868-57a2d4851a1d" relativeResultsDirectory="24605cd0-bc8d-491c-a2d8-dd47d2a77a50" />
    <UnitTestResult executionId="884a530b-cd9b-44ac-b2bf-8a7c2cfdeba5" testId="18fd69b0-d054-4b67-4fab-caa28c12efff" testName="BuckScience.Tests.TaggingSystemTests.GetOrCreateTag_ShouldBeCaseInsensitive" computerName="runnervmf4ws1" duration="00:00:00.0015677" startTime="2025-09-10T21:44:20.0796579+00:00" endTime="2025-09-10T21:44:20.0796581+00:00" testType="13cdc9d9-ddb5-4fa4-a97d-d965ccfc6d4b" outcome="Passed" testListId="8c84fa94-04c1-424b-9868-57a2d4851a1d" relativeResultsDirectory="884a530b-cd9b-44ac-b2bf-8a7c2cfdeba5" />
    <UnitTestResult executionId="9b49e03a-c36d-4ceb-80bc-70d2e25a9c3d" testId="fa4cc283-dfe0-de36-3d73-29ab1e351353" testName="BuckScience.Tests.Web.Helpers.WeatherHelpersTests.ConvertWindDirectionToText_VariousAngles_ReturnsCorrectDirection(degrees: 348.75, expected: &quot;N&quot;)" computerName="runnervmf4ws1" duration="00:00:00.0002399" startTime="2025-09-10T21:44:20.4658258+00:00" endTime="2025-09-10T21:44:20.4658259+00:00" testType="13cdc9d9-ddb5-4fa4-a97d-d965ccfc6d4b" outcome="Passed" testListId="8c84fa94-04c1-424b-9868-57a2d4851a1d" relativeResultsDirectory="9b49e03a-c36d-4ceb-80bc-70d2e25a9c3d" />
    <UnitTestResult executionId="f316205c-02b9-4efb-a651-e443eb51d373" testId="dc5b4323-69df-5b53-04b8-b2edd86e4211" testName="BuckScience.Tests.TagCleanupTests.RemoveTagFromPhotos_ShouldKeepTagAndPropertyTag_WhenUsedOnOtherProperties" computerName="runnervmf4ws1" duration="00:00:00.0417324" startTime="2025-09-10T21:44:20.3229172+00:00" endTime="2025-09-10T21:44:20.3229172+00:00" testType="13cdc9d9-ddb5-4fa4-a97d-d965ccfc6d4b" outcome="Passed" testListId="8c84fa94-04c1-424b-9868-57a2d4851a1d" relativeResultsDirectory="f316205c-02b9-4efb-a651-e443eb51d373" />
    <UnitTestResult executionId="5ce8a30c-48b2-4cf7-a973-ff572a848eb1" testId="89ecaa3a-044a-88b6-09ea-2d19af9e4614" testName="BuckScience.Tests.Domain.PropertyFeatureTests.Constructor_WithInvalidWeight_ThrowsArgumentOutOfRangeException(weight: -0.100000001)" computerName="runnervmf4ws1" duration="00:00:00.0000715" startTime="2025-09-10T21:44:20.2451781+00:00" endTime="2025-09-10T21:44:20.2451782+00:00" testType="13cdc9d9-ddb5-4fa4-a97d-d965ccfc6d4b" outcome="Passed" testListId="8c84fa94-04c1-424b-9868-57a2d4851a1d" relativeResultsDirectory="5ce8a30c-48b2-4cf7-a973-ff572a848eb1" />
    <UnitTestResult executionId="5575db40-26f8-4b7a-8438-367b8e068aff" testId="dd76f619-e962-2008-d0f8-a714bb3f5c46" testName="BuckScience.Tests.Web.Helpers.WeatherHelpersTests.GetWindDirectionOptions_WithNull_AllUnavailable" computerName="runnervmf4ws1" duration="00:00:00.0040159" startTime="2025-09-10T21:44:20.4599927+00:00" endTime="2025-09-10T21:44:20.4599928+00:00" testType="13cdc9d9-ddb5-4fa4-a97d-d965ccfc6d4b" outcome="Passed" testListId="8c84fa94-04c1-424b-9868-57a2d4851a1d" relativeResultsDirectory="5575db40-26f8-4b7a-8438-367b8e068aff" />
    <UnitTestResult executionId="c9c56a81-43b3-4be2-b380-c6957ba6e4e5" testId="2b9ecce3-1ede-532e-6e3c-66b19452e797" testName="BuckScience.Tests.Application.SeasonMonthMappingServiceTests.GetMonthsForPropertyAsync_WithNullProperty_ReturnsDefaultMonths" computerName="runnervmf4ws1" duration="00:00:00.0008310" startTime="2025-09-10T21:44:20.3964344+00:00" endTime="2025-09-10T21:44:20.3964345+00:00" testType="13cdc9d9-ddb5-4fa4-a97d-d965ccfc6d4b" outcome="Passed" testListId="8c84fa94-04c1-424b-9868-57a2d4851a1d" relativeResultsDirectory="c9c56a81-43b3-4be2-b380-c6957ba6e4e5" />
    <UnitTestResult executionId="6762af77-a83b-432d-894a-94977d9d6913" testId="6d7b3d93-71ec-c074-924a-c624993f0b1a" testName="BuckScience.Tests.CameraPlacementHistoryTests.CameraCreateVm_ShouldIncludeDirectionDegrees" computerName="runnervmf4ws1" duration="00:00:00.0001796" startTime="2025-09-10T21:44:20.3206912+00:00" endTime="2025-09-10T21:44:20.3206913+00:00" testType="13cdc9d9-ddb5-4fa4-a97d-d965ccfc6d4b" outcome="Passed" testListId="8c84fa94-04c1-424b-9868-57a2d4851a1d" relativeResultsDirectory="6762af77-a83b-432d-894a-94977d9d6913" />
    <UnitTestResult executionId="249116b2-d4c4-4549-95c9-8734daecc87f" testId="35d57337-18a5-4629-635a-b25a895ec8a2" testName="BuckScience.Tests.PhotoGroupingTests.CameraPhotoGrouping_ShouldGroupByMonthYear_Ascending" computerName="runnervmf4ws1" duration="00:00:00.0062769" startTime="2025-09-10T21:44:19.1020513+00:00" endTime="2025-09-10T21:44:19.1020515+00:00" testType="13cdc9d9-ddb5-4fa4-a97d-d965ccfc6d4b" outcome="Passed" testListId="8c84fa94-04c1-424b-9868-57a2d4851a1d" relativeResultsDirectory="249116b2-d4c4-4549-95c9-8734daecc87f" />
    <UnitTestResult executionId="f5b6ce18-aa13-4f4d-ae3a-d213359f46ad" testId="8bb24e9f-b033-fdc0-7830-bccb21534250" testName="BuckScience.Tests.DirectionHelperTests.GetAllDirections_ShouldReturnAllDirectionsWithCorrectData" computerName="runnervmf4ws1" duration="00:00:00.0083665" startTime="2025-09-10T21:44:19.0790709+00:00" endTime="2025-09-10T21:44:19.0790710+00:00" testType="13cdc9d9-ddb5-4fa4-a97d-d965ccfc6d4b" outcome="Passed" testListId="8c84fa94-04c1-424b-9868-57a2d4851a1d" relativeResultsDirectory="f5b6ce18-aa13-4f4d-ae3a-d213359f46ad" />
    <UnitTestResult executionId="f0a0d44d-8f03-4bd8-9d92-2534f858b0c1" testId="b2bd5000-3749-abcf-9228-2b95c005c687" testName="BuckScience.Tests.DirectionHelperTests.FromFloat_ShouldFindClosestDirection(degrees: 67, expectedDirection: NE)" computerName="runnervmf4ws1" duration="00:00:00.0000121" startTime="2025-09-10T21:44:19.0766828+00:00" endTime="2025-09-10T21:44:19.0766829+00:00" testType="13cdc9d9-ddb5-4fa4-a97d-d965ccfc6d4b" outcome="Passed" testListId="8c84fa94-04c1-424b-9868-57a2d4851a1d" relativeResultsDirectory="f0a0d44d-8f03-4bd8-9d92-2534f858b0c1" />
    <UnitTestResult executionId="a99b44e0-f7aa-44f6-9cc5-ede9f4eb0003" testId="f2ce22ba-4e0c-a11c-c657-a799ce863a26" testName="BuckScience.Tests.Web.Helpers.WeatherHelpersTests.ConvertMoonPhaseTextToNumeric_InvalidText_ReturnsNull(text: &quot;&quot;)" computerName="runnervmf4ws1" duration="00:00:00.0001459" startTime="2025-09-10T21:44:20.4932708+00:00" endTime="2025-09-10T21:44:20.4932708+00:00" testType="13cdc9d9-ddb5-4fa4-a97d-d965ccfc6d4b" outcome="Passed" testListId="8c84fa94-04c1-424b-9868-57a2d4851a1d" relativeResultsDirectory="a99b44e0-f7aa-44f6-9cc5-ede9f4eb0003" />
    <UnitTestResult executionId="22d6c505-d0db-4d53-b76a-ae67f7700451" testId="072094bf-9963-158f-becb-8dd6d4e2c76c" testName="BuckScience.Tests.Application.SeasonMonthMappingServiceTests.GetMonthsForPropertyAsync_WithoutOverrides_ReturnsCorrectDefaults(season: YearRound, expectedMonths: [1, 2, 3, 4, 5, ...])" computerName="runnervmf4ws1" duration="00:00:00.0007074" startTime="2025-09-10T21:44:20.2658767+00:00" endTime="2025-09-10T21:44:20.2658768+00:00" testType="13cdc9d9-ddb5-4fa4-a97d-d965ccfc6d4b" outcome="Passed" testListId="8c84fa94-04c1-424b-9868-57a2d4851a1d" relativeResultsDirectory="22d6c505-d0db-4d53-b76a-ae67f7700451" />
    <UnitTestResult executionId="0c11d0d2-399f-4ef1-af75-4114e9c32c83" testId="5586d107-f84a-20c0-07c2-a380e15c327c" testName="BuckScience.Tests.Domain.FeatureWeightTests.FeatureWeight_NullSeasonalWeights_ReturnsNullFromGetter" computerName="runnervmf4ws1" duration="00:00:00.0001767" startTime="2025-09-10T21:44:20.2329767+00:00" endTime="2025-09-10T21:44:20.2329768+00:00" testType="13cdc9d9-ddb5-4fa4-a97d-d965ccfc6d4b" outcome="Passed" testListId="8c84fa94-04c1-424b-9868-57a2d4851a1d" relativeResultsDirectory="0c11d0d2-399f-4ef1-af75-4114e9c32c83" />
    <UnitTestResult executionId="108a4f88-689f-4e26-b7c3-ff91750f9a0e" testId="d269bbab-e11e-9189-e523-cf92a42762f7" testName="BuckScience.Tests.DirectionHelperTests.FromFloat_ShouldReturnCorrectDirection(degrees: 315, expectedDirection: NW)" computerName="runnervmf4ws1" duration="00:00:00.0000045" startTime="2025-09-10T21:44:19.0568251+00:00" endTime="2025-09-10T21:44:19.0568252+00:00" testType="13cdc9d9-ddb5-4fa4-a97d-d965ccfc6d4b" outcome="Passed" testListId="8c84fa94-04c1-424b-9868-57a2d4851a1d" relativeResultsDirectory="108a4f88-689f-4e26-b7c3-ff91750f9a0e" />
    <UnitTestResult executionId="e5b28436-0ca6-4f0f-a68b-7260512770e4" testId="46a7f553-bbcf-0c84-0101-71d2924c06c9" testName="BuckScience.Tests.TaggingIntegrationTests.EndToEndTaggingWorkflow_ShouldWorkCorrectly" computerName="runnervmf4ws1" duration="00:00:00.0579009" startTime="2025-09-10T21:44:20.4995137+00:00" endTime="2025-09-10T21:44:20.4995138+00:00" testType="13cdc9d9-ddb5-4fa4-a97d-d965ccfc6d4b" outcome="Passed" testListId="8c84fa94-04c1-424b-9868-57a2d4851a1d" relativeResultsDirectory="e5b28436-0ca6-4f0f-a68b-7260512770e4" />
    <UnitTestResult executionId="dbde0d77-d0ee-40b1-b104-5254627b96ab" testId="9660e9b2-80f8-e700-08d8-e0b7717e9f85" testName="BuckScience.Tests.Domain.PropertyFeatureTests.Constructor_WithoutWeight_SetsWeightToNull" computerName="runnervmf4ws1" duration="00:00:00.0003431" startTime="2025-09-10T21:44:20.2414416+00:00" endTime="2025-09-10T21:44:20.2414416+00:00" testType="13cdc9d9-ddb5-4fa4-a97d-d965ccfc6d4b" outcome="Passed" testListId="8c84fa94-04c1-424b-9868-57a2d4851a1d" relativeResultsDirectory="dbde0d77-d0ee-40b1-b104-5254627b96ab" />
    <UnitTestResult executionId="98a2b320-6fbf-4ab6-9ffe-ad6e334981e3" testId="df8d3f6f-dec6-fe48-30b1-4504bb2aa651" testName="BuckScience.Tests.Web.Helpers.WeatherHelpersTests.ConvertWindDirectionTextToNumeric_ValidDirections_ReturnsCorrectDegrees(direction: &quot;NE&quot;, expected: 45)" computerName="runnervmf4ws1" duration="00:00:00.0000052" startTime="2025-09-10T21:44:20.4914399+00:00" endTime="2025-09-10T21:44:20.4914400+00:00" testType="13cdc9d9-ddb5-4fa4-a97d-d965ccfc6d4b" outcome="Passed" testListId="8c84fa94-04c1-424b-9868-57a2d4851a1d" relativeResultsDirectory="98a2b320-6fbf-4ab6-9ffe-ad6e334981e3" />
    <UnitTestResult executionId="246a411f-f124-486b-9232-57275ec85e58" testId="f950f79e-ba5e-b1e8-b4c0-7c88acd39e8b" testName="BuckScience.Tests.CameraCreateVmTests.CameraCreateVm_DirectionSync_ShouldWorkForAllDirections(direction: SE, expectedDegrees: 135)" computerName="runnervmf4ws1" duration="00:00:00.0002818" startTime="2025-09-10T21:44:20.1869732+00:00" endTime="2025-09-10T21:44:20.1869732+00:00" testType="13cdc9d9-ddb5-4fa4-a97d-d965ccfc6d4b" outcome="Passed" testListId="8c84fa94-04c1-424b-9868-57a2d4851a1d" relativeResultsDirectory="246a411f-f124-486b-9232-57275ec85e58" />
    <UnitTestResult executionId="809e1eba-c18f-4970-a1b9-4c738c4e815a" testId="396d4f9b-ac51-22fa-04b5-9956711699f1" testName="BuckScience.Tests.Web.Helpers.WeatherHelpersTests.ConvertWindDirectionToText_VariousAngles_ReturnsCorrectDirection(degrees: 360, expected: &quot;N&quot;)" computerName="runnervmf4ws1" duration="00:00:00.0000039" startTime="2025-09-10T21:44:20.4668128+00:00" endTime="2025-09-10T21:44:20.4668129+00:00" testType="13cdc9d9-ddb5-4fa4-a97d-d965ccfc6d4b" outcome="Passed" testListId="8c84fa94-04c1-424b-9868-57a2d4851a1d" relativeResultsDirectory="809e1eba-c18f-4970-a1b9-4c738c4e815a" />
    <UnitTestResult executionId="ccef6be6-4f17-4997-a038-415df4952e97" testId="4bbe555c-8fb0-44dc-18a4-86549d9ecd64" testName="BuckScience.Tests.DirectionHelperTests.FromFloat_ShouldFindClosestDirection(degrees: -15, expectedDirection: NW)" computerName="runnervmf4ws1" duration="00:00:00.0000071" startTime="2025-09-10T21:44:19.0767931+00:00" endTime="2025-09-10T21:44:19.0767932+00:00" testType="13cdc9d9-ddb5-4fa4-a97d-d965ccfc6d4b" outcome="Passed" testListId="8c84fa94-04c1-424b-9868-57a2d4851a1d" relativeResultsDirectory="ccef6be6-4f17-4997-a038-415df4952e97" />
    <UnitTestResult executionId="f005bb5e-88f0-4ddf-bc74-50f23e6279cc" testId="9e5e4569-9acc-0235-4e91-ee81d67e124e" testName="BuckScience.Tests.PhotoPlacementHistoryTests.Photo_WithPlacementHistory_ShouldAssociateCorrectly" computerName="runnervmf4ws1" duration="00:00:00.0002208" startTime="2025-09-10T21:44:20.2077284+00:00" endTime="2025-09-10T21:44:20.2077285+00:00" testType="13cdc9d9-ddb5-4fa4-a97d-d965ccfc6d4b" outcome="Passed" testListId="8c84fa94-04c1-424b-9868-57a2d4851a1d" relativeResultsDirectory="f005bb5e-88f0-4ddf-bc74-50f23e6279cc" />
    <UnitTestResult executionId="c47e6510-35c5-4be6-bf39-8a5da66331b8" testId="24c340fb-d377-9a86-7f7b-24671f6c604a" testName="BuckScience.Tests.UnitTest1.Test1" computerName="runnervmf4ws1" duration="00:00:00.0010539" startTime="2025-09-10T21:44:20.1854280+00:00" endTime="2025-09-10T21:44:20.1854281+00:00" testType="13cdc9d9-ddb5-4fa4-a97d-d965ccfc6d4b" outcome="Passed" testListId="8c84fa94-04c1-424b-9868-57a2d4851a1d" relativeResultsDirectory="c47e6510-35c5-4be6-bf39-8a5da66331b8" />
    <UnitTestResult executionId="15a69493-a691-4e39-86e5-7f8ca17f6170" testId="878dbf6d-4718-3010-2956-9a909a749d2f" testName="BuckScience.Tests.PhotoFilteringComprehensiveTests.PhotoFilters_EdgeCases_HandleCorrectly" computerName="runnervmf4ws1" duration="00:00:00.0005033" startTime="2025-09-10T21:44:20.1989600+00:00" endTime="2025-09-10T21:44:20.1989601+00:00" testType="13cdc9d9-ddb5-4fa4-a97d-d965ccfc6d4b" outcome="Passed" testListId="8c84fa94-04c1-424b-9868-57a2d4851a1d" relativeResultsDirectory="15a69493-a691-4e39-86e5-7f8ca17f6170" />
    <UnitTestResult executionId="1fe358a2-385d-42cb-a542-13747fee3539" testId="356cc39e-f096-9eaf-df3c-a4d73a8c57b9" testName="BuckScience.Tests.Domain.PropertySeasonMonthsOverrideTests.PropertySeasonMonthsOverride_MonthsJson_SerializesCorrectly" computerName="runnervmf4ws1" duration="00:00:00.0002084" startTime="2025-09-10T21:44:20.3590161+00:00" endTime="2025-09-10T21:44:20.3590162+00:00" testType="13cdc9d9-ddb5-4fa4-a97d-d965ccfc6d4b" outcome="Passed" testListId="8c84fa94-04c1-424b-9868-57a2d4851a1d" relativeResultsDirectory="1fe358a2-385d-42cb-a542-13747fee3539" />
    <UnitTestResult executionId="0fcd352b-9b76-445e-a6b1-2c3c3f5a40ce" testId="aac2053d-c1f1-3ae9-c811-84c25975dded" testName="BuckScience.Tests.TaggingIntegrationTests.CreateProperty_ShouldAutoAssignDefaultTags" computerName="runnervmf4ws1" duration="00:00:00.0072664" startTime="2025-09-10T21:44:20.5089389+00:00" endTime="2025-09-10T21:44:20.5089390+00:00" testType="13cdc9d9-ddb5-4fa4-a97d-d965ccfc6d4b" outcome="Passed" testListId="8c84fa94-04c1-424b-9868-57a2d4851a1d" relativeResultsDirectory="0fcd352b-9b76-445e-a6b1-2c3c3f5a40ce" />
    <UnitTestResult executionId="b8b7f496-f5ae-4a8b-9139-710bc59101e4" testId="a1855258-2f38-7695-fb75-dcfca8f4ee44" testName="BuckScience.Tests.PhotoFilteringIntegrationTests.BuildFilters_WithTemperatureRange_ReturnsFiltersWithTemperature" computerName="runnervmf4ws1" duration="00:00:00.0003256" startTime="2025-09-10T21:44:20.4393345+00:00" endTime="2025-09-10T21:44:20.4393346+00:00" testType="13cdc9d9-ddb5-4fa4-a97d-d965ccfc6d4b" outcome="Passed" testListId="8c84fa94-04c1-424b-9868-57a2d4851a1d" relativeResultsDirectory="b8b7f496-f5ae-4a8b-9139-710bc59101e4" />
    <UnitTestResult executionId="799f332d-d2f5-49aa-a103-6e4098d2683f" testId="49d22b5a-8a11-c5d8-4359-de2ffd90b380" testName="BuckScience.Tests.Application.FeatureWeights.UpdateDefaultFeatureWeightsTests.UpdateDefaultFeatureWeights_ValidatesWeightRange" computerName="runnervmf4ws1" duration="00:00:00.0111600" startTime="2025-09-10T21:44:20.3213792+00:00" endTime="2025-09-10T21:44:20.3213793+00:00" testType="13cdc9d9-ddb5-4fa4-a97d-d965ccfc6d4b" outcome="Passed" testListId="8c84fa94-04c1-424b-9868-57a2d4851a1d" relativeResultsDirectory="799f332d-d2f5-49aa-a103-6e4098d2683f" />
    <UnitTestResult executionId="f341851b-c87a-433b-9e39-23f34044225d" testId="99b19fe9-9646-fec1-29a0-b1e5f49baebb" testName="BuckScience.Tests.Domain.PropertyFeatureTests.SetWeight_WithInvalidWeight_ThrowsArgumentOutOfRangeException(weight: 1.10000002)" computerName="runnervmf4ws1" duration="00:00:00.0002682" startTime="2025-09-10T21:44:20.2428748+00:00" endTime="2025-09-10T21:44:20.2428748+00:00" testType="13cdc9d9-ddb5-4fa4-a97d-d965ccfc6d4b" outcome="Passed" testListId="8c84fa94-04c1-424b-9868-57a2d4851a1d" relativeResultsDirectory="f341851b-c87a-433b-9e39-23f34044225d" />
    <UnitTestResult executionId="5cf60722-b21b-4204-bcff-ac5b78dc41c9" testId="510de9dc-e90e-bdb2-662b-4a218168ebca" testName="BuckScience.Tests.DirectionHelperTests.FromFloat_ShouldReturnCorrectDirection(degrees: 180, expectedDirection: S)" computerName="runnervmf4ws1" duration="00:00:00.0002487" startTime="2025-09-10T21:44:19.0565931+00:00" endTime="2025-09-10T21:44:19.0565932+00:00" testType="13cdc9d9-ddb5-4fa4-a97d-d965ccfc6d4b" outcome="Passed" testListId="8c84fa94-04c1-424b-9868-57a2d4851a1d" relativeResultsDirectory="5cf60722-b21b-4204-bcff-ac5b78dc41c9" />
    <UnitTestResult executionId="91d1c1ce-6914-4ce9-984f-79d315453ebb" testId="e59ff618-3ced-6a2f-d01c-20262e337085" testName="BuckScience.Tests.DirectionHelperTests.FromFloat_ShouldFindClosestDirection(degrees: 68, expectedDirection: E)" computerName="runnervmf4ws1" duration="00:00:00.0000074" startTime="2025-09-10T21:44:19.0769034+00:00" endTime="2025-09-10T21:44:19.0769034+00:00" testType="13cdc9d9-ddb5-4fa4-a97d-d965ccfc6d4b" outcome="Passed" testListId="8c84fa94-04c1-424b-9868-57a2d4851a1d" relativeResultsDirectory="91d1c1ce-6914-4ce9-984f-79d315453ebb" />
    <UnitTestResult executionId="56d3db43-3c91-4ecf-a73f-d8c13cfd3f99" testId="e9f8fc86-f5b4-af50-fd5d-96735f013b0a" testName="BuckScience.Tests.PhotoUploadIntegrationTests.PhotoUpload_WithCameraPlacement_ShouldAssociatePlacementHistory" computerName="runnervmf4ws1" duration="00:00:00.0003397" startTime="2025-09-10T21:44:20.1923262+00:00" endTime="2025-09-10T21:44:20.1923263+00:00" testType="13cdc9d9-ddb5-4fa4-a97d-d965ccfc6d4b" outcome="Passed" testListId="8c84fa94-04c1-424b-9868-57a2d4851a1d" relativeResultsDirectory="56d3db43-3c91-4ecf-a73f-d8c13cfd3f99" />
    <UnitTestResult executionId="0c913ebf-aa7a-4ea0-b121-b4b1e52770ad" testId="10354eb4-4c14-dba7-068b-24dcfb475d53" testName="BuckScience.Tests.DirectionHelperTests.FromFloat_ShouldFindClosestDirection(degrees: 360, expectedDirection: N)" computerName="runnervmf4ws1" duration="00:00:00.0000087" startTime="2025-09-10T21:44:19.0767388+00:00" endTime="2025-09-10T21:44:19.0767389+00:00" testType="13cdc9d9-ddb5-4fa4-a97d-d965ccfc6d4b" outcome="Passed" testListId="8c84fa94-04c1-424b-9868-57a2d4851a1d" relativeResultsDirectory="0c913ebf-aa7a-4ea0-b121-b4b1e52770ad" />
    <UnitTestResult executionId="b91df9b2-e5e7-4a8d-ab74-1599ce64a349" testId="69b65817-cd82-0a96-5e68-ab587e27eb95" testName="BuckScience.Tests.PhotoFilteringUrlExamples.BuildFilters_UrlParameters_ShouldParseCorrectly(urlParams: &quot;tempMin=20&quot;, expectedTempMin: 20, expectedTempMax: null, expectedWindMin: null, expectedWindMax: null)" computerName="runnervmf4ws1" duration="00:00:00.0026957" startTime="2025-09-10T21:44:19.0779512+00:00" endTime="2025-09-10T21:44:19.0779513+00:00" testType="13cdc9d9-ddb5-4fa4-a97d-d965ccfc6d4b" outcome="Passed" testListId="8c84fa94-04c1-424b-9868-57a2d4851a1d" relativeResultsDirectory="b91df9b2-e5e7-4a8d-ab74-1599ce64a349" />
    <UnitTestResult executionId="d9f1f587-6ad1-44d2-bf7f-34724161ffa0" testId="ccc07dc4-5c65-0922-771d-b881981eeb94" testName="BuckScience.Tests.PhotoPlacementHistoryTests.Photo_SetCameraPlacementHistory_ShouldAllowNull" computerName="runnervmf4ws1" duration="00:00:00.0002014" startTime="2025-09-10T21:44:20.2020977+00:00" endTime="2025-09-10T21:44:20.2020978+00:00" testType="13cdc9d9-ddb5-4fa4-a97d-d965ccfc6d4b" outcome="Passed" testListId="8c84fa94-04c1-424b-9868-57a2d4851a1d" relativeResultsDirectory="d9f1f587-6ad1-44d2-bf7f-34724161ffa0" />
    <UnitTestResult executionId="ca671984-9455-442a-9022-40e6862582d5" testId="f8565019-7e1a-d4d3-b349-7121ac8fabab" testName="BuckScience.Tests.Application.FeatureWeights.GetFeatureWeightsDateResolutionTests.HandleAsync_WithDate_DefaultMappings_ResolvesExpectedPrimarySeason(month: 11, expectedPrimarySeason: Rut)" computerName="runnervmf4ws1" duration="00:00:00.0021402" startTime="2025-09-10T21:44:20.4598741+00:00" endTime="2025-09-10T21:44:20.4598742+00:00" testType="13cdc9d9-ddb5-4fa4-a97d-d965ccfc6d4b" outcome="Passed" testListId="8c84fa94-04c1-424b-9868-57a2d4851a1d" relativeResultsDirectory="ca671984-9455-442a-9022-40e6862582d5" />
    <UnitTestResult executionId="84d63cb1-9bf6-4b19-9389-e5a1335acbb4" testId="615647ea-1f6e-f46b-032e-269c67342efc" testName="BuckScience.Tests.Domain.MonthsAttributeTests.MonthsAttribute_Constructor_WithSingleMonth_SetsMonthCorrectly" computerName="runnervmf4ws1" duration="00:00:00.0002183" startTime="2025-09-10T21:44:20.2364542+00:00" endTime="2025-09-10T21:44:20.2364543+00:00" testType="13cdc9d9-ddb5-4fa4-a97d-d965ccfc6d4b" outcome="Passed" testListId="8c84fa94-04c1-424b-9868-57a2d4851a1d" relativeResultsDirectory="84d63cb1-9bf6-4b19-9389-e5a1335acbb4" />
    <UnitTestResult executionId="ca659be3-7b8b-4d06-8958-065d63abfb36" testId="8106ff23-bb8f-04f9-7754-208ee15e0e54" testName="BuckScience.Tests.Domain.PropertySeasonMonthsOverrideTests.PropertySeasonMonthsOverride_Constructor_WithInvalidPropertyId_ThrowsArgumentOutOfRangeException(invalidPropertyId: 0)" computerName="runnervmf4ws1" duration="00:00:00.0006141" startTime="2025-09-10T21:44:20.3394029+00:00" endTime="2025-09-10T21:44:20.3394030+00:00" testType="13cdc9d9-ddb5-4fa4-a97d-d965ccfc6d4b" outcome="Passed" testListId="8c84fa94-04c1-424b-9868-57a2d4851a1d" relativeResultsDirectory="ca659be3-7b8b-4d06-8958-065d63abfb36" />
    <UnitTestResult executionId="13882feb-005a-4205-aabc-c50424edc096" testId="c5847a99-4505-c2ed-d54d-fc269a080b27" testName="BuckScience.Tests.Web.Helpers.WeatherHelpersTests.ConvertMoonPhaseToText_VariousValues_ReturnsCorrectText(phase: 1, expected: &quot;New Moon&quot;)" computerName="runnervmf4ws1" duration="00:00:00.0000099" startTime="2025-09-10T21:44:20.4641439+00:00" endTime="2025-09-10T21:44:20.4641439+00:00" testType="13cdc9d9-ddb5-4fa4-a97d-d965ccfc6d4b" outcome="Passed" testListId="8c84fa94-04c1-424b-9868-57a2d4851a1d" relativeResultsDirectory="13882feb-005a-4205-aabc-c50424edc096" />
    <UnitTestResult executionId="ead34f80-a98e-4358-a8a4-7cb4466244d6" testId="5c035d64-72fa-5f12-cc21-1e89e4c3e9b9" testName="BuckScience.Tests.Domain.PropertyFeatureTests.Constructor_AllParameters_SetsAllPropertiesCorrectly" computerName="runnervmf4ws1" duration="00:00:00.0012264" startTime="2025-09-10T21:44:20.2463056+00:00" endTime="2025-09-10T21:44:20.2463057+00:00" testType="13cdc9d9-ddb5-4fa4-a97d-d965ccfc6d4b" outcome="Passed" testListId="8c84fa94-04c1-424b-9868-57a2d4851a1d" relativeResultsDirectory="ead34f80-a98e-4358-a8a4-7cb4466244d6" />
    <UnitTestResult executionId="c845c9b5-96ce-4e15-aaae-ad317b6fd65e" testId="9323afa7-c6a5-6a33-bb74-8f4b3b4998d0" testName="BuckScience.Tests.Web.Helpers.WeatherHelpersTests.ConvertWindDirectionToText_VariousAngles_ReturnsCorrectDirection(degrees: 33.740000000000002, expected: &quot;NNE&quot;)" computerName="runnervmf4ws1" duration="00:00:00.0000061" startTime="2025-09-10T21:44:20.4893207+00:00" endTime="2025-09-10T21:44:20.4893207+00:00" testType="13cdc9d9-ddb5-4fa4-a97d-d965ccfc6d4b" outcome="Passed" testListId="8c84fa94-04c1-424b-9868-57a2d4851a1d" relativeResultsDirectory="c845c9b5-96ce-4e15-aaae-ad317b6fd65e" />
    <UnitTestResult executionId="cb0b90c0-84bd-4011-88d1-fe3c2419d3e6" testId="5fc7d131-6de1-7ffe-375b-8ea28a5dbcb8" testName="BuckScience.Tests.TaggingSystemTests.SetAsDefaultTag_ShouldSetTagAsDefault" computerName="runnervmf4ws1" duration="00:00:00.0001441" startTime="2025-09-10T21:44:20.0957958+00:00" endTime="2025-09-10T21:44:20.0957959+00:00" testType="13cdc9d9-ddb5-4fa4-a97d-d965ccfc6d4b" outcome="Passed" testListId="8c84fa94-04c1-424b-9868-57a2d4851a1d" relativeResultsDirectory="cb0b90c0-84bd-4011-88d1-fe3c2419d3e6" />
    <UnitTestResult executionId="1c397c45-c0c5-4221-9b2b-a2c5dd8ab49f" testId="973ec4a4-75bf-519b-ad67-04ada4756976" testName="BuckScience.Tests.DirectionHelperTests.FromFloat_ShouldFindClosestDirection(degrees: 22, expectedDirection: N)" computerName="runnervmf4ws1" duration="00:00:00.0001090" startTime="2025-09-10T21:44:19.0765638+00:00" endTime="2025-09-10T21:44:19.0765639+00:00" testType="13cdc9d9-ddb5-4fa4-a97d-d965ccfc6d4b" outcome="Passed" testListId="8c84fa94-04c1-424b-9868-57a2d4851a1d" relativeResultsDirectory="1c397c45-c0c5-4221-9b2b-a2c5dd8ab49f" />
    <UnitTestResult executionId="1c1ab358-f6ea-4aef-841c-3f37330d7d74" testId="fb8ea106-f542-3a06-bc35-d8f4e171c2a2" testName="BuckScience.Tests.Web.Helpers.WeatherHelpersTests.ConvertMoonPhaseTextToNumeric_ValidText_ReturnsCorrectValue(text: &quot;Waning Gibbous&quot;, expected: 0.625)" computerName="runnervmf4ws1" duration="00:00:00.0000090" startTime="2025-09-10T21:44:20.4924706+00:00" endTime="2025-09-10T21:44:20.4924706+00:00" testType="13cdc9d9-ddb5-4fa4-a97d-d965ccfc6d4b" outcome="Passed" testListId="8c84fa94-04c1-424b-9868-57a2d4851a1d" relativeResultsDirectory="1c1ab358-f6ea-4aef-841c-3f37330d7d74" />
    <UnitTestResult executionId="bc5da19c-9bac-4ae4-9cae-12469eb9cd96" testId="d23e84fd-71f4-7bce-d8fe-1741eb8da08e" testName="BuckScience.Tests.PhotoFilteringComprehensiveTests.PropertyPhotosVm_WithoutFilters_CorrectProperties" computerName="runnervmf4ws1" duration="00:00:00.0003309" startTime="2025-09-10T21:44:20.1987295+00:00" endTime="2025-09-10T21:44:20.1987296+00:00" testType="13cdc9d9-ddb5-4fa4-a97d-d965ccfc6d4b" outcome="Passed" testListId="8c84fa94-04c1-424b-9868-57a2d4851a1d" relativeResultsDirectory="bc5da19c-9bac-4ae4-9cae-12469eb9cd96" />
    <UnitTestResult executionId="dde4ed3d-1104-4188-826a-166f9196e37e" testId="fa20158d-fb5e-8e7a-f1da-aa0a1eb9ba5a" testName="BuckScience.Tests.PhotoGroupingTests.CameraPhotoGrouping_ShouldGroupByMonthYear" computerName="runnervmf4ws1" duration="00:00:00.0012049" startTime="2025-09-10T21:44:19.1049566+00:00" endTime="2025-09-10T21:44:19.1049567+00:00" testType="13cdc9d9-ddb5-4fa4-a97d-d965ccfc6d4b" outcome="Passed" testListId="8c84fa94-04c1-424b-9868-57a2d4851a1d" relativeResultsDirectory="dde4ed3d-1104-4188-826a-166f9196e37e" />
    <UnitTestResult executionId="b9a6e641-f346-4cbe-898d-8a8dd1cd3be3" testId="386e0330-7309-7b37-24f5-0984d80d3723" testName="BuckScience.Tests.CameraCreateVmTests.CameraCreateVm_DirectionSync_ShouldWorkForAllDirections(direction: SW, expectedDegrees: 225)" computerName="runnervmf4ws1" duration="00:00:00.0000066" startTime="2025-09-10T21:44:20.1877643+00:00" endTime="2025-09-10T21:44:20.1877644+00:00" testType="13cdc9d9-ddb5-4fa4-a97d-d965ccfc6d4b" outcome="Passed" testListId="8c84fa94-04c1-424b-9868-57a2d4851a1d" relativeResultsDirectory="b9a6e641-f346-4cbe-898d-8a8dd1cd3be3" />
    <UnitTestResult executionId="31d68bf6-a569-468b-8f22-098df262ae33" testId="d1c2a2fd-4568-2e97-946f-7480ea03bef1" testName="BuckScience.Tests.FeatureHelperTests.GetFeatureName_ShouldReturnCorrectDisplayNames" computerName="runnervmf4ws1" duration="00:00:00.0002921" startTime="2025-09-10T21:44:20.1816902+00:00" endTime="2025-09-10T21:44:20.1816903+00:00" testType="13cdc9d9-ddb5-4fa4-a97d-d965ccfc6d4b" outcome="Passed" testListId="8c84fa94-04c1-424b-9868-57a2d4851a1d" relativeResultsDirectory="31d68bf6-a569-468b-8f22-098df262ae33" />
    <UnitTestResult executionId="89e87085-3f18-4df1-a0ab-d5577fd198cb" testId="6c5bb03b-3d70-308f-aed5-443e0f2530e1" testName="BuckScience.Tests.Web.Helpers.WeatherHelpersTests.WindDirectionOption_Properties_Work" computerName="runnervmf4ws1" duration="00:00:00.0002906" startTime="2025-09-10T21:44:20.4945500+00:00" endTime="2025-09-10T21:44:20.4945500+00:00" testType="13cdc9d9-ddb5-4fa4-a97d-d965ccfc6d4b" outcome="Passed" testListId="8c84fa94-04c1-424b-9868-57a2d4851a1d" relativeResultsDirectory="89e87085-3f18-4df1-a0ab-d5577fd198cb" />
    <UnitTestResult executionId="092e1a97-10ab-4481-b41f-c927b783c080" testId="d85c6fd3-7663-9ff2-9595-f7d77c06aa38" testName="BuckScience.Tests.Application.PropertyFeatureApplicationTests.UpdatePropertyFeature_WithNullWeight_SetsWeightToNull" computerName="runnervmf4ws1" duration="00:00:00.0028787" startTime="2025-09-10T21:44:20.2772681+00:00" endTime="2025-09-10T21:44:20.2772682+00:00" testType="13cdc9d9-ddb5-4fa4-a97d-d965ccfc6d4b" outcome="Passed" testListId="8c84fa94-04c1-424b-9868-57a2d4851a1d" relativeResultsDirectory="092e1a97-10ab-4481-b41f-c927b783c080" />
    <UnitTestResult executionId="63d24898-012f-4bd4-9803-defd0e4b71ca" testId="2e93bee1-fb36-0850-7490-5577524da5c2" testName="BuckScience.Tests.Domain.PropertySeasonMonthsOverrideTests.PropertySeasonMonthsOverride_Constructor_WithInvalidMonths_ThrowsArgumentOutOfRangeException(invalidMonths: [0])" computerName="runnervmf4ws1" duration="00:00:00.0000621" startTime="2025-09-10T21:44:20.3579334+00:00" endTime="2025-09-10T21:44:20.3579335+00:00" testType="13cdc9d9-ddb5-4fa4-a97d-d965ccfc6d4b" outcome="Passed" testListId="8c84fa94-04c1-424b-9868-57a2d4851a1d" relativeResultsDirectory="63d24898-012f-4bd4-9803-defd0e4b71ca" />
    <UnitTestResult executionId="31e94818-fc39-490f-aec9-e12be56176c7" testId="f4c9aa46-811a-389b-d744-72a428dee7d2" testName="BuckScience.Tests.TaggingSystemTests.GetOrCreateTag_ShouldReturnExistingTag_WhenTagExists" computerName="runnervmf4ws1" duration="00:00:00.0016306" startTime="2025-09-10T21:44:20.0738167+00:00" endTime="2025-09-10T21:44:20.0738169+00:00" testType="13cdc9d9-ddb5-4fa4-a97d-d965ccfc6d4b" outcome="Passed" testListId="8c84fa94-04c1-424b-9868-57a2d4851a1d" relativeResultsDirectory="31e94818-fc39-490f-aec9-e12be56176c7" />
    <UnitTestResult executionId="724b736d-d1f1-4a46-87c5-4cfb98896453" testId="6219abff-caed-b73f-a3a3-a932c37fd5fb" testName="BuckScience.Tests.TaggingSystemTests.GetOrCreateTag_ShouldThrowException_WhenTagNameIsInvalid(invalidTagName: &quot;   &quot;)" computerName="runnervmf4ws1" duration="00:00:00.0002080" startTime="2025-09-10T21:44:20.0780357+00:00" endTime="2025-09-10T21:44:20.0780358+00:00" testType="13cdc9d9-ddb5-4fa4-a97d-d965ccfc6d4b" outcome="Passed" testListId="8c84fa94-04c1-424b-9868-57a2d4851a1d" relativeResultsDirectory="724b736d-d1f1-4a46-87c5-4cfb98896453" />
    <UnitTestResult executionId="1a96475d-e03f-44e6-87b7-1e08de904e92" testId="e7cf9e58-42dd-8f47-eefc-754488b66343" testName="BuckScience.Tests.Domain.PropertySeasonMonthsOverrideTests.PropertySeasonMonthsOverride_SetMonths_WithInvalidMonths_ThrowsArgumentOutOfRangeException(invalidMonths: [0])" computerName="runnervmf4ws1" duration="00:00:00.0000677" startTime="2025-09-10T21:44:20.3582787+00:00" endTime="2025-09-10T21:44:20.3582980+00:00" testType="13cdc9d9-ddb5-4fa4-a97d-d965ccfc6d4b" outcome="Passed" testListId="8c84fa94-04c1-424b-9868-57a2d4851a1d" relativeResultsDirectory="1a96475d-e03f-44e6-87b7-1e08de904e92" />
    <UnitTestResult executionId="5c1202f9-b7c6-40fa-af1a-b296e40d6a31" testId="83f86451-fb52-b95e-1b52-9f97603c1dd2" testName="BuckScience.Tests.Application.SeasonMonthMappingServiceTests.HybridLogic_FallsBackToDefaults_WhenOverrideIsInvalid" computerName="runnervmf4ws1" duration="00:00:00.0035416" startTime="2025-09-10T21:44:20.3374164+00:00" endTime="2025-09-10T21:44:20.3374165+00:00" testType="13cdc9d9-ddb5-4fa4-a97d-d965ccfc6d4b" outcome="Passed" testListId="8c84fa94-04c1-424b-9868-57a2d4851a1d" relativeResultsDirectory="5c1202f9-b7c6-40fa-af1a-b296e40d6a31" />
    <UnitTestResult executionId="212e977c-8138-4f61-b3ff-0ac0b060230b" testId="f2c9e096-86d1-9457-0421-5a040989da55" testName="BuckScience.Tests.PhotoUploadIntegrationTests.PhotoUpload_WithoutCameraPlacement_ShouldHaveNullPlacementHistory" computerName="runnervmf4ws1" duration="00:00:00.0019783" startTime="2025-09-10T21:44:20.1886028+00:00" endTime="2025-09-10T21:44:20.1886029+00:00" testType="13cdc9d9-ddb5-4fa4-a97d-d965ccfc6d4b" outcome="Passed" testListId="8c84fa94-04c1-424b-9868-57a2d4851a1d" relativeResultsDirectory="212e977c-8138-4f61-b3ff-0ac0b060230b" />
    <UnitTestResult executionId="4336d133-7c94-4527-9e5b-e71e7d9f1f2a" testId="0df754ab-3374-deab-a269-326e3752e38a" testName="BuckScience.Tests.Domain.FeatureWeightTests.FeatureWeightHelper_GetCategory_ReturnsCorrectCategory(type: BeddingArea, expectedCategory: ResourceBedding)" computerName="runnervmf4ws1" duration="00:00:00.0003382" startTime="2025-09-10T21:44:20.2048960+00:00" endTime="2025-09-10T21:44:20.2048961+00:00" testType="13cdc9d9-ddb5-4fa4-a97d-d965ccfc6d4b" outcome="Passed" testListId="8c84fa94-04c1-424b-9868-57a2d4851a1d" relativeResultsDirectory="4336d133-7c94-4527-9e5b-e71e7d9f1f2a" />
    <UnitTestResult executionId="7f28d815-0e31-42d3-8c6a-396f1105cb33" testId="310112f5-4d07-717c-55f6-37a269d700ab" testName="BuckScience.Tests.Web.Helpers.WeatherHelpersTests.ConvertWindDirectionToText_VariousAngles_ReturnsCorrectDirection(degrees: 315, expected: &quot;NW&quot;)" computerName="runnervmf4ws1" duration="00:00:00.0000051" startTime="2025-09-10T21:44:20.4669276+00:00" endTime="2025-09-10T21:44:20.4669277+00:00" testType="13cdc9d9-ddb5-4fa4-a97d-d965ccfc6d4b" outcome="Passed" testListId="8c84fa94-04c1-424b-9868-57a2d4851a1d" relativeResultsDirectory="7f28d815-0e31-42d3-8c6a-396f1105cb33" />
    <UnitTestResult executionId="822276a1-d32d-42b9-bdb7-1ef623ad6445" testId="6ddbf3e0-3ece-b657-908f-2948ae07368f" testName="BuckScience.Tests.Web.Helpers.WeatherHelpersTests.ConvertMoonPhaseTextToNumeric_CaseInsensitive_Works" computerName="runnervmf4ws1" duration="00:00:00.0008036" startTime="2025-09-10T21:44:20.4915004+00:00" endTime="2025-09-10T21:44:20.4915005+00:00" testType="13cdc9d9-ddb5-4fa4-a97d-d965ccfc6d4b" outcome="Passed" testListId="8c84fa94-04c1-424b-9868-57a2d4851a1d" relativeResultsDirectory="822276a1-d32d-42b9-bdb7-1ef623ad6445" />
    <UnitTestResult executionId="b3b405e9-9315-4340-8bb1-8ffc81d20762" testId="2e480f4f-8e65-8226-244e-bc56a9d64e7e" testName="BuckScience.Tests.Web.Helpers.WeatherHelpersTests.ConvertWindDirectionToText_VariousAngles_ReturnsCorrectDirection(degrees: 33.75, expected: &quot;NE&quot;)" computerName="runnervmf4ws1" duration="00:00:00.0000045" startTime="2025-09-10T21:44:20.4891913+00:00" endTime="2025-09-10T21:44:20.4891914+00:00" testType="13cdc9d9-ddb5-4fa4-a97d-d965ccfc6d4b" outcome="Passed" testListId="8c84fa94-04c1-424b-9868-57a2d4851a1d" relativeResultsDirectory="b3b405e9-9315-4340-8bb1-8ffc81d20762" />
    <UnitTestResult executionId="69d6384a-9c2e-40fd-a24d-d97b3cb79bb3" testId="ad4bf482-4b9d-1c7e-1b22-27f5b448acad" testName="BuckScience.Tests.Domain.MonthsAttributeTests.MonthsAttribute_Constructor_WithNullMonths_ThrowsArgumentNullException" computerName="runnervmf4ws1" duration="00:00:00.0009453" startTime="2025-09-10T21:44:20.2389157+00:00" endTime="2025-09-10T21:44:20.2389158+00:00" testType="13cdc9d9-ddb5-4fa4-a97d-d965ccfc6d4b" outcome="Passed" testListId="8c84fa94-04c1-424b-9868-57a2d4851a1d" relativeResultsDirectory="69d6384a-9c2e-40fd-a24d-d97b3cb79bb3" />
    <UnitTestResult executionId="1b61d973-395b-4e49-86a1-e205f8535847" testId="28faaf32-b614-3b46-c8af-acfb48482d8d" testName="BuckScience.Tests.FeatureHelperTests.GetCategory_ShouldReturnCorrectCategoryForBeddingResources" computerName="runnervmf4ws1" duration="00:00:00.0001574" startTime="2025-09-10T21:44:20.1830307+00:00" endTime="2025-09-10T21:44:20.1830308+00:00" testType="13cdc9d9-ddb5-4fa4-a97d-d965ccfc6d4b" outcome="Passed" testListId="8c84fa94-04c1-424b-9868-57a2d4851a1d" relativeResultsDirectory="1b61d973-395b-4e49-86a1-e205f8535847" />
    <UnitTestResult executionId="9bfaf6f3-83a6-4d77-afcb-0c6ed675ef70" testId="e180b2c2-7fc8-0f15-5653-0156d254c8c9" testName="BuckScience.Tests.DirectionHelperTests.FromFloat_ShouldFindClosestDirection(degrees: 23, expectedDirection: NE)" computerName="runnervmf4ws1" duration="00:00:00.0000070" startTime="2025-09-10T21:44:19.0768450+00:00" endTime="2025-09-10T21:44:19.0768450+00:00" testType="13cdc9d9-ddb5-4fa4-a97d-d965ccfc6d4b" outcome="Passed" testListId="8c84fa94-04c1-424b-9868-57a2d4851a1d" relativeResultsDirectory="9bfaf6f3-83a6-4d77-afcb-0c6ed675ef70" />
    <UnitTestResult executionId="855d4eb7-a3d8-433e-ac9d-b4a1e9a6337d" testId="3b62dc28-12fd-93fe-6512-390293682652" testName="BuckScience.Tests.CameraCreateVmTests.CameraCreateVm_PropertyCoordinates_ShouldBeInitializedToZero" computerName="runnervmf4ws1" duration="00:00:00.0002040" startTime="2025-09-10T21:44:20.1952576+00:00" endTime="2025-09-10T21:44:20.1952577+00:00" testType="13cdc9d9-ddb5-4fa4-a97d-d965ccfc6d4b" outcome="Passed" testListId="8c84fa94-04c1-424b-9868-57a2d4851a1d" relativeResultsDirectory="855d4eb7-a3d8-433e-ac9d-b4a1e9a6337d" />
    <UnitTestResult executionId="3c6f4c27-2270-488d-aea0-2cf7f80ff704" testId="c2ecdd5b-e826-0361-04c0-37d21eeea23d" testName="BuckScience.Tests.Application.FeatureWeights.GetFeatureWeightsDateResolutionTests.HandleAsync_WithDate_DefaultSeasonMapping_ResolvesCorrectSeason" computerName="runnervmf4ws1" duration="00:00:00.0044748" startTime="2025-09-10T21:44:20.4925446+00:00" endTime="2025-09-10T21:44:20.4925447+00:00" testType="13cdc9d9-ddb5-4fa4-a97d-d965ccfc6d4b" outcome="Passed" testListId="8c84fa94-04c1-424b-9868-57a2d4851a1d" relativeResultsDirectory="3c6f4c27-2270-488d-aea0-2cf7f80ff704" />
    <UnitTestResult executionId="45689430-ecc1-4b49-b180-3d32ebad5371" testId="9b3070df-a285-654a-0d56-528d1aaa0bdd" testName="BuckScience.Tests.Application.SeasonMonthMappingServiceTests.GetPrimarySeasonForDateAsync_DefaultMappings_ReturnsExpectedSeason(month: 12, expectedSeason: PostRut)" computerName="runnervmf4ws1" duration="00:00:00.0017564" startTime="2025-09-10T21:44:20.3581378+00:00" endTime="2025-09-10T21:44:20.3581379+00:00" testType="13cdc9d9-ddb5-4fa4-a97d-d965ccfc6d4b" outcome="Passed" testListId="8c84fa94-04c1-424b-9868-57a2d4851a1d" relativeResultsDirectory="45689430-ecc1-4b49-b180-3d32ebad5371" />
    <UnitTestResult executionId="6b90b308-efeb-4ae9-95a9-07900191b159" testId="78fd4f15-08d5-878b-fd2a-dd2d3bcc8384" testName="BuckScience.Tests.PhotoFilteringUrlExamples.BuildFilters_UrlParameters_ShouldParseCorrectly(urlParams: &quot;tempMax=25&quot;, expectedTempMin: null, expectedTempMax: 25, expectedWindMin: null, expectedWindMax: null)" computerName="runnervmf4ws1" duration="00:00:00.0003821" startTime="2025-09-10T21:44:19.0780164+00:00" endTime="2025-09-10T21:44:19.0780164+00:00" testType="13cdc9d9-ddb5-4fa4-a97d-d965ccfc6d4b" outcome="Passed" testListId="8c84fa94-04c1-424b-9868-57a2d4851a1d" relativeResultsDirectory="6b90b308-efeb-4ae9-95a9-07900191b159" />
    <UnitTestResult executionId="dadbf1fe-b80a-4ea5-99cf-82aa12b2930b" testId="7d1b1cf4-8561-5b1e-3cb0-e9438583a7c7" testName="BuckScience.Tests.PhotoGroupingTests.PhotoGrouping_ShouldGroupByMonthYear" computerName="runnervmf4ws1" duration="00:00:00.0008359" startTime="2025-09-10T21:44:19.1099727+00:00" endTime="2025-09-10T21:44:19.1099728+00:00" testType="13cdc9d9-ddb5-4fa4-a97d-d965ccfc6d4b" outcome="Passed" testListId="8c84fa94-04c1-424b-9868-57a2d4851a1d" relativeResultsDirectory="dadbf1fe-b80a-4ea5-99cf-82aa12b2930b" />
    <UnitTestResult executionId="c2d6364f-ee97-494c-ac4c-63a554458024" testId="3df0dc6c-72ae-14e2-377c-12e9cf0a4276" testName="BuckScience.Tests.PhotoUploadIntegrationTests.PhotoUpload_AfterCameraMove_ShouldUseNewPlacement" computerName="runnervmf4ws1" duration="00:00:00.0032548" startTime="2025-09-10T21:44:20.1919145+00:00" endTime="2025-09-10T21:44:20.1919145+00:00" testType="13cdc9d9-ddb5-4fa4-a97d-d965ccfc6d4b" outcome="Passed" testListId="8c84fa94-04c1-424b-9868-57a2d4851a1d" relativeResultsDirectory="c2d6364f-ee97-494c-ac4c-63a554458024" />
    <UnitTestResult executionId="391ad50b-ce3d-4473-87a2-9a7fc098ed74" testId="fb1e59a0-19c5-d0be-0d94-4bf533d92746" testName="BuckScience.Tests.FeatureHelperTests.GetCategory_ShouldReturnCorrectCategoryForWaterResources" computerName="runnervmf4ws1" duration="00:00:00.0001617" startTime="2025-09-10T21:44:20.1845403+00:00" endTime="2025-09-10T21:44:20.1845404+00:00" testType="13cdc9d9-ddb5-4fa4-a97d-d965ccfc6d4b" outcome="Passed" testListId="8c84fa94-04c1-424b-9868-57a2d4851a1d" relativeResultsDirectory="391ad50b-ce3d-4473-87a2-9a7fc098ed74" />
    <UnitTestResult executionId="27d88522-8f41-4f92-801e-f84961565a0e" testId="a6b1c1b8-42d6-da05-0367-8e170c8545bb" testName="BuckScience.Tests.Domain.PropertyFeatureTests.Constructor_WithValidWeight_SetsWeightCorrectly(weight: 1)" computerName="runnervmf4ws1" duration="00:00:00.0002239" startTime="2025-09-10T21:44:20.2466021+00:00" endTime="2025-09-10T21:44:20.2466022+00:00" testType="13cdc9d9-ddb5-4fa4-a97d-d965ccfc6d4b" outcome="Passed" testListId="8c84fa94-04c1-424b-9868-57a2d4851a1d" relativeResultsDirectory="27d88522-8f41-4f92-801e-f84961565a0e" />
    <UnitTestResult executionId="e038a982-6a82-4646-a599-56f7e0644a2a" testId="08ddb4d1-1ea9-4a39-f70b-490a5dd2fdfe" testName="BuckScience.Tests.Domain.FeatureWeightTests.FeatureWeightHelper_GetDefaultWeight_ReturnsExpectedValues(type: BeddingArea, expectedWeight: 0.899999976)" computerName="runnervmf4ws1" duration="00:00:00.0000060" startTime="2025-09-10T21:44:20.1951880+00:00" endTime="2025-09-10T21:44:20.1951881+00:00" testType="13cdc9d9-ddb5-4fa4-a97d-d965ccfc6d4b" outcome="Passed" testListId="8c84fa94-04c1-424b-9868-57a2d4851a1d" relativeResultsDirectory="e038a982-6a82-4646-a599-56f7e0644a2a" />
    <UnitTestResult executionId="9c7bb65a-11dd-413d-b48c-d46a46f8613c" testId="d3a4b1bb-6aeb-d30b-4b3c-0f1cdc5eac6e" testName="BuckScience.Tests.Web.Helpers.WeatherHelpersTests.ConvertWindDirectionTextToNumeric_ValidDirections_ReturnsCorrectDegrees(direction: &quot;NNW&quot;, expected: 337.5)" computerName="runnervmf4ws1" duration="00:00:00.0001546" startTime="2025-09-10T21:44:20.4901353+00:00" endTime="2025-09-10T21:44:20.4901354+00:00" testType="13cdc9d9-ddb5-4fa4-a97d-d965ccfc6d4b" outcome="Passed" testListId="8c84fa94-04c1-424b-9868-57a2d4851a1d" relativeResultsDirectory="9c7bb65a-11dd-413d-b48c-d46a46f8613c" />
    <UnitTestResult executionId="061b5630-b74d-4d55-b65d-454dd9446ad6" testId="89a69faa-d4fe-30f7-2dd0-a490e26ff484" testName="BuckScience.Tests.Application.SeasonMonthMappingServiceTests.GetMonthsForPropertyAsync_WithoutOverrides_ReturnsCorrectDefaults(season: EarlySeason, expectedMonths: [9, 10])" computerName="runnervmf4ws1" duration="00:00:00.0007048" startTime="2025-09-10T21:44:20.2644248+00:00" endTime="2025-09-10T21:44:20.2644248+00:00" testType="13cdc9d9-ddb5-4fa4-a97d-d965ccfc6d4b" outcome="Passed" testListId="8c84fa94-04c1-424b-9868-57a2d4851a1d" relativeResultsDirectory="061b5630-b74d-4d55-b65d-454dd9446ad6" />
    <UnitTestResult executionId="c1ec3242-6ae7-4ba6-9a17-ac7727d2bfb0" testId="b173cbcd-a6a7-597f-40e4-5532d9298452" testName="BuckScience.Tests.Domain.PropertyFeatureTests.Constructor_WithValidWeight_SetsWeightCorrectly(weight: 0)" computerName="runnervmf4ws1" duration="00:00:00.0002084" startTime="2025-09-10T21:44:20.2468682+00:00" endTime="2025-09-10T21:44:20.2468683+00:00" testType="13cdc9d9-ddb5-4fa4-a97d-d965ccfc6d4b" outcome="Passed" testListId="8c84fa94-04c1-424b-9868-57a2d4851a1d" relativeResultsDirectory="c1ec3242-6ae7-4ba6-9a17-ac7727d2bfb0" />
    <UnitTestResult executionId="a6c9a0fb-0e76-4ba4-ad08-87e447e2580b" testId="6a32519d-0b48-1a74-f23b-101b1449f4f4" testName="BuckScience.Tests.Domain.PropertyFeatureTests.SetWeight_WithNull_SetsWeightToNull" computerName="runnervmf4ws1" duration="00:00:00.0001937" startTime="2025-09-10T21:44:20.2453859+00:00" endTime="2025-09-10T21:44:20.2453860+00:00" testType="13cdc9d9-ddb5-4fa4-a97d-d965ccfc6d4b" outcome="Passed" testListId="8c84fa94-04c1-424b-9868-57a2d4851a1d" relativeResultsDirectory="a6c9a0fb-0e76-4ba4-ad08-87e447e2580b" />
    <UnitTestResult executionId="9b626032-e24a-47ef-adce-0ec657b55779" testId="8f75422e-f196-d0f3-b885-da9f9acf8fde" testName="BuckScience.Tests.Web.Helpers.WeatherHelpersTests.ConvertWindDirectionTextToNumeric_InvalidText_ReturnsNull(direction: &quot;&quot;)" computerName="runnervmf4ws1" duration="00:00:00.0000056" startTime="2025-09-10T21:44:20.4655424+00:00" endTime="2025-09-10T21:44:20.4655424+00:00" testType="13cdc9d9-ddb5-4fa4-a97d-d965ccfc6d4b" outcome="Passed" testListId="8c84fa94-04c1-424b-9868-57a2d4851a1d" relativeResultsDirectory="9b626032-e24a-47ef-adce-0ec657b55779" />
    <UnitTestResult executionId="9b26432d-5e2f-4c5b-b3d8-b2ea1aa89e24" testId="797ec353-9b00-9db4-cc43-60b41df82c14" testName="BuckScience.Tests.Application.SeasonMonthMappingServiceTests.GetActiveSeasonsForDateAsync_NoMatchingSeasons_ReturnsEmptyList" computerName="runnervmf4ws1" duration="00:00:00.0063225" startTime="2025-09-10T21:44:20.3870314+00:00" endTime="2025-09-10T21:44:20.3870315+00:00" testType="13cdc9d9-ddb5-4fa4-a97d-d965ccfc6d4b" outcome="Passed" testListId="8c84fa94-04c1-424b-9868-57a2d4851a1d" relativeResultsDirectory="9b26432d-5e2f-4c5b-b3d8-b2ea1aa89e24" />
    <UnitTestResult executionId="25928074-8d56-4d2a-abfd-959525c0d98a" testId="94acb547-5f92-9634-547a-02395bd6053e" testName="BuckScience.Tests.Web.Helpers.WeatherHelpersTests.ConvertWindDirectionTextToNumeric_InvalidText_ReturnsNull(direction: &quot;North&quot;)" computerName="runnervmf4ws1" duration="00:00:00.0000078" startTime="2025-09-10T21:44:20.4656045+00:00" endTime="2025-09-10T21:44:20.4656046+00:00" testType="13cdc9d9-ddb5-4fa4-a97d-d965ccfc6d4b" outcome="Passed" testListId="8c84fa94-04c1-424b-9868-57a2d4851a1d" relativeResultsDirectory="25928074-8d56-4d2a-abfd-959525c0d98a" />
    <UnitTestResult executionId="5c4e6480-d7dc-462a-8f8a-74709fbd23ae" testId="3fd3b076-d6e9-95cb-3f37-7d353eff3a42" testName="BuckScience.Tests.CameraCreateVmTests.CameraCreateVm_DirectionSync_ShouldWorkForAllDirections(direction: S, expectedDegrees: 180)" computerName="runnervmf4ws1" duration="00:00:00.0000073" startTime="2025-09-10T21:44:20.1871103+00:00" endTime="2025-09-10T21:44:20.1871104+00:00" testType="13cdc9d9-ddb5-4fa4-a97d-d965ccfc6d4b" outcome="Passed" testListId="8c84fa94-04c1-424b-9868-57a2d4851a1d" relativeResultsDirectory="5c4e6480-d7dc-462a-8f8a-74709fbd23ae" />
    <UnitTestResult executionId="e8cf29b7-1e95-475b-9e10-d6e8ace138d3" testId="162f6cfb-c27f-27d9-ae85-1a410ddacc2e" testName="BuckScience.Tests.Application.SeasonMonthMappingServiceTests.SeasonMonthMappingService_Constructor_WithNullDbContext_ThrowsArgumentNullException" computerName="runnervmf4ws1" duration="00:00:00.0006415" startTime="2025-09-10T21:44:20.4211998+00:00" endTime="2025-09-10T21:44:20.4211999+00:00" testType="13cdc9d9-ddb5-4fa4-a97d-d965ccfc6d4b" outcome="Passed" testListId="8c84fa94-04c1-424b-9868-57a2d4851a1d" relativeResultsDirectory="e8cf29b7-1e95-475b-9e10-d6e8ace138d3" />
    <UnitTestResult executionId="c3bfa660-ae15-48cb-b99f-57a49ac09d4d" testId="19df813d-aa7e-5539-ce76-ba8a68683016" testName="BuckScience.Tests.Application.Profiles.ProfileCrudTests.GetProfile_ValidId_ReturnsProfile" computerName="runnervmf4ws1" duration="00:00:00.0332233" startTime="2025-09-10T21:44:20.1345729+00:00" endTime="2025-09-10T21:44:20.1345730+00:00" testType="13cdc9d9-ddb5-4fa4-a97d-d965ccfc6d4b" outcome="Passed" testListId="8c84fa94-04c1-424b-9868-57a2d4851a1d" relativeResultsDirectory="c3bfa660-ae15-48cb-b99f-57a49ac09d4d" />
    <UnitTestResult executionId="36e40ce9-be8c-44d9-96b0-5280281eafb0" testId="5d43f699-35d1-a4da-58e9-d0a22f0dcdd2" testName="BuckScience.Tests.PhotoFiltersTests.PhotoFilters_HasWeatherFilters_ReturnsFalseWhenNoWeatherFiltersSet" computerName="runnervmf4ws1" duration="00:00:00.0002142" startTime="2025-09-10T21:44:20.4529585+00:00" endTime="2025-09-10T21:44:20.4529585+00:00" testType="13cdc9d9-ddb5-4fa4-a97d-d965ccfc6d4b" outcome="Passed" testListId="8c84fa94-04c1-424b-9868-57a2d4851a1d" relativeResultsDirectory="36e40ce9-be8c-44d9-96b0-5280281eafb0" />
    <UnitTestResult executionId="c511e97b-a368-42bf-9763-96e6f92e1ed5" testId="aef446e3-f136-0d0b-1c4f-72b145e6d953" testName="BuckScience.Tests.DirectionHelperTests.FromFloat_ShouldFindClosestDirection(degrees: 365, expectedDirection: N)" computerName="runnervmf4ws1" duration="00:00:00.0003010" startTime="2025-09-10T21:44:19.0766238+00:00" endTime="2025-09-10T21:44:19.0766239+00:00" testType="13cdc9d9-ddb5-4fa4-a97d-d965ccfc6d4b" outcome="Passed" testListId="8c84fa94-04c1-424b-9868-57a2d4851a1d" relativeResultsDirectory="c511e97b-a368-42bf-9763-96e6f92e1ed5" />
    <UnitTestResult executionId="d22dabc1-17b2-4310-be3e-8132ca807953" testId="93b0e2c3-3a46-c74b-dad5-afcb4f0bfcfa" testName="BuckScience.Tests.CameraEditVmTests.CameraEditVm_ShouldSetAllProperties" computerName="runnervmf4ws1" duration="00:00:00.0012696" startTime="2025-09-10T21:44:20.3237742+00:00" endTime="2025-09-10T21:44:20.3237743+00:00" testType="13cdc9d9-ddb5-4fa4-a97d-d965ccfc6d4b" outcome="Passed" testListId="8c84fa94-04c1-424b-9868-57a2d4851a1d" relativeResultsDirectory="d22dabc1-17b2-4310-be3e-8132ca807953" />
    <UnitTestResult executionId="7c5981ba-00ac-434b-a4bd-8fad15eebcfa" testId="7bc9b0b3-f390-4717-09ce-b059301b82e1" testName="BuckScience.Tests.Application.FeatureWeights.UpdateFeatureWeightsTests.UpdateFeatureWeights_PartialUpdate_PreservesOtherCustomizations" computerName="runnervmf4ws1" duration="00:00:00.0041585" startTime="2025-09-10T21:44:20.1743446+00:00" endTime="2025-09-10T21:44:20.1743447+00:00" testType="13cdc9d9-ddb5-4fa4-a97d-d965ccfc6d4b" outcome="Passed" testListId="8c84fa94-04c1-424b-9868-57a2d4851a1d" relativeResultsDirectory="7c5981ba-00ac-434b-a4bd-8fad15eebcfa" />
    <UnitTestResult executionId="96a9cacf-722d-4942-addf-c5b5235d399d" testId="d158f051-212f-d40f-0819-bf99fbd314c0" testName="BuckScience.Tests.Web.Helpers.WeatherHelpersTests.ConvertWindDirectionToText_VariousAngles_ReturnsCorrectDirection(degrees: 0, expected: &quot;N&quot;)" computerName="runnervmf4ws1" duration="00:00:00.0000040" startTime="2025-09-10T21:44:20.4890758+00:00" endTime="2025-09-10T21:44:20.4890759+00:00" testType="13cdc9d9-ddb5-4fa4-a97d-d965ccfc6d4b" outcome="Passed" testListId="8c84fa94-04c1-424b-9868-57a2d4851a1d" relativeResultsDirectory="96a9cacf-722d-4942-addf-c5b5235d399d" />
    <UnitTestResult executionId="bf10cefd-2dd2-4298-bfce-925ce18694f6" testId="ea3e05c1-5c7d-865c-be9d-8f2ae46de9bb" testName="BuckScience.Tests.Application.PropertyFeatureApplicationTests.CreatePropertyFeature_WithoutWeight_CreatesFeatureWithDefaultWeight" computerName="runnervmf4ws1" duration="00:00:00.0020304" startTime="2025-09-10T21:44:20.2742719+00:00" endTime="2025-09-10T21:44:20.2742720+00:00" testType="13cdc9d9-ddb5-4fa4-a97d-d965ccfc6d4b" outcome="Passed" testListId="8c84fa94-04c1-424b-9868-57a2d4851a1d" relativeResultsDirectory="bf10cefd-2dd2-4298-bfce-925ce18694f6" />
    <UnitTestResult executionId="a8da5606-a1af-4446-ae26-523acbaaaa5f" testId="7882d79f-7e75-7cd0-3f6e-4fc087cc8ade" testName="BuckScience.Tests.DirectionHelperTests.ToFloat_ShouldReturnCorrectDegrees(direction: N, expectedDegrees: 0)" computerName="runnervmf4ws1" duration="00:00:00.0000062" startTime="2025-09-10T21:44:19.0740957+00:00" endTime="2025-09-10T21:44:19.0740958+00:00" testType="13cdc9d9-ddb5-4fa4-a97d-d965ccfc6d4b" outcome="Passed" testListId="8c84fa94-04c1-424b-9868-57a2d4851a1d" relativeResultsDirectory="a8da5606-a1af-4446-ae26-523acbaaaa5f" />
    <UnitTestResult executionId="e5c173a9-8477-4b0b-9ed9-4ca8d13c3fdc" testId="883b640c-041a-1680-ac03-f244d5532ee9" testName="BuckScience.Tests.Application.SeasonMonthMappingServiceTests.GetPrimarySeasonForDateAsync_NoMatches_ReturnsNull" computerName="runnervmf4ws1" duration="00:00:00.0661923" startTime="2025-09-10T21:44:20.3328343+00:00" endTime="2025-09-10T21:44:20.3328344+00:00" testType="13cdc9d9-ddb5-4fa4-a97d-d965ccfc6d4b" outcome="Passed" testListId="8c84fa94-04c1-424b-9868-57a2d4851a1d" relativeResultsDirectory="e5c173a9-8477-4b0b-9ed9-4ca8d13c3fdc" />
    <UnitTestResult executionId="c44f5eed-9970-49d4-ad05-89d72490bc36" testId="4949997c-46c8-3183-1501-b1267871bfcf" testName="BuckScience.Tests.DirectionHelperTests.FromFloat_ShouldReturnCorrectDirection(degrees: 0, expectedDirection: N)" computerName="runnervmf4ws1" duration="00:00:00.0000034" startTime="2025-09-10T21:44:19.0737846+00:00" endTime="2025-09-10T21:44:19.0737847+00:00" testType="13cdc9d9-ddb5-4fa4-a97d-d965ccfc6d4b" outcome="Passed" testListId="8c84fa94-04c1-424b-9868-57a2d4851a1d" relativeResultsDirectory="c44f5eed-9970-49d4-ad05-89d72490bc36" />
    <UnitTestResult executionId="4acfee9a-1706-459e-a0b3-302b84107efe" testId="1393749b-9888-f339-bbe0-fe7c36d53117" testName="BuckScience.Tests.FeatureHelperTests.GetFeatureIcon_ShouldReturnCorrectIcons" computerName="runnervmf4ws1" duration="00:00:00.0003774" startTime="2025-09-10T21:44:20.1852342+00:00" endTime="2025-09-10T21:44:20.1852342+00:00" testType="13cdc9d9-ddb5-4fa4-a97d-d965ccfc6d4b" outcome="Passed" testListId="8c84fa94-04c1-424b-9868-57a2d4851a1d" relativeResultsDirectory="4acfee9a-1706-459e-a0b3-302b84107efe" />
    <UnitTestResult executionId="1efba07d-3237-4ed9-8bcb-af7ab64c20f1" testId="1be37c51-af7c-9e7b-8fa3-a746d27f5f9b" testName="BuckScience.Tests.CameraCreateVmTests.CameraCreateVm_SyncDirectionFromSelection_ShouldUpdateDirectionDegrees" computerName="runnervmf4ws1" duration="00:00:00.0001986" startTime="2025-09-10T21:44:20.1950156+00:00" endTime="2025-09-10T21:44:20.1950156+00:00" testType="13cdc9d9-ddb5-4fa4-a97d-d965ccfc6d4b" outcome="Passed" testListId="8c84fa94-04c1-424b-9868-57a2d4851a1d" relativeResultsDirectory="1efba07d-3237-4ed9-8bcb-af7ab64c20f1" />
    <UnitTestResult executionId="9e7e24b1-9805-4c62-b9a6-91eb4ddd2e29" testId="994b105a-2d3c-5d2b-62ff-1c998f53f588" testName="BuckScience.Tests.TaggingSystemTests.AddTagToPhotos_ShouldNotCreateDuplicates" computerName="runnervmf4ws1" duration="00:00:00.0162030" startTime="2025-09-10T21:44:20.0955774+00:00" endTime="2025-09-10T21:44:20.0955776+00:00" testType="13cdc9d9-ddb5-4fa4-a97d-d965ccfc6d4b" outcome="Passed" testListId="8c84fa94-04c1-424b-9868-57a2d4851a1d" relativeResultsDirectory="9e7e24b1-9805-4c62-b9a6-91eb4ddd2e29" />
    <UnitTestResult executionId="97c7b9a8-7dfd-481e-987d-34fc8505fa22" testId="23376aab-8018-81b3-8b3c-57bc8b0141ed" testName="BuckScience.Tests.Application.Profiles.ProfileCrudTests.UpdateProfile_ValidData_UpdatesProfile" computerName="runnervmf4ws1" duration="00:00:00.0334350" startTime="2025-09-10T21:44:20.1006158+00:00" endTime="2025-09-10T21:44:20.1006159+00:00" testType="13cdc9d9-ddb5-4fa4-a97d-d965ccfc6d4b" outcome="Passed" testListId="8c84fa94-04c1-424b-9868-57a2d4851a1d" relativeResultsDirectory="97c7b9a8-7dfd-481e-987d-34fc8505fa22" />
    <UnitTestResult executionId="0afb9ecf-2065-4fb8-a791-98a35c46182a" testId="1634510e-087e-a71c-61ba-55901a3677cc" testName="BuckScience.Tests.Web.Helpers.WeatherHelpersTests.ConvertWindDirectionTextToNumeric_ValidDirections_ReturnsCorrectDegrees(direction: &quot;NNE&quot;, expected: 22.5)" computerName="runnervmf4ws1" duration="00:00:00.0000056" startTime="2025-09-10T21:44:20.4911416+00:00" endTime="2025-09-10T21:44:20.4911417+00:00" testType="13cdc9d9-ddb5-4fa4-a97d-d965ccfc6d4b" outcome="Passed" testListId="8c84fa94-04c1-424b-9868-57a2d4851a1d" relativeResultsDirectory="0afb9ecf-2065-4fb8-a791-98a35c46182a" />
    <UnitTestResult executionId="d14d5ebc-6406-41e5-8172-31cd218127f5" testId="9b0dd086-97eb-5a55-6e89-79dde58b1fca" testName="BuckScience.Tests.PhotoFilteringUrlExamples.BuildFilters_CameraParameters_ShouldParseCorrectly(cameras: &quot;5&quot;, expectedCameras: [5])" computerName="runnervmf4ws1" duration="00:00:00.0002282" startTime="2025-09-10T21:44:19.0777472+00:00" endTime="2025-09-10T21:44:19.0777472+00:00" testType="13cdc9d9-ddb5-4fa4-a97d-d965ccfc6d4b" outcome="Passed" testListId="8c84fa94-04c1-424b-9868-57a2d4851a1d" relativeResultsDirectory="d14d5ebc-6406-41e5-8172-31cd218127f5" />
    <UnitTestResult executionId="8a1beab6-c80f-40a1-a651-347ff405751e" testId="29c59d8d-b92b-cfb2-1c78-b6b82406cb09" testName="BuckScience.Tests.Domain.SeasonExtensionsTests.GetDefaultMonths_ReturnsArrayCopy_PreventsMutation" computerName="runnervmf4ws1" duration="00:00:00.0002001" startTime="2025-09-10T21:44:19.0954840+00:00" endTime="2025-09-10T21:44:19.0954841+00:00" testType="13cdc9d9-ddb5-4fa4-a97d-d965ccfc6d4b" outcome="Passed" testListId="8c84fa94-04c1-424b-9868-57a2d4851a1d" relativeResultsDirectory="8a1beab6-c80f-40a1-a651-347ff405751e" />
    <UnitTestResult executionId="c58f7ff1-6d73-4bc8-b24d-7620685347e9" testId="188163b5-3a99-e726-205c-6b6fc846baac" testName="BuckScience.Tests.PhotoGroupingTests.PhotoGrouping_ShouldGroupByMonthYear_Ascending" computerName="runnervmf4ws1" duration="00:00:00.0047869" startTime="2025-09-10T21:44:19.1091480+00:00" endTime="2025-09-10T21:44:19.1091480+00:00" testType="13cdc9d9-ddb5-4fa4-a97d-d965ccfc6d4b" outcome="Passed" testListId="8c84fa94-04c1-424b-9868-57a2d4851a1d" relativeResultsDirectory="c58f7ff1-6d73-4bc8-b24d-7620685347e9" />
    <UnitTestResult executionId="76a3c751-a028-46ae-b7af-da36255c674c" testId="62aa58ea-9077-0f9e-c60d-aafd4a8d0ad6" testName="BuckScience.Tests.Web.Helpers.WeatherHelpersTests.ConvertWindDirectionToText_VariousAngles_ReturnsCorrectDirection(degrees: -10, expected: &quot;N&quot;)" computerName="runnervmf4ws1" duration="00:00:00.0000041" startTime="2025-09-10T21:44:20.4892452+00:00" endTime="2025-09-10T21:44:20.4892453+00:00" testType="13cdc9d9-ddb5-4fa4-a97d-d965ccfc6d4b" outcome="Passed" testListId="8c84fa94-04c1-424b-9868-57a2d4851a1d" relativeResultsDirectory="76a3c751-a028-46ae-b7af-da36255c674c" />
    <UnitTestResult executionId="81148445-642e-4a8c-93c5-5c732bf43cbe" testId="ce7424f3-8800-2916-ce22-d9c4a6a2d917" testName="BuckScience.Tests.CameraPlacementHistoryTests.CameraPlacementHistory_EndPlacement_ShouldSetEndDateTime" computerName="runnervmf4ws1" duration="00:00:00.0003450" startTime="2025-09-10T21:44:20.3205440+00:00" endTime="2025-09-10T21:44:20.3205441+00:00" testType="13cdc9d9-ddb5-4fa4-a97d-d965ccfc6d4b" outcome="Passed" testListId="8c84fa94-04c1-424b-9868-57a2d4851a1d" relativeResultsDirectory="81148445-642e-4a8c-93c5-5c732bf43cbe" />
    <UnitTestResult executionId="4d242569-cf8b-4659-a9fc-906e36865b26" testId="a9d39b02-2996-0d69-08ab-284d0ae0393a" testName="BuckScience.Tests.Domain.PropertySeasonMonthsOverrideTests.PropertySeasonMonthsOverride_RoundTripSerialization_MaintainsData(months: [6, 7, 8])" computerName="runnervmf4ws1" duration="00:00:00.0002163" startTime="2025-09-10T21:44:20.3416286+00:00" endTime="2025-09-10T21:44:20.3416287+00:00" testType="13cdc9d9-ddb5-4fa4-a97d-d965ccfc6d4b" outcome="Passed" testListId="8c84fa94-04c1-424b-9868-57a2d4851a1d" relativeResultsDirectory="4d242569-cf8b-4659-a9fc-906e36865b26" />
    <UnitTestResult executionId="daff4386-f154-4a71-bcf1-7878696802b0" testId="f2a53262-1031-8641-ce23-2061a5c39410" testName="BuckScience.Tests.TaggingSystemTests.GetOrCreateTag_ShouldThrowException_WhenTagNameIsInvalid(invalidTagName: &quot;&quot;)" computerName="runnervmf4ws1" duration="00:00:00.0037040" startTime="2025-09-10T21:44:20.0768345+00:00" endTime="2025-09-10T21:44:20.0768346+00:00" testType="13cdc9d9-ddb5-4fa4-a97d-d965ccfc6d4b" outcome="Passed" testListId="8c84fa94-04c1-424b-9868-57a2d4851a1d" relativeResultsDirectory="daff4386-f154-4a71-bcf1-7878696802b0" />
    <UnitTestResult executionId="73aac01f-4aa2-4054-ac93-d2295fa645c6" testId="6d9ecacc-771f-c0f8-81b8-e7f5f5ecfa5f" testName="BuckScience.Tests.WeatherConfigurationTests.WeatherSettings_ShouldBindFromConfiguration" computerName="runnervmf4ws1" duration="00:00:00.0024559" startTime="2025-09-10T21:44:20.4486155+00:00" endTime="2025-09-10T21:44:20.4486156+00:00" testType="13cdc9d9-ddb5-4fa4-a97d-d965ccfc6d4b" outcome="Passed" testListId="8c84fa94-04c1-424b-9868-57a2d4851a1d" relativeResultsDirectory="73aac01f-4aa2-4054-ac93-d2295fa645c6" />
    <UnitTestResult executionId="4f4564f5-5dc3-4961-8992-afaab3b1e9d4" testId="1c742a22-39f7-5815-626c-daa50ff10c87" testName="BuckScience.Tests.Domain.FeatureWeightTests.FeatureWeight_SeasonalWeights_JsonSerialization_WorksCorrectly" computerName="runnervmf4ws1" duration="00:00:00.0003462" startTime="2025-09-10T21:44:20.2337155+00:00" endTime="2025-09-10T21:44:20.2337156+00:00" testType="13cdc9d9-ddb5-4fa4-a97d-d965ccfc6d4b" outcome="Passed" testListId="8c84fa94-04c1-424b-9868-57a2d4851a1d" relativeResultsDirectory="4f4564f5-5dc3-4961-8992-afaab3b1e9d4" />
    <UnitTestResult executionId="0057cdac-c1cb-4b9f-a9f8-4bf697bf81dd" testId="0161b4d2-48af-5756-816a-41884dcebe59" testName="BuckScience.Tests.Domain.PropertyFeatureTests.Constructor_WithWeight_SetsWeightCorrectly" computerName="runnervmf4ws1" duration="00:00:00.0002618" startTime="2025-09-10T21:44:20.2453202+00:00" endTime="2025-09-10T21:44:20.2453203+00:00" testType="13cdc9d9-ddb5-4fa4-a97d-d965ccfc6d4b" outcome="Passed" testListId="8c84fa94-04c1-424b-9868-57a2d4851a1d" relativeResultsDirectory="0057cdac-c1cb-4b9f-a9f8-4bf697bf81dd" />
    <UnitTestResult executionId="318019ec-c72f-4b94-93aa-689bb3ea197c" testId="63390816-73a6-312f-e706-2ca3dfa39f0e" testName="BuckScience.Tests.Web.Helpers.WeatherHelpersTests.ConvertWindDirectionTextToNumeric_ValidDirections_ReturnsCorrectDegrees(direction: &quot;W&quot;, expected: 270)" computerName="runnervmf4ws1" duration="00:00:00.0000063" startTime="2025-09-10T21:44:20.4912554+00:00" endTime="2025-09-10T21:44:20.4912555+00:00" testType="13cdc9d9-ddb5-4fa4-a97d-d965ccfc6d4b" outcome="Passed" testListId="8c84fa94-04c1-424b-9868-57a2d4851a1d" relativeResultsDirectory="318019ec-c72f-4b94-93aa-689bb3ea197c" />
    <UnitTestResult executionId="cdbdbe0f-f7ca-4978-8d1d-0e6da47ac9c1" testId="e531c44f-a81a-259c-843c-505a398d8b55" testName="BuckScience.Tests.Web.Helpers.WeatherHelpersTests.ConvertMoonPhaseTextToNumeric_InvalidText_ReturnsNull(text: &quot;Invalid Phase&quot;)" computerName="runnervmf4ws1" duration="00:00:00.0000087" startTime="2025-09-10T21:44:20.4935500+00:00" endTime="2025-09-10T21:44:20.4935501+00:00" testType="13cdc9d9-ddb5-4fa4-a97d-d965ccfc6d4b" outcome="Passed" testListId="8c84fa94-04c1-424b-9868-57a2d4851a1d" relativeResultsDirectory="cdbdbe0f-f7ca-4978-8d1d-0e6da47ac9c1" />
    <UnitTestResult executionId="ac934495-9cb6-4185-b368-cfe9eed95865" testId="a4c9dc78-d66c-c69a-90ef-d545d65a1a43" testName="BuckScience.Tests.Web.Helpers.WeatherHelpersTests.ConvertWindDirectionTextToNumeric_ValidDirections_ReturnsCorrectDegrees(direction: &quot;E&quot;, expected: 90)" computerName="runnervmf4ws1" duration="00:00:00.0000056" startTime="2025-09-10T21:44:20.4913802+00:00" endTime="2025-09-10T21:44:20.4913803+00:00" testType="13cdc9d9-ddb5-4fa4-a97d-d965ccfc6d4b" outcome="Passed" testListId="8c84fa94-04c1-424b-9868-57a2d4851a1d" relativeResultsDirectory="ac934495-9cb6-4185-b368-cfe9eed95865" />
    <UnitTestResult executionId="11eae5a7-9c12-4bf2-8a7f-77f8e61b0993" testId="697a3a18-bb68-1bc4-ecac-a4680501e02f" testName="BuckScience.Tests.PhotoFilteringIntegrationTests.BuildFilters_WithNoParameters_ReturnsNull" computerName="runnervmf4ws1" duration="00:00:00.0012212" startTime="2025-09-10T21:44:20.4382115+00:00" endTime="2025-09-10T21:44:20.4382116+00:00" testType="13cdc9d9-ddb5-4fa4-a97d-d965ccfc6d4b" outcome="Passed" testListId="8c84fa94-04c1-424b-9868-57a2d4851a1d" relativeResultsDirectory="11eae5a7-9c12-4bf2-8a7f-77f8e61b0993" />
    <UnitTestResult executionId="75b846f7-57ae-4751-93c7-4d1a1bd83232" testId="a1c1968f-35fe-99e9-9ed5-6d92bfa17acb" testName="BuckScience.Tests.Application.FeatureWeights.GetFeatureWeightsDateResolutionTests.HandleAsync_WithDate_MultipleUserTypes_AllReturnValidResults" computerName="runnervmf4ws1" duration="00:00:00.0744213" startTime="2025-09-10T21:44:20.4486554+00:00" endTime="2025-09-10T21:44:20.4486555+00:00" testType="13cdc9d9-ddb5-4fa4-a97d-d965ccfc6d4b" outcome="Passed" testListId="8c84fa94-04c1-424b-9868-57a2d4851a1d" relativeResultsDirectory="75b846f7-57ae-4751-93c7-4d1a1bd83232" />
    <UnitTestResult executionId="03a5dbc4-efdb-41e3-8ba9-f6d8b0958858" testId="52ae0b6b-063d-fda1-eda2-bf4a1c9b90a4" testName="BuckScience.Tests.Application.SeasonMonthMappingServiceTests.GetAllPropertyOverridesAsync_ReturnsAllOverrides_ForProperty" computerName="runnervmf4ws1" duration="00:00:00.0125442" startTime="2025-09-10T21:44:20.4118293+00:00" endTime="2025-09-10T21:44:20.4118294+00:00" testType="13cdc9d9-ddb5-4fa4-a97d-d965ccfc6d4b" outcome="Passed" testListId="8c84fa94-04c1-424b-9868-57a2d4851a1d" relativeResultsDirectory="03a5dbc4-efdb-41e3-8ba9-f6d8b0958858" />
    <UnitTestResult executionId="2dc844f3-2d56-4689-b61c-81fbb5077161" testId="796d8eb9-61c1-6124-1220-be5bb72ca768" testName="BuckScience.Tests.Application.SeasonMonthMappingServiceTests.EdgeCase_ConflictingOverrides_UsesOverrideTable" computerName="runnervmf4ws1" duration="00:00:00.0036876" startTime="2025-09-10T21:44:20.3943230+00:00" endTime="2025-09-10T21:44:20.3943231+00:00" testType="13cdc9d9-ddb5-4fa4-a97d-d965ccfc6d4b" outcome="Passed" testListId="8c84fa94-04c1-424b-9868-57a2d4851a1d" relativeResultsDirectory="2dc844f3-2d56-4689-b61c-81fbb5077161" />
    <UnitTestResult executionId="e3c071fb-bbf1-432a-9a4f-be482a1dca63" testId="be89a856-c15c-81ed-5ddb-4973639d716d" testName="BuckScience.Tests.CameraPlacementHistoryTests.Camera_PlaceAt_ShouldCreateNewPlacementHistory" computerName="runnervmf4ws1" duration="00:00:00.0003758" startTime="2025-09-10T21:44:20.3206199+00:00" endTime="2025-09-10T21:44:20.3206200+00:00" testType="13cdc9d9-ddb5-4fa4-a97d-d965ccfc6d4b" outcome="Passed" testListId="8c84fa94-04c1-424b-9868-57a2d4851a1d" relativeResultsDirectory="e3c071fb-bbf1-432a-9a4f-be482a1dca63" />
    <UnitTestResult executionId="f450fab6-d641-4566-b93b-b650229fae60" testId="0a4fef64-4b22-b6e1-3068-172d5dc1b64f" testName="BuckScience.Tests.PhotoFilteringIntegrationTests.BuildFilters_WithInvalidCameraPlacementHistoryIds_IgnoresInvalidIds" computerName="runnervmf4ws1" duration="00:00:00.0013891" startTime="2025-09-10T21:44:20.4406544+00:00" endTime="2025-09-10T21:44:20.4406545+00:00" testType="13cdc9d9-ddb5-4fa4-a97d-d965ccfc6d4b" outcome="Passed" testListId="8c84fa94-04c1-424b-9868-57a2d4851a1d" relativeResultsDirectory="f450fab6-d641-4566-b93b-b650229fae60" />
    <UnitTestResult executionId="c7846438-9cb1-4fd7-8b83-b3f01435d65e" testId="226e9057-54c6-53d9-d48c-5a3aaedbb305" testName="BuckScience.Tests.Web.Helpers.WeatherHelpersTests.ConvertWindDirectionTextToNumeric_ValidDirections_ReturnsCorrectDegrees(direction: &quot;ENE&quot;, expected: 67.5)" computerName="runnervmf4ws1" duration="00:00:00.0000093" startTime="2025-09-10T21:44:20.4903182+00:00" endTime="2025-09-10T21:44:20.4903183+00:00" testType="13cdc9d9-ddb5-4fa4-a97d-d965ccfc6d4b" outcome="Passed" testListId="8c84fa94-04c1-424b-9868-57a2d4851a1d" relativeResultsDirectory="c7846438-9cb1-4fd7-8b83-b3f01435d65e" />
    <UnitTestResult executionId="a0ba4434-a643-4abf-9f9c-089e9af34e19" testId="a7640c1c-3e1a-ff5f-a7c8-4da5a8b29af2" testName="BuckScience.Tests.Web.Helpers.WeatherHelpersTests.ConvertMoonPhaseTextToNumeric_ValidText_ReturnsCorrectValue(text: &quot;First Quarter&quot;, expected: 0.25)" computerName="runnervmf4ws1" duration="00:00:00.0000086" startTime="2025-09-10T21:44:20.4924220+00:00" endTime="2025-09-10T21:44:20.4924221+00:00" testType="13cdc9d9-ddb5-4fa4-a97d-d965ccfc6d4b" outcome="Passed" testListId="8c84fa94-04c1-424b-9868-57a2d4851a1d" relativeResultsDirectory="a0ba4434-a643-4abf-9f9c-089e9af34e19" />
    <UnitTestResult executionId="d298ecd4-9a5a-45d8-bda8-250f93101e41" testId="61de09e0-94b0-9094-bdcf-74e56c5800ed" testName="BuckScience.Tests.TaggingRequirementsTests.Requirement1_DefaultTags_ShouldBePopulatedByMigration" computerName="runnervmf4ws1" duration="00:00:00.0071742" startTime="2025-09-10T21:44:20.3099194+00:00" endTime="2025-09-10T21:44:20.3099195+00:00" testType="13cdc9d9-ddb5-4fa4-a97d-d965ccfc6d4b" outcome="Passed" testListId="8c84fa94-04c1-424b-9868-57a2d4851a1d" relativeResultsDirectory="d298ecd4-9a5a-45d8-bda8-250f93101e41" />
    <UnitTestResult executionId="d3ec171c-f8bc-424f-96f9-eea1e34f2eaf" testId="407fdbb6-f29a-a8a2-0277-cd698b7b57a7" testName="BuckScience.Tests.PhotoFilteringIntegrationTests.BuildFilters_WithConditions_ReturnsFiltersWithConditions" computerName="runnervmf4ws1" duration="00:00:00.0006253" startTime="2025-09-10T21:44:20.4414144+00:00" endTime="2025-09-10T21:44:20.4414145+00:00" testType="13cdc9d9-ddb5-4fa4-a97d-d965ccfc6d4b" outcome="Passed" testListId="8c84fa94-04c1-424b-9868-57a2d4851a1d" relativeResultsDirectory="d3ec171c-f8bc-424f-96f9-eea1e34f2eaf" />
    <UnitTestResult executionId="6a3c0c09-84a0-4416-a370-c8f28ad9c9be" testId="0eac1afa-cee8-c2b1-e775-7c9bd515bfb3" testName="BuckScience.Tests.Domain.SeasonExtensionsTests.GetDefaultMonths_YearRound_ReturnsAllMonths" computerName="runnervmf4ws1" duration="00:00:00.0001953" startTime="2025-09-10T21:44:19.0837880+00:00" endTime="2025-09-10T21:44:19.0837882+00:00" testType="13cdc9d9-ddb5-4fa4-a97d-d965ccfc6d4b" outcome="Passed" testListId="8c84fa94-04c1-424b-9868-57a2d4851a1d" relativeResultsDirectory="6a3c0c09-84a0-4416-a370-c8f28ad9c9be" />
    <UnitTestResult executionId="432f13c4-5acb-4599-8ffd-112fb8d49ecc" testId="231e01f7-8ce3-c622-6ddb-f4a558f73635" testName="BuckScience.Tests.Domain.MonthsAttributeTests.MonthsAttribute_Constructor_WithBoundaryValidMonths_SetsMonthsCorrectly(month: 12)" computerName="runnervmf4ws1" duration="00:00:00.0001732" startTime="2025-09-10T21:44:20.2379093+00:00" endTime="2025-09-10T21:44:20.2379094+00:00" testType="13cdc9d9-ddb5-4fa4-a97d-d965ccfc6d4b" outcome="Passed" testListId="8c84fa94-04c1-424b-9868-57a2d4851a1d" relativeResultsDirectory="432f13c4-5acb-4599-8ffd-112fb8d49ecc" />
    <UnitTestResult executionId="e45fed70-e320-4866-908d-bf1d815a53f0" testId="61feef70-4f4a-625c-42d0-d394030d758f" testName="BuckScience.Tests.Domain.FeatureWeightTests.FeatureWeightHelper_GetDefaultWeight_ReturnsExpectedValues(type: PinchPointFunnel, expectedWeight: 0.899999976)" computerName="runnervmf4ws1" duration="00:00:00.0004690" startTime="2025-09-10T21:44:20.1949499+00:00" endTime="2025-09-10T21:44:20.1949500+00:00" testType="13cdc9d9-ddb5-4fa4-a97d-d965ccfc6d4b" outcome="Passed" testListId="8c84fa94-04c1-424b-9868-57a2d4851a1d" relativeResultsDirectory="e45fed70-e320-4866-908d-bf1d815a53f0" />
    <UnitTestResult executionId="ebb1f1c8-e1a0-4b90-8750-b682152498cb" testId="dc5f28f7-09cd-2ab7-408b-876a39c8dcda" testName="BuckScience.Tests.PhotoPlacementHistoryTests.Photo_Constructor_ShouldAcceptCameraPlacementHistoryId" computerName="runnervmf4ws1" duration="00:00:00.0022177" startTime="2025-09-10T21:44:20.2070614+00:00" endTime="2025-09-10T21:44:20.2070615+00:00" testType="13cdc9d9-ddb5-4fa4-a97d-d965ccfc6d4b" outcome="Passed" testListId="8c84fa94-04c1-424b-9868-57a2d4851a1d" relativeResultsDirectory="ebb1f1c8-e1a0-4b90-8750-b682152498cb" />
    <UnitTestResult executionId="78ff321e-2509-4bc0-9536-841f5503c6b7" testId="633c7180-abf2-d38a-1f50-b48e71e9c2bd" testName="BuckScience.Tests.Domain.PropertySeasonMonthsOverrideTests.PropertySeasonMonthsOverride_SetMonths_WithValidMonths_UpdatesMonthsAndTimestamp" computerName="runnervmf4ws1" duration="00:00:00.0115792" startTime="2025-09-10T21:44:20.3559095+00:00" endTime="2025-09-10T21:44:20.3559096+00:00" testType="13cdc9d9-ddb5-4fa4-a97d-d965ccfc6d4b" outcome="Passed" testListId="8c84fa94-04c1-424b-9868-57a2d4851a1d" relativeResultsDirectory="78ff321e-2509-4bc0-9536-841f5503c6b7" />
    <UnitTestResult executionId="75f0087a-75cc-4eef-8082-16430201ba0c" testId="6e1a460b-06b0-f626-b520-bfe11fd26de1" testName="BuckScience.Tests.Domain.FeatureWeightTests.FeatureWeight_SetSeasonalWeights_ValidatesWeightRange" computerName="runnervmf4ws1" duration="00:00:00.0005184" startTime="2025-09-10T21:44:20.2324949+00:00" endTime="2025-09-10T21:44:20.2324949+00:00" testType="13cdc9d9-ddb5-4fa4-a97d-d965ccfc6d4b" outcome="Passed" testListId="8c84fa94-04c1-424b-9868-57a2d4851a1d" relativeResultsDirectory="75f0087a-75cc-4eef-8082-16430201ba0c" />
    <UnitTestResult executionId="57904553-a7b6-4a77-bbee-80a9cdeb7113" testId="2125ec6c-1902-cfab-5614-578492de27fd" testName="BuckScience.Tests.Application.SeasonMonthMappingServiceTests.GetPrimarySeasonForDateAsync_DefaultMappings_ReturnsExpectedSeason(month: 9, expectedSeason: EarlySeason)" computerName="runnervmf4ws1" duration="00:00:00.0017892" startTime="2025-09-10T21:44:20.3508902+00:00" endTime="2025-09-10T21:44:20.3508903+00:00" testType="13cdc9d9-ddb5-4fa4-a97d-d965ccfc6d4b" outcome="Passed" testListId="8c84fa94-04c1-424b-9868-57a2d4851a1d" relativeResultsDirectory="57904553-a7b6-4a77-bbee-80a9cdeb7113" />
    <UnitTestResult executionId="be32cebf-6934-42ad-917f-48d55c2c3054" testId="c005721b-05db-8d7a-5eea-e90626721b80" testName="BuckScience.Tests.Web.Helpers.WeatherHelpersTests.ConvertWindDirectionTextToNumeric_ValidDirections_ReturnsCorrectDegrees(direction: &quot;SW&quot;, expected: 225)" computerName="runnervmf4ws1" duration="00:00:00.0000063" startTime="2025-09-10T21:44:20.4912037+00:00" endTime="2025-09-10T21:44:20.4912037+00:00" testType="13cdc9d9-ddb5-4fa4-a97d-d965ccfc6d4b" outcome="Passed" testListId="8c84fa94-04c1-424b-9868-57a2d4851a1d" relativeResultsDirectory="be32cebf-6934-42ad-917f-48d55c2c3054" />
    <UnitTestResult executionId="d061ed5b-297e-46da-b41a-f94db1bf9cfa" testId="9d69f166-b376-a2ad-1cb5-4f5364963c50" testName="BuckScience.Tests.Application.FeatureWeights.GetFeatureWeightsDateResolutionTests.HandleAsync_WithDate_InvalidPropertyId_ThrowsInvalidOperationException" computerName="runnervmf4ws1" duration="00:00:00.0017288" startTime="2025-09-10T21:44:20.4657592+00:00" endTime="2025-09-10T21:44:20.4657592+00:00" testType="13cdc9d9-ddb5-4fa4-a97d-d965ccfc6d4b" outcome="Passed" testListId="8c84fa94-04c1-424b-9868-57a2d4851a1d" relativeResultsDirectory="d061ed5b-297e-46da-b41a-f94db1bf9cfa" />
    <UnitTestResult executionId="fab2637f-d93c-4f72-902b-303bfdab35ef" testId="5c61d628-c74f-c8f0-779e-82c0c2dc77df" testName="BuckScience.Tests.Web.Helpers.WeatherHelpersTests.ConvertWindDirectionTextToNumeric_ValidDirections_ReturnsCorrectDegrees(direction: &quot;N&quot;, expected: 0)" computerName="runnervmf4ws1" duration="00:00:00.0000061" startTime="2025-09-10T21:44:20.4914664+00:00" endTime="2025-09-10T21:44:20.4914664+00:00" testType="13cdc9d9-ddb5-4fa4-a97d-d965ccfc6d4b" outcome="Passed" testListId="8c84fa94-04c1-424b-9868-57a2d4851a1d" relativeResultsDirectory="fab2637f-d93c-4f72-902b-303bfdab35ef" />
    <UnitTestResult executionId="2ed07fe8-7304-498c-ae06-9461c2d2f2c8" testId="c5f68921-dad4-1a69-07c9-dd9ef56e29ff" testName="BuckScience.Tests.Application.SeasonMonthMappingServiceTests.SetPropertySeasonOverrideAsync_UpdatesExistingOverride_WhenOneExists" computerName="runnervmf4ws1" duration="00:00:00.0146826" startTime="2025-09-10T21:44:20.3696793+00:00" endTime="2025-09-10T21:44:20.3696793+00:00" testType="13cdc9d9-ddb5-4fa4-a97d-d965ccfc6d4b" outcome="Passed" testListId="8c84fa94-04c1-424b-9868-57a2d4851a1d" relativeResultsDirectory="2ed07fe8-7304-498c-ae06-9461c2d2f2c8" />
    <UnitTestResult executionId="4781173e-df4b-4bc0-83ad-ca5b169533d3" testId="e6b5dbec-3ede-e88e-98ad-309ef50c1b15" testName="BuckScience.Tests.FeatureHelperTests.CategoryMapping_ShouldContainAllClassificationTypes" computerName="runnervmf4ws1" duration="00:00:00.0003002" startTime="2025-09-10T21:44:20.1770516+00:00" endTime="2025-09-10T21:44:20.1770517+00:00" testType="13cdc9d9-ddb5-4fa4-a97d-d965ccfc6d4b" outcome="Passed" testListId="8c84fa94-04c1-424b-9868-57a2d4851a1d" relativeResultsDirectory="4781173e-df4b-4bc0-83ad-ca5b169533d3" />
    <UnitTestResult executionId="21c620c2-f562-49e4-87de-7e54cf862336" testId="4bb73173-b83c-b642-8102-032feaeaf8ff" testName="BuckScience.Tests.DirectionHelperTests.FromFloat_ShouldReturnCorrectDirection(degrees: 135, expectedDirection: SE)" computerName="runnervmf4ws1" duration="00:00:00.0000041" startTime="2025-09-10T21:44:19.0567593+00:00" endTime="2025-09-10T21:44:19.0567593+00:00" testType="13cdc9d9-ddb5-4fa4-a97d-d965ccfc6d4b" outcome="Passed" testListId="8c84fa94-04c1-424b-9868-57a2d4851a1d" relativeResultsDirectory="21c620c2-f562-49e4-87de-7e54cf862336" />
    <UnitTestResult executionId="dc19069d-d9da-45ac-8cb3-465f12e8dcb5" testId="fa35896d-315e-329a-8dc3-bb5ba3189b52" testName="BuckScience.Tests.Web.Helpers.WeatherHelpersTests.ConvertWindDirectionTextToNumeric_ValidDirections_ReturnsCorrectDegrees(direction: &quot;WNW&quot;, expected: 292.5)" computerName="runnervmf4ws1" duration="00:00:00.0002442" startTime="2025-09-10T21:44:20.4901915+00:00" endTime="2025-09-10T21:44:20.4901915+00:00" testType="13cdc9d9-ddb5-4fa4-a97d-d965ccfc6d4b" outcome="Passed" testListId="8c84fa94-04c1-424b-9868-57a2d4851a1d" relativeResultsDirectory="dc19069d-d9da-45ac-8cb3-465f12e8dcb5" />
    <UnitTestResult executionId="4d9f3fb1-0b8e-438c-8a62-3158417db89a" testId="d781b83d-5216-d63d-acc7-8c5d47cd7ccf" testName="BuckScience.Tests.CameraCreateVmTests.CameraCreateVm_DirectionSync_ShouldWorkForAllDirections(direction: W, expectedDegrees: 270)" computerName="runnervmf4ws1" duration="00:00:00.0000064" startTime="2025-09-10T21:44:20.1877057+00:00" endTime="2025-09-10T21:44:20.1877058+00:00" testType="13cdc9d9-ddb5-4fa4-a97d-d965ccfc6d4b" outcome="Passed" testListId="8c84fa94-04c1-424b-9868-57a2d4851a1d" relativeResultsDirectory="4d9f3fb1-0b8e-438c-8a62-3158417db89a" />
    <UnitTestResult executionId="7e176de6-43f7-4a37-842a-cb5fcced56ad" testId="1d7b16e9-5047-ebb1-e4a1-207c49ea6bcd" testName="BuckScience.Tests.Domain.PropertyFeatureTests.Constructor_WithInvalidWeight_ThrowsArgumentOutOfRangeException(weight: 2)" computerName="runnervmf4ws1" duration="00:00:00.0005029" startTime="2025-09-10T21:44:20.2434511+00:00" endTime="2025-09-10T21:44:20.2434512+00:00" testType="13cdc9d9-ddb5-4fa4-a97d-d965ccfc6d4b" outcome="Passed" testListId="8c84fa94-04c1-424b-9868-57a2d4851a1d" relativeResultsDirectory="7e176de6-43f7-4a37-842a-cb5fcced56ad" />
    <UnitTestResult executionId="1460fa65-f1c5-4f9d-9c68-d3f2513eaf3b" testId="aecfa300-816f-69bf-9efe-1e4204feea85" testName="BuckScience.Tests.Domain.SeasonExtensionsTests.GetDefaultMonths_AllSeasons_HaveValidAttributes" computerName="runnervmf4ws1" duration="00:00:00.0045411" startTime="2025-09-10T21:44:19.0835271+00:00" endTime="2025-09-10T21:44:19.0835272+00:00" testType="13cdc9d9-ddb5-4fa4-a97d-d965ccfc6d4b" outcome="Passed" testListId="8c84fa94-04c1-424b-9868-57a2d4851a1d" relativeResultsDirectory="1460fa65-f1c5-4f9d-9c68-d3f2513eaf3b" />
    <UnitTestResult executionId="00483663-cd1e-43f3-8e8e-d151b047f0b3" testId="0c5da287-efdb-ad86-5a1d-4f909e3eba8c" testName="BuckScience.Tests.PhotoFilteringUrlExamples.BuildFilters_UrlParameters_ShouldParseCorrectly(urlParams: &quot;windSpeedMin=5&amp;windSpeedMax=15&quot;, expectedTempMin: null, expectedTempMax: null, expectedWindMin: 5, expectedWindMax: 15)" computerName="runnervmf4ws1" duration="00:00:00.0000179" startTime="2025-09-10T21:44:19.0780708+00:00" endTime="2025-09-10T21:44:19.0780708+00:00" testType="13cdc9d9-ddb5-4fa4-a97d-d965ccfc6d4b" outcome="Passed" testListId="8c84fa94-04c1-424b-9868-57a2d4851a1d" relativeResultsDirectory="00483663-cd1e-43f3-8e8e-d151b047f0b3" />
    <UnitTestResult executionId="679a35a6-2082-40da-950f-88c3f8167de1" testId="33aaf4d3-9999-0bc6-ded9-bd2870cebad9" testName="BuckScience.Tests.Web.Helpers.WeatherHelpersTests.ConvertWindDirectionToText_VariousAngles_ReturnsCorrectDirection(degrees: 22.5, expected: &quot;NNE&quot;)" computerName="runnervmf4ws1" duration="00:00:00.0000039" startTime="2025-09-10T21:44:20.4666393+00:00" endTime="2025-09-10T21:44:20.4666394+00:00" testType="13cdc9d9-ddb5-4fa4-a97d-d965ccfc6d4b" outcome="Passed" testListId="8c84fa94-04c1-424b-9868-57a2d4851a1d" relativeResultsDirectory="679a35a6-2082-40da-950f-88c3f8167de1" />
    <UnitTestResult executionId="827568c5-3a65-40ed-80c4-3c14198ba2b0" testId="42292f25-9e9f-80d8-c32a-5aae5cd0c643" testName="BuckScience.Tests.FeatureHelperTests.GetFeatureDescription_ShouldReturnCorrectDescriptions" computerName="runnervmf4ws1" duration="00:00:00.0004555" startTime="2025-09-10T21:44:20.1809823+00:00" endTime="2025-09-10T21:44:20.1809824+00:00" testType="13cdc9d9-ddb5-4fa4-a97d-d965ccfc6d4b" outcome="Passed" testListId="8c84fa94-04c1-424b-9868-57a2d4851a1d" relativeResultsDirectory="827568c5-3a65-40ed-80c4-3c14198ba2b0" />
    <UnitTestResult executionId="e38ae008-9d86-4894-b0b6-c5584318766d" testId="e4c14db6-7ddb-4f54-d632-50f949736205" testName="BuckScience.Tests.Domain.FeatureWeightTests.FeatureWeightHelper_GetCategory_ReturnsCorrectCategory(type: AgCropField, expectedCategory: ResourceFood)" computerName="runnervmf4ws1" duration="00:00:00.0000083" startTime="2025-09-10T21:44:20.2052776+00:00" endTime="2025-09-10T21:44:20.2052776+00:00" testType="13cdc9d9-ddb5-4fa4-a97d-d965ccfc6d4b" outcome="Passed" testListId="8c84fa94-04c1-424b-9868-57a2d4851a1d" relativeResultsDirectory="e38ae008-9d86-4894-b0b6-c5584318766d" />
    <UnitTestResult executionId="0efc65a7-67f3-487f-8460-66bda305fc50" testId="d9d0929f-95f9-5181-aa9b-10571d330d53" testName="BuckScience.Tests.PropertyTagUpdateTest.TaggingPhoto_ShouldUpdatePropertyTags" computerName="runnervmf4ws1" duration="00:00:00.0497786" startTime="2025-09-10T21:44:20.5005424+00:00" endTime="2025-09-10T21:44:20.5005425+00:00" testType="13cdc9d9-ddb5-4fa4-a97d-d965ccfc6d4b" outcome="Passed" testListId="8c84fa94-04c1-424b-9868-57a2d4851a1d" relativeResultsDirectory="0efc65a7-67f3-487f-8460-66bda305fc50" />
    <UnitTestResult executionId="a5a5ea27-679f-4834-bf9a-b58428dc6040" testId="dab68c95-06ed-1b25-9b7e-b55b2972fccc" testName="BuckScience.Tests.WeatherServiceTests.RoundCoordinates_ShouldRoundTo1DecimalPlace" computerName="runnervmf4ws1" duration="00:00:00.0014655" startTime="2025-09-10T21:44:20.4359827+00:00" endTime="2025-09-10T21:44:20.4359828+00:00" testType="13cdc9d9-ddb5-4fa4-a97d-d965ccfc6d4b" outcome="Passed" testListId="8c84fa94-04c1-424b-9868-57a2d4851a1d" relativeResultsDirectory="a5a5ea27-679f-4834-bf9a-b58428dc6040" />
    <UnitTestResult executionId="57434172-cd14-424d-bb9a-3a45af6ea941" testId="bcc4ea35-2128-3f0c-9022-a8e4dbbfeab6" testName="BuckScience.Tests.Application.PropertyFeatureApplicationTests.UpdatePropertyFeature_WithWeight_UpdatesWeight" computerName="runnervmf4ws1" duration="00:00:00.0341048" startTime="2025-09-10T21:44:20.2721343+00:00" endTime="2025-09-10T21:44:20.2721346+00:00" testType="13cdc9d9-ddb5-4fa4-a97d-d965ccfc6d4b" outcome="Passed" testListId="8c84fa94-04c1-424b-9868-57a2d4851a1d" relativeResultsDirectory="57434172-cd14-424d-bb9a-3a45af6ea941" />
    <UnitTestResult executionId="9b6cfb64-9a52-4b78-b82c-193219e791b5" testId="96fd8acb-4fd6-1b77-8f7e-7416089655db" testName="BuckScience.Tests.Application.SeasonMonthMappingServiceTests.GetMonthsForPropertyAsync_WithoutOverrides_ReturnsCorrectDefaults(season: Rut, expectedMonths: [11])" computerName="runnervmf4ws1" duration="00:00:00.0012049" startTime="2025-09-10T21:44:20.2643422+00:00" endTime="2025-09-10T21:44:20.2643423+00:00" testType="13cdc9d9-ddb5-4fa4-a97d-d965ccfc6d4b" outcome="Passed" testListId="8c84fa94-04c1-424b-9868-57a2d4851a1d" relativeResultsDirectory="9b6cfb64-9a52-4b78-b82c-193219e791b5" />
    <UnitTestResult executionId="d21abf8e-9bba-4db2-af21-57b267fad294" testId="d322e661-5512-837b-be3c-27e6a4ac781f" testName="BuckScience.Tests.Application.SeasonMonthMappingServiceTests.GetPrimarySeasonForDateAsync_DefaultMappings_ReturnsExpectedSeason(month: 1, expectedSeason: LateSeason)" computerName="runnervmf4ws1" duration="00:00:00.0016053" startTime="2025-09-10T21:44:20.3529189+00:00" endTime="2025-09-10T21:44:20.3529190+00:00" testType="13cdc9d9-ddb5-4fa4-a97d-d965ccfc6d4b" outcome="Passed" testListId="8c84fa94-04c1-424b-9868-57a2d4851a1d" relativeResultsDirectory="d21abf8e-9bba-4db2-af21-57b267fad294" />
    <UnitTestResult executionId="a7af50b2-d0af-48cd-88d2-312d4d05c4fa" testId="ec065801-9998-c7ce-5285-3fe14e38cdac" testName="BuckScience.Tests.Web.Helpers.WeatherHelpersTests.ConvertWindDirectionTextToNumeric_InvalidText_ReturnsNull(direction: &quot;   &quot;)" computerName="runnervmf4ws1" duration="00:00:00.0005645" startTime="2025-09-10T21:44:20.4653750+00:00" endTime="2025-09-10T21:44:20.4653751+00:00" testType="13cdc9d9-ddb5-4fa4-a97d-d965ccfc6d4b" outcome="Passed" testListId="8c84fa94-04c1-424b-9868-57a2d4851a1d" relativeResultsDirectory="a7af50b2-d0af-48cd-88d2-312d4d05c4fa" />
    <UnitTestResult executionId="9f5e6dd0-69d6-4655-b3b1-a3a688d65eb1" testId="5d068b70-09ca-86be-04bc-7a667c7e0484" testName="BuckScience.Tests.Domain.PropertyFeatureTests.Constructor_WithNullWeight_SetsWeightToNull" computerName="runnervmf4ws1" duration="00:00:00.0001756" startTime="2025-09-10T21:44:20.2454475+00:00" endTime="2025-09-10T21:44:20.2454476+00:00" testType="13cdc9d9-ddb5-4fa4-a97d-d965ccfc6d4b" outcome="Passed" testListId="8c84fa94-04c1-424b-9868-57a2d4851a1d" relativeResultsDirectory="9f5e6dd0-69d6-4655-b3b1-a3a688d65eb1" />
    <UnitTestResult executionId="6201a8a9-7e79-4848-a937-43bd5cb253a9" testId="702f6073-82fe-153e-00ca-63e8665d8828" testName="BuckScience.Tests.Domain.PropertySeasonMonthsOverrideTests.PropertySeasonMonthsOverride_SetMonths_WithInvalidMonths_ThrowsArgumentOutOfRangeException(invalidMonths: [13])" computerName="runnervmf4ws1" duration="00:00:00.0002461" startTime="2025-09-10T21:44:20.3582120+00:00" endTime="2025-09-10T21:44:20.3582121+00:00" testType="13cdc9d9-ddb5-4fa4-a97d-d965ccfc6d4b" outcome="Passed" testListId="8c84fa94-04c1-424b-9868-57a2d4851a1d" relativeResultsDirectory="6201a8a9-7e79-4848-a937-43bd5cb253a9" />
    <UnitTestResult executionId="154d2221-0e8b-4248-b9e9-3724a0e93bae" testId="d983931e-3379-4c6a-5c76-852ec2540d36" testName="BuckScience.Tests.Web.Helpers.WeatherHelpersTests.ConvertWindDirectionToText_VariousAngles_ReturnsCorrectDirection(degrees: 361, expected: &quot;N&quot;)" computerName="runnervmf4ws1" duration="00:00:00.0003939" startTime="2025-09-10T21:44:20.4656773+00:00" endTime="2025-09-10T21:44:20.4656773+00:00" testType="13cdc9d9-ddb5-4fa4-a97d-d965ccfc6d4b" outcome="Passed" testListId="8c84fa94-04c1-424b-9868-57a2d4851a1d" relativeResultsDirectory="154d2221-0e8b-4248-b9e9-3724a0e93bae" />
    <UnitTestResult executionId="046961cc-fd78-469f-88d0-fbcd632f0b9f" testId="9b0f50d1-0319-2e52-3133-7e2638dde793" testName="BuckScience.Tests.CameraCreateVmTests.CameraCreateVm_DirectionSync_ShouldWorkForAllDirections(direction: E, expectedDegrees: 90)" computerName="runnervmf4ws1" duration="00:00:00.0000060" startTime="2025-09-10T21:44:20.1878167+00:00" endTime="2025-09-10T21:44:20.1878168+00:00" testType="13cdc9d9-ddb5-4fa4-a97d-d965ccfc6d4b" outcome="Passed" testListId="8c84fa94-04c1-424b-9868-57a2d4851a1d" relativeResultsDirectory="046961cc-fd78-469f-88d0-fbcd632f0b9f" />
    <UnitTestResult executionId="489de213-de74-46f7-9673-eaf505df2b01" testId="5439de61-630e-08c6-3445-f1eed3fd3847" testName="BuckScience.Tests.TagCleanupTests.RemoveTagFromPhotos_ShouldCleanupTag_WhenNotUsedAnywhere" computerName="runnervmf4ws1" duration="00:00:00.0243934" startTime="2025-09-10T21:44:20.3940656+00:00" endTime="2025-09-10T21:44:20.3940657+00:00" testType="13cdc9d9-ddb5-4fa4-a97d-d965ccfc6d4b" outcome="Passed" testListId="8c84fa94-04c1-424b-9868-57a2d4851a1d" relativeResultsDirectory="489de213-de74-46f7-9673-eaf505df2b01" />
    <UnitTestResult executionId="7e6b4eda-488a-4446-860c-913ba29cca26" testId="dcda31af-f667-08b1-cb3b-ad651df24d23" testName="BuckScience.Tests.Application.SeasonMonthMappingServiceTests.SeasonMonthMappingService_SupportsMultipleProperties_WithDifferentOverrides" computerName="runnervmf4ws1" duration="00:00:00.0033969" startTime="2025-09-10T21:44:20.4246970+00:00" endTime="2025-09-10T21:44:20.4246971+00:00" testType="13cdc9d9-ddb5-4fa4-a97d-d965ccfc6d4b" outcome="Passed" testListId="8c84fa94-04c1-424b-9868-57a2d4851a1d" relativeResultsDirectory="7e6b4eda-488a-4446-860c-913ba29cca26" />
    <UnitTestResult executionId="a1b31d43-e8f9-4e07-bb1f-b2e4fbc97ad8" testId="dca73a03-b0b0-9398-437e-9e75519b25e4" testName="BuckScience.Tests.CameraPlacementHistoryTests.CameraPlacementHistory_EndPlacement_ShouldThrowIfAlreadyEnded" computerName="runnervmf4ws1" duration="00:00:00.0004771" startTime="2025-09-10T21:44:20.3174921+00:00" endTime="2025-09-10T21:44:20.3174922+00:00" testType="13cdc9d9-ddb5-4fa4-a97d-d965ccfc6d4b" outcome="Passed" testListId="8c84fa94-04c1-424b-9868-57a2d4851a1d" relativeResultsDirectory="a1b31d43-e8f9-4e07-bb1f-b2e4fbc97ad8" />
    <UnitTestResult executionId="5947a39e-e086-4665-911f-c6a1e1bb2c0e" testId="2eacfbf3-667b-5a8e-52a0-d9d512e960c7" testName="BuckScience.Tests.Web.Helpers.WeatherHelpersTests.ConvertWindDirectionToText_VariousAngles_ReturnsCorrectDirection(degrees: 270, expected: &quot;W&quot;)" computerName="runnervmf4ws1" duration="00:00:00.0000050" startTime="2025-09-10T21:44:20.4668705+00:00" endTime="2025-09-10T21:44:20.4668705+00:00" testType="13cdc9d9-ddb5-4fa4-a97d-d965ccfc6d4b" outcome="Passed" testListId="8c84fa94-04c1-424b-9868-57a2d4851a1d" relativeResultsDirectory="5947a39e-e086-4665-911f-c6a1e1bb2c0e" />
    <UnitTestResult executionId="e8e6e752-bb4e-4869-a056-e5969c234ce8" testId="5ad698c0-31c3-b3d2-caa9-9fa5ad866948" testName="BuckScience.Tests.FeatureHelperTests.FeatureNames_ShouldContainAllClassificationTypes" computerName="runnervmf4ws1" duration="00:00:00.0003084" startTime="2025-09-10T21:44:20.1853307+00:00" endTime="2025-09-10T21:44:20.1853307+00:00" testType="13cdc9d9-ddb5-4fa4-a97d-d965ccfc6d4b" outcome="Passed" testListId="8c84fa94-04c1-424b-9868-57a2d4851a1d" relativeResultsDirectory="e8e6e752-bb4e-4869-a056-e5969c234ce8" />
    <UnitTestResult executionId="1717b3b3-25bc-4478-a4e1-ada315297262" testId="596b7c00-efcf-3d4d-3dbb-d2705ed5b371" testName="BuckScience.Tests.Application.FeatureWeights.UpdateDefaultFeatureWeightsTests.UpdateDefaultFeatureWeights_UpdatesDefaultWeightsCorrectly" computerName="runnervmf4ws1" duration="00:00:00.0114390" startTime="2025-09-10T21:44:20.3342018+00:00" endTime="2025-09-10T21:44:20.3342019+00:00" testType="13cdc9d9-ddb5-4fa4-a97d-d965ccfc6d4b" outcome="Passed" testListId="8c84fa94-04c1-424b-9868-57a2d4851a1d" relativeResultsDirectory="1717b3b3-25bc-4478-a4e1-ada315297262" />
    <UnitTestResult executionId="0c77dbf9-1d48-4a57-b7f7-0eadf7266e55" testId="6acfe581-a1ff-0243-6a25-fa30ab98af8f" testName="BuckScience.Tests.FeatureHelperTests.GetCategory_ShouldReturnCorrectCategoryForFoodResources" computerName="runnervmf4ws1" duration="00:00:00.0001736" startTime="2025-09-10T21:44:20.1763643+00:00" endTime="2025-09-10T21:44:20.1763644+00:00" testType="13cdc9d9-ddb5-4fa4-a97d-d965ccfc6d4b" outcome="Passed" testListId="8c84fa94-04c1-424b-9868-57a2d4851a1d" relativeResultsDirectory="0c77dbf9-1d48-4a57-b7f7-0eadf7266e55" />
    <UnitTestResult executionId="0702f1fc-41da-452d-9adb-0770f3f57d6c" testId="35247ab4-97a5-e557-91c7-742a1f89dba4" testName="BuckScience.Tests.Web.Helpers.WeatherHelpersTests.ConvertWindDirectionTextToNumeric_InvalidText_ReturnsNull(direction: &quot;Northeast&quot;)" computerName="runnervmf4ws1" duration="00:00:00.0003477" startTime="2025-09-10T21:44:20.4654364+00:00" endTime="2025-09-10T21:44:20.4654365+00:00" testType="13cdc9d9-ddb5-4fa4-a97d-d965ccfc6d4b" outcome="Passed" testListId="8c84fa94-04c1-424b-9868-57a2d4851a1d" relativeResultsDirectory="0702f1fc-41da-452d-9adb-0770f3f57d6c" />
    <UnitTestResult executionId="9b36ffca-abde-44cc-83de-db8085c74f9e" testId="7264d755-3cfa-51c2-00b7-8c3c5d03bdbd" testName="BuckScience.Tests.Web.Helpers.WeatherHelpersTests.ConvertMoonPhaseTextToNumeric_ValidText_ReturnsCorrectValue(text: &quot;Waxing Crescent&quot;, expected: 0.125)" computerName="runnervmf4ws1" duration="00:00:00.0000096" startTime="2025-09-10T21:44:20.4923225+00:00" endTime="2025-09-10T21:44:20.4923226+00:00" testType="13cdc9d9-ddb5-4fa4-a97d-d965ccfc6d4b" outcome="Passed" testListId="8c84fa94-04c1-424b-9868-57a2d4851a1d" relativeResultsDirectory="9b36ffca-abde-44cc-83de-db8085c74f9e" />
    <UnitTestResult executionId="28ee6f3a-fcae-4c5f-afc0-81573cdf86bb" testId="a7aa3cc0-0ea1-3d0c-3a62-ac5a405bf34e" testName="BuckScience.Tests.TaggingRequirementsTests.Requirement1_DatabaseSchema_ShouldMeetAllSpecifications" computerName="runnervmf4ws1" duration="00:00:00.9185680" startTime="2025-09-10T21:44:19.9897198+00:00" endTime="2025-09-10T21:44:19.9897200+00:00" testType="13cdc9d9-ddb5-4fa4-a97d-d965ccfc6d4b" outcome="Passed" testListId="8c84fa94-04c1-424b-9868-57a2d4851a1d" relativeResultsDirectory="28ee6f3a-fcae-4c5f-afc0-81573cdf86bb" />
    <UnitTestResult executionId="4fc68492-3aa6-4ffb-b2d7-cb122d8e5f0c" testId="c7c0db12-a7c7-5d4d-aeb3-925cdb576fb9" testName="BuckScience.Tests.Domain.FeatureWeightTests.FeatureWeight_ResetToDefault_UpdatesTimestamp" computerName="runnervmf4ws1" duration="00:00:00.0157132" startTime="2025-09-10T21:44:20.2284809+00:00" endTime="2025-09-10T21:44:20.2284811+00:00" testType="13cdc9d9-ddb5-4fa4-a97d-d965ccfc6d4b" outcome="Passed" testListId="8c84fa94-04c1-424b-9868-57a2d4851a1d" relativeResultsDirectory="4fc68492-3aa6-4ffb-b2d7-cb122d8e5f0c" />
    <UnitTestResult executionId="d98d9909-a169-40f0-b83e-637fc1dfa842" testId="0c283173-5d83-3aa6-5e6a-5b618b66073f" testName="BuckScience.Tests.Domain.MonthsAttributeTests.MonthsAttribute_Constructor_WithInvalidMonth_ThrowsArgumentOutOfRangeException(invalidMonth: 13)" computerName="runnervmf4ws1" duration="00:00:00.0003176" startTime="2025-09-10T21:44:20.2359438+00:00" endTime="2025-09-10T21:44:20.2359439+00:00" testType="13cdc9d9-ddb5-4fa4-a97d-d965ccfc6d4b" outcome="Passed" testListId="8c84fa94-04c1-424b-9868-57a2d4851a1d" relativeResultsDirectory="d98d9909-a169-40f0-b83e-637fc1dfa842" />
    <UnitTestResult executionId="2d537313-90f0-40ec-9548-df2e253d6116" testId="80f7e275-5c62-bf32-953c-a522d71f0911" testName="BuckScience.Tests.PhotoFilteringUrlExamples.PhotoFiltering_RealWorldScenario_MoonPhaseAndConditions" computerName="runnervmf4ws1" duration="00:00:00.0134315" startTime="2025-09-10T21:44:19.0544411+00:00" endTime="2025-09-10T21:44:19.0544412+00:00" testType="13cdc9d9-ddb5-4fa4-a97d-d965ccfc6d4b" outcome="Passed" testListId="8c84fa94-04c1-424b-9868-57a2d4851a1d" relativeResultsDirectory="2d537313-90f0-40ec-9548-df2e253d6116" />
    <UnitTestResult executionId="c45b51cd-a8e2-4a3f-aeab-325fd40effbf" testId="725e041b-cd4a-19c3-f7e9-4d20b2961a86" testName="BuckScience.Tests.Domain.MonthsAttributeTests.MonthsAttribute_Constructor_WithInvalidMonth_ThrowsArgumentOutOfRangeException(invalidMonth: 25)" computerName="runnervmf4ws1" duration="00:00:00.0000541" startTime="2025-09-10T21:44:20.2361768+00:00" endTime="2025-09-10T21:44:20.2361770+00:00" testType="13cdc9d9-ddb5-4fa4-a97d-d965ccfc6d4b" outcome="Passed" testListId="8c84fa94-04c1-424b-9868-57a2d4851a1d" relativeResultsDirectory="c45b51cd-a8e2-4a3f-aeab-325fd40effbf" />
    <UnitTestResult executionId="09ffeeff-f71c-451f-89e8-76ce4f5181a5" testId="5caf925d-9bc2-c40c-f14f-bb094f78a12c" testName="BuckScience.Tests.PhotoGroupingTests.PropertyPhotosSortBy_ShouldMapCorrectly" computerName="runnervmf4ws1" duration="00:00:00.0008139" startTime="2025-09-10T21:44:19.1029457+00:00" endTime="2025-09-10T21:44:19.1029458+00:00" testType="13cdc9d9-ddb5-4fa4-a97d-d965ccfc6d4b" outcome="Passed" testListId="8c84fa94-04c1-424b-9868-57a2d4851a1d" relativeResultsDirectory="09ffeeff-f71c-451f-89e8-76ce4f5181a5" />
    <UnitTestResult executionId="d660bd42-0b7e-4c8f-9436-b8c9940cd2d0" testId="abcb8fa3-cd85-2471-5636-a22af31205a3" testName="BuckScience.Tests.Domain.FeatureWeightTests.FeatureWeightHelper_GetDefaultWeight_ReturnsExpectedValues(type: AgCropField, expectedWeight: 0.800000012)" computerName="runnervmf4ws1" duration="00:00:00.0000068" startTime="2025-09-10T21:44:20.1951327+00:00" endTime="2025-09-10T21:44:20.1951328+00:00" testType="13cdc9d9-ddb5-4fa4-a97d-d965ccfc6d4b" outcome="Passed" testListId="8c84fa94-04c1-424b-9868-57a2d4851a1d" relativeResultsDirectory="d660bd42-0b7e-4c8f-9436-b8c9940cd2d0" />
    <UnitTestResult executionId="2511ba18-24d5-40c6-9c81-8a866cf8602e" testId="d6776beb-14db-e4df-c8a3-8f90548062bb" testName="BuckScience.Tests.Domain.FeatureWeightTests.FeatureWeight_SetSeasonalWeights_SetsIsCustomToTrue" computerName="runnervmf4ws1" duration="00:00:00.0002336" startTime="2025-09-10T21:44:20.2326390+00:00" endTime="2025-09-10T21:44:20.2326391+00:00" testType="13cdc9d9-ddb5-4fa4-a97d-d965ccfc6d4b" outcome="Passed" testListId="8c84fa94-04c1-424b-9868-57a2d4851a1d" relativeResultsDirectory="2511ba18-24d5-40c6-9c81-8a866cf8602e" />
    <UnitTestResult executionId="2db61191-945c-45c4-9913-314d2db56a9b" testId="08a9b593-cfee-9bdf-6d80-833bb0b65ba9" testName="BuckScience.Tests.CameraCreateVmTests.CameraCreateVm_SyncSelectionFromDirection_ShouldUpdateDirectionSelection" computerName="runnervmf4ws1" duration="00:00:00.0002157" startTime="2025-09-10T21:44:20.1969602+00:00" endTime="2025-09-10T21:44:20.1969602+00:00" testType="13cdc9d9-ddb5-4fa4-a97d-d965ccfc6d4b" outcome="Passed" testListId="8c84fa94-04c1-424b-9868-57a2d4851a1d" relativeResultsDirectory="2db61191-945c-45c4-9913-314d2db56a9b" />
    <UnitTestResult executionId="c5caf864-55fc-4acd-984a-3e41ccc5ceba" testId="a52561ca-dbe3-d21e-cc1f-fbc0bb577901" testName="BuckScience.Tests.Web.Helpers.WeatherHelpersTests.ConvertMoonPhaseTextToNumeric_ValidText_ReturnsCorrectValue(text: &quot;Full Moon&quot;, expected: 0.5)" computerName="runnervmf4ws1" duration="00:00:00.0000104" startTime="2025-09-10T21:44:20.4923735+00:00" endTime="2025-09-10T21:44:20.4923735+00:00" testType="13cdc9d9-ddb5-4fa4-a97d-d965ccfc6d4b" outcome="Passed" testListId="8c84fa94-04c1-424b-9868-57a2d4851a1d" relativeResultsDirectory="c5caf864-55fc-4acd-984a-3e41ccc5ceba" />
    <UnitTestResult executionId="74657cba-7f39-44c4-9ba0-87db6c202eab" testId="3101a1d2-70b0-545d-5f32-eb96f6803b5f" testName="BuckScience.Tests.Domain.FeatureWeightTests.FeatureWeightHelper_GetCategory_ReturnsCorrectCategory(type: Ridge, expectedCategory: Topographical)" computerName="runnervmf4ws1" duration="00:00:00.0003473" startTime="2025-09-10T21:44:20.2052107+00:00" endTime="2025-09-10T21:44:20.2052108+00:00" testType="13cdc9d9-ddb5-4fa4-a97d-d965ccfc6d4b" outcome="Passed" testListId="8c84fa94-04c1-424b-9868-57a2d4851a1d" relativeResultsDirectory="74657cba-7f39-44c4-9ba0-87db6c202eab" />
    <UnitTestResult executionId="79a8db2b-9498-4546-bcd0-eaa57ddabcd4" testId="1346760c-63cd-b7f1-1c05-6d40bed27cce" testName="BuckScience.Tests.Application.PropertyFeatureApplicationTests.UpdatePropertyFeature_WithInvalidWeight_ThrowsArgumentOutOfRangeException" computerName="runnervmf4ws1" duration="00:00:00.0032898" startTime="2025-09-10T21:44:20.2815374+00:00" endTime="2025-09-10T21:44:20.2815375+00:00" testType="13cdc9d9-ddb5-4fa4-a97d-d965ccfc6d4b" outcome="Passed" testListId="8c84fa94-04c1-424b-9868-57a2d4851a1d" relativeResultsDirectory="79a8db2b-9498-4546-bcd0-eaa57ddabcd4" />
    <UnitTestResult executionId="bb315f7b-3246-4761-a294-323a970aaf6d" testId="22960b58-9cb3-5bbf-01a8-8b59f0364e15" testName="BuckScience.Tests.CameraDetailsVmTests.CameraDetailsVm_ShouldHaveAllRequiredProperties" computerName="runnervmf4ws1" duration="00:00:00.0032173" startTime="2025-09-10T21:44:20.3384726+00:00" endTime="2025-09-10T21:44:20.3384727+00:00" testType="13cdc9d9-ddb5-4fa4-a97d-d965ccfc6d4b" outcome="Passed" testListId="8c84fa94-04c1-424b-9868-57a2d4851a1d" relativeResultsDirectory="bb315f7b-3246-4761-a294-323a970aaf6d" />
    <UnitTestResult executionId="af1b7e10-5d9b-45ef-be03-1df32efa37ab" testId="40701e53-787e-9af9-e51e-796a4964c5fd" testName="BuckScience.Tests.Domain.MonthsAttributeTests.MonthsAttribute_Constructor_WithMixedValidAndInvalidMonths_ThrowsArgumentOutOfRangeException" computerName="runnervmf4ws1" duration="00:00:00.0003471" startTime="2025-09-10T21:44:20.2390717+00:00" endTime="2025-09-10T21:44:20.2390717+00:00" testType="13cdc9d9-ddb5-4fa4-a97d-d965ccfc6d4b" outcome="Passed" testListId="8c84fa94-04c1-424b-9868-57a2d4851a1d" relativeResultsDirectory="af1b7e10-5d9b-45ef-be03-1df32efa37ab" />
    <UnitTestResult executionId="0920ae17-fc90-4c6d-9abb-5247967cd77b" testId="a5c2b0ef-9ac8-1463-26cc-ed3d53a88d4a" testName="BuckScience.Tests.Application.SeasonMonthMappingServiceTests.DateResolution_CrossYearBoundary_HandlesCorrectly" computerName="runnervmf4ws1" duration="00:00:00.0066912" startTime="2025-09-10T21:44:20.3764865+00:00" endTime="2025-09-10T21:44:20.3764866+00:00" testType="13cdc9d9-ddb5-4fa4-a97d-d965ccfc6d4b" outcome="Passed" testListId="8c84fa94-04c1-424b-9868-57a2d4851a1d" relativeResultsDirectory="0920ae17-fc90-4c6d-9abb-5247967cd77b" />
    <UnitTestResult executionId="4eb1f433-dbd4-45b8-89bc-437d43f8533c" testId="7c2d9e42-a64f-2cb9-82f9-1e417facca20" testName="BuckScience.Tests.Application.SeasonMonthMappingServiceTests.GetMonthsForPropertyAsync_WithoutOverrides_ReturnsCorrectDefaults(season: PostRut, expectedMonths: [12])" computerName="runnervmf4ws1" duration="00:00:00.0007088" startTime="2025-09-10T21:44:20.2644958+00:00" endTime="2025-09-10T21:44:20.2644959+00:00" testType="13cdc9d9-ddb5-4fa4-a97d-d965ccfc6d4b" outcome="Passed" testListId="8c84fa94-04c1-424b-9868-57a2d4851a1d" relativeResultsDirectory="4eb1f433-dbd4-45b8-89bc-437d43f8533c" />
    <UnitTestResult executionId="b029bed3-ed6d-4635-b613-69f312149695" testId="41d6624e-c316-a2d4-4992-8e24e9424bdf" testName="BuckScience.Tests.Domain.PropertySeasonMonthsOverrideTests.PropertySeasonMonthsOverride_RoundTripSerialization_MaintainsData(months: [1, 2, 3, 4, 5, ...])" computerName="runnervmf4ws1" duration="00:00:00.0001860" startTime="2025-09-10T21:44:20.3415653+00:00" endTime="2025-09-10T21:44:20.3415654+00:00" testType="13cdc9d9-ddb5-4fa4-a97d-d965ccfc6d4b" outcome="Passed" testListId="8c84fa94-04c1-424b-9868-57a2d4851a1d" relativeResultsDirectory="b029bed3-ed6d-4635-b613-69f312149695" />
    <UnitTestResult executionId="44288182-8444-4e3d-a9a3-3385ede0dae5" testId="ee1257ff-a5a9-5181-9e7b-d35ad6e89445" testName="BuckScience.Tests.Domain.FeatureWeightTests.FeatureWeight_GetEffectiveWeight_ReturnsSeasonalWeightWhenAvailable" computerName="runnervmf4ws1" duration="00:00:00.0005500" startTime="2025-09-10T21:44:20.2330434+00:00" endTime="2025-09-10T21:44:20.2330434+00:00" testType="13cdc9d9-ddb5-4fa4-a97d-d965ccfc6d4b" outcome="Passed" testListId="8c84fa94-04c1-424b-9868-57a2d4851a1d" relativeResultsDirectory="44288182-8444-4e3d-a9a3-3385ede0dae5" />
    <UnitTestResult executionId="17d86457-47d5-40db-8629-cc845a652ca6" testId="877174d0-c487-453a-b8ad-4f52137508be" testName="BuckScience.Tests.PhotoFiltersTests.PhotoFilters_HasWeatherFilters_ReturnsTrueWhenConditionsFilterSet" computerName="runnervmf4ws1" duration="00:00:00.0002522" startTime="2025-09-10T21:44:20.4525689+00:00" endTime="2025-09-10T21:44:20.4525690+00:00" testType="13cdc9d9-ddb5-4fa4-a97d-d965ccfc6d4b" outcome="Passed" testListId="8c84fa94-04c1-424b-9868-57a2d4851a1d" relativeResultsDirectory="17d86457-47d5-40db-8629-cc845a652ca6" />
    <UnitTestResult executionId="9723fb25-11d9-4b64-9942-ff43e585a206" testId="d619cb92-2daa-6482-f5e5-56eaf7f3851b" testName="BuckScience.Tests.Domain.FeatureWeightTests.FeatureWeight_UpdateDefaultWeight_ValidatesWeightRange" computerName="runnervmf4ws1" duration="00:00:00.0012073" startTime="2025-09-10T21:44:20.2302566+00:00" endTime="2025-09-10T21:44:20.2302567+00:00" testType="13cdc9d9-ddb5-4fa4-a97d-d965ccfc6d4b" outcome="Passed" testListId="8c84fa94-04c1-424b-9868-57a2d4851a1d" relativeResultsDirectory="9723fb25-11d9-4b64-9942-ff43e585a206" />
    <UnitTestResult executionId="1bacaef5-dab8-45be-8743-51f24489ee80" testId="a8cebbec-cc48-449c-a357-e8867b7cdbdf" testName="BuckScience.Tests.DirectionHelperTests.DirectionMapping_ShouldBeConsistent" computerName="runnervmf4ws1" duration="00:00:00.0041269" startTime="2025-09-10T21:44:19.0778684+00:00" endTime="2025-09-10T21:44:19.0778684+00:00" testType="13cdc9d9-ddb5-4fa4-a97d-d965ccfc6d4b" outcome="Passed" testListId="8c84fa94-04c1-424b-9868-57a2d4851a1d" relativeResultsDirectory="1bacaef5-dab8-45be-8743-51f24489ee80" />
    <UnitTestResult executionId="524b45ec-599f-4a8b-aa59-396e1f9db9c1" testId="9e88128c-c893-0f4c-cf4f-ba4eb6951e77" testName="BuckScience.Tests.Domain.MonthsAttributeTests.MonthsAttribute_Constructor_WithAllMonths_SetsAllMonthsCorrectly" computerName="runnervmf4ws1" duration="00:00:00.0002208" startTime="2025-09-10T21:44:20.2389973+00:00" endTime="2025-09-10T21:44:20.2389974+00:00" testType="13cdc9d9-ddb5-4fa4-a97d-d965ccfc6d4b" outcome="Passed" testListId="8c84fa94-04c1-424b-9868-57a2d4851a1d" relativeResultsDirectory="524b45ec-599f-4a8b-aa59-396e1f9db9c1" />
    <UnitTestResult executionId="8c982be5-d2a5-4f2e-8ad6-fad0a33aaeb4" testId="1081f476-b46f-b748-a843-410e7a84ac42" testName="BuckScience.Tests.Application.SeasonMonthMappingServiceTests.GetPrimarySeasonForDateAsync_DefaultMappings_ReturnsExpectedSeason(month: 11, expectedSeason: Rut)" computerName="runnervmf4ws1" duration="00:00:00.0022174" startTime="2025-09-10T21:44:20.3486766+00:00" endTime="2025-09-10T21:44:20.3486767+00:00" testType="13cdc9d9-ddb5-4fa4-a97d-d965ccfc6d4b" outcome="Passed" testListId="8c84fa94-04c1-424b-9868-57a2d4851a1d" relativeResultsDirectory="8c982be5-d2a5-4f2e-8ad6-fad0a33aaeb4" />
    <UnitTestResult executionId="7f50b68e-6db1-4b1a-9978-e2baf41f6c78" testId="d593ac04-048b-ea90-6f6f-6fab4431a8fd" testName="BuckScience.Tests.Application.SeasonMonthMappingServiceTests.GetMonthsForPropertyAsync_WithoutOverrides_ReturnsCorrectDefaults(season: LateSeason, expectedMonths: [12, 1])" computerName="runnervmf4ws1" duration="00:00:00.0135627" startTime="2025-09-10T21:44:20.2613282+00:00" endTime="2025-09-10T21:44:20.2613283+00:00" testType="13cdc9d9-ddb5-4fa4-a97d-d965ccfc6d4b" outcome="Passed" testListId="8c84fa94-04c1-424b-9868-57a2d4851a1d" relativeResultsDirectory="7f50b68e-6db1-4b1a-9978-e2baf41f6c78" />
    <UnitTestResult executionId="1ab03f9d-cbd8-4373-9c3e-faafc589cabe" testId="1da9127c-d651-72aa-5a84-7cfe9f562b5c" testName="BuckScience.Tests.Domain.PropertySeasonMonthsOverrideTests.PropertySeasonMonthsOverride_Constructor_WithInvalidPropertyId_ThrowsArgumentOutOfRangeException(invalidPropertyId: -100)" computerName="runnervmf4ws1" duration="00:00:00.0002463" startTime="2025-09-10T21:44:20.3397123+00:00" endTime="2025-09-10T21:44:20.3397125+00:00" testType="13cdc9d9-ddb5-4fa4-a97d-d965ccfc6d4b" outcome="Passed" testListId="8c84fa94-04c1-424b-9868-57a2d4851a1d" relativeResultsDirectory="1ab03f9d-cbd8-4373-9c3e-faafc589cabe" />
    <UnitTestResult executionId="ef01299b-8e82-4a1a-9880-c459db771e6a" testId="305d09f5-4e54-c015-79c0-ffb75c48bf18" testName="BuckScience.Tests.Domain.SeasonExtensionsTests.GetDefaultMonths_PostRut_ReturnsCorrectMonths" computerName="runnervmf4ws1" duration="00:00:00.0077695" startTime="2025-09-10T21:44:19.0792586+00:00" endTime="2025-09-10T21:44:19.0792587+00:00" testType="13cdc9d9-ddb5-4fa4-a97d-d965ccfc6d4b" outcome="Passed" testListId="8c84fa94-04c1-424b-9868-57a2d4851a1d" relativeResultsDirectory="ef01299b-8e82-4a1a-9880-c459db771e6a" />
    <UnitTestResult executionId="37207443-ca3f-4f8b-981b-3edf85f28b30" testId="e7727167-90de-6177-0043-c32edeea9377" testName="BuckScience.Tests.Domain.PropertySeasonMonthsOverrideTests.PropertySeasonMonthsOverride_RoundTripSerialization_MaintainsData(months: [1])" computerName="runnervmf4ws1" duration="00:00:00.0000355" startTime="2025-09-10T21:44:20.3416850+00:00" endTime="2025-09-10T21:44:20.3416850+00:00" testType="13cdc9d9-ddb5-4fa4-a97d-d965ccfc6d4b" outcome="Passed" testListId="8c84fa94-04c1-424b-9868-57a2d4851a1d" relativeResultsDirectory="37207443-ca3f-4f8b-981b-3edf85f28b30" />
    <UnitTestResult executionId="32e08c59-b43f-4a20-bf55-3145b40eb927" testId="75b50791-58b3-a264-c6bb-b7e6f52f0f9b" testName="BuckScience.Tests.Domain.MonthsAttributeTests.MonthsAttribute_Constructor_WithBoundaryValidMonths_SetsMonthsCorrectly(month: 1)" computerName="runnervmf4ws1" duration="00:00:00.0002570" startTime="2025-09-10T21:44:20.2379687+00:00" endTime="2025-09-10T21:44:20.2379688+00:00" testType="13cdc9d9-ddb5-4fa4-a97d-d965ccfc6d4b" outcome="Passed" testListId="8c84fa94-04c1-424b-9868-57a2d4851a1d" relativeResultsDirectory="32e08c59-b43f-4a20-bf55-3145b40eb927" />
    <UnitTestResult executionId="9139dda5-d809-4da3-879a-9ca3c34f9214" testId="cd550bc2-0f86-e40a-cd18-9b7914553212" testName="BuckScience.Tests.Application.SeasonMonthMappingServiceTests.GetAllPropertyOverridesAsync_ReturnsEmptyDictionary_WhenNoOverrides" computerName="runnervmf4ws1" duration="00:00:00.0021851" startTime="2025-09-10T21:44:20.4141160+00:00" endTime="2025-09-10T21:44:20.4141161+00:00" testType="13cdc9d9-ddb5-4fa4-a97d-d965ccfc6d4b" outcome="Passed" testListId="8c84fa94-04c1-424b-9868-57a2d4851a1d" relativeResultsDirectory="9139dda5-d809-4da3-879a-9ca3c34f9214" />
    <UnitTestResult executionId="fb656ac3-e19e-4f33-be72-b711c886ba43" testId="b737e5bb-0356-fd2c-e9f5-061fb14537a5" testName="BuckScience.Tests.Application.PropertyFeatureApplicationTests.CreatePropertyFeature_WithWeight_CreatesFeatureWithWeight" computerName="runnervmf4ws1" duration="00:00:00.0032822" startTime="2025-09-10T21:44:20.2380499+00:00" endTime="2025-09-10T21:44:20.2380499+00:00" testType="13cdc9d9-ddb5-4fa4-a97d-d965ccfc6d4b" outcome="Passed" testListId="8c84fa94-04c1-424b-9868-57a2d4851a1d" relativeResultsDirectory="fb656ac3-e19e-4f33-be72-b711c886ba43" />
    <UnitTestResult executionId="1e9b8dae-4e93-496e-80db-5328baee6015" testId="117d72dd-b186-d8e9-ce14-8d711079c929" testName="BuckScience.Tests.Web.Helpers.WeatherHelpersTests.ConvertWindDirectionTextToNumeric_ValidDirections_ReturnsCorrectDegrees(direction: &quot;WSW&quot;, expected: 247.5)" computerName="runnervmf4ws1" duration="00:00:00.0000098" startTime="2025-09-10T21:44:20.4904740+00:00" endTime="2025-09-10T21:44:20.4904740+00:00" testType="13cdc9d9-ddb5-4fa4-a97d-d965ccfc6d4b" outcome="Passed" testListId="8c84fa94-04c1-424b-9868-57a2d4851a1d" relativeResultsDirectory="1e9b8dae-4e93-496e-80db-5328baee6015" />
    <UnitTestResult executionId="69a82a85-8f34-4774-950f-2f73767e85a1" testId="8d702d1b-c14c-4dd0-cea5-aaa087d77d3f" testName="BuckScience.Tests.CameraEditVmTests.CameraEditVm_SyncSelectionFromDirection_ShouldFindClosestDirection" computerName="runnervmf4ws1" duration="00:00:00.0001618" startTime="2025-09-10T21:44:20.3209227+00:00" endTime="2025-09-10T21:44:20.3209227+00:00" testType="13cdc9d9-ddb5-4fa4-a97d-d965ccfc6d4b" outcome="Passed" testListId="8c84fa94-04c1-424b-9868-57a2d4851a1d" relativeResultsDirectory="69a82a85-8f34-4774-950f-2f73767e85a1" />
    <UnitTestResult executionId="f697fd45-41db-4565-886b-774f02cbb28a" testId="48d95b96-b471-deb8-51bf-62c5a89928a2" testName="BuckScience.Tests.Web.Helpers.WeatherHelpersTests.ConvertMoonPhaseToText_VariousValues_ReturnsCorrectText(phase: 0.59999999999999998, expected: &quot;Waning Gibbous&quot;)" computerName="runnervmf4ws1" duration="00:00:00.0000038" startTime="2025-09-10T21:44:20.4642701+00:00" endTime="2025-09-10T21:44:20.4642702+00:00" testType="13cdc9d9-ddb5-4fa4-a97d-d965ccfc6d4b" outcome="Passed" testListId="8c84fa94-04c1-424b-9868-57a2d4851a1d" relativeResultsDirectory="f697fd45-41db-4565-886b-774f02cbb28a" />
    <UnitTestResult executionId="88b8da19-cb21-4729-a334-bdc4c8d9d71b" testId="def966b3-b198-e5b0-2219-bdde89be7924" testName="BuckScience.Tests.CameraEditVmTests.CameraEditVm_ValidationAttributes_ShouldBeApplied" computerName="runnervmf4ws1" duration="00:00:00.0014672" startTime="2025-09-10T21:44:20.3222430+00:00" endTime="2025-09-10T21:44:20.3222431+00:00" testType="13cdc9d9-ddb5-4fa4-a97d-d965ccfc6d4b" outcome="Passed" testListId="8c84fa94-04c1-424b-9868-57a2d4851a1d" relativeResultsDirectory="88b8da19-cb21-4729-a334-bdc4c8d9d71b" />
    <UnitTestResult executionId="6fc65d62-df11-43fa-88a2-262b1e0d7c68" testId="b1f41500-5f15-b967-f0a8-55e935ea7819" testName="BuckScience.Tests.WeatherBatchProcessingTests.WeatherService_ShouldRoundCoordinatesConsistently" computerName="runnervmf4ws1" duration="00:00:00.0362662" startTime="2025-09-10T21:44:20.4351725+00:00" endTime="2025-09-10T21:44:20.4351727+00:00" testType="13cdc9d9-ddb5-4fa4-a97d-d965ccfc6d4b" outcome="Passed" testListId="8c84fa94-04c1-424b-9868-57a2d4851a1d" relativeResultsDirectory="6fc65d62-df11-43fa-88a2-262b1e0d7c68" />
    <UnitTestResult executionId="963e0c57-44e3-4ccb-bb33-e41f5435d2e1" testId="4103318d-2de0-6e72-8544-27607329cbb3" testName="BuckScience.Tests.CameraDetailsVmTests.CameraDetailsVm_ShouldAllowNullModel" computerName="runnervmf4ws1" duration="00:00:00.0007452" startTime="2025-09-10T21:44:20.3373226+00:00" endTime="2025-09-10T21:44:20.3373227+00:00" testType="13cdc9d9-ddb5-4fa4-a97d-d965ccfc6d4b" outcome="Passed" testListId="8c84fa94-04c1-424b-9868-57a2d4851a1d" relativeResultsDirectory="963e0c57-44e3-4ccb-bb33-e41f5435d2e1" />
    <UnitTestResult executionId="9e5ca92e-2fa5-4ddf-a051-9e8ca5d56c49" testId="531c078f-331c-97b0-43b5-206453bfc074" testName="BuckScience.Tests.Domain.FeatureWeightTests.FeatureWeightHelper_GetDisplayName_ReturnsReadableNames" computerName="runnervmf4ws1" duration="00:00:00.0004719" startTime="2025-09-10T21:44:20.2109630+00:00" endTime="2025-09-10T21:44:20.2109631+00:00" testType="13cdc9d9-ddb5-4fa4-a97d-d965ccfc6d4b" outcome="Passed" testListId="8c84fa94-04c1-424b-9868-57a2d4851a1d" relativeResultsDirectory="9e5ca92e-2fa5-4ddf-a051-9e8ca5d56c49" />
    <UnitTestResult executionId="d0200b96-0916-4797-bd63-a58f55b299c3" testId="44213f5c-f4e3-7f19-6a5d-6c4a3c8d0dec" testName="BuckScience.Tests.Web.Helpers.WeatherHelpersTests.ConvertWindDirectionTextToNumeric_ValidDirections_ReturnsCorrectDegrees(direction: &quot;SSE&quot;, expected: 157.5)" computerName="runnervmf4ws1" duration="00:00:00.0000121" startTime="2025-09-10T21:44:20.4902461+00:00" endTime="2025-09-10T21:44:20.4902462+00:00" testType="13cdc9d9-ddb5-4fa4-a97d-d965ccfc6d4b" outcome="Passed" testListId="8c84fa94-04c1-424b-9868-57a2d4851a1d" relativeResultsDirectory="d0200b96-0916-4797-bd63-a58f55b299c3" />
    <UnitTestResult executionId="abc45aeb-cba7-4887-af2d-7889cdffdcc6" testId="df69a92c-44e3-a51a-3c69-97077bc8aa3a" testName="BuckScience.Tests.Domain.PropertyFeatureTests.Constructor_WithValidWeight_SetsWeightCorrectly(weight: 0.5)" computerName="runnervmf4ws1" duration="00:00:00.0000163" startTime="2025-09-10T21:44:20.2483725+00:00" endTime="2025-09-10T21:44:20.2483726+00:00" testType="13cdc9d9-ddb5-4fa4-a97d-d965ccfc6d4b" outcome="Passed" testListId="8c84fa94-04c1-424b-9868-57a2d4851a1d" relativeResultsDirectory="abc45aeb-cba7-4887-af2d-7889cdffdcc6" />
    <UnitTestResult executionId="320298a0-5ed8-464d-93dc-17a17e5938f0" testId="5d2b9441-7258-8eb0-806c-14775f849641" testName="BuckScience.Tests.TaggingSystemTests.RemoveTagFromPhotos_ShouldRemoveSpecifiedTags" computerName="runnervmf4ws1" duration="00:00:00.9282979" startTime="2025-09-10T21:44:20.0385996+00:00" endTime="2025-09-10T21:44:20.0385998+00:00" testType="13cdc9d9-ddb5-4fa4-a97d-d965ccfc6d4b" outcome="Passed" testListId="8c84fa94-04c1-424b-9868-57a2d4851a1d" relativeResultsDirectory="320298a0-5ed8-464d-93dc-17a17e5938f0" />
    <UnitTestResult executionId="99bddfea-4dd4-489b-98a3-3e273acb9dff" testId="d2d2f826-9cbd-9c14-4121-a07b2094c76e" testName="BuckScience.Tests.DirectionHelperTests.ToFloat_ShouldReturnCorrectDegrees(direction: SW, expectedDegrees: 225)" computerName="runnervmf4ws1" duration="00:00:00.0000090" startTime="2025-09-10T21:44:19.0740298+00:00" endTime="2025-09-10T21:44:19.0740299+00:00" testType="13cdc9d9-ddb5-4fa4-a97d-d965ccfc6d4b" outcome="Passed" testListId="8c84fa94-04c1-424b-9868-57a2d4851a1d" relativeResultsDirectory="99bddfea-4dd4-489b-98a3-3e273acb9dff" />
    <UnitTestResult executionId="6a48ead0-43a1-4a6a-8d6e-076ea1f315ae" testId="db79dd17-8f15-9022-848e-d377803a0707" testName="BuckScience.Tests.Domain.MonthsAttributeTests.MonthsAttribute_Constructor_WithValidMonths_SetsMonthsCorrectly" computerName="runnervmf4ws1" duration="00:00:00.0001945" startTime="2025-09-10T21:44:20.2378290+00:00" endTime="2025-09-10T21:44:20.2378291+00:00" testType="13cdc9d9-ddb5-4fa4-a97d-d965ccfc6d4b" outcome="Passed" testListId="8c84fa94-04c1-424b-9868-57a2d4851a1d" relativeResultsDirectory="6a48ead0-43a1-4a6a-8d6e-076ea1f315ae" />
    <UnitTestResult executionId="c19ad6b1-1a79-4a6a-8555-5419b4dd11cf" testId="1c0d7c7b-e498-3c7a-c145-fce1f6e14e16" testName="BuckScience.Tests.Web.Helpers.WeatherHelpersTests.ConvertMoonPhaseTextToNumeric_ValidText_ReturnsCorrectValue(text: &quot;Waxing Gibbous&quot;, expected: 0.375)" computerName="runnervmf4ws1" duration="00:00:00.0000358" startTime="2025-09-10T21:44:20.4921997+00:00" endTime="2025-09-10T21:44:20.4921997+00:00" testType="13cdc9d9-ddb5-4fa4-a97d-d965ccfc6d4b" outcome="Passed" testListId="8c84fa94-04c1-424b-9868-57a2d4851a1d" relativeResultsDirectory="c19ad6b1-1a79-4a6a-8555-5419b4dd11cf" />
    <UnitTestResult executionId="5753c225-a14c-4cc2-88ed-b78c458eb33e" testId="282510b6-3046-16e6-500c-da1402387fc9" testName="BuckScience.Tests.Web.Helpers.WeatherHelpersTests.ConvertWindDirectionToText_VariousAngles_ReturnsCorrectDirection(degrees: 90, expected: &quot;E&quot;)" computerName="runnervmf4ws1" duration="00:00:00.0000044" startTime="2025-09-10T21:44:20.4667553+00:00" endTime="2025-09-10T21:44:20.4667554+00:00" testType="13cdc9d9-ddb5-4fa4-a97d-d965ccfc6d4b" outcome="Passed" testListId="8c84fa94-04c1-424b-9868-57a2d4851a1d" relativeResultsDirectory="5753c225-a14c-4cc2-88ed-b78c458eb33e" />
    <UnitTestResult executionId="6134d86b-6a36-4382-aa69-f57ecd868b81" testId="4e68cf9a-2a3a-1e07-4a4f-0cf27d8d2bbb" testName="BuckScience.Tests.FeatureHelperTests.GetCategoryName_ShouldReturnCorrectCategoryNames" computerName="runnervmf4ws1" duration="00:00:00.0021647" startTime="2025-09-10T21:44:20.1801237+00:00" endTime="2025-09-10T21:44:20.1801238+00:00" testType="13cdc9d9-ddb5-4fa4-a97d-d965ccfc6d4b" outcome="Passed" testListId="8c84fa94-04c1-424b-9868-57a2d4851a1d" relativeResultsDirectory="6134d86b-6a36-4382-aa69-f57ecd868b81" />
    <UnitTestResult executionId="b89b3881-6f70-4064-9629-308c0e93fd97" testId="9b597749-8f28-5ece-3f0e-b5bb4e23820c" testName="BuckScience.Tests.FeatureHelperTests.FeatureIcons_ShouldContainAllClassificationTypes" computerName="runnervmf4ws1" duration="00:00:00.0003048" startTime="2025-09-10T21:44:20.1824009+00:00" endTime="2025-09-10T21:44:20.1824010+00:00" testType="13cdc9d9-ddb5-4fa4-a97d-d965ccfc6d4b" outcome="Passed" testListId="8c84fa94-04c1-424b-9868-57a2d4851a1d" relativeResultsDirectory="b89b3881-6f70-4064-9629-308c0e93fd97" />
    <UnitTestResult executionId="c22677f1-3dcc-4347-8bb9-b932dffc1b9f" testId="088d383f-5fbc-e375-2326-3e321a2adf4f" testName="BuckScience.Tests.TaggingRequirementsTests.Requirement2_TagUniqueness_ShouldBeEnforced" computerName="runnervmf4ws1" duration="00:00:00.0544025" startTime="2025-09-10T21:44:20.0439266+00:00" endTime="2025-09-10T21:44:20.0439267+00:00" testType="13cdc9d9-ddb5-4fa4-a97d-d965ccfc6d4b" outcome="Passed" testListId="8c84fa94-04c1-424b-9868-57a2d4851a1d" relativeResultsDirectory="c22677f1-3dcc-4347-8bb9-b932dffc1b9f" />
    <UnitTestResult executionId="34f552a1-2130-4e5b-80dd-2641fc313789" testId="415f1005-69c1-a314-0e6a-db0b7d4bab74" testName="BuckScience.Tests.Domain.MonthsAttributeTests.MonthsAttribute_Constructor_WithInvalidMonth_ThrowsArgumentOutOfRangeException(invalidMonth: -1)" computerName="runnervmf4ws1" duration="00:00:00.0021316" startTime="2025-09-10T21:44:20.2355575+00:00" endTime="2025-09-10T21:44:20.2355576+00:00" testType="13cdc9d9-ddb5-4fa4-a97d-d965ccfc6d4b" outcome="Passed" testListId="8c84fa94-04c1-424b-9868-57a2d4851a1d" relativeResultsDirectory="34f552a1-2130-4e5b-80dd-2641fc313789" />
    <UnitTestResult executionId="64411a54-37fe-47ec-8ab6-41f889f8fc38" testId="81bf2437-7dfa-cad5-f6c7-e16edf6f9d7f" testName="BuckScience.Tests.Application.SeasonMonthMappingServiceTests.GetPrimarySeasonForDateAsync_WithMultipleMatches_ReturnsFirstByEnumOrder" computerName="runnervmf4ws1" duration="00:00:00.0027195" startTime="2025-09-10T21:44:20.4274753+00:00" endTime="2025-09-10T21:44:20.4274754+00:00" testType="13cdc9d9-ddb5-4fa4-a97d-d965ccfc6d4b" outcome="Passed" testListId="8c84fa94-04c1-424b-9868-57a2d4851a1d" relativeResultsDirectory="64411a54-37fe-47ec-8ab6-41f889f8fc38" />
    <UnitTestResult executionId="a76c763c-e679-410f-8af8-22303cc3bca5" testId="31c8774a-1539-0a44-3404-de06d646b468" testName="BuckScience.Tests.Web.Helpers.WeatherHelpersTests.ConvertMoonPhaseToText_VariousValues_ReturnsCorrectText(phase: 0.10000000000000001, expected: &quot;Waxing Crescent&quot;)" computerName="runnervmf4ws1" duration="00:00:00.0000039" startTime="2025-09-10T21:44:20.4642085+00:00" endTime="2025-09-10T21:44:20.4642086+00:00" testType="13cdc9d9-ddb5-4fa4-a97d-d965ccfc6d4b" outcome="Passed" testListId="8c84fa94-04c1-424b-9868-57a2d4851a1d" relativeResultsDirectory="a76c763c-e679-410f-8af8-22303cc3bca5" />
    <UnitTestResult executionId="f4464f0e-3554-43bb-a494-faffdea945eb" testId="b8a41320-c868-9123-86b4-03e71d0ff6ef" testName="BuckScience.Tests.Web.Helpers.WeatherHelpersTests.ConvertWindDirectionToText_VariousAngles_ReturnsCorrectDirection(degrees: 11.24, expected: &quot;N&quot;)" computerName="runnervmf4ws1" duration="00:00:00.0000053" startTime="2025-09-10T21:44:20.4888793+00:00" endTime="2025-09-10T21:44:20.4888796+00:00" testType="13cdc9d9-ddb5-4fa4-a97d-d965ccfc6d4b" outcome="Passed" testListId="8c84fa94-04c1-424b-9868-57a2d4851a1d" relativeResultsDirectory="f4464f0e-3554-43bb-a494-faffdea945eb" />
    <UnitTestResult executionId="46408ac6-4869-4e94-ba9a-148d3eadfded" testId="51c22198-79c6-8565-1359-1e7a59cd2ad4" testName="BuckScience.Tests.Application.FeatureWeights.UpdateDefaultFeatureWeightsTests.UpdateDefaultFeatureWeights_ReturnsFalseForNonExistentProperty" computerName="runnervmf4ws1" duration="00:00:00.0012287" startTime="2025-09-10T21:44:20.3230050+00:00" endTime="2025-09-10T21:44:20.3230051+00:00" testType="13cdc9d9-ddb5-4fa4-a97d-d965ccfc6d4b" outcome="Passed" testListId="8c84fa94-04c1-424b-9868-57a2d4851a1d" relativeResultsDirectory="46408ac6-4869-4e94-ba9a-148d3eadfded" />
    <UnitTestResult executionId="fa343541-f345-4ea9-b4d6-4171f19e50ad" testId="2c3f2f16-fb94-3325-49ee-53aa9585411a" testName="BuckScience.Tests.Application.FeatureWeights.UpdateFeatureWeightsTests.UpdateFeatureWeights_OnlyUpdatesSpecificWeight_SetsOnlyThatAsCustom" computerName="runnervmf4ws1" duration="00:00:00.0038421" startTime="2025-09-10T21:44:20.1868189+00:00" endTime="2025-09-10T21:44:20.1868190+00:00" testType="13cdc9d9-ddb5-4fa4-a97d-d965ccfc6d4b" outcome="Passed" testListId="8c84fa94-04c1-424b-9868-57a2d4851a1d" relativeResultsDirectory="fa343541-f345-4ea9-b4d6-4171f19e50ad" />
    <UnitTestResult executionId="2d1be84c-d2b0-4856-8adc-274cc7da27fa" testId="3456ad39-e674-a27d-da41-053fedd7e6ad" testName="BuckScience.Tests.DirectionHelperTests.FromFloat_ShouldReturnCorrectDirection(degrees: 90, expectedDirection: E)" computerName="runnervmf4ws1" duration="00:00:00.0158918" startTime="2025-09-10T21:44:19.0481293+00:00" endTime="2025-09-10T21:44:19.0481832+00:00" testType="13cdc9d9-ddb5-4fa4-a97d-d965ccfc6d4b" outcome="Passed" testListId="8c84fa94-04c1-424b-9868-57a2d4851a1d" relativeResultsDirectory="2d1be84c-d2b0-4856-8adc-274cc7da27fa" />
    <UnitTestResult executionId="4e52e77d-82d7-4de7-b97c-63cade55b5b3" testId="64fa6710-678a-0a23-7d5a-26a655d565e8" testName="BuckScience.Tests.PhotoFilteringIntegrationTests.BuildFilters_WithCameraPlacementHistoryIds_ReturnsFiltersWithPlacementHistories" computerName="runnervmf4ws1" duration="00:00:00.0042756" startTime="2025-09-10T21:44:20.4374336+00:00" endTime="2025-09-10T21:44:20.4374337+00:00" testType="13cdc9d9-ddb5-4fa4-a97d-d965ccfc6d4b" outcome="Passed" testListId="8c84fa94-04c1-424b-9868-57a2d4851a1d" relativeResultsDirectory="4e52e77d-82d7-4de7-b97c-63cade55b5b3" />
    <UnitTestResult executionId="7138a964-37fe-4f54-8b82-c278dbbdee33" testId="26223a8b-ac6d-ffcd-1256-75d18fb727f7" testName="BuckScience.Tests.DirectionHelperTests.ToFloat_ShouldReturnCorrectDegrees(direction: NW, expectedDegrees: 315)" computerName="runnervmf4ws1" duration="00:00:00.0000065" startTime="2025-09-10T21:44:19.0742076+00:00" endTime="2025-09-10T21:44:19.0742077+00:00" testType="13cdc9d9-ddb5-4fa4-a97d-d965ccfc6d4b" outcome="Passed" testListId="8c84fa94-04c1-424b-9868-57a2d4851a1d" relativeResultsDirectory="7138a964-37fe-4f54-8b82-c278dbbdee33" />
    <UnitTestResult executionId="ecd4199e-c92f-4153-b67b-dc30dc4b5f05" testId="9f164cb9-b0ee-2833-0b35-619b21bae903" testName="BuckScience.Tests.Web.Helpers.WeatherHelpersTests.ConvertWindDirectionToText_VariousAngles_ReturnsCorrectDirection(degrees: 348.74000000000001, expected: &quot;NNW&quot;)" computerName="runnervmf4ws1" duration="00:00:00.0000053" startTime="2025-09-10T21:44:20.4890179+00:00" endTime="2025-09-10T21:44:20.4890179+00:00" testType="13cdc9d9-ddb5-4fa4-a97d-d965ccfc6d4b" outcome="Passed" testListId="8c84fa94-04c1-424b-9868-57a2d4851a1d" relativeResultsDirectory="ecd4199e-c92f-4153-b67b-dc30dc4b5f05" />
    <UnitTestResult executionId="72979cd2-7dd8-4952-a368-764181c2a256" testId="6e95a11c-ba0a-17a5-b618-642e6194107c" testName="BuckScience.Tests.PhotoFilteringComprehensiveTests.PhotoFiltering_BackwardCompatibility_WithoutFilters" computerName="runnervmf4ws1" duration="00:00:00.0004861" startTime="2025-09-10T21:44:20.1981677+00:00" endTime="2025-09-10T21:44:20.1981677+00:00" testType="13cdc9d9-ddb5-4fa4-a97d-d965ccfc6d4b" outcome="Passed" testListId="8c84fa94-04c1-424b-9868-57a2d4851a1d" relativeResultsDirectory="72979cd2-7dd8-4952-a368-764181c2a256" />
    <UnitTestResult executionId="425219c5-6de5-4d1d-aee5-5bdd8d691086" testId="f36a8701-085e-04e9-1108-0b102bccb765" testName="BuckScience.Tests.Web.Helpers.WeatherHelpersTests.ConvertWindDirectionToText_RoundTrip_MaintainsAccuracy" computerName="runnervmf4ws1" duration="00:00:00.0004867" startTime="2025-09-10T21:44:20.4900604+00:00" endTime="2025-09-10T21:44:20.4900605+00:00" testType="13cdc9d9-ddb5-4fa4-a97d-d965ccfc6d4b" outcome="Passed" testListId="8c84fa94-04c1-424b-9868-57a2d4851a1d" relativeResultsDirectory="425219c5-6de5-4d1d-aee5-5bdd8d691086" />
    <UnitTestResult executionId="46a3de41-e2d5-423c-95f6-5fb778401ddf" testId="85f24840-3222-d447-0677-9820b9294533" testName="BuckScience.Tests.Domain.PropertySeasonMonthsOverrideTests.PropertySeasonMonthsOverride_Constructor_WithEmptyMonths_ThrowsArgumentException" computerName="runnervmf4ws1" duration="00:00:00.0007401" startTime="2025-09-10T21:44:20.3406363+00:00" endTime="2025-09-10T21:44:20.3406364+00:00" testType="13cdc9d9-ddb5-4fa4-a97d-d965ccfc6d4b" outcome="Passed" testListId="8c84fa94-04c1-424b-9868-57a2d4851a1d" relativeResultsDirectory="46a3de41-e2d5-423c-95f6-5fb778401ddf" />
    <UnitTestResult executionId="40dd776a-1042-418d-8c35-4c3d2c34f875" testId="3ab77925-e532-466c-f70d-fb6c68a8918c" testName="BuckScience.Tests.Application.FeatureWeights.UpdateFeatureWeightsTests.UpdateFeatureWeights_SendingUnchangedValues_DoesNotTriggerCustomFlag" computerName="runnervmf4ws1" duration="00:00:00.0037349" startTime="2025-09-10T21:44:20.1749477+00:00" endTime="2025-09-10T21:44:20.1749478+00:00" testType="13cdc9d9-ddb5-4fa4-a97d-d965ccfc6d4b" outcome="Passed" testListId="8c84fa94-04c1-424b-9868-57a2d4851a1d" relativeResultsDirectory="40dd776a-1042-418d-8c35-4c3d2c34f875" />
    <UnitTestResult executionId="7a09de3a-0705-4ecc-9051-cd0565435541" testId="b14ae956-297a-f056-fdd7-ca8f9b76076f" testName="BuckScience.Tests.PhotoFilteringUrlExamples.BuildFilters_CameraParameters_ShouldParseCorrectly(cameras: &quot;1,2,3&quot;, expectedCameras: [1, 2, 3])" computerName="runnervmf4ws1" duration="00:00:00.0102446" startTime="2025-09-10T21:44:19.0776847+00:00" endTime="2025-09-10T21:44:19.0776848+00:00" testType="13cdc9d9-ddb5-4fa4-a97d-d965ccfc6d4b" outcome="Passed" testListId="8c84fa94-04c1-424b-9868-57a2d4851a1d" relativeResultsDirectory="7a09de3a-0705-4ecc-9051-cd0565435541" />
    <UnitTestResult executionId="e4b85d0f-e43f-49f2-96e5-e4487449e8dc" testId="3c9f33d5-2d26-423b-1412-b916bd1412ce" testName="BuckScience.Tests.Application.SeasonMonthMappingServiceTests.GetActiveSeasonsForDateAsync_WithPropertyOverride_ReturnsCustomSeasons" computerName="runnervmf4ws1" duration="00:00:00.0033638" startTime="2025-09-10T21:44:20.3803313+00:00" endTime="2025-09-10T21:44:20.3803314+00:00" testType="13cdc9d9-ddb5-4fa4-a97d-d965ccfc6d4b" outcome="Passed" testListId="8c84fa94-04c1-424b-9868-57a2d4851a1d" relativeResultsDirectory="e4b85d0f-e43f-49f2-96e5-e4487449e8dc" />
    <UnitTestResult executionId="5c8a4eef-375b-4a06-ae10-3e09d7aefb49" testId="90576d28-8c3e-aa47-8e92-100b02ac5a05" testName="BuckScience.Tests.Web.Helpers.WeatherHelpersTests.GetWindDirectionOptions_WithAvailableDirections_SetsAvailability" computerName="runnervmf4ws1" duration="00:00:00.0009246" startTime="2025-09-10T21:44:20.4931512+00:00" endTime="2025-09-10T21:44:20.4931513+00:00" testType="13cdc9d9-ddb5-4fa4-a97d-d965ccfc6d4b" outcome="Passed" testListId="8c84fa94-04c1-424b-9868-57a2d4851a1d" relativeResultsDirectory="5c8a4eef-375b-4a06-ae10-3e09d7aefb49" />
    <UnitTestResult executionId="e62587c4-645b-492c-b67f-feb8c6ad17e0" testId="8a64a4c9-65f1-e14d-6fbe-7d49565403f4" testName="BuckScience.Tests.Domain.PropertySeasonMonthsOverrideTests.PropertySeasonMonthsOverride_Constructor_WithValidParameters_SetsPropertiesCorrectly" computerName="runnervmf4ws1" duration="00:00:00.0074807" startTime="2025-09-10T21:44:20.3679267+00:00" endTime="2025-09-10T21:44:20.3679268+00:00" testType="13cdc9d9-ddb5-4fa4-a97d-d965ccfc6d4b" outcome="Passed" testListId="8c84fa94-04c1-424b-9868-57a2d4851a1d" relativeResultsDirectory="e62587c4-645b-492c-b67f-feb8c6ad17e0" />
    <UnitTestResult executionId="b870dc8d-6f19-4771-8f6b-e50035587e69" testId="639a2f8f-de06-aff0-2654-2e863df98d3d" testName="BuckScience.Tests.Web.Helpers.WeatherHelpersTests.ConvertMoonPhaseToText_VariousValues_ReturnsCorrectText(phase: 0.25, expected: &quot;First Quarter&quot;)" computerName="runnervmf4ws1" duration="00:00:00.0004838" startTime="2025-09-10T21:44:20.4605687+00:00" endTime="2025-09-10T21:44:20.4605688+00:00" testType="13cdc9d9-ddb5-4fa4-a97d-d965ccfc6d4b" outcome="Passed" testListId="8c84fa94-04c1-424b-9868-57a2d4851a1d" relativeResultsDirectory="b870dc8d-6f19-4771-8f6b-e50035587e69" />
    <UnitTestResult executionId="c833874e-4f94-45a0-9cdf-505d2078d0c3" testId="f9384c4f-aa2b-58de-b1ef-2b7bf3f8d2db" testName="BuckScience.Tests.Application.FeatureWeights.GetFeatureWeightsDateResolutionTests.HandleAsync_WithDate_DefaultMappings_ResolvesExpectedPrimarySeason(month: 9, expectedPrimarySeason: EarlySeason)" computerName="runnervmf4ws1" duration="00:00:00.0025365" startTime="2025-09-10T21:44:20.4563368+00:00" endTime="2025-09-10T21:44:20.4563369+00:00" testType="13cdc9d9-ddb5-4fa4-a97d-d965ccfc6d4b" outcome="Passed" testListId="8c84fa94-04c1-424b-9868-57a2d4851a1d" relativeResultsDirectory="c833874e-4f94-45a0-9cdf-505d2078d0c3" />
    <UnitTestResult executionId="15af2bac-4bdf-4040-9111-0b50d7ba5a49" testId="75db6be7-a24b-fda6-3919-e716d174ed3d" testName="BuckScience.Tests.TaggingRequirementsTests.Requirement2_PhotoTagging_ShouldSupportBulkOperations" computerName="runnervmf4ws1" duration="00:00:00.2236179" startTime="2025-09-10T21:44:20.2676251+00:00" endTime="2025-09-10T21:44:20.2676252+00:00" testType="13cdc9d9-ddb5-4fa4-a97d-d965ccfc6d4b" outcome="Passed" testListId="8c84fa94-04c1-424b-9868-57a2d4851a1d" relativeResultsDirectory="15af2bac-4bdf-4040-9111-0b50d7ba5a49" />
    <UnitTestResult executionId="97aa741a-0125-4695-b8ba-709e88f1c740" testId="7f448030-c6f3-ad7f-1c7b-809f60db9d71" testName="BuckScience.Tests.Web.Helpers.WeatherHelpersTests.ConvertWindDirectionTextToNumeric_ValidDirections_ReturnsCorrectDegrees(direction: &quot;NW&quot;, expected: 315)" computerName="runnervmf4ws1" duration="00:00:00.0000068" startTime="2025-09-10T21:44:20.4914124+00:00" endTime="2025-09-10T21:44:20.4914125+00:00" testType="13cdc9d9-ddb5-4fa4-a97d-d965ccfc6d4b" outcome="Passed" testListId="8c84fa94-04c1-424b-9868-57a2d4851a1d" relativeResultsDirectory="97aa741a-0125-4695-b8ba-709e88f1c740" />
    <UnitTestResult executionId="7e7cbc3f-c09c-4f38-9524-a0f57ea3ab37" testId="5def33b1-c62c-99fb-8bf7-753117f8b16e" testName="BuckScience.Tests.Domain.FeatureWeightTests.FeatureWeight_ResetToDefault_ClearsCustomizations" computerName="runnervmf4ws1" duration="00:00:00.0003370" startTime="2025-09-10T21:44:20.2108887+00:00" endTime="2025-09-10T21:44:20.2108888+00:00" testType="13cdc9d9-ddb5-4fa4-a97d-d965ccfc6d4b" outcome="Passed" testListId="8c84fa94-04c1-424b-9868-57a2d4851a1d" relativeResultsDirectory="7e7cbc3f-c09c-4f38-9524-a0f57ea3ab37" />
    <UnitTestResult executionId="6410bea5-d75e-495d-a600-c90a717cd212" testId="a5f21c48-f469-8d11-cd8e-07391ae2a35b" testName="BuckScience.Tests.Domain.FeatureWeightTests.FeatureWeightHelper_GetDefaultWeight_ReturnsExpectedValues(type: Saddle, expectedWeight: 0.800000012)" computerName="runnervmf4ws1" duration="00:00:00.0001985" startTime="2025-09-10T21:44:20.1931722+00:00" endTime="2025-09-10T21:44:20.1931723+00:00" testType="13cdc9d9-ddb5-4fa4-a97d-d965ccfc6d4b" outcome="Passed" testListId="8c84fa94-04c1-424b-9868-57a2d4851a1d" relativeResultsDirectory="6410bea5-d75e-495d-a600-c90a717cd212" />
    <UnitTestResult executionId="d4403903-40da-49e4-8711-425f866a900e" testId="c77238a9-c057-c0ba-9741-2b480cb950cf" testName="BuckScience.Tests.Domain.PropertySeasonMonthsOverrideTests.PropertySeasonMonthsOverride_Constructor_WithInvalidMonths_ThrowsArgumentOutOfRangeException(invalidMonths: [13])" computerName="runnervmf4ws1" duration="00:00:00.0004723" startTime="2025-09-10T21:44:20.3578045+00:00" endTime="2025-09-10T21:44:20.3578046+00:00" testType="13cdc9d9-ddb5-4fa4-a97d-d965ccfc6d4b" outcome="Passed" testListId="8c84fa94-04c1-424b-9868-57a2d4851a1d" relativeResultsDirectory="d4403903-40da-49e4-8711-425f866a900e" />
    <UnitTestResult executionId="d8ce2faa-5dca-45d9-8c2f-35331c7e1dc3" testId="65305c54-3e3e-31b1-f5dd-4a4bc66b7c08" testName="BuckScience.Tests.CameraCreateVmTests.CameraCreateVm_ShouldIncludePropertyCoordinates" computerName="runnervmf4ws1" duration="00:00:00.0048870" startTime="2025-09-10T21:44:20.1922054+00:00" endTime="2025-09-10T21:44:20.1922055+00:00" testType="13cdc9d9-ddb5-4fa4-a97d-d965ccfc6d4b" outcome="Passed" testListId="8c84fa94-04c1-424b-9868-57a2d4851a1d" relativeResultsDirectory="d8ce2faa-5dca-45d9-8c2f-35331c7e1dc3" />
    <UnitTestResult executionId="dca305a5-47d2-43c1-a99f-04d862b08451" testId="8bb24d97-4056-0aed-e738-d86e9d34f566" testName="BuckScience.Tests.Web.Helpers.WeatherHelpersTests.ConvertWindDirectionTextToNumeric_ValidDirections_ReturnsCorrectDegrees(direction: &quot;ESE&quot;, expected: 112.5)" computerName="runnervmf4ws1" duration="00:00:00.0000067" startTime="2025-09-10T21:44:20.4904181+00:00" endTime="2025-09-10T21:44:20.4904182+00:00" testType="13cdc9d9-ddb5-4fa4-a97d-d965ccfc6d4b" outcome="Passed" testListId="8c84fa94-04c1-424b-9868-57a2d4851a1d" relativeResultsDirectory="dca305a5-47d2-43c1-a99f-04d862b08451" />
    <UnitTestResult executionId="ffe4ada3-bd45-470f-aa1e-be69b5fc3bf6" testId="b1a32a5b-bec7-9c13-ecb5-d09eae519281" testName="BuckScience.Tests.WeatherConfigurationTests.WeatherApiSettings_ShouldBindFromConfiguration" computerName="runnervmf4ws1" duration="00:00:00.0102153" startTime="2025-09-10T21:44:20.4460866+00:00" endTime="2025-09-10T21:44:20.4460867+00:00" testType="13cdc9d9-ddb5-4fa4-a97d-d965ccfc6d4b" outcome="Passed" testListId="8c84fa94-04c1-424b-9868-57a2d4851a1d" relativeResultsDirectory="ffe4ada3-bd45-470f-aa1e-be69b5fc3bf6" />
    <UnitTestResult executionId="049c621c-d479-41e8-bc8e-77340e81d042" testId="e5846600-5bfc-193d-66eb-f1933de5487e" testName="BuckScience.Tests.CameraEditVmTests.CameraEditVm_SyncDirectionFromSelection_ShouldUpdateDirectionDegrees" computerName="runnervmf4ws1" duration="00:00:00.0002206" startTime="2025-09-10T21:44:20.3208542+00:00" endTime="2025-09-10T21:44:20.3208542+00:00" testType="13cdc9d9-ddb5-4fa4-a97d-d965ccfc6d4b" outcome="Passed" testListId="8c84fa94-04c1-424b-9868-57a2d4851a1d" relativeResultsDirectory="049c621c-d479-41e8-bc8e-77340e81d042" />
  </Results>
  <TestDefinitions>
    <UnitTest name="BuckScience.Tests.PhotoFiltersTests.PhotoFilters_HasWeatherFilters_ReturnsFalseWhenNoWeatherFiltersSet" storage="/home/runner/work/buckscienceapp/buckscienceapp/tests/buckscience.tests/bin/debug/net8.0/buckscience.tests.dll" id="5d43f699-35d1-a4da-58e9-d0a22f0dcdd2">
      <Execution id="36e40ce9-be8c-44d9-96b0-5280281eafb0" />
      <TestMethod codeBase="/home/runner/work/BuckScienceApp/BuckScienceApp/tests/BuckScience.Tests/bin/Debug/net8.0/BuckScience.Tests.dll" adapterTypeName="executor://xunit/VsTestRunner2/netcoreapp" className="BuckScience.Tests.PhotoFiltersTests" name="PhotoFilters_HasWeatherFilters_ReturnsFalseWhenNoWeatherFiltersSet" />
    </UnitTest>
    <UnitTest name="BuckScience.Tests.Web.Helpers.WeatherHelpersTests.ConvertWindDirectionTextToNumeric_ValidDirections_ReturnsCorrectDegrees(direction: &quot;NW&quot;, expected: 315)" storage="/home/runner/work/buckscienceapp/buckscienceapp/tests/buckscience.tests/bin/debug/net8.0/buckscience.tests.dll" id="7f448030-c6f3-ad7f-1c7b-809f60db9d71">
      <Execution id="97aa741a-0125-4695-b8ba-709e88f1c740" />
      <TestMethod codeBase="/home/runner/work/BuckScienceApp/BuckScienceApp/tests/BuckScience.Tests/bin/Debug/net8.0/BuckScience.Tests.dll" adapterTypeName="executor://xunit/VsTestRunner2/netcoreapp" className="BuckScience.Tests.Web.Helpers.WeatherHelpersTests" name="ConvertWindDirectionTextToNumeric_ValidDirections_ReturnsCorrectDegrees" />
    </UnitTest>
    <UnitTest name="BuckScience.Tests.Web.Helpers.WeatherHelpersTests.ConvertMoonPhaseToText_VariousValues_ReturnsCorrectText(phase: 0.75, expected: &quot;Last Quarter&quot;)" storage="/home/runner/work/buckscienceapp/buckscienceapp/tests/buckscience.tests/bin/debug/net8.0/buckscience.tests.dll" id="78d335ed-d8a0-4e68-1b07-0e64ec6fcf01">
      <Execution id="b9b1d93c-6295-4ca0-80e4-9dc41af3386c" />
      <TestMethod codeBase="/home/runner/work/BuckScienceApp/BuckScienceApp/tests/BuckScience.Tests/bin/Debug/net8.0/BuckScience.Tests.dll" adapterTypeName="executor://xunit/VsTestRunner2/netcoreapp" className="BuckScience.Tests.Web.Helpers.WeatherHelpersTests" name="ConvertMoonPhaseToText_VariousValues_ReturnsCorrectText" />
    </UnitTest>
    <UnitTest name="BuckScience.Tests.DirectionHelperTests.ToFloat_ShouldReturnCorrectDegrees(direction: SW, expectedDegrees: 225)" storage="/home/runner/work/buckscienceapp/buckscienceapp/tests/buckscience.tests/bin/debug/net8.0/buckscience.tests.dll" id="d2d2f826-9cbd-9c14-4121-a07b2094c76e">
      <Execution id="99bddfea-4dd4-489b-98a3-3e273acb9dff" />
      <TestMethod codeBase="/home/runner/work/BuckScienceApp/BuckScienceApp/tests/BuckScience.Tests/bin/Debug/net8.0/BuckScience.Tests.dll" adapterTypeName="executor://xunit/VsTestRunner2/netcoreapp" className="BuckScience.Tests.DirectionHelperTests" name="ToFloat_ShouldReturnCorrectDegrees" />
    </UnitTest>
    <UnitTest name="BuckScience.Tests.DirectionHelperTests.FromFloat_ShouldFindClosestDirection(degrees: -15, expectedDirection: NW)" storage="/home/runner/work/buckscienceapp/buckscienceapp/tests/buckscience.tests/bin/debug/net8.0/buckscience.tests.dll" id="4bbe555c-8fb0-44dc-18a4-86549d9ecd64">
      <Execution id="ccef6be6-4f17-4997-a038-415df4952e97" />
      <TestMethod codeBase="/home/runner/work/BuckScienceApp/BuckScienceApp/tests/BuckScience.Tests/bin/Debug/net8.0/BuckScience.Tests.dll" adapterTypeName="executor://xunit/VsTestRunner2/netcoreapp" className="BuckScience.Tests.DirectionHelperTests" name="FromFloat_ShouldFindClosestDirection" />
    </UnitTest>
    <UnitTest name="BuckScience.Tests.Web.Helpers.WeatherHelpersTests.ConvertMoonPhaseToText_VariousValues_ReturnsCorrectText(phase: 0, expected: &quot;New Moon&quot;)" storage="/home/runner/work/buckscienceapp/buckscienceapp/tests/buckscience.tests/bin/debug/net8.0/buckscience.tests.dll" id="61590a98-8800-c63c-636c-5d74543a54c1">
      <Execution id="373aa697-a62f-4bb3-a6d3-8d9a0f340f28" />
      <TestMethod codeBase="/home/runner/work/BuckScienceApp/BuckScienceApp/tests/BuckScience.Tests/bin/Debug/net8.0/BuckScience.Tests.dll" adapterTypeName="executor://xunit/VsTestRunner2/netcoreapp" className="BuckScience.Tests.Web.Helpers.WeatherHelpersTests" name="ConvertMoonPhaseToText_VariousValues_ReturnsCorrectText" />
    </UnitTest>
    <UnitTest name="BuckScience.Tests.Domain.PropertyFeatureTests.Constructor_WithInvalidWeight_ThrowsArgumentOutOfRangeException(weight: -1)" storage="/home/runner/work/buckscienceapp/buckscienceapp/tests/buckscience.tests/bin/debug/net8.0/buckscience.tests.dll" id="af05f3f5-fc25-06fd-0f22-fca8b27396d1">
      <Execution id="2290034e-ccc9-451a-9c59-2caf97adc699" />
      <TestMethod codeBase="/home/runner/work/BuckScienceApp/BuckScienceApp/tests/BuckScience.Tests/bin/Debug/net8.0/BuckScience.Tests.dll" adapterTypeName="executor://xunit/VsTestRunner2/netcoreapp" className="BuckScience.Tests.Domain.PropertyFeatureTests" name="Constructor_WithInvalidWeight_ThrowsArgumentOutOfRangeException" />
    </UnitTest>
    <UnitTest name="BuckScience.Tests.Application.PropertyFeatureApplicationTests.ListPropertyFeatures_ReturnsWeightsCorrectly" storage="/home/runner/work/buckscienceapp/buckscienceapp/tests/buckscience.tests/bin/debug/net8.0/buckscience.tests.dll" id="b6a182bd-655d-0c92-283a-3c75d3d71c02">
      <Execution id="451389fd-3789-48f0-862e-eb20525946bd" />
      <TestMethod codeBase="/home/runner/work/BuckScienceApp/BuckScienceApp/tests/BuckScience.Tests/bin/Debug/net8.0/BuckScience.Tests.dll" adapterTypeName="executor://xunit/VsTestRunner2/netcoreapp" className="BuckScience.Tests.Application.PropertyFeatureApplicationTests" name="ListPropertyFeatures_ReturnsWeightsCorrectly" />
    </UnitTest>
    <UnitTest name="BuckScience.Tests.Application.Profiles.ProfileCrudTests.DeleteProfile_ValidId_DeletesProfile" storage="/home/runner/work/buckscienceapp/buckscienceapp/tests/buckscience.tests/bin/debug/net8.0/buckscience.tests.dll" id="46eed830-2953-fcd5-c0a0-3903ea3c299a">
      <Execution id="23d1d3e9-0909-44b0-be1a-cdbdc84d4320" />
      <TestMethod codeBase="/home/runner/work/BuckScienceApp/BuckScienceApp/tests/BuckScience.Tests/bin/Debug/net8.0/BuckScience.Tests.dll" adapterTypeName="executor://xunit/VsTestRunner2/netcoreapp" className="BuckScience.Tests.Application.Profiles.ProfileCrudTests" name="DeleteProfile_ValidId_DeletesProfile" />
    </UnitTest>
    <UnitTest name="BuckScience.Tests.Application.FeatureWeights.UpdateFeatureWeightsTests.UpdateFeatureWeights_MultipleUpdates_SetsEachCorrectly" storage="/home/runner/work/buckscienceapp/buckscienceapp/tests/buckscience.tests/bin/debug/net8.0/buckscience.tests.dll" id="d9e9dfd4-db91-4986-9bbe-4cae120c9790">
      <Execution id="d282430e-9e28-4ebb-95ab-03a32794cd5f" />
      <TestMethod codeBase="/home/runner/work/BuckScienceApp/BuckScienceApp/tests/BuckScience.Tests/bin/Debug/net8.0/BuckScience.Tests.dll" adapterTypeName="executor://xunit/VsTestRunner2/netcoreapp" className="BuckScience.Tests.Application.FeatureWeights.UpdateFeatureWeightsTests" name="UpdateFeatureWeights_MultipleUpdates_SetsEachCorrectly" />
    </UnitTest>
    <UnitTest name="BuckScience.Tests.Application.SeasonMonthMappingServiceTests.GetMonthsForPropertyAsync_WithoutOverrides_ReturnsCorrectDefaults(season: PostRut, expectedMonths: [12])" storage="/home/runner/work/buckscienceapp/buckscienceapp/tests/buckscience.tests/bin/debug/net8.0/buckscience.tests.dll" id="7c2d9e42-a64f-2cb9-82f9-1e417facca20">
      <Execution id="4eb1f433-dbd4-45b8-89bc-437d43f8533c" />
      <TestMethod codeBase="/home/runner/work/BuckScienceApp/BuckScienceApp/tests/BuckScience.Tests/bin/Debug/net8.0/BuckScience.Tests.dll" adapterTypeName="executor://xunit/VsTestRunner2/netcoreapp" className="BuckScience.Tests.Application.SeasonMonthMappingServiceTests" name="GetMonthsForPropertyAsync_WithoutOverrides_ReturnsCorrectDefaults" />
    </UnitTest>
    <UnitTest name="BuckScience.Tests.PhotoFilteringUrlExamples.BuildFilters_CameraParameters_ShouldParseCorrectly(cameras: &quot;1,5,10&quot;, expectedCameras: [1, 5, 10])" storage="/home/runner/work/buckscienceapp/buckscienceapp/tests/buckscience.tests/bin/debug/net8.0/buckscience.tests.dll" id="0249bb7c-cd9a-b690-46ba-3252e9d64885">
      <Execution id="962ba166-012d-4482-9dd0-dc06e4710c7e" />
      <TestMethod codeBase="/home/runner/work/BuckScienceApp/BuckScienceApp/tests/BuckScience.Tests/bin/Debug/net8.0/BuckScience.Tests.dll" adapterTypeName="executor://xunit/VsTestRunner2/netcoreapp" className="BuckScience.Tests.PhotoFilteringUrlExamples" name="BuildFilters_CameraParameters_ShouldParseCorrectly" />
    </UnitTest>
    <UnitTest name="BuckScience.Tests.Domain.FeatureWeightTests.FeatureWeight_SetSeasonalWeights_SetsIsCustomToTrue" storage="/home/runner/work/buckscienceapp/buckscienceapp/tests/buckscience.tests/bin/debug/net8.0/buckscience.tests.dll" id="d6776beb-14db-e4df-c8a3-8f90548062bb">
      <Execution id="2511ba18-24d5-40c6-9c81-8a866cf8602e" />
      <TestMethod codeBase="/home/runner/work/BuckScienceApp/BuckScienceApp/tests/BuckScience.Tests/bin/Debug/net8.0/BuckScience.Tests.dll" adapterTypeName="executor://xunit/VsTestRunner2/netcoreapp" className="BuckScience.Tests.Domain.FeatureWeightTests" name="FeatureWeight_SetSeasonalWeights_SetsIsCustomToTrue" />
    </UnitTest>
    <UnitTest name="BuckScience.Tests.Domain.PropertyFeatureTests.SetWeight_WithInvalidWeight_ThrowsArgumentOutOfRangeException(weight: -0.100000001)" storage="/home/runner/work/buckscienceapp/buckscienceapp/tests/buckscience.tests/bin/debug/net8.0/buckscience.tests.dll" id="6312f765-830a-9014-ae5b-70adf30832c5">
      <Execution id="1ab69421-983c-44fc-a0b0-d9b3acb779f8" />
      <TestMethod codeBase="/home/runner/work/BuckScienceApp/BuckScienceApp/tests/BuckScience.Tests/bin/Debug/net8.0/BuckScience.Tests.dll" adapterTypeName="executor://xunit/VsTestRunner2/netcoreapp" className="BuckScience.Tests.Domain.PropertyFeatureTests" name="SetWeight_WithInvalidWeight_ThrowsArgumentOutOfRangeException" />
    </UnitTest>
    <UnitTest name="BuckScience.Tests.Domain.PropertySeasonMonthsOverrideTests.PropertySeasonMonthsOverride_RoundTripSerialization_MaintainsData(months: [1])" storage="/home/runner/work/buckscienceapp/buckscienceapp/tests/buckscience.tests/bin/debug/net8.0/buckscience.tests.dll" id="e7727167-90de-6177-0043-c32edeea9377">
      <Execution id="37207443-ca3f-4f8b-981b-3edf85f28b30" />
      <TestMethod codeBase="/home/runner/work/BuckScienceApp/BuckScienceApp/tests/BuckScience.Tests/bin/Debug/net8.0/BuckScience.Tests.dll" adapterTypeName="executor://xunit/VsTestRunner2/netcoreapp" className="BuckScience.Tests.Domain.PropertySeasonMonthsOverrideTests" name="PropertySeasonMonthsOverride_RoundTripSerialization_MaintainsData" />
    </UnitTest>
    <UnitTest name="BuckScience.Tests.CameraCreateVmTests.CameraCreateVm_DirectionSync_ShouldWorkForAllDirections(direction: E, expectedDegrees: 90)" storage="/home/runner/work/buckscienceapp/buckscienceapp/tests/buckscience.tests/bin/debug/net8.0/buckscience.tests.dll" id="9b0f50d1-0319-2e52-3133-7e2638dde793">
      <Execution id="046961cc-fd78-469f-88d0-fbcd632f0b9f" />
      <TestMethod codeBase="/home/runner/work/BuckScienceApp/BuckScienceApp/tests/BuckScience.Tests/bin/Debug/net8.0/BuckScience.Tests.dll" adapterTypeName="executor://xunit/VsTestRunner2/netcoreapp" className="BuckScience.Tests.CameraCreateVmTests" name="CameraCreateVm_DirectionSync_ShouldWorkForAllDirections" />
    </UnitTest>
    <UnitTest name="BuckScience.Tests.DirectionHelperTests.ToFloat_ShouldReturnCorrectDegrees(direction: S, expectedDegrees: 180)" storage="/home/runner/work/buckscienceapp/buckscienceapp/tests/buckscience.tests/bin/debug/net8.0/buckscience.tests.dll" id="87e55bdd-4276-ed24-3a0c-df1323a9e2c9">
      <Execution id="e80180cd-14df-4a0a-b6bf-72500c27f24a" />
      <TestMethod codeBase="/home/runner/work/BuckScienceApp/BuckScienceApp/tests/BuckScience.Tests/bin/Debug/net8.0/BuckScience.Tests.dll" adapterTypeName="executor://xunit/VsTestRunner2/netcoreapp" className="BuckScience.Tests.DirectionHelperTests" name="ToFloat_ShouldReturnCorrectDegrees" />
    </UnitTest>
    <UnitTest name="BuckScience.Tests.DirectionHelperTests.GetDisplayName_ShouldReturnCorrectDisplayNames" storage="/home/runner/work/buckscienceapp/buckscienceapp/tests/buckscience.tests/bin/debug/net8.0/buckscience.tests.dll" id="2b789b90-6459-6d41-420f-e5502ba7ca12">
      <Execution id="3b322e6e-fd5b-4e41-a1e7-e552c29ea427" />
      <TestMethod codeBase="/home/runner/work/BuckScienceApp/BuckScienceApp/tests/BuckScience.Tests/bin/Debug/net8.0/BuckScience.Tests.dll" adapterTypeName="executor://xunit/VsTestRunner2/netcoreapp" className="BuckScience.Tests.DirectionHelperTests" name="GetDisplayName_ShouldReturnCorrectDisplayNames" />
    </UnitTest>
    <UnitTest name="BuckScience.Tests.PhotoFilteringIntegrationTests.BuildFilters_WithTemperatureRange_ReturnsFiltersWithTemperature" storage="/home/runner/work/buckscienceapp/buckscienceapp/tests/buckscience.tests/bin/debug/net8.0/buckscience.tests.dll" id="a1855258-2f38-7695-fb75-dcfca8f4ee44">
      <Execution id="b8b7f496-f5ae-4a8b-9139-710bc59101e4" />
      <TestMethod codeBase="/home/runner/work/BuckScienceApp/BuckScienceApp/tests/BuckScience.Tests/bin/Debug/net8.0/BuckScience.Tests.dll" adapterTypeName="executor://xunit/VsTestRunner2/netcoreapp" className="BuckScience.Tests.PhotoFilteringIntegrationTests" name="BuildFilters_WithTemperatureRange_ReturnsFiltersWithTemperature" />
    </UnitTest>
    <UnitTest name="BuckScience.Tests.Domain.FeatureWeightTests.FeatureWeightHelper_GetDisplayName_ReturnsReadableNames" storage="/home/runner/work/buckscienceapp/buckscienceapp/tests/buckscience.tests/bin/debug/net8.0/buckscience.tests.dll" id="531c078f-331c-97b0-43b5-206453bfc074">
      <Execution id="9e5ca92e-2fa5-4ddf-a051-9e8ca5d56c49" />
      <TestMethod codeBase="/home/runner/work/BuckScienceApp/BuckScienceApp/tests/BuckScience.Tests/bin/Debug/net8.0/BuckScience.Tests.dll" adapterTypeName="executor://xunit/VsTestRunner2/netcoreapp" className="BuckScience.Tests.Domain.FeatureWeightTests" name="FeatureWeightHelper_GetDisplayName_ReturnsReadableNames" />
    </UnitTest>
    <UnitTest name="BuckScience.Tests.DirectionHelperTests.FromFloat_ShouldReturnCorrectDirection(degrees: 135, expectedDirection: SE)" storage="/home/runner/work/buckscienceapp/buckscienceapp/tests/buckscience.tests/bin/debug/net8.0/buckscience.tests.dll" id="4bb73173-b83c-b642-8102-032feaeaf8ff">
      <Execution id="21c620c2-f562-49e4-87de-7e54cf862336" />
      <TestMethod codeBase="/home/runner/work/BuckScienceApp/BuckScienceApp/tests/BuckScience.Tests/bin/Debug/net8.0/BuckScience.Tests.dll" adapterTypeName="executor://xunit/VsTestRunner2/netcoreapp" className="BuckScience.Tests.DirectionHelperTests" name="FromFloat_ShouldReturnCorrectDirection" />
    </UnitTest>
    <UnitTest name="BuckScience.Tests.Web.Helpers.WeatherHelpersTests.ConvertWindDirectionTextToNumeric_CaseInsensitive_Works" storage="/home/runner/work/buckscienceapp/buckscienceapp/tests/buckscience.tests/bin/debug/net8.0/buckscience.tests.dll" id="57fdcf56-cdf1-9f39-baba-1b1c695971d5">
      <Execution id="c569008c-32c7-4da1-a0f2-0ff038306b3a" />
      <TestMethod codeBase="/home/runner/work/BuckScienceApp/BuckScienceApp/tests/BuckScience.Tests/bin/Debug/net8.0/BuckScience.Tests.dll" adapterTypeName="executor://xunit/VsTestRunner2/netcoreapp" className="BuckScience.Tests.Web.Helpers.WeatherHelpersTests" name="ConvertWindDirectionTextToNumeric_CaseInsensitive_Works" />
    </UnitTest>
    <UnitTest name="BuckScience.Tests.Web.Helpers.WeatherHelpersTests.ConvertWindDirectionTextToNumeric_ValidDirections_ReturnsCorrectDegrees(direction: &quot;NNE&quot;, expected: 22.5)" storage="/home/runner/work/buckscienceapp/buckscienceapp/tests/buckscience.tests/bin/debug/net8.0/buckscience.tests.dll" id="1634510e-087e-a71c-61ba-55901a3677cc">
      <Execution id="0afb9ecf-2065-4fb8-a791-98a35c46182a" />
      <TestMethod codeBase="/home/runner/work/BuckScienceApp/BuckScienceApp/tests/BuckScience.Tests/bin/Debug/net8.0/BuckScience.Tests.dll" adapterTypeName="executor://xunit/VsTestRunner2/netcoreapp" className="BuckScience.Tests.Web.Helpers.WeatherHelpersTests" name="ConvertWindDirectionTextToNumeric_ValidDirections_ReturnsCorrectDegrees" />
    </UnitTest>
    <UnitTest name="BuckScience.Tests.Domain.PropertySeasonMonthsOverrideTests.PropertySeasonMonthsOverride_SetMonths_WithNullMonths_ClearsMonths" storage="/home/runner/work/buckscienceapp/buckscienceapp/tests/buckscience.tests/bin/debug/net8.0/buckscience.tests.dll" id="d5e7318a-a156-7dde-f329-f35fdf925ffa">
      <Execution id="99d93cad-7f77-4d31-91b3-64e655ad9d15" />
      <TestMethod codeBase="/home/runner/work/BuckScienceApp/BuckScienceApp/tests/BuckScience.Tests/bin/Debug/net8.0/BuckScience.Tests.dll" adapterTypeName="executor://xunit/VsTestRunner2/netcoreapp" className="BuckScience.Tests.Domain.PropertySeasonMonthsOverrideTests" name="PropertySeasonMonthsOverride_SetMonths_WithNullMonths_ClearsMonths" />
    </UnitTest>
    <UnitTest name="BuckScience.Tests.Web.Helpers.WeatherHelpersTests.ConvertWindDirectionTextToNumeric_InvalidText_ReturnsNull(direction: &quot;Invalid&quot;)" storage="/home/runner/work/buckscienceapp/buckscienceapp/tests/buckscience.tests/bin/debug/net8.0/buckscience.tests.dll" id="5258a2d0-41cb-c3df-1e8f-eff8f92d5e7f">
      <Execution id="6ae2145a-2d95-49d7-adb0-b88a477dcf38" />
      <TestMethod codeBase="/home/runner/work/BuckScienceApp/BuckScienceApp/tests/BuckScience.Tests/bin/Debug/net8.0/BuckScience.Tests.dll" adapterTypeName="executor://xunit/VsTestRunner2/netcoreapp" className="BuckScience.Tests.Web.Helpers.WeatherHelpersTests" name="ConvertWindDirectionTextToNumeric_InvalidText_ReturnsNull" />
    </UnitTest>
    <UnitTest name="BuckScience.Tests.Application.FeatureWeights.GetFeatureWeightsDateResolutionTests.HandleAsync_WithDate_DefaultMappings_ResolvesExpectedPrimarySeason(month: 12, expectedPrimarySeason: PostRut)" storage="/home/runner/work/buckscienceapp/buckscienceapp/tests/buckscience.tests/bin/debug/net8.0/buckscience.tests.dll" id="f3cf5dfa-ba92-e357-4965-81c40141969f">
      <Execution id="28466a6c-5076-4e40-b72d-62326d551201" />
      <TestMethod codeBase="/home/runner/work/BuckScienceApp/BuckScienceApp/tests/BuckScience.Tests/bin/Debug/net8.0/BuckScience.Tests.dll" adapterTypeName="executor://xunit/VsTestRunner2/netcoreapp" className="BuckScience.Tests.Application.FeatureWeights.GetFeatureWeightsDateResolutionTests" name="HandleAsync_WithDate_DefaultMappings_ResolvesExpectedPrimarySeason" />
    </UnitTest>
    <UnitTest name="BuckScience.Tests.FeatureHelperTests.CategoryMapping_ShouldContainAllClassificationTypes" storage="/home/runner/work/buckscienceapp/buckscienceapp/tests/buckscience.tests/bin/debug/net8.0/buckscience.tests.dll" id="e6b5dbec-3ede-e88e-98ad-309ef50c1b15">
      <Execution id="4781173e-df4b-4bc0-83ad-ca5b169533d3" />
      <TestMethod codeBase="/home/runner/work/BuckScienceApp/BuckScienceApp/tests/BuckScience.Tests/bin/Debug/net8.0/BuckScience.Tests.dll" adapterTypeName="executor://xunit/VsTestRunner2/netcoreapp" className="BuckScience.Tests.FeatureHelperTests" name="CategoryMapping_ShouldContainAllClassificationTypes" />
    </UnitTest>
    <UnitTest name="BuckScience.Tests.Domain.MonthsAttributeTests.MonthsAttribute_Constructor_WithInvalidMonth_ThrowsArgumentOutOfRangeException(invalidMonth: 25)" storage="/home/runner/work/buckscienceapp/buckscienceapp/tests/buckscience.tests/bin/debug/net8.0/buckscience.tests.dll" id="725e041b-cd4a-19c3-f7e9-4d20b2961a86">
      <Execution id="c45b51cd-a8e2-4a3f-aeab-325fd40effbf" />
      <TestMethod codeBase="/home/runner/work/BuckScienceApp/BuckScienceApp/tests/BuckScience.Tests/bin/Debug/net8.0/BuckScience.Tests.dll" adapterTypeName="executor://xunit/VsTestRunner2/netcoreapp" className="BuckScience.Tests.Domain.MonthsAttributeTests" name="MonthsAttribute_Constructor_WithInvalidMonth_ThrowsArgumentOutOfRangeException" />
    </UnitTest>
    <UnitTest name="BuckScience.Tests.Domain.MonthsAttributeTests.MonthsAttribute_Constructor_WithBoundaryValidMonths_SetsMonthsCorrectly(month: 12)" storage="/home/runner/work/buckscienceapp/buckscienceapp/tests/buckscience.tests/bin/debug/net8.0/buckscience.tests.dll" id="231e01f7-8ce3-c622-6ddb-f4a558f73635">
      <Execution id="432f13c4-5acb-4599-8ffd-112fb8d49ecc" />
      <TestMethod codeBase="/home/runner/work/BuckScienceApp/BuckScienceApp/tests/BuckScience.Tests/bin/Debug/net8.0/BuckScience.Tests.dll" adapterTypeName="executor://xunit/VsTestRunner2/netcoreapp" className="BuckScience.Tests.Domain.MonthsAttributeTests" name="MonthsAttribute_Constructor_WithBoundaryValidMonths_SetsMonthsCorrectly" />
    </UnitTest>
    <UnitTest name="BuckScience.Tests.Domain.PropertySeasonMonthsOverrideTests.PropertySeasonMonthsOverride_Constructor_WithInvalidPropertyId_ThrowsArgumentOutOfRangeException(invalidPropertyId: 0)" storage="/home/runner/work/buckscienceapp/buckscienceapp/tests/buckscience.tests/bin/debug/net8.0/buckscience.tests.dll" id="8106ff23-bb8f-04f9-7754-208ee15e0e54">
      <Execution id="ca659be3-7b8b-4d06-8958-065d63abfb36" />
      <TestMethod codeBase="/home/runner/work/BuckScienceApp/BuckScienceApp/tests/BuckScience.Tests/bin/Debug/net8.0/BuckScience.Tests.dll" adapterTypeName="executor://xunit/VsTestRunner2/netcoreapp" className="BuckScience.Tests.Domain.PropertySeasonMonthsOverrideTests" name="PropertySeasonMonthsOverride_Constructor_WithInvalidPropertyId_ThrowsArgumentOutOfRangeException" />
    </UnitTest>
    <UnitTest name="BuckScience.Tests.CameraCreateVmTests.CameraCreateVm_ShouldIncludePropertyCoordinates" storage="/home/runner/work/buckscienceapp/buckscienceapp/tests/buckscience.tests/bin/debug/net8.0/buckscience.tests.dll" id="65305c54-3e3e-31b1-f5dd-4a4bc66b7c08">
      <Execution id="d8ce2faa-5dca-45d9-8c2f-35331c7e1dc3" />
      <TestMethod codeBase="/home/runner/work/BuckScienceApp/BuckScienceApp/tests/BuckScience.Tests/bin/Debug/net8.0/BuckScience.Tests.dll" adapterTypeName="executor://xunit/VsTestRunner2/netcoreapp" className="BuckScience.Tests.CameraCreateVmTests" name="CameraCreateVm_ShouldIncludePropertyCoordinates" />
    </UnitTest>
    <UnitTest name="BuckScience.Tests.PhotoUploadIntegrationTests.PhotoUpload_WithCameraPlacement_ShouldAssociatePlacementHistory" storage="/home/runner/work/buckscienceapp/buckscienceapp/tests/buckscience.tests/bin/debug/net8.0/buckscience.tests.dll" id="e9f8fc86-f5b4-af50-fd5d-96735f013b0a">
      <Execution id="56d3db43-3c91-4ecf-a73f-d8c13cfd3f99" />
      <TestMethod codeBase="/home/runner/work/BuckScienceApp/BuckScienceApp/tests/BuckScience.Tests/bin/Debug/net8.0/BuckScience.Tests.dll" adapterTypeName="executor://xunit/VsTestRunner2/netcoreapp" className="BuckScience.Tests.PhotoUploadIntegrationTests" name="PhotoUpload_WithCameraPlacement_ShouldAssociatePlacementHistory" />
    </UnitTest>
    <UnitTest name="BuckScience.Tests.CameraCreateVmTests.CameraCreateVm_DirectionSync_ShouldWorkForAllDirections(direction: NE, expectedDegrees: 45)" storage="/home/runner/work/buckscienceapp/buckscienceapp/tests/buckscience.tests/bin/debug/net8.0/buckscience.tests.dll" id="3e754e7c-3120-cf7a-7a68-ce1c9a477533">
      <Execution id="1d3419b1-bdea-4825-96f8-348ce69e021b" />
      <TestMethod codeBase="/home/runner/work/BuckScienceApp/BuckScienceApp/tests/BuckScience.Tests/bin/Debug/net8.0/BuckScience.Tests.dll" adapterTypeName="executor://xunit/VsTestRunner2/netcoreapp" className="BuckScience.Tests.CameraCreateVmTests" name="CameraCreateVm_DirectionSync_ShouldWorkForAllDirections" />
    </UnitTest>
    <UnitTest name="BuckScience.Tests.FeatureHelperTests.GetCategory_ShouldReturnCorrectCategoryForFoodResources" storage="/home/runner/work/buckscienceapp/buckscienceapp/tests/buckscience.tests/bin/debug/net8.0/buckscience.tests.dll" id="6acfe581-a1ff-0243-6a25-fa30ab98af8f">
      <Execution id="0c77dbf9-1d48-4a57-b7f7-0eadf7266e55" />
      <TestMethod codeBase="/home/runner/work/BuckScienceApp/BuckScienceApp/tests/BuckScience.Tests/bin/Debug/net8.0/BuckScience.Tests.dll" adapterTypeName="executor://xunit/VsTestRunner2/netcoreapp" className="BuckScience.Tests.FeatureHelperTests" name="GetCategory_ShouldReturnCorrectCategoryForFoodResources" />
    </UnitTest>
    <UnitTest name="BuckScience.Tests.Domain.PropertyFeatureTests.Constructor_WithWeight_SetsWeightCorrectly" storage="/home/runner/work/buckscienceapp/buckscienceapp/tests/buckscience.tests/bin/debug/net8.0/buckscience.tests.dll" id="0161b4d2-48af-5756-816a-41884dcebe59">
      <Execution id="0057cdac-c1cb-4b9f-a9f8-4bf697bf81dd" />
      <TestMethod codeBase="/home/runner/work/BuckScienceApp/BuckScienceApp/tests/BuckScience.Tests/bin/Debug/net8.0/BuckScience.Tests.dll" adapterTypeName="executor://xunit/VsTestRunner2/netcoreapp" className="BuckScience.Tests.Domain.PropertyFeatureTests" name="Constructor_WithWeight_SetsWeightCorrectly" />
    </UnitTest>
    <UnitTest name="BuckScience.Tests.CameraCreateVmTests.CameraCreateVm_DirectionSync_ShouldWorkForAllDirections(direction: N, expectedDegrees: 0)" storage="/home/runner/work/buckscienceapp/buckscienceapp/tests/buckscience.tests/bin/debug/net8.0/buckscience.tests.dll" id="517f9dbf-42b8-6c68-c79b-d5d973668018">
      <Execution id="51c07a5c-a146-4170-8dec-e4bc74674908" />
      <TestMethod codeBase="/home/runner/work/BuckScienceApp/BuckScienceApp/tests/BuckScience.Tests/bin/Debug/net8.0/BuckScience.Tests.dll" adapterTypeName="executor://xunit/VsTestRunner2/netcoreapp" className="BuckScience.Tests.CameraCreateVmTests" name="CameraCreateVm_DirectionSync_ShouldWorkForAllDirections" />
    </UnitTest>
    <UnitTest name="BuckScience.Tests.Domain.PropertySeasonMonthsOverrideTests.PropertySeasonMonthsOverride_SetMonths_WithInvalidMonths_ThrowsArgumentOutOfRangeException(invalidMonths: [1, 0, 5])" storage="/home/runner/work/buckscienceapp/buckscienceapp/tests/buckscience.tests/bin/debug/net8.0/buckscience.tests.dll" id="2d42558b-0e16-1806-a5ca-7006bc54a2c7">
      <Execution id="18e75e46-6ff0-404c-80e8-f792dfa05ed1" />
      <TestMethod codeBase="/home/runner/work/BuckScienceApp/BuckScienceApp/tests/BuckScience.Tests/bin/Debug/net8.0/BuckScience.Tests.dll" adapterTypeName="executor://xunit/VsTestRunner2/netcoreapp" className="BuckScience.Tests.Domain.PropertySeasonMonthsOverrideTests" name="PropertySeasonMonthsOverride_SetMonths_WithInvalidMonths_ThrowsArgumentOutOfRangeException" />
    </UnitTest>
    <UnitTest name="BuckScience.Tests.Domain.FeatureWeightTests.FeatureWeight_UpdateUserWeight_WithSameAsDefaultWeight_DoesNotSetIsCustom" storage="/home/runner/work/buckscienceapp/buckscienceapp/tests/buckscience.tests/bin/debug/net8.0/buckscience.tests.dll" id="fdc90908-8368-ee5f-7b4f-9fee688fecb2">
      <Execution id="0844a167-8a74-4e3f-8931-5beac7567791" />
      <TestMethod codeBase="/home/runner/work/BuckScienceApp/BuckScienceApp/tests/BuckScience.Tests/bin/Debug/net8.0/BuckScience.Tests.dll" adapterTypeName="executor://xunit/VsTestRunner2/netcoreapp" className="BuckScience.Tests.Domain.FeatureWeightTests" name="FeatureWeight_UpdateUserWeight_WithSameAsDefaultWeight_DoesNotSetIsCustom" />
    </UnitTest>
    <UnitTest name="BuckScience.Tests.Web.Helpers.WeatherHelpersTests.ConvertWindDirectionTextToNumeric_InvalidText_ReturnsNull(direction: &quot;North&quot;)" storage="/home/runner/work/buckscienceapp/buckscienceapp/tests/buckscience.tests/bin/debug/net8.0/buckscience.tests.dll" id="94acb547-5f92-9634-547a-02395bd6053e">
      <Execution id="25928074-8d56-4d2a-abfd-959525c0d98a" />
      <TestMethod codeBase="/home/runner/work/BuckScienceApp/BuckScienceApp/tests/BuckScience.Tests/bin/Debug/net8.0/BuckScience.Tests.dll" adapterTypeName="executor://xunit/VsTestRunner2/netcoreapp" className="BuckScience.Tests.Web.Helpers.WeatherHelpersTests" name="ConvertWindDirectionTextToNumeric_InvalidText_ReturnsNull" />
    </UnitTest>
    <UnitTest name="BuckScience.Tests.WeatherConfigurationTests.WeatherSettings_ShouldBindFromConfiguration" storage="/home/runner/work/buckscienceapp/buckscienceapp/tests/buckscience.tests/bin/debug/net8.0/buckscience.tests.dll" id="6d9ecacc-771f-c0f8-81b8-e7f5f5ecfa5f">
      <Execution id="73aac01f-4aa2-4054-ac93-d2295fa645c6" />
      <TestMethod codeBase="/home/runner/work/BuckScienceApp/BuckScienceApp/tests/BuckScience.Tests/bin/Debug/net8.0/BuckScience.Tests.dll" adapterTypeName="executor://xunit/VsTestRunner2/netcoreapp" className="BuckScience.Tests.WeatherConfigurationTests" name="WeatherSettings_ShouldBindFromConfiguration" />
    </UnitTest>
    <UnitTest name="BuckScience.Tests.WeatherServiceTests.RoundCoordinates_ShouldRoundTo1DecimalPlace" storage="/home/runner/work/buckscienceapp/buckscienceapp/tests/buckscience.tests/bin/debug/net8.0/buckscience.tests.dll" id="dab68c95-06ed-1b25-9b7e-b55b2972fccc">
      <Execution id="a5a5ea27-679f-4834-bf9a-b58428dc6040" />
      <TestMethod codeBase="/home/runner/work/BuckScienceApp/BuckScienceApp/tests/BuckScience.Tests/bin/Debug/net8.0/BuckScience.Tests.dll" adapterTypeName="executor://xunit/VsTestRunner2/netcoreapp" className="BuckScience.Tests.WeatherServiceTests" name="RoundCoordinates_ShouldRoundTo1DecimalPlace" />
    </UnitTest>
    <UnitTest name="BuckScience.Tests.CameraCreateVmTests.CameraCreateVm_PropertyCoordinates_ShouldBeInitializedToZero" storage="/home/runner/work/buckscienceapp/buckscienceapp/tests/buckscience.tests/bin/debug/net8.0/buckscience.tests.dll" id="3b62dc28-12fd-93fe-6512-390293682652">
      <Execution id="855d4eb7-a3d8-433e-ac9d-b4a1e9a6337d" />
      <TestMethod codeBase="/home/runner/work/BuckScienceApp/BuckScienceApp/tests/BuckScience.Tests/bin/Debug/net8.0/BuckScience.Tests.dll" adapterTypeName="executor://xunit/VsTestRunner2/netcoreapp" className="BuckScience.Tests.CameraCreateVmTests" name="CameraCreateVm_PropertyCoordinates_ShouldBeInitializedToZero" />
    </UnitTest>
    <UnitTest name="BuckScience.Tests.Domain.FeatureWeightTests.FeatureWeight_UpdateUserWeight_WithSameAsDefaultWeight_StaysCustomIfSeasonalWeightsExist" storage="/home/runner/work/buckscienceapp/buckscienceapp/tests/buckscience.tests/bin/debug/net8.0/buckscience.tests.dll" id="c7b04d5c-7711-e414-f9c1-9d377a8af2ec">
      <Execution id="215f7688-8e06-4e94-a516-46a3bd6da9ed" />
      <TestMethod codeBase="/home/runner/work/BuckScienceApp/BuckScienceApp/tests/BuckScience.Tests/bin/Debug/net8.0/BuckScience.Tests.dll" adapterTypeName="executor://xunit/VsTestRunner2/netcoreapp" className="BuckScience.Tests.Domain.FeatureWeightTests" name="FeatureWeight_UpdateUserWeight_WithSameAsDefaultWeight_StaysCustomIfSeasonalWeightsExist" />
    </UnitTest>
    <UnitTest name="BuckScience.Tests.CameraEditVmTests.CameraEditVm_SyncSelectionFromDirection_ShouldUpdateDirectionSelection" storage="/home/runner/work/buckscienceapp/buckscienceapp/tests/buckscience.tests/bin/debug/net8.0/buckscience.tests.dll" id="d40d14e6-e55e-a2ee-7c2d-3f2b4d1650c4">
      <Execution id="2d1783af-9160-4c6c-8849-aeb58d1d2ad0" />
      <TestMethod codeBase="/home/runner/work/BuckScienceApp/BuckScienceApp/tests/BuckScience.Tests/bin/Debug/net8.0/BuckScience.Tests.dll" adapterTypeName="executor://xunit/VsTestRunner2/netcoreapp" className="BuckScience.Tests.CameraEditVmTests" name="CameraEditVm_SyncSelectionFromDirection_ShouldUpdateDirectionSelection" />
    </UnitTest>
    <UnitTest name="BuckScience.Tests.Web.Helpers.WeatherHelpersTests.ConvertWindDirectionToText_VariousAngles_ReturnsCorrectDirection(degrees: 22.5, expected: &quot;NNE&quot;)" storage="/home/runner/work/buckscienceapp/buckscienceapp/tests/buckscience.tests/bin/debug/net8.0/buckscience.tests.dll" id="33aaf4d3-9999-0bc6-ded9-bd2870cebad9">
      <Execution id="679a35a6-2082-40da-950f-88c3f8167de1" />
      <TestMethod codeBase="/home/runner/work/BuckScienceApp/BuckScienceApp/tests/BuckScience.Tests/bin/Debug/net8.0/BuckScience.Tests.dll" adapterTypeName="executor://xunit/VsTestRunner2/netcoreapp" className="BuckScience.Tests.Web.Helpers.WeatherHelpersTests" name="ConvertWindDirectionToText_VariousAngles_ReturnsCorrectDirection" />
    </UnitTest>
    <UnitTest name="BuckScience.Tests.Application.FeatureWeights.GetFeatureWeightsDateResolutionTests.HandleAsync_WithDate_InvalidPropertyId_ThrowsInvalidOperationException" storage="/home/runner/work/buckscienceapp/buckscienceapp/tests/buckscience.tests/bin/debug/net8.0/buckscience.tests.dll" id="9d69f166-b376-a2ad-1cb5-4f5364963c50">
      <Execution id="d061ed5b-297e-46da-b41a-f94db1bf9cfa" />
      <TestMethod codeBase="/home/runner/work/BuckScienceApp/BuckScienceApp/tests/BuckScience.Tests/bin/Debug/net8.0/BuckScience.Tests.dll" adapterTypeName="executor://xunit/VsTestRunner2/netcoreapp" className="BuckScience.Tests.Application.FeatureWeights.GetFeatureWeightsDateResolutionTests" name="HandleAsync_WithDate_InvalidPropertyId_ThrowsInvalidOperationException" />
    </UnitTest>
    <UnitTest name="BuckScience.Tests.Domain.FeatureWeightTests.FeatureWeight_NullSeasonalWeights_ReturnsNullFromGetter" storage="/home/runner/work/buckscienceapp/buckscienceapp/tests/buckscience.tests/bin/debug/net8.0/buckscience.tests.dll" id="5586d107-f84a-20c0-07c2-a380e15c327c">
      <Execution id="0c11d0d2-399f-4ef1-af75-4114e9c32c83" />
      <TestMethod codeBase="/home/runner/work/BuckScienceApp/BuckScienceApp/tests/BuckScience.Tests/bin/Debug/net8.0/BuckScience.Tests.dll" adapterTypeName="executor://xunit/VsTestRunner2/netcoreapp" className="BuckScience.Tests.Domain.FeatureWeightTests" name="FeatureWeight_NullSeasonalWeights_ReturnsNullFromGetter" />
    </UnitTest>
    <UnitTest name="BuckScience.Tests.Application.FeatureWeights.UpdateFeatureWeightsTests.UpdateFeatureWeights_SendingUnchangedValues_DoesNotTriggerCustomFlag" storage="/home/runner/work/buckscienceapp/buckscienceapp/tests/buckscience.tests/bin/debug/net8.0/buckscience.tests.dll" id="3ab77925-e532-466c-f70d-fb6c68a8918c">
      <Execution id="40dd776a-1042-418d-8c35-4c3d2c34f875" />
      <TestMethod codeBase="/home/runner/work/BuckScienceApp/BuckScienceApp/tests/BuckScience.Tests/bin/Debug/net8.0/BuckScience.Tests.dll" adapterTypeName="executor://xunit/VsTestRunner2/netcoreapp" className="BuckScience.Tests.Application.FeatureWeights.UpdateFeatureWeightsTests" name="UpdateFeatureWeights_SendingUnchangedValues_DoesNotTriggerCustomFlag" />
    </UnitTest>
    <UnitTest name="BuckScience.Tests.CameraPlacementHistoryTests.Camera_PlaceAt_ShouldCreateNewPlacementHistory" storage="/home/runner/work/buckscienceapp/buckscienceapp/tests/buckscience.tests/bin/debug/net8.0/buckscience.tests.dll" id="be89a856-c15c-81ed-5ddb-4973639d716d">
      <Execution id="e3c071fb-bbf1-432a-9a4f-be482a1dca63" />
      <TestMethod codeBase="/home/runner/work/BuckScienceApp/BuckScienceApp/tests/BuckScience.Tests/bin/Debug/net8.0/BuckScience.Tests.dll" adapterTypeName="executor://xunit/VsTestRunner2/netcoreapp" className="BuckScience.Tests.CameraPlacementHistoryTests" name="Camera_PlaceAt_ShouldCreateNewPlacementHistory" />
    </UnitTest>
    <UnitTest name="BuckScience.Tests.PhotoFiltersTests.PhotoFilters_HasAnyFilters_ReturnsFalseWhenNoFiltersSet" storage="/home/runner/work/buckscienceapp/buckscienceapp/tests/buckscience.tests/bin/debug/net8.0/buckscience.tests.dll" id="8c733a46-a4ea-1620-69ec-bdd69e48dc0b">
      <Execution id="c8143ec3-e699-4ebd-80b3-5614971116a3" />
      <TestMethod codeBase="/home/runner/work/BuckScienceApp/BuckScienceApp/tests/BuckScience.Tests/bin/Debug/net8.0/BuckScience.Tests.dll" adapterTypeName="executor://xunit/VsTestRunner2/netcoreapp" className="BuckScience.Tests.PhotoFiltersTests" name="PhotoFilters_HasAnyFilters_ReturnsFalseWhenNoFiltersSet" />
    </UnitTest>
    <UnitTest name="BuckScience.Tests.Domain.PropertySeasonMonthsOverrideTests.PropertySeasonMonthsOverride_Constructor_WithInvalidMonths_ThrowsArgumentOutOfRangeException(invalidMonths: [0, 5, 10])" storage="/home/runner/work/buckscienceapp/buckscienceapp/tests/buckscience.tests/bin/debug/net8.0/buckscience.tests.dll" id="12f16ac3-f6d6-9802-1d09-4301de2f7efc">
      <Execution id="dd119520-32dc-46fc-8e08-c76a94093257" />
      <TestMethod codeBase="/home/runner/work/BuckScienceApp/BuckScienceApp/tests/BuckScience.Tests/bin/Debug/net8.0/BuckScience.Tests.dll" adapterTypeName="executor://xunit/VsTestRunner2/netcoreapp" className="BuckScience.Tests.Domain.PropertySeasonMonthsOverrideTests" name="PropertySeasonMonthsOverride_Constructor_WithInvalidMonths_ThrowsArgumentOutOfRangeException" />
    </UnitTest>
    <UnitTest name="BuckScience.Tests.PhotoFilteringUrlExamples.BuildFilters_ConditionsParameters_ShouldParseCorrectly(conditions: &quot;Clear,Partly Cloudy,Overcast&quot;, expectedConditions: [&quot;Clear&quot;, &quot;Partly Cloudy&quot;, &quot;Overcast&quot;])" storage="/home/runner/work/buckscienceapp/buckscienceapp/tests/buckscience.tests/bin/debug/net8.0/buckscience.tests.dll" id="73d0473b-eb3b-71b8-da90-00961c42343e">
      <Execution id="1a978895-cc20-413e-99bd-a321ab3a8063" />
      <TestMethod codeBase="/home/runner/work/BuckScienceApp/BuckScienceApp/tests/BuckScience.Tests/bin/Debug/net8.0/BuckScience.Tests.dll" adapterTypeName="executor://xunit/VsTestRunner2/netcoreapp" className="BuckScience.Tests.PhotoFilteringUrlExamples" name="BuildFilters_ConditionsParameters_ShouldParseCorrectly" />
    </UnitTest>
    <UnitTest name="BuckScience.Tests.Application.SeasonMonthMappingServiceTests.GetPrimarySeasonForDateAsync_DefaultMappings_ReturnsExpectedSeason(month: 9, expectedSeason: EarlySeason)" storage="/home/runner/work/buckscienceapp/buckscienceapp/tests/buckscience.tests/bin/debug/net8.0/buckscience.tests.dll" id="2125ec6c-1902-cfab-5614-578492de27fd">
      <Execution id="57904553-a7b6-4a77-bbee-80a9cdeb7113" />
      <TestMethod codeBase="/home/runner/work/BuckScienceApp/BuckScienceApp/tests/BuckScience.Tests/bin/Debug/net8.0/BuckScience.Tests.dll" adapterTypeName="executor://xunit/VsTestRunner2/netcoreapp" className="BuckScience.Tests.Application.SeasonMonthMappingServiceTests" name="GetPrimarySeasonForDateAsync_DefaultMappings_ReturnsExpectedSeason" />
    </UnitTest>
    <UnitTest name="BuckScience.Tests.Domain.PropertySeasonMonthsOverrideTests.PropertySeasonMonthsOverride_GetMonths_ReturnsCorrectMonths" storage="/home/runner/work/buckscienceapp/buckscienceapp/tests/buckscience.tests/bin/debug/net8.0/buckscience.tests.dll" id="5639502e-a141-45eb-1c4f-81dc941ff67a">
      <Execution id="768d5c1d-4f86-4e40-9528-07468b158376" />
      <TestMethod codeBase="/home/runner/work/BuckScienceApp/BuckScienceApp/tests/BuckScience.Tests/bin/Debug/net8.0/BuckScience.Tests.dll" adapterTypeName="executor://xunit/VsTestRunner2/netcoreapp" className="BuckScience.Tests.Domain.PropertySeasonMonthsOverrideTests" name="PropertySeasonMonthsOverride_GetMonths_ReturnsCorrectMonths" />
    </UnitTest>
    <UnitTest name="BuckScience.Tests.Domain.PropertyFeatureTests.UpdateWeight_WithNull_SetsWeightToNull" storage="/home/runner/work/buckscienceapp/buckscienceapp/tests/buckscience.tests/bin/debug/net8.0/buckscience.tests.dll" id="b1f7f7a9-9f3c-0788-8363-349e751ff986">
      <Execution id="1175b589-d9ee-49c7-a688-c32e30f446cf" />
      <TestMethod codeBase="/home/runner/work/BuckScienceApp/BuckScienceApp/tests/BuckScience.Tests/bin/Debug/net8.0/BuckScience.Tests.dll" adapterTypeName="executor://xunit/VsTestRunner2/netcoreapp" className="BuckScience.Tests.Domain.PropertyFeatureTests" name="UpdateWeight_WithNull_SetsWeightToNull" />
    </UnitTest>
    <UnitTest name="BuckScience.Tests.Web.Helpers.WeatherHelpersTests.ConvertWindDirectionTextToNumeric_ValidDirections_ReturnsCorrectDegrees(direction: &quot;S&quot;, expected: 180)" storage="/home/runner/work/buckscienceapp/buckscienceapp/tests/buckscience.tests/bin/debug/net8.0/buckscience.tests.dll" id="e294371f-24bd-e5af-41b0-5a6f22f8d71f">
      <Execution id="ac73edde-a5db-4e6c-88a0-d9b484154148" />
      <TestMethod codeBase="/home/runner/work/BuckScienceApp/BuckScienceApp/tests/BuckScience.Tests/bin/Debug/net8.0/BuckScience.Tests.dll" adapterTypeName="executor://xunit/VsTestRunner2/netcoreapp" className="BuckScience.Tests.Web.Helpers.WeatherHelpersTests" name="ConvertWindDirectionTextToNumeric_ValidDirections_ReturnsCorrectDegrees" />
    </UnitTest>
    <UnitTest name="BuckScience.Tests.Domain.FeatureWeightTests.FeatureWeight_Constructor_SetsPropertiesCorrectly" storage="/home/runner/work/buckscienceapp/buckscienceapp/tests/buckscience.tests/bin/debug/net8.0/buckscience.tests.dll" id="3b0de714-8f13-7aca-97ab-ed01b955f773">
      <Execution id="5dddc1bd-567f-4aad-988f-e97cde660159" />
      <TestMethod codeBase="/home/runner/work/BuckScienceApp/BuckScienceApp/tests/BuckScience.Tests/bin/Debug/net8.0/BuckScience.Tests.dll" adapterTypeName="executor://xunit/VsTestRunner2/netcoreapp" className="BuckScience.Tests.Domain.FeatureWeightTests" name="FeatureWeight_Constructor_SetsPropertiesCorrectly" />
    </UnitTest>
    <UnitTest name="BuckScience.Tests.Web.Helpers.WeatherHelpersTests.ConvertWindDirectionTextToNumeric_ValidDirections_ReturnsCorrectDegrees(direction: &quot;WNW&quot;, expected: 292.5)" storage="/home/runner/work/buckscienceapp/buckscienceapp/tests/buckscience.tests/bin/debug/net8.0/buckscience.tests.dll" id="fa35896d-315e-329a-8dc3-bb5ba3189b52">
      <Execution id="dc19069d-d9da-45ac-8cb3-465f12e8dcb5" />
      <TestMethod codeBase="/home/runner/work/BuckScienceApp/BuckScienceApp/tests/BuckScience.Tests/bin/Debug/net8.0/BuckScience.Tests.dll" adapterTypeName="executor://xunit/VsTestRunner2/netcoreapp" className="BuckScience.Tests.Web.Helpers.WeatherHelpersTests" name="ConvertWindDirectionTextToNumeric_ValidDirections_ReturnsCorrectDegrees" />
    </UnitTest>
    <UnitTest name="BuckScience.Tests.Web.Helpers.WeatherHelpersTests.ConvertMoonPhaseTextToNumeric_ValidText_ReturnsCorrectValue(text: &quot;Waning Gibbous&quot;, expected: 0.625)" storage="/home/runner/work/buckscienceapp/buckscienceapp/tests/buckscience.tests/bin/debug/net8.0/buckscience.tests.dll" id="fb8ea106-f542-3a06-bc35-d8f4e171c2a2">
      <Execution id="1c1ab358-f6ea-4aef-841c-3f37330d7d74" />
      <TestMethod codeBase="/home/runner/work/BuckScienceApp/BuckScienceApp/tests/BuckScience.Tests/bin/Debug/net8.0/BuckScience.Tests.dll" adapterTypeName="executor://xunit/VsTestRunner2/netcoreapp" className="BuckScience.Tests.Web.Helpers.WeatherHelpersTests" name="ConvertMoonPhaseTextToNumeric_ValidText_ReturnsCorrectValue" />
    </UnitTest>
    <UnitTest name="BuckScience.Tests.Web.Helpers.WeatherHelpersTests.ConvertWindDirectionTextToNumeric_ValidDirections_ReturnsCorrectDegrees(direction: &quot;W&quot;, expected: 270)" storage="/home/runner/work/buckscienceapp/buckscienceapp/tests/buckscience.tests/bin/debug/net8.0/buckscience.tests.dll" id="63390816-73a6-312f-e706-2ca3dfa39f0e">
      <Execution id="318019ec-c72f-4b94-93aa-689bb3ea197c" />
      <TestMethod codeBase="/home/runner/work/BuckScienceApp/BuckScienceApp/tests/BuckScience.Tests/bin/Debug/net8.0/BuckScience.Tests.dll" adapterTypeName="executor://xunit/VsTestRunner2/netcoreapp" className="BuckScience.Tests.Web.Helpers.WeatherHelpersTests" name="ConvertWindDirectionTextToNumeric_ValidDirections_ReturnsCorrectDegrees" />
    </UnitTest>
    <UnitTest name="BuckScience.Tests.Web.Helpers.WeatherHelpersTests.WindDirectionOption_Properties_Work" storage="/home/runner/work/buckscienceapp/buckscienceapp/tests/buckscience.tests/bin/debug/net8.0/buckscience.tests.dll" id="6c5bb03b-3d70-308f-aed5-443e0f2530e1">
      <Execution id="89e87085-3f18-4df1-a0ab-d5577fd198cb" />
      <TestMethod codeBase="/home/runner/work/BuckScienceApp/BuckScienceApp/tests/BuckScience.Tests/bin/Debug/net8.0/BuckScience.Tests.dll" adapterTypeName="executor://xunit/VsTestRunner2/netcoreapp" className="BuckScience.Tests.Web.Helpers.WeatherHelpersTests" name="WindDirectionOption_Properties_Work" />
    </UnitTest>
    <UnitTest name="BuckScience.Tests.Web.Helpers.WeatherHelpersTests.ConvertMoonPhaseTextToNumeric_InvalidText_ReturnsNull(text: &quot;&quot;)" storage="/home/runner/work/buckscienceapp/buckscienceapp/tests/buckscience.tests/bin/debug/net8.0/buckscience.tests.dll" id="f2ce22ba-4e0c-a11c-c657-a799ce863a26">
      <Execution id="a99b44e0-f7aa-44f6-9cc5-ede9f4eb0003" />
      <TestMethod codeBase="/home/runner/work/BuckScienceApp/BuckScienceApp/tests/BuckScience.Tests/bin/Debug/net8.0/BuckScience.Tests.dll" adapterTypeName="executor://xunit/VsTestRunner2/netcoreapp" className="BuckScience.Tests.Web.Helpers.WeatherHelpersTests" name="ConvertMoonPhaseTextToNumeric_InvalidText_ReturnsNull" />
    </UnitTest>
    <UnitTest name="BuckScience.Tests.TaggingSystemTests.AddTagToPhotos_ShouldNotCreateDuplicates" storage="/home/runner/work/buckscienceapp/buckscienceapp/tests/buckscience.tests/bin/debug/net8.0/buckscience.tests.dll" id="994b105a-2d3c-5d2b-62ff-1c998f53f588">
      <Execution id="9e7e24b1-9805-4c62-b9a6-91eb4ddd2e29" />
      <TestMethod codeBase="/home/runner/work/BuckScienceApp/BuckScienceApp/tests/BuckScience.Tests/bin/Debug/net8.0/BuckScience.Tests.dll" adapterTypeName="executor://xunit/VsTestRunner2/netcoreapp" className="BuckScience.Tests.TaggingSystemTests" name="AddTagToPhotos_ShouldNotCreateDuplicates" />
    </UnitTest>
    <UnitTest name="BuckScience.Tests.Domain.PropertyFeatureTests.Constructor_WithInvalidWeight_ThrowsArgumentOutOfRangeException(weight: 2)" storage="/home/runner/work/buckscienceapp/buckscienceapp/tests/buckscience.tests/bin/debug/net8.0/buckscience.tests.dll" id="1d7b16e9-5047-ebb1-e4a1-207c49ea6bcd">
      <Execution id="7e176de6-43f7-4a37-842a-cb5fcced56ad" />
      <TestMethod codeBase="/home/runner/work/BuckScienceApp/BuckScienceApp/tests/BuckScience.Tests/bin/Debug/net8.0/BuckScience.Tests.dll" adapterTypeName="executor://xunit/VsTestRunner2/netcoreapp" className="BuckScience.Tests.Domain.PropertyFeatureTests" name="Constructor_WithInvalidWeight_ThrowsArgumentOutOfRangeException" />
    </UnitTest>
    <UnitTest name="BuckScience.Tests.Web.Helpers.WeatherHelpersTests.ConvertWindDirectionTextToNumeric_ValidDirections_ReturnsCorrectDegrees(direction: &quot;SW&quot;, expected: 225)" storage="/home/runner/work/buckscienceapp/buckscienceapp/tests/buckscience.tests/bin/debug/net8.0/buckscience.tests.dll" id="c005721b-05db-8d7a-5eea-e90626721b80">
      <Execution id="be32cebf-6934-42ad-917f-48d55c2c3054" />
      <TestMethod codeBase="/home/runner/work/BuckScienceApp/BuckScienceApp/tests/BuckScience.Tests/bin/Debug/net8.0/BuckScience.Tests.dll" adapterTypeName="executor://xunit/VsTestRunner2/netcoreapp" className="BuckScience.Tests.Web.Helpers.WeatherHelpersTests" name="ConvertWindDirectionTextToNumeric_ValidDirections_ReturnsCorrectDegrees" />
    </UnitTest>
    <UnitTest name="BuckScience.Tests.FeatureHelperTests.GetCategoryName_ShouldReturnCorrectCategoryNames" storage="/home/runner/work/buckscienceapp/buckscienceapp/tests/buckscience.tests/bin/debug/net8.0/buckscience.tests.dll" id="4e68cf9a-2a3a-1e07-4a4f-0cf27d8d2bbb">
      <Execution id="6134d86b-6a36-4382-aa69-f57ecd868b81" />
      <TestMethod codeBase="/home/runner/work/BuckScienceApp/BuckScienceApp/tests/BuckScience.Tests/bin/Debug/net8.0/BuckScience.Tests.dll" adapterTypeName="executor://xunit/VsTestRunner2/netcoreapp" className="BuckScience.Tests.FeatureHelperTests" name="GetCategoryName_ShouldReturnCorrectCategoryNames" />
    </UnitTest>
    <UnitTest name="BuckScience.Tests.PhotoGroupingTests.PropertyPhotosSortBy_ShouldMapCorrectly" storage="/home/runner/work/buckscienceapp/buckscienceapp/tests/buckscience.tests/bin/debug/net8.0/buckscience.tests.dll" id="5caf925d-9bc2-c40c-f14f-bb094f78a12c">
      <Execution id="09ffeeff-f71c-451f-89e8-76ce4f5181a5" />
      <TestMethod codeBase="/home/runner/work/BuckScienceApp/BuckScienceApp/tests/BuckScience.Tests/bin/Debug/net8.0/BuckScience.Tests.dll" adapterTypeName="executor://xunit/VsTestRunner2/netcoreapp" className="BuckScience.Tests.PhotoGroupingTests" name="PropertyPhotosSortBy_ShouldMapCorrectly" />
    </UnitTest>
    <UnitTest name="BuckScience.Tests.Application.SeasonMonthMappingServiceTests.EdgeCase_ConflictingOverrides_UsesOverrideTable" storage="/home/runner/work/buckscienceapp/buckscienceapp/tests/buckscience.tests/bin/debug/net8.0/buckscience.tests.dll" id="796d8eb9-61c1-6124-1220-be5bb72ca768">
      <Execution id="2dc844f3-2d56-4689-b61c-81fbb5077161" />
      <TestMethod codeBase="/home/runner/work/BuckScienceApp/BuckScienceApp/tests/BuckScience.Tests/bin/Debug/net8.0/BuckScience.Tests.dll" adapterTypeName="executor://xunit/VsTestRunner2/netcoreapp" className="BuckScience.Tests.Application.SeasonMonthMappingServiceTests" name="EdgeCase_ConflictingOverrides_UsesOverrideTable" />
    </UnitTest>
    <UnitTest name="BuckScience.Tests.FeatureHelperTests.GetFeatureName_ShouldReturnCorrectDisplayNames" storage="/home/runner/work/buckscienceapp/buckscienceapp/tests/buckscience.tests/bin/debug/net8.0/buckscience.tests.dll" id="d1c2a2fd-4568-2e97-946f-7480ea03bef1">
      <Execution id="31d68bf6-a569-468b-8f22-098df262ae33" />
      <TestMethod codeBase="/home/runner/work/BuckScienceApp/BuckScienceApp/tests/BuckScience.Tests/bin/Debug/net8.0/BuckScience.Tests.dll" adapterTypeName="executor://xunit/VsTestRunner2/netcoreapp" className="BuckScience.Tests.FeatureHelperTests" name="GetFeatureName_ShouldReturnCorrectDisplayNames" />
    </UnitTest>
    <UnitTest name="BuckScience.Tests.PhotoFiltersTests.PhotoFilters_HasAnyFilters_ReturnsTrueWhenDateFilterSet" storage="/home/runner/work/buckscienceapp/buckscienceapp/tests/buckscience.tests/bin/debug/net8.0/buckscience.tests.dll" id="5281d8e8-e57c-c45e-69f7-66dd4ef8cb7b">
      <Execution id="86b70a5a-bb59-40b9-99ac-ef1db94d2bae" />
      <TestMethod codeBase="/home/runner/work/BuckScienceApp/BuckScienceApp/tests/BuckScience.Tests/bin/Debug/net8.0/BuckScience.Tests.dll" adapterTypeName="executor://xunit/VsTestRunner2/netcoreapp" className="BuckScience.Tests.PhotoFiltersTests" name="PhotoFilters_HasAnyFilters_ReturnsTrueWhenDateFilterSet" />
    </UnitTest>
    <UnitTest name="BuckScience.Tests.CameraPlacementHistoryTests.Camera_CurrentLocationProperties_ShouldReturnFromPlacementHistory" storage="/home/runner/work/buckscienceapp/buckscienceapp/tests/buckscience.tests/bin/debug/net8.0/buckscience.tests.dll" id="185a6cd6-33af-0e1e-0bd1-2a440f9d65a0">
      <Execution id="0df446aa-0a68-48f5-807a-69c73bca8857" />
      <TestMethod codeBase="/home/runner/work/BuckScienceApp/BuckScienceApp/tests/BuckScience.Tests/bin/Debug/net8.0/BuckScience.Tests.dll" adapterTypeName="executor://xunit/VsTestRunner2/netcoreapp" className="BuckScience.Tests.CameraPlacementHistoryTests" name="Camera_CurrentLocationProperties_ShouldReturnFromPlacementHistory" />
    </UnitTest>
    <UnitTest name="BuckScience.Tests.Domain.MonthsAttributeTests.MonthsAttribute_Constructor_WithEmptyMonths_ThrowsArgumentException" storage="/home/runner/work/buckscienceapp/buckscienceapp/tests/buckscience.tests/bin/debug/net8.0/buckscience.tests.dll" id="752ffb05-78eb-92e0-4e1e-4d5811cca95a">
      <Execution id="cb1e6643-a925-4831-8f45-74cf654fa8f1" />
      <TestMethod codeBase="/home/runner/work/BuckScienceApp/BuckScienceApp/tests/BuckScience.Tests/bin/Debug/net8.0/BuckScience.Tests.dll" adapterTypeName="executor://xunit/VsTestRunner2/netcoreapp" className="BuckScience.Tests.Domain.MonthsAttributeTests" name="MonthsAttribute_Constructor_WithEmptyMonths_ThrowsArgumentException" />
    </UnitTest>
    <UnitTest name="BuckScience.Tests.Web.Helpers.WeatherHelpersTests.StandardWindDirections_Contains16Directions" storage="/home/runner/work/buckscienceapp/buckscienceapp/tests/buckscience.tests/bin/debug/net8.0/buckscience.tests.dll" id="11c53883-3d96-0957-d8a1-9dcf44cb5e78">
      <Execution id="158f9b57-8bdf-4f00-a853-a11b89f69de3" />
      <TestMethod codeBase="/home/runner/work/BuckScienceApp/BuckScienceApp/tests/BuckScience.Tests/bin/Debug/net8.0/BuckScience.Tests.dll" adapterTypeName="executor://xunit/VsTestRunner2/netcoreapp" className="BuckScience.Tests.Web.Helpers.WeatherHelpersTests" name="StandardWindDirections_Contains16Directions" />
    </UnitTest>
    <UnitTest name="BuckScience.Tests.Application.PropertyFeatureApplicationTests.UpdatePropertyFeature_WithWeight_UpdatesWeight" storage="/home/runner/work/buckscienceapp/buckscienceapp/tests/buckscience.tests/bin/debug/net8.0/buckscience.tests.dll" id="bcc4ea35-2128-3f0c-9022-a8e4dbbfeab6">
      <Execution id="57434172-cd14-424d-bb9a-3a45af6ea941" />
      <TestMethod codeBase="/home/runner/work/BuckScienceApp/BuckScienceApp/tests/BuckScience.Tests/bin/Debug/net8.0/BuckScience.Tests.dll" adapterTypeName="executor://xunit/VsTestRunner2/netcoreapp" className="BuckScience.Tests.Application.PropertyFeatureApplicationTests" name="UpdatePropertyFeature_WithWeight_UpdatesWeight" />
    </UnitTest>
    <UnitTest name="BuckScience.Tests.Domain.SeasonExtensionsTests.GetDefaultMonths_Rut_ReturnsCorrectMonths" storage="/home/runner/work/buckscienceapp/buckscienceapp/tests/buckscience.tests/bin/debug/net8.0/buckscience.tests.dll" id="9ad59ac2-75e0-43fa-c7a4-360f06bdf706">
      <Execution id="5d118cf2-c985-4bc4-8ef0-3091c940b125" />
      <TestMethod codeBase="/home/runner/work/BuckScienceApp/BuckScienceApp/tests/BuckScience.Tests/bin/Debug/net8.0/BuckScience.Tests.dll" adapterTypeName="executor://xunit/VsTestRunner2/netcoreapp" className="BuckScience.Tests.Domain.SeasonExtensionsTests" name="GetDefaultMonths_Rut_ReturnsCorrectMonths" />
    </UnitTest>
    <UnitTest name="BuckScience.Tests.PhotoFilteringComprehensiveTests.PropertyPhotosVm_WithoutFilters_CorrectProperties" storage="/home/runner/work/buckscienceapp/buckscienceapp/tests/buckscience.tests/bin/debug/net8.0/buckscience.tests.dll" id="d23e84fd-71f4-7bce-d8fe-1741eb8da08e">
      <Execution id="bc5da19c-9bac-4ae4-9cae-12469eb9cd96" />
      <TestMethod codeBase="/home/runner/work/BuckScienceApp/BuckScienceApp/tests/BuckScience.Tests/bin/Debug/net8.0/BuckScience.Tests.dll" adapterTypeName="executor://xunit/VsTestRunner2/netcoreapp" className="BuckScience.Tests.PhotoFilteringComprehensiveTests" name="PropertyPhotosVm_WithoutFilters_CorrectProperties" />
    </UnitTest>
    <UnitTest name="BuckScience.Tests.Web.Helpers.WeatherHelpersTests.ConvertMoonPhaseTextToNumeric_ValidText_ReturnsCorrectValue(text: &quot;Waxing Gibbous&quot;, expected: 0.375)" storage="/home/runner/work/buckscienceapp/buckscienceapp/tests/buckscience.tests/bin/debug/net8.0/buckscience.tests.dll" id="1c0d7c7b-e498-3c7a-c145-fce1f6e14e16">
      <Execution id="c19ad6b1-1a79-4a6a-8555-5419b4dd11cf" />
      <TestMethod codeBase="/home/runner/work/BuckScienceApp/BuckScienceApp/tests/BuckScience.Tests/bin/Debug/net8.0/BuckScience.Tests.dll" adapterTypeName="executor://xunit/VsTestRunner2/netcoreapp" className="BuckScience.Tests.Web.Helpers.WeatherHelpersTests" name="ConvertMoonPhaseTextToNumeric_ValidText_ReturnsCorrectValue" />
    </UnitTest>
    <UnitTest name="BuckScience.Tests.Domain.PropertySeasonMonthsOverrideTests.PropertySeasonMonthsOverride_Constructor_WithNullMonths_ThrowsArgumentNullException" storage="/home/runner/work/buckscienceapp/buckscienceapp/tests/buckscience.tests/bin/debug/net8.0/buckscience.tests.dll" id="a6b7ec4e-8439-0e75-5dff-9c306313533e">
      <Execution id="a3050d12-383c-452b-a604-00e2218844a0" />
      <TestMethod codeBase="/home/runner/work/BuckScienceApp/BuckScienceApp/tests/BuckScience.Tests/bin/Debug/net8.0/BuckScience.Tests.dll" adapterTypeName="executor://xunit/VsTestRunner2/netcoreapp" className="BuckScience.Tests.Domain.PropertySeasonMonthsOverrideTests" name="PropertySeasonMonthsOverride_Constructor_WithNullMonths_ThrowsArgumentNullException" />
    </UnitTest>
    <UnitTest name="BuckScience.Tests.Web.Helpers.WeatherHelpersTests.ConvertMoonPhaseToText_VariousValues_ReturnsCorrectText(phase: 1, expected: &quot;New Moon&quot;)" storage="/home/runner/work/buckscienceapp/buckscienceapp/tests/buckscience.tests/bin/debug/net8.0/buckscience.tests.dll" id="c5847a99-4505-c2ed-d54d-fc269a080b27">
      <Execution id="13882feb-005a-4205-aabc-c50424edc096" />
      <TestMethod codeBase="/home/runner/work/BuckScienceApp/BuckScienceApp/tests/BuckScience.Tests/bin/Debug/net8.0/BuckScience.Tests.dll" adapterTypeName="executor://xunit/VsTestRunner2/netcoreapp" className="BuckScience.Tests.Web.Helpers.WeatherHelpersTests" name="ConvertMoonPhaseToText_VariousValues_ReturnsCorrectText" />
    </UnitTest>
    <UnitTest name="BuckScience.Tests.Domain.PropertyFeatureTests.Constructor_WithInvalidWeight_ThrowsArgumentOutOfRangeException(weight: 1.10000002)" storage="/home/runner/work/buckscienceapp/buckscienceapp/tests/buckscience.tests/bin/debug/net8.0/buckscience.tests.dll" id="ddea20c7-b2e3-61c7-335c-b2bd52df33d9">
      <Execution id="939322d5-b56a-4147-afd6-3934b660ec51" />
      <TestMethod codeBase="/home/runner/work/BuckScienceApp/BuckScienceApp/tests/BuckScience.Tests/bin/Debug/net8.0/BuckScience.Tests.dll" adapterTypeName="executor://xunit/VsTestRunner2/netcoreapp" className="BuckScience.Tests.Domain.PropertyFeatureTests" name="Constructor_WithInvalidWeight_ThrowsArgumentOutOfRangeException" />
    </UnitTest>
    <UnitTest name="BuckScience.Tests.CameraEditVmTests.CameraEditVm_SyncSelectionFromDirection_ShouldFindClosestDirection" storage="/home/runner/work/buckscienceapp/buckscienceapp/tests/buckscience.tests/bin/debug/net8.0/buckscience.tests.dll" id="8d702d1b-c14c-4dd0-cea5-aaa087d77d3f">
      <Execution id="69a82a85-8f34-4774-950f-2f73767e85a1" />
      <TestMethod codeBase="/home/runner/work/BuckScienceApp/BuckScienceApp/tests/BuckScience.Tests/bin/Debug/net8.0/BuckScience.Tests.dll" adapterTypeName="executor://xunit/VsTestRunner2/netcoreapp" className="BuckScience.Tests.CameraEditVmTests" name="CameraEditVm_SyncSelectionFromDirection_ShouldFindClosestDirection" />
    </UnitTest>
    <UnitTest name="BuckScience.Tests.Application.Profiles.ProfileCrudTests.CreateProfile_ValidData_CreatesProfile" storage="/home/runner/work/buckscienceapp/buckscienceapp/tests/buckscience.tests/bin/debug/net8.0/buckscience.tests.dll" id="9c1cfe7d-bcc9-4b03-b265-ec26ee7c3263">
      <Execution id="23a627c6-7cb3-45b6-852c-b729e852fed8" />
      <TestMethod codeBase="/home/runner/work/BuckScienceApp/BuckScienceApp/tests/BuckScience.Tests/bin/Debug/net8.0/BuckScience.Tests.dll" adapterTypeName="executor://xunit/VsTestRunner2/netcoreapp" className="BuckScience.Tests.Application.Profiles.ProfileCrudTests" name="CreateProfile_ValidData_CreatesProfile" />
    </UnitTest>
    <UnitTest name="BuckScience.Tests.DirectionHelperTests.FromFloat_ShouldFindClosestDirection(degrees: 23, expectedDirection: NE)" storage="/home/runner/work/buckscienceapp/buckscienceapp/tests/buckscience.tests/bin/debug/net8.0/buckscience.tests.dll" id="e180b2c2-7fc8-0f15-5653-0156d254c8c9">
      <Execution id="9bfaf6f3-83a6-4d77-afcb-0c6ed675ef70" />
      <TestMethod codeBase="/home/runner/work/BuckScienceApp/BuckScienceApp/tests/BuckScience.Tests/bin/Debug/net8.0/BuckScience.Tests.dll" adapterTypeName="executor://xunit/VsTestRunner2/netcoreapp" className="BuckScience.Tests.DirectionHelperTests" name="FromFloat_ShouldFindClosestDirection" />
    </UnitTest>
    <UnitTest name="BuckScience.Tests.TagCleanupTests.RemoveTagFromPhotos_ShouldKeepTagAndPropertyTag_WhenUsedOnOtherProperties" storage="/home/runner/work/buckscienceapp/buckscienceapp/tests/buckscience.tests/bin/debug/net8.0/buckscience.tests.dll" id="dc5b4323-69df-5b53-04b8-b2edd86e4211">
      <Execution id="f316205c-02b9-4efb-a651-e443eb51d373" />
      <TestMethod codeBase="/home/runner/work/BuckScienceApp/BuckScienceApp/tests/BuckScience.Tests/bin/Debug/net8.0/BuckScience.Tests.dll" adapterTypeName="executor://xunit/VsTestRunner2/netcoreapp" className="BuckScience.Tests.TagCleanupTests" name="RemoveTagFromPhotos_ShouldKeepTagAndPropertyTag_WhenUsedOnOtherProperties" />
    </UnitTest>
    <UnitTest name="BuckScience.Tests.PhotoPlacementHistoryTests.Photo_WithPlacementHistory_ShouldAssociateCorrectly" storage="/home/runner/work/buckscienceapp/buckscienceapp/tests/buckscience.tests/bin/debug/net8.0/buckscience.tests.dll" id="9e5e4569-9acc-0235-4e91-ee81d67e124e">
      <Execution id="f005bb5e-88f0-4ddf-bc74-50f23e6279cc" />
      <TestMethod codeBase="/home/runner/work/BuckScienceApp/BuckScienceApp/tests/BuckScience.Tests/bin/Debug/net8.0/BuckScience.Tests.dll" adapterTypeName="executor://xunit/VsTestRunner2/netcoreapp" className="BuckScience.Tests.PhotoPlacementHistoryTests" name="Photo_WithPlacementHistory_ShouldAssociateCorrectly" />
    </UnitTest>
    <UnitTest name="BuckScience.Tests.Application.SeasonMonthMappingServiceTests.SeasonMonthMappingService_Constructor_WithNullDbContext_ThrowsArgumentNullException" storage="/home/runner/work/buckscienceapp/buckscienceapp/tests/buckscience.tests/bin/debug/net8.0/buckscience.tests.dll" id="162f6cfb-c27f-27d9-ae85-1a410ddacc2e">
      <Execution id="e8cf29b7-1e95-475b-9e10-d6e8ace138d3" />
      <TestMethod codeBase="/home/runner/work/BuckScienceApp/BuckScienceApp/tests/BuckScience.Tests/bin/Debug/net8.0/BuckScience.Tests.dll" adapterTypeName="executor://xunit/VsTestRunner2/netcoreapp" className="BuckScience.Tests.Application.SeasonMonthMappingServiceTests" name="SeasonMonthMappingService_Constructor_WithNullDbContext_ThrowsArgumentNullException" />
    </UnitTest>
    <UnitTest name="BuckScience.Tests.CameraPlacementHistoryTests.CameraPlacementHistory_Duration_ShouldCalculateCorrectly" storage="/home/runner/work/buckscienceapp/buckscienceapp/tests/buckscience.tests/bin/debug/net8.0/buckscience.tests.dll" id="2b043a8d-e346-04e5-47b3-898bfcbeb615">
      <Execution id="b981b9cf-ef4f-483b-ab97-af0e0b935f1c" />
      <TestMethod codeBase="/home/runner/work/BuckScienceApp/BuckScienceApp/tests/BuckScience.Tests/bin/Debug/net8.0/BuckScience.Tests.dll" adapterTypeName="executor://xunit/VsTestRunner2/netcoreapp" className="BuckScience.Tests.CameraPlacementHistoryTests" name="CameraPlacementHistory_Duration_ShouldCalculateCorrectly" />
    </UnitTest>
    <UnitTest name="BuckScience.Tests.PhotoFilteringComprehensiveTests.PhotoFiltering_BackwardCompatibility_WithoutFilters" storage="/home/runner/work/buckscienceapp/buckscienceapp/tests/buckscience.tests/bin/debug/net8.0/buckscience.tests.dll" id="6e95a11c-ba0a-17a5-b618-642e6194107c">
      <Execution id="72979cd2-7dd8-4952-a368-764181c2a256" />
      <TestMethod codeBase="/home/runner/work/BuckScienceApp/BuckScienceApp/tests/BuckScience.Tests/bin/Debug/net8.0/BuckScience.Tests.dll" adapterTypeName="executor://xunit/VsTestRunner2/netcoreapp" className="BuckScience.Tests.PhotoFilteringComprehensiveTests" name="PhotoFiltering_BackwardCompatibility_WithoutFilters" />
    </UnitTest>
    <UnitTest name="BuckScience.Tests.Application.SeasonMonthMappingServiceTests.GetActiveSeasonsForDateAsync_WithDefaultMappings_ReturnsCorrectSeasons" storage="/home/runner/work/buckscienceapp/buckscienceapp/tests/buckscience.tests/bin/debug/net8.0/buckscience.tests.dll" id="a7ad3ba3-5e5b-6ba0-2a38-a396786b3043">
      <Execution id="8643a38b-aa87-4198-96b7-987a9b440d5f" />
      <TestMethod codeBase="/home/runner/work/BuckScienceApp/BuckScienceApp/tests/BuckScience.Tests/bin/Debug/net8.0/BuckScience.Tests.dll" adapterTypeName="executor://xunit/VsTestRunner2/netcoreapp" className="BuckScience.Tests.Application.SeasonMonthMappingServiceTests" name="GetActiveSeasonsForDateAsync_WithDefaultMappings_ReturnsCorrectSeasons" />
    </UnitTest>
    <UnitTest name="BuckScience.Tests.Application.SeasonMonthMappingServiceTests.GetAllPropertyOverridesAsync_ReturnsAllOverrides_ForProperty" storage="/home/runner/work/buckscienceapp/buckscienceapp/tests/buckscience.tests/bin/debug/net8.0/buckscience.tests.dll" id="52ae0b6b-063d-fda1-eda2-bf4a1c9b90a4">
      <Execution id="03a5dbc4-efdb-41e3-8ba9-f6d8b0958858" />
      <TestMethod codeBase="/home/runner/work/BuckScienceApp/BuckScienceApp/tests/BuckScience.Tests/bin/Debug/net8.0/BuckScience.Tests.dll" adapterTypeName="executor://xunit/VsTestRunner2/netcoreapp" className="BuckScience.Tests.Application.SeasonMonthMappingServiceTests" name="GetAllPropertyOverridesAsync_ReturnsAllOverrides_ForProperty" />
    </UnitTest>
    <UnitTest name="BuckScience.Tests.Application.SeasonMonthMappingServiceTests.GetMonthsForPropertyAsync_WithPropertyOverride_ReturnsOverrideMonths" storage="/home/runner/work/buckscienceapp/buckscienceapp/tests/buckscience.tests/bin/debug/net8.0/buckscience.tests.dll" id="82ad2eed-c2a8-00e1-ef28-e5a6803fece0">
      <Execution id="d63270ed-6b8e-4019-a66a-941c1093f6c6" />
      <TestMethod codeBase="/home/runner/work/BuckScienceApp/BuckScienceApp/tests/BuckScience.Tests/bin/Debug/net8.0/BuckScience.Tests.dll" adapterTypeName="executor://xunit/VsTestRunner2/netcoreapp" className="BuckScience.Tests.Application.SeasonMonthMappingServiceTests" name="GetMonthsForPropertyAsync_WithPropertyOverride_ReturnsOverrideMonths" />
    </UnitTest>
    <UnitTest name="BuckScience.Tests.PhotoFiltersTests.PhotoFilters_HasWeatherFilters_ReturnsTrueWhenTemperatureFilterSet" storage="/home/runner/work/buckscienceapp/buckscienceapp/tests/buckscience.tests/bin/debug/net8.0/buckscience.tests.dll" id="ce19e570-cfff-5516-73c5-0c25670038af">
      <Execution id="81108f28-6660-4e65-bdb0-cb21825c3995" />
      <TestMethod codeBase="/home/runner/work/BuckScienceApp/BuckScienceApp/tests/BuckScience.Tests/bin/Debug/net8.0/BuckScience.Tests.dll" adapterTypeName="executor://xunit/VsTestRunner2/netcoreapp" className="BuckScience.Tests.PhotoFiltersTests" name="PhotoFilters_HasWeatherFilters_ReturnsTrueWhenTemperatureFilterSet" />
    </UnitTest>
    <UnitTest name="BuckScience.Tests.TaggingRequirementsTests.Requirement1_DefaultTags_ShouldBePopulatedByMigration" storage="/home/runner/work/buckscienceapp/buckscienceapp/tests/buckscience.tests/bin/debug/net8.0/buckscience.tests.dll" id="61de09e0-94b0-9094-bdcf-74e56c5800ed">
      <Execution id="d298ecd4-9a5a-45d8-bda8-250f93101e41" />
      <TestMethod codeBase="/home/runner/work/BuckScienceApp/BuckScienceApp/tests/BuckScience.Tests/bin/Debug/net8.0/BuckScience.Tests.dll" adapterTypeName="executor://xunit/VsTestRunner2/netcoreapp" className="BuckScience.Tests.TaggingRequirementsTests" name="Requirement1_DefaultTags_ShouldBePopulatedByMigration" />
    </UnitTest>
    <UnitTest name="BuckScience.Tests.DirectionHelperTests.FromFloat_ShouldReturnCorrectDirection(degrees: 45, expectedDirection: NE)" storage="/home/runner/work/buckscienceapp/buckscienceapp/tests/buckscience.tests/bin/debug/net8.0/buckscience.tests.dll" id="abed9d03-2d03-a6ea-317e-f9cbae3ef978">
      <Execution id="352cd861-c1e7-4f6b-9434-824843896440" />
      <TestMethod codeBase="/home/runner/work/BuckScienceApp/BuckScienceApp/tests/BuckScience.Tests/bin/Debug/net8.0/BuckScience.Tests.dll" adapterTypeName="executor://xunit/VsTestRunner2/netcoreapp" className="BuckScience.Tests.DirectionHelperTests" name="FromFloat_ShouldReturnCorrectDirection" />
    </UnitTest>
    <UnitTest name="BuckScience.Tests.CameraEditVmTests.CameraEditVm_ValidationAttributes_ShouldBeApplied" storage="/home/runner/work/buckscienceapp/buckscienceapp/tests/buckscience.tests/bin/debug/net8.0/buckscience.tests.dll" id="def966b3-b198-e5b0-2219-bdde89be7924">
      <Execution id="88b8da19-cb21-4729-a334-bdc4c8d9d71b" />
      <TestMethod codeBase="/home/runner/work/BuckScienceApp/BuckScienceApp/tests/BuckScience.Tests/bin/Debug/net8.0/BuckScience.Tests.dll" adapterTypeName="executor://xunit/VsTestRunner2/netcoreapp" className="BuckScience.Tests.CameraEditVmTests" name="CameraEditVm_ValidationAttributes_ShouldBeApplied" />
    </UnitTest>
    <UnitTest name="BuckScience.Tests.TaggingIntegrationTests.CreateProperty_ShouldAutoAssignDefaultTags" storage="/home/runner/work/buckscienceapp/buckscienceapp/tests/buckscience.tests/bin/debug/net8.0/buckscience.tests.dll" id="aac2053d-c1f1-3ae9-c811-84c25975dded">
      <Execution id="0fcd352b-9b76-445e-a6b1-2c3c3f5a40ce" />
      <TestMethod codeBase="/home/runner/work/BuckScienceApp/BuckScienceApp/tests/BuckScience.Tests/bin/Debug/net8.0/BuckScience.Tests.dll" adapterTypeName="executor://xunit/VsTestRunner2/netcoreapp" className="BuckScience.Tests.TaggingIntegrationTests" name="CreateProperty_ShouldAutoAssignDefaultTags" />
    </UnitTest>
    <UnitTest name="BuckScience.Tests.Domain.FeatureWeightTests.FeatureWeightHelper_GetDefaultWeight_ReturnsExpectedValues(type: AgCropField, expectedWeight: 0.800000012)" storage="/home/runner/work/buckscienceapp/buckscienceapp/tests/buckscience.tests/bin/debug/net8.0/buckscience.tests.dll" id="abcb8fa3-cd85-2471-5636-a22af31205a3">
      <Execution id="d660bd42-0b7e-4c8f-9436-b8c9940cd2d0" />
      <TestMethod codeBase="/home/runner/work/BuckScienceApp/BuckScienceApp/tests/BuckScience.Tests/bin/Debug/net8.0/BuckScience.Tests.dll" adapterTypeName="executor://xunit/VsTestRunner2/netcoreapp" className="BuckScience.Tests.Domain.FeatureWeightTests" name="FeatureWeightHelper_GetDefaultWeight_ReturnsExpectedValues" />
    </UnitTest>
    <UnitTest name="BuckScience.Tests.Domain.PropertySeasonMonthsOverrideTests.PropertySeasonMonthsOverride_Constructor_WithEmptyMonths_ThrowsArgumentException" storage="/home/runner/work/buckscienceapp/buckscienceapp/tests/buckscience.tests/bin/debug/net8.0/buckscience.tests.dll" id="85f24840-3222-d447-0677-9820b9294533">
      <Execution id="46a3de41-e2d5-423c-95f6-5fb778401ddf" />
      <TestMethod codeBase="/home/runner/work/BuckScienceApp/BuckScienceApp/tests/BuckScience.Tests/bin/Debug/net8.0/BuckScience.Tests.dll" adapterTypeName="executor://xunit/VsTestRunner2/netcoreapp" className="BuckScience.Tests.Domain.PropertySeasonMonthsOverrideTests" name="PropertySeasonMonthsOverride_Constructor_WithEmptyMonths_ThrowsArgumentException" />
    </UnitTest>
    <UnitTest name="BuckScience.Tests.Web.Helpers.WeatherHelpersTests.ConvertMoonPhaseToText_VariousValues_ReturnsCorrectText(phase: 0.84999999999999998, expected: &quot;Waning Crescent&quot;)" storage="/home/runner/work/buckscienceapp/buckscienceapp/tests/buckscience.tests/bin/debug/net8.0/buckscience.tests.dll" id="22d4e883-d516-a3c1-91a6-c6ccca686050">
      <Execution id="6e0c54a2-5574-4bc2-9a2f-cce82f5c6725" />
      <TestMethod codeBase="/home/runner/work/BuckScienceApp/BuckScienceApp/tests/BuckScience.Tests/bin/Debug/net8.0/BuckScience.Tests.dll" adapterTypeName="executor://xunit/VsTestRunner2/netcoreapp" className="BuckScience.Tests.Web.Helpers.WeatherHelpersTests" name="ConvertMoonPhaseToText_VariousValues_ReturnsCorrectText" />
    </UnitTest>
    <UnitTest name="BuckScience.Tests.PhotoFilteringUrlExamples.BuildFilters_UrlParameters_ShouldParseCorrectly(urlParams: &quot;windSpeedMin=5&amp;windSpeedMax=15&quot;, expectedTempMin: null, expectedTempMax: null, expectedWindMin: 5, expectedWindMax: 15)" storage="/home/runner/work/buckscienceapp/buckscienceapp/tests/buckscience.tests/bin/debug/net8.0/buckscience.tests.dll" id="0c5da287-efdb-ad86-5a1d-4f909e3eba8c">
      <Execution id="00483663-cd1e-43f3-8e8e-d151b047f0b3" />
      <TestMethod codeBase="/home/runner/work/BuckScienceApp/BuckScienceApp/tests/BuckScience.Tests/bin/Debug/net8.0/BuckScience.Tests.dll" adapterTypeName="executor://xunit/VsTestRunner2/netcoreapp" className="BuckScience.Tests.PhotoFilteringUrlExamples" name="BuildFilters_UrlParameters_ShouldParseCorrectly" />
    </UnitTest>
    <UnitTest name="BuckScience.Tests.Domain.PropertySeasonMonthsOverrideTests.PropertySeasonMonthsOverride_SetMonths_WithInvalidMonths_ThrowsArgumentOutOfRangeException(invalidMonths: [13])" storage="/home/runner/work/buckscienceapp/buckscienceapp/tests/buckscience.tests/bin/debug/net8.0/buckscience.tests.dll" id="702f6073-82fe-153e-00ca-63e8665d8828">
      <Execution id="6201a8a9-7e79-4848-a937-43bd5cb253a9" />
      <TestMethod codeBase="/home/runner/work/BuckScienceApp/BuckScienceApp/tests/BuckScience.Tests/bin/Debug/net8.0/BuckScience.Tests.dll" adapterTypeName="executor://xunit/VsTestRunner2/netcoreapp" className="BuckScience.Tests.Domain.PropertySeasonMonthsOverrideTests" name="PropertySeasonMonthsOverride_SetMonths_WithInvalidMonths_ThrowsArgumentOutOfRangeException" />
    </UnitTest>
    <UnitTest name="BuckScience.Tests.CameraPlacementHistoryTests.CameraPlacementHistory_EndPlacement_ShouldSetEndDateTime" storage="/home/runner/work/buckscienceapp/buckscienceapp/tests/buckscience.tests/bin/debug/net8.0/buckscience.tests.dll" id="ce7424f3-8800-2916-ce22-d9c4a6a2d917">
      <Execution id="81148445-642e-4a8c-93c5-5c732bf43cbe" />
      <TestMethod codeBase="/home/runner/work/BuckScienceApp/BuckScienceApp/tests/BuckScience.Tests/bin/Debug/net8.0/BuckScience.Tests.dll" adapterTypeName="executor://xunit/VsTestRunner2/netcoreapp" className="BuckScience.Tests.CameraPlacementHistoryTests" name="CameraPlacementHistory_EndPlacement_ShouldSetEndDateTime" />
    </UnitTest>
    <UnitTest name="BuckScience.Tests.Domain.MonthsAttributeTests.MonthsAttribute_Constructor_WithAllMonths_SetsAllMonthsCorrectly" storage="/home/runner/work/buckscienceapp/buckscienceapp/tests/buckscience.tests/bin/debug/net8.0/buckscience.tests.dll" id="9e88128c-c893-0f4c-cf4f-ba4eb6951e77">
      <Execution id="524b45ec-599f-4a8b-aa59-396e1f9db9c1" />
      <TestMethod codeBase="/home/runner/work/BuckScienceApp/BuckScienceApp/tests/BuckScience.Tests/bin/Debug/net8.0/BuckScience.Tests.dll" adapterTypeName="executor://xunit/VsTestRunner2/netcoreapp" className="BuckScience.Tests.Domain.MonthsAttributeTests" name="MonthsAttribute_Constructor_WithAllMonths_SetsAllMonthsCorrectly" />
    </UnitTest>
    <UnitTest name="BuckScience.Tests.Web.Helpers.WeatherHelpersTests.ConvertWindDirectionTextToNumeric_ValidDirections_ReturnsCorrectDegrees(direction: &quot;N&quot;, expected: 0)" storage="/home/runner/work/buckscienceapp/buckscienceapp/tests/buckscience.tests/bin/debug/net8.0/buckscience.tests.dll" id="5c61d628-c74f-c8f0-779e-82c0c2dc77df">
      <Execution id="fab2637f-d93c-4f72-902b-303bfdab35ef" />
      <TestMethod codeBase="/home/runner/work/BuckScienceApp/BuckScienceApp/tests/BuckScience.Tests/bin/Debug/net8.0/BuckScience.Tests.dll" adapterTypeName="executor://xunit/VsTestRunner2/netcoreapp" className="BuckScience.Tests.Web.Helpers.WeatherHelpersTests" name="ConvertWindDirectionTextToNumeric_ValidDirections_ReturnsCorrectDegrees" />
    </UnitTest>
    <UnitTest name="BuckScience.Tests.WeatherBatchProcessingTests.WeatherBatchProcessing_ShouldMinimizeApiCalls" storage="/home/runner/work/buckscienceapp/buckscienceapp/tests/buckscience.tests/bin/debug/net8.0/buckscience.tests.dll" id="5a1b2923-7867-c9d7-9184-902164877e6b">
      <Execution id="28ccf66c-f07d-4a88-9a6f-e0307801660e" />
      <TestMethod codeBase="/home/runner/work/BuckScienceApp/BuckScienceApp/tests/BuckScience.Tests/bin/Debug/net8.0/BuckScience.Tests.dll" adapterTypeName="executor://xunit/VsTestRunner2/netcoreapp" className="BuckScience.Tests.WeatherBatchProcessingTests" name="WeatherBatchProcessing_ShouldMinimizeApiCalls" />
    </UnitTest>
    <UnitTest name="BuckScience.Tests.DirectionHelperTests.FromFloat_ShouldFindClosestDirection(degrees: 360, expectedDirection: N)" storage="/home/runner/work/buckscienceapp/buckscienceapp/tests/buckscience.tests/bin/debug/net8.0/buckscience.tests.dll" id="10354eb4-4c14-dba7-068b-24dcfb475d53">
      <Execution id="0c913ebf-aa7a-4ea0-b121-b4b1e52770ad" />
      <TestMethod codeBase="/home/runner/work/BuckScienceApp/BuckScienceApp/tests/BuckScience.Tests/bin/Debug/net8.0/BuckScience.Tests.dll" adapterTypeName="executor://xunit/VsTestRunner2/netcoreapp" className="BuckScience.Tests.DirectionHelperTests" name="FromFloat_ShouldFindClosestDirection" />
    </UnitTest>
    <UnitTest name="BuckScience.Tests.Domain.PropertySeasonMonthsOverrideTests.PropertySeasonMonthsOverride_Constructor_WithInvalidMonths_ThrowsArgumentOutOfRangeException(invalidMonths: [13])" storage="/home/runner/work/buckscienceapp/buckscienceapp/tests/buckscience.tests/bin/debug/net8.0/buckscience.tests.dll" id="c77238a9-c057-c0ba-9741-2b480cb950cf">
      <Execution id="d4403903-40da-49e4-8711-425f866a900e" />
      <TestMethod codeBase="/home/runner/work/BuckScienceApp/BuckScienceApp/tests/BuckScience.Tests/bin/Debug/net8.0/BuckScience.Tests.dll" adapterTypeName="executor://xunit/VsTestRunner2/netcoreapp" className="BuckScience.Tests.Domain.PropertySeasonMonthsOverrideTests" name="PropertySeasonMonthsOverride_Constructor_WithInvalidMonths_ThrowsArgumentOutOfRangeException" />
    </UnitTest>
    <UnitTest name="BuckScience.Tests.Application.SeasonMonthMappingServiceTests.GetMonthsForPropertyAsync_WithoutOverrides_ReturnsCorrectDefaults(season: PreRut, expectedMonths: [10])" storage="/home/runner/work/buckscienceapp/buckscienceapp/tests/buckscience.tests/bin/debug/net8.0/buckscience.tests.dll" id="643382d9-252e-669a-df19-e9e242cc0c0b">
      <Execution id="cac54163-5234-4948-9b22-3e1a2088b094" />
      <TestMethod codeBase="/home/runner/work/BuckScienceApp/BuckScienceApp/tests/BuckScience.Tests/bin/Debug/net8.0/BuckScience.Tests.dll" adapterTypeName="executor://xunit/VsTestRunner2/netcoreapp" className="BuckScience.Tests.Application.SeasonMonthMappingServiceTests" name="GetMonthsForPropertyAsync_WithoutOverrides_ReturnsCorrectDefaults" />
    </UnitTest>
    <UnitTest name="BuckScience.Tests.TaggingIntegrationTests.TagUniqueness_ShouldBeEnforcedCorrectly" storage="/home/runner/work/buckscienceapp/buckscienceapp/tests/buckscience.tests/bin/debug/net8.0/buckscience.tests.dll" id="4e6de647-43c0-2d5e-ffcc-d884e859b7df">
      <Execution id="fad6c359-4548-4a8e-8e29-bd6794fa2c5e" />
      <TestMethod codeBase="/home/runner/work/BuckScienceApp/BuckScienceApp/tests/BuckScience.Tests/bin/Debug/net8.0/BuckScience.Tests.dll" adapterTypeName="executor://xunit/VsTestRunner2/netcoreapp" className="BuckScience.Tests.TaggingIntegrationTests" name="TagUniqueness_ShouldBeEnforcedCorrectly" />
    </UnitTest>
    <UnitTest name="BuckScience.Tests.TaggingSystemTests.SetAsDefaultTag_ShouldSetTagAsDefault" storage="/home/runner/work/buckscienceapp/buckscienceapp/tests/buckscience.tests/bin/debug/net8.0/buckscience.tests.dll" id="5fc7d131-6de1-7ffe-375b-8ea28a5dbcb8">
      <Execution id="cb0b90c0-84bd-4011-88d1-fe3c2419d3e6" />
      <TestMethod codeBase="/home/runner/work/BuckScienceApp/BuckScienceApp/tests/BuckScience.Tests/bin/Debug/net8.0/BuckScience.Tests.dll" adapterTypeName="executor://xunit/VsTestRunner2/netcoreapp" className="BuckScience.Tests.TaggingSystemTests" name="SetAsDefaultTag_ShouldSetTagAsDefault" />
    </UnitTest>
    <UnitTest name="BuckScience.Tests.PhotoUploadIntegrationTests.PhotoUpload_AfterCameraMove_ShouldUseNewPlacement" storage="/home/runner/work/buckscienceapp/buckscienceapp/tests/buckscience.tests/bin/debug/net8.0/buckscience.tests.dll" id="3df0dc6c-72ae-14e2-377c-12e9cf0a4276">
      <Execution id="c2d6364f-ee97-494c-ac4c-63a554458024" />
      <TestMethod codeBase="/home/runner/work/BuckScienceApp/BuckScienceApp/tests/BuckScience.Tests/bin/Debug/net8.0/BuckScience.Tests.dll" adapterTypeName="executor://xunit/VsTestRunner2/netcoreapp" className="BuckScience.Tests.PhotoUploadIntegrationTests" name="PhotoUpload_AfterCameraMove_ShouldUseNewPlacement" />
    </UnitTest>
    <UnitTest name="BuckScience.Tests.TaggingRequirementsTests.Requirement2_PropertyCreation_ShouldAutoAssignDefaultTags" storage="/home/runner/work/buckscienceapp/buckscienceapp/tests/buckscience.tests/bin/debug/net8.0/buckscience.tests.dll" id="62abf167-66b2-7338-5ead-888596c0fffe">
      <Execution id="a5410387-35f1-4075-b56f-cd5bd0a781a8" />
      <TestMethod codeBase="/home/runner/work/BuckScienceApp/BuckScienceApp/tests/BuckScience.Tests/bin/Debug/net8.0/BuckScience.Tests.dll" adapterTypeName="executor://xunit/VsTestRunner2/netcoreapp" className="BuckScience.Tests.TaggingRequirementsTests" name="Requirement2_PropertyCreation_ShouldAutoAssignDefaultTags" />
    </UnitTest>
    <UnitTest name="BuckScience.Tests.Application.SeasonMonthMappingServiceTests.GetPrimarySeasonForDateAsync_DefaultMappings_ReturnsExpectedSeason(month: 10, expectedSeason: EarlySeason)" storage="/home/runner/work/buckscienceapp/buckscienceapp/tests/buckscience.tests/bin/debug/net8.0/buckscience.tests.dll" id="837ea7f9-62f6-2203-19c1-0791b6c92a8e">
      <Execution id="232d9c8e-19e7-4e60-a9bd-c97a93676c7a" />
      <TestMethod codeBase="/home/runner/work/BuckScienceApp/BuckScienceApp/tests/BuckScience.Tests/bin/Debug/net8.0/BuckScience.Tests.dll" adapterTypeName="executor://xunit/VsTestRunner2/netcoreapp" className="BuckScience.Tests.Application.SeasonMonthMappingServiceTests" name="GetPrimarySeasonForDateAsync_DefaultMappings_ReturnsExpectedSeason" />
    </UnitTest>
    <UnitTest name="BuckScience.Tests.Web.Helpers.WeatherHelpersTests.ConvertMoonPhaseToText_VariousValues_ReturnsCorrectText(phase: 0.25, expected: &quot;First Quarter&quot;)" storage="/home/runner/work/buckscienceapp/buckscienceapp/tests/buckscience.tests/bin/debug/net8.0/buckscience.tests.dll" id="639a2f8f-de06-aff0-2654-2e863df98d3d">
      <Execution id="b870dc8d-6f19-4771-8f6b-e50035587e69" />
      <TestMethod codeBase="/home/runner/work/BuckScienceApp/BuckScienceApp/tests/BuckScience.Tests/bin/Debug/net8.0/BuckScience.Tests.dll" adapterTypeName="executor://xunit/VsTestRunner2/netcoreapp" className="BuckScience.Tests.Web.Helpers.WeatherHelpersTests" name="ConvertMoonPhaseToText_VariousValues_ReturnsCorrectText" />
    </UnitTest>
    <UnitTest name="BuckScience.Tests.Domain.SeasonExtensionsTests.GetDefaultMonths_PostRut_ReturnsCorrectMonths" storage="/home/runner/work/buckscienceapp/buckscienceapp/tests/buckscience.tests/bin/debug/net8.0/buckscience.tests.dll" id="305d09f5-4e54-c015-79c0-ffb75c48bf18">
      <Execution id="ef01299b-8e82-4a1a-9880-c459db771e6a" />
      <TestMethod codeBase="/home/runner/work/BuckScienceApp/BuckScienceApp/tests/BuckScience.Tests/bin/Debug/net8.0/BuckScience.Tests.dll" adapterTypeName="executor://xunit/VsTestRunner2/netcoreapp" className="BuckScience.Tests.Domain.SeasonExtensionsTests" name="GetDefaultMonths_PostRut_ReturnsCorrectMonths" />
    </UnitTest>
    <UnitTest name="BuckScience.Tests.DirectionHelperTests.GetAllDirections_ShouldReturnAllDirectionsWithCorrectData" storage="/home/runner/work/buckscienceapp/buckscienceapp/tests/buckscience.tests/bin/debug/net8.0/buckscience.tests.dll" id="8bb24e9f-b033-fdc0-7830-bccb21534250">
      <Execution id="f5b6ce18-aa13-4f4d-ae3a-d213359f46ad" />
      <TestMethod codeBase="/home/runner/work/BuckScienceApp/BuckScienceApp/tests/BuckScience.Tests/bin/Debug/net8.0/BuckScience.Tests.dll" adapterTypeName="executor://xunit/VsTestRunner2/netcoreapp" className="BuckScience.Tests.DirectionHelperTests" name="GetAllDirections_ShouldReturnAllDirectionsWithCorrectData" />
    </UnitTest>
    <UnitTest name="BuckScience.Tests.Domain.FeatureWeightTests.FeatureWeightHelper_GetDefaultWeight_ReturnsExpectedValues(type: Saddle, expectedWeight: 0.800000012)" storage="/home/runner/work/buckscienceapp/buckscienceapp/tests/buckscience.tests/bin/debug/net8.0/buckscience.tests.dll" id="a5f21c48-f469-8d11-cd8e-07391ae2a35b">
      <Execution id="6410bea5-d75e-495d-a600-c90a717cd212" />
      <TestMethod codeBase="/home/runner/work/BuckScienceApp/BuckScienceApp/tests/BuckScience.Tests/bin/Debug/net8.0/BuckScience.Tests.dll" adapterTypeName="executor://xunit/VsTestRunner2/netcoreapp" className="BuckScience.Tests.Domain.FeatureWeightTests" name="FeatureWeightHelper_GetDefaultWeight_ReturnsExpectedValues" />
    </UnitTest>
    <UnitTest name="BuckScience.Tests.DirectionHelperTests.FromFloat_ShouldFindClosestDirection(degrees: 365, expectedDirection: N)" storage="/home/runner/work/buckscienceapp/buckscienceapp/tests/buckscience.tests/bin/debug/net8.0/buckscience.tests.dll" id="aef446e3-f136-0d0b-1c4f-72b145e6d953">
      <Execution id="c511e97b-a368-42bf-9763-96e6f92e1ed5" />
      <TestMethod codeBase="/home/runner/work/BuckScienceApp/BuckScienceApp/tests/BuckScience.Tests/bin/Debug/net8.0/BuckScience.Tests.dll" adapterTypeName="executor://xunit/VsTestRunner2/netcoreapp" className="BuckScience.Tests.DirectionHelperTests" name="FromFloat_ShouldFindClosestDirection" />
    </UnitTest>
    <UnitTest name="BuckScience.Tests.Domain.FeatureWeightTests.FeatureWeightHelper_GetCategory_ReturnsCorrectCategory(type: AgCropField, expectedCategory: ResourceFood)" storage="/home/runner/work/buckscienceapp/buckscienceapp/tests/buckscience.tests/bin/debug/net8.0/buckscience.tests.dll" id="e4c14db6-7ddb-4f54-d632-50f949736205">
      <Execution id="e38ae008-9d86-4894-b0b6-c5584318766d" />
      <TestMethod codeBase="/home/runner/work/BuckScienceApp/BuckScienceApp/tests/BuckScience.Tests/bin/Debug/net8.0/BuckScience.Tests.dll" adapterTypeName="executor://xunit/VsTestRunner2/netcoreapp" className="BuckScience.Tests.Domain.FeatureWeightTests" name="FeatureWeightHelper_GetCategory_ReturnsCorrectCategory" />
    </UnitTest>
    <UnitTest name="BuckScience.Tests.Web.Helpers.WeatherHelpersTests.ConvertWindDirectionToText_VariousAngles_ReturnsCorrectDirection(degrees: 270, expected: &quot;W&quot;)" storage="/home/runner/work/buckscienceapp/buckscienceapp/tests/buckscience.tests/bin/debug/net8.0/buckscience.tests.dll" id="2eacfbf3-667b-5a8e-52a0-d9d512e960c7">
      <Execution id="5947a39e-e086-4665-911f-c6a1e1bb2c0e" />
      <TestMethod codeBase="/home/runner/work/BuckScienceApp/BuckScienceApp/tests/BuckScience.Tests/bin/Debug/net8.0/BuckScience.Tests.dll" adapterTypeName="executor://xunit/VsTestRunner2/netcoreapp" className="BuckScience.Tests.Web.Helpers.WeatherHelpersTests" name="ConvertWindDirectionToText_VariousAngles_ReturnsCorrectDirection" />
    </UnitTest>
    <UnitTest name="BuckScience.Tests.CameraCreateVmTests.CameraCreateVm_DirectionSync_ShouldWorkForAllDirections(direction: SW, expectedDegrees: 225)" storage="/home/runner/work/buckscienceapp/buckscienceapp/tests/buckscience.tests/bin/debug/net8.0/buckscience.tests.dll" id="386e0330-7309-7b37-24f5-0984d80d3723">
      <Execution id="b9a6e641-f346-4cbe-898d-8a8dd1cd3be3" />
      <TestMethod codeBase="/home/runner/work/BuckScienceApp/BuckScienceApp/tests/BuckScience.Tests/bin/Debug/net8.0/BuckScience.Tests.dll" adapterTypeName="executor://xunit/VsTestRunner2/netcoreapp" className="BuckScience.Tests.CameraCreateVmTests" name="CameraCreateVm_DirectionSync_ShouldWorkForAllDirections" />
    </UnitTest>
    <UnitTest name="BuckScience.Tests.Application.PropertyFeatureApplicationTests.CreatePropertyFeature_WithoutWeight_CreatesFeatureWithDefaultWeight" storage="/home/runner/work/buckscienceapp/buckscienceapp/tests/buckscience.tests/bin/debug/net8.0/buckscience.tests.dll" id="ea3e05c1-5c7d-865c-be9d-8f2ae46de9bb">
      <Execution id="bf10cefd-2dd2-4298-bfce-925ce18694f6" />
      <TestMethod codeBase="/home/runner/work/BuckScienceApp/BuckScienceApp/tests/BuckScience.Tests/bin/Debug/net8.0/BuckScience.Tests.dll" adapterTypeName="executor://xunit/VsTestRunner2/netcoreapp" className="BuckScience.Tests.Application.PropertyFeatureApplicationTests" name="CreatePropertyFeature_WithoutWeight_CreatesFeatureWithDefaultWeight" />
    </UnitTest>
    <UnitTest name="BuckScience.Tests.PhotoGroupingTests.PhotoGrouping_ShouldGroupByMonthYear" storage="/home/runner/work/buckscienceapp/buckscienceapp/tests/buckscience.tests/bin/debug/net8.0/buckscience.tests.dll" id="7d1b1cf4-8561-5b1e-3cb0-e9438583a7c7">
      <Execution id="dadbf1fe-b80a-4ea5-99cf-82aa12b2930b" />
      <TestMethod codeBase="/home/runner/work/BuckScienceApp/BuckScienceApp/tests/BuckScience.Tests/bin/Debug/net8.0/BuckScience.Tests.dll" adapterTypeName="executor://xunit/VsTestRunner2/netcoreapp" className="BuckScience.Tests.PhotoGroupingTests" name="PhotoGrouping_ShouldGroupByMonthYear" />
    </UnitTest>
    <UnitTest name="BuckScience.Tests.FeatureHelperTests.FeatureIcons_ShouldContainAllClassificationTypes" storage="/home/runner/work/buckscienceapp/buckscienceapp/tests/buckscience.tests/bin/debug/net8.0/buckscience.tests.dll" id="9b597749-8f28-5ece-3f0e-b5bb4e23820c">
      <Execution id="b89b3881-6f70-4064-9629-308c0e93fd97" />
      <TestMethod codeBase="/home/runner/work/BuckScienceApp/BuckScienceApp/tests/BuckScience.Tests/bin/Debug/net8.0/BuckScience.Tests.dll" adapterTypeName="executor://xunit/VsTestRunner2/netcoreapp" className="BuckScience.Tests.FeatureHelperTests" name="FeatureIcons_ShouldContainAllClassificationTypes" />
    </UnitTest>
    <UnitTest name="BuckScience.Tests.Web.Helpers.WeatherHelpersTests.ConvertWindDirectionTextToNumeric_ValidDirections_ReturnsCorrectDegrees(direction: &quot;SSE&quot;, expected: 157.5)" storage="/home/runner/work/buckscienceapp/buckscienceapp/tests/buckscience.tests/bin/debug/net8.0/buckscience.tests.dll" id="44213f5c-f4e3-7f19-6a5d-6c4a3c8d0dec">
      <Execution id="d0200b96-0916-4797-bd63-a58f55b299c3" />
      <TestMethod codeBase="/home/runner/work/BuckScienceApp/BuckScienceApp/tests/BuckScience.Tests/bin/Debug/net8.0/BuckScience.Tests.dll" adapterTypeName="executor://xunit/VsTestRunner2/netcoreapp" className="BuckScience.Tests.Web.Helpers.WeatherHelpersTests" name="ConvertWindDirectionTextToNumeric_ValidDirections_ReturnsCorrectDegrees" />
    </UnitTest>
    <UnitTest name="BuckScience.Tests.DirectionHelperTests.FromFloat_ShouldFindClosestDirection(degrees: 22, expectedDirection: N)" storage="/home/runner/work/buckscienceapp/buckscienceapp/tests/buckscience.tests/bin/debug/net8.0/buckscience.tests.dll" id="973ec4a4-75bf-519b-ad67-04ada4756976">
      <Execution id="1c397c45-c0c5-4221-9b2b-a2c5dd8ab49f" />
      <TestMethod codeBase="/home/runner/work/BuckScienceApp/BuckScienceApp/tests/BuckScience.Tests/bin/Debug/net8.0/BuckScience.Tests.dll" adapterTypeName="executor://xunit/VsTestRunner2/netcoreapp" className="BuckScience.Tests.DirectionHelperTests" name="FromFloat_ShouldFindClosestDirection" />
    </UnitTest>
    <UnitTest name="BuckScience.Tests.Web.Helpers.WeatherHelpersTests.ConvertWindDirectionToText_VariousAngles_ReturnsCorrectDirection(degrees: 360, expected: &quot;N&quot;)" storage="/home/runner/work/buckscienceapp/buckscienceapp/tests/buckscience.tests/bin/debug/net8.0/buckscience.tests.dll" id="396d4f9b-ac51-22fa-04b5-9956711699f1">
      <Execution id="809e1eba-c18f-4970-a1b9-4c738c4e815a" />
      <TestMethod codeBase="/home/runner/work/BuckScienceApp/BuckScienceApp/tests/BuckScience.Tests/bin/Debug/net8.0/BuckScience.Tests.dll" adapterTypeName="executor://xunit/VsTestRunner2/netcoreapp" className="BuckScience.Tests.Web.Helpers.WeatherHelpersTests" name="ConvertWindDirectionToText_VariousAngles_ReturnsCorrectDirection" />
    </UnitTest>
    <UnitTest name="BuckScience.Tests.Web.Helpers.WeatherHelpersTests.ConvertWindDirectionTextToNumeric_InvalidText_ReturnsNull(direction: &quot;Northeast&quot;)" storage="/home/runner/work/buckscienceapp/buckscienceapp/tests/buckscience.tests/bin/debug/net8.0/buckscience.tests.dll" id="35247ab4-97a5-e557-91c7-742a1f89dba4">
      <Execution id="0702f1fc-41da-452d-9adb-0770f3f57d6c" />
      <TestMethod codeBase="/home/runner/work/BuckScienceApp/BuckScienceApp/tests/BuckScience.Tests/bin/Debug/net8.0/BuckScience.Tests.dll" adapterTypeName="executor://xunit/VsTestRunner2/netcoreapp" className="BuckScience.Tests.Web.Helpers.WeatherHelpersTests" name="ConvertWindDirectionTextToNumeric_InvalidText_ReturnsNull" />
    </UnitTest>
    <UnitTest name="BuckScience.Tests.Domain.FeatureWeightTests.FeatureWeightHelper_GetDefaultWeight_ReturnsExpectedValues(type: Waterhole, expectedWeight: 0.800000012)" storage="/home/runner/work/buckscienceapp/buckscienceapp/tests/buckscience.tests/bin/debug/net8.0/buckscience.tests.dll" id="1ccac014-6a4c-a22a-90fa-db21298e0651">
      <Execution id="d10a1e38-37db-4dd1-acab-aba898d2e942" />
      <TestMethod codeBase="/home/runner/work/BuckScienceApp/BuckScienceApp/tests/BuckScience.Tests/bin/Debug/net8.0/BuckScience.Tests.dll" adapterTypeName="executor://xunit/VsTestRunner2/netcoreapp" className="BuckScience.Tests.Domain.FeatureWeightTests" name="FeatureWeightHelper_GetDefaultWeight_ReturnsExpectedValues" />
    </UnitTest>
    <UnitTest name="BuckScience.Tests.Application.FeatureWeights.UpdateDefaultFeatureWeightsTests.UpdateDefaultFeatureWeights_ReturnsFalseForNonExistentProperty" storage="/home/runner/work/buckscienceapp/buckscienceapp/tests/buckscience.tests/bin/debug/net8.0/buckscience.tests.dll" id="51c22198-79c6-8565-1359-1e7a59cd2ad4">
      <Execution id="46408ac6-4869-4e94-ba9a-148d3eadfded" />
      <TestMethod codeBase="/home/runner/work/BuckScienceApp/BuckScienceApp/tests/BuckScience.Tests/bin/Debug/net8.0/BuckScience.Tests.dll" adapterTypeName="executor://xunit/VsTestRunner2/netcoreapp" className="BuckScience.Tests.Application.FeatureWeights.UpdateDefaultFeatureWeightsTests" name="UpdateDefaultFeatureWeights_ReturnsFalseForNonExistentProperty" />
    </UnitTest>
    <UnitTest name="BuckScience.Tests.Domain.MonthsAttributeTests.MonthsAttribute_Constructor_WithSingleMonth_SetsMonthCorrectly" storage="/home/runner/work/buckscienceapp/buckscienceapp/tests/buckscience.tests/bin/debug/net8.0/buckscience.tests.dll" id="615647ea-1f6e-f46b-032e-269c67342efc">
      <Execution id="84d63cb1-9bf6-4b19-9389-e5a1335acbb4" />
      <TestMethod codeBase="/home/runner/work/BuckScienceApp/BuckScienceApp/tests/BuckScience.Tests/bin/Debug/net8.0/BuckScience.Tests.dll" adapterTypeName="executor://xunit/VsTestRunner2/netcoreapp" className="BuckScience.Tests.Domain.MonthsAttributeTests" name="MonthsAttribute_Constructor_WithSingleMonth_SetsMonthCorrectly" />
    </UnitTest>
    <UnitTest name="BuckScience.Tests.PhotoPlacementHistoryTests.Photo_Constructor_ShouldAllowNullCameraPlacementHistoryId" storage="/home/runner/work/buckscienceapp/buckscienceapp/tests/buckscience.tests/bin/debug/net8.0/buckscience.tests.dll" id="827cffd5-57e2-399d-4e16-80e94a843b77">
      <Execution id="bb6de111-7144-4445-9e85-13b7b7aeeb88" />
      <TestMethod codeBase="/home/runner/work/BuckScienceApp/BuckScienceApp/tests/BuckScience.Tests/bin/Debug/net8.0/BuckScience.Tests.dll" adapterTypeName="executor://xunit/VsTestRunner2/netcoreapp" className="BuckScience.Tests.PhotoPlacementHistoryTests" name="Photo_Constructor_ShouldAllowNullCameraPlacementHistoryId" />
    </UnitTest>
    <UnitTest name="BuckScience.Tests.Domain.FeatureWeightTests.FeatureWeight_IsCustom_CanBeSetInConstructor" storage="/home/runner/work/buckscienceapp/buckscienceapp/tests/buckscience.tests/bin/debug/net8.0/buckscience.tests.dll" id="520cf6eb-1b87-3f3a-4e2f-2f4e620f4b62">
      <Execution id="ecf084e5-9961-4032-b4f3-84008bcffec0" />
      <TestMethod codeBase="/home/runner/work/BuckScienceApp/BuckScienceApp/tests/BuckScience.Tests/bin/Debug/net8.0/BuckScience.Tests.dll" adapterTypeName="executor://xunit/VsTestRunner2/netcoreapp" className="BuckScience.Tests.Domain.FeatureWeightTests" name="FeatureWeight_IsCustom_CanBeSetInConstructor" />
    </UnitTest>
    <UnitTest name="BuckScience.Tests.Domain.SeasonExtensionsTests.GetMonthsForProperty_WithNullProperty_ReturnsDefaultMonths" storage="/home/runner/work/buckscienceapp/buckscienceapp/tests/buckscience.tests/bin/debug/net8.0/buckscience.tests.dll" id="57048c9f-2c1b-ae85-11e6-989795af7a80">
      <Execution id="e170c843-2763-40bd-924f-c3cc46b42db2" />
      <TestMethod codeBase="/home/runner/work/BuckScienceApp/BuckScienceApp/tests/BuckScience.Tests/bin/Debug/net8.0/BuckScience.Tests.dll" adapterTypeName="executor://xunit/VsTestRunner2/netcoreapp" className="BuckScience.Tests.Domain.SeasonExtensionsTests" name="GetMonthsForProperty_WithNullProperty_ReturnsDefaultMonths" />
    </UnitTest>
    <UnitTest name="BuckScience.Tests.Domain.PropertySeasonMonthsOverrideTests.PropertySeasonMonthsOverride_Constructor_WithInvalidPropertyId_ThrowsArgumentOutOfRangeException(invalidPropertyId: -1)" storage="/home/runner/work/buckscienceapp/buckscienceapp/tests/buckscience.tests/bin/debug/net8.0/buckscience.tests.dll" id="5be58517-5610-e8d0-dec2-520046d41b5e">
      <Execution id="735f11f2-563e-477f-8b11-d67281252685" />
      <TestMethod codeBase="/home/runner/work/BuckScienceApp/BuckScienceApp/tests/BuckScience.Tests/bin/Debug/net8.0/BuckScience.Tests.dll" adapterTypeName="executor://xunit/VsTestRunner2/netcoreapp" className="BuckScience.Tests.Domain.PropertySeasonMonthsOverrideTests" name="PropertySeasonMonthsOverride_Constructor_WithInvalidPropertyId_ThrowsArgumentOutOfRangeException" />
    </UnitTest>
    <UnitTest name="BuckScience.Tests.PropertyTagUpdateTest.TaggingPhoto_ShouldUpdatePropertyTags" storage="/home/runner/work/buckscienceapp/buckscienceapp/tests/buckscience.tests/bin/debug/net8.0/buckscience.tests.dll" id="d9d0929f-95f9-5181-aa9b-10571d330d53">
      <Execution id="0efc65a7-67f3-487f-8460-66bda305fc50" />
      <TestMethod codeBase="/home/runner/work/BuckScienceApp/BuckScienceApp/tests/BuckScience.Tests/bin/Debug/net8.0/BuckScience.Tests.dll" adapterTypeName="executor://xunit/VsTestRunner2/netcoreapp" className="BuckScience.Tests.PropertyTagUpdateTest" name="TaggingPhoto_ShouldUpdatePropertyTags" />
    </UnitTest>
    <UnitTest name="BuckScience.Tests.Web.Helpers.WeatherHelpersTests.ConvertMoonPhaseToText_VariousValues_ReturnsCorrectText(phase: 0.5, expected: &quot;Full Moon&quot;)" storage="/home/runner/work/buckscienceapp/buckscienceapp/tests/buckscience.tests/bin/debug/net8.0/buckscience.tests.dll" id="8d324366-3662-08e0-9537-a5a51d46bda5">
      <Execution id="dfd7478a-91bb-4b74-9617-e9d6714e0e41" />
      <TestMethod codeBase="/home/runner/work/BuckScienceApp/BuckScienceApp/tests/BuckScience.Tests/bin/Debug/net8.0/BuckScience.Tests.dll" adapterTypeName="executor://xunit/VsTestRunner2/netcoreapp" className="BuckScience.Tests.Web.Helpers.WeatherHelpersTests" name="ConvertMoonPhaseToText_VariousValues_ReturnsCorrectText" />
    </UnitTest>
    <UnitTest name="BuckScience.Tests.WeatherConfigurationTests.WeatherApiSettings_ShouldBindFromConfiguration" storage="/home/runner/work/buckscienceapp/buckscienceapp/tests/buckscience.tests/bin/debug/net8.0/buckscience.tests.dll" id="b1a32a5b-bec7-9c13-ecb5-d09eae519281">
      <Execution id="ffe4ada3-bd45-470f-aa1e-be69b5fc3bf6" />
      <TestMethod codeBase="/home/runner/work/BuckScienceApp/BuckScienceApp/tests/BuckScience.Tests/bin/Debug/net8.0/BuckScience.Tests.dll" adapterTypeName="executor://xunit/VsTestRunner2/netcoreapp" className="BuckScience.Tests.WeatherConfigurationTests" name="WeatherApiSettings_ShouldBindFromConfiguration" />
    </UnitTest>
    <UnitTest name="BuckScience.Tests.PhotoFiltersTests.PhotoFilters_AllWeatherRangeFiltersWork" storage="/home/runner/work/buckscienceapp/buckscienceapp/tests/buckscience.tests/bin/debug/net8.0/buckscience.tests.dll" id="13b70763-63fd-f0df-582a-0fb307fcad59">
      <Execution id="26263718-71e6-4897-8182-8c33a9995cfc" />
      <TestMethod codeBase="/home/runner/work/BuckScienceApp/BuckScienceApp/tests/BuckScience.Tests/bin/Debug/net8.0/BuckScience.Tests.dll" adapterTypeName="executor://xunit/VsTestRunner2/netcoreapp" className="BuckScience.Tests.PhotoFiltersTests" name="PhotoFilters_AllWeatherRangeFiltersWork" />
    </UnitTest>
    <UnitTest name="BuckScience.Tests.TaggingRequirementsTests.Requirement2_PhotoTagging_ShouldSupportBulkOperations" storage="/home/runner/work/buckscienceapp/buckscienceapp/tests/buckscience.tests/bin/debug/net8.0/buckscience.tests.dll" id="75db6be7-a24b-fda6-3919-e716d174ed3d">
      <Execution id="15af2bac-4bdf-4040-9111-0b50d7ba5a49" />
      <TestMethod codeBase="/home/runner/work/BuckScienceApp/BuckScienceApp/tests/BuckScience.Tests/bin/Debug/net8.0/BuckScience.Tests.dll" adapterTypeName="executor://xunit/VsTestRunner2/netcoreapp" className="BuckScience.Tests.TaggingRequirementsTests" name="Requirement2_PhotoTagging_ShouldSupportBulkOperations" />
    </UnitTest>
    <UnitTest name="BuckScience.Tests.Web.Helpers.WeatherHelpersTests.ConvertWindDirectionToText_VariousAngles_ReturnsCorrectDirection(degrees: 361, expected: &quot;N&quot;)" storage="/home/runner/work/buckscienceapp/buckscienceapp/tests/buckscience.tests/bin/debug/net8.0/buckscience.tests.dll" id="d983931e-3379-4c6a-5c76-852ec2540d36">
      <Execution id="154d2221-0e8b-4248-b9e9-3724a0e93bae" />
      <TestMethod codeBase="/home/runner/work/BuckScienceApp/BuckScienceApp/tests/BuckScience.Tests/bin/Debug/net8.0/BuckScience.Tests.dll" adapterTypeName="executor://xunit/VsTestRunner2/netcoreapp" className="BuckScience.Tests.Web.Helpers.WeatherHelpersTests" name="ConvertWindDirectionToText_VariousAngles_ReturnsCorrectDirection" />
    </UnitTest>
    <UnitTest name="BuckScience.Tests.Application.SeasonMonthMappingServiceTests.GetMonthsForPropertyAsync_WithoutOverrides_ReturnsCorrectDefaults(season: EarlySeason, expectedMonths: [9, 10])" storage="/home/runner/work/buckscienceapp/buckscienceapp/tests/buckscience.tests/bin/debug/net8.0/buckscience.tests.dll" id="89a69faa-d4fe-30f7-2dd0-a490e26ff484">
      <Execution id="061b5630-b74d-4d55-b65d-454dd9446ad6" />
      <TestMethod codeBase="/home/runner/work/BuckScienceApp/BuckScienceApp/tests/BuckScience.Tests/bin/Debug/net8.0/BuckScience.Tests.dll" adapterTypeName="executor://xunit/VsTestRunner2/netcoreapp" className="BuckScience.Tests.Application.SeasonMonthMappingServiceTests" name="GetMonthsForPropertyAsync_WithoutOverrides_ReturnsCorrectDefaults" />
    </UnitTest>
    <UnitTest name="BuckScience.Tests.TaggingSystemTests.GetOrCreateTag_ShouldThrowException_WhenTagNameIsInvalid(invalidTagName: &quot;   &quot;)" storage="/home/runner/work/buckscienceapp/buckscienceapp/tests/buckscience.tests/bin/debug/net8.0/buckscience.tests.dll" id="6219abff-caed-b73f-a3a3-a932c37fd5fb">
      <Execution id="724b736d-d1f1-4a46-87c5-4cfb98896453" />
      <TestMethod codeBase="/home/runner/work/BuckScienceApp/BuckScienceApp/tests/BuckScience.Tests/bin/Debug/net8.0/BuckScience.Tests.dll" adapterTypeName="executor://xunit/VsTestRunner2/netcoreapp" className="BuckScience.Tests.TaggingSystemTests" name="GetOrCreateTag_ShouldThrowException_WhenTagNameIsInvalid" />
    </UnitTest>
    <UnitTest name="BuckScience.Tests.Domain.FeatureWeightTests.FeatureWeight_UpdateUserWeight_UpdatesValueAndTimestamp" storage="/home/runner/work/buckscienceapp/buckscienceapp/tests/buckscience.tests/bin/debug/net8.0/buckscience.tests.dll" id="7ae16dcf-6b89-2e79-9d90-4b5fa9ac7af9">
      <Execution id="c2cd3475-9d55-4976-af26-4c98b43d570f" />
      <TestMethod codeBase="/home/runner/work/BuckScienceApp/BuckScienceApp/tests/BuckScience.Tests/bin/Debug/net8.0/BuckScience.Tests.dll" adapterTypeName="executor://xunit/VsTestRunner2/netcoreapp" className="BuckScience.Tests.Domain.FeatureWeightTests" name="FeatureWeight_UpdateUserWeight_UpdatesValueAndTimestamp" />
    </UnitTest>
    <UnitTest name="BuckScience.Tests.Web.Helpers.WeatherHelpersTests.ConvertMoonPhaseTextToNumeric_ValidText_ReturnsCorrectValue(text: &quot;Waxing Crescent&quot;, expected: 0.125)" storage="/home/runner/work/buckscienceapp/buckscienceapp/tests/buckscience.tests/bin/debug/net8.0/buckscience.tests.dll" id="7264d755-3cfa-51c2-00b7-8c3c5d03bdbd">
      <Execution id="9b36ffca-abde-44cc-83de-db8085c74f9e" />
      <TestMethod codeBase="/home/runner/work/BuckScienceApp/BuckScienceApp/tests/BuckScience.Tests/bin/Debug/net8.0/BuckScience.Tests.dll" adapterTypeName="executor://xunit/VsTestRunner2/netcoreapp" className="BuckScience.Tests.Web.Helpers.WeatherHelpersTests" name="ConvertMoonPhaseTextToNumeric_ValidText_ReturnsCorrectValue" />
    </UnitTest>
    <UnitTest name="BuckScience.Tests.Application.FeatureWeights.UpdateFeatureWeightsTests.UpdateFeatureWeights_SendingCurrentUserWeightValue_DoesNotTriggerCustomFlag" storage="/home/runner/work/buckscienceapp/buckscienceapp/tests/buckscience.tests/bin/debug/net8.0/buckscience.tests.dll" id="237f5a59-e781-9088-3a51-e29d89420089">
      <Execution id="a147e4fb-2b2e-4882-bd18-1ed96e1dd2c9" />
      <TestMethod codeBase="/home/runner/work/BuckScienceApp/BuckScienceApp/tests/BuckScience.Tests/bin/Debug/net8.0/BuckScience.Tests.dll" adapterTypeName="executor://xunit/VsTestRunner2/netcoreapp" className="BuckScience.Tests.Application.FeatureWeights.UpdateFeatureWeightsTests" name="UpdateFeatureWeights_SendingCurrentUserWeightValue_DoesNotTriggerCustomFlag" />
    </UnitTest>
    <UnitTest name="BuckScience.Tests.Application.SeasonMonthMappingServiceTests.GetMonthsForPropertyAsync_WithoutOverrides_ReturnsCorrectDefaults(season: LateSeason, expectedMonths: [12, 1])" storage="/home/runner/work/buckscienceapp/buckscienceapp/tests/buckscience.tests/bin/debug/net8.0/buckscience.tests.dll" id="d593ac04-048b-ea90-6f6f-6fab4431a8fd">
      <Execution id="7f50b68e-6db1-4b1a-9978-e2baf41f6c78" />
      <TestMethod codeBase="/home/runner/work/BuckScienceApp/BuckScienceApp/tests/BuckScience.Tests/bin/Debug/net8.0/BuckScience.Tests.dll" adapterTypeName="executor://xunit/VsTestRunner2/netcoreapp" className="BuckScience.Tests.Application.SeasonMonthMappingServiceTests" name="GetMonthsForPropertyAsync_WithoutOverrides_ReturnsCorrectDefaults" />
    </UnitTest>
    <UnitTest name="BuckScience.Tests.TaggingRequirementsTests.Requirement1_DatabaseSchema_ShouldMeetAllSpecifications" storage="/home/runner/work/buckscienceapp/buckscienceapp/tests/buckscience.tests/bin/debug/net8.0/buckscience.tests.dll" id="a7aa3cc0-0ea1-3d0c-3a62-ac5a405bf34e">
      <Execution id="28ee6f3a-fcae-4c5f-afc0-81573cdf86bb" />
      <TestMethod codeBase="/home/runner/work/BuckScienceApp/BuckScienceApp/tests/BuckScience.Tests/bin/Debug/net8.0/BuckScience.Tests.dll" adapterTypeName="executor://xunit/VsTestRunner2/netcoreapp" className="BuckScience.Tests.TaggingRequirementsTests" name="Requirement1_DatabaseSchema_ShouldMeetAllSpecifications" />
    </UnitTest>
    <UnitTest name="BuckScience.Tests.Application.FeatureWeights.UpdateFeatureWeightsTests.UpdateFeatureWeights_OnlyUpdatesSeasonalWeights_SetsOnlyThatAsCustom" storage="/home/runner/work/buckscienceapp/buckscienceapp/tests/buckscience.tests/bin/debug/net8.0/buckscience.tests.dll" id="7acc5254-e1e8-fc5e-ffbb-a06142942287">
      <Execution id="f70bb16e-979d-4b9d-aeeb-3d05d9c75a2e" />
      <TestMethod codeBase="/home/runner/work/BuckScienceApp/BuckScienceApp/tests/BuckScience.Tests/bin/Debug/net8.0/BuckScience.Tests.dll" adapterTypeName="executor://xunit/VsTestRunner2/netcoreapp" className="BuckScience.Tests.Application.FeatureWeights.UpdateFeatureWeightsTests" name="UpdateFeatureWeights_OnlyUpdatesSeasonalWeights_SetsOnlyThatAsCustom" />
    </UnitTest>
    <UnitTest name="BuckScience.Tests.TaggingSystemTests.GetOrCreateTag_ShouldCreateNewTag_WhenTagDoesNotExist" storage="/home/runner/work/buckscienceapp/buckscienceapp/tests/buckscience.tests/bin/debug/net8.0/buckscience.tests.dll" id="f691e718-46df-21d8-be15-dfb8d4456f03">
      <Execution id="ca3d2b95-2b9a-46a5-a02a-6cf974a6207d" />
      <TestMethod codeBase="/home/runner/work/BuckScienceApp/BuckScienceApp/tests/BuckScience.Tests/bin/Debug/net8.0/BuckScience.Tests.dll" adapterTypeName="executor://xunit/VsTestRunner2/netcoreapp" className="BuckScience.Tests.TaggingSystemTests" name="GetOrCreateTag_ShouldCreateNewTag_WhenTagDoesNotExist" />
    </UnitTest>
    <UnitTest name="BuckScience.Tests.Domain.FeatureWeightTests.FeatureWeight_UpdateUserWeight_WithNullSetsIsCustomToFalse" storage="/home/runner/work/buckscienceapp/buckscienceapp/tests/buckscience.tests/bin/debug/net8.0/buckscience.tests.dll" id="f33495c4-e0d0-5acc-0d2f-99762039f6f2">
      <Execution id="16cd4db4-2bfb-48d8-b2eb-8dee593d177f" />
      <TestMethod codeBase="/home/runner/work/BuckScienceApp/BuckScienceApp/tests/BuckScience.Tests/bin/Debug/net8.0/BuckScience.Tests.dll" adapterTypeName="executor://xunit/VsTestRunner2/netcoreapp" className="BuckScience.Tests.Domain.FeatureWeightTests" name="FeatureWeight_UpdateUserWeight_WithNullSetsIsCustomToFalse" />
    </UnitTest>
    <UnitTest name="BuckScience.Tests.PhotoFilteringIntegrationTests.BuildFilters_WithCameraPlacementHistoryIds_ReturnsFiltersWithPlacementHistories" storage="/home/runner/work/buckscienceapp/buckscienceapp/tests/buckscience.tests/bin/debug/net8.0/buckscience.tests.dll" id="64fa6710-678a-0a23-7d5a-26a655d565e8">
      <Execution id="4e52e77d-82d7-4de7-b97c-63cade55b5b3" />
      <TestMethod codeBase="/home/runner/work/BuckScienceApp/BuckScienceApp/tests/BuckScience.Tests/bin/Debug/net8.0/BuckScience.Tests.dll" adapterTypeName="executor://xunit/VsTestRunner2/netcoreapp" className="BuckScience.Tests.PhotoFilteringIntegrationTests" name="BuildFilters_WithCameraPlacementHistoryIds_ReturnsFiltersWithPlacementHistories" />
    </UnitTest>
    <UnitTest name="BuckScience.Tests.Domain.PropertySeasonMonthsOverrideTests.PropertySeasonMonthsOverride_MonthsJson_SerializesCorrectly" storage="/home/runner/work/buckscienceapp/buckscienceapp/tests/buckscience.tests/bin/debug/net8.0/buckscience.tests.dll" id="356cc39e-f096-9eaf-df3c-a4d73a8c57b9">
      <Execution id="1fe358a2-385d-42cb-a542-13747fee3539" />
      <TestMethod codeBase="/home/runner/work/BuckScienceApp/BuckScienceApp/tests/BuckScience.Tests/bin/Debug/net8.0/BuckScience.Tests.dll" adapterTypeName="executor://xunit/VsTestRunner2/netcoreapp" className="BuckScience.Tests.Domain.PropertySeasonMonthsOverrideTests" name="PropertySeasonMonthsOverride_MonthsJson_SerializesCorrectly" />
    </UnitTest>
    <UnitTest name="BuckScience.Tests.Application.FeatureWeights.GetFeatureWeightsDateResolutionTests.HandleAsync_WithDate_NoMatchingSeason_FallsBackToUserOrDefaultWeight" storage="/home/runner/work/buckscienceapp/buckscienceapp/tests/buckscience.tests/bin/debug/net8.0/buckscience.tests.dll" id="4cc42eb6-e899-4ec5-21b6-53546311ab9e">
      <Execution id="ec3ba789-be58-427f-a58c-f0c5886e7fda" />
      <TestMethod codeBase="/home/runner/work/BuckScienceApp/BuckScienceApp/tests/BuckScience.Tests/bin/Debug/net8.0/BuckScience.Tests.dll" adapterTypeName="executor://xunit/VsTestRunner2/netcoreapp" className="BuckScience.Tests.Application.FeatureWeights.GetFeatureWeightsDateResolutionTests" name="HandleAsync_WithDate_NoMatchingSeason_FallsBackToUserOrDefaultWeight" />
    </UnitTest>
    <UnitTest name="BuckScience.Tests.DirectionHelperTests.FromFloat_ShouldFindClosestDirection(degrees: 68, expectedDirection: E)" storage="/home/runner/work/buckscienceapp/buckscienceapp/tests/buckscience.tests/bin/debug/net8.0/buckscience.tests.dll" id="e59ff618-3ced-6a2f-d01c-20262e337085">
      <Execution id="91d1c1ce-6914-4ce9-984f-79d315453ebb" />
      <TestMethod codeBase="/home/runner/work/BuckScienceApp/BuckScienceApp/tests/BuckScience.Tests/bin/Debug/net8.0/BuckScience.Tests.dll" adapterTypeName="executor://xunit/VsTestRunner2/netcoreapp" className="BuckScience.Tests.DirectionHelperTests" name="FromFloat_ShouldFindClosestDirection" />
    </UnitTest>
    <UnitTest name="BuckScience.Tests.Web.Helpers.WeatherHelpersTests.ConvertMoonPhaseToText_VariousValues_ReturnsCorrectText(phase: 0.10000000000000001, expected: &quot;Waxing Crescent&quot;)" storage="/home/runner/work/buckscienceapp/buckscienceapp/tests/buckscience.tests/bin/debug/net8.0/buckscience.tests.dll" id="31c8774a-1539-0a44-3404-de06d646b468">
      <Execution id="a76c763c-e679-410f-8af8-22303cc3bca5" />
      <TestMethod codeBase="/home/runner/work/BuckScienceApp/BuckScienceApp/tests/BuckScience.Tests/bin/Debug/net8.0/BuckScience.Tests.dll" adapterTypeName="executor://xunit/VsTestRunner2/netcoreapp" className="BuckScience.Tests.Web.Helpers.WeatherHelpersTests" name="ConvertMoonPhaseToText_VariousValues_ReturnsCorrectText" />
    </UnitTest>
    <UnitTest name="BuckScience.Tests.Domain.PropertyFeatureTests.Constructor_AllParameters_SetsAllPropertiesCorrectly" storage="/home/runner/work/buckscienceapp/buckscienceapp/tests/buckscience.tests/bin/debug/net8.0/buckscience.tests.dll" id="5c035d64-72fa-5f12-cc21-1e89e4c3e9b9">
      <Execution id="ead34f80-a98e-4358-a8a4-7cb4466244d6" />
      <TestMethod codeBase="/home/runner/work/BuckScienceApp/BuckScienceApp/tests/BuckScience.Tests/bin/Debug/net8.0/BuckScience.Tests.dll" adapterTypeName="executor://xunit/VsTestRunner2/netcoreapp" className="BuckScience.Tests.Domain.PropertyFeatureTests" name="Constructor_AllParameters_SetsAllPropertiesCorrectly" />
    </UnitTest>
    <UnitTest name="BuckScience.Tests.Application.FeatureWeights.GetFeatureWeightsDateResolutionTests.HandleAsync_WithDate_PropertyOverride_ResolvesCustomSeason" storage="/home/runner/work/buckscienceapp/buckscienceapp/tests/buckscience.tests/bin/debug/net8.0/buckscience.tests.dll" id="72e4583e-7bd1-6573-8e0c-b7583f2d0b50">
      <Execution id="b74c9a44-5ce3-4697-9df0-f689053c56a9" />
      <TestMethod codeBase="/home/runner/work/BuckScienceApp/BuckScienceApp/tests/BuckScience.Tests/bin/Debug/net8.0/BuckScience.Tests.dll" adapterTypeName="executor://xunit/VsTestRunner2/netcoreapp" className="BuckScience.Tests.Application.FeatureWeights.GetFeatureWeightsDateResolutionTests" name="HandleAsync_WithDate_PropertyOverride_ResolvesCustomSeason" />
    </UnitTest>
    <UnitTest name="BuckScience.Tests.Application.SeasonMonthMappingServiceTests.SetPropertySeasonOverrideAsync_UpdatesExistingOverride_WhenOneExists" storage="/home/runner/work/buckscienceapp/buckscienceapp/tests/buckscience.tests/bin/debug/net8.0/buckscience.tests.dll" id="c5f68921-dad4-1a69-07c9-dd9ef56e29ff">
      <Execution id="2ed07fe8-7304-498c-ae06-9461c2d2f2c8" />
      <TestMethod codeBase="/home/runner/work/BuckScienceApp/BuckScienceApp/tests/BuckScience.Tests/bin/Debug/net8.0/BuckScience.Tests.dll" adapterTypeName="executor://xunit/VsTestRunner2/netcoreapp" className="BuckScience.Tests.Application.SeasonMonthMappingServiceTests" name="SetPropertySeasonOverrideAsync_UpdatesExistingOverride_WhenOneExists" />
    </UnitTest>
    <UnitTest name="BuckScience.Tests.CameraDetailsVmTests.CameraDetailsVm_ShouldHaveAllRequiredProperties" storage="/home/runner/work/buckscienceapp/buckscienceapp/tests/buckscience.tests/bin/debug/net8.0/buckscience.tests.dll" id="22960b58-9cb3-5bbf-01a8-8b59f0364e15">
      <Execution id="bb315f7b-3246-4761-a294-323a970aaf6d" />
      <TestMethod codeBase="/home/runner/work/BuckScienceApp/BuckScienceApp/tests/BuckScience.Tests/bin/Debug/net8.0/BuckScience.Tests.dll" adapterTypeName="executor://xunit/VsTestRunner2/netcoreapp" className="BuckScience.Tests.CameraDetailsVmTests" name="CameraDetailsVm_ShouldHaveAllRequiredProperties" />
    </UnitTest>
    <UnitTest name="BuckScience.Tests.Domain.MonthsAttributeTests.MonthsAttribute_Constructor_WithMixedValidAndInvalidMonths_ThrowsArgumentOutOfRangeException" storage="/home/runner/work/buckscienceapp/buckscienceapp/tests/buckscience.tests/bin/debug/net8.0/buckscience.tests.dll" id="40701e53-787e-9af9-e51e-796a4964c5fd">
      <Execution id="af1b7e10-5d9b-45ef-be03-1df32efa37ab" />
      <TestMethod codeBase="/home/runner/work/BuckScienceApp/BuckScienceApp/tests/BuckScience.Tests/bin/Debug/net8.0/BuckScience.Tests.dll" adapterTypeName="executor://xunit/VsTestRunner2/netcoreapp" className="BuckScience.Tests.Domain.MonthsAttributeTests" name="MonthsAttribute_Constructor_WithMixedValidAndInvalidMonths_ThrowsArgumentOutOfRangeException" />
    </UnitTest>
    <UnitTest name="BuckScience.Tests.Web.Helpers.WeatherHelpersTests.ConvertWindDirectionTextToNumeric_InvalidText_ReturnsNull(direction: &quot;   &quot;)" storage="/home/runner/work/buckscienceapp/buckscienceapp/tests/buckscience.tests/bin/debug/net8.0/buckscience.tests.dll" id="ec065801-9998-c7ce-5285-3fe14e38cdac">
      <Execution id="a7af50b2-d0af-48cd-88d2-312d4d05c4fa" />
      <TestMethod codeBase="/home/runner/work/BuckScienceApp/BuckScienceApp/tests/BuckScience.Tests/bin/Debug/net8.0/BuckScience.Tests.dll" adapterTypeName="executor://xunit/VsTestRunner2/netcoreapp" className="BuckScience.Tests.Web.Helpers.WeatherHelpersTests" name="ConvertWindDirectionTextToNumeric_InvalidText_ReturnsNull" />
    </UnitTest>
    <UnitTest name="BuckScience.Tests.PhotoFilteringIntegrationTests.BuildFilters_WithDateRange_ReturnsFiltersWithDates" storage="/home/runner/work/buckscienceapp/buckscienceapp/tests/buckscience.tests/bin/debug/net8.0/buckscience.tests.dll" id="c900e632-ca6a-8d11-765e-c59876f4f7f8">
      <Execution id="e82da20a-c8ee-4d24-9026-8b539b24745e" />
      <TestMethod codeBase="/home/runner/work/BuckScienceApp/BuckScienceApp/tests/BuckScience.Tests/bin/Debug/net8.0/BuckScience.Tests.dll" adapterTypeName="executor://xunit/VsTestRunner2/netcoreapp" className="BuckScience.Tests.PhotoFilteringIntegrationTests" name="BuildFilters_WithDateRange_ReturnsFiltersWithDates" />
    </UnitTest>
    <UnitTest name="BuckScience.Tests.Domain.MonthsAttributeTests.MonthsAttribute_Constructor_WithBoundaryValidMonths_SetsMonthsCorrectly(month: 1)" storage="/home/runner/work/buckscienceapp/buckscienceapp/tests/buckscience.tests/bin/debug/net8.0/buckscience.tests.dll" id="75b50791-58b3-a264-c6bb-b7e6f52f0f9b">
      <Execution id="32e08c59-b43f-4a20-bf55-3145b40eb927" />
      <TestMethod codeBase="/home/runner/work/BuckScienceApp/BuckScienceApp/tests/BuckScience.Tests/bin/Debug/net8.0/BuckScience.Tests.dll" adapterTypeName="executor://xunit/VsTestRunner2/netcoreapp" className="BuckScience.Tests.Domain.MonthsAttributeTests" name="MonthsAttribute_Constructor_WithBoundaryValidMonths_SetsMonthsCorrectly" />
    </UnitTest>
    <UnitTest name="BuckScience.Tests.Web.Helpers.WeatherHelpersTests.ConvertWindDirectionToText_VariousAngles_ReturnsCorrectDirection(degrees: 45, expected: &quot;NE&quot;)" storage="/home/runner/work/buckscienceapp/buckscienceapp/tests/buckscience.tests/bin/debug/net8.0/buckscience.tests.dll" id="1798213c-35a3-cbbc-3a0a-8843aace427d">
      <Execution id="b88118d3-86b1-48e8-800f-b3cb9e04934e" />
      <TestMethod codeBase="/home/runner/work/BuckScienceApp/BuckScienceApp/tests/BuckScience.Tests/bin/Debug/net8.0/BuckScience.Tests.dll" adapterTypeName="executor://xunit/VsTestRunner2/netcoreapp" className="BuckScience.Tests.Web.Helpers.WeatherHelpersTests" name="ConvertWindDirectionToText_VariousAngles_ReturnsCorrectDirection" />
    </UnitTest>
    <UnitTest name="BuckScience.Tests.Domain.PropertyFeatureTests.SetWeight_WithNull_SetsWeightToNull" storage="/home/runner/work/buckscienceapp/buckscienceapp/tests/buckscience.tests/bin/debug/net8.0/buckscience.tests.dll" id="6a32519d-0b48-1a74-f23b-101b1449f4f4">
      <Execution id="a6c9a0fb-0e76-4ba4-ad08-87e447e2580b" />
      <TestMethod codeBase="/home/runner/work/BuckScienceApp/BuckScienceApp/tests/BuckScience.Tests/bin/Debug/net8.0/BuckScience.Tests.dll" adapterTypeName="executor://xunit/VsTestRunner2/netcoreapp" className="BuckScience.Tests.Domain.PropertyFeatureTests" name="SetWeight_WithNull_SetsWeightToNull" />
    </UnitTest>
    <UnitTest name="BuckScience.Tests.Web.Helpers.WeatherHelpersTests.ConvertWindDirectionTextToNumeric_ValidDirections_ReturnsCorrectDegrees(direction: &quot;ENE&quot;, expected: 67.5)" storage="/home/runner/work/buckscienceapp/buckscienceapp/tests/buckscience.tests/bin/debug/net8.0/buckscience.tests.dll" id="226e9057-54c6-53d9-d48c-5a3aaedbb305">
      <Execution id="c7846438-9cb1-4fd7-8b83-b3f01435d65e" />
      <TestMethod codeBase="/home/runner/work/BuckScienceApp/BuckScienceApp/tests/BuckScience.Tests/bin/Debug/net8.0/BuckScience.Tests.dll" adapterTypeName="executor://xunit/VsTestRunner2/netcoreapp" className="BuckScience.Tests.Web.Helpers.WeatherHelpersTests" name="ConvertWindDirectionTextToNumeric_ValidDirections_ReturnsCorrectDegrees" />
    </UnitTest>
    <UnitTest name="BuckScience.Tests.FeatureHelperTests.GetCategory_ShouldReturnCorrectCategoryForWaterResources" storage="/home/runner/work/buckscienceapp/buckscienceapp/tests/buckscience.tests/bin/debug/net8.0/buckscience.tests.dll" id="fb1e59a0-19c5-d0be-0d94-4bf533d92746">
      <Execution id="391ad50b-ce3d-4473-87a2-9a7fc098ed74" />
      <TestMethod codeBase="/home/runner/work/BuckScienceApp/BuckScienceApp/tests/BuckScience.Tests/bin/Debug/net8.0/BuckScience.Tests.dll" adapterTypeName="executor://xunit/VsTestRunner2/netcoreapp" className="BuckScience.Tests.FeatureHelperTests" name="GetCategory_ShouldReturnCorrectCategoryForWaterResources" />
    </UnitTest>
    <UnitTest name="BuckScience.Tests.CameraEditVmTests.CameraEditVm_SyncDirectionFromSelection_ShouldUpdateDirectionDegrees" storage="/home/runner/work/buckscienceapp/buckscienceapp/tests/buckscience.tests/bin/debug/net8.0/buckscience.tests.dll" id="e5846600-5bfc-193d-66eb-f1933de5487e">
      <Execution id="049c621c-d479-41e8-bc8e-77340e81d042" />
      <TestMethod codeBase="/home/runner/work/BuckScienceApp/BuckScienceApp/tests/BuckScience.Tests/bin/Debug/net8.0/BuckScience.Tests.dll" adapterTypeName="executor://xunit/VsTestRunner2/netcoreapp" className="BuckScience.Tests.CameraEditVmTests" name="CameraEditVm_SyncDirectionFromSelection_ShouldUpdateDirectionDegrees" />
    </UnitTest>
    <UnitTest name="BuckScience.Tests.Domain.FeatureWeightTests.FeatureWeight_ResetToDefault_ClearsCustomizations" storage="/home/runner/work/buckscienceapp/buckscienceapp/tests/buckscience.tests/bin/debug/net8.0/buckscience.tests.dll" id="5def33b1-c62c-99fb-8bf7-753117f8b16e">
      <Execution id="7e7cbc3f-c09c-4f38-9524-a0f57ea3ab37" />
      <TestMethod codeBase="/home/runner/work/BuckScienceApp/BuckScienceApp/tests/BuckScience.Tests/bin/Debug/net8.0/BuckScience.Tests.dll" adapterTypeName="executor://xunit/VsTestRunner2/netcoreapp" className="BuckScience.Tests.Domain.FeatureWeightTests" name="FeatureWeight_ResetToDefault_ClearsCustomizations" />
    </UnitTest>
    <UnitTest name="BuckScience.Tests.Domain.PropertySeasonMonthsOverrideTests.PropertySeasonMonthsOverride_Constructor_WithInvalidMonths_ThrowsArgumentOutOfRangeException(invalidMonths: [1, 13])" storage="/home/runner/work/buckscienceapp/buckscienceapp/tests/buckscience.tests/bin/debug/net8.0/buckscience.tests.dll" id="343fd73e-33e0-a251-14f5-344e69186a31">
      <Execution id="1c260b36-5af8-4adb-b826-390e72250fbc" />
      <TestMethod codeBase="/home/runner/work/BuckScienceApp/BuckScienceApp/tests/BuckScience.Tests/bin/Debug/net8.0/BuckScience.Tests.dll" adapterTypeName="executor://xunit/VsTestRunner2/netcoreapp" className="BuckScience.Tests.Domain.PropertySeasonMonthsOverrideTests" name="PropertySeasonMonthsOverride_Constructor_WithInvalidMonths_ThrowsArgumentOutOfRangeException" />
    </UnitTest>
    <UnitTest name="BuckScience.Tests.DirectionHelperTests.FromFloat_ShouldReturnCorrectDirection(degrees: 315, expectedDirection: NW)" storage="/home/runner/work/buckscienceapp/buckscienceapp/tests/buckscience.tests/bin/debug/net8.0/buckscience.tests.dll" id="d269bbab-e11e-9189-e523-cf92a42762f7">
      <Execution id="108a4f88-689f-4e26-b7c3-ff91750f9a0e" />
      <TestMethod codeBase="/home/runner/work/BuckScienceApp/BuckScienceApp/tests/BuckScience.Tests/bin/Debug/net8.0/BuckScience.Tests.dll" adapterTypeName="executor://xunit/VsTestRunner2/netcoreapp" className="BuckScience.Tests.DirectionHelperTests" name="FromFloat_ShouldReturnCorrectDirection" />
    </UnitTest>
    <UnitTest name="BuckScience.Tests.CameraDetailsVmTests.CameraDetailsVm_ShouldAllowNullModel" storage="/home/runner/work/buckscienceapp/buckscienceapp/tests/buckscience.tests/bin/debug/net8.0/buckscience.tests.dll" id="4103318d-2de0-6e72-8544-27607329cbb3">
      <Execution id="963e0c57-44e3-4ccb-bb33-e41f5435d2e1" />
      <TestMethod codeBase="/home/runner/work/BuckScienceApp/BuckScienceApp/tests/BuckScience.Tests/bin/Debug/net8.0/BuckScience.Tests.dll" adapterTypeName="executor://xunit/VsTestRunner2/netcoreapp" className="BuckScience.Tests.CameraDetailsVmTests" name="CameraDetailsVm_ShouldAllowNullModel" />
    </UnitTest>
    <UnitTest name="BuckScience.Tests.FeatureHelperTests.GetFeatureDescription_ShouldReturnCorrectDescriptions" storage="/home/runner/work/buckscienceapp/buckscienceapp/tests/buckscience.tests/bin/debug/net8.0/buckscience.tests.dll" id="42292f25-9e9f-80d8-c32a-5aae5cd0c643">
      <Execution id="827568c5-3a65-40ed-80c4-3c14198ba2b0" />
      <TestMethod codeBase="/home/runner/work/BuckScienceApp/BuckScienceApp/tests/BuckScience.Tests/bin/Debug/net8.0/BuckScience.Tests.dll" adapterTypeName="executor://xunit/VsTestRunner2/netcoreapp" className="BuckScience.Tests.FeatureHelperTests" name="GetFeatureDescription_ShouldReturnCorrectDescriptions" />
    </UnitTest>
    <UnitTest name="BuckScience.Tests.Domain.FeatureWeightTests.FeatureWeight_UpdateUserWeight_SetsIsCustomToTrue" storage="/home/runner/work/buckscienceapp/buckscienceapp/tests/buckscience.tests/bin/debug/net8.0/buckscience.tests.dll" id="8c01a8cb-2ffc-5487-6da3-7bc37c88340c">
      <Execution id="fb5ecb07-5960-49ca-81d0-22b0bd1a84fb" />
      <TestMethod codeBase="/home/runner/work/BuckScienceApp/BuckScienceApp/tests/BuckScience.Tests/bin/Debug/net8.0/BuckScience.Tests.dll" adapterTypeName="executor://xunit/VsTestRunner2/netcoreapp" className="BuckScience.Tests.Domain.FeatureWeightTests" name="FeatureWeight_UpdateUserWeight_SetsIsCustomToTrue" />
    </UnitTest>
    <UnitTest name="BuckScience.Tests.TaggingSystemTests.GetOrCreateTag_ShouldThrowException_WhenTagNameIsInvalid(invalidTagName: null)" storage="/home/runner/work/buckscienceapp/buckscienceapp/tests/buckscience.tests/bin/debug/net8.0/buckscience.tests.dll" id="1335073e-5183-6141-99f1-caaa61dc86f4">
      <Execution id="dc9fa439-3b93-4a14-9ed2-900aac4dd5dd" />
      <TestMethod codeBase="/home/runner/work/BuckScienceApp/BuckScienceApp/tests/BuckScience.Tests/bin/Debug/net8.0/BuckScience.Tests.dll" adapterTypeName="executor://xunit/VsTestRunner2/netcoreapp" className="BuckScience.Tests.TaggingSystemTests" name="GetOrCreateTag_ShouldThrowException_WhenTagNameIsInvalid" />
    </UnitTest>
    <UnitTest name="BuckScience.Tests.FeatureHelperTests.GetCategory_ShouldReturnOtherForOtherType" storage="/home/runner/work/buckscienceapp/buckscienceapp/tests/buckscience.tests/bin/debug/net8.0/buckscience.tests.dll" id="93232e33-f6c8-82c0-b755-94e963fff023">
      <Execution id="817ca489-5052-46f9-9408-a4eb5a5b2c32" />
      <TestMethod codeBase="/home/runner/work/BuckScienceApp/BuckScienceApp/tests/BuckScience.Tests/bin/Debug/net8.0/BuckScience.Tests.dll" adapterTypeName="executor://xunit/VsTestRunner2/netcoreapp" className="BuckScience.Tests.FeatureHelperTests" name="GetCategory_ShouldReturnOtherForOtherType" />
    </UnitTest>
    <UnitTest name="BuckScience.Tests.Web.Helpers.WeatherHelpersTests.ConvertMoonPhaseToText_VariousValues_ReturnsCorrectText(phase: 0.98999999999999999, expected: &quot;New Moon&quot;)" storage="/home/runner/work/buckscienceapp/buckscienceapp/tests/buckscience.tests/bin/debug/net8.0/buckscience.tests.dll" id="46016c60-0720-f808-02e7-68fa8d4036c4">
      <Execution id="319d4af4-ce8e-4b51-bde3-e62542d0ddb7" />
      <TestMethod codeBase="/home/runner/work/BuckScienceApp/BuckScienceApp/tests/BuckScience.Tests/bin/Debug/net8.0/BuckScience.Tests.dll" adapterTypeName="executor://xunit/VsTestRunner2/netcoreapp" className="BuckScience.Tests.Web.Helpers.WeatherHelpersTests" name="ConvertMoonPhaseToText_VariousValues_ReturnsCorrectText" />
    </UnitTest>
    <UnitTest name="BuckScience.Tests.Domain.FeatureWeightTests.FeatureWeightHelper_GetCategory_ReturnsCorrectCategory(type: Ridge, expectedCategory: Topographical)" storage="/home/runner/work/buckscienceapp/buckscienceapp/tests/buckscience.tests/bin/debug/net8.0/buckscience.tests.dll" id="3101a1d2-70b0-545d-5f32-eb96f6803b5f">
      <Execution id="74657cba-7f39-44c4-9ba0-87db6c202eab" />
      <TestMethod codeBase="/home/runner/work/BuckScienceApp/BuckScienceApp/tests/BuckScience.Tests/bin/Debug/net8.0/BuckScience.Tests.dll" adapterTypeName="executor://xunit/VsTestRunner2/netcoreapp" className="BuckScience.Tests.Domain.FeatureWeightTests" name="FeatureWeightHelper_GetCategory_ReturnsCorrectCategory" />
    </UnitTest>
    <UnitTest name="BuckScience.Tests.TaggingRequirementsTests.Requirement2_NewTagCreation_ShouldBeSupported" storage="/home/runner/work/buckscienceapp/buckscienceapp/tests/buckscience.tests/bin/debug/net8.0/buckscience.tests.dll" id="ddd7ef0f-f8d8-3f23-14c1-c969cc917d3a">
      <Execution id="ddded3a4-6cbe-4a33-bbe4-9d8be2c34d0a" />
      <TestMethod codeBase="/home/runner/work/BuckScienceApp/BuckScienceApp/tests/BuckScience.Tests/bin/Debug/net8.0/BuckScience.Tests.dll" adapterTypeName="executor://xunit/VsTestRunner2/netcoreapp" className="BuckScience.Tests.TaggingRequirementsTests" name="Requirement2_NewTagCreation_ShouldBeSupported" />
    </UnitTest>
    <UnitTest name="BuckScience.Tests.PhotoFilteringComprehensiveTests.CameraOption_PropertiesWork" storage="/home/runner/work/buckscienceapp/buckscienceapp/tests/buckscience.tests/bin/debug/net8.0/buckscience.tests.dll" id="17d2bd4a-a575-7ccc-1676-102dfc4795d6">
      <Execution id="29a5c7aa-0409-4f80-ba21-d6ef3d83678c" />
      <TestMethod codeBase="/home/runner/work/BuckScienceApp/BuckScienceApp/tests/BuckScience.Tests/bin/Debug/net8.0/BuckScience.Tests.dll" adapterTypeName="executor://xunit/VsTestRunner2/netcoreapp" className="BuckScience.Tests.PhotoFilteringComprehensiveTests" name="CameraOption_PropertiesWork" />
    </UnitTest>
    <UnitTest name="BuckScience.Tests.Web.Helpers.WeatherHelpersTests.ConvertMoonPhaseTextToNumeric_ValidText_ReturnsCorrectValue(text: &quot;New Moon&quot;, expected: 0)" storage="/home/runner/work/buckscienceapp/buckscienceapp/tests/buckscience.tests/bin/debug/net8.0/buckscience.tests.dll" id="29048f6b-b73b-a720-ef94-9f27a4540f3c">
      <Execution id="b63d309f-380c-4f22-ace8-c8cb685922d0" />
      <TestMethod codeBase="/home/runner/work/BuckScienceApp/BuckScienceApp/tests/BuckScience.Tests/bin/Debug/net8.0/BuckScience.Tests.dll" adapterTypeName="executor://xunit/VsTestRunner2/netcoreapp" className="BuckScience.Tests.Web.Helpers.WeatherHelpersTests" name="ConvertMoonPhaseTextToNumeric_ValidText_ReturnsCorrectValue" />
    </UnitTest>
    <UnitTest name="BuckScience.Tests.Web.Helpers.WeatherHelpersTests.ConvertWindDirectionTextToNumeric_ValidDirections_ReturnsCorrectDegrees(direction: &quot;NNW&quot;, expected: 337.5)" storage="/home/runner/work/buckscienceapp/buckscienceapp/tests/buckscience.tests/bin/debug/net8.0/buckscience.tests.dll" id="d3a4b1bb-6aeb-d30b-4b3c-0f1cdc5eac6e">
      <Execution id="9c7bb65a-11dd-413d-b48c-d46a46f8613c" />
      <TestMethod codeBase="/home/runner/work/BuckScienceApp/BuckScienceApp/tests/BuckScience.Tests/bin/Debug/net8.0/BuckScience.Tests.dll" adapterTypeName="executor://xunit/VsTestRunner2/netcoreapp" className="BuckScience.Tests.Web.Helpers.WeatherHelpersTests" name="ConvertWindDirectionTextToNumeric_ValidDirections_ReturnsCorrectDegrees" />
    </UnitTest>
    <UnitTest name="BuckScience.Tests.CameraCreateVmTests.CameraCreateVm_DirectionSync_ShouldWorkForAllDirections(direction: NW, expectedDegrees: 315)" storage="/home/runner/work/buckscienceapp/buckscienceapp/tests/buckscience.tests/bin/debug/net8.0/buckscience.tests.dll" id="be34b3ae-4d99-48a5-415d-a9f5ba8821a1">
      <Execution id="83824ed7-0877-4233-be15-e0070df26aa6" />
      <TestMethod codeBase="/home/runner/work/BuckScienceApp/BuckScienceApp/tests/BuckScience.Tests/bin/Debug/net8.0/BuckScience.Tests.dll" adapterTypeName="executor://xunit/VsTestRunner2/netcoreapp" className="BuckScience.Tests.CameraCreateVmTests" name="CameraCreateVm_DirectionSync_ShouldWorkForAllDirections" />
    </UnitTest>
    <UnitTest name="BuckScience.Tests.Application.SeasonMonthMappingServiceTests.GetPrimarySeasonForDateAsync_WithMultipleMatches_ReturnsFirstByEnumOrder" storage="/home/runner/work/buckscienceapp/buckscienceapp/tests/buckscience.tests/bin/debug/net8.0/buckscience.tests.dll" id="81bf2437-7dfa-cad5-f6c7-e16edf6f9d7f">
      <Execution id="64411a54-37fe-47ec-8ab6-41f889f8fc38" />
      <TestMethod codeBase="/home/runner/work/BuckScienceApp/BuckScienceApp/tests/BuckScience.Tests/bin/Debug/net8.0/BuckScience.Tests.dll" adapterTypeName="executor://xunit/VsTestRunner2/netcoreapp" className="BuckScience.Tests.Application.SeasonMonthMappingServiceTests" name="GetPrimarySeasonForDateAsync_WithMultipleMatches_ReturnsFirstByEnumOrder" />
    </UnitTest>
    <UnitTest name="BuckScience.Tests.Web.Helpers.WeatherHelpersTests.ConvertWindDirectionToText_VariousAngles_ReturnsCorrectDirection(degrees: 180, expected: &quot;S&quot;)" storage="/home/runner/work/buckscienceapp/buckscienceapp/tests/buckscience.tests/bin/debug/net8.0/buckscience.tests.dll" id="4018bd47-d5cd-e85a-b6de-7760e129dafa">
      <Execution id="63d32a69-2ffa-4489-aee2-615817d16905" />
      <TestMethod codeBase="/home/runner/work/BuckScienceApp/BuckScienceApp/tests/BuckScience.Tests/bin/Debug/net8.0/BuckScience.Tests.dll" adapterTypeName="executor://xunit/VsTestRunner2/netcoreapp" className="BuckScience.Tests.Web.Helpers.WeatherHelpersTests" name="ConvertWindDirectionToText_VariousAngles_ReturnsCorrectDirection" />
    </UnitTest>
    <UnitTest name="BuckScience.Tests.Application.FeatureWeights.UpdateDefaultFeatureWeightsTests.UpdateDefaultFeatureWeights_UpdatesDefaultWeightsCorrectly" storage="/home/runner/work/buckscienceapp/buckscienceapp/tests/buckscience.tests/bin/debug/net8.0/buckscience.tests.dll" id="596b7c00-efcf-3d4d-3dbb-d2705ed5b371">
      <Execution id="1717b3b3-25bc-4478-a4e1-ada315297262" />
      <TestMethod codeBase="/home/runner/work/BuckScienceApp/BuckScienceApp/tests/BuckScience.Tests/bin/Debug/net8.0/BuckScience.Tests.dll" adapterTypeName="executor://xunit/VsTestRunner2/netcoreapp" className="BuckScience.Tests.Application.FeatureWeights.UpdateDefaultFeatureWeightsTests" name="UpdateDefaultFeatureWeights_UpdatesDefaultWeightsCorrectly" />
    </UnitTest>
    <UnitTest name="BuckScience.Tests.Web.Helpers.WeatherHelpersTests.ConvertWindDirectionToText_VariousAngles_ReturnsCorrectDirection(degrees: 0, expected: &quot;N&quot;)" storage="/home/runner/work/buckscienceapp/buckscienceapp/tests/buckscience.tests/bin/debug/net8.0/buckscience.tests.dll" id="d158f051-212f-d40f-0819-bf99fbd314c0">
      <Execution id="96a9cacf-722d-4942-addf-c5b5235d399d" />
      <TestMethod codeBase="/home/runner/work/BuckScienceApp/BuckScienceApp/tests/BuckScience.Tests/bin/Debug/net8.0/BuckScience.Tests.dll" adapterTypeName="executor://xunit/VsTestRunner2/netcoreapp" className="BuckScience.Tests.Web.Helpers.WeatherHelpersTests" name="ConvertWindDirectionToText_VariousAngles_ReturnsCorrectDirection" />
    </UnitTest>
    <UnitTest name="BuckScience.Tests.PhotoGroupingTests.CameraPhotoGrouping_ShouldGroupByMonthYear" storage="/home/runner/work/buckscienceapp/buckscienceapp/tests/buckscience.tests/bin/debug/net8.0/buckscience.tests.dll" id="fa20158d-fb5e-8e7a-f1da-aa0a1eb9ba5a">
      <Execution id="dde4ed3d-1104-4188-826a-166f9196e37e" />
      <TestMethod codeBase="/home/runner/work/BuckScienceApp/BuckScienceApp/tests/BuckScience.Tests/bin/Debug/net8.0/BuckScience.Tests.dll" adapterTypeName="executor://xunit/VsTestRunner2/netcoreapp" className="BuckScience.Tests.PhotoGroupingTests" name="CameraPhotoGrouping_ShouldGroupByMonthYear" />
    </UnitTest>
    <UnitTest name="BuckScience.Tests.Web.Helpers.WeatherHelpersTests.ConvertWindDirectionTextToNumeric_ValidDirections_ReturnsCorrectDegrees(direction: &quot;SE&quot;, expected: 135)" storage="/home/runner/work/buckscienceapp/buckscienceapp/tests/buckscience.tests/bin/debug/net8.0/buckscience.tests.dll" id="c91192db-21fb-4e08-e57b-721298eb140d">
      <Execution id="77c4a6c5-096f-4017-a51f-b038748ccc79" />
      <TestMethod codeBase="/home/runner/work/BuckScienceApp/BuckScienceApp/tests/BuckScience.Tests/bin/Debug/net8.0/BuckScience.Tests.dll" adapterTypeName="executor://xunit/VsTestRunner2/netcoreapp" className="BuckScience.Tests.Web.Helpers.WeatherHelpersTests" name="ConvertWindDirectionTextToNumeric_ValidDirections_ReturnsCorrectDegrees" />
    </UnitTest>
    <UnitTest name="BuckScience.Tests.Domain.SeasonExtensionsTests.GetDefaultMonths_PreRut_ReturnsCorrectMonths" storage="/home/runner/work/buckscienceapp/buckscienceapp/tests/buckscience.tests/bin/debug/net8.0/buckscience.tests.dll" id="4e409710-7600-d8ec-3aaf-52ff72372913">
      <Execution id="37055de9-38af-422c-9b65-fa92ecbe81b4" />
      <TestMethod codeBase="/home/runner/work/BuckScienceApp/BuckScienceApp/tests/BuckScience.Tests/bin/Debug/net8.0/BuckScience.Tests.dll" adapterTypeName="executor://xunit/VsTestRunner2/netcoreapp" className="BuckScience.Tests.Domain.SeasonExtensionsTests" name="GetDefaultMonths_PreRut_ReturnsCorrectMonths" />
    </UnitTest>
    <UnitTest name="BuckScience.Tests.Application.FeatureWeights.UpdateDefaultFeatureWeightsTests.UpdateDefaultFeatureWeights_ValidatesWeightRange" storage="/home/runner/work/buckscienceapp/buckscienceapp/tests/buckscience.tests/bin/debug/net8.0/buckscience.tests.dll" id="49d22b5a-8a11-c5d8-4359-de2ffd90b380">
      <Execution id="799f332d-d2f5-49aa-a103-6e4098d2683f" />
      <TestMethod codeBase="/home/runner/work/BuckScienceApp/BuckScienceApp/tests/BuckScience.Tests/bin/Debug/net8.0/BuckScience.Tests.dll" adapterTypeName="executor://xunit/VsTestRunner2/netcoreapp" className="BuckScience.Tests.Application.FeatureWeights.UpdateDefaultFeatureWeightsTests" name="UpdateDefaultFeatureWeights_ValidatesWeightRange" />
    </UnitTest>
    <UnitTest name="BuckScience.Tests.Domain.PropertySeasonMonthsOverrideTests.PropertySeasonMonthsOverride_SetMonths_WithInvalidMonths_ThrowsArgumentOutOfRangeException(invalidMonths: [0])" storage="/home/runner/work/buckscienceapp/buckscienceapp/tests/buckscience.tests/bin/debug/net8.0/buckscience.tests.dll" id="e7cf9e58-42dd-8f47-eefc-754488b66343">
      <Execution id="1a96475d-e03f-44e6-87b7-1e08de904e92" />
      <TestMethod codeBase="/home/runner/work/BuckScienceApp/BuckScienceApp/tests/BuckScience.Tests/bin/Debug/net8.0/BuckScience.Tests.dll" adapterTypeName="executor://xunit/VsTestRunner2/netcoreapp" className="BuckScience.Tests.Domain.PropertySeasonMonthsOverrideTests" name="PropertySeasonMonthsOverride_SetMonths_WithInvalidMonths_ThrowsArgumentOutOfRangeException" />
    </UnitTest>
    <UnitTest name="BuckScience.Tests.Domain.FeatureWeightTests.FeatureWeight_SeasonalWeights_JsonSerialization_WorksCorrectly" storage="/home/runner/work/buckscienceapp/buckscienceapp/tests/buckscience.tests/bin/debug/net8.0/buckscience.tests.dll" id="1c742a22-39f7-5815-626c-daa50ff10c87">
      <Execution id="4f4564f5-5dc3-4961-8992-afaab3b1e9d4" />
      <TestMethod codeBase="/home/runner/work/BuckScienceApp/BuckScienceApp/tests/BuckScience.Tests/bin/Debug/net8.0/BuckScience.Tests.dll" adapterTypeName="executor://xunit/VsTestRunner2/netcoreapp" className="BuckScience.Tests.Domain.FeatureWeightTests" name="FeatureWeight_SeasonalWeights_JsonSerialization_WorksCorrectly" />
    </UnitTest>
    <UnitTest name="BuckScience.Tests.DirectionHelperTests.ToFloat_ShouldReturnCorrectDegrees(direction: NE, expectedDegrees: 45)" storage="/home/runner/work/buckscienceapp/buckscienceapp/tests/buckscience.tests/bin/debug/net8.0/buckscience.tests.dll" id="4331c44f-f3ff-6fce-80db-d30dfc1b0433">
      <Execution id="616f8a91-24a6-4c2c-a9fa-e0b4edead669" />
      <TestMethod codeBase="/home/runner/work/BuckScienceApp/BuckScienceApp/tests/BuckScience.Tests/bin/Debug/net8.0/BuckScience.Tests.dll" adapterTypeName="executor://xunit/VsTestRunner2/netcoreapp" className="BuckScience.Tests.DirectionHelperTests" name="ToFloat_ShouldReturnCorrectDegrees" />
    </UnitTest>
    <UnitTest name="BuckScience.Tests.Web.Helpers.WeatherHelpersTests.GetWindDirectionOptions_WithNull_AllUnavailable" storage="/home/runner/work/buckscienceapp/buckscienceapp/tests/buckscience.tests/bin/debug/net8.0/buckscience.tests.dll" id="dd76f619-e962-2008-d0f8-a714bb3f5c46">
      <Execution id="5575db40-26f8-4b7a-8438-367b8e068aff" />
      <TestMethod codeBase="/home/runner/work/BuckScienceApp/BuckScienceApp/tests/BuckScience.Tests/bin/Debug/net8.0/BuckScience.Tests.dll" adapterTypeName="executor://xunit/VsTestRunner2/netcoreapp" className="BuckScience.Tests.Web.Helpers.WeatherHelpersTests" name="GetWindDirectionOptions_WithNull_AllUnavailable" />
    </UnitTest>
    <UnitTest name="BuckScience.Tests.Application.FeatureWeights.GetFeatureWeightsDateResolutionTests.HandleAsync_WithDate_MultipleUserTypes_AllReturnValidResults" storage="/home/runner/work/buckscienceapp/buckscienceapp/tests/buckscience.tests/bin/debug/net8.0/buckscience.tests.dll" id="a1c1968f-35fe-99e9-9ed5-6d92bfa17acb">
      <Execution id="75b846f7-57ae-4751-93c7-4d1a1bd83232" />
      <TestMethod codeBase="/home/runner/work/BuckScienceApp/BuckScienceApp/tests/BuckScience.Tests/bin/Debug/net8.0/BuckScience.Tests.dll" adapterTypeName="executor://xunit/VsTestRunner2/netcoreapp" className="BuckScience.Tests.Application.FeatureWeights.GetFeatureWeightsDateResolutionTests" name="HandleAsync_WithDate_MultipleUserTypes_AllReturnValidResults" />
    </UnitTest>
    <UnitTest name="BuckScience.Tests.PhotoFiltersTests.PhotoFilters_HasWeatherFilters_ReturnsTrueWhenConditionsFilterSet" storage="/home/runner/work/buckscienceapp/buckscienceapp/tests/buckscience.tests/bin/debug/net8.0/buckscience.tests.dll" id="877174d0-c487-453a-b8ad-4f52137508be">
      <Execution id="17d86457-47d5-40db-8629-cc845a652ca6" />
      <TestMethod codeBase="/home/runner/work/BuckScienceApp/BuckScienceApp/tests/BuckScience.Tests/bin/Debug/net8.0/BuckScience.Tests.dll" adapterTypeName="executor://xunit/VsTestRunner2/netcoreapp" className="BuckScience.Tests.PhotoFiltersTests" name="PhotoFilters_HasWeatherFilters_ReturnsTrueWhenConditionsFilterSet" />
    </UnitTest>
    <UnitTest name="BuckScience.Tests.DirectionHelperTests.ToFloat_ShouldReturnCorrectDegrees(direction: E, expectedDegrees: 90)" storage="/home/runner/work/buckscienceapp/buckscienceapp/tests/buckscience.tests/bin/debug/net8.0/buckscience.tests.dll" id="b7a065c7-7a2e-0d14-6498-b30f746da816">
      <Execution id="ee50078a-7094-4232-920c-67f9115d9d83" />
      <TestMethod codeBase="/home/runner/work/BuckScienceApp/BuckScienceApp/tests/BuckScience.Tests/bin/Debug/net8.0/BuckScience.Tests.dll" adapterTypeName="executor://xunit/VsTestRunner2/netcoreapp" className="BuckScience.Tests.DirectionHelperTests" name="ToFloat_ShouldReturnCorrectDegrees" />
    </UnitTest>
    <UnitTest name="BuckScience.Tests.PhotoGroupingTests.PhotoGrouping_ShouldGroupByMonthYear_Ascending" storage="/home/runner/work/buckscienceapp/buckscienceapp/tests/buckscience.tests/bin/debug/net8.0/buckscience.tests.dll" id="188163b5-3a99-e726-205c-6b6fc846baac">
      <Execution id="c58f7ff1-6d73-4bc8-b24d-7620685347e9" />
      <TestMethod codeBase="/home/runner/work/BuckScienceApp/BuckScienceApp/tests/BuckScience.Tests/bin/Debug/net8.0/BuckScience.Tests.dll" adapterTypeName="executor://xunit/VsTestRunner2/netcoreapp" className="BuckScience.Tests.PhotoGroupingTests" name="PhotoGrouping_ShouldGroupByMonthYear_Ascending" />
    </UnitTest>
    <UnitTest name="BuckScience.Tests.Domain.SeasonExtensionsTests.GetDefaultMonths_YearRound_ReturnsAllMonths" storage="/home/runner/work/buckscienceapp/buckscienceapp/tests/buckscience.tests/bin/debug/net8.0/buckscience.tests.dll" id="0eac1afa-cee8-c2b1-e775-7c9bd515bfb3">
      <Execution id="6a3c0c09-84a0-4416-a370-c8f28ad9c9be" />
      <TestMethod codeBase="/home/runner/work/BuckScienceApp/BuckScienceApp/tests/BuckScience.Tests/bin/Debug/net8.0/BuckScience.Tests.dll" adapterTypeName="executor://xunit/VsTestRunner2/netcoreapp" className="BuckScience.Tests.Domain.SeasonExtensionsTests" name="GetDefaultMonths_YearRound_ReturnsAllMonths" />
    </UnitTest>
    <UnitTest name="BuckScience.Tests.DirectionHelperTests.DirectionMapping_ShouldBeConsistent" storage="/home/runner/work/buckscienceapp/buckscienceapp/tests/buckscience.tests/bin/debug/net8.0/buckscience.tests.dll" id="a8cebbec-cc48-449c-a357-e8867b7cdbdf">
      <Execution id="1bacaef5-dab8-45be-8743-51f24489ee80" />
      <TestMethod codeBase="/home/runner/work/BuckScienceApp/BuckScienceApp/tests/BuckScience.Tests/bin/Debug/net8.0/BuckScience.Tests.dll" adapterTypeName="executor://xunit/VsTestRunner2/netcoreapp" className="BuckScience.Tests.DirectionHelperTests" name="DirectionMapping_ShouldBeConsistent" />
    </UnitTest>
    <UnitTest name="BuckScience.Tests.Application.PropertyFeatureApplicationTests.GetPropertyFeature_ReturnsWeightCorrectly" storage="/home/runner/work/buckscienceapp/buckscienceapp/tests/buckscience.tests/bin/debug/net8.0/buckscience.tests.dll" id="7b1afa91-2553-0542-d21b-b944f43fb732">
      <Execution id="1123d5bb-6fb8-4777-bccb-5b115c09d680" />
      <TestMethod codeBase="/home/runner/work/BuckScienceApp/BuckScienceApp/tests/BuckScience.Tests/bin/Debug/net8.0/BuckScience.Tests.dll" adapterTypeName="executor://xunit/VsTestRunner2/netcoreapp" className="BuckScience.Tests.Application.PropertyFeatureApplicationTests" name="GetPropertyFeature_ReturnsWeightCorrectly" />
    </UnitTest>
    <UnitTest name="BuckScience.Tests.Web.Helpers.WeatherHelpersTests.ConvertWindDirectionToText_VariousAngles_ReturnsCorrectDirection(degrees: 33.740000000000002, expected: &quot;NNE&quot;)" storage="/home/runner/work/buckscienceapp/buckscienceapp/tests/buckscience.tests/bin/debug/net8.0/buckscience.tests.dll" id="9323afa7-c6a5-6a33-bb74-8f4b3b4998d0">
      <Execution id="c845c9b5-96ce-4e15-aaae-ad317b6fd65e" />
      <TestMethod codeBase="/home/runner/work/BuckScienceApp/BuckScienceApp/tests/BuckScience.Tests/bin/Debug/net8.0/BuckScience.Tests.dll" adapterTypeName="executor://xunit/VsTestRunner2/netcoreapp" className="BuckScience.Tests.Web.Helpers.WeatherHelpersTests" name="ConvertWindDirectionToText_VariousAngles_ReturnsCorrectDirection" />
    </UnitTest>
    <UnitTest name="BuckScience.Tests.TagCleanupTests.RemoveTagFromPhotos_ShouldCleanupTag_WhenNotUsedAnywhere" storage="/home/runner/work/buckscienceapp/buckscienceapp/tests/buckscience.tests/bin/debug/net8.0/buckscience.tests.dll" id="5439de61-630e-08c6-3445-f1eed3fd3847">
      <Execution id="489de213-de74-46f7-9673-eaf505df2b01" />
      <TestMethod codeBase="/home/runner/work/BuckScienceApp/BuckScienceApp/tests/BuckScience.Tests/bin/Debug/net8.0/BuckScience.Tests.dll" adapterTypeName="executor://xunit/VsTestRunner2/netcoreapp" className="BuckScience.Tests.TagCleanupTests" name="RemoveTagFromPhotos_ShouldCleanupTag_WhenNotUsedAnywhere" />
    </UnitTest>
    <UnitTest name="BuckScience.Tests.CameraCreateVmTests.CameraCreateVm_DirectionSync_ShouldWorkForAllDirections(direction: SE, expectedDegrees: 135)" storage="/home/runner/work/buckscienceapp/buckscienceapp/tests/buckscience.tests/bin/debug/net8.0/buckscience.tests.dll" id="f950f79e-ba5e-b1e8-b4c0-7c88acd39e8b">
      <Execution id="246a411f-f124-486b-9232-57275ec85e58" />
      <TestMethod codeBase="/home/runner/work/BuckScienceApp/BuckScienceApp/tests/BuckScience.Tests/bin/Debug/net8.0/BuckScience.Tests.dll" adapterTypeName="executor://xunit/VsTestRunner2/netcoreapp" className="BuckScience.Tests.CameraCreateVmTests" name="CameraCreateVm_DirectionSync_ShouldWorkForAllDirections" />
    </UnitTest>
    <UnitTest name="BuckScience.Tests.Domain.SeasonExtensionsTests.GetMonthsForProperty_WithProperty_ReturnsDefaultMonths" storage="/home/runner/work/buckscienceapp/buckscienceapp/tests/buckscience.tests/bin/debug/net8.0/buckscience.tests.dll" id="8c9fb467-c9d9-e4ca-cb2a-8456e527af16">
      <Execution id="b6814a57-75f6-42a6-8d50-453bfeb1679c" />
      <TestMethod codeBase="/home/runner/work/BuckScienceApp/BuckScienceApp/tests/BuckScience.Tests/bin/Debug/net8.0/BuckScience.Tests.dll" adapterTypeName="executor://xunit/VsTestRunner2/netcoreapp" className="BuckScience.Tests.Domain.SeasonExtensionsTests" name="GetMonthsForProperty_WithProperty_ReturnsDefaultMonths" />
    </UnitTest>
    <UnitTest name="BuckScience.Tests.FeatureHelperTests.FeatureDescriptions_ShouldContainAllClassificationTypes" storage="/home/runner/work/buckscienceapp/buckscienceapp/tests/buckscience.tests/bin/debug/net8.0/buckscience.tests.dll" id="7f31b8c1-231f-a39c-8870-f0d4abe51343">
      <Execution id="d9636926-a61e-454d-8d2f-820a11add830" />
      <TestMethod codeBase="/home/runner/work/BuckScienceApp/BuckScienceApp/tests/BuckScience.Tests/bin/Debug/net8.0/BuckScience.Tests.dll" adapterTypeName="executor://xunit/VsTestRunner2/netcoreapp" className="BuckScience.Tests.FeatureHelperTests" name="FeatureDescriptions_ShouldContainAllClassificationTypes" />
    </UnitTest>
    <UnitTest name="BuckScience.Tests.PhotoPlacementHistoryTests.Photo_Constructor_ShouldAcceptCameraPlacementHistoryId" storage="/home/runner/work/buckscienceapp/buckscienceapp/tests/buckscience.tests/bin/debug/net8.0/buckscience.tests.dll" id="dc5f28f7-09cd-2ab7-408b-876a39c8dcda">
      <Execution id="ebb1f1c8-e1a0-4b90-8750-b682152498cb" />
      <TestMethod codeBase="/home/runner/work/BuckScienceApp/BuckScienceApp/tests/BuckScience.Tests/bin/Debug/net8.0/BuckScience.Tests.dll" adapterTypeName="executor://xunit/VsTestRunner2/netcoreapp" className="BuckScience.Tests.PhotoPlacementHistoryTests" name="Photo_Constructor_ShouldAcceptCameraPlacementHistoryId" />
    </UnitTest>
    <UnitTest name="BuckScience.Tests.PhotoFilteringComprehensiveTests.PhotoFilters_EdgeCases_HandleCorrectly" storage="/home/runner/work/buckscienceapp/buckscienceapp/tests/buckscience.tests/bin/debug/net8.0/buckscience.tests.dll" id="878dbf6d-4718-3010-2956-9a909a749d2f">
      <Execution id="15a69493-a691-4e39-86e5-7f8ca17f6170" />
      <TestMethod codeBase="/home/runner/work/BuckScienceApp/BuckScienceApp/tests/BuckScience.Tests/bin/Debug/net8.0/BuckScience.Tests.dll" adapterTypeName="executor://xunit/VsTestRunner2/netcoreapp" className="BuckScience.Tests.PhotoFilteringComprehensiveTests" name="PhotoFilters_EdgeCases_HandleCorrectly" />
    </UnitTest>
    <UnitTest name="BuckScience.Tests.Web.Helpers.WeatherHelpersTests.ConvertWindDirectionToText_VariousAngles_ReturnsCorrectDirection(degrees: 315, expected: &quot;NW&quot;)" storage="/home/runner/work/buckscienceapp/buckscienceapp/tests/buckscience.tests/bin/debug/net8.0/buckscience.tests.dll" id="310112f5-4d07-717c-55f6-37a269d700ab">
      <Execution id="7f28d815-0e31-42d3-8c6a-396f1105cb33" />
      <TestMethod codeBase="/home/runner/work/BuckScienceApp/BuckScienceApp/tests/BuckScience.Tests/bin/Debug/net8.0/BuckScience.Tests.dll" adapterTypeName="executor://xunit/VsTestRunner2/netcoreapp" className="BuckScience.Tests.Web.Helpers.WeatherHelpersTests" name="ConvertWindDirectionToText_VariousAngles_ReturnsCorrectDirection" />
    </UnitTest>
    <UnitTest name="BuckScience.Tests.Application.FeatureWeights.UpdateFeatureWeightsTests.UpdateFeatureWeights_PartialUpdate_PreservesOtherCustomizations" storage="/home/runner/work/buckscienceapp/buckscienceapp/tests/buckscience.tests/bin/debug/net8.0/buckscience.tests.dll" id="7bc9b0b3-f390-4717-09ce-b059301b82e1">
      <Execution id="7c5981ba-00ac-434b-a4bd-8fad15eebcfa" />
      <TestMethod codeBase="/home/runner/work/BuckScienceApp/BuckScienceApp/tests/BuckScience.Tests/bin/Debug/net8.0/BuckScience.Tests.dll" adapterTypeName="executor://xunit/VsTestRunner2/netcoreapp" className="BuckScience.Tests.Application.FeatureWeights.UpdateFeatureWeightsTests" name="UpdateFeatureWeights_PartialUpdate_PreservesOtherCustomizations" />
    </UnitTest>
    <UnitTest name="BuckScience.Tests.DirectionHelperTests.FromFloat_ShouldReturnCorrectDirection(degrees: 0, expectedDirection: N)" storage="/home/runner/work/buckscienceapp/buckscienceapp/tests/buckscience.tests/bin/debug/net8.0/buckscience.tests.dll" id="4949997c-46c8-3183-1501-b1267871bfcf">
      <Execution id="c44f5eed-9970-49d4-ad05-89d72490bc36" />
      <TestMethod codeBase="/home/runner/work/BuckScienceApp/BuckScienceApp/tests/BuckScience.Tests/bin/Debug/net8.0/BuckScience.Tests.dll" adapterTypeName="executor://xunit/VsTestRunner2/netcoreapp" className="BuckScience.Tests.DirectionHelperTests" name="FromFloat_ShouldReturnCorrectDirection" />
    </UnitTest>
    <UnitTest name="BuckScience.Tests.CameraEditVmTests.CameraEditVm_DefaultValues_ShouldBeCorrect" storage="/home/runner/work/buckscienceapp/buckscienceapp/tests/buckscience.tests/bin/debug/net8.0/buckscience.tests.dll" id="eb717265-8ce6-9ca5-299a-76e8f4608ecc">
      <Execution id="25e236bb-e608-4397-83ab-3568367595f2" />
      <TestMethod codeBase="/home/runner/work/BuckScienceApp/BuckScienceApp/tests/BuckScience.Tests/bin/Debug/net8.0/BuckScience.Tests.dll" adapterTypeName="executor://xunit/VsTestRunner2/netcoreapp" className="BuckScience.Tests.CameraEditVmTests" name="CameraEditVm_DefaultValues_ShouldBeCorrect" />
    </UnitTest>
    <UnitTest name="BuckScience.Tests.Web.Helpers.WeatherHelpersTests.ConvertMoonPhaseTextToNumeric_InvalidText_ReturnsNull(text: &quot;Unknown&quot;)" storage="/home/runner/work/buckscienceapp/buckscienceapp/tests/buckscience.tests/bin/debug/net8.0/buckscience.tests.dll" id="fb896724-2095-3026-71b5-ad9198efd098">
      <Execution id="2a1993fc-7d05-41a6-8d50-ba894dd7f729" />
      <TestMethod codeBase="/home/runner/work/BuckScienceApp/BuckScienceApp/tests/BuckScience.Tests/bin/Debug/net8.0/BuckScience.Tests.dll" adapterTypeName="executor://xunit/VsTestRunner2/netcoreapp" className="BuckScience.Tests.Web.Helpers.WeatherHelpersTests" name="ConvertMoonPhaseTextToNumeric_InvalidText_ReturnsNull" />
    </UnitTest>
    <UnitTest name="BuckScience.Tests.Web.Helpers.WeatherHelpersTests.ConvertWindDirectionToText_VariousAngles_ReturnsCorrectDirection(degrees: 135, expected: &quot;SE&quot;)" storage="/home/runner/work/buckscienceapp/buckscienceapp/tests/buckscience.tests/bin/debug/net8.0/buckscience.tests.dll" id="7d4e8658-cb8d-0c66-3167-748289c2e3c6">
      <Execution id="aa715162-f666-42d7-b1b0-ce51a99ab584" />
      <TestMethod codeBase="/home/runner/work/BuckScienceApp/BuckScienceApp/tests/BuckScience.Tests/bin/Debug/net8.0/BuckScience.Tests.dll" adapterTypeName="executor://xunit/VsTestRunner2/netcoreapp" className="BuckScience.Tests.Web.Helpers.WeatherHelpersTests" name="ConvertWindDirectionToText_VariousAngles_ReturnsCorrectDirection" />
    </UnitTest>
    <UnitTest name="BuckScience.Tests.PhotoFilteringComprehensiveTests.PhotoFilters_ComplexCombination_AllFilterTypes" storage="/home/runner/work/buckscienceapp/buckscienceapp/tests/buckscience.tests/bin/debug/net8.0/buckscience.tests.dll" id="81cae9df-520c-bb72-ca7a-30a828451359">
      <Execution id="c1e8167e-4864-4059-9b86-b6325f62f99b" />
      <TestMethod codeBase="/home/runner/work/BuckScienceApp/BuckScienceApp/tests/BuckScience.Tests/bin/Debug/net8.0/BuckScience.Tests.dll" adapterTypeName="executor://xunit/VsTestRunner2/netcoreapp" className="BuckScience.Tests.PhotoFilteringComprehensiveTests" name="PhotoFilters_ComplexCombination_AllFilterTypes" />
    </UnitTest>
    <UnitTest name="BuckScience.Tests.CameraCreateVmTests.CameraCreateVm_SyncSelectionFromDirection_ShouldUpdateDirectionSelection" storage="/home/runner/work/buckscienceapp/buckscienceapp/tests/buckscience.tests/bin/debug/net8.0/buckscience.tests.dll" id="08a9b593-cfee-9bdf-6d80-833bb0b65ba9">
      <Execution id="2db61191-945c-45c4-9913-314d2db56a9b" />
      <TestMethod codeBase="/home/runner/work/BuckScienceApp/BuckScienceApp/tests/BuckScience.Tests/bin/Debug/net8.0/BuckScience.Tests.dll" adapterTypeName="executor://xunit/VsTestRunner2/netcoreapp" className="BuckScience.Tests.CameraCreateVmTests" name="CameraCreateVm_SyncSelectionFromDirection_ShouldUpdateDirectionSelection" />
    </UnitTest>
    <UnitTest name="BuckScience.Tests.Domain.PropertyFeatureTests.UpdateWeight_WithInvalidWeight_ThrowsArgumentOutOfRangeException(weight: 1.5)" storage="/home/runner/work/buckscienceapp/buckscienceapp/tests/buckscience.tests/bin/debug/net8.0/buckscience.tests.dll" id="e6069ec8-dd96-68b5-2039-b29d0b89d8eb">
      <Execution id="eb0151dd-4222-44e3-bb43-84fd7228f272" />
      <TestMethod codeBase="/home/runner/work/BuckScienceApp/BuckScienceApp/tests/BuckScience.Tests/bin/Debug/net8.0/BuckScience.Tests.dll" adapterTypeName="executor://xunit/VsTestRunner2/netcoreapp" className="BuckScience.Tests.Domain.PropertyFeatureTests" name="UpdateWeight_WithInvalidWeight_ThrowsArgumentOutOfRangeException" />
    </UnitTest>
    <UnitTest name="BuckScience.Tests.TaggingSystemTests.AssignDefaultTagsToProperty_ShouldAssignOnlyDefaultTags" storage="/home/runner/work/buckscienceapp/buckscienceapp/tests/buckscience.tests/bin/debug/net8.0/buckscience.tests.dll" id="d6582cc4-f5d7-7ddd-419a-8856fe5530f3">
      <Execution id="6fdadee9-b33e-49c4-b3c5-4c0f64b937fe" />
      <TestMethod codeBase="/home/runner/work/BuckScienceApp/BuckScienceApp/tests/BuckScience.Tests/bin/Debug/net8.0/BuckScience.Tests.dll" adapterTypeName="executor://xunit/VsTestRunner2/netcoreapp" className="BuckScience.Tests.TaggingSystemTests" name="AssignDefaultTagsToProperty_ShouldAssignOnlyDefaultTags" />
    </UnitTest>
    <UnitTest name="BuckScience.Tests.Domain.PropertyFeatureTests.Constructor_WithInvalidWeight_ThrowsArgumentOutOfRangeException(weight: -0.100000001)" storage="/home/runner/work/buckscienceapp/buckscienceapp/tests/buckscience.tests/bin/debug/net8.0/buckscience.tests.dll" id="89ecaa3a-044a-88b6-09ea-2d19af9e4614">
      <Execution id="5ce8a30c-48b2-4cf7-a973-ff572a848eb1" />
      <TestMethod codeBase="/home/runner/work/BuckScienceApp/BuckScienceApp/tests/BuckScience.Tests/bin/Debug/net8.0/BuckScience.Tests.dll" adapterTypeName="executor://xunit/VsTestRunner2/netcoreapp" className="BuckScience.Tests.Domain.PropertyFeatureTests" name="Constructor_WithInvalidWeight_ThrowsArgumentOutOfRangeException" />
    </UnitTest>
    <UnitTest name="BuckScience.Tests.Web.Helpers.WeatherHelpersTests.ConvertWindDirectionToText_VariousAngles_ReturnsCorrectDirection(degrees: -10, expected: &quot;N&quot;)" storage="/home/runner/work/buckscienceapp/buckscienceapp/tests/buckscience.tests/bin/debug/net8.0/buckscience.tests.dll" id="62aa58ea-9077-0f9e-c60d-aafd4a8d0ad6">
      <Execution id="76a3c751-a028-46ae-b7af-da36255c674c" />
      <TestMethod codeBase="/home/runner/work/BuckScienceApp/BuckScienceApp/tests/BuckScience.Tests/bin/Debug/net8.0/BuckScience.Tests.dll" adapterTypeName="executor://xunit/VsTestRunner2/netcoreapp" className="BuckScience.Tests.Web.Helpers.WeatherHelpersTests" name="ConvertWindDirectionToText_VariousAngles_ReturnsCorrectDirection" />
    </UnitTest>
    <UnitTest name="BuckScience.Tests.Domain.SeasonExtensionsTests.GetDefaultMonths_LateSeason_ReturnsCorrectMonths" storage="/home/runner/work/buckscienceapp/buckscienceapp/tests/buckscience.tests/bin/debug/net8.0/buckscience.tests.dll" id="0046d277-9b70-8213-d3d2-32e9f1ff9915">
      <Execution id="c9df1392-e9dc-4d39-8ff2-0278d58de70f" />
      <TestMethod codeBase="/home/runner/work/BuckScienceApp/BuckScienceApp/tests/BuckScience.Tests/bin/Debug/net8.0/BuckScience.Tests.dll" adapterTypeName="executor://xunit/VsTestRunner2/netcoreapp" className="BuckScience.Tests.Domain.SeasonExtensionsTests" name="GetDefaultMonths_LateSeason_ReturnsCorrectMonths" />
    </UnitTest>
    <UnitTest name="BuckScience.Tests.PhotoGroupingTests.CameraPhotoGrouping_ShouldGroupByMonthYear_Ascending" storage="/home/runner/work/buckscienceapp/buckscienceapp/tests/buckscience.tests/bin/debug/net8.0/buckscience.tests.dll" id="35d57337-18a5-4629-635a-b25a895ec8a2">
      <Execution id="249116b2-d4c4-4549-95c9-8734daecc87f" />
      <TestMethod codeBase="/home/runner/work/BuckScienceApp/BuckScienceApp/tests/BuckScience.Tests/bin/Debug/net8.0/BuckScience.Tests.dll" adapterTypeName="executor://xunit/VsTestRunner2/netcoreapp" className="BuckScience.Tests.PhotoGroupingTests" name="CameraPhotoGrouping_ShouldGroupByMonthYear_Ascending" />
    </UnitTest>
    <UnitTest name="BuckScience.Tests.Domain.PropertySeasonMonthsOverrideTests.PropertySeasonMonthsOverride_RoundTripSerialization_MaintainsData(months: [1, 2, 3, 4, 5, ...])" storage="/home/runner/work/buckscienceapp/buckscienceapp/tests/buckscience.tests/bin/debug/net8.0/buckscience.tests.dll" id="41d6624e-c316-a2d4-4992-8e24e9424bdf">
      <Execution id="b029bed3-ed6d-4635-b613-69f312149695" />
      <TestMethod codeBase="/home/runner/work/BuckScienceApp/BuckScienceApp/tests/BuckScience.Tests/bin/Debug/net8.0/BuckScience.Tests.dll" adapterTypeName="executor://xunit/VsTestRunner2/netcoreapp" className="BuckScience.Tests.Domain.PropertySeasonMonthsOverrideTests" name="PropertySeasonMonthsOverride_RoundTripSerialization_MaintainsData" />
    </UnitTest>
    <UnitTest name="BuckScience.Tests.Application.PropertyFeatureApplicationTests.UpdatePropertyFeature_WithNullWeight_SetsWeightToNull" storage="/home/runner/work/buckscienceapp/buckscienceapp/tests/buckscience.tests/bin/debug/net8.0/buckscience.tests.dll" id="d85c6fd3-7663-9ff2-9595-f7d77c06aa38">
      <Execution id="092e1a97-10ab-4481-b41f-c927b783c080" />
      <TestMethod codeBase="/home/runner/work/BuckScienceApp/BuckScienceApp/tests/BuckScience.Tests/bin/Debug/net8.0/BuckScience.Tests.dll" adapterTypeName="executor://xunit/VsTestRunner2/netcoreapp" className="BuckScience.Tests.Application.PropertyFeatureApplicationTests" name="UpdatePropertyFeature_WithNullWeight_SetsWeightToNull" />
    </UnitTest>
    <UnitTest name="BuckScience.Tests.Domain.MonthsAttributeTests.MonthsAttribute_Constructor_WithValidMonths_SetsMonthsCorrectly" storage="/home/runner/work/buckscienceapp/buckscienceapp/tests/buckscience.tests/bin/debug/net8.0/buckscience.tests.dll" id="db79dd17-8f15-9022-848e-d377803a0707">
      <Execution id="6a48ead0-43a1-4a6a-8d6e-076ea1f315ae" />
      <TestMethod codeBase="/home/runner/work/BuckScienceApp/BuckScienceApp/tests/BuckScience.Tests/bin/Debug/net8.0/BuckScience.Tests.dll" adapterTypeName="executor://xunit/VsTestRunner2/netcoreapp" className="BuckScience.Tests.Domain.MonthsAttributeTests" name="MonthsAttribute_Constructor_WithValidMonths_SetsMonthsCorrectly" />
    </UnitTest>
    <UnitTest name="BuckScience.Tests.FeatureHelperTests.GetCategory_ShouldReturnCorrectCategoryForTopographicalFeatures" storage="/home/runner/work/buckscienceapp/buckscienceapp/tests/buckscience.tests/bin/debug/net8.0/buckscience.tests.dll" id="b10f5741-388a-3ae9-2087-f07485587a15">
      <Execution id="65b5197c-89bb-4aaa-8c61-7e6e0afe9808" />
      <TestMethod codeBase="/home/runner/work/BuckScienceApp/BuckScienceApp/tests/BuckScience.Tests/bin/Debug/net8.0/BuckScience.Tests.dll" adapterTypeName="executor://xunit/VsTestRunner2/netcoreapp" className="BuckScience.Tests.FeatureHelperTests" name="GetCategory_ShouldReturnCorrectCategoryForTopographicalFeatures" />
    </UnitTest>
    <UnitTest name="BuckScience.Tests.Application.FeatureWeights.GetFeatureWeightsDateResolutionTests.HandleAsync_WithDate_DefaultMappings_ResolvesExpectedPrimarySeason(month: 11, expectedPrimarySeason: Rut)" storage="/home/runner/work/buckscienceapp/buckscienceapp/tests/buckscience.tests/bin/debug/net8.0/buckscience.tests.dll" id="f8565019-7e1a-d4d3-b349-7121ac8fabab">
      <Execution id="ca671984-9455-442a-9022-40e6862582d5" />
      <TestMethod codeBase="/home/runner/work/BuckScienceApp/BuckScienceApp/tests/BuckScience.Tests/bin/Debug/net8.0/BuckScience.Tests.dll" adapterTypeName="executor://xunit/VsTestRunner2/netcoreapp" className="BuckScience.Tests.Application.FeatureWeights.GetFeatureWeightsDateResolutionTests" name="HandleAsync_WithDate_DefaultMappings_ResolvesExpectedPrimarySeason" />
    </UnitTest>
    <UnitTest name="BuckScience.Tests.PhotoFilteringUrlExamples.BuildFilters_CameraParameters_ShouldParseCorrectly(cameras: &quot;5&quot;, expectedCameras: [5])" storage="/home/runner/work/buckscienceapp/buckscienceapp/tests/buckscience.tests/bin/debug/net8.0/buckscience.tests.dll" id="9b0dd086-97eb-5a55-6e89-79dde58b1fca">
      <Execution id="d14d5ebc-6406-41e5-8172-31cd218127f5" />
      <TestMethod codeBase="/home/runner/work/BuckScienceApp/BuckScienceApp/tests/BuckScience.Tests/bin/Debug/net8.0/BuckScience.Tests.dll" adapterTypeName="executor://xunit/VsTestRunner2/netcoreapp" className="BuckScience.Tests.PhotoFilteringUrlExamples" name="BuildFilters_CameraParameters_ShouldParseCorrectly" />
    </UnitTest>
    <UnitTest name="BuckScience.Tests.UnitTest1.Test1" storage="/home/runner/work/buckscienceapp/buckscienceapp/tests/buckscience.tests/bin/debug/net8.0/buckscience.tests.dll" id="24c340fb-d377-9a86-7f7b-24671f6c604a">
      <Execution id="c47e6510-35c5-4be6-bf39-8a5da66331b8" />
      <TestMethod codeBase="/home/runner/work/BuckScienceApp/BuckScienceApp/tests/BuckScience.Tests/bin/Debug/net8.0/BuckScience.Tests.dll" adapterTypeName="executor://xunit/VsTestRunner2/netcoreapp" className="BuckScience.Tests.UnitTest1" name="Test1" />
    </UnitTest>
    <UnitTest name="BuckScience.Tests.Application.FeatureWeights.UpdateFeatureWeightsTests.UpdateFeatureWeights_ClearUserWeight_KeepsCustomIfSeasonalWeightsExist" storage="/home/runner/work/buckscienceapp/buckscienceapp/tests/buckscience.tests/bin/debug/net8.0/buckscience.tests.dll" id="33ab81ff-679e-9cc9-05bb-618cbab677dd">
      <Execution id="abfe6152-0910-497d-a379-ee5af0632ed3" />
      <TestMethod codeBase="/home/runner/work/BuckScienceApp/BuckScienceApp/tests/BuckScience.Tests/bin/Debug/net8.0/BuckScience.Tests.dll" adapterTypeName="executor://xunit/VsTestRunner2/netcoreapp" className="BuckScience.Tests.Application.FeatureWeights.UpdateFeatureWeightsTests" name="UpdateFeatureWeights_ClearUserWeight_KeepsCustomIfSeasonalWeightsExist" />
    </UnitTest>
    <UnitTest name="BuckScience.Tests.CameraCreateVmTests.CameraCreateVm_DirectionSync_ShouldWorkForAllDirections(direction: W, expectedDegrees: 270)" storage="/home/runner/work/buckscienceapp/buckscienceapp/tests/buckscience.tests/bin/debug/net8.0/buckscience.tests.dll" id="d781b83d-5216-d63d-acc7-8c5d47cd7ccf">
      <Execution id="4d9f3fb1-0b8e-438c-8a62-3158417db89a" />
      <TestMethod codeBase="/home/runner/work/BuckScienceApp/BuckScienceApp/tests/BuckScience.Tests/bin/Debug/net8.0/BuckScience.Tests.dll" adapterTypeName="executor://xunit/VsTestRunner2/netcoreapp" className="BuckScience.Tests.CameraCreateVmTests" name="CameraCreateVm_DirectionSync_ShouldWorkForAllDirections" />
    </UnitTest>
    <UnitTest name="BuckScience.Tests.Application.FeatureWeights.GetFeatureWeightsDateResolutionTests.HandleAsync_WithDate_DefaultMappings_ResolvesExpectedPrimarySeason(month: 10, expectedPrimarySeason: EarlySeason)" storage="/home/runner/work/buckscienceapp/buckscienceapp/tests/buckscience.tests/bin/debug/net8.0/buckscience.tests.dll" id="5211619f-dadc-f40e-733e-74664040f64d">
      <Execution id="1a29b073-b7a5-4f5e-9c63-be75bfe7d1c9" />
      <TestMethod codeBase="/home/runner/work/BuckScienceApp/BuckScienceApp/tests/BuckScience.Tests/bin/Debug/net8.0/BuckScience.Tests.dll" adapterTypeName="executor://xunit/VsTestRunner2/netcoreapp" className="BuckScience.Tests.Application.FeatureWeights.GetFeatureWeightsDateResolutionTests" name="HandleAsync_WithDate_DefaultMappings_ResolvesExpectedPrimarySeason" />
    </UnitTest>
    <UnitTest name="BuckScience.Tests.Application.FeatureWeights.UpdateFeatureWeightsTests.UpdateFeatureWeights_OnlyUpdatesSpecificWeight_SetsOnlyThatAsCustom" storage="/home/runner/work/buckscienceapp/buckscienceapp/tests/buckscience.tests/bin/debug/net8.0/buckscience.tests.dll" id="2c3f2f16-fb94-3325-49ee-53aa9585411a">
      <Execution id="fa343541-f345-4ea9-b4d6-4171f19e50ad" />
      <TestMethod codeBase="/home/runner/work/BuckScienceApp/BuckScienceApp/tests/BuckScience.Tests/bin/Debug/net8.0/BuckScience.Tests.dll" adapterTypeName="executor://xunit/VsTestRunner2/netcoreapp" className="BuckScience.Tests.Application.FeatureWeights.UpdateFeatureWeightsTests" name="UpdateFeatureWeights_OnlyUpdatesSpecificWeight_SetsOnlyThatAsCustom" />
    </UnitTest>
    <UnitTest name="BuckScience.Tests.Application.SeasonMonthMappingServiceTests.GetActiveSeasonsForDateAsync_NoMatchingSeasons_ReturnsEmptyList" storage="/home/runner/work/buckscienceapp/buckscienceapp/tests/buckscience.tests/bin/debug/net8.0/buckscience.tests.dll" id="797ec353-9b00-9db4-cc43-60b41df82c14">
      <Execution id="9b26432d-5e2f-4c5b-b3d8-b2ea1aa89e24" />
      <TestMethod codeBase="/home/runner/work/BuckScienceApp/BuckScienceApp/tests/BuckScience.Tests/bin/Debug/net8.0/BuckScience.Tests.dll" adapterTypeName="executor://xunit/VsTestRunner2/netcoreapp" className="BuckScience.Tests.Application.SeasonMonthMappingServiceTests" name="GetActiveSeasonsForDateAsync_NoMatchingSeasons_ReturnsEmptyList" />
    </UnitTest>
    <UnitTest name="BuckScience.Tests.PhotoFilteringIntegrationTests.BuildFilters_WithConditions_ReturnsFiltersWithConditions" storage="/home/runner/work/buckscienceapp/buckscienceapp/tests/buckscience.tests/bin/debug/net8.0/buckscience.tests.dll" id="407fdbb6-f29a-a8a2-0277-cd698b7b57a7">
      <Execution id="d3ec171c-f8bc-424f-96f9-eea1e34f2eaf" />
      <TestMethod codeBase="/home/runner/work/BuckScienceApp/BuckScienceApp/tests/BuckScience.Tests/bin/Debug/net8.0/BuckScience.Tests.dll" adapterTypeName="executor://xunit/VsTestRunner2/netcoreapp" className="BuckScience.Tests.PhotoFilteringIntegrationTests" name="BuildFilters_WithConditions_ReturnsFiltersWithConditions" />
    </UnitTest>
    <UnitTest name="BuckScience.Tests.Web.Helpers.WeatherHelpersTests.GetWindDirectionOptions_WithAvailableDirections_SetsAvailability" storage="/home/runner/work/buckscienceapp/buckscienceapp/tests/buckscience.tests/bin/debug/net8.0/buckscience.tests.dll" id="90576d28-8c3e-aa47-8e92-100b02ac5a05">
      <Execution id="5c8a4eef-375b-4a06-ae10-3e09d7aefb49" />
      <TestMethod codeBase="/home/runner/work/BuckScienceApp/BuckScienceApp/tests/BuckScience.Tests/bin/Debug/net8.0/BuckScience.Tests.dll" adapterTypeName="executor://xunit/VsTestRunner2/netcoreapp" className="BuckScience.Tests.Web.Helpers.WeatherHelpersTests" name="GetWindDirectionOptions_WithAvailableDirections_SetsAvailability" />
    </UnitTest>
    <UnitTest name="BuckScience.Tests.Web.Helpers.WeatherHelpersTests.ConvertMoonPhaseTextToNumeric_CaseInsensitive_Works" storage="/home/runner/work/buckscienceapp/buckscienceapp/tests/buckscience.tests/bin/debug/net8.0/buckscience.tests.dll" id="6ddbf3e0-3ece-b657-908f-2948ae07368f">
      <Execution id="822276a1-d32d-42b9-bdb7-1ef623ad6445" />
      <TestMethod codeBase="/home/runner/work/BuckScienceApp/BuckScienceApp/tests/BuckScience.Tests/bin/Debug/net8.0/BuckScience.Tests.dll" adapterTypeName="executor://xunit/VsTestRunner2/netcoreapp" className="BuckScience.Tests.Web.Helpers.WeatherHelpersTests" name="ConvertMoonPhaseTextToNumeric_CaseInsensitive_Works" />
    </UnitTest>
    <UnitTest name="BuckScience.Tests.CameraCreateVmTests.CameraCreateVm_SyncDirectionFromSelection_ShouldUpdateDirectionDegrees" storage="/home/runner/work/buckscienceapp/buckscienceapp/tests/buckscience.tests/bin/debug/net8.0/buckscience.tests.dll" id="1be37c51-af7c-9e7b-8fa3-a746d27f5f9b">
      <Execution id="1efba07d-3237-4ed9-8bcb-af7ab64c20f1" />
      <TestMethod codeBase="/home/runner/work/BuckScienceApp/BuckScienceApp/tests/BuckScience.Tests/bin/Debug/net8.0/BuckScience.Tests.dll" adapterTypeName="executor://xunit/VsTestRunner2/netcoreapp" className="BuckScience.Tests.CameraCreateVmTests" name="CameraCreateVm_SyncDirectionFromSelection_ShouldUpdateDirectionDegrees" />
    </UnitTest>
    <UnitTest name="BuckScience.Tests.Domain.FeatureWeightTests.FeatureWeight_SetSeasonalWeights_WithNullStaysCustomIfUserWeightDiffersFromDefault" storage="/home/runner/work/buckscienceapp/buckscienceapp/tests/buckscience.tests/bin/debug/net8.0/buckscience.tests.dll" id="3f9861f9-4bc2-45e4-3f18-99d7b31a3667">
      <Execution id="d7c68019-d349-47f4-91e9-56c7d8214fb9" />
      <TestMethod codeBase="/home/runner/work/BuckScienceApp/BuckScienceApp/tests/BuckScience.Tests/bin/Debug/net8.0/BuckScience.Tests.dll" adapterTypeName="executor://xunit/VsTestRunner2/netcoreapp" className="BuckScience.Tests.Domain.FeatureWeightTests" name="FeatureWeight_SetSeasonalWeights_WithNullStaysCustomIfUserWeightDiffersFromDefault" />
    </UnitTest>
    <UnitTest name="BuckScience.Tests.Domain.MonthsAttributeTests.MonthsAttribute_Constructor_WithNullMonths_ThrowsArgumentNullException" storage="/home/runner/work/buckscienceapp/buckscienceapp/tests/buckscience.tests/bin/debug/net8.0/buckscience.tests.dll" id="ad4bf482-4b9d-1c7e-1b22-27f5b448acad">
      <Execution id="69d6384a-9c2e-40fd-a24d-d97b3cb79bb3" />
      <TestMethod codeBase="/home/runner/work/BuckScienceApp/BuckScienceApp/tests/BuckScience.Tests/bin/Debug/net8.0/BuckScience.Tests.dll" adapterTypeName="executor://xunit/VsTestRunner2/netcoreapp" className="BuckScience.Tests.Domain.MonthsAttributeTests" name="MonthsAttribute_Constructor_WithNullMonths_ThrowsArgumentNullException" />
    </UnitTest>
    <UnitTest name="BuckScience.Tests.FeatureHelperTests.GetCategory_ShouldReturnCorrectCategoryForBeddingResources" storage="/home/runner/work/buckscienceapp/buckscienceapp/tests/buckscience.tests/bin/debug/net8.0/buckscience.tests.dll" id="28faaf32-b614-3b46-c8af-acfb48482d8d">
      <Execution id="1b61d973-395b-4e49-86a1-e205f8535847" />
      <TestMethod codeBase="/home/runner/work/BuckScienceApp/BuckScienceApp/tests/BuckScience.Tests/bin/Debug/net8.0/BuckScience.Tests.dll" adapterTypeName="executor://xunit/VsTestRunner2/netcoreapp" className="BuckScience.Tests.FeatureHelperTests" name="GetCategory_ShouldReturnCorrectCategoryForBeddingResources" />
    </UnitTest>
    <UnitTest name="BuckScience.Tests.Domain.PropertyFeatureTests.UpdateWeight_WithInvalidWeight_ThrowsArgumentOutOfRangeException(weight: -0.5)" storage="/home/runner/work/buckscienceapp/buckscienceapp/tests/buckscience.tests/bin/debug/net8.0/buckscience.tests.dll" id="e35c95a4-d974-6814-c593-743bae04117a">
      <Execution id="95770442-06e0-43a9-b983-961243fe107e" />
      <TestMethod codeBase="/home/runner/work/BuckScienceApp/BuckScienceApp/tests/BuckScience.Tests/bin/Debug/net8.0/BuckScience.Tests.dll" adapterTypeName="executor://xunit/VsTestRunner2/netcoreapp" className="BuckScience.Tests.Domain.PropertyFeatureTests" name="UpdateWeight_WithInvalidWeight_ThrowsArgumentOutOfRangeException" />
    </UnitTest>
    <UnitTest name="BuckScience.Tests.Application.SeasonMonthMappingServiceTests.SeasonMonthMappingService_SupportsMultipleProperties_WithDifferentOverrides" storage="/home/runner/work/buckscienceapp/buckscienceapp/tests/buckscience.tests/bin/debug/net8.0/buckscience.tests.dll" id="dcda31af-f667-08b1-cb3b-ad651df24d23">
      <Execution id="7e6b4eda-488a-4446-860c-913ba29cca26" />
      <TestMethod codeBase="/home/runner/work/BuckScienceApp/BuckScienceApp/tests/BuckScience.Tests/bin/Debug/net8.0/BuckScience.Tests.dll" adapterTypeName="executor://xunit/VsTestRunner2/netcoreapp" className="BuckScience.Tests.Application.SeasonMonthMappingServiceTests" name="SeasonMonthMappingService_SupportsMultipleProperties_WithDifferentOverrides" />
    </UnitTest>
    <UnitTest name="BuckScience.Tests.Application.SeasonMonthMappingServiceTests.RemovePropertySeasonOverrideAsync_RemovesOverride_WhenExists" storage="/home/runner/work/buckscienceapp/buckscienceapp/tests/buckscience.tests/bin/debug/net8.0/buckscience.tests.dll" id="e0dcc631-95da-6f78-075b-f4a50d72ea72">
      <Execution id="2398fdb6-e1f2-4337-82a1-eca3e0c63a39" />
      <TestMethod codeBase="/home/runner/work/BuckScienceApp/BuckScienceApp/tests/BuckScience.Tests/bin/Debug/net8.0/BuckScience.Tests.dll" adapterTypeName="executor://xunit/VsTestRunner2/netcoreapp" className="BuckScience.Tests.Application.SeasonMonthMappingServiceTests" name="RemovePropertySeasonOverrideAsync_RemovesOverride_WhenExists" />
    </UnitTest>
    <UnitTest name="BuckScience.Tests.DirectionHelperTests.FromFloat_ShouldFindClosestDirection(degrees: 67, expectedDirection: NE)" storage="/home/runner/work/buckscienceapp/buckscienceapp/tests/buckscience.tests/bin/debug/net8.0/buckscience.tests.dll" id="b2bd5000-3749-abcf-9228-2b95c005c687">
      <Execution id="f0a0d44d-8f03-4bd8-9d92-2534f858b0c1" />
      <TestMethod codeBase="/home/runner/work/BuckScienceApp/BuckScienceApp/tests/BuckScience.Tests/bin/Debug/net8.0/BuckScience.Tests.dll" adapterTypeName="executor://xunit/VsTestRunner2/netcoreapp" className="BuckScience.Tests.DirectionHelperTests" name="FromFloat_ShouldFindClosestDirection" />
    </UnitTest>
    <UnitTest name="BuckScience.Tests.CameraPlacementHistoryTests.CameraPlacementHistory_EndPlacement_ShouldThrowIfAlreadyEnded" storage="/home/runner/work/buckscienceapp/buckscienceapp/tests/buckscience.tests/bin/debug/net8.0/buckscience.tests.dll" id="dca73a03-b0b0-9398-437e-9e75519b25e4">
      <Execution id="a1b31d43-e8f9-4e07-bb1f-b2e4fbc97ad8" />
      <TestMethod codeBase="/home/runner/work/BuckScienceApp/BuckScienceApp/tests/BuckScience.Tests/bin/Debug/net8.0/BuckScience.Tests.dll" adapterTypeName="executor://xunit/VsTestRunner2/netcoreapp" className="BuckScience.Tests.CameraPlacementHistoryTests" name="CameraPlacementHistory_EndPlacement_ShouldThrowIfAlreadyEnded" />
    </UnitTest>
    <UnitTest name="BuckScience.Tests.DirectionHelperTests.FromFloat_ShouldReturnCorrectDirection(degrees: 180, expectedDirection: S)" storage="/home/runner/work/buckscienceapp/buckscienceapp/tests/buckscience.tests/bin/debug/net8.0/buckscience.tests.dll" id="510de9dc-e90e-bdb2-662b-4a218168ebca">
      <Execution id="5cf60722-b21b-4204-bcff-ac5b78dc41c9" />
      <TestMethod codeBase="/home/runner/work/BuckScienceApp/BuckScienceApp/tests/BuckScience.Tests/bin/Debug/net8.0/BuckScience.Tests.dll" adapterTypeName="executor://xunit/VsTestRunner2/netcoreapp" className="BuckScience.Tests.DirectionHelperTests" name="FromFloat_ShouldReturnCorrectDirection" />
    </UnitTest>
    <UnitTest name="BuckScience.Tests.Application.FeatureWeights.GetFeatureWeightsDateResolutionTests.HandleAsync_WithDate_DefaultSeasonMapping_ResolvesCorrectSeason" storage="/home/runner/work/buckscienceapp/buckscienceapp/tests/buckscience.tests/bin/debug/net8.0/buckscience.tests.dll" id="c2ecdd5b-e826-0361-04c0-37d21eeea23d">
      <Execution id="3c6f4c27-2270-488d-aea0-2cf7f80ff704" />
      <TestMethod codeBase="/home/runner/work/BuckScienceApp/BuckScienceApp/tests/BuckScience.Tests/bin/Debug/net8.0/BuckScience.Tests.dll" adapterTypeName="executor://xunit/VsTestRunner2/netcoreapp" className="BuckScience.Tests.Application.FeatureWeights.GetFeatureWeightsDateResolutionTests" name="HandleAsync_WithDate_DefaultSeasonMapping_ResolvesCorrectSeason" />
    </UnitTest>
    <UnitTest name="BuckScience.Tests.Domain.PropertySeasonMonthsOverrideTests.PropertySeasonMonthsOverride_SetMonths_WithValidMonths_UpdatesMonthsAndTimestamp" storage="/home/runner/work/buckscienceapp/buckscienceapp/tests/buckscience.tests/bin/debug/net8.0/buckscience.tests.dll" id="633c7180-abf2-d38a-1f50-b48e71e9c2bd">
      <Execution id="78ff321e-2509-4bc0-9536-841f5503c6b7" />
      <TestMethod codeBase="/home/runner/work/BuckScienceApp/BuckScienceApp/tests/BuckScience.Tests/bin/Debug/net8.0/BuckScience.Tests.dll" adapterTypeName="executor://xunit/VsTestRunner2/netcoreapp" className="BuckScience.Tests.Domain.PropertySeasonMonthsOverrideTests" name="PropertySeasonMonthsOverride_SetMonths_WithValidMonths_UpdatesMonthsAndTimestamp" />
    </UnitTest>
    <UnitTest name="BuckScience.Tests.PhotoFilteringIntegrationTests.BuildFilters_WithNoParameters_ReturnsNull" storage="/home/runner/work/buckscienceapp/buckscienceapp/tests/buckscience.tests/bin/debug/net8.0/buckscience.tests.dll" id="697a3a18-bb68-1bc4-ecac-a4680501e02f">
      <Execution id="11eae5a7-9c12-4bf2-8a7f-77f8e61b0993" />
      <TestMethod codeBase="/home/runner/work/BuckScienceApp/BuckScienceApp/tests/BuckScience.Tests/bin/Debug/net8.0/BuckScience.Tests.dll" adapterTypeName="executor://xunit/VsTestRunner2/netcoreapp" className="BuckScience.Tests.PhotoFilteringIntegrationTests" name="BuildFilters_WithNoParameters_ReturnsNull" />
    </UnitTest>
    <UnitTest name="BuckScience.Tests.Application.FeatureWeights.GetFeatureWeightsDateResolutionTests.HandleAsync_WithDate_DefaultMappings_ResolvesExpectedPrimarySeason(month: 1, expectedPrimarySeason: LateSeason)" storage="/home/runner/work/buckscienceapp/buckscienceapp/tests/buckscience.tests/bin/debug/net8.0/buckscience.tests.dll" id="67cea702-8500-937a-27c8-4c669b6e1597">
      <Execution id="85c47e6a-cd85-454b-9fa5-a0d3f72710b2" />
      <TestMethod codeBase="/home/runner/work/BuckScienceApp/BuckScienceApp/tests/BuckScience.Tests/bin/Debug/net8.0/BuckScience.Tests.dll" adapterTypeName="executor://xunit/VsTestRunner2/netcoreapp" className="BuckScience.Tests.Application.FeatureWeights.GetFeatureWeightsDateResolutionTests" name="HandleAsync_WithDate_DefaultMappings_ResolvesExpectedPrimarySeason" />
    </UnitTest>
    <UnitTest name="BuckScience.Tests.DirectionHelperTests.FromFloat_ShouldReturnCorrectDirection(degrees: 270, expectedDirection: W)" storage="/home/runner/work/buckscienceapp/buckscienceapp/tests/buckscience.tests/bin/debug/net8.0/buckscience.tests.dll" id="77c94a3a-bf51-e754-8b05-8ef3b5f32220">
      <Execution id="24605cd0-bc8d-491c-a2d8-dd47d2a77a50" />
      <TestMethod codeBase="/home/runner/work/BuckScienceApp/BuckScienceApp/tests/BuckScience.Tests/bin/Debug/net8.0/BuckScience.Tests.dll" adapterTypeName="executor://xunit/VsTestRunner2/netcoreapp" className="BuckScience.Tests.DirectionHelperTests" name="FromFloat_ShouldReturnCorrectDirection" />
    </UnitTest>
    <UnitTest name="BuckScience.Tests.Web.Helpers.WeatherHelpersTests.ConvertWindDirectionToText_VariousAngles_ReturnsCorrectDirection(degrees: 67.5, expected: &quot;ENE&quot;)" storage="/home/runner/work/buckscienceapp/buckscienceapp/tests/buckscience.tests/bin/debug/net8.0/buckscience.tests.dll" id="3f5baae7-b2ef-0a09-bc51-f8b04a3acced">
      <Execution id="8e000107-7d89-467d-b7af-d1fb4e1babe3" />
      <TestMethod codeBase="/home/runner/work/BuckScienceApp/BuckScienceApp/tests/BuckScience.Tests/bin/Debug/net8.0/BuckScience.Tests.dll" adapterTypeName="executor://xunit/VsTestRunner2/netcoreapp" className="BuckScience.Tests.Web.Helpers.WeatherHelpersTests" name="ConvertWindDirectionToText_VariousAngles_ReturnsCorrectDirection" />
    </UnitTest>
    <UnitTest name="BuckScience.Tests.Application.PropertyFeatureApplicationTests.CreatePropertyFeature_WithWeight_CreatesFeatureWithWeight" storage="/home/runner/work/buckscienceapp/buckscienceapp/tests/buckscience.tests/bin/debug/net8.0/buckscience.tests.dll" id="b737e5bb-0356-fd2c-e9f5-061fb14537a5">
      <Execution id="fb656ac3-e19e-4f33-be72-b711c886ba43" />
      <TestMethod codeBase="/home/runner/work/BuckScienceApp/BuckScienceApp/tests/BuckScience.Tests/bin/Debug/net8.0/BuckScience.Tests.dll" adapterTypeName="executor://xunit/VsTestRunner2/netcoreapp" className="BuckScience.Tests.Application.PropertyFeatureApplicationTests" name="CreatePropertyFeature_WithWeight_CreatesFeatureWithWeight" />
    </UnitTest>
    <UnitTest name="BuckScience.Tests.Application.SeasonMonthMappingServiceTests.GetMonthsForPropertyAsync_WithPropertyNoOverride_ReturnsDefaultMonths" storage="/home/runner/work/buckscienceapp/buckscienceapp/tests/buckscience.tests/bin/debug/net8.0/buckscience.tests.dll" id="0c242e7e-8f22-f923-65dd-b2f5a0811c80">
      <Execution id="baf1dd5c-b48a-47f3-a7ee-04c9664ec568" />
      <TestMethod codeBase="/home/runner/work/BuckScienceApp/BuckScienceApp/tests/BuckScience.Tests/bin/Debug/net8.0/BuckScience.Tests.dll" adapterTypeName="executor://xunit/VsTestRunner2/netcoreapp" className="BuckScience.Tests.Application.SeasonMonthMappingServiceTests" name="GetMonthsForPropertyAsync_WithPropertyNoOverride_ReturnsDefaultMonths" />
    </UnitTest>
    <UnitTest name="BuckScience.Tests.Application.SeasonMonthMappingServiceTests.GetPrimarySeasonForDateAsync_DefaultMappings_ReturnsExpectedSeason(month: 12, expectedSeason: PostRut)" storage="/home/runner/work/buckscienceapp/buckscienceapp/tests/buckscience.tests/bin/debug/net8.0/buckscience.tests.dll" id="9b3070df-a285-654a-0d56-528d1aaa0bdd">
      <Execution id="45689430-ecc1-4b49-b180-3d32ebad5371" />
      <TestMethod codeBase="/home/runner/work/BuckScienceApp/BuckScienceApp/tests/BuckScience.Tests/bin/Debug/net8.0/BuckScience.Tests.dll" adapterTypeName="executor://xunit/VsTestRunner2/netcoreapp" className="BuckScience.Tests.Application.SeasonMonthMappingServiceTests" name="GetPrimarySeasonForDateAsync_DefaultMappings_ReturnsExpectedSeason" />
    </UnitTest>
    <UnitTest name="BuckScience.Tests.Domain.PropertyFeatureTests.SetWeight_WithInvalidWeight_ThrowsArgumentOutOfRangeException(weight: 1.10000002)" storage="/home/runner/work/buckscienceapp/buckscienceapp/tests/buckscience.tests/bin/debug/net8.0/buckscience.tests.dll" id="99b19fe9-9646-fec1-29a0-b1e5f49baebb">
      <Execution id="f341851b-c87a-433b-9e39-23f34044225d" />
      <TestMethod codeBase="/home/runner/work/BuckScienceApp/BuckScienceApp/tests/BuckScience.Tests/bin/Debug/net8.0/BuckScience.Tests.dll" adapterTypeName="executor://xunit/VsTestRunner2/netcoreapp" className="BuckScience.Tests.Domain.PropertyFeatureTests" name="SetWeight_WithInvalidWeight_ThrowsArgumentOutOfRangeException" />
    </UnitTest>
    <UnitTest name="BuckScience.Tests.Domain.FeatureWeightTests.FeatureWeightHelper_GetDefaultWeight_ReturnsExpectedValues(type: BeddingArea, expectedWeight: 0.899999976)" storage="/home/runner/work/buckscienceapp/buckscienceapp/tests/buckscience.tests/bin/debug/net8.0/buckscience.tests.dll" id="08ddb4d1-1ea9-4a39-f70b-490a5dd2fdfe">
      <Execution id="e038a982-6a82-4646-a599-56f7e0644a2a" />
      <TestMethod codeBase="/home/runner/work/BuckScienceApp/BuckScienceApp/tests/BuckScience.Tests/bin/Debug/net8.0/BuckScience.Tests.dll" adapterTypeName="executor://xunit/VsTestRunner2/netcoreapp" className="BuckScience.Tests.Domain.FeatureWeightTests" name="FeatureWeightHelper_GetDefaultWeight_ReturnsExpectedValues" />
    </UnitTest>
    <UnitTest name="BuckScience.Tests.Web.Helpers.WeatherHelpersTests.GetWindDirectionOptions_WithEmptyAvailable_AllUnavailable" storage="/home/runner/work/buckscienceapp/buckscienceapp/tests/buckscience.tests/bin/debug/net8.0/buckscience.tests.dll" id="8dc17fe0-66a4-6cf2-3749-0f755c367e4d">
      <Execution id="f56480ef-9636-4367-aef5-461edcabb71e" />
      <TestMethod codeBase="/home/runner/work/BuckScienceApp/BuckScienceApp/tests/BuckScience.Tests/bin/Debug/net8.0/BuckScience.Tests.dll" adapterTypeName="executor://xunit/VsTestRunner2/netcoreapp" className="BuckScience.Tests.Web.Helpers.WeatherHelpersTests" name="GetWindDirectionOptions_WithEmptyAvailable_AllUnavailable" />
    </UnitTest>
    <UnitTest name="BuckScience.Tests.Web.Helpers.WeatherHelpersTests.ConvertWindDirectionToText_VariousAngles_ReturnsCorrectDirection(degrees: 348.74000000000001, expected: &quot;NNW&quot;)" storage="/home/runner/work/buckscienceapp/buckscienceapp/tests/buckscience.tests/bin/debug/net8.0/buckscience.tests.dll" id="9f164cb9-b0ee-2833-0b35-619b21bae903">
      <Execution id="ecd4199e-c92f-4153-b67b-dc30dc4b5f05" />
      <TestMethod codeBase="/home/runner/work/BuckScienceApp/BuckScienceApp/tests/BuckScience.Tests/bin/Debug/net8.0/BuckScience.Tests.dll" adapterTypeName="executor://xunit/VsTestRunner2/netcoreapp" className="BuckScience.Tests.Web.Helpers.WeatherHelpersTests" name="ConvertWindDirectionToText_VariousAngles_ReturnsCorrectDirection" />
    </UnitTest>
    <UnitTest name="BuckScience.Tests.Web.Helpers.WeatherHelpersTests.ConvertWindDirectionToText_VariousAngles_ReturnsCorrectDirection(degrees: 90, expected: &quot;E&quot;)" storage="/home/runner/work/buckscienceapp/buckscienceapp/tests/buckscience.tests/bin/debug/net8.0/buckscience.tests.dll" id="282510b6-3046-16e6-500c-da1402387fc9">
      <Execution id="5753c225-a14c-4cc2-88ed-b78c458eb33e" />
      <TestMethod codeBase="/home/runner/work/BuckScienceApp/BuckScienceApp/tests/BuckScience.Tests/bin/Debug/net8.0/BuckScience.Tests.dll" adapterTypeName="executor://xunit/VsTestRunner2/netcoreapp" className="BuckScience.Tests.Web.Helpers.WeatherHelpersTests" name="ConvertWindDirectionToText_VariousAngles_ReturnsCorrectDirection" />
    </UnitTest>
    <UnitTest name="BuckScience.Tests.Web.Helpers.WeatherHelpersTests.ConvertWindDirectionToText_VariousAngles_ReturnsCorrectDirection(degrees: 225, expected: &quot;SW&quot;)" storage="/home/runner/work/buckscienceapp/buckscienceapp/tests/buckscience.tests/bin/debug/net8.0/buckscience.tests.dll" id="5184c208-ba66-a1eb-00ca-490830c3b61a">
      <Execution id="1a67a4cf-5ab1-4385-aaeb-04597649a7fa" />
      <TestMethod codeBase="/home/runner/work/BuckScienceApp/BuckScienceApp/tests/BuckScience.Tests/bin/Debug/net8.0/BuckScience.Tests.dll" adapterTypeName="executor://xunit/VsTestRunner2/netcoreapp" className="BuckScience.Tests.Web.Helpers.WeatherHelpersTests" name="ConvertWindDirectionToText_VariousAngles_ReturnsCorrectDirection" />
    </UnitTest>
    <UnitTest name="BuckScience.Tests.Application.SeasonMonthMappingServiceTests.DateResolution_CrossYearBoundary_HandlesCorrectly" storage="/home/runner/work/buckscienceapp/buckscienceapp/tests/buckscience.tests/bin/debug/net8.0/buckscience.tests.dll" id="a5c2b0ef-9ac8-1463-26cc-ed3d53a88d4a">
      <Execution id="0920ae17-fc90-4c6d-9abb-5247967cd77b" />
      <TestMethod codeBase="/home/runner/work/BuckScienceApp/BuckScienceApp/tests/BuckScience.Tests/bin/Debug/net8.0/BuckScience.Tests.dll" adapterTypeName="executor://xunit/VsTestRunner2/netcoreapp" className="BuckScience.Tests.Application.SeasonMonthMappingServiceTests" name="DateResolution_CrossYearBoundary_HandlesCorrectly" />
    </UnitTest>
    <UnitTest name="BuckScience.Tests.Domain.PropertyFeatureTests.Constructor_WithValidWeight_SetsWeightCorrectly(weight: 0)" storage="/home/runner/work/buckscienceapp/buckscienceapp/tests/buckscience.tests/bin/debug/net8.0/buckscience.tests.dll" id="b173cbcd-a6a7-597f-40e4-5532d9298452">
      <Execution id="c1ec3242-6ae7-4ba6-9a17-ac7727d2bfb0" />
      <TestMethod codeBase="/home/runner/work/BuckScienceApp/BuckScienceApp/tests/BuckScience.Tests/bin/Debug/net8.0/BuckScience.Tests.dll" adapterTypeName="executor://xunit/VsTestRunner2/netcoreapp" className="BuckScience.Tests.Domain.PropertyFeatureTests" name="Constructor_WithValidWeight_SetsWeightCorrectly" />
    </UnitTest>
    <UnitTest name="BuckScience.Tests.PhotoFilteringComprehensiveTests.PropertyPhotosVm_WithFilters_CorrectProperties" storage="/home/runner/work/buckscienceapp/buckscienceapp/tests/buckscience.tests/bin/debug/net8.0/buckscience.tests.dll" id="2cc2759a-0e74-d1e3-53c0-3d706804902c">
      <Execution id="2dd09a71-8061-46e9-9470-d4b6e2a13566" />
      <TestMethod codeBase="/home/runner/work/BuckScienceApp/BuckScienceApp/tests/BuckScience.Tests/bin/Debug/net8.0/BuckScience.Tests.dll" adapterTypeName="executor://xunit/VsTestRunner2/netcoreapp" className="BuckScience.Tests.PhotoFilteringComprehensiveTests" name="PropertyPhotosVm_WithFilters_CorrectProperties" />
    </UnitTest>
    <UnitTest name="BuckScience.Tests.TagCleanupTests.RemoveTagFromPhotos_ShouldNotRemoveDefaultTag_EvenWhenUnused" storage="/home/runner/work/buckscienceapp/buckscienceapp/tests/buckscience.tests/bin/debug/net8.0/buckscience.tests.dll" id="c32ae7c7-19e6-4795-4595-b867002163f4">
      <Execution id="7cc98b0e-e993-4f52-9b4c-a6c836bcfca5" />
      <TestMethod codeBase="/home/runner/work/BuckScienceApp/BuckScienceApp/tests/BuckScience.Tests/bin/Debug/net8.0/BuckScience.Tests.dll" adapterTypeName="executor://xunit/VsTestRunner2/netcoreapp" className="BuckScience.Tests.TagCleanupTests" name="RemoveTagFromPhotos_ShouldNotRemoveDefaultTag_EvenWhenUnused" />
    </UnitTest>
    <UnitTest name="BuckScience.Tests.Web.Helpers.WeatherHelpersTests.ConvertWindDirectionToText_VariousAngles_ReturnsCorrectDirection(degrees: 337.5, expected: &quot;NNW&quot;)" storage="/home/runner/work/buckscienceapp/buckscienceapp/tests/buckscience.tests/bin/debug/net8.0/buckscience.tests.dll" id="b96d0d20-292a-e609-b515-79cd877929d7">
      <Execution id="99c852a9-4798-4e9e-bc19-acc28de4c291" />
      <TestMethod codeBase="/home/runner/work/BuckScienceApp/BuckScienceApp/tests/BuckScience.Tests/bin/Debug/net8.0/BuckScience.Tests.dll" adapterTypeName="executor://xunit/VsTestRunner2/netcoreapp" className="BuckScience.Tests.Web.Helpers.WeatherHelpersTests" name="ConvertWindDirectionToText_VariousAngles_ReturnsCorrectDirection" />
    </UnitTest>
    <UnitTest name="BuckScience.Tests.PhotoFilteringIntegrationTests.BuildFilters_WithInvalidCameraPlacementHistoryIds_IgnoresInvalidIds" storage="/home/runner/work/buckscienceapp/buckscienceapp/tests/buckscience.tests/bin/debug/net8.0/buckscience.tests.dll" id="0a4fef64-4b22-b6e1-3068-172d5dc1b64f">
      <Execution id="f450fab6-d641-4566-b93b-b650229fae60" />
      <TestMethod codeBase="/home/runner/work/BuckScienceApp/BuckScienceApp/tests/BuckScience.Tests/bin/Debug/net8.0/BuckScience.Tests.dll" adapterTypeName="executor://xunit/VsTestRunner2/netcoreapp" className="BuckScience.Tests.PhotoFilteringIntegrationTests" name="BuildFilters_WithInvalidCameraPlacementHistoryIds_IgnoresInvalidIds" />
    </UnitTest>
    <UnitTest name="BuckScience.Tests.WeatherBatchProcessingTests.PhotoGrouping_ShouldGroupByLocationAndDate" storage="/home/runner/work/buckscienceapp/buckscienceapp/tests/buckscience.tests/bin/debug/net8.0/buckscience.tests.dll" id="3f4d3f91-09a2-a334-5932-6e78104fd8ba">
      <Execution id="0ecc31c4-a54e-4882-b6b9-64310016200d" />
      <TestMethod codeBase="/home/runner/work/BuckScienceApp/BuckScienceApp/tests/BuckScience.Tests/bin/Debug/net8.0/BuckScience.Tests.dll" adapterTypeName="executor://xunit/VsTestRunner2/netcoreapp" className="BuckScience.Tests.WeatherBatchProcessingTests" name="PhotoGrouping_ShouldGroupByLocationAndDate" />
    </UnitTest>
    <UnitTest name="BuckScience.Tests.Application.SeasonMonthMappingServiceTests.GetMonthsForPropertyAsync_WithoutOverrides_ReturnsCorrectDefaults(season: Rut, expectedMonths: [11])" storage="/home/runner/work/buckscienceapp/buckscienceapp/tests/buckscience.tests/bin/debug/net8.0/buckscience.tests.dll" id="96fd8acb-4fd6-1b77-8f7e-7416089655db">
      <Execution id="9b6cfb64-9a52-4b78-b82c-193219e791b5" />
      <TestMethod codeBase="/home/runner/work/BuckScienceApp/BuckScienceApp/tests/BuckScience.Tests/bin/Debug/net8.0/BuckScience.Tests.dll" adapterTypeName="executor://xunit/VsTestRunner2/netcoreapp" className="BuckScience.Tests.Application.SeasonMonthMappingServiceTests" name="GetMonthsForPropertyAsync_WithoutOverrides_ReturnsCorrectDefaults" />
    </UnitTest>
    <UnitTest name="BuckScience.Tests.CameraCreateVmTests.CameraCreateVm_DirectionSync_ShouldWorkForAllDirections(direction: S, expectedDegrees: 180)" storage="/home/runner/work/buckscienceapp/buckscienceapp/tests/buckscience.tests/bin/debug/net8.0/buckscience.tests.dll" id="3fd3b076-d6e9-95cb-3f37-7d353eff3a42">
      <Execution id="5c4e6480-d7dc-462a-8f8a-74709fbd23ae" />
      <TestMethod codeBase="/home/runner/work/BuckScienceApp/BuckScienceApp/tests/BuckScience.Tests/bin/Debug/net8.0/BuckScience.Tests.dll" adapterTypeName="executor://xunit/VsTestRunner2/netcoreapp" className="BuckScience.Tests.CameraCreateVmTests" name="CameraCreateVm_DirectionSync_ShouldWorkForAllDirections" />
    </UnitTest>
    <UnitTest name="BuckScience.Tests.Domain.SeasonExtensionsTests.GetDefaultMonths_EarlySeason_ReturnsCorrectMonths" storage="/home/runner/work/buckscienceapp/buckscienceapp/tests/buckscience.tests/bin/debug/net8.0/buckscience.tests.dll" id="1bb4d31b-4aa9-50a4-5ac5-e8f09827ba51">
      <Execution id="045027fd-8433-40be-9758-19ca5acb814d" />
      <TestMethod codeBase="/home/runner/work/BuckScienceApp/BuckScienceApp/tests/BuckScience.Tests/bin/Debug/net8.0/BuckScience.Tests.dll" adapterTypeName="executor://xunit/VsTestRunner2/netcoreapp" className="BuckScience.Tests.Domain.SeasonExtensionsTests" name="GetDefaultMonths_EarlySeason_ReturnsCorrectMonths" />
    </UnitTest>
    <UnitTest name="BuckScience.Tests.Web.Helpers.WeatherHelpersTests.ConvertMoonPhaseTextToNumeric_ValidText_ReturnsCorrectValue(text: &quot;Full Moon&quot;, expected: 0.5)" storage="/home/runner/work/buckscienceapp/buckscienceapp/tests/buckscience.tests/bin/debug/net8.0/buckscience.tests.dll" id="a52561ca-dbe3-d21e-cc1f-fbc0bb577901">
      <Execution id="c5caf864-55fc-4acd-984a-3e41ccc5ceba" />
      <TestMethod codeBase="/home/runner/work/BuckScienceApp/BuckScienceApp/tests/BuckScience.Tests/bin/Debug/net8.0/BuckScience.Tests.dll" adapterTypeName="executor://xunit/VsTestRunner2/netcoreapp" className="BuckScience.Tests.Web.Helpers.WeatherHelpersTests" name="ConvertMoonPhaseTextToNumeric_ValidText_ReturnsCorrectValue" />
    </UnitTest>
    <UnitTest name="BuckScience.Tests.Web.Helpers.WeatherHelpersTests.ConvertWindDirectionTextToNumeric_ValidDirections_ReturnsCorrectDegrees(direction: &quot;E&quot;, expected: 90)" storage="/home/runner/work/buckscienceapp/buckscienceapp/tests/buckscience.tests/bin/debug/net8.0/buckscience.tests.dll" id="a4c9dc78-d66c-c69a-90ef-d545d65a1a43">
      <Execution id="ac934495-9cb6-4185-b368-cfe9eed95865" />
      <TestMethod codeBase="/home/runner/work/BuckScienceApp/BuckScienceApp/tests/BuckScience.Tests/bin/Debug/net8.0/BuckScience.Tests.dll" adapterTypeName="executor://xunit/VsTestRunner2/netcoreapp" className="BuckScience.Tests.Web.Helpers.WeatherHelpersTests" name="ConvertWindDirectionTextToNumeric_ValidDirections_ReturnsCorrectDegrees" />
    </UnitTest>
    <UnitTest name="BuckScience.Tests.Application.FeatureWeights.UpdateFeatureWeightsTests.UpdateFeatureWeights_ResetToDefault_ClearsAllCustomizations" storage="/home/runner/work/buckscienceapp/buckscienceapp/tests/buckscience.tests/bin/debug/net8.0/buckscience.tests.dll" id="e65338ab-e9eb-2800-4922-6e2f693b11d4">
      <Execution id="1f364acd-879a-4c66-a710-09931a2aa7fc" />
      <TestMethod codeBase="/home/runner/work/BuckScienceApp/BuckScienceApp/tests/BuckScience.Tests/bin/Debug/net8.0/BuckScience.Tests.dll" adapterTypeName="executor://xunit/VsTestRunner2/netcoreapp" className="BuckScience.Tests.Application.FeatureWeights.UpdateFeatureWeightsTests" name="UpdateFeatureWeights_ResetToDefault_ClearsAllCustomizations" />
    </UnitTest>
    <UnitTest name="BuckScience.Tests.PhotoFilteringUrlExamples.PhotoFiltering_RealWorldScenario_TempAndCameraFilter" storage="/home/runner/work/buckscienceapp/buckscienceapp/tests/buckscience.tests/bin/debug/net8.0/buckscience.tests.dll" id="9cd7f192-bb9b-abd8-007d-2585a8ffb5e9">
      <Execution id="44211e93-b07f-4984-bf5a-41fab8d31238" />
      <TestMethod codeBase="/home/runner/work/BuckScienceApp/BuckScienceApp/tests/BuckScience.Tests/bin/Debug/net8.0/BuckScience.Tests.dll" adapterTypeName="executor://xunit/VsTestRunner2/netcoreapp" className="BuckScience.Tests.PhotoFilteringUrlExamples" name="PhotoFiltering_RealWorldScenario_TempAndCameraFilter" />
    </UnitTest>
    <UnitTest name="BuckScience.Tests.DirectionHelperTests.ToFloat_ShouldReturnCorrectDegrees(direction: W, expectedDegrees: 270)" storage="/home/runner/work/buckscienceapp/buckscienceapp/tests/buckscience.tests/bin/debug/net8.0/buckscience.tests.dll" id="e59f6969-24d1-ee70-57fe-d99344040a63">
      <Execution id="e40dc481-15dc-4ff5-bb18-dbc0406dd80a" />
      <TestMethod codeBase="/home/runner/work/BuckScienceApp/BuckScienceApp/tests/BuckScience.Tests/bin/Debug/net8.0/BuckScience.Tests.dll" adapterTypeName="executor://xunit/VsTestRunner2/netcoreapp" className="BuckScience.Tests.DirectionHelperTests" name="ToFloat_ShouldReturnCorrectDegrees" />
    </UnitTest>
    <UnitTest name="BuckScience.Tests.Web.Helpers.WeatherHelpersTests.ConvertMoonPhaseTextToNumeric_ValidText_ReturnsCorrectValue(text: &quot;Waning Crescent&quot;, expected: 0.875)" storage="/home/runner/work/buckscienceapp/buckscienceapp/tests/buckscience.tests/bin/debug/net8.0/buckscience.tests.dll" id="dfe6a45f-34c2-c767-91dd-1f8de6538cc0">
      <Execution id="4d63c571-d737-416c-9365-321162b4dc17" />
      <TestMethod codeBase="/home/runner/work/BuckScienceApp/BuckScienceApp/tests/BuckScience.Tests/bin/Debug/net8.0/BuckScience.Tests.dll" adapterTypeName="executor://xunit/VsTestRunner2/netcoreapp" className="BuckScience.Tests.Web.Helpers.WeatherHelpersTests" name="ConvertMoonPhaseTextToNumeric_ValidText_ReturnsCorrectValue" />
    </UnitTest>
    <UnitTest name="BuckScience.Tests.Application.SeasonMonthMappingServiceTests.GetPrimarySeasonForDateAsync_DefaultMappings_ReturnsExpectedSeason(month: 11, expectedSeason: Rut)" storage="/home/runner/work/buckscienceapp/buckscienceapp/tests/buckscience.tests/bin/debug/net8.0/buckscience.tests.dll" id="1081f476-b46f-b748-a843-410e7a84ac42">
      <Execution id="8c982be5-d2a5-4f2e-8ad6-fad0a33aaeb4" />
      <TestMethod codeBase="/home/runner/work/BuckScienceApp/BuckScienceApp/tests/BuckScience.Tests/bin/Debug/net8.0/BuckScience.Tests.dll" adapterTypeName="executor://xunit/VsTestRunner2/netcoreapp" className="BuckScience.Tests.Application.SeasonMonthMappingServiceTests" name="GetPrimarySeasonForDateAsync_DefaultMappings_ReturnsExpectedSeason" />
    </UnitTest>
    <UnitTest name="BuckScience.Tests.Domain.FeatureWeightTests.FeatureWeightHelper_GetCategory_ReturnsCorrectCategory(type: Creek, expectedCategory: ResourceWater)" storage="/home/runner/work/buckscienceapp/buckscienceapp/tests/buckscience.tests/bin/debug/net8.0/buckscience.tests.dll" id="1d2cb59d-b905-737a-61a2-6d873910d1e1">
      <Execution id="a6a3289f-0b7f-4261-88dc-b829149560ed" />
      <TestMethod codeBase="/home/runner/work/BuckScienceApp/BuckScienceApp/tests/BuckScience.Tests/bin/Debug/net8.0/BuckScience.Tests.dll" adapterTypeName="executor://xunit/VsTestRunner2/netcoreapp" className="BuckScience.Tests.Domain.FeatureWeightTests" name="FeatureWeightHelper_GetCategory_ReturnsCorrectCategory" />
    </UnitTest>
    <UnitTest name="BuckScience.Tests.Application.PropertyFeatureApplicationTests.UpdatePropertyFeature_WithInvalidWeight_ThrowsArgumentOutOfRangeException" storage="/home/runner/work/buckscienceapp/buckscienceapp/tests/buckscience.tests/bin/debug/net8.0/buckscience.tests.dll" id="1346760c-63cd-b7f1-1c05-6d40bed27cce">
      <Execution id="79a8db2b-9498-4546-bcd0-eaa57ddabcd4" />
      <TestMethod codeBase="/home/runner/work/BuckScienceApp/BuckScienceApp/tests/BuckScience.Tests/bin/Debug/net8.0/BuckScience.Tests.dll" adapterTypeName="executor://xunit/VsTestRunner2/netcoreapp" className="BuckScience.Tests.Application.PropertyFeatureApplicationTests" name="UpdatePropertyFeature_WithInvalidWeight_ThrowsArgumentOutOfRangeException" />
    </UnitTest>
    <UnitTest name="BuckScience.Tests.Application.SeasonMonthMappingServiceTests.GetActiveSeasonsForDateAsync_WithPropertyOverride_ReturnsCustomSeasons" storage="/home/runner/work/buckscienceapp/buckscienceapp/tests/buckscience.tests/bin/debug/net8.0/buckscience.tests.dll" id="3c9f33d5-2d26-423b-1412-b916bd1412ce">
      <Execution id="e4b85d0f-e43f-49f2-96e5-e4487449e8dc" />
      <TestMethod codeBase="/home/runner/work/BuckScienceApp/BuckScienceApp/tests/BuckScience.Tests/bin/Debug/net8.0/BuckScience.Tests.dll" adapterTypeName="executor://xunit/VsTestRunner2/netcoreapp" className="BuckScience.Tests.Application.SeasonMonthMappingServiceTests" name="GetActiveSeasonsForDateAsync_WithPropertyOverride_ReturnsCustomSeasons" />
    </UnitTest>
    <UnitTest name="BuckScience.Tests.FeatureHelperTests.FeatureNames_ShouldContainAllClassificationTypes" storage="/home/runner/work/buckscienceapp/buckscienceapp/tests/buckscience.tests/bin/debug/net8.0/buckscience.tests.dll" id="5ad698c0-31c3-b3d2-caa9-9fa5ad866948">
      <Execution id="e8e6e752-bb4e-4869-a056-e5969c234ce8" />
      <TestMethod codeBase="/home/runner/work/BuckScienceApp/BuckScienceApp/tests/BuckScience.Tests/bin/Debug/net8.0/BuckScience.Tests.dll" adapterTypeName="executor://xunit/VsTestRunner2/netcoreapp" className="BuckScience.Tests.FeatureHelperTests" name="FeatureNames_ShouldContainAllClassificationTypes" />
    </UnitTest>
    <UnitTest name="BuckScience.Tests.Application.FeatureWeights.GetFeatureWeightsDateResolutionTests.HandleAsync_WithDate_DefaultMappings_ResolvesExpectedPrimarySeason(month: 9, expectedPrimarySeason: EarlySeason)" storage="/home/runner/work/buckscienceapp/buckscienceapp/tests/buckscience.tests/bin/debug/net8.0/buckscience.tests.dll" id="f9384c4f-aa2b-58de-b1ef-2b7bf3f8d2db">
      <Execution id="c833874e-4f94-45a0-9cdf-505d2078d0c3" />
      <TestMethod codeBase="/home/runner/work/BuckScienceApp/BuckScienceApp/tests/BuckScience.Tests/bin/Debug/net8.0/BuckScience.Tests.dll" adapterTypeName="executor://xunit/VsTestRunner2/netcoreapp" className="BuckScience.Tests.Application.FeatureWeights.GetFeatureWeightsDateResolutionTests" name="HandleAsync_WithDate_DefaultMappings_ResolvesExpectedPrimarySeason" />
    </UnitTest>
    <UnitTest name="BuckScience.Tests.PhotoFilteringUrlExamples.BuildFilters_UrlParameters_ShouldParseCorrectly(urlParams: &quot;tempMin=20&quot;, expectedTempMin: 20, expectedTempMax: null, expectedWindMin: null, expectedWindMax: null)" storage="/home/runner/work/buckscienceapp/buckscienceapp/tests/buckscience.tests/bin/debug/net8.0/buckscience.tests.dll" id="69b65817-cd82-0a96-5e68-ab587e27eb95">
      <Execution id="b91df9b2-e5e7-4a8d-ab74-1599ce64a349" />
      <TestMethod codeBase="/home/runner/work/BuckScienceApp/BuckScienceApp/tests/BuckScience.Tests/bin/Debug/net8.0/BuckScience.Tests.dll" adapterTypeName="executor://xunit/VsTestRunner2/netcoreapp" className="BuckScience.Tests.PhotoFilteringUrlExamples" name="BuildFilters_UrlParameters_ShouldParseCorrectly" />
    </UnitTest>
    <UnitTest name="BuckScience.Tests.Web.Helpers.WeatherHelpersTests.ConvertWindDirectionToText_VariousAngles_ReturnsCorrectDirection(degrees: 11.25, expected: &quot;NNE&quot;)" storage="/home/runner/work/buckscienceapp/buckscienceapp/tests/buckscience.tests/bin/debug/net8.0/buckscience.tests.dll" id="59d49ae8-fe17-c8a4-30e6-e31bf9671e6d">
      <Execution id="949191f8-b348-4b30-8ae5-9e2895e3980b" />
      <TestMethod codeBase="/home/runner/work/BuckScienceApp/BuckScienceApp/tests/BuckScience.Tests/bin/Debug/net8.0/BuckScience.Tests.dll" adapterTypeName="executor://xunit/VsTestRunner2/netcoreapp" className="BuckScience.Tests.Web.Helpers.WeatherHelpersTests" name="ConvertWindDirectionToText_VariousAngles_ReturnsCorrectDirection" />
    </UnitTest>
    <UnitTest name="BuckScience.Tests.Domain.SeasonExtensionsTests.GetDefaultMonths_ReturnsArrayCopy_PreventsMutation" storage="/home/runner/work/buckscienceapp/buckscienceapp/tests/buckscience.tests/bin/debug/net8.0/buckscience.tests.dll" id="29c59d8d-b92b-cfb2-1c78-b6b82406cb09">
      <Execution id="8a1beab6-c80f-40a1-a651-347ff405751e" />
      <TestMethod codeBase="/home/runner/work/BuckScienceApp/BuckScienceApp/tests/BuckScience.Tests/bin/Debug/net8.0/BuckScience.Tests.dll" adapterTypeName="executor://xunit/VsTestRunner2/netcoreapp" className="BuckScience.Tests.Domain.SeasonExtensionsTests" name="GetDefaultMonths_ReturnsArrayCopy_PreventsMutation" />
    </UnitTest>
    <UnitTest name="BuckScience.Tests.PhotoPlacementHistoryTests.Photo_SetCameraPlacementHistory_ShouldThrowForInvalidId" storage="/home/runner/work/buckscienceapp/buckscienceapp/tests/buckscience.tests/bin/debug/net8.0/buckscience.tests.dll" id="87537a65-edc4-293b-e0c7-ff87f3dc8e79">
      <Execution id="9c861f32-b2f0-42d4-92cd-e80b41f07c8f" />
      <TestMethod codeBase="/home/runner/work/BuckScienceApp/BuckScienceApp/tests/BuckScience.Tests/bin/Debug/net8.0/BuckScience.Tests.dll" adapterTypeName="executor://xunit/VsTestRunner2/netcoreapp" className="BuckScience.Tests.PhotoPlacementHistoryTests" name="Photo_SetCameraPlacementHistory_ShouldThrowForInvalidId" />
    </UnitTest>
    <UnitTest name="BuckScience.Tests.TagCleanupTests.RemoveTagFromPhotos_ShouldCleanupPropertyTag_WhenNoOtherPhotosOnPropertyUseTag" storage="/home/runner/work/buckscienceapp/buckscienceapp/tests/buckscience.tests/bin/debug/net8.0/buckscience.tests.dll" id="d10743fd-41b6-9a87-757a-05484dce75fb">
      <Execution id="2895e9c1-197b-4cf8-ab74-8ba120f1c3ef" />
      <TestMethod codeBase="/home/runner/work/BuckScienceApp/BuckScienceApp/tests/BuckScience.Tests/bin/Debug/net8.0/BuckScience.Tests.dll" adapterTypeName="executor://xunit/VsTestRunner2/netcoreapp" className="BuckScience.Tests.TagCleanupTests" name="RemoveTagFromPhotos_ShouldCleanupPropertyTag_WhenNoOtherPhotosOnPropertyUseTag" />
    </UnitTest>
    <UnitTest name="BuckScience.Tests.TaggingSystemTests.GetOrCreateTag_ShouldThrowException_WhenTagNameIsInvalid(invalidTagName: &quot;&quot;)" storage="/home/runner/work/buckscienceapp/buckscienceapp/tests/buckscience.tests/bin/debug/net8.0/buckscience.tests.dll" id="f2a53262-1031-8641-ce23-2061a5c39410">
      <Execution id="daff4386-f154-4a71-bcf1-7878696802b0" />
      <TestMethod codeBase="/home/runner/work/BuckScienceApp/BuckScienceApp/tests/BuckScience.Tests/bin/Debug/net8.0/BuckScience.Tests.dll" adapterTypeName="executor://xunit/VsTestRunner2/netcoreapp" className="BuckScience.Tests.TaggingSystemTests" name="GetOrCreateTag_ShouldThrowException_WhenTagNameIsInvalid" />
    </UnitTest>
    <UnitTest name="BuckScience.Tests.Domain.MonthsAttributeTests.MonthsAttribute_Constructor_WithInvalidMonth_ThrowsArgumentOutOfRangeException(invalidMonth: 0)" storage="/home/runner/work/buckscienceapp/buckscienceapp/tests/buckscience.tests/bin/debug/net8.0/buckscience.tests.dll" id="68647ad1-4f74-1b97-159d-5659e9979e01">
      <Execution id="60f31088-7c2a-4d6d-9016-3d536c19ddc5" />
      <TestMethod codeBase="/home/runner/work/BuckScienceApp/BuckScienceApp/tests/BuckScience.Tests/bin/Debug/net8.0/BuckScience.Tests.dll" adapterTypeName="executor://xunit/VsTestRunner2/netcoreapp" className="BuckScience.Tests.Domain.MonthsAttributeTests" name="MonthsAttribute_Constructor_WithInvalidMonth_ThrowsArgumentOutOfRangeException" />
    </UnitTest>
    <UnitTest name="BuckScience.Tests.PhotoPlacementHistoryTests.Photo_SetCameraPlacementHistory_ShouldSetValue" storage="/home/runner/work/buckscienceapp/buckscienceapp/tests/buckscience.tests/bin/debug/net8.0/buckscience.tests.dll" id="3d204cd7-14f8-bc71-3ad1-38415f6304bc">
      <Execution id="4093b7c6-2add-40a1-800f-e91e1bd7b012" />
      <TestMethod codeBase="/home/runner/work/BuckScienceApp/BuckScienceApp/tests/BuckScience.Tests/bin/Debug/net8.0/BuckScience.Tests.dll" adapterTypeName="executor://xunit/VsTestRunner2/netcoreapp" className="BuckScience.Tests.PhotoPlacementHistoryTests" name="Photo_SetCameraPlacementHistory_ShouldSetValue" />
    </UnitTest>
    <UnitTest name="BuckScience.Tests.Web.Helpers.WeatherHelpersTests.ConvertWindDirectionTextToNumeric_ValidDirections_ReturnsCorrectDegrees(direction: &quot;NE&quot;, expected: 45)" storage="/home/runner/work/buckscienceapp/buckscienceapp/tests/buckscience.tests/bin/debug/net8.0/buckscience.tests.dll" id="df8d3f6f-dec6-fe48-30b1-4504bb2aa651">
      <Execution id="98a2b320-6fbf-4ab6-9ffe-ad6e334981e3" />
      <TestMethod codeBase="/home/runner/work/BuckScienceApp/BuckScienceApp/tests/BuckScience.Tests/bin/Debug/net8.0/BuckScience.Tests.dll" adapterTypeName="executor://xunit/VsTestRunner2/netcoreapp" className="BuckScience.Tests.Web.Helpers.WeatherHelpersTests" name="ConvertWindDirectionTextToNumeric_ValidDirections_ReturnsCorrectDegrees" />
    </UnitTest>
    <UnitTest name="BuckScience.Tests.Domain.FeatureWeightTests.FeatureWeight_IsCustom_DefaultsToFalse" storage="/home/runner/work/buckscienceapp/buckscienceapp/tests/buckscience.tests/bin/debug/net8.0/buckscience.tests.dll" id="f34471f4-815a-4ec3-4038-5fedcb003a99">
      <Execution id="7118184b-3677-45a1-87dc-ce2313f06d22" />
      <TestMethod codeBase="/home/runner/work/BuckScienceApp/BuckScienceApp/tests/BuckScience.Tests/bin/Debug/net8.0/BuckScience.Tests.dll" adapterTypeName="executor://xunit/VsTestRunner2/netcoreapp" className="BuckScience.Tests.Domain.FeatureWeightTests" name="FeatureWeight_IsCustom_DefaultsToFalse" />
    </UnitTest>
    <UnitTest name="BuckScience.Tests.WeatherBatchProcessingTests.WeatherService_ShouldRoundCoordinatesConsistently" storage="/home/runner/work/buckscienceapp/buckscienceapp/tests/buckscience.tests/bin/debug/net8.0/buckscience.tests.dll" id="b1f41500-5f15-b967-f0a8-55e935ea7819">
      <Execution id="6fc65d62-df11-43fa-88a2-262b1e0d7c68" />
      <TestMethod codeBase="/home/runner/work/BuckScienceApp/BuckScienceApp/tests/BuckScience.Tests/bin/Debug/net8.0/BuckScience.Tests.dll" adapterTypeName="executor://xunit/VsTestRunner2/netcoreapp" className="BuckScience.Tests.WeatherBatchProcessingTests" name="WeatherService_ShouldRoundCoordinatesConsistently" />
    </UnitTest>
    <UnitTest name="BuckScience.Tests.Domain.PropertySeasonMonthsOverrideTests.PropertySeasonMonthsOverride_SetMonths_WithEmptyArray_ClearsMonths" storage="/home/runner/work/buckscienceapp/buckscienceapp/tests/buckscience.tests/bin/debug/net8.0/buckscience.tests.dll" id="75f4d661-9754-0157-eb91-1cb0c3ea30c4">
      <Execution id="39a8c686-83e5-476f-8151-ad4b6602f075" />
      <TestMethod codeBase="/home/runner/work/BuckScienceApp/BuckScienceApp/tests/BuckScience.Tests/bin/Debug/net8.0/BuckScience.Tests.dll" adapterTypeName="executor://xunit/VsTestRunner2/netcoreapp" className="BuckScience.Tests.Domain.PropertySeasonMonthsOverrideTests" name="PropertySeasonMonthsOverride_SetMonths_WithEmptyArray_ClearsMonths" />
    </UnitTest>
    <UnitTest name="BuckScience.Tests.DirectionHelperTests.FromFloat_ShouldReturnCorrectDirection(degrees: 225, expectedDirection: SW)" storage="/home/runner/work/buckscienceapp/buckscienceapp/tests/buckscience.tests/bin/debug/net8.0/buckscience.tests.dll" id="88b5a428-7422-548a-ca90-5bd2a62420ae">
      <Execution id="b64e1c7e-2e4f-46a8-b01f-58de95b2cfa2" />
      <TestMethod codeBase="/home/runner/work/BuckScienceApp/BuckScienceApp/tests/BuckScience.Tests/bin/Debug/net8.0/BuckScience.Tests.dll" adapterTypeName="executor://xunit/VsTestRunner2/netcoreapp" className="BuckScience.Tests.DirectionHelperTests" name="FromFloat_ShouldReturnCorrectDirection" />
    </UnitTest>
    <UnitTest name="BuckScience.Tests.Web.Helpers.WeatherHelpersTests.ConvertWindDirectionToText_VariousAngles_ReturnsCorrectDirection(degrees: 11.24, expected: &quot;N&quot;)" storage="/home/runner/work/buckscienceapp/buckscienceapp/tests/buckscience.tests/bin/debug/net8.0/buckscience.tests.dll" id="b8a41320-c868-9123-86b4-03e71d0ff6ef">
      <Execution id="f4464f0e-3554-43bb-a494-faffdea945eb" />
      <TestMethod codeBase="/home/runner/work/BuckScienceApp/BuckScienceApp/tests/BuckScience.Tests/bin/Debug/net8.0/BuckScience.Tests.dll" adapterTypeName="executor://xunit/VsTestRunner2/netcoreapp" className="BuckScience.Tests.Web.Helpers.WeatherHelpersTests" name="ConvertWindDirectionToText_VariousAngles_ReturnsCorrectDirection" />
    </UnitTest>
    <UnitTest name="BuckScience.Tests.Domain.PropertySeasonMonthsOverrideTests.PropertySeasonMonthsOverride_Constructor_WithInvalidMonths_ThrowsArgumentOutOfRangeException(invalidMonths: [0])" storage="/home/runner/work/buckscienceapp/buckscienceapp/tests/buckscience.tests/bin/debug/net8.0/buckscience.tests.dll" id="2e93bee1-fb36-0850-7490-5577524da5c2">
      <Execution id="63d24898-012f-4bd4-9803-defd0e4b71ca" />
      <TestMethod codeBase="/home/runner/work/BuckScienceApp/BuckScienceApp/tests/BuckScience.Tests/bin/Debug/net8.0/BuckScience.Tests.dll" adapterTypeName="executor://xunit/VsTestRunner2/netcoreapp" className="BuckScience.Tests.Domain.PropertySeasonMonthsOverrideTests" name="PropertySeasonMonthsOverride_Constructor_WithInvalidMonths_ThrowsArgumentOutOfRangeException" />
    </UnitTest>
    <UnitTest name="BuckScience.Tests.TaggingIntegrationTests.EndToEndTaggingWorkflow_ShouldWorkCorrectly" storage="/home/runner/work/buckscienceapp/buckscienceapp/tests/buckscience.tests/bin/debug/net8.0/buckscience.tests.dll" id="46a7f553-bbcf-0c84-0101-71d2924c06c9">
      <Execution id="e5b28436-0ca6-4f0f-a68b-7260512770e4" />
      <TestMethod codeBase="/home/runner/work/BuckScienceApp/BuckScienceApp/tests/BuckScience.Tests/bin/Debug/net8.0/BuckScience.Tests.dll" adapterTypeName="executor://xunit/VsTestRunner2/netcoreapp" className="BuckScience.Tests.TaggingIntegrationTests" name="EndToEndTaggingWorkflow_ShouldWorkCorrectly" />
    </UnitTest>
    <UnitTest name="BuckScience.Tests.Web.Helpers.WeatherHelpersTests.ConvertMoonPhaseTextToNumeric_InvalidText_ReturnsNull(text: &quot;Invalid Phase&quot;)" storage="/home/runner/work/buckscienceapp/buckscienceapp/tests/buckscience.tests/bin/debug/net8.0/buckscience.tests.dll" id="e531c44f-a81a-259c-843c-505a398d8b55">
      <Execution id="cdbdbe0f-f7ca-4978-8d1d-0e6da47ac9c1" />
      <TestMethod codeBase="/home/runner/work/BuckScienceApp/BuckScienceApp/tests/BuckScience.Tests/bin/Debug/net8.0/BuckScience.Tests.dll" adapterTypeName="executor://xunit/VsTestRunner2/netcoreapp" className="BuckScience.Tests.Web.Helpers.WeatherHelpersTests" name="ConvertMoonPhaseTextToNumeric_InvalidText_ReturnsNull" />
    </UnitTest>
    <UnitTest name="BuckScience.Tests.Domain.PropertySeasonMonthsOverrideTests.PropertySeasonMonthsOverride_GetMonths_WithCorruptedJson_ReturnsNull" storage="/home/runner/work/buckscienceapp/buckscienceapp/tests/buckscience.tests/bin/debug/net8.0/buckscience.tests.dll" id="08260a64-8541-0630-0fbb-fef9aaa19f85">
      <Execution id="ffcfec1c-9186-47a8-86fd-e23426fd6404" />
      <TestMethod codeBase="/home/runner/work/BuckScienceApp/BuckScienceApp/tests/BuckScience.Tests/bin/Debug/net8.0/BuckScience.Tests.dll" adapterTypeName="executor://xunit/VsTestRunner2/netcoreapp" className="BuckScience.Tests.Domain.PropertySeasonMonthsOverrideTests" name="PropertySeasonMonthsOverride_GetMonths_WithCorruptedJson_ReturnsNull" />
    </UnitTest>
    <UnitTest name="BuckScience.Tests.PhotoFilteringUrlExamples.BuildFilters_UrlParameters_ShouldParseCorrectly(urlParams: &quot;tempMax=25&quot;, expectedTempMin: null, expectedTempMax: 25, expectedWindMin: null, expectedWindMax: null)" storage="/home/runner/work/buckscienceapp/buckscienceapp/tests/buckscience.tests/bin/debug/net8.0/buckscience.tests.dll" id="78fd4f15-08d5-878b-fd2a-dd2d3bcc8384">
      <Execution id="6b90b308-efeb-4ae9-95a9-07900191b159" />
      <TestMethod codeBase="/home/runner/work/BuckScienceApp/BuckScienceApp/tests/BuckScience.Tests/bin/Debug/net8.0/BuckScience.Tests.dll" adapterTypeName="executor://xunit/VsTestRunner2/netcoreapp" className="BuckScience.Tests.PhotoFilteringUrlExamples" name="BuildFilters_UrlParameters_ShouldParseCorrectly" />
    </UnitTest>
    <UnitTest name="BuckScience.Tests.Web.Helpers.WeatherHelpersTests.ConvertWindDirectionTextToNumeric_InvalidText_ReturnsNull(direction: &quot;&quot;)" storage="/home/runner/work/buckscienceapp/buckscienceapp/tests/buckscience.tests/bin/debug/net8.0/buckscience.tests.dll" id="8f75422e-f196-d0f3-b885-da9f9acf8fde">
      <Execution id="9b626032-e24a-47ef-adce-0ec657b55779" />
      <TestMethod codeBase="/home/runner/work/BuckScienceApp/BuckScienceApp/tests/BuckScience.Tests/bin/Debug/net8.0/BuckScience.Tests.dll" adapterTypeName="executor://xunit/VsTestRunner2/netcoreapp" className="BuckScience.Tests.Web.Helpers.WeatherHelpersTests" name="ConvertWindDirectionTextToNumeric_InvalidText_ReturnsNull" />
    </UnitTest>
    <UnitTest name="BuckScience.Tests.PhotoFilteringUrlExamples.BuildFilters_ConditionsParameters_ShouldParseCorrectly(conditions: &quot;Clear,Cloudy&quot;, expectedConditions: [&quot;Clear&quot;, &quot;Cloudy&quot;])" storage="/home/runner/work/buckscienceapp/buckscienceapp/tests/buckscience.tests/bin/debug/net8.0/buckscience.tests.dll" id="477057b0-3b6f-36a4-06fc-1b03c23a4da7">
      <Execution id="a57f9327-aad7-49f3-9922-c8c1ff7217ef" />
      <TestMethod codeBase="/home/runner/work/BuckScienceApp/BuckScienceApp/tests/BuckScience.Tests/bin/Debug/net8.0/BuckScience.Tests.dll" adapterTypeName="executor://xunit/VsTestRunner2/netcoreapp" className="BuckScience.Tests.PhotoFilteringUrlExamples" name="BuildFilters_ConditionsParameters_ShouldParseCorrectly" />
    </UnitTest>
    <UnitTest name="BuckScience.Tests.Domain.FeatureWeightTests.FeatureWeight_ResetToDefault_UpdatesTimestamp" storage="/home/runner/work/buckscienceapp/buckscienceapp/tests/buckscience.tests/bin/debug/net8.0/buckscience.tests.dll" id="c7c0db12-a7c7-5d4d-aeb3-925cdb576fb9">
      <Execution id="4fc68492-3aa6-4ffb-b2d7-cb122d8e5f0c" />
      <TestMethod codeBase="/home/runner/work/BuckScienceApp/BuckScienceApp/tests/BuckScience.Tests/bin/Debug/net8.0/BuckScience.Tests.dll" adapterTypeName="executor://xunit/VsTestRunner2/netcoreapp" className="BuckScience.Tests.Domain.FeatureWeightTests" name="FeatureWeight_ResetToDefault_UpdatesTimestamp" />
    </UnitTest>
    <UnitTest name="BuckScience.Tests.Web.Helpers.WeatherHelpersTests.ConvertMoonPhaseToText_VariousValues_ReturnsCorrectText(phase: 0.59999999999999998, expected: &quot;Waning Gibbous&quot;)" storage="/home/runner/work/buckscienceapp/buckscienceapp/tests/buckscience.tests/bin/debug/net8.0/buckscience.tests.dll" id="48d95b96-b471-deb8-51bf-62c5a89928a2">
      <Execution id="f697fd45-41db-4565-886b-774f02cbb28a" />
      <TestMethod codeBase="/home/runner/work/BuckScienceApp/BuckScienceApp/tests/BuckScience.Tests/bin/Debug/net8.0/BuckScience.Tests.dll" adapterTypeName="executor://xunit/VsTestRunner2/netcoreapp" className="BuckScience.Tests.Web.Helpers.WeatherHelpersTests" name="ConvertMoonPhaseToText_VariousValues_ReturnsCorrectText" />
    </UnitTest>
    <UnitTest name="BuckScience.Tests.CameraPlacementHistoryTests.CameraEditVm_ShouldIncludeDirectionDegrees" storage="/home/runner/work/buckscienceapp/buckscienceapp/tests/buckscience.tests/bin/debug/net8.0/buckscience.tests.dll" id="42b838e4-a515-a0a8-9201-8a5607fcd950">
      <Execution id="15519c51-a0ef-40eb-81f6-e5ffea32a94e" />
      <TestMethod codeBase="/home/runner/work/BuckScienceApp/BuckScienceApp/tests/BuckScience.Tests/bin/Debug/net8.0/BuckScience.Tests.dll" adapterTypeName="executor://xunit/VsTestRunner2/netcoreapp" className="BuckScience.Tests.CameraPlacementHistoryTests" name="CameraEditVm_ShouldIncludeDirectionDegrees" />
    </UnitTest>
    <UnitTest name="BuckScience.Tests.Domain.FeatureWeightTests.FeatureWeight_SetSeasonalWeights_WithNullSetsIsCustomToFalse" storage="/home/runner/work/buckscienceapp/buckscienceapp/tests/buckscience.tests/bin/debug/net8.0/buckscience.tests.dll" id="0bff2ecc-4f41-029d-f57b-08de3b707d06">
      <Execution id="ee82380a-7dc0-4fb4-8445-5949fc9f4a0b" />
      <TestMethod codeBase="/home/runner/work/BuckScienceApp/BuckScienceApp/tests/BuckScience.Tests/bin/Debug/net8.0/BuckScience.Tests.dll" adapterTypeName="executor://xunit/VsTestRunner2/netcoreapp" className="BuckScience.Tests.Domain.FeatureWeightTests" name="FeatureWeight_SetSeasonalWeights_WithNullSetsIsCustomToFalse" />
    </UnitTest>
    <UnitTest name="BuckScience.Tests.Domain.FeatureWeightTests.FeatureWeightHelper_GetCategory_ReturnsCorrectCategory(type: BeddingArea, expectedCategory: ResourceBedding)" storage="/home/runner/work/buckscienceapp/buckscienceapp/tests/buckscience.tests/bin/debug/net8.0/buckscience.tests.dll" id="0df754ab-3374-deab-a269-326e3752e38a">
      <Execution id="4336d133-7c94-4527-9e5b-e71e7d9f1f2a" />
      <TestMethod codeBase="/home/runner/work/BuckScienceApp/BuckScienceApp/tests/BuckScience.Tests/bin/Debug/net8.0/BuckScience.Tests.dll" adapterTypeName="executor://xunit/VsTestRunner2/netcoreapp" className="BuckScience.Tests.Domain.FeatureWeightTests" name="FeatureWeightHelper_GetCategory_ReturnsCorrectCategory" />
    </UnitTest>
    <UnitTest name="BuckScience.Tests.Application.SeasonMonthMappingServiceTests.HybridLogic_FallsBackToDefaults_WhenOverrideIsInvalid" storage="/home/runner/work/buckscienceapp/buckscienceapp/tests/buckscience.tests/bin/debug/net8.0/buckscience.tests.dll" id="83f86451-fb52-b95e-1b52-9f97603c1dd2">
      <Execution id="5c1202f9-b7c6-40fa-af1a-b296e40d6a31" />
      <TestMethod codeBase="/home/runner/work/BuckScienceApp/BuckScienceApp/tests/BuckScience.Tests/bin/Debug/net8.0/BuckScience.Tests.dll" adapterTypeName="executor://xunit/VsTestRunner2/netcoreapp" className="BuckScience.Tests.Application.SeasonMonthMappingServiceTests" name="HybridLogic_FallsBackToDefaults_WhenOverrideIsInvalid" />
    </UnitTest>
    <UnitTest name="BuckScience.Tests.Application.Profiles.ProfileCrudTests.GetProfile_ValidId_ReturnsProfile" storage="/home/runner/work/buckscienceapp/buckscienceapp/tests/buckscience.tests/bin/debug/net8.0/buckscience.tests.dll" id="19df813d-aa7e-5539-ce76-ba8a68683016">
      <Execution id="c3bfa660-ae15-48cb-b99f-57a49ac09d4d" />
      <TestMethod codeBase="/home/runner/work/BuckScienceApp/BuckScienceApp/tests/BuckScience.Tests/bin/Debug/net8.0/BuckScience.Tests.dll" adapterTypeName="executor://xunit/VsTestRunner2/netcoreapp" className="BuckScience.Tests.Application.Profiles.ProfileCrudTests" name="GetProfile_ValidId_ReturnsProfile" />
    </UnitTest>
    <UnitTest name="BuckScience.Tests.CameraEditVmTests.CameraEditVm_ShouldSetAllProperties" storage="/home/runner/work/buckscienceapp/buckscienceapp/tests/buckscience.tests/bin/debug/net8.0/buckscience.tests.dll" id="93b0e2c3-3a46-c74b-dad5-afcb4f0bfcfa">
      <Execution id="d22dabc1-17b2-4310-be3e-8132ca807953" />
      <TestMethod codeBase="/home/runner/work/BuckScienceApp/BuckScienceApp/tests/BuckScience.Tests/bin/Debug/net8.0/BuckScience.Tests.dll" adapterTypeName="executor://xunit/VsTestRunner2/netcoreapp" className="BuckScience.Tests.CameraEditVmTests" name="CameraEditVm_ShouldSetAllProperties" />
    </UnitTest>
    <UnitTest name="BuckScience.Tests.Application.SeasonMonthMappingServiceTests.GetAllPropertyOverridesAsync_ReturnsEmptyDictionary_WhenNoOverrides" storage="/home/runner/work/buckscienceapp/buckscienceapp/tests/buckscience.tests/bin/debug/net8.0/buckscience.tests.dll" id="cd550bc2-0f86-e40a-cd18-9b7914553212">
      <Execution id="9139dda5-d809-4da3-879a-9ca3c34f9214" />
      <TestMethod codeBase="/home/runner/work/BuckScienceApp/BuckScienceApp/tests/BuckScience.Tests/bin/Debug/net8.0/BuckScience.Tests.dll" adapterTypeName="executor://xunit/VsTestRunner2/netcoreapp" className="BuckScience.Tests.Application.SeasonMonthMappingServiceTests" name="GetAllPropertyOverridesAsync_ReturnsEmptyDictionary_WhenNoOverrides" />
    </UnitTest>
    <UnitTest name="BuckScience.Tests.Web.Helpers.WeatherHelpersTests.ConvertWindDirectionToText_RoundTrip_MaintainsAccuracy" storage="/home/runner/work/buckscienceapp/buckscienceapp/tests/buckscience.tests/bin/debug/net8.0/buckscience.tests.dll" id="f36a8701-085e-04e9-1108-0b102bccb765">
      <Execution id="425219c5-6de5-4d1d-aee5-5bdd8d691086" />
      <TestMethod codeBase="/home/runner/work/BuckScienceApp/BuckScienceApp/tests/BuckScience.Tests/bin/Debug/net8.0/BuckScience.Tests.dll" adapterTypeName="executor://xunit/VsTestRunner2/netcoreapp" className="BuckScience.Tests.Web.Helpers.WeatherHelpersTests" name="ConvertWindDirectionToText_RoundTrip_MaintainsAccuracy" />
    </UnitTest>
    <UnitTest name="BuckScience.Tests.Domain.PropertyFeatureTests.Constructor_WithNullWeight_SetsWeightToNull" storage="/home/runner/work/buckscienceapp/buckscienceapp/tests/buckscience.tests/bin/debug/net8.0/buckscience.tests.dll" id="5d068b70-09ca-86be-04bc-7a667c7e0484">
      <Execution id="9f5e6dd0-69d6-4655-b3b1-a3a688d65eb1" />
      <TestMethod codeBase="/home/runner/work/BuckScienceApp/BuckScienceApp/tests/BuckScience.Tests/bin/Debug/net8.0/BuckScience.Tests.dll" adapterTypeName="executor://xunit/VsTestRunner2/netcoreapp" className="BuckScience.Tests.Domain.PropertyFeatureTests" name="Constructor_WithNullWeight_SetsWeightToNull" />
    </UnitTest>
    <UnitTest name="BuckScience.Tests.Domain.PropertyFeatureTests.Constructor_WithoutWeight_SetsWeightToNull" storage="/home/runner/work/buckscienceapp/buckscienceapp/tests/buckscience.tests/bin/debug/net8.0/buckscience.tests.dll" id="9660e9b2-80f8-e700-08d8-e0b7717e9f85">
      <Execution id="dbde0d77-d0ee-40b1-b104-5254627b96ab" />
      <TestMethod codeBase="/home/runner/work/BuckScienceApp/BuckScienceApp/tests/BuckScience.Tests/bin/Debug/net8.0/BuckScience.Tests.dll" adapterTypeName="executor://xunit/VsTestRunner2/netcoreapp" className="BuckScience.Tests.Domain.PropertyFeatureTests" name="Constructor_WithoutWeight_SetsWeightToNull" />
    </UnitTest>
    <UnitTest name="BuckScience.Tests.FeatureHelperTests.GetFeatureIcon_ShouldReturnCorrectIcons" storage="/home/runner/work/buckscienceapp/buckscienceapp/tests/buckscience.tests/bin/debug/net8.0/buckscience.tests.dll" id="1393749b-9888-f339-bbe0-fe7c36d53117">
      <Execution id="4acfee9a-1706-459e-a0b3-302b84107efe" />
      <TestMethod codeBase="/home/runner/work/BuckScienceApp/BuckScienceApp/tests/BuckScience.Tests/bin/Debug/net8.0/BuckScience.Tests.dll" adapterTypeName="executor://xunit/VsTestRunner2/netcoreapp" className="BuckScience.Tests.FeatureHelperTests" name="GetFeatureIcon_ShouldReturnCorrectIcons" />
    </UnitTest>
    <UnitTest name="BuckScience.Tests.Domain.FeatureWeightTests.FeatureWeight_GetEffectiveWeight_ReturnsSeasonalWeightWhenAvailable" storage="/home/runner/work/buckscienceapp/buckscienceapp/tests/buckscience.tests/bin/debug/net8.0/buckscience.tests.dll" id="ee1257ff-a5a9-5181-9e7b-d35ad6e89445">
      <Execution id="44288182-8444-4e3d-a9a3-3385ede0dae5" />
      <TestMethod codeBase="/home/runner/work/BuckScienceApp/BuckScienceApp/tests/BuckScience.Tests/bin/Debug/net8.0/BuckScience.Tests.dll" adapterTypeName="executor://xunit/VsTestRunner2/netcoreapp" className="BuckScience.Tests.Domain.FeatureWeightTests" name="FeatureWeight_GetEffectiveWeight_ReturnsSeasonalWeightWhenAvailable" />
    </UnitTest>
    <UnitTest name="BuckScience.Tests.Domain.FeatureWeightTests.FeatureWeight_UpdateDefaultWeight_ValidatesWeightRange" storage="/home/runner/work/buckscienceapp/buckscienceapp/tests/buckscience.tests/bin/debug/net8.0/buckscience.tests.dll" id="d619cb92-2daa-6482-f5e5-56eaf7f3851b">
      <Execution id="9723fb25-11d9-4b64-9942-ff43e585a206" />
      <TestMethod codeBase="/home/runner/work/BuckScienceApp/BuckScienceApp/tests/BuckScience.Tests/bin/Debug/net8.0/BuckScience.Tests.dll" adapterTypeName="executor://xunit/VsTestRunner2/netcoreapp" className="BuckScience.Tests.Domain.FeatureWeightTests" name="FeatureWeight_UpdateDefaultWeight_ValidatesWeightRange" />
    </UnitTest>
    <UnitTest name="BuckScience.Tests.Domain.PropertySeasonMonthsOverrideTests.PropertySeasonMonthsOverride_Constructor_WithInvalidPropertyId_ThrowsArgumentOutOfRangeException(invalidPropertyId: -100)" storage="/home/runner/work/buckscienceapp/buckscienceapp/tests/buckscience.tests/bin/debug/net8.0/buckscience.tests.dll" id="1da9127c-d651-72aa-5a84-7cfe9f562b5c">
      <Execution id="1ab03f9d-cbd8-4373-9c3e-faafc589cabe" />
      <TestMethod codeBase="/home/runner/work/BuckScienceApp/BuckScienceApp/tests/BuckScience.Tests/bin/Debug/net8.0/BuckScience.Tests.dll" adapterTypeName="executor://xunit/VsTestRunner2/netcoreapp" className="BuckScience.Tests.Domain.PropertySeasonMonthsOverrideTests" name="PropertySeasonMonthsOverride_Constructor_WithInvalidPropertyId_ThrowsArgumentOutOfRangeException" />
    </UnitTest>
    <UnitTest name="BuckScience.Tests.Domain.PropertySeasonMonthsOverrideTests.PropertySeasonMonthsOverride_RoundTripSerialization_MaintainsData(months: [6, 7, 8])" storage="/home/runner/work/buckscienceapp/buckscienceapp/tests/buckscience.tests/bin/debug/net8.0/buckscience.tests.dll" id="a9d39b02-2996-0d69-08ab-284d0ae0393a">
      <Execution id="4d242569-cf8b-4659-a9fc-906e36865b26" />
      <TestMethod codeBase="/home/runner/work/BuckScienceApp/BuckScienceApp/tests/BuckScience.Tests/bin/Debug/net8.0/BuckScience.Tests.dll" adapterTypeName="executor://xunit/VsTestRunner2/netcoreapp" className="BuckScience.Tests.Domain.PropertySeasonMonthsOverrideTests" name="PropertySeasonMonthsOverride_RoundTripSerialization_MaintainsData" />
    </UnitTest>
    <UnitTest name="BuckScience.Tests.CameraPlacementHistoryTests.Camera_Move_ShouldEndCurrentPlacementAndCreateNew" storage="/home/runner/work/buckscienceapp/buckscienceapp/tests/buckscience.tests/bin/debug/net8.0/buckscience.tests.dll" id="54dac1bc-0f72-9d60-bad7-07e4a0566a24">
      <Execution id="224cf16b-3c46-4a62-8ea3-873f4b264aaf" />
      <TestMethod codeBase="/home/runner/work/BuckScienceApp/BuckScienceApp/tests/BuckScience.Tests/bin/Debug/net8.0/BuckScience.Tests.dll" adapterTypeName="executor://xunit/VsTestRunner2/netcoreapp" className="BuckScience.Tests.CameraPlacementHistoryTests" name="Camera_Move_ShouldEndCurrentPlacementAndCreateNew" />
    </UnitTest>
    <UnitTest name="BuckScience.Tests.Application.SeasonMonthMappingServiceTests.GetPrimarySeasonForDateAsync_DefaultMappings_ReturnsExpectedSeason(month: 1, expectedSeason: LateSeason)" storage="/home/runner/work/buckscienceapp/buckscienceapp/tests/buckscience.tests/bin/debug/net8.0/buckscience.tests.dll" id="d322e661-5512-837b-be3c-27e6a4ac781f">
      <Execution id="d21abf8e-9bba-4db2-af21-57b267fad294" />
      <TestMethod codeBase="/home/runner/work/BuckScienceApp/BuckScienceApp/tests/BuckScience.Tests/bin/Debug/net8.0/BuckScience.Tests.dll" adapterTypeName="executor://xunit/VsTestRunner2/netcoreapp" className="BuckScience.Tests.Application.SeasonMonthMappingServiceTests" name="GetPrimarySeasonForDateAsync_DefaultMappings_ReturnsExpectedSeason" />
    </UnitTest>
    <UnitTest name="BuckScience.Tests.CameraPlacementHistoryTests.CameraCreateVm_ShouldIncludeDirectionDegrees" storage="/home/runner/work/buckscienceapp/buckscienceapp/tests/buckscience.tests/bin/debug/net8.0/buckscience.tests.dll" id="6d7b3d93-71ec-c074-924a-c624993f0b1a">
      <Execution id="6762af77-a83b-432d-894a-94977d9d6913" />
      <TestMethod codeBase="/home/runner/work/BuckScienceApp/BuckScienceApp/tests/BuckScience.Tests/bin/Debug/net8.0/BuckScience.Tests.dll" adapterTypeName="executor://xunit/VsTestRunner2/netcoreapp" className="BuckScience.Tests.CameraPlacementHistoryTests" name="CameraCreateVm_ShouldIncludeDirectionDegrees" />
    </UnitTest>
    <UnitTest name="BuckScience.Tests.Application.SeasonMonthMappingServiceTests.RemovePropertySeasonOverrideAsync_ReturnsFalse_WhenNoOverrideExists" storage="/home/runner/work/buckscienceapp/buckscienceapp/tests/buckscience.tests/bin/debug/net8.0/buckscience.tests.dll" id="45c0ed35-3801-fd39-72e9-842befa716d9">
      <Execution id="b1ac154d-01b5-409d-9829-140f6f39bc0f" />
      <TestMethod codeBase="/home/runner/work/BuckScienceApp/BuckScienceApp/tests/BuckScience.Tests/bin/Debug/net8.0/BuckScience.Tests.dll" adapterTypeName="executor://xunit/VsTestRunner2/netcoreapp" className="BuckScience.Tests.Application.SeasonMonthMappingServiceTests" name="RemovePropertySeasonOverrideAsync_ReturnsFalse_WhenNoOverrideExists" />
    </UnitTest>
    <UnitTest name="BuckScience.Tests.PhotoFilteringUrlExamples.BuildFilters_ConditionsParameters_ShouldParseCorrectly(conditions: &quot;Rainy&quot;, expectedConditions: [&quot;Rainy&quot;])" storage="/home/runner/work/buckscienceapp/buckscienceapp/tests/buckscience.tests/bin/debug/net8.0/buckscience.tests.dll" id="7aa5e31a-c407-5fc0-2788-70d3aa03acd3">
      <Execution id="e95f70d2-0d08-499f-909c-dd04c8bd9fd3" />
      <TestMethod codeBase="/home/runner/work/BuckScienceApp/BuckScienceApp/tests/BuckScience.Tests/bin/Debug/net8.0/BuckScience.Tests.dll" adapterTypeName="executor://xunit/VsTestRunner2/netcoreapp" className="BuckScience.Tests.PhotoFilteringUrlExamples" name="BuildFilters_ConditionsParameters_ShouldParseCorrectly" />
    </UnitTest>
    <UnitTest name="BuckScience.Tests.Web.Helpers.WeatherHelpersTests.ConvertWindDirectionToText_VariousAngles_ReturnsCorrectDirection(degrees: 348.75, expected: &quot;N&quot;)" storage="/home/runner/work/buckscienceapp/buckscienceapp/tests/buckscience.tests/bin/debug/net8.0/buckscience.tests.dll" id="fa4cc283-dfe0-de36-3d73-29ab1e351353">
      <Execution id="9b49e03a-c36d-4ceb-80bc-70d2e25a9c3d" />
      <TestMethod codeBase="/home/runner/work/BuckScienceApp/BuckScienceApp/tests/BuckScience.Tests/bin/Debug/net8.0/BuckScience.Tests.dll" adapterTypeName="executor://xunit/VsTestRunner2/netcoreapp" className="BuckScience.Tests.Web.Helpers.WeatherHelpersTests" name="ConvertWindDirectionToText_VariousAngles_ReturnsCorrectDirection" />
    </UnitTest>
    <UnitTest name="BuckScience.Tests.TaggingSystemTests.GetOrCreateTag_ShouldReturnExistingTag_WhenTagExists" storage="/home/runner/work/buckscienceapp/buckscienceapp/tests/buckscience.tests/bin/debug/net8.0/buckscience.tests.dll" id="f4c9aa46-811a-389b-d744-72a428dee7d2">
      <Execution id="31e94818-fc39-490f-aec9-e12be56176c7" />
      <TestMethod codeBase="/home/runner/work/BuckScienceApp/BuckScienceApp/tests/BuckScience.Tests/bin/Debug/net8.0/BuckScience.Tests.dll" adapterTypeName="executor://xunit/VsTestRunner2/netcoreapp" className="BuckScience.Tests.TaggingSystemTests" name="GetOrCreateTag_ShouldReturnExistingTag_WhenTagExists" />
    </UnitTest>
    <UnitTest name="BuckScience.Tests.Web.Helpers.WeatherHelpersTests.ConvertWindDirectionTextToNumeric_ValidDirections_ReturnsCorrectDegrees(direction: &quot;SSW&quot;, expected: 202.5)" storage="/home/runner/work/buckscienceapp/buckscienceapp/tests/buckscience.tests/bin/debug/net8.0/buckscience.tests.dll" id="172a47eb-7de7-c6df-b8be-70c0be7e14f7">
      <Execution id="91169f95-c704-4de8-bf60-1a0773dad5ce" />
      <TestMethod codeBase="/home/runner/work/BuckScienceApp/BuckScienceApp/tests/BuckScience.Tests/bin/Debug/net8.0/BuckScience.Tests.dll" adapterTypeName="executor://xunit/VsTestRunner2/netcoreapp" className="BuckScience.Tests.Web.Helpers.WeatherHelpersTests" name="ConvertWindDirectionTextToNumeric_ValidDirections_ReturnsCorrectDegrees" />
    </UnitTest>
    <UnitTest name="BuckScience.Tests.Domain.PropertyFeatureTests.Constructor_WithValidWeight_SetsWeightCorrectly(weight: 1)" storage="/home/runner/work/buckscienceapp/buckscienceapp/tests/buckscience.tests/bin/debug/net8.0/buckscience.tests.dll" id="a6b1c1b8-42d6-da05-0367-8e170c8545bb">
      <Execution id="27d88522-8f41-4f92-801e-f84961565a0e" />
      <TestMethod codeBase="/home/runner/work/BuckScienceApp/BuckScienceApp/tests/BuckScience.Tests/bin/Debug/net8.0/BuckScience.Tests.dll" adapterTypeName="executor://xunit/VsTestRunner2/netcoreapp" className="BuckScience.Tests.Domain.PropertyFeatureTests" name="Constructor_WithValidWeight_SetsWeightCorrectly" />
    </UnitTest>
    <UnitTest name="BuckScience.Tests.Web.Helpers.WeatherHelpersTests.ConvertMoonPhaseToText_VariousValues_ReturnsCorrectText(phase: 0.40000000000000002, expected: &quot;Waxing Gibbous&quot;)" storage="/home/runner/work/buckscienceapp/buckscienceapp/tests/buckscience.tests/bin/debug/net8.0/buckscience.tests.dll" id="9f544328-b14d-2f96-b54b-781ab9cf51e8">
      <Execution id="c592e089-56c3-4c80-a0bc-c2012650b36b" />
      <TestMethod codeBase="/home/runner/work/BuckScienceApp/BuckScienceApp/tests/BuckScience.Tests/bin/Debug/net8.0/BuckScience.Tests.dll" adapterTypeName="executor://xunit/VsTestRunner2/netcoreapp" className="BuckScience.Tests.Web.Helpers.WeatherHelpersTests" name="ConvertMoonPhaseToText_VariousValues_ReturnsCorrectText" />
    </UnitTest>
    <UnitTest name="BuckScience.Tests.Web.Helpers.WeatherHelpersTests.ConvertWindDirectionTextToNumeric_ValidDirections_ReturnsCorrectDegrees(direction: &quot;ESE&quot;, expected: 112.5)" storage="/home/runner/work/buckscienceapp/buckscienceapp/tests/buckscience.tests/bin/debug/net8.0/buckscience.tests.dll" id="8bb24d97-4056-0aed-e738-d86e9d34f566">
      <Execution id="dca305a5-47d2-43c1-a99f-04d862b08451" />
      <TestMethod codeBase="/home/runner/work/BuckScienceApp/BuckScienceApp/tests/BuckScience.Tests/bin/Debug/net8.0/BuckScience.Tests.dll" adapterTypeName="executor://xunit/VsTestRunner2/netcoreapp" className="BuckScience.Tests.Web.Helpers.WeatherHelpersTests" name="ConvertWindDirectionTextToNumeric_ValidDirections_ReturnsCorrectDegrees" />
    </UnitTest>
    <UnitTest name="BuckScience.Tests.Web.Helpers.WeatherHelpersTests.ConvertMoonPhaseToText_VariousValues_ReturnsCorrectText(phase: 0.02, expected: &quot;New Moon&quot;)" storage="/home/runner/work/buckscienceapp/buckscienceapp/tests/buckscience.tests/bin/debug/net8.0/buckscience.tests.dll" id="d7049aa3-0901-3782-ef96-d1caac1bac5e">
      <Execution id="36836382-17aa-4252-a25f-a2cae0ce09cf" />
      <TestMethod codeBase="/home/runner/work/BuckScienceApp/BuckScienceApp/tests/BuckScience.Tests/bin/Debug/net8.0/BuckScience.Tests.dll" adapterTypeName="executor://xunit/VsTestRunner2/netcoreapp" className="BuckScience.Tests.Web.Helpers.WeatherHelpersTests" name="ConvertMoonPhaseToText_VariousValues_ReturnsCorrectText" />
    </UnitTest>
    <UnitTest name="BuckScience.Tests.Domain.MonthsAttributeTests.MonthsAttribute_Constructor_WithInvalidMonth_ThrowsArgumentOutOfRangeException(invalidMonth: 13)" storage="/home/runner/work/buckscienceapp/buckscienceapp/tests/buckscience.tests/bin/debug/net8.0/buckscience.tests.dll" id="0c283173-5d83-3aa6-5e6a-5b618b66073f">
      <Execution id="d98d9909-a169-40f0-b83e-637fc1dfa842" />
      <TestMethod codeBase="/home/runner/work/BuckScienceApp/BuckScienceApp/tests/BuckScience.Tests/bin/Debug/net8.0/BuckScience.Tests.dll" adapterTypeName="executor://xunit/VsTestRunner2/netcoreapp" className="BuckScience.Tests.Domain.MonthsAttributeTests" name="MonthsAttribute_Constructor_WithInvalidMonth_ThrowsArgumentOutOfRangeException" />
    </UnitTest>
    <UnitTest name="BuckScience.Tests.Domain.PropertyFeatureTests.UpdateWeight_WithValidWeight_SetsWeightCorrectly" storage="/home/runner/work/buckscienceapp/buckscienceapp/tests/buckscience.tests/bin/debug/net8.0/buckscience.tests.dll" id="d91077c4-486f-699f-e7de-7a096da96d2b">
      <Execution id="381b5c50-aaf2-43b9-b747-5bf885485203" />
      <TestMethod codeBase="/home/runner/work/BuckScienceApp/BuckScienceApp/tests/BuckScience.Tests/bin/Debug/net8.0/BuckScience.Tests.dll" adapterTypeName="executor://xunit/VsTestRunner2/netcoreapp" className="BuckScience.Tests.Domain.PropertyFeatureTests" name="UpdateWeight_WithValidWeight_SetsWeightCorrectly" />
    </UnitTest>
    <UnitTest name="BuckScience.Tests.Domain.MonthsAttributeTests.MonthsAttribute_Constructor_WithInvalidMonth_ThrowsArgumentOutOfRangeException(invalidMonth: -1)" storage="/home/runner/work/buckscienceapp/buckscienceapp/tests/buckscience.tests/bin/debug/net8.0/buckscience.tests.dll" id="415f1005-69c1-a314-0e6a-db0b7d4bab74">
      <Execution id="34f552a1-2130-4e5b-80dd-2641fc313789" />
      <TestMethod codeBase="/home/runner/work/BuckScienceApp/BuckScienceApp/tests/BuckScience.Tests/bin/Debug/net8.0/BuckScience.Tests.dll" adapterTypeName="executor://xunit/VsTestRunner2/netcoreapp" className="BuckScience.Tests.Domain.MonthsAttributeTests" name="MonthsAttribute_Constructor_WithInvalidMonth_ThrowsArgumentOutOfRangeException" />
    </UnitTest>
    <UnitTest name="BuckScience.Tests.WeatherServiceTests.RoundCoordinates_ShouldRoundTo2DecimalPlaces" storage="/home/runner/work/buckscienceapp/buckscienceapp/tests/buckscience.tests/bin/debug/net8.0/buckscience.tests.dll" id="e79130f3-839b-5123-ac52-8ca3bb6ef8c5">
      <Execution id="0ddf555d-8b4e-4762-99ce-914402a08fa3" />
      <TestMethod codeBase="/home/runner/work/BuckScienceApp/BuckScienceApp/tests/BuckScience.Tests/bin/Debug/net8.0/BuckScience.Tests.dll" adapterTypeName="executor://xunit/VsTestRunner2/netcoreapp" className="BuckScience.Tests.WeatherServiceTests" name="RoundCoordinates_ShouldRoundTo2DecimalPlaces" />
    </UnitTest>
    <UnitTest name="BuckScience.Tests.DirectionHelperTests.FromFloat_ShouldReturnCorrectDirection(degrees: 90, expectedDirection: E)" storage="/home/runner/work/buckscienceapp/buckscienceapp/tests/buckscience.tests/bin/debug/net8.0/buckscience.tests.dll" id="3456ad39-e674-a27d-da41-053fedd7e6ad">
      <Execution id="2d1be84c-d2b0-4856-8adc-274cc7da27fa" />
      <TestMethod codeBase="/home/runner/work/BuckScienceApp/BuckScienceApp/tests/BuckScience.Tests/bin/Debug/net8.0/BuckScience.Tests.dll" adapterTypeName="executor://xunit/VsTestRunner2/netcoreapp" className="BuckScience.Tests.DirectionHelperTests" name="FromFloat_ShouldReturnCorrectDirection" />
    </UnitTest>
    <UnitTest name="BuckScience.Tests.Domain.FeatureWeightTests.FeatureWeightHelper_GetDefaultWeight_ReturnsExpectedValues(type: PinchPointFunnel, expectedWeight: 0.899999976)" storage="/home/runner/work/buckscienceapp/buckscienceapp/tests/buckscience.tests/bin/debug/net8.0/buckscience.tests.dll" id="61feef70-4f4a-625c-42d0-d394030d758f">
      <Execution id="e45fed70-e320-4866-908d-bf1d815a53f0" />
      <TestMethod codeBase="/home/runner/work/BuckScienceApp/BuckScienceApp/tests/BuckScience.Tests/bin/Debug/net8.0/BuckScience.Tests.dll" adapterTypeName="executor://xunit/VsTestRunner2/netcoreapp" className="BuckScience.Tests.Domain.FeatureWeightTests" name="FeatureWeightHelper_GetDefaultWeight_ReturnsExpectedValues" />
    </UnitTest>
    <UnitTest name="BuckScience.Tests.Domain.FeatureWeightTests.FeatureWeight_GetEffectiveWeight_FallsBackToDefaultWeight" storage="/home/runner/work/buckscienceapp/buckscienceapp/tests/buckscience.tests/bin/debug/net8.0/buckscience.tests.dll" id="bae1f3df-becb-30fb-65d6-6c7c19ab5a1d">
      <Execution id="63499595-b11c-4859-9596-fc60af2bcb39" />
      <TestMethod codeBase="/home/runner/work/BuckScienceApp/BuckScienceApp/tests/BuckScience.Tests/bin/Debug/net8.0/BuckScience.Tests.dll" adapterTypeName="executor://xunit/VsTestRunner2/netcoreapp" className="BuckScience.Tests.Domain.FeatureWeightTests" name="FeatureWeight_GetEffectiveWeight_FallsBackToDefaultWeight" />
    </UnitTest>
    <UnitTest name="BuckScience.Tests.DirectionHelperTests.ToFloat_ShouldReturnCorrectDegrees(direction: N, expectedDegrees: 0)" storage="/home/runner/work/buckscienceapp/buckscienceapp/tests/buckscience.tests/bin/debug/net8.0/buckscience.tests.dll" id="7882d79f-7e75-7cd0-3f6e-4fc087cc8ade">
      <Execution id="a8da5606-a1af-4446-ae26-523acbaaaa5f" />
      <TestMethod codeBase="/home/runner/work/BuckScienceApp/BuckScienceApp/tests/BuckScience.Tests/bin/Debug/net8.0/BuckScience.Tests.dll" adapterTypeName="executor://xunit/VsTestRunner2/netcoreapp" className="BuckScience.Tests.DirectionHelperTests" name="ToFloat_ShouldReturnCorrectDegrees" />
    </UnitTest>
    <UnitTest name="BuckScience.Tests.PhotoFilteringUrlExamples.BuildFilters_UrlParameters_ShouldParseCorrectly(urlParams: &quot;tempMin=10&amp;tempMax=30&quot;, expectedTempMin: 10, expectedTempMax: 30, expectedWindMin: null, expectedWindMax: null)" storage="/home/runner/work/buckscienceapp/buckscienceapp/tests/buckscience.tests/bin/debug/net8.0/buckscience.tests.dll" id="ce73eb79-a497-c2a4-9a02-ef4f9a7168c5">
      <Execution id="ecb287bb-9576-4b6c-ac69-760c65ea8aed" />
      <TestMethod codeBase="/home/runner/work/BuckScienceApp/BuckScienceApp/tests/BuckScience.Tests/bin/Debug/net8.0/BuckScience.Tests.dll" adapterTypeName="executor://xunit/VsTestRunner2/netcoreapp" className="BuckScience.Tests.PhotoFilteringUrlExamples" name="BuildFilters_UrlParameters_ShouldParseCorrectly" />
    </UnitTest>
    <UnitTest name="BuckScience.Tests.TaggingSystemTests.GetOrCreateTag_ShouldBeCaseInsensitive" storage="/home/runner/work/buckscienceapp/buckscienceapp/tests/buckscience.tests/bin/debug/net8.0/buckscience.tests.dll" id="18fd69b0-d054-4b67-4fab-caa28c12efff">
      <Execution id="884a530b-cd9b-44ac-b2bf-8a7c2cfdeba5" />
      <TestMethod codeBase="/home/runner/work/BuckScienceApp/BuckScienceApp/tests/BuckScience.Tests/bin/Debug/net8.0/BuckScience.Tests.dll" adapterTypeName="executor://xunit/VsTestRunner2/netcoreapp" className="BuckScience.Tests.TaggingSystemTests" name="GetOrCreateTag_ShouldBeCaseInsensitive" />
    </UnitTest>
    <UnitTest name="BuckScience.Tests.PhotoUploadIntegrationTests.PhotoUpload_WithoutCameraPlacement_ShouldHaveNullPlacementHistory" storage="/home/runner/work/buckscienceapp/buckscienceapp/tests/buckscience.tests/bin/debug/net8.0/buckscience.tests.dll" id="f2c9e096-86d1-9457-0421-5a040989da55">
      <Execution id="212e977c-8138-4f61-b3ff-0ac0b060230b" />
      <TestMethod codeBase="/home/runner/work/BuckScienceApp/BuckScienceApp/tests/BuckScience.Tests/bin/Debug/net8.0/BuckScience.Tests.dll" adapterTypeName="executor://xunit/VsTestRunner2/netcoreapp" className="BuckScience.Tests.PhotoUploadIntegrationTests" name="PhotoUpload_WithoutCameraPlacement_ShouldHaveNullPlacementHistory" />
    </UnitTest>
    <UnitTest name="BuckScience.Tests.Domain.SeasonExtensionsTests.GetDefaultMonths_AllSeasons_HaveValidAttributes" storage="/home/runner/work/buckscienceapp/buckscienceapp/tests/buckscience.tests/bin/debug/net8.0/buckscience.tests.dll" id="aecfa300-816f-69bf-9efe-1e4204feea85">
      <Execution id="1460fa65-f1c5-4f9d-9c68-d3f2513eaf3b" />
      <TestMethod codeBase="/home/runner/work/BuckScienceApp/BuckScienceApp/tests/BuckScience.Tests/bin/Debug/net8.0/BuckScience.Tests.dll" adapterTypeName="executor://xunit/VsTestRunner2/netcoreapp" className="BuckScience.Tests.Domain.SeasonExtensionsTests" name="GetDefaultMonths_AllSeasons_HaveValidAttributes" />
    </UnitTest>
    <UnitTest name="BuckScience.Tests.TaggingSystemTests.RemoveTagFromPhotos_ShouldRemoveSpecifiedTags" storage="/home/runner/work/buckscienceapp/buckscienceapp/tests/buckscience.tests/bin/debug/net8.0/buckscience.tests.dll" id="5d2b9441-7258-8eb0-806c-14775f849641">
      <Execution id="320298a0-5ed8-464d-93dc-17a17e5938f0" />
      <TestMethod codeBase="/home/runner/work/BuckScienceApp/BuckScienceApp/tests/BuckScience.Tests/bin/Debug/net8.0/BuckScience.Tests.dll" adapterTypeName="executor://xunit/VsTestRunner2/netcoreapp" className="BuckScience.Tests.TaggingSystemTests" name="RemoveTagFromPhotos_ShouldRemoveSpecifiedTags" />
    </UnitTest>
    <UnitTest name="BuckScience.Tests.PhotoFilteringUrlExamples.BuildFilters_CameraParameters_ShouldParseCorrectly(cameras: &quot;1,2,3&quot;, expectedCameras: [1, 2, 3])" storage="/home/runner/work/buckscienceapp/buckscienceapp/tests/buckscience.tests/bin/debug/net8.0/buckscience.tests.dll" id="b14ae956-297a-f056-fdd7-ca8f9b76076f">
      <Execution id="7a09de3a-0705-4ecc-9051-cd0565435541" />
      <TestMethod codeBase="/home/runner/work/BuckScienceApp/BuckScienceApp/tests/BuckScience.Tests/bin/Debug/net8.0/BuckScience.Tests.dll" adapterTypeName="executor://xunit/VsTestRunner2/netcoreapp" className="BuckScience.Tests.PhotoFilteringUrlExamples" name="BuildFilters_CameraParameters_ShouldParseCorrectly" />
    </UnitTest>
    <UnitTest name="BuckScience.Tests.Web.Helpers.WeatherHelpersTests.ConvertMoonPhaseTextToNumeric_ValidText_ReturnsCorrectValue(text: &quot;Last Quarter&quot;, expected: 0.75)" storage="/home/runner/work/buckscienceapp/buckscienceapp/tests/buckscience.tests/bin/debug/net8.0/buckscience.tests.dll" id="2582410d-2726-a653-733b-0912934edde4">
      <Execution id="0b225570-6cb8-42ad-86c8-6831bea10e44" />
      <TestMethod codeBase="/home/runner/work/BuckScienceApp/BuckScienceApp/tests/BuckScience.Tests/bin/Debug/net8.0/BuckScience.Tests.dll" adapterTypeName="executor://xunit/VsTestRunner2/netcoreapp" className="BuckScience.Tests.Web.Helpers.WeatherHelpersTests" name="ConvertMoonPhaseTextToNumeric_ValidText_ReturnsCorrectValue" />
    </UnitTest>
    <UnitTest name="BuckScience.Tests.Application.SeasonMonthMappingServiceTests.GetMonthsForPropertyAsync_WithoutOverrides_ReturnsCorrectDefaults(season: YearRound, expectedMonths: [1, 2, 3, 4, 5, ...])" storage="/home/runner/work/buckscienceapp/buckscienceapp/tests/buckscience.tests/bin/debug/net8.0/buckscience.tests.dll" id="072094bf-9963-158f-becb-8dd6d4e2c76c">
      <Execution id="22d6c505-d0db-4d53-b76a-ae67f7700451" />
      <TestMethod codeBase="/home/runner/work/BuckScienceApp/BuckScienceApp/tests/BuckScience.Tests/bin/Debug/net8.0/BuckScience.Tests.dll" adapterTypeName="executor://xunit/VsTestRunner2/netcoreapp" className="BuckScience.Tests.Application.SeasonMonthMappingServiceTests" name="GetMonthsForPropertyAsync_WithoutOverrides_ReturnsCorrectDefaults" />
    </UnitTest>
    <UnitTest name="BuckScience.Tests.PhotoPlacementHistoryTests.Photo_SetCameraPlacementHistory_ShouldAllowNull" storage="/home/runner/work/buckscienceapp/buckscienceapp/tests/buckscience.tests/bin/debug/net8.0/buckscience.tests.dll" id="ccc07dc4-5c65-0922-771d-b881981eeb94">
      <Execution id="d9f1f587-6ad1-44d2-bf7f-34724161ffa0" />
      <TestMethod codeBase="/home/runner/work/BuckScienceApp/BuckScienceApp/tests/BuckScience.Tests/bin/Debug/net8.0/BuckScience.Tests.dll" adapterTypeName="executor://xunit/VsTestRunner2/netcoreapp" className="BuckScience.Tests.PhotoPlacementHistoryTests" name="Photo_SetCameraPlacementHistory_ShouldAllowNull" />
    </UnitTest>
    <UnitTest name="BuckScience.Tests.DirectionHelperTests.ToFloat_ShouldReturnCorrectDegrees(direction: SE, expectedDegrees: 135)" storage="/home/runner/work/buckscienceapp/buckscienceapp/tests/buckscience.tests/bin/debug/net8.0/buckscience.tests.dll" id="2505d350-e44a-f204-9fd8-58dd92f22763">
      <Execution id="7addd617-4305-44ae-a210-6bf25ca6ab01" />
      <TestMethod codeBase="/home/runner/work/BuckScienceApp/BuckScienceApp/tests/BuckScience.Tests/bin/Debug/net8.0/BuckScience.Tests.dll" adapterTypeName="executor://xunit/VsTestRunner2/netcoreapp" className="BuckScience.Tests.DirectionHelperTests" name="ToFloat_ShouldReturnCorrectDegrees" />
    </UnitTest>
    <UnitTest name="BuckScience.Tests.Web.Helpers.WeatherHelpersTests.ConvertWindDirectionToText_VariousAngles_ReturnsCorrectDirection(degrees: 33.75, expected: &quot;NE&quot;)" storage="/home/runner/work/buckscienceapp/buckscienceapp/tests/buckscience.tests/bin/debug/net8.0/buckscience.tests.dll" id="2e480f4f-8e65-8226-244e-bc56a9d64e7e">
      <Execution id="b3b405e9-9315-4340-8bb1-8ffc81d20762" />
      <TestMethod codeBase="/home/runner/work/BuckScienceApp/BuckScienceApp/tests/BuckScience.Tests/bin/Debug/net8.0/BuckScience.Tests.dll" adapterTypeName="executor://xunit/VsTestRunner2/netcoreapp" className="BuckScience.Tests.Web.Helpers.WeatherHelpersTests" name="ConvertWindDirectionToText_VariousAngles_ReturnsCorrectDirection" />
    </UnitTest>
    <UnitTest name="BuckScience.Tests.Domain.PropertyFeatureTests.Constructor_WithValidWeight_SetsWeightCorrectly(weight: 0.5)" storage="/home/runner/work/buckscienceapp/buckscienceapp/tests/buckscience.tests/bin/debug/net8.0/buckscience.tests.dll" id="df69a92c-44e3-a51a-3c69-97077bc8aa3a">
      <Execution id="abc45aeb-cba7-4887-af2d-7889cdffdcc6" />
      <TestMethod codeBase="/home/runner/work/BuckScienceApp/BuckScienceApp/tests/BuckScience.Tests/bin/Debug/net8.0/BuckScience.Tests.dll" adapterTypeName="executor://xunit/VsTestRunner2/netcoreapp" className="BuckScience.Tests.Domain.PropertyFeatureTests" name="Constructor_WithValidWeight_SetsWeightCorrectly" />
    </UnitTest>
    <UnitTest name="BuckScience.Tests.Domain.PropertySeasonMonthsOverrideTests.PropertySeasonMonthsOverride_Constructor_WithValidParameters_SetsPropertiesCorrectly" storage="/home/runner/work/buckscienceapp/buckscienceapp/tests/buckscience.tests/bin/debug/net8.0/buckscience.tests.dll" id="8a64a4c9-65f1-e14d-6fbe-7d49565403f4">
      <Execution id="e62587c4-645b-492c-b67f-feb8c6ad17e0" />
      <TestMethod codeBase="/home/runner/work/BuckScienceApp/BuckScienceApp/tests/BuckScience.Tests/bin/Debug/net8.0/BuckScience.Tests.dll" adapterTypeName="executor://xunit/VsTestRunner2/netcoreapp" className="BuckScience.Tests.Domain.PropertySeasonMonthsOverrideTests" name="PropertySeasonMonthsOverride_Constructor_WithValidParameters_SetsPropertiesCorrectly" />
    </UnitTest>
    <UnitTest name="BuckScience.Tests.Application.SeasonMonthMappingServiceTests.SetPropertySeasonOverrideAsync_CreatesNewOverride_WhenNoneExists" storage="/home/runner/work/buckscienceapp/buckscienceapp/tests/buckscience.tests/bin/debug/net8.0/buckscience.tests.dll" id="fa4cb098-045c-45a9-65cd-11b5fd8b475f">
      <Execution id="3c193249-2fa0-4aa3-9c3f-c2f39881a8ba" />
      <TestMethod codeBase="/home/runner/work/BuckScienceApp/BuckScienceApp/tests/BuckScience.Tests/bin/Debug/net8.0/BuckScience.Tests.dll" adapterTypeName="executor://xunit/VsTestRunner2/netcoreapp" className="BuckScience.Tests.Application.SeasonMonthMappingServiceTests" name="SetPropertySeasonOverrideAsync_CreatesNewOverride_WhenNoneExists" />
    </UnitTest>
    <UnitTest name="BuckScience.Tests.Web.Helpers.WeatherHelpersTests.ConvertMoonPhaseTextToNumeric_InvalidText_ReturnsNull(text: &quot;   &quot;)" storage="/home/runner/work/buckscienceapp/buckscienceapp/tests/buckscience.tests/bin/debug/net8.0/buckscience.tests.dll" id="ec7cd5e3-a82c-cf66-66cc-45c1ba395a3e">
      <Execution id="437010f7-44b9-489d-bf6a-ee8847de25fb" />
      <TestMethod codeBase="/home/runner/work/BuckScienceApp/BuckScienceApp/tests/BuckScience.Tests/bin/Debug/net8.0/BuckScience.Tests.dll" adapterTypeName="executor://xunit/VsTestRunner2/netcoreapp" className="BuckScience.Tests.Web.Helpers.WeatherHelpersTests" name="ConvertMoonPhaseTextToNumeric_InvalidText_ReturnsNull" />
    </UnitTest>
    <UnitTest name="BuckScience.Tests.Application.Profiles.ProfileCrudTests.CreateProfile_InvalidPropertyId_ThrowsUnauthorizedAccessException" storage="/home/runner/work/buckscienceapp/buckscienceapp/tests/buckscience.tests/bin/debug/net8.0/buckscience.tests.dll" id="7175185a-7456-021f-eecb-6c991ffd0d08">
      <Execution id="74d3b988-7f41-40f1-a9bb-450355d3ebd1" />
      <TestMethod codeBase="/home/runner/work/BuckScienceApp/BuckScienceApp/tests/BuckScience.Tests/bin/Debug/net8.0/BuckScience.Tests.dll" adapterTypeName="executor://xunit/VsTestRunner2/netcoreapp" className="BuckScience.Tests.Application.Profiles.ProfileCrudTests" name="CreateProfile_InvalidPropertyId_ThrowsUnauthorizedAccessException" />
    </UnitTest>
    <UnitTest name="BuckScience.Tests.Application.SeasonMonthMappingServiceTests.GetMonthsForPropertyAsync_WithNullProperty_ReturnsDefaultMonths" storage="/home/runner/work/buckscienceapp/buckscienceapp/tests/buckscience.tests/bin/debug/net8.0/buckscience.tests.dll" id="2b9ecce3-1ede-532e-6e3c-66b19452e797">
      <Execution id="c9c56a81-43b3-4be2-b380-c6957ba6e4e5" />
      <TestMethod codeBase="/home/runner/work/BuckScienceApp/BuckScienceApp/tests/BuckScience.Tests/bin/Debug/net8.0/BuckScience.Tests.dll" adapterTypeName="executor://xunit/VsTestRunner2/netcoreapp" className="BuckScience.Tests.Application.SeasonMonthMappingServiceTests" name="GetMonthsForPropertyAsync_WithNullProperty_ReturnsDefaultMonths" />
    </UnitTest>
    <UnitTest name="BuckScience.Tests.Domain.PropertyFeatureTests.SetWeight_WithValidWeight_SetsWeightCorrectly" storage="/home/runner/work/buckscienceapp/buckscienceapp/tests/buckscience.tests/bin/debug/net8.0/buckscience.tests.dll" id="7711d213-9779-8d22-c44f-611f07df932a">
      <Execution id="2a4c68fd-2dd6-4ab0-b4f9-fddf27c2501d" />
      <TestMethod codeBase="/home/runner/work/BuckScienceApp/BuckScienceApp/tests/BuckScience.Tests/bin/Debug/net8.0/BuckScience.Tests.dll" adapterTypeName="executor://xunit/VsTestRunner2/netcoreapp" className="BuckScience.Tests.Domain.PropertyFeatureTests" name="SetWeight_WithValidWeight_SetsWeightCorrectly" />
    </UnitTest>
    <UnitTest name="BuckScience.Tests.TaggingRequirementsTests.Requirement2_TagUniqueness_ShouldBeEnforced" storage="/home/runner/work/buckscienceapp/buckscienceapp/tests/buckscience.tests/bin/debug/net8.0/buckscience.tests.dll" id="088d383f-5fbc-e375-2326-3e321a2adf4f">
      <Execution id="c22677f1-3dcc-4347-8bb9-b932dffc1b9f" />
      <TestMethod codeBase="/home/runner/work/BuckScienceApp/BuckScienceApp/tests/BuckScience.Tests/bin/Debug/net8.0/BuckScience.Tests.dll" adapterTypeName="executor://xunit/VsTestRunner2/netcoreapp" className="BuckScience.Tests.TaggingRequirementsTests" name="Requirement2_TagUniqueness_ShouldBeEnforced" />
    </UnitTest>
    <UnitTest name="BuckScience.Tests.Web.Helpers.WeatherHelpersTests.ConvertMoonPhaseTextToNumeric_ValidText_ReturnsCorrectValue(text: &quot;First Quarter&quot;, expected: 0.25)" storage="/home/runner/work/buckscienceapp/buckscienceapp/tests/buckscience.tests/bin/debug/net8.0/buckscience.tests.dll" id="a7640c1c-3e1a-ff5f-a7c8-4da5a8b29af2">
      <Execution id="a0ba4434-a643-4abf-9f9c-089e9af34e19" />
      <TestMethod codeBase="/home/runner/work/BuckScienceApp/BuckScienceApp/tests/BuckScience.Tests/bin/Debug/net8.0/BuckScience.Tests.dll" adapterTypeName="executor://xunit/VsTestRunner2/netcoreapp" className="BuckScience.Tests.Web.Helpers.WeatherHelpersTests" name="ConvertMoonPhaseTextToNumeric_ValidText_ReturnsCorrectValue" />
    </UnitTest>
    <UnitTest name="BuckScience.Tests.DirectionHelperTests.ToFloat_ShouldReturnCorrectDegrees(direction: NW, expectedDegrees: 315)" storage="/home/runner/work/buckscienceapp/buckscienceapp/tests/buckscience.tests/bin/debug/net8.0/buckscience.tests.dll" id="26223a8b-ac6d-ffcd-1256-75d18fb727f7">
      <Execution id="7138a964-37fe-4f54-8b82-c278dbbdee33" />
      <TestMethod codeBase="/home/runner/work/BuckScienceApp/BuckScienceApp/tests/BuckScience.Tests/bin/Debug/net8.0/BuckScience.Tests.dll" adapterTypeName="executor://xunit/VsTestRunner2/netcoreapp" className="BuckScience.Tests.DirectionHelperTests" name="ToFloat_ShouldReturnCorrectDegrees" />
    </UnitTest>
    <UnitTest name="BuckScience.Tests.Application.Profiles.ProfileCrudTests.UpdateProfile_ValidData_UpdatesProfile" storage="/home/runner/work/buckscienceapp/buckscienceapp/tests/buckscience.tests/bin/debug/net8.0/buckscience.tests.dll" id="23376aab-8018-81b3-8b3c-57bc8b0141ed">
      <Execution id="97c7b9a8-7dfd-481e-987d-34fc8505fa22" />
      <TestMethod codeBase="/home/runner/work/BuckScienceApp/BuckScienceApp/tests/BuckScience.Tests/bin/Debug/net8.0/BuckScience.Tests.dll" adapterTypeName="executor://xunit/VsTestRunner2/netcoreapp" className="BuckScience.Tests.Application.Profiles.ProfileCrudTests" name="UpdateProfile_ValidData_UpdatesProfile" />
    </UnitTest>
    <UnitTest name="BuckScience.Tests.Domain.FeatureWeightTests.FeatureWeight_SetSeasonalWeights_ValidatesWeightRange" storage="/home/runner/work/buckscienceapp/buckscienceapp/tests/buckscience.tests/bin/debug/net8.0/buckscience.tests.dll" id="6e1a460b-06b0-f626-b520-bfe11fd26de1">
      <Execution id="75f0087a-75cc-4eef-8082-16430201ba0c" />
      <TestMethod codeBase="/home/runner/work/BuckScienceApp/BuckScienceApp/tests/BuckScience.Tests/bin/Debug/net8.0/BuckScience.Tests.dll" adapterTypeName="executor://xunit/VsTestRunner2/netcoreapp" className="BuckScience.Tests.Domain.FeatureWeightTests" name="FeatureWeight_SetSeasonalWeights_ValidatesWeightRange" />
    </UnitTest>
    <UnitTest name="BuckScience.Tests.PhotoFilteringUrlExamples.PhotoFiltering_RealWorldScenario_MoonPhaseAndConditions" storage="/home/runner/work/buckscienceapp/buckscienceapp/tests/buckscience.tests/bin/debug/net8.0/buckscience.tests.dll" id="80f7e275-5c62-bf32-953c-a522d71f0911">
      <Execution id="2d537313-90f0-40ec-9548-df2e253d6116" />
      <TestMethod codeBase="/home/runner/work/BuckScienceApp/BuckScienceApp/tests/BuckScience.Tests/bin/Debug/net8.0/BuckScience.Tests.dll" adapterTypeName="executor://xunit/VsTestRunner2/netcoreapp" className="BuckScience.Tests.PhotoFilteringUrlExamples" name="PhotoFiltering_RealWorldScenario_MoonPhaseAndConditions" />
    </UnitTest>
    <UnitTest name="BuckScience.Tests.Application.PropertyFeatureApplicationTests.CreatePropertyFeature_WithInvalidWeight_ThrowsArgumentOutOfRangeException" storage="/home/runner/work/buckscienceapp/buckscienceapp/tests/buckscience.tests/bin/debug/net8.0/buckscience.tests.dll" id="44b98cc9-e1a6-60bb-436a-f6cfa2554196">
      <Execution id="59ce1b06-2948-48f8-80d1-7864f0e48cd6" />
      <TestMethod codeBase="/home/runner/work/BuckScienceApp/BuckScienceApp/tests/BuckScience.Tests/bin/Debug/net8.0/BuckScience.Tests.dll" adapterTypeName="executor://xunit/VsTestRunner2/netcoreapp" className="BuckScience.Tests.Application.PropertyFeatureApplicationTests" name="CreatePropertyFeature_WithInvalidWeight_ThrowsArgumentOutOfRangeException" />
    </UnitTest>
    <UnitTest name="BuckScience.Tests.Application.SeasonMonthMappingServiceTests.GetPrimarySeasonForDateAsync_NoMatches_ReturnsNull" storage="/home/runner/work/buckscienceapp/buckscienceapp/tests/buckscience.tests/bin/debug/net8.0/buckscience.tests.dll" id="883b640c-041a-1680-ac03-f244d5532ee9">
      <Execution id="e5c173a9-8477-4b0b-9ed9-4ca8d13c3fdc" />
      <TestMethod codeBase="/home/runner/work/BuckScienceApp/BuckScienceApp/tests/BuckScience.Tests/bin/Debug/net8.0/BuckScience.Tests.dll" adapterTypeName="executor://xunit/VsTestRunner2/netcoreapp" className="BuckScience.Tests.Application.SeasonMonthMappingServiceTests" name="GetPrimarySeasonForDateAsync_NoMatches_ReturnsNull" />
    </UnitTest>
    <UnitTest name="BuckScience.Tests.Web.Helpers.WeatherHelpersTests.ConvertWindDirectionTextToNumeric_ValidDirections_ReturnsCorrectDegrees(direction: &quot;WSW&quot;, expected: 247.5)" storage="/home/runner/work/buckscienceapp/buckscienceapp/tests/buckscience.tests/bin/debug/net8.0/buckscience.tests.dll" id="117d72dd-b186-d8e9-ce14-8d711079c929">
      <Execution id="1e9b8dae-4e93-496e-80db-5328baee6015" />
      <TestMethod codeBase="/home/runner/work/BuckScienceApp/BuckScienceApp/tests/BuckScience.Tests/bin/Debug/net8.0/BuckScience.Tests.dll" adapterTypeName="executor://xunit/VsTestRunner2/netcoreapp" className="BuckScience.Tests.Web.Helpers.WeatherHelpersTests" name="ConvertWindDirectionTextToNumeric_ValidDirections_ReturnsCorrectDegrees" />
    </UnitTest>
  </TestDefinitions>
  <TestEntries>
    <TestEntry testId="b6a182bd-655d-0c92-283a-3c75d3d71c02" executionId="451389fd-3789-48f0-862e-eb20525946bd" testListId="8c84fa94-04c1-424b-9868-57a2d4851a1d" />
    <TestEntry testId="f3cf5dfa-ba92-e357-4965-81c40141969f" executionId="28466a6c-5076-4e40-b72d-62326d551201" testListId="8c84fa94-04c1-424b-9868-57a2d4851a1d" />
    <TestEntry testId="d10743fd-41b6-9a87-757a-05484dce75fb" executionId="2895e9c1-197b-4cf8-ab74-8ba120f1c3ef" testListId="8c84fa94-04c1-424b-9868-57a2d4851a1d" />
    <TestEntry testId="5a1b2923-7867-c9d7-9184-902164877e6b" executionId="28ccf66c-f07d-4a88-9a6f-e0307801660e" testListId="8c84fa94-04c1-424b-9868-57a2d4851a1d" />
    <TestEntry testId="82ad2eed-c2a8-00e1-ef28-e5a6803fece0" executionId="d63270ed-6b8e-4019-a66a-941c1093f6c6" testListId="8c84fa94-04c1-424b-9868-57a2d4851a1d" />
    <TestEntry testId="17d2bd4a-a575-7ccc-1676-102dfc4795d6" executionId="29a5c7aa-0409-4f80-ba21-d6ef3d83678c" testListId="8c84fa94-04c1-424b-9868-57a2d4851a1d" />
    <TestEntry testId="46eed830-2953-fcd5-c0a0-3903ea3c299a" executionId="23d1d3e9-0909-44b0-be1a-cdbdc84d4320" testListId="8c84fa94-04c1-424b-9868-57a2d4851a1d" />
    <TestEntry testId="517f9dbf-42b8-6c68-c79b-d5d973668018" executionId="51c07a5c-a146-4170-8dec-e4bc74674908" testListId="8c84fa94-04c1-424b-9868-57a2d4851a1d" />
    <TestEntry testId="75f4d661-9754-0157-eb91-1cb0c3ea30c4" executionId="39a8c686-83e5-476f-8151-ad4b6602f075" testListId="8c84fa94-04c1-424b-9868-57a2d4851a1d" />
    <TestEntry testId="13b70763-63fd-f0df-582a-0fb307fcad59" executionId="26263718-71e6-4897-8182-8c33a9995cfc" testListId="8c84fa94-04c1-424b-9868-57a2d4851a1d" />
    <TestEntry testId="5be58517-5610-e8d0-dec2-520046d41b5e" executionId="735f11f2-563e-477f-8b11-d67281252685" testListId="8c84fa94-04c1-424b-9868-57a2d4851a1d" />
    <TestEntry testId="f691e718-46df-21d8-be15-dfb8d4456f03" executionId="ca3d2b95-2b9a-46a5-a02a-6cf974a6207d" testListId="8c84fa94-04c1-424b-9868-57a2d4851a1d" />
    <TestEntry testId="e6069ec8-dd96-68b5-2039-b29d0b89d8eb" executionId="eb0151dd-4222-44e3-bb43-84fd7228f272" testListId="8c84fa94-04c1-424b-9868-57a2d4851a1d" />
    <TestEntry testId="e0dcc631-95da-6f78-075b-f4a50d72ea72" executionId="2398fdb6-e1f2-4337-82a1-eca3e0c63a39" testListId="8c84fa94-04c1-424b-9868-57a2d4851a1d" />
    <TestEntry testId="93232e33-f6c8-82c0-b755-94e963fff023" executionId="817ca489-5052-46f9-9408-a4eb5a5b2c32" testListId="8c84fa94-04c1-424b-9868-57a2d4851a1d" />
    <TestEntry testId="1bb4d31b-4aa9-50a4-5ac5-e8f09827ba51" executionId="045027fd-8433-40be-9758-19ca5acb814d" testListId="8c84fa94-04c1-424b-9868-57a2d4851a1d" />
    <TestEntry testId="bae1f3df-becb-30fb-65d6-6c7c19ab5a1d" executionId="63499595-b11c-4859-9596-fc60af2bcb39" testListId="8c84fa94-04c1-424b-9868-57a2d4851a1d" />
    <TestEntry testId="61590a98-8800-c63c-636c-5d74543a54c1" executionId="373aa697-a62f-4bb3-a6d3-8d9a0f340f28" testListId="8c84fa94-04c1-424b-9868-57a2d4851a1d" />
    <TestEntry testId="11c53883-3d96-0957-d8a1-9dcf44cb5e78" executionId="158f9b57-8bdf-4f00-a853-a11b89f69de3" testListId="8c84fa94-04c1-424b-9868-57a2d4851a1d" />
    <TestEntry testId="e79130f3-839b-5123-ac52-8ca3bb6ef8c5" executionId="0ddf555d-8b4e-4762-99ce-914402a08fa3" testListId="8c84fa94-04c1-424b-9868-57a2d4851a1d" />
    <TestEntry testId="5184c208-ba66-a1eb-00ca-490830c3b61a" executionId="1a67a4cf-5ab1-4385-aaeb-04597649a7fa" testListId="8c84fa94-04c1-424b-9868-57a2d4851a1d" />
    <TestEntry testId="752ffb05-78eb-92e0-4e1e-4d5811cca95a" executionId="cb1e6643-a925-4831-8f45-74cf654fa8f1" testListId="8c84fa94-04c1-424b-9868-57a2d4851a1d" />
    <TestEntry testId="08260a64-8541-0630-0fbb-fef9aaa19f85" executionId="ffcfec1c-9186-47a8-86fd-e23426fd6404" testListId="8c84fa94-04c1-424b-9868-57a2d4851a1d" />
    <TestEntry testId="5258a2d0-41cb-c3df-1e8f-eff8f92d5e7f" executionId="6ae2145a-2d95-49d7-adb0-b88a477dcf38" testListId="8c84fa94-04c1-424b-9868-57a2d4851a1d" />
    <TestEntry testId="d6582cc4-f5d7-7ddd-419a-8856fe5530f3" executionId="6fdadee9-b33e-49c4-b3c5-4c0f64b937fe" testListId="8c84fa94-04c1-424b-9868-57a2d4851a1d" />
    <TestEntry testId="b7a065c7-7a2e-0d14-6498-b30f746da816" executionId="ee50078a-7094-4232-920c-67f9115d9d83" testListId="8c84fa94-04c1-424b-9868-57a2d4851a1d" />
    <TestEntry testId="643382d9-252e-669a-df19-e9e242cc0c0b" executionId="cac54163-5234-4948-9b22-3e1a2088b094" testListId="8c84fa94-04c1-424b-9868-57a2d4851a1d" />
    <TestEntry testId="7b1afa91-2553-0542-d21b-b944f43fb732" executionId="1123d5bb-6fb8-4777-bccb-5b115c09d680" testListId="8c84fa94-04c1-424b-9868-57a2d4851a1d" />
    <TestEntry testId="f33495c4-e0d0-5acc-0d2f-99762039f6f2" executionId="16cd4db4-2bfb-48d8-b2eb-8dee593d177f" testListId="8c84fa94-04c1-424b-9868-57a2d4851a1d" />
    <TestEntry testId="4331c44f-f3ff-6fce-80db-d30dfc1b0433" executionId="616f8a91-24a6-4c2c-a9fa-e0b4edead669" testListId="8c84fa94-04c1-424b-9868-57a2d4851a1d" />
    <TestEntry testId="67cea702-8500-937a-27c8-4c669b6e1597" executionId="85c47e6a-cd85-454b-9fa5-a0d3f72710b2" testListId="8c84fa94-04c1-424b-9868-57a2d4851a1d" />
    <TestEntry testId="6312f765-830a-9014-ae5b-70adf30832c5" executionId="1ab69421-983c-44fc-a0b0-d9b3acb779f8" testListId="8c84fa94-04c1-424b-9868-57a2d4851a1d" />
    <TestEntry testId="2b789b90-6459-6d41-420f-e5502ba7ca12" executionId="3b322e6e-fd5b-4e41-a1e7-e552c29ea427" testListId="8c84fa94-04c1-424b-9868-57a2d4851a1d" />
    <TestEntry testId="9ad59ac2-75e0-43fa-c7a4-360f06bdf706" executionId="5d118cf2-c985-4bc4-8ef0-3091c940b125" testListId="8c84fa94-04c1-424b-9868-57a2d4851a1d" />
    <TestEntry testId="e294371f-24bd-e5af-41b0-5a6f22f8d71f" executionId="ac73edde-a5db-4e6c-88a0-d9b484154148" testListId="8c84fa94-04c1-424b-9868-57a2d4851a1d" />
    <TestEntry testId="237f5a59-e781-9088-3a51-e29d89420089" executionId="a147e4fb-2b2e-4882-bd18-1ed96e1dd2c9" testListId="8c84fa94-04c1-424b-9868-57a2d4851a1d" />
    <TestEntry testId="5211619f-dadc-f40e-733e-74664040f64d" executionId="1a29b073-b7a5-4f5e-9c63-be75bfe7d1c9" testListId="8c84fa94-04c1-424b-9868-57a2d4851a1d" />
    <TestEntry testId="c32ae7c7-19e6-4795-4595-b867002163f4" executionId="7cc98b0e-e993-4f52-9b4c-a6c836bcfca5" testListId="8c84fa94-04c1-424b-9868-57a2d4851a1d" />
    <TestEntry testId="44b98cc9-e1a6-60bb-436a-f6cfa2554196" executionId="59ce1b06-2948-48f8-80d1-7864f0e48cd6" testListId="8c84fa94-04c1-424b-9868-57a2d4851a1d" />
    <TestEntry testId="f34471f4-815a-4ec3-4038-5fedcb003a99" executionId="7118184b-3677-45a1-87dc-ce2313f06d22" testListId="8c84fa94-04c1-424b-9868-57a2d4851a1d" />
    <TestEntry testId="abed9d03-2d03-a6ea-317e-f9cbae3ef978" executionId="352cd861-c1e7-4f6b-9434-824843896440" testListId="8c84fa94-04c1-424b-9868-57a2d4851a1d" />
    <TestEntry testId="3b0de714-8f13-7aca-97ab-ed01b955f773" executionId="5dddc1bd-567f-4aad-988f-e97cde660159" testListId="8c84fa94-04c1-424b-9868-57a2d4851a1d" />
    <TestEntry testId="62abf167-66b2-7338-5ead-888596c0fffe" executionId="a5410387-35f1-4075-b56f-cd5bd0a781a8" testListId="8c84fa94-04c1-424b-9868-57a2d4851a1d" />
    <TestEntry testId="1335073e-5183-6141-99f1-caaa61dc86f4" executionId="dc9fa439-3b93-4a14-9ed2-900aac4dd5dd" testListId="8c84fa94-04c1-424b-9868-57a2d4851a1d" />
    <TestEntry testId="d7049aa3-0901-3782-ef96-d1caac1bac5e" executionId="36836382-17aa-4252-a25f-a2cae0ce09cf" testListId="8c84fa94-04c1-424b-9868-57a2d4851a1d" />
    <TestEntry testId="0c242e7e-8f22-f923-65dd-b2f5a0811c80" executionId="baf1dd5c-b48a-47f3-a7ee-04c9664ec568" testListId="8c84fa94-04c1-424b-9868-57a2d4851a1d" />
    <TestEntry testId="33ab81ff-679e-9cc9-05bb-618cbab677dd" executionId="abfe6152-0910-497d-a379-ee5af0632ed3" testListId="8c84fa94-04c1-424b-9868-57a2d4851a1d" />
    <TestEntry testId="1d2cb59d-b905-737a-61a2-6d873910d1e1" executionId="a6a3289f-0b7f-4261-88dc-b829149560ed" testListId="8c84fa94-04c1-424b-9868-57a2d4851a1d" />
    <TestEntry testId="57048c9f-2c1b-ae85-11e6-989795af7a80" executionId="e170c843-2763-40bd-924f-c3cc46b42db2" testListId="8c84fa94-04c1-424b-9868-57a2d4851a1d" />
    <TestEntry testId="ddea20c7-b2e3-61c7-335c-b2bd52df33d9" executionId="939322d5-b56a-4147-afd6-3934b660ec51" testListId="8c84fa94-04c1-424b-9868-57a2d4851a1d" />
    <TestEntry testId="2b043a8d-e346-04e5-47b3-898bfcbeb615" executionId="b981b9cf-ef4f-483b-ab97-af0e0b935f1c" testListId="8c84fa94-04c1-424b-9868-57a2d4851a1d" />
    <TestEntry testId="9cd7f192-bb9b-abd8-007d-2585a8ffb5e9" executionId="44211e93-b07f-4984-bf5a-41fab8d31238" testListId="8c84fa94-04c1-424b-9868-57a2d4851a1d" />
    <TestEntry testId="7711d213-9779-8d22-c44f-611f07df932a" executionId="2a4c68fd-2dd6-4ab0-b4f9-fddf27c2501d" testListId="8c84fa94-04c1-424b-9868-57a2d4851a1d" />
    <TestEntry testId="3e754e7c-3120-cf7a-7a68-ce1c9a477533" executionId="1d3419b1-bdea-4825-96f8-348ce69e021b" testListId="8c84fa94-04c1-424b-9868-57a2d4851a1d" />
    <TestEntry testId="1ccac014-6a4c-a22a-90fa-db21298e0651" executionId="d10a1e38-37db-4dd1-acab-aba898d2e942" testListId="8c84fa94-04c1-424b-9868-57a2d4851a1d" />
    <TestEntry testId="7d4e8658-cb8d-0c66-3167-748289c2e3c6" executionId="aa715162-f666-42d7-b1b0-ce51a99ab584" testListId="8c84fa94-04c1-424b-9868-57a2d4851a1d" />
    <TestEntry testId="46016c60-0720-f808-02e7-68fa8d4036c4" executionId="319d4af4-ce8e-4b51-bde3-e62542d0ddb7" testListId="8c84fa94-04c1-424b-9868-57a2d4851a1d" />
    <TestEntry testId="d40d14e6-e55e-a2ee-7c2d-3f2b4d1650c4" executionId="2d1783af-9160-4c6c-8849-aeb58d1d2ad0" testListId="8c84fa94-04c1-424b-9868-57a2d4851a1d" />
    <TestEntry testId="8d324366-3662-08e0-9537-a5a51d46bda5" executionId="dfd7478a-91bb-4b74-9617-e9d6714e0e41" testListId="8c84fa94-04c1-424b-9868-57a2d4851a1d" />
    <TestEntry testId="3d204cd7-14f8-bc71-3ad1-38415f6304bc" executionId="4093b7c6-2add-40a1-800f-e91e1bd7b012" testListId="8c84fa94-04c1-424b-9868-57a2d4851a1d" />
    <TestEntry testId="7aa5e31a-c407-5fc0-2788-70d3aa03acd3" executionId="e95f70d2-0d08-499f-909c-dd04c8bd9fd3" testListId="8c84fa94-04c1-424b-9868-57a2d4851a1d" />
    <TestEntry testId="7ae16dcf-6b89-2e79-9d90-4b5fa9ac7af9" executionId="c2cd3475-9d55-4976-af26-4c98b43d570f" testListId="8c84fa94-04c1-424b-9868-57a2d4851a1d" />
    <TestEntry testId="827cffd5-57e2-399d-4e16-80e94a843b77" executionId="bb6de111-7144-4445-9e85-13b7b7aeeb88" testListId="8c84fa94-04c1-424b-9868-57a2d4851a1d" />
    <TestEntry testId="185a6cd6-33af-0e1e-0bd1-2a440f9d65a0" executionId="0df446aa-0a68-48f5-807a-69c73bca8857" testListId="8c84fa94-04c1-424b-9868-57a2d4851a1d" />
    <TestEntry testId="3f5baae7-b2ef-0a09-bc51-f8b04a3acced" executionId="8e000107-7d89-467d-b7af-d1fb4e1babe3" testListId="8c84fa94-04c1-424b-9868-57a2d4851a1d" />
    <TestEntry testId="c7b04d5c-7711-e414-f9c1-9d377a8af2ec" executionId="215f7688-8e06-4e94-a516-46a3bd6da9ed" testListId="8c84fa94-04c1-424b-9868-57a2d4851a1d" />
    <TestEntry testId="2d42558b-0e16-1806-a5ca-7006bc54a2c7" executionId="18e75e46-6ff0-404c-80e8-f792dfa05ed1" testListId="8c84fa94-04c1-424b-9868-57a2d4851a1d" />
    <TestEntry testId="2582410d-2726-a653-733b-0912934edde4" executionId="0b225570-6cb8-42ad-86c8-6831bea10e44" testListId="8c84fa94-04c1-424b-9868-57a2d4851a1d" />
    <TestEntry testId="7f31b8c1-231f-a39c-8870-f0d4abe51343" executionId="d9636926-a61e-454d-8d2f-820a11add830" testListId="8c84fa94-04c1-424b-9868-57a2d4851a1d" />
    <TestEntry testId="0bff2ecc-4f41-029d-f57b-08de3b707d06" executionId="ee82380a-7dc0-4fb4-8445-5949fc9f4a0b" testListId="8c84fa94-04c1-424b-9868-57a2d4851a1d" />
    <TestEntry testId="e59f6969-24d1-ee70-57fe-d99344040a63" executionId="e40dc481-15dc-4ff5-bb18-dbc0406dd80a" testListId="8c84fa94-04c1-424b-9868-57a2d4851a1d" />
    <TestEntry testId="ec7cd5e3-a82c-cf66-66cc-45c1ba395a3e" executionId="437010f7-44b9-489d-bf6a-ee8847de25fb" testListId="8c84fa94-04c1-424b-9868-57a2d4851a1d" />
    <TestEntry testId="a7ad3ba3-5e5b-6ba0-2a38-a396786b3043" executionId="8643a38b-aa87-4198-96b7-987a9b440d5f" testListId="8c84fa94-04c1-424b-9868-57a2d4851a1d" />
    <TestEntry testId="b10f5741-388a-3ae9-2087-f07485587a15" executionId="65b5197c-89bb-4aaa-8c61-7e6e0afe9808" testListId="8c84fa94-04c1-424b-9868-57a2d4851a1d" />
    <TestEntry testId="477057b0-3b6f-36a4-06fc-1b03c23a4da7" executionId="a57f9327-aad7-49f3-9922-c8c1ff7217ef" testListId="8c84fa94-04c1-424b-9868-57a2d4851a1d" />
    <TestEntry testId="2505d350-e44a-f204-9fd8-58dd92f22763" executionId="7addd617-4305-44ae-a210-6bf25ca6ab01" testListId="8c84fa94-04c1-424b-9868-57a2d4851a1d" />
    <TestEntry testId="3f9861f9-4bc2-45e4-3f18-99d7b31a3667" executionId="d7c68019-d349-47f4-91e9-56c7d8214fb9" testListId="8c84fa94-04c1-424b-9868-57a2d4851a1d" />
    <TestEntry testId="59d49ae8-fe17-c8a4-30e6-e31bf9671e6d" executionId="949191f8-b348-4b30-8ae5-9e2895e3980b" testListId="8c84fa94-04c1-424b-9868-57a2d4851a1d" />
    <TestEntry testId="d5e7318a-a156-7dde-f329-f35fdf925ffa" executionId="99d93cad-7f77-4d31-91b3-64e655ad9d15" testListId="8c84fa94-04c1-424b-9868-57a2d4851a1d" />
    <TestEntry testId="520cf6eb-1b87-3f3a-4e2f-2f4e620f4b62" executionId="ecf084e5-9961-4032-b4f3-84008bcffec0" testListId="8c84fa94-04c1-424b-9868-57a2d4851a1d" />
    <TestEntry testId="b96d0d20-292a-e609-b515-79cd877929d7" executionId="99c852a9-4798-4e9e-bc19-acc28de4c291" testListId="8c84fa94-04c1-424b-9868-57a2d4851a1d" />
    <TestEntry testId="8c01a8cb-2ffc-5487-6da3-7bc37c88340c" executionId="fb5ecb07-5960-49ca-81d0-22b0bd1a84fb" testListId="8c84fa94-04c1-424b-9868-57a2d4851a1d" />
    <TestEntry testId="42b838e4-a515-a0a8-9201-8a5607fcd950" executionId="15519c51-a0ef-40eb-81f6-e5ffea32a94e" testListId="8c84fa94-04c1-424b-9868-57a2d4851a1d" />
    <TestEntry testId="b1f7f7a9-9f3c-0788-8363-349e751ff986" executionId="1175b589-d9ee-49c7-a688-c32e30f446cf" testListId="8c84fa94-04c1-424b-9868-57a2d4851a1d" />
    <TestEntry testId="7175185a-7456-021f-eecb-6c991ffd0d08" executionId="74d3b988-7f41-40f1-a9bb-450355d3ebd1" testListId="8c84fa94-04c1-424b-9868-57a2d4851a1d" />
    <TestEntry testId="d91077c4-486f-699f-e7de-7a096da96d2b" executionId="381b5c50-aaf2-43b9-b747-5bf885485203" testListId="8c84fa94-04c1-424b-9868-57a2d4851a1d" />
    <TestEntry testId="d9e9dfd4-db91-4986-9bbe-4cae120c9790" executionId="d282430e-9e28-4ebb-95ab-03a32794cd5f" testListId="8c84fa94-04c1-424b-9868-57a2d4851a1d" />
    <TestEntry testId="9c1cfe7d-bcc9-4b03-b265-ec26ee7c3263" executionId="23a627c6-7cb3-45b6-852c-b729e852fed8" testListId="8c84fa94-04c1-424b-9868-57a2d4851a1d" />
    <TestEntry testId="e35c95a4-d974-6814-c593-743bae04117a" executionId="95770442-06e0-43a9-b983-961243fe107e" testListId="8c84fa94-04c1-424b-9868-57a2d4851a1d" />
    <TestEntry testId="0249bb7c-cd9a-b690-46ba-3252e9d64885" executionId="962ba166-012d-4482-9dd0-dc06e4710c7e" testListId="8c84fa94-04c1-424b-9868-57a2d4851a1d" />
    <TestEntry testId="54dac1bc-0f72-9d60-bad7-07e4a0566a24" executionId="224cf16b-3c46-4a62-8ea3-873f4b264aaf" testListId="8c84fa94-04c1-424b-9868-57a2d4851a1d" />
    <TestEntry testId="e65338ab-e9eb-2800-4922-6e2f693b11d4" executionId="1f364acd-879a-4c66-a710-09931a2aa7fc" testListId="8c84fa94-04c1-424b-9868-57a2d4851a1d" />
    <TestEntry testId="3f4d3f91-09a2-a334-5932-6e78104fd8ba" executionId="0ecc31c4-a54e-4882-b6b9-64310016200d" testListId="8c84fa94-04c1-424b-9868-57a2d4851a1d" />
    <TestEntry testId="4e409710-7600-d8ec-3aaf-52ff72372913" executionId="37055de9-38af-422c-9b65-fa92ecbe81b4" testListId="8c84fa94-04c1-424b-9868-57a2d4851a1d" />
    <TestEntry testId="fdc90908-8368-ee5f-7b4f-9fee688fecb2" executionId="0844a167-8a74-4e3f-8931-5beac7567791" testListId="8c84fa94-04c1-424b-9868-57a2d4851a1d" />
    <TestEntry testId="a6b7ec4e-8439-0e75-5dff-9c306313533e" executionId="a3050d12-383c-452b-a604-00e2218844a0" testListId="8c84fa94-04c1-424b-9868-57a2d4851a1d" />
    <TestEntry testId="73d0473b-eb3b-71b8-da90-00961c42343e" executionId="1a978895-cc20-413e-99bd-a321ab3a8063" testListId="8c84fa94-04c1-424b-9868-57a2d4851a1d" />
    <TestEntry testId="ce19e570-cfff-5516-73c5-0c25670038af" executionId="81108f28-6660-4e65-bdb0-cb21825c3995" testListId="8c84fa94-04c1-424b-9868-57a2d4851a1d" />
    <TestEntry testId="172a47eb-7de7-c6df-b8be-70c0be7e14f7" executionId="91169f95-c704-4de8-bf60-1a0773dad5ce" testListId="8c84fa94-04c1-424b-9868-57a2d4851a1d" />
    <TestEntry testId="68647ad1-4f74-1b97-159d-5659e9979e01" executionId="60f31088-7c2a-4d6d-9016-3d536c19ddc5" testListId="8c84fa94-04c1-424b-9868-57a2d4851a1d" />
    <TestEntry testId="dfe6a45f-34c2-c767-91dd-1f8de6538cc0" executionId="4d63c571-d737-416c-9365-321162b4dc17" testListId="8c84fa94-04c1-424b-9868-57a2d4851a1d" />
    <TestEntry testId="eb717265-8ce6-9ca5-299a-76e8f4608ecc" executionId="25e236bb-e608-4397-83ab-3568367595f2" testListId="8c84fa94-04c1-424b-9868-57a2d4851a1d" />
    <TestEntry testId="87537a65-edc4-293b-e0c7-ff87f3dc8e79" executionId="9c861f32-b2f0-42d4-92cd-e80b41f07c8f" testListId="8c84fa94-04c1-424b-9868-57a2d4851a1d" />
    <TestEntry testId="8c733a46-a4ea-1620-69ec-bdd69e48dc0b" executionId="c8143ec3-e699-4ebd-80b3-5614971116a3" testListId="8c84fa94-04c1-424b-9868-57a2d4851a1d" />
    <TestEntry testId="c900e632-ca6a-8d11-765e-c59876f4f7f8" executionId="e82da20a-c8ee-4d24-9026-8b539b24745e" testListId="8c84fa94-04c1-424b-9868-57a2d4851a1d" />
    <TestEntry testId="be34b3ae-4d99-48a5-415d-a9f5ba8821a1" executionId="83824ed7-0877-4233-be15-e0070df26aa6" testListId="8c84fa94-04c1-424b-9868-57a2d4851a1d" />
    <TestEntry testId="fb896724-2095-3026-71b5-ad9198efd098" executionId="2a1993fc-7d05-41a6-8d50-ba894dd7f729" testListId="8c84fa94-04c1-424b-9868-57a2d4851a1d" />
    <TestEntry testId="22d4e883-d516-a3c1-91a6-c6ccca686050" executionId="6e0c54a2-5574-4bc2-9a2f-cce82f5c6725" testListId="8c84fa94-04c1-424b-9868-57a2d4851a1d" />
    <TestEntry testId="81cae9df-520c-bb72-ca7a-30a828451359" executionId="c1e8167e-4864-4059-9b86-b6325f62f99b" testListId="8c84fa94-04c1-424b-9868-57a2d4851a1d" />
    <TestEntry testId="88b5a428-7422-548a-ca90-5bd2a62420ae" executionId="b64e1c7e-2e4f-46a8-b01f-58de95b2cfa2" testListId="8c84fa94-04c1-424b-9868-57a2d4851a1d" />
    <TestEntry testId="5281d8e8-e57c-c45e-69f7-66dd4ef8cb7b" executionId="86b70a5a-bb59-40b9-99ac-ef1db94d2bae" testListId="8c84fa94-04c1-424b-9868-57a2d4851a1d" />
    <TestEntry testId="8c9fb467-c9d9-e4ca-cb2a-8456e527af16" executionId="b6814a57-75f6-42a6-8d50-453bfeb1679c" testListId="8c84fa94-04c1-424b-9868-57a2d4851a1d" />
    <TestEntry testId="4e6de647-43c0-2d5e-ffcc-d884e859b7df" executionId="fad6c359-4548-4a8e-8e29-bd6794fa2c5e" testListId="8c84fa94-04c1-424b-9868-57a2d4851a1d" />
    <TestEntry testId="7acc5254-e1e8-fc5e-ffbb-a06142942287" executionId="f70bb16e-979d-4b9d-aeeb-3d05d9c75a2e" testListId="8c84fa94-04c1-424b-9868-57a2d4851a1d" />
    <TestEntry testId="8dc17fe0-66a4-6cf2-3749-0f755c367e4d" executionId="f56480ef-9636-4367-aef5-461edcabb71e" testListId="8c84fa94-04c1-424b-9868-57a2d4851a1d" />
    <TestEntry testId="837ea7f9-62f6-2203-19c1-0791b6c92a8e" executionId="232d9c8e-19e7-4e60-a9bd-c97a93676c7a" testListId="8c84fa94-04c1-424b-9868-57a2d4851a1d" />
    <TestEntry testId="ddd7ef0f-f8d8-3f23-14c1-c969cc917d3a" executionId="ddded3a4-6cbe-4a33-bbe4-9d8be2c34d0a" testListId="8c84fa94-04c1-424b-9868-57a2d4851a1d" />
    <TestEntry testId="0046d277-9b70-8213-d3d2-32e9f1ff9915" executionId="c9df1392-e9dc-4d39-8ff2-0278d58de70f" testListId="8c84fa94-04c1-424b-9868-57a2d4851a1d" />
    <TestEntry testId="12f16ac3-f6d6-9802-1d09-4301de2f7efc" executionId="dd119520-32dc-46fc-8e08-c76a94093257" testListId="8c84fa94-04c1-424b-9868-57a2d4851a1d" />
    <TestEntry testId="4018bd47-d5cd-e85a-b6de-7760e129dafa" executionId="63d32a69-2ffa-4489-aee2-615817d16905" testListId="8c84fa94-04c1-424b-9868-57a2d4851a1d" />
    <TestEntry testId="78d335ed-d8a0-4e68-1b07-0e64ec6fcf01" executionId="b9b1d93c-6295-4ca0-80e4-9dc41af3386c" testListId="8c84fa94-04c1-424b-9868-57a2d4851a1d" />
    <TestEntry testId="45c0ed35-3801-fd39-72e9-842befa716d9" executionId="b1ac154d-01b5-409d-9829-140f6f39bc0f" testListId="8c84fa94-04c1-424b-9868-57a2d4851a1d" />
    <TestEntry testId="87e55bdd-4276-ed24-3a0c-df1323a9e2c9" executionId="e80180cd-14df-4a0a-b6bf-72500c27f24a" testListId="8c84fa94-04c1-424b-9868-57a2d4851a1d" />
    <TestEntry testId="1798213c-35a3-cbbc-3a0a-8843aace427d" executionId="b88118d3-86b1-48e8-800f-b3cb9e04934e" testListId="8c84fa94-04c1-424b-9868-57a2d4851a1d" />
    <TestEntry testId="fa4cb098-045c-45a9-65cd-11b5fd8b475f" executionId="3c193249-2fa0-4aa3-9c3f-c2f39881a8ba" testListId="8c84fa94-04c1-424b-9868-57a2d4851a1d" />
    <TestEntry testId="343fd73e-33e0-a251-14f5-344e69186a31" executionId="1c260b36-5af8-4adb-b826-390e72250fbc" testListId="8c84fa94-04c1-424b-9868-57a2d4851a1d" />
    <TestEntry testId="c91192db-21fb-4e08-e57b-721298eb140d" executionId="77c4a6c5-096f-4017-a51f-b038748ccc79" testListId="8c84fa94-04c1-424b-9868-57a2d4851a1d" />
    <TestEntry testId="29048f6b-b73b-a720-ef94-9f27a4540f3c" executionId="b63d309f-380c-4f22-ace8-c8cb685922d0" testListId="8c84fa94-04c1-424b-9868-57a2d4851a1d" />
    <TestEntry testId="af05f3f5-fc25-06fd-0f22-fca8b27396d1" executionId="2290034e-ccc9-451a-9c59-2caf97adc699" testListId="8c84fa94-04c1-424b-9868-57a2d4851a1d" />
    <TestEntry testId="5639502e-a141-45eb-1c4f-81dc941ff67a" executionId="768d5c1d-4f86-4e40-9528-07468b158376" testListId="8c84fa94-04c1-424b-9868-57a2d4851a1d" />
    <TestEntry testId="4cc42eb6-e899-4ec5-21b6-53546311ab9e" executionId="ec3ba789-be58-427f-a58c-f0c5886e7fda" testListId="8c84fa94-04c1-424b-9868-57a2d4851a1d" />
    <TestEntry testId="2cc2759a-0e74-d1e3-53c0-3d706804902c" executionId="2dd09a71-8061-46e9-9470-d4b6e2a13566" testListId="8c84fa94-04c1-424b-9868-57a2d4851a1d" />
    <TestEntry testId="72e4583e-7bd1-6573-8e0c-b7583f2d0b50" executionId="b74c9a44-5ce3-4697-9df0-f689053c56a9" testListId="8c84fa94-04c1-424b-9868-57a2d4851a1d" />
    <TestEntry testId="57fdcf56-cdf1-9f39-baba-1b1c695971d5" executionId="c569008c-32c7-4da1-a0f2-0ff038306b3a" testListId="8c84fa94-04c1-424b-9868-57a2d4851a1d" />
    <TestEntry testId="9f544328-b14d-2f96-b54b-781ab9cf51e8" executionId="c592e089-56c3-4c80-a0bc-c2012650b36b" testListId="8c84fa94-04c1-424b-9868-57a2d4851a1d" />
    <TestEntry testId="ce73eb79-a497-c2a4-9a02-ef4f9a7168c5" executionId="ecb287bb-9576-4b6c-ac69-760c65ea8aed" testListId="8c84fa94-04c1-424b-9868-57a2d4851a1d" />
    <TestEntry testId="77c94a3a-bf51-e754-8b05-8ef3b5f32220" executionId="24605cd0-bc8d-491c-a2d8-dd47d2a77a50" testListId="8c84fa94-04c1-424b-9868-57a2d4851a1d" />
    <TestEntry testId="18fd69b0-d054-4b67-4fab-caa28c12efff" executionId="884a530b-cd9b-44ac-b2bf-8a7c2cfdeba5" testListId="8c84fa94-04c1-424b-9868-57a2d4851a1d" />
    <TestEntry testId="fa4cc283-dfe0-de36-3d73-29ab1e351353" executionId="9b49e03a-c36d-4ceb-80bc-70d2e25a9c3d" testListId="8c84fa94-04c1-424b-9868-57a2d4851a1d" />
    <TestEntry testId="dc5b4323-69df-5b53-04b8-b2edd86e4211" executionId="f316205c-02b9-4efb-a651-e443eb51d373" testListId="8c84fa94-04c1-424b-9868-57a2d4851a1d" />
    <TestEntry testId="89ecaa3a-044a-88b6-09ea-2d19af9e4614" executionId="5ce8a30c-48b2-4cf7-a973-ff572a848eb1" testListId="8c84fa94-04c1-424b-9868-57a2d4851a1d" />
    <TestEntry testId="dd76f619-e962-2008-d0f8-a714bb3f5c46" executionId="5575db40-26f8-4b7a-8438-367b8e068aff" testListId="8c84fa94-04c1-424b-9868-57a2d4851a1d" />
    <TestEntry testId="2b9ecce3-1ede-532e-6e3c-66b19452e797" executionId="c9c56a81-43b3-4be2-b380-c6957ba6e4e5" testListId="8c84fa94-04c1-424b-9868-57a2d4851a1d" />
    <TestEntry testId="6d7b3d93-71ec-c074-924a-c624993f0b1a" executionId="6762af77-a83b-432d-894a-94977d9d6913" testListId="8c84fa94-04c1-424b-9868-57a2d4851a1d" />
    <TestEntry testId="35d57337-18a5-4629-635a-b25a895ec8a2" executionId="249116b2-d4c4-4549-95c9-8734daecc87f" testListId="8c84fa94-04c1-424b-9868-57a2d4851a1d" />
    <TestEntry testId="8bb24e9f-b033-fdc0-7830-bccb21534250" executionId="f5b6ce18-aa13-4f4d-ae3a-d213359f46ad" testListId="8c84fa94-04c1-424b-9868-57a2d4851a1d" />
    <TestEntry testId="b2bd5000-3749-abcf-9228-2b95c005c687" executionId="f0a0d44d-8f03-4bd8-9d92-2534f858b0c1" testListId="8c84fa94-04c1-424b-9868-57a2d4851a1d" />
    <TestEntry testId="f2ce22ba-4e0c-a11c-c657-a799ce863a26" executionId="a99b44e0-f7aa-44f6-9cc5-ede9f4eb0003" testListId="8c84fa94-04c1-424b-9868-57a2d4851a1d" />
    <TestEntry testId="072094bf-9963-158f-becb-8dd6d4e2c76c" executionId="22d6c505-d0db-4d53-b76a-ae67f7700451" testListId="8c84fa94-04c1-424b-9868-57a2d4851a1d" />
    <TestEntry testId="5586d107-f84a-20c0-07c2-a380e15c327c" executionId="0c11d0d2-399f-4ef1-af75-4114e9c32c83" testListId="8c84fa94-04c1-424b-9868-57a2d4851a1d" />
    <TestEntry testId="d269bbab-e11e-9189-e523-cf92a42762f7" executionId="108a4f88-689f-4e26-b7c3-ff91750f9a0e" testListId="8c84fa94-04c1-424b-9868-57a2d4851a1d" />
    <TestEntry testId="46a7f553-bbcf-0c84-0101-71d2924c06c9" executionId="e5b28436-0ca6-4f0f-a68b-7260512770e4" testListId="8c84fa94-04c1-424b-9868-57a2d4851a1d" />
    <TestEntry testId="9660e9b2-80f8-e700-08d8-e0b7717e9f85" executionId="dbde0d77-d0ee-40b1-b104-5254627b96ab" testListId="8c84fa94-04c1-424b-9868-57a2d4851a1d" />
    <TestEntry testId="df8d3f6f-dec6-fe48-30b1-4504bb2aa651" executionId="98a2b320-6fbf-4ab6-9ffe-ad6e334981e3" testListId="8c84fa94-04c1-424b-9868-57a2d4851a1d" />
    <TestEntry testId="f950f79e-ba5e-b1e8-b4c0-7c88acd39e8b" executionId="246a411f-f124-486b-9232-57275ec85e58" testListId="8c84fa94-04c1-424b-9868-57a2d4851a1d" />
    <TestEntry testId="396d4f9b-ac51-22fa-04b5-9956711699f1" executionId="809e1eba-c18f-4970-a1b9-4c738c4e815a" testListId="8c84fa94-04c1-424b-9868-57a2d4851a1d" />
    <TestEntry testId="4bbe555c-8fb0-44dc-18a4-86549d9ecd64" executionId="ccef6be6-4f17-4997-a038-415df4952e97" testListId="8c84fa94-04c1-424b-9868-57a2d4851a1d" />
    <TestEntry testId="9e5e4569-9acc-0235-4e91-ee81d67e124e" executionId="f005bb5e-88f0-4ddf-bc74-50f23e6279cc" testListId="8c84fa94-04c1-424b-9868-57a2d4851a1d" />
    <TestEntry testId="24c340fb-d377-9a86-7f7b-24671f6c604a" executionId="c47e6510-35c5-4be6-bf39-8a5da66331b8" testListId="8c84fa94-04c1-424b-9868-57a2d4851a1d" />
    <TestEntry testId="878dbf6d-4718-3010-2956-9a909a749d2f" executionId="15a69493-a691-4e39-86e5-7f8ca17f6170" testListId="8c84fa94-04c1-424b-9868-57a2d4851a1d" />
    <TestEntry testId="356cc39e-f096-9eaf-df3c-a4d73a8c57b9" executionId="1fe358a2-385d-42cb-a542-13747fee3539" testListId="8c84fa94-04c1-424b-9868-57a2d4851a1d" />
    <TestEntry testId="aac2053d-c1f1-3ae9-c811-84c25975dded" executionId="0fcd352b-9b76-445e-a6b1-2c3c3f5a40ce" testListId="8c84fa94-04c1-424b-9868-57a2d4851a1d" />
    <TestEntry testId="a1855258-2f38-7695-fb75-dcfca8f4ee44" executionId="b8b7f496-f5ae-4a8b-9139-710bc59101e4" testListId="8c84fa94-04c1-424b-9868-57a2d4851a1d" />
    <TestEntry testId="49d22b5a-8a11-c5d8-4359-de2ffd90b380" executionId="799f332d-d2f5-49aa-a103-6e4098d2683f" testListId="8c84fa94-04c1-424b-9868-57a2d4851a1d" />
    <TestEntry testId="99b19fe9-9646-fec1-29a0-b1e5f49baebb" executionId="f341851b-c87a-433b-9e39-23f34044225d" testListId="8c84fa94-04c1-424b-9868-57a2d4851a1d" />
    <TestEntry testId="510de9dc-e90e-bdb2-662b-4a218168ebca" executionId="5cf60722-b21b-4204-bcff-ac5b78dc41c9" testListId="8c84fa94-04c1-424b-9868-57a2d4851a1d" />
    <TestEntry testId="e59ff618-3ced-6a2f-d01c-20262e337085" executionId="91d1c1ce-6914-4ce9-984f-79d315453ebb" testListId="8c84fa94-04c1-424b-9868-57a2d4851a1d" />
    <TestEntry testId="e9f8fc86-f5b4-af50-fd5d-96735f013b0a" executionId="56d3db43-3c91-4ecf-a73f-d8c13cfd3f99" testListId="8c84fa94-04c1-424b-9868-57a2d4851a1d" />
    <TestEntry testId="10354eb4-4c14-dba7-068b-24dcfb475d53" executionId="0c913ebf-aa7a-4ea0-b121-b4b1e52770ad" testListId="8c84fa94-04c1-424b-9868-57a2d4851a1d" />
    <TestEntry testId="69b65817-cd82-0a96-5e68-ab587e27eb95" executionId="b91df9b2-e5e7-4a8d-ab74-1599ce64a349" testListId="8c84fa94-04c1-424b-9868-57a2d4851a1d" />
    <TestEntry testId="ccc07dc4-5c65-0922-771d-b881981eeb94" executionId="d9f1f587-6ad1-44d2-bf7f-34724161ffa0" testListId="8c84fa94-04c1-424b-9868-57a2d4851a1d" />
    <TestEntry testId="f8565019-7e1a-d4d3-b349-7121ac8fabab" executionId="ca671984-9455-442a-9022-40e6862582d5" testListId="8c84fa94-04c1-424b-9868-57a2d4851a1d" />
    <TestEntry testId="615647ea-1f6e-f46b-032e-269c67342efc" executionId="84d63cb1-9bf6-4b19-9389-e5a1335acbb4" testListId="8c84fa94-04c1-424b-9868-57a2d4851a1d" />
    <TestEntry testId="8106ff23-bb8f-04f9-7754-208ee15e0e54" executionId="ca659be3-7b8b-4d06-8958-065d63abfb36" testListId="8c84fa94-04c1-424b-9868-57a2d4851a1d" />
    <TestEntry testId="c5847a99-4505-c2ed-d54d-fc269a080b27" executionId="13882feb-005a-4205-aabc-c50424edc096" testListId="8c84fa94-04c1-424b-9868-57a2d4851a1d" />
    <TestEntry testId="5c035d64-72fa-5f12-cc21-1e89e4c3e9b9" executionId="ead34f80-a98e-4358-a8a4-7cb4466244d6" testListId="8c84fa94-04c1-424b-9868-57a2d4851a1d" />
    <TestEntry testId="9323afa7-c6a5-6a33-bb74-8f4b3b4998d0" executionId="c845c9b5-96ce-4e15-aaae-ad317b6fd65e" testListId="8c84fa94-04c1-424b-9868-57a2d4851a1d" />
    <TestEntry testId="5fc7d131-6de1-7ffe-375b-8ea28a5dbcb8" executionId="cb0b90c0-84bd-4011-88d1-fe3c2419d3e6" testListId="8c84fa94-04c1-424b-9868-57a2d4851a1d" />
    <TestEntry testId="973ec4a4-75bf-519b-ad67-04ada4756976" executionId="1c397c45-c0c5-4221-9b2b-a2c5dd8ab49f" testListId="8c84fa94-04c1-424b-9868-57a2d4851a1d" />
    <TestEntry testId="fb8ea106-f542-3a06-bc35-d8f4e171c2a2" executionId="1c1ab358-f6ea-4aef-841c-3f37330d7d74" testListId="8c84fa94-04c1-424b-9868-57a2d4851a1d" />
    <TestEntry testId="d23e84fd-71f4-7bce-d8fe-1741eb8da08e" executionId="bc5da19c-9bac-4ae4-9cae-12469eb9cd96" testListId="8c84fa94-04c1-424b-9868-57a2d4851a1d" />
    <TestEntry testId="fa20158d-fb5e-8e7a-f1da-aa0a1eb9ba5a" executionId="dde4ed3d-1104-4188-826a-166f9196e37e" testListId="8c84fa94-04c1-424b-9868-57a2d4851a1d" />
    <TestEntry testId="386e0330-7309-7b37-24f5-0984d80d3723" executionId="b9a6e641-f346-4cbe-898d-8a8dd1cd3be3" testListId="8c84fa94-04c1-424b-9868-57a2d4851a1d" />
    <TestEntry testId="d1c2a2fd-4568-2e97-946f-7480ea03bef1" executionId="31d68bf6-a569-468b-8f22-098df262ae33" testListId="8c84fa94-04c1-424b-9868-57a2d4851a1d" />
    <TestEntry testId="6c5bb03b-3d70-308f-aed5-443e0f2530e1" executionId="89e87085-3f18-4df1-a0ab-d5577fd198cb" testListId="8c84fa94-04c1-424b-9868-57a2d4851a1d" />
    <TestEntry testId="d85c6fd3-7663-9ff2-9595-f7d77c06aa38" executionId="092e1a97-10ab-4481-b41f-c927b783c080" testListId="8c84fa94-04c1-424b-9868-57a2d4851a1d" />
    <TestEntry testId="2e93bee1-fb36-0850-7490-5577524da5c2" executionId="63d24898-012f-4bd4-9803-defd0e4b71ca" testListId="8c84fa94-04c1-424b-9868-57a2d4851a1d" />
    <TestEntry testId="f4c9aa46-811a-389b-d744-72a428dee7d2" executionId="31e94818-fc39-490f-aec9-e12be56176c7" testListId="8c84fa94-04c1-424b-9868-57a2d4851a1d" />
    <TestEntry testId="6219abff-caed-b73f-a3a3-a932c37fd5fb" executionId="724b736d-d1f1-4a46-87c5-4cfb98896453" testListId="8c84fa94-04c1-424b-9868-57a2d4851a1d" />
    <TestEntry testId="e7cf9e58-42dd-8f47-eefc-754488b66343" executionId="1a96475d-e03f-44e6-87b7-1e08de904e92" testListId="8c84fa94-04c1-424b-9868-57a2d4851a1d" />
    <TestEntry testId="83f86451-fb52-b95e-1b52-9f97603c1dd2" executionId="5c1202f9-b7c6-40fa-af1a-b296e40d6a31" testListId="8c84fa94-04c1-424b-9868-57a2d4851a1d" />
    <TestEntry testId="f2c9e096-86d1-9457-0421-5a040989da55" executionId="212e977c-8138-4f61-b3ff-0ac0b060230b" testListId="8c84fa94-04c1-424b-9868-57a2d4851a1d" />
    <TestEntry testId="0df754ab-3374-deab-a269-326e3752e38a" executionId="4336d133-7c94-4527-9e5b-e71e7d9f1f2a" testListId="8c84fa94-04c1-424b-9868-57a2d4851a1d" />
    <TestEntry testId="310112f5-4d07-717c-55f6-37a269d700ab" executionId="7f28d815-0e31-42d3-8c6a-396f1105cb33" testListId="8c84fa94-04c1-424b-9868-57a2d4851a1d" />
    <TestEntry testId="6ddbf3e0-3ece-b657-908f-2948ae07368f" executionId="822276a1-d32d-42b9-bdb7-1ef623ad6445" testListId="8c84fa94-04c1-424b-9868-57a2d4851a1d" />
    <TestEntry testId="2e480f4f-8e65-8226-244e-bc56a9d64e7e" executionId="b3b405e9-9315-4340-8bb1-8ffc81d20762" testListId="8c84fa94-04c1-424b-9868-57a2d4851a1d" />
    <TestEntry testId="ad4bf482-4b9d-1c7e-1b22-27f5b448acad" executionId="69d6384a-9c2e-40fd-a24d-d97b3cb79bb3" testListId="8c84fa94-04c1-424b-9868-57a2d4851a1d" />
    <TestEntry testId="28faaf32-b614-3b46-c8af-acfb48482d8d" executionId="1b61d973-395b-4e49-86a1-e205f8535847" testListId="8c84fa94-04c1-424b-9868-57a2d4851a1d" />
    <TestEntry testId="e180b2c2-7fc8-0f15-5653-0156d254c8c9" executionId="9bfaf6f3-83a6-4d77-afcb-0c6ed675ef70" testListId="8c84fa94-04c1-424b-9868-57a2d4851a1d" />
    <TestEntry testId="3b62dc28-12fd-93fe-6512-390293682652" executionId="855d4eb7-a3d8-433e-ac9d-b4a1e9a6337d" testListId="8c84fa94-04c1-424b-9868-57a2d4851a1d" />
    <TestEntry testId="c2ecdd5b-e826-0361-04c0-37d21eeea23d" executionId="3c6f4c27-2270-488d-aea0-2cf7f80ff704" testListId="8c84fa94-04c1-424b-9868-57a2d4851a1d" />
    <TestEntry testId="9b3070df-a285-654a-0d56-528d1aaa0bdd" executionId="45689430-ecc1-4b49-b180-3d32ebad5371" testListId="8c84fa94-04c1-424b-9868-57a2d4851a1d" />
    <TestEntry testId="78fd4f15-08d5-878b-fd2a-dd2d3bcc8384" executionId="6b90b308-efeb-4ae9-95a9-07900191b159" testListId="8c84fa94-04c1-424b-9868-57a2d4851a1d" />
    <TestEntry testId="7d1b1cf4-8561-5b1e-3cb0-e9438583a7c7" executionId="dadbf1fe-b80a-4ea5-99cf-82aa12b2930b" testListId="8c84fa94-04c1-424b-9868-57a2d4851a1d" />
    <TestEntry testId="3df0dc6c-72ae-14e2-377c-12e9cf0a4276" executionId="c2d6364f-ee97-494c-ac4c-63a554458024" testListId="8c84fa94-04c1-424b-9868-57a2d4851a1d" />
    <TestEntry testId="fb1e59a0-19c5-d0be-0d94-4bf533d92746" executionId="391ad50b-ce3d-4473-87a2-9a7fc098ed74" testListId="8c84fa94-04c1-424b-9868-57a2d4851a1d" />
    <TestEntry testId="a6b1c1b8-42d6-da05-0367-8e170c8545bb" executionId="27d88522-8f41-4f92-801e-f84961565a0e" testListId="8c84fa94-04c1-424b-9868-57a2d4851a1d" />
    <TestEntry testId="08ddb4d1-1ea9-4a39-f70b-490a5dd2fdfe" executionId="e038a982-6a82-4646-a599-56f7e0644a2a" testListId="8c84fa94-04c1-424b-9868-57a2d4851a1d" />
    <TestEntry testId="d3a4b1bb-6aeb-d30b-4b3c-0f1cdc5eac6e" executionId="9c7bb65a-11dd-413d-b48c-d46a46f8613c" testListId="8c84fa94-04c1-424b-9868-57a2d4851a1d" />
    <TestEntry testId="89a69faa-d4fe-30f7-2dd0-a490e26ff484" executionId="061b5630-b74d-4d55-b65d-454dd9446ad6" testListId="8c84fa94-04c1-424b-9868-57a2d4851a1d" />
    <TestEntry testId="b173cbcd-a6a7-597f-40e4-5532d9298452" executionId="c1ec3242-6ae7-4ba6-9a17-ac7727d2bfb0" testListId="8c84fa94-04c1-424b-9868-57a2d4851a1d" />
    <TestEntry testId="6a32519d-0b48-1a74-f23b-101b1449f4f4" executionId="a6c9a0fb-0e76-4ba4-ad08-87e447e2580b" testListId="8c84fa94-04c1-424b-9868-57a2d4851a1d" />
    <TestEntry testId="8f75422e-f196-d0f3-b885-da9f9acf8fde" executionId="9b626032-e24a-47ef-adce-0ec657b55779" testListId="8c84fa94-04c1-424b-9868-57a2d4851a1d" />
    <TestEntry testId="797ec353-9b00-9db4-cc43-60b41df82c14" executionId="9b26432d-5e2f-4c5b-b3d8-b2ea1aa89e24" testListId="8c84fa94-04c1-424b-9868-57a2d4851a1d" />
    <TestEntry testId="94acb547-5f92-9634-547a-02395bd6053e" executionId="25928074-8d56-4d2a-abfd-959525c0d98a" testListId="8c84fa94-04c1-424b-9868-57a2d4851a1d" />
    <TestEntry testId="3fd3b076-d6e9-95cb-3f37-7d353eff3a42" executionId="5c4e6480-d7dc-462a-8f8a-74709fbd23ae" testListId="8c84fa94-04c1-424b-9868-57a2d4851a1d" />
    <TestEntry testId="162f6cfb-c27f-27d9-ae85-1a410ddacc2e" executionId="e8cf29b7-1e95-475b-9e10-d6e8ace138d3" testListId="8c84fa94-04c1-424b-9868-57a2d4851a1d" />
    <TestEntry testId="19df813d-aa7e-5539-ce76-ba8a68683016" executionId="c3bfa660-ae15-48cb-b99f-57a49ac09d4d" testListId="8c84fa94-04c1-424b-9868-57a2d4851a1d" />
    <TestEntry testId="5d43f699-35d1-a4da-58e9-d0a22f0dcdd2" executionId="36e40ce9-be8c-44d9-96b0-5280281eafb0" testListId="8c84fa94-04c1-424b-9868-57a2d4851a1d" />
    <TestEntry testId="aef446e3-f136-0d0b-1c4f-72b145e6d953" executionId="c511e97b-a368-42bf-9763-96e6f92e1ed5" testListId="8c84fa94-04c1-424b-9868-57a2d4851a1d" />
    <TestEntry testId="93b0e2c3-3a46-c74b-dad5-afcb4f0bfcfa" executionId="d22dabc1-17b2-4310-be3e-8132ca807953" testListId="8c84fa94-04c1-424b-9868-57a2d4851a1d" />
    <TestEntry testId="7bc9b0b3-f390-4717-09ce-b059301b82e1" executionId="7c5981ba-00ac-434b-a4bd-8fad15eebcfa" testListId="8c84fa94-04c1-424b-9868-57a2d4851a1d" />
    <TestEntry testId="d158f051-212f-d40f-0819-bf99fbd314c0" executionId="96a9cacf-722d-4942-addf-c5b5235d399d" testListId="8c84fa94-04c1-424b-9868-57a2d4851a1d" />
    <TestEntry testId="ea3e05c1-5c7d-865c-be9d-8f2ae46de9bb" executionId="bf10cefd-2dd2-4298-bfce-925ce18694f6" testListId="8c84fa94-04c1-424b-9868-57a2d4851a1d" />
    <TestEntry testId="7882d79f-7e75-7cd0-3f6e-4fc087cc8ade" executionId="a8da5606-a1af-4446-ae26-523acbaaaa5f" testListId="8c84fa94-04c1-424b-9868-57a2d4851a1d" />
    <TestEntry testId="883b640c-041a-1680-ac03-f244d5532ee9" executionId="e5c173a9-8477-4b0b-9ed9-4ca8d13c3fdc" testListId="8c84fa94-04c1-424b-9868-57a2d4851a1d" />
    <TestEntry testId="4949997c-46c8-3183-1501-b1267871bfcf" executionId="c44f5eed-9970-49d4-ad05-89d72490bc36" testListId="8c84fa94-04c1-424b-9868-57a2d4851a1d" />
    <TestEntry testId="1393749b-9888-f339-bbe0-fe7c36d53117" executionId="4acfee9a-1706-459e-a0b3-302b84107efe" testListId="8c84fa94-04c1-424b-9868-57a2d4851a1d" />
    <TestEntry testId="1be37c51-af7c-9e7b-8fa3-a746d27f5f9b" executionId="1efba07d-3237-4ed9-8bcb-af7ab64c20f1" testListId="8c84fa94-04c1-424b-9868-57a2d4851a1d" />
    <TestEntry testId="994b105a-2d3c-5d2b-62ff-1c998f53f588" executionId="9e7e24b1-9805-4c62-b9a6-91eb4ddd2e29" testListId="8c84fa94-04c1-424b-9868-57a2d4851a1d" />
    <TestEntry testId="23376aab-8018-81b3-8b3c-57bc8b0141ed" executionId="97c7b9a8-7dfd-481e-987d-34fc8505fa22" testListId="8c84fa94-04c1-424b-9868-57a2d4851a1d" />
    <TestEntry testId="1634510e-087e-a71c-61ba-55901a3677cc" executionId="0afb9ecf-2065-4fb8-a791-98a35c46182a" testListId="8c84fa94-04c1-424b-9868-57a2d4851a1d" />
    <TestEntry testId="9b0dd086-97eb-5a55-6e89-79dde58b1fca" executionId="d14d5ebc-6406-41e5-8172-31cd218127f5" testListId="8c84fa94-04c1-424b-9868-57a2d4851a1d" />
    <TestEntry testId="29c59d8d-b92b-cfb2-1c78-b6b82406cb09" executionId="8a1beab6-c80f-40a1-a651-347ff405751e" testListId="8c84fa94-04c1-424b-9868-57a2d4851a1d" />
    <TestEntry testId="188163b5-3a99-e726-205c-6b6fc846baac" executionId="c58f7ff1-6d73-4bc8-b24d-7620685347e9" testListId="8c84fa94-04c1-424b-9868-57a2d4851a1d" />
    <TestEntry testId="62aa58ea-9077-0f9e-c60d-aafd4a8d0ad6" executionId="76a3c751-a028-46ae-b7af-da36255c674c" testListId="8c84fa94-04c1-424b-9868-57a2d4851a1d" />
    <TestEntry testId="ce7424f3-8800-2916-ce22-d9c4a6a2d917" executionId="81148445-642e-4a8c-93c5-5c732bf43cbe" testListId="8c84fa94-04c1-424b-9868-57a2d4851a1d" />
    <TestEntry testId="a9d39b02-2996-0d69-08ab-284d0ae0393a" executionId="4d242569-cf8b-4659-a9fc-906e36865b26" testListId="8c84fa94-04c1-424b-9868-57a2d4851a1d" />
    <TestEntry testId="f2a53262-1031-8641-ce23-2061a5c39410" executionId="daff4386-f154-4a71-bcf1-7878696802b0" testListId="8c84fa94-04c1-424b-9868-57a2d4851a1d" />
    <TestEntry testId="6d9ecacc-771f-c0f8-81b8-e7f5f5ecfa5f" executionId="73aac01f-4aa2-4054-ac93-d2295fa645c6" testListId="8c84fa94-04c1-424b-9868-57a2d4851a1d" />
    <TestEntry testId="1c742a22-39f7-5815-626c-daa50ff10c87" executionId="4f4564f5-5dc3-4961-8992-afaab3b1e9d4" testListId="8c84fa94-04c1-424b-9868-57a2d4851a1d" />
    <TestEntry testId="0161b4d2-48af-5756-816a-41884dcebe59" executionId="0057cdac-c1cb-4b9f-a9f8-4bf697bf81dd" testListId="8c84fa94-04c1-424b-9868-57a2d4851a1d" />
    <TestEntry testId="63390816-73a6-312f-e706-2ca3dfa39f0e" executionId="318019ec-c72f-4b94-93aa-689bb3ea197c" testListId="8c84fa94-04c1-424b-9868-57a2d4851a1d" />
    <TestEntry testId="e531c44f-a81a-259c-843c-505a398d8b55" executionId="cdbdbe0f-f7ca-4978-8d1d-0e6da47ac9c1" testListId="8c84fa94-04c1-424b-9868-57a2d4851a1d" />
    <TestEntry testId="a4c9dc78-d66c-c69a-90ef-d545d65a1a43" executionId="ac934495-9cb6-4185-b368-cfe9eed95865" testListId="8c84fa94-04c1-424b-9868-57a2d4851a1d" />
    <TestEntry testId="697a3a18-bb68-1bc4-ecac-a4680501e02f" executionId="11eae5a7-9c12-4bf2-8a7f-77f8e61b0993" testListId="8c84fa94-04c1-424b-9868-57a2d4851a1d" />
    <TestEntry testId="a1c1968f-35fe-99e9-9ed5-6d92bfa17acb" executionId="75b846f7-57ae-4751-93c7-4d1a1bd83232" testListId="8c84fa94-04c1-424b-9868-57a2d4851a1d" />
    <TestEntry testId="52ae0b6b-063d-fda1-eda2-bf4a1c9b90a4" executionId="03a5dbc4-efdb-41e3-8ba9-f6d8b0958858" testListId="8c84fa94-04c1-424b-9868-57a2d4851a1d" />
    <TestEntry testId="796d8eb9-61c1-6124-1220-be5bb72ca768" executionId="2dc844f3-2d56-4689-b61c-81fbb5077161" testListId="8c84fa94-04c1-424b-9868-57a2d4851a1d" />
    <TestEntry testId="be89a856-c15c-81ed-5ddb-4973639d716d" executionId="e3c071fb-bbf1-432a-9a4f-be482a1dca63" testListId="8c84fa94-04c1-424b-9868-57a2d4851a1d" />
    <TestEntry testId="0a4fef64-4b22-b6e1-3068-172d5dc1b64f" executionId="f450fab6-d641-4566-b93b-b650229fae60" testListId="8c84fa94-04c1-424b-9868-57a2d4851a1d" />
    <TestEntry testId="226e9057-54c6-53d9-d48c-5a3aaedbb305" executionId="c7846438-9cb1-4fd7-8b83-b3f01435d65e" testListId="8c84fa94-04c1-424b-9868-57a2d4851a1d" />
    <TestEntry testId="a7640c1c-3e1a-ff5f-a7c8-4da5a8b29af2" executionId="a0ba4434-a643-4abf-9f9c-089e9af34e19" testListId="8c84fa94-04c1-424b-9868-57a2d4851a1d" />
    <TestEntry testId="61de09e0-94b0-9094-bdcf-74e56c5800ed" executionId="d298ecd4-9a5a-45d8-bda8-250f93101e41" testListId="8c84fa94-04c1-424b-9868-57a2d4851a1d" />
    <TestEntry testId="407fdbb6-f29a-a8a2-0277-cd698b7b57a7" executionId="d3ec171c-f8bc-424f-96f9-eea1e34f2eaf" testListId="8c84fa94-04c1-424b-9868-57a2d4851a1d" />
    <TestEntry testId="0eac1afa-cee8-c2b1-e775-7c9bd515bfb3" executionId="6a3c0c09-84a0-4416-a370-c8f28ad9c9be" testListId="8c84fa94-04c1-424b-9868-57a2d4851a1d" />
    <TestEntry testId="231e01f7-8ce3-c622-6ddb-f4a558f73635" executionId="432f13c4-5acb-4599-8ffd-112fb8d49ecc" testListId="8c84fa94-04c1-424b-9868-57a2d4851a1d" />
    <TestEntry testId="61feef70-4f4a-625c-42d0-d394030d758f" executionId="e45fed70-e320-4866-908d-bf1d815a53f0" testListId="8c84fa94-04c1-424b-9868-57a2d4851a1d" />
    <TestEntry testId="dc5f28f7-09cd-2ab7-408b-876a39c8dcda" executionId="ebb1f1c8-e1a0-4b90-8750-b682152498cb" testListId="8c84fa94-04c1-424b-9868-57a2d4851a1d" />
    <TestEntry testId="633c7180-abf2-d38a-1f50-b48e71e9c2bd" executionId="78ff321e-2509-4bc0-9536-841f5503c6b7" testListId="8c84fa94-04c1-424b-9868-57a2d4851a1d" />
    <TestEntry testId="6e1a460b-06b0-f626-b520-bfe11fd26de1" executionId="75f0087a-75cc-4eef-8082-16430201ba0c" testListId="8c84fa94-04c1-424b-9868-57a2d4851a1d" />
    <TestEntry testId="2125ec6c-1902-cfab-5614-578492de27fd" executionId="57904553-a7b6-4a77-bbee-80a9cdeb7113" testListId="8c84fa94-04c1-424b-9868-57a2d4851a1d" />
    <TestEntry testId="c005721b-05db-8d7a-5eea-e90626721b80" executionId="be32cebf-6934-42ad-917f-48d55c2c3054" testListId="8c84fa94-04c1-424b-9868-57a2d4851a1d" />
    <TestEntry testId="9d69f166-b376-a2ad-1cb5-4f5364963c50" executionId="d061ed5b-297e-46da-b41a-f94db1bf9cfa" testListId="8c84fa94-04c1-424b-9868-57a2d4851a1d" />
    <TestEntry testId="5c61d628-c74f-c8f0-779e-82c0c2dc77df" executionId="fab2637f-d93c-4f72-902b-303bfdab35ef" testListId="8c84fa94-04c1-424b-9868-57a2d4851a1d" />
    <TestEntry testId="c5f68921-dad4-1a69-07c9-dd9ef56e29ff" executionId="2ed07fe8-7304-498c-ae06-9461c2d2f2c8" testListId="8c84fa94-04c1-424b-9868-57a2d4851a1d" />
    <TestEntry testId="e6b5dbec-3ede-e88e-98ad-309ef50c1b15" executionId="4781173e-df4b-4bc0-83ad-ca5b169533d3" testListId="8c84fa94-04c1-424b-9868-57a2d4851a1d" />
    <TestEntry testId="4bb73173-b83c-b642-8102-032feaeaf8ff" executionId="21c620c2-f562-49e4-87de-7e54cf862336" testListId="8c84fa94-04c1-424b-9868-57a2d4851a1d" />
    <TestEntry testId="fa35896d-315e-329a-8dc3-bb5ba3189b52" executionId="dc19069d-d9da-45ac-8cb3-465f12e8dcb5" testListId="8c84fa94-04c1-424b-9868-57a2d4851a1d" />
    <TestEntry testId="d781b83d-5216-d63d-acc7-8c5d47cd7ccf" executionId="4d9f3fb1-0b8e-438c-8a62-3158417db89a" testListId="8c84fa94-04c1-424b-9868-57a2d4851a1d" />
    <TestEntry testId="1d7b16e9-5047-ebb1-e4a1-207c49ea6bcd" executionId="7e176de6-43f7-4a37-842a-cb5fcced56ad" testListId="8c84fa94-04c1-424b-9868-57a2d4851a1d" />
    <TestEntry testId="aecfa300-816f-69bf-9efe-1e4204feea85" executionId="1460fa65-f1c5-4f9d-9c68-d3f2513eaf3b" testListId="8c84fa94-04c1-424b-9868-57a2d4851a1d" />
    <TestEntry testId="0c5da287-efdb-ad86-5a1d-4f909e3eba8c" executionId="00483663-cd1e-43f3-8e8e-d151b047f0b3" testListId="8c84fa94-04c1-424b-9868-57a2d4851a1d" />
    <TestEntry testId="33aaf4d3-9999-0bc6-ded9-bd2870cebad9" executionId="679a35a6-2082-40da-950f-88c3f8167de1" testListId="8c84fa94-04c1-424b-9868-57a2d4851a1d" />
    <TestEntry testId="42292f25-9e9f-80d8-c32a-5aae5cd0c643" executionId="827568c5-3a65-40ed-80c4-3c14198ba2b0" testListId="8c84fa94-04c1-424b-9868-57a2d4851a1d" />
    <TestEntry testId="e4c14db6-7ddb-4f54-d632-50f949736205" executionId="e38ae008-9d86-4894-b0b6-c5584318766d" testListId="8c84fa94-04c1-424b-9868-57a2d4851a1d" />
    <TestEntry testId="d9d0929f-95f9-5181-aa9b-10571d330d53" executionId="0efc65a7-67f3-487f-8460-66bda305fc50" testListId="8c84fa94-04c1-424b-9868-57a2d4851a1d" />
    <TestEntry testId="dab68c95-06ed-1b25-9b7e-b55b2972fccc" executionId="a5a5ea27-679f-4834-bf9a-b58428dc6040" testListId="8c84fa94-04c1-424b-9868-57a2d4851a1d" />
    <TestEntry testId="bcc4ea35-2128-3f0c-9022-a8e4dbbfeab6" executionId="57434172-cd14-424d-bb9a-3a45af6ea941" testListId="8c84fa94-04c1-424b-9868-57a2d4851a1d" />
    <TestEntry testId="96fd8acb-4fd6-1b77-8f7e-7416089655db" executionId="9b6cfb64-9a52-4b78-b82c-193219e791b5" testListId="8c84fa94-04c1-424b-9868-57a2d4851a1d" />
    <TestEntry testId="d322e661-5512-837b-be3c-27e6a4ac781f" executionId="d21abf8e-9bba-4db2-af21-57b267fad294" testListId="8c84fa94-04c1-424b-9868-57a2d4851a1d" />
    <TestEntry testId="ec065801-9998-c7ce-5285-3fe14e38cdac" executionId="a7af50b2-d0af-48cd-88d2-312d4d05c4fa" testListId="8c84fa94-04c1-424b-9868-57a2d4851a1d" />
    <TestEntry testId="5d068b70-09ca-86be-04bc-7a667c7e0484" executionId="9f5e6dd0-69d6-4655-b3b1-a3a688d65eb1" testListId="8c84fa94-04c1-424b-9868-57a2d4851a1d" />
    <TestEntry testId="702f6073-82fe-153e-00ca-63e8665d8828" executionId="6201a8a9-7e79-4848-a937-43bd5cb253a9" testListId="8c84fa94-04c1-424b-9868-57a2d4851a1d" />
    <TestEntry testId="d983931e-3379-4c6a-5c76-852ec2540d36" executionId="154d2221-0e8b-4248-b9e9-3724a0e93bae" testListId="8c84fa94-04c1-424b-9868-57a2d4851a1d" />
    <TestEntry testId="9b0f50d1-0319-2e52-3133-7e2638dde793" executionId="046961cc-fd78-469f-88d0-fbcd632f0b9f" testListId="8c84fa94-04c1-424b-9868-57a2d4851a1d" />
    <TestEntry testId="5439de61-630e-08c6-3445-f1eed3fd3847" executionId="489de213-de74-46f7-9673-eaf505df2b01" testListId="8c84fa94-04c1-424b-9868-57a2d4851a1d" />
    <TestEntry testId="dcda31af-f667-08b1-cb3b-ad651df24d23" executionId="7e6b4eda-488a-4446-860c-913ba29cca26" testListId="8c84fa94-04c1-424b-9868-57a2d4851a1d" />
    <TestEntry testId="dca73a03-b0b0-9398-437e-9e75519b25e4" executionId="a1b31d43-e8f9-4e07-bb1f-b2e4fbc97ad8" testListId="8c84fa94-04c1-424b-9868-57a2d4851a1d" />
    <TestEntry testId="2eacfbf3-667b-5a8e-52a0-d9d512e960c7" executionId="5947a39e-e086-4665-911f-c6a1e1bb2c0e" testListId="8c84fa94-04c1-424b-9868-57a2d4851a1d" />
    <TestEntry testId="5ad698c0-31c3-b3d2-caa9-9fa5ad866948" executionId="e8e6e752-bb4e-4869-a056-e5969c234ce8" testListId="8c84fa94-04c1-424b-9868-57a2d4851a1d" />
    <TestEntry testId="596b7c00-efcf-3d4d-3dbb-d2705ed5b371" executionId="1717b3b3-25bc-4478-a4e1-ada315297262" testListId="8c84fa94-04c1-424b-9868-57a2d4851a1d" />
    <TestEntry testId="6acfe581-a1ff-0243-6a25-fa30ab98af8f" executionId="0c77dbf9-1d48-4a57-b7f7-0eadf7266e55" testListId="8c84fa94-04c1-424b-9868-57a2d4851a1d" />
    <TestEntry testId="35247ab4-97a5-e557-91c7-742a1f89dba4" executionId="0702f1fc-41da-452d-9adb-0770f3f57d6c" testListId="8c84fa94-04c1-424b-9868-57a2d4851a1d" />
    <TestEntry testId="7264d755-3cfa-51c2-00b7-8c3c5d03bdbd" executionId="9b36ffca-abde-44cc-83de-db8085c74f9e" testListId="8c84fa94-04c1-424b-9868-57a2d4851a1d" />
    <TestEntry testId="a7aa3cc0-0ea1-3d0c-3a62-ac5a405bf34e" executionId="28ee6f3a-fcae-4c5f-afc0-81573cdf86bb" testListId="8c84fa94-04c1-424b-9868-57a2d4851a1d" />
    <TestEntry testId="c7c0db12-a7c7-5d4d-aeb3-925cdb576fb9" executionId="4fc68492-3aa6-4ffb-b2d7-cb122d8e5f0c" testListId="8c84fa94-04c1-424b-9868-57a2d4851a1d" />
    <TestEntry testId="0c283173-5d83-3aa6-5e6a-5b618b66073f" executionId="d98d9909-a169-40f0-b83e-637fc1dfa842" testListId="8c84fa94-04c1-424b-9868-57a2d4851a1d" />
    <TestEntry testId="80f7e275-5c62-bf32-953c-a522d71f0911" executionId="2d537313-90f0-40ec-9548-df2e253d6116" testListId="8c84fa94-04c1-424b-9868-57a2d4851a1d" />
    <TestEntry testId="725e041b-cd4a-19c3-f7e9-4d20b2961a86" executionId="c45b51cd-a8e2-4a3f-aeab-325fd40effbf" testListId="8c84fa94-04c1-424b-9868-57a2d4851a1d" />
    <TestEntry testId="5caf925d-9bc2-c40c-f14f-bb094f78a12c" executionId="09ffeeff-f71c-451f-89e8-76ce4f5181a5" testListId="8c84fa94-04c1-424b-9868-57a2d4851a1d" />
    <TestEntry testId="abcb8fa3-cd85-2471-5636-a22af31205a3" executionId="d660bd42-0b7e-4c8f-9436-b8c9940cd2d0" testListId="8c84fa94-04c1-424b-9868-57a2d4851a1d" />
    <TestEntry testId="d6776beb-14db-e4df-c8a3-8f90548062bb" executionId="2511ba18-24d5-40c6-9c81-8a866cf8602e" testListId="8c84fa94-04c1-424b-9868-57a2d4851a1d" />
    <TestEntry testId="08a9b593-cfee-9bdf-6d80-833bb0b65ba9" executionId="2db61191-945c-45c4-9913-314d2db56a9b" testListId="8c84fa94-04c1-424b-9868-57a2d4851a1d" />
    <TestEntry testId="a52561ca-dbe3-d21e-cc1f-fbc0bb577901" executionId="c5caf864-55fc-4acd-984a-3e41ccc5ceba" testListId="8c84fa94-04c1-424b-9868-57a2d4851a1d" />
    <TestEntry testId="3101a1d2-70b0-545d-5f32-eb96f6803b5f" executionId="74657cba-7f39-44c4-9ba0-87db6c202eab" testListId="8c84fa94-04c1-424b-9868-57a2d4851a1d" />
    <TestEntry testId="1346760c-63cd-b7f1-1c05-6d40bed27cce" executionId="79a8db2b-9498-4546-bcd0-eaa57ddabcd4" testListId="8c84fa94-04c1-424b-9868-57a2d4851a1d" />
    <TestEntry testId="22960b58-9cb3-5bbf-01a8-8b59f0364e15" executionId="bb315f7b-3246-4761-a294-323a970aaf6d" testListId="8c84fa94-04c1-424b-9868-57a2d4851a1d" />
    <TestEntry testId="40701e53-787e-9af9-e51e-796a4964c5fd" executionId="af1b7e10-5d9b-45ef-be03-1df32efa37ab" testListId="8c84fa94-04c1-424b-9868-57a2d4851a1d" />
    <TestEntry testId="a5c2b0ef-9ac8-1463-26cc-ed3d53a88d4a" executionId="0920ae17-fc90-4c6d-9abb-5247967cd77b" testListId="8c84fa94-04c1-424b-9868-57a2d4851a1d" />
    <TestEntry testId="7c2d9e42-a64f-2cb9-82f9-1e417facca20" executionId="4eb1f433-dbd4-45b8-89bc-437d43f8533c" testListId="8c84fa94-04c1-424b-9868-57a2d4851a1d" />
    <TestEntry testId="41d6624e-c316-a2d4-4992-8e24e9424bdf" executionId="b029bed3-ed6d-4635-b613-69f312149695" testListId="8c84fa94-04c1-424b-9868-57a2d4851a1d" />
    <TestEntry testId="ee1257ff-a5a9-5181-9e7b-d35ad6e89445" executionId="44288182-8444-4e3d-a9a3-3385ede0dae5" testListId="8c84fa94-04c1-424b-9868-57a2d4851a1d" />
    <TestEntry testId="877174d0-c487-453a-b8ad-4f52137508be" executionId="17d86457-47d5-40db-8629-cc845a652ca6" testListId="8c84fa94-04c1-424b-9868-57a2d4851a1d" />
    <TestEntry testId="d619cb92-2daa-6482-f5e5-56eaf7f3851b" executionId="9723fb25-11d9-4b64-9942-ff43e585a206" testListId="8c84fa94-04c1-424b-9868-57a2d4851a1d" />
    <TestEntry testId="a8cebbec-cc48-449c-a357-e8867b7cdbdf" executionId="1bacaef5-dab8-45be-8743-51f24489ee80" testListId="8c84fa94-04c1-424b-9868-57a2d4851a1d" />
    <TestEntry testId="9e88128c-c893-0f4c-cf4f-ba4eb6951e77" executionId="524b45ec-599f-4a8b-aa59-396e1f9db9c1" testListId="8c84fa94-04c1-424b-9868-57a2d4851a1d" />
    <TestEntry testId="1081f476-b46f-b748-a843-410e7a84ac42" executionId="8c982be5-d2a5-4f2e-8ad6-fad0a33aaeb4" testListId="8c84fa94-04c1-424b-9868-57a2d4851a1d" />
    <TestEntry testId="d593ac04-048b-ea90-6f6f-6fab4431a8fd" executionId="7f50b68e-6db1-4b1a-9978-e2baf41f6c78" testListId="8c84fa94-04c1-424b-9868-57a2d4851a1d" />
    <TestEntry testId="1da9127c-d651-72aa-5a84-7cfe9f562b5c" executionId="1ab03f9d-cbd8-4373-9c3e-faafc589cabe" testListId="8c84fa94-04c1-424b-9868-57a2d4851a1d" />
    <TestEntry testId="305d09f5-4e54-c015-79c0-ffb75c48bf18" executionId="ef01299b-8e82-4a1a-9880-c459db771e6a" testListId="8c84fa94-04c1-424b-9868-57a2d4851a1d" />
    <TestEntry testId="e7727167-90de-6177-0043-c32edeea9377" executionId="37207443-ca3f-4f8b-981b-3edf85f28b30" testListId="8c84fa94-04c1-424b-9868-57a2d4851a1d" />
    <TestEntry testId="75b50791-58b3-a264-c6bb-b7e6f52f0f9b" executionId="32e08c59-b43f-4a20-bf55-3145b40eb927" testListId="8c84fa94-04c1-424b-9868-57a2d4851a1d" />
    <TestEntry testId="cd550bc2-0f86-e40a-cd18-9b7914553212" executionId="9139dda5-d809-4da3-879a-9ca3c34f9214" testListId="8c84fa94-04c1-424b-9868-57a2d4851a1d" />
    <TestEntry testId="b737e5bb-0356-fd2c-e9f5-061fb14537a5" executionId="fb656ac3-e19e-4f33-be72-b711c886ba43" testListId="8c84fa94-04c1-424b-9868-57a2d4851a1d" />
    <TestEntry testId="117d72dd-b186-d8e9-ce14-8d711079c929" executionId="1e9b8dae-4e93-496e-80db-5328baee6015" testListId="8c84fa94-04c1-424b-9868-57a2d4851a1d" />
    <TestEntry testId="8d702d1b-c14c-4dd0-cea5-aaa087d77d3f" executionId="69a82a85-8f34-4774-950f-2f73767e85a1" testListId="8c84fa94-04c1-424b-9868-57a2d4851a1d" />
    <TestEntry testId="48d95b96-b471-deb8-51bf-62c5a89928a2" executionId="f697fd45-41db-4565-886b-774f02cbb28a" testListId="8c84fa94-04c1-424b-9868-57a2d4851a1d" />
    <TestEntry testId="def966b3-b198-e5b0-2219-bdde89be7924" executionId="88b8da19-cb21-4729-a334-bdc4c8d9d71b" testListId="8c84fa94-04c1-424b-9868-57a2d4851a1d" />
    <TestEntry testId="b1f41500-5f15-b967-f0a8-55e935ea7819" executionId="6fc65d62-df11-43fa-88a2-262b1e0d7c68" testListId="8c84fa94-04c1-424b-9868-57a2d4851a1d" />
    <TestEntry testId="4103318d-2de0-6e72-8544-27607329cbb3" executionId="963e0c57-44e3-4ccb-bb33-e41f5435d2e1" testListId="8c84fa94-04c1-424b-9868-57a2d4851a1d" />
    <TestEntry testId="531c078f-331c-97b0-43b5-206453bfc074" executionId="9e5ca92e-2fa5-4ddf-a051-9e8ca5d56c49" testListId="8c84fa94-04c1-424b-9868-57a2d4851a1d" />
    <TestEntry testId="44213f5c-f4e3-7f19-6a5d-6c4a3c8d0dec" executionId="d0200b96-0916-4797-bd63-a58f55b299c3" testListId="8c84fa94-04c1-424b-9868-57a2d4851a1d" />
    <TestEntry testId="df69a92c-44e3-a51a-3c69-97077bc8aa3a" executionId="abc45aeb-cba7-4887-af2d-7889cdffdcc6" testListId="8c84fa94-04c1-424b-9868-57a2d4851a1d" />
    <TestEntry testId="5d2b9441-7258-8eb0-806c-14775f849641" executionId="320298a0-5ed8-464d-93dc-17a17e5938f0" testListId="8c84fa94-04c1-424b-9868-57a2d4851a1d" />
    <TestEntry testId="d2d2f826-9cbd-9c14-4121-a07b2094c76e" executionId="99bddfea-4dd4-489b-98a3-3e273acb9dff" testListId="8c84fa94-04c1-424b-9868-57a2d4851a1d" />
    <TestEntry testId="db79dd17-8f15-9022-848e-d377803a0707" executionId="6a48ead0-43a1-4a6a-8d6e-076ea1f315ae" testListId="8c84fa94-04c1-424b-9868-57a2d4851a1d" />
    <TestEntry testId="1c0d7c7b-e498-3c7a-c145-fce1f6e14e16" executionId="c19ad6b1-1a79-4a6a-8555-5419b4dd11cf" testListId="8c84fa94-04c1-424b-9868-57a2d4851a1d" />
    <TestEntry testId="282510b6-3046-16e6-500c-da1402387fc9" executionId="5753c225-a14c-4cc2-88ed-b78c458eb33e" testListId="8c84fa94-04c1-424b-9868-57a2d4851a1d" />
    <TestEntry testId="4e68cf9a-2a3a-1e07-4a4f-0cf27d8d2bbb" executionId="6134d86b-6a36-4382-aa69-f57ecd868b81" testListId="8c84fa94-04c1-424b-9868-57a2d4851a1d" />
    <TestEntry testId="9b597749-8f28-5ece-3f0e-b5bb4e23820c" executionId="b89b3881-6f70-4064-9629-308c0e93fd97" testListId="8c84fa94-04c1-424b-9868-57a2d4851a1d" />
    <TestEntry testId="088d383f-5fbc-e375-2326-3e321a2adf4f" executionId="c22677f1-3dcc-4347-8bb9-b932dffc1b9f" testListId="8c84fa94-04c1-424b-9868-57a2d4851a1d" />
    <TestEntry testId="415f1005-69c1-a314-0e6a-db0b7d4bab74" executionId="34f552a1-2130-4e5b-80dd-2641fc313789" testListId="8c84fa94-04c1-424b-9868-57a2d4851a1d" />
    <TestEntry testId="81bf2437-7dfa-cad5-f6c7-e16edf6f9d7f" executionId="64411a54-37fe-47ec-8ab6-41f889f8fc38" testListId="8c84fa94-04c1-424b-9868-57a2d4851a1d" />
    <TestEntry testId="31c8774a-1539-0a44-3404-de06d646b468" executionId="a76c763c-e679-410f-8af8-22303cc3bca5" testListId="8c84fa94-04c1-424b-9868-57a2d4851a1d" />
    <TestEntry testId="b8a41320-c868-9123-86b4-03e71d0ff6ef" executionId="f4464f0e-3554-43bb-a494-faffdea945eb" testListId="8c84fa94-04c1-424b-9868-57a2d4851a1d" />
    <TestEntry testId="51c22198-79c6-8565-1359-1e7a59cd2ad4" executionId="46408ac6-4869-4e94-ba9a-148d3eadfded" testListId="8c84fa94-04c1-424b-9868-57a2d4851a1d" />
    <TestEntry testId="2c3f2f16-fb94-3325-49ee-53aa9585411a" executionId="fa343541-f345-4ea9-b4d6-4171f19e50ad" testListId="8c84fa94-04c1-424b-9868-57a2d4851a1d" />
    <TestEntry testId="3456ad39-e674-a27d-da41-053fedd7e6ad" executionId="2d1be84c-d2b0-4856-8adc-274cc7da27fa" testListId="8c84fa94-04c1-424b-9868-57a2d4851a1d" />
    <TestEntry testId="64fa6710-678a-0a23-7d5a-26a655d565e8" executionId="4e52e77d-82d7-4de7-b97c-63cade55b5b3" testListId="8c84fa94-04c1-424b-9868-57a2d4851a1d" />
    <TestEntry testId="26223a8b-ac6d-ffcd-1256-75d18fb727f7" executionId="7138a964-37fe-4f54-8b82-c278dbbdee33" testListId="8c84fa94-04c1-424b-9868-57a2d4851a1d" />
    <TestEntry testId="9f164cb9-b0ee-2833-0b35-619b21bae903" executionId="ecd4199e-c92f-4153-b67b-dc30dc4b5f05" testListId="8c84fa94-04c1-424b-9868-57a2d4851a1d" />
    <TestEntry testId="6e95a11c-ba0a-17a5-b618-642e6194107c" executionId="72979cd2-7dd8-4952-a368-764181c2a256" testListId="8c84fa94-04c1-424b-9868-57a2d4851a1d" />
    <TestEntry testId="f36a8701-085e-04e9-1108-0b102bccb765" executionId="425219c5-6de5-4d1d-aee5-5bdd8d691086" testListId="8c84fa94-04c1-424b-9868-57a2d4851a1d" />
    <TestEntry testId="85f24840-3222-d447-0677-9820b9294533" executionId="46a3de41-e2d5-423c-95f6-5fb778401ddf" testListId="8c84fa94-04c1-424b-9868-57a2d4851a1d" />
    <TestEntry testId="3ab77925-e532-466c-f70d-fb6c68a8918c" executionId="40dd776a-1042-418d-8c35-4c3d2c34f875" testListId="8c84fa94-04c1-424b-9868-57a2d4851a1d" />
    <TestEntry testId="b14ae956-297a-f056-fdd7-ca8f9b76076f" executionId="7a09de3a-0705-4ecc-9051-cd0565435541" testListId="8c84fa94-04c1-424b-9868-57a2d4851a1d" />
    <TestEntry testId="3c9f33d5-2d26-423b-1412-b916bd1412ce" executionId="e4b85d0f-e43f-49f2-96e5-e4487449e8dc" testListId="8c84fa94-04c1-424b-9868-57a2d4851a1d" />
    <TestEntry testId="90576d28-8c3e-aa47-8e92-100b02ac5a05" executionId="5c8a4eef-375b-4a06-ae10-3e09d7aefb49" testListId="8c84fa94-04c1-424b-9868-57a2d4851a1d" />
    <TestEntry testId="8a64a4c9-65f1-e14d-6fbe-7d49565403f4" executionId="e62587c4-645b-492c-b67f-feb8c6ad17e0" testListId="8c84fa94-04c1-424b-9868-57a2d4851a1d" />
    <TestEntry testId="639a2f8f-de06-aff0-2654-2e863df98d3d" executionId="b870dc8d-6f19-4771-8f6b-e50035587e69" testListId="8c84fa94-04c1-424b-9868-57a2d4851a1d" />
    <TestEntry testId="f9384c4f-aa2b-58de-b1ef-2b7bf3f8d2db" executionId="c833874e-4f94-45a0-9cdf-505d2078d0c3" testListId="8c84fa94-04c1-424b-9868-57a2d4851a1d" />
    <TestEntry testId="75db6be7-a24b-fda6-3919-e716d174ed3d" executionId="15af2bac-4bdf-4040-9111-0b50d7ba5a49" testListId="8c84fa94-04c1-424b-9868-57a2d4851a1d" />
    <TestEntry testId="7f448030-c6f3-ad7f-1c7b-809f60db9d71" executionId="97aa741a-0125-4695-b8ba-709e88f1c740" testListId="8c84fa94-04c1-424b-9868-57a2d4851a1d" />
    <TestEntry testId="5def33b1-c62c-99fb-8bf7-753117f8b16e" executionId="7e7cbc3f-c09c-4f38-9524-a0f57ea3ab37" testListId="8c84fa94-04c1-424b-9868-57a2d4851a1d" />
    <TestEntry testId="a5f21c48-f469-8d11-cd8e-07391ae2a35b" executionId="6410bea5-d75e-495d-a600-c90a717cd212" testListId="8c84fa94-04c1-424b-9868-57a2d4851a1d" />
    <TestEntry testId="c77238a9-c057-c0ba-9741-2b480cb950cf" executionId="d4403903-40da-49e4-8711-425f866a900e" testListId="8c84fa94-04c1-424b-9868-57a2d4851a1d" />
    <TestEntry testId="65305c54-3e3e-31b1-f5dd-4a4bc66b7c08" executionId="d8ce2faa-5dca-45d9-8c2f-35331c7e1dc3" testListId="8c84fa94-04c1-424b-9868-57a2d4851a1d" />
    <TestEntry testId="8bb24d97-4056-0aed-e738-d86e9d34f566" executionId="dca305a5-47d2-43c1-a99f-04d862b08451" testListId="8c84fa94-04c1-424b-9868-57a2d4851a1d" />
    <TestEntry testId="b1a32a5b-bec7-9c13-ecb5-d09eae519281" executionId="ffe4ada3-bd45-470f-aa1e-be69b5fc3bf6" testListId="8c84fa94-04c1-424b-9868-57a2d4851a1d" />
    <TestEntry testId="e5846600-5bfc-193d-66eb-f1933de5487e" executionId="049c621c-d479-41e8-bc8e-77340e81d042" testListId="8c84fa94-04c1-424b-9868-57a2d4851a1d" />
  </TestEntries>
  <TestLists>
    <TestList name="Results Not in a List" id="8c84fa94-04c1-424b-9868-57a2d4851a1d" />
    <TestList name="All Loaded Results" id="19431567-8539-422a-85d7-44ee4e166bda" />
  </TestLists>
  <ResultSummary outcome="Completed">
    <Counters total="371" executed="371" passed="371" failed="0" error="0" timeout="0" aborted="0" inconclusive="0" passedButRunAborted="0" notRunnable="0" notExecuted="0" disconnected="0" warning="0" completed="0" inProgress="0" pending="0" />
    <Output>
      <StdOut>[xUnit.net 00:00:00.00] xUnit.net VSTest Adapter v2.4.5+1caef2f33e (64-bit .NET 8.0.19)
[xUnit.net 00:00:01.24]   Discovering: BuckScience.Tests
[xUnit.net 00:00:01.36]   Discovered:  BuckScience.Tests
[xUnit.net 00:00:01.37]   Starting:    BuckScience.Tests
[xUnit.net 00:00:02.91]   Finished:    BuckScience.Tests
</StdOut>
    </Output>
  </ResultSummary>
</TestRun>