<?xml version="1.0" encoding="utf-8"?>
<TestRun id="0cf20a22-b8d2-4cab-ac54-bbfd38165579" name="@runnervmf4ws1 2025-09-10 21:41:40" xmlns="http://microsoft.com/schemas/VisualStudio/TeamTest/2010">
  <Times creation="2025-09-10T21:41:40.0373222+00:00" queuing="2025-09-10T21:41:40.0373224+00:00" start="2025-09-10T21:41:37.3507824+00:00" finish="2025-09-10T21:41:40.1075044+00:00" />
  <TestSettings name="default" id="8bca5df7-b0f8-40db-aaae-bc776027fe9d">
    <Deployment runDeploymentRoot="_runnervmf4ws1_2025-09-10_21_41_40" />
  </TestSettings>
  <Results>
    <UnitTestResult executionId="98af6d00-1e66-46c2-9ea8-3b9f1b8aa326" testId="67cea702-8500-937a-27c8-4c669b6e1597" testName="BuckScience.Tests.Application.FeatureWeights.GetFeatureWeightsDateResolutionTests.HandleAsync_WithDate_DefaultMappings_ResolvesExpectedPrimarySeason(month: 1, expectedPrimarySeason: LateSeason)" computerName="runnervmf4ws1" duration="00:00:00.0012807" startTime="2025-09-10T21:41:39.9806358+00:00" endTime="2025-09-10T21:41:39.9806359+00:00" testType="13cdc9d9-ddb5-4fa4-a97d-d965ccfc6d4b" outcome="Passed" testListId="8c84fa94-04c1-424b-9868-57a2d4851a1d" relativeResultsDirectory="98af6d00-1e66-46c2-9ea8-3b9f1b8aa326" />
    <UnitTestResult executionId="37a5f8e2-3cc6-4da5-b581-bdd6514e26d2" testId="f8565019-7e1a-d4d3-b349-7121ac8fabab" testName="BuckScience.Tests.Application.FeatureWeights.GetFeatureWeightsDateResolutionTests.HandleAsync_WithDate_DefaultMappings_ResolvesExpectedPrimarySeason(month: 11, expectedPrimarySeason: Rut)" computerName="runnervmf4ws1" duration="00:00:00.0014609" startTime="2025-09-10T21:41:39.9994953+00:00" endTime="2025-09-10T21:41:39.9994954+00:00" testType="13cdc9d9-ddb5-4fa4-a97d-d965ccfc6d4b" outcome="Passed" testListId="8c84fa94-04c1-424b-9868-57a2d4851a1d" relativeResultsDirectory="37a5f8e2-3cc6-4da5-b581-bdd6514e26d2" />
    <UnitTestResult executionId="c16f8c65-c5a3-4ba9-a9e2-f19f22abc193" testId="f9384c4f-aa2b-58de-b1ef-2b7bf3f8d2db" testName="BuckScience.Tests.Application.FeatureWeights.GetFeatureWeightsDateResolutionTests.HandleAsync_WithDate_DefaultMappings_ResolvesExpectedPrimarySeason(month: 9, expectedPrimarySeason: EarlySeason)" computerName="runnervmf4ws1" duration="00:00:00.0152222" startTime="2025-09-10T21:41:39.9792655+00:00" endTime="2025-09-10T21:41:39.9792657+00:00" testType="13cdc9d9-ddb5-4fa4-a97d-d965ccfc6d4b" outcome="Passed" testListId="8c84fa94-04c1-424b-9868-57a2d4851a1d" relativeResultsDirectory="c16f8c65-c5a3-4ba9-a9e2-f19f22abc193" />
    <UnitTestResult executionId="38dd9f7e-0170-40cf-88db-e908af0adec8" testId="c2ecdd5b-e826-0361-04c0-37d21eeea23d" testName="BuckScience.Tests.Application.FeatureWeights.GetFeatureWeightsDateResolutionTests.HandleAsync_WithDate_DefaultSeasonMapping_ResolvesCorrectSeason" computerName="runnervmf4ws1" duration="00:00:00.0046235" startTime="2025-09-10T21:41:40.0022224+00:00" endTime="2025-09-10T21:41:40.0022226+00:00" testType="13cdc9d9-ddb5-4fa4-a97d-d965ccfc6d4b" outcome="Passed" testListId="8c84fa94-04c1-424b-9868-57a2d4851a1d" relativeResultsDirectory="38dd9f7e-0170-40cf-88db-e908af0adec8" />
    <UnitTestResult executionId="78065c06-77a1-45e3-8aca-75db1440aa19" testId="4cc42eb6-e899-4ec5-21b6-53546311ab9e" testName="BuckScience.Tests.Application.FeatureWeights.GetFeatureWeightsDateResolutionTests.HandleAsync_WithDate_NoMatchingSeason_FallsBackToUserOrDefaultWeight" computerName="runnervmf4ws1" duration="00:00:00.0043258" startTime="2025-09-10T21:41:40.0159061+00:00" endTime="2025-09-10T21:41:40.0159062+00:00" testType="13cdc9d9-ddb5-4fa4-a97d-d965ccfc6d4b" outcome="Passed" testListId="8c84fa94-04c1-424b-9868-57a2d4851a1d" relativeResultsDirectory="78065c06-77a1-45e3-8aca-75db1440aa19" />
    <UnitTestResult executionId="18bcec9f-de47-441a-ba3d-7a8c88eaaf3c" testId="f3cf5dfa-ba92-e357-4965-81c40141969f" testName="BuckScience.Tests.Application.FeatureWeights.GetFeatureWeightsDateResolutionTests.HandleAsync_WithDate_DefaultMappings_ResolvesExpectedPrimarySeason(month: 12, expectedPrimarySeason: PostRut)" computerName="runnervmf4ws1" duration="00:00:00.0341095" startTime="2025-09-10T21:41:39.9639773+00:00" endTime="2025-09-10T21:41:39.9639774+00:00" testType="13cdc9d9-ddb5-4fa4-a97d-d965ccfc6d4b" outcome="Passed" testListId="8c84fa94-04c1-424b-9868-57a2d4851a1d" relativeResultsDirectory="18bcec9f-de47-441a-ba3d-7a8c88eaaf3c" />
    <UnitTestResult executionId="5781d5da-5f9d-46f7-847e-f950d84dd9f4" testId="72e4583e-7bd1-6573-8e0c-b7583f2d0b50" testName="BuckScience.Tests.Application.FeatureWeights.GetFeatureWeightsDateResolutionTests.HandleAsync_WithDate_PropertyOverride_ResolvesCustomSeason" computerName="runnervmf4ws1" duration="00:00:00.0028390" startTime="2025-09-10T21:41:40.0051218+00:00" endTime="2025-09-10T21:41:40.0051219+00:00" testType="13cdc9d9-ddb5-4fa4-a97d-d965ccfc6d4b" outcome="Passed" testListId="8c84fa94-04c1-424b-9868-57a2d4851a1d" relativeResultsDirectory="5781d5da-5f9d-46f7-847e-f950d84dd9f4" />
    <UnitTestResult executionId="c424f382-e4d0-440e-9f18-26ba5f04cd1e" testId="a1c1968f-35fe-99e9-9ed5-6d92bfa17acb" testName="BuckScience.Tests.Application.FeatureWeights.GetFeatureWeightsDateResolutionTests.HandleAsync_WithDate_MultipleUserTypes_AllReturnValidResults" computerName="runnervmf4ws1" duration="00:00:01.1213782" startTime="2025-09-10T21:41:39.9301719+00:00" endTime="2025-09-10T21:41:39.9302024+00:00" testType="13cdc9d9-ddb5-4fa4-a97d-d965ccfc6d4b" outcome="Passed" testListId="8c84fa94-04c1-424b-9868-57a2d4851a1d" relativeResultsDirectory="c424f382-e4d0-440e-9f18-26ba5f04cd1e" />
    <UnitTestResult executionId="eef3f480-fd3e-4399-ad6d-297fe586f232" testId="9d69f166-b376-a2ad-1cb5-4f5364963c50" testName="BuckScience.Tests.Application.FeatureWeights.GetFeatureWeightsDateResolutionTests.HandleAsync_WithDate_InvalidPropertyId_ThrowsInvalidOperationException" computerName="runnervmf4ws1" duration="00:00:00.0033245" startTime="2025-09-10T21:41:39.9995760+00:00" endTime="2025-09-10T21:41:39.9995761+00:00" testType="13cdc9d9-ddb5-4fa4-a97d-d965ccfc6d4b" outcome="Passed" testListId="8c84fa94-04c1-424b-9868-57a2d4851a1d" relativeResultsDirectory="eef3f480-fd3e-4399-ad6d-297fe586f232" />
    <UnitTestResult executionId="333d91e2-7f93-464c-88dd-551bde6763c6" testId="7bd29c22-0ac6-2593-21bd-543736f7e8f2" testName="BuckScience.Tests.Application.FeatureWeights.GetFeatureWeightsDateResolutionTests.HandleAsync_WithDate_DefaultMappings_ResolvesExpectedPrimarySeason(month: 10, expectedPrimarySeason: PreRut)" computerName="runnervmf4ws1" duration="00:00:00.0032285" startTime="2025-09-10T21:41:39.9990729+00:00" endTime="2025-09-10T21:41:39.9990732+00:00" testType="13cdc9d9-ddb5-4fa4-a97d-d965ccfc6d4b" outcome="Failed" testListId="8c84fa94-04c1-424b-9868-57a2d4851a1d" relativeResultsDirectory="333d91e2-7f93-464c-88dd-551bde6763c6">
      <Output>
        <ErrorInfo>
          <Message>Assert.Equal() Failure
Expected: PreRut
Actual:   EarlySeason</Message>
          <StackTrace>   at BuckScience.Tests.Application.FeatureWeights.GetFeatureWeightsDateResolutionTests.HandleAsync_WithDate_DefaultMappings_ResolvesExpectedPrimarySeason(Int32 month, Season expectedPrimarySeason) in /home/runner/work/BuckScienceApp/BuckScienceApp/tests/BuckScience.Tests/Application/FeatureWeights/GetFeatureWeightsDateResolutionTests.cs:line 146
--- End of stack trace from previous location ---</StackTrace>
        </ErrorInfo>
      </Output>
    </UnitTestResult>
  </Results>
  <TestDefinitions>
    <UnitTest name="BuckScience.Tests.Application.FeatureWeights.GetFeatureWeightsDateResolutionTests.HandleAsync_WithDate_DefaultMappings_ResolvesExpectedPrimarySeason(month: 12, expectedPrimarySeason: PostRut)" storage="/home/runner/work/buckscienceapp/buckscienceapp/tests/buckscience.tests/bin/debug/net8.0/buckscience.tests.dll" id="f3cf5dfa-ba92-e357-4965-81c40141969f">
      <Execution id="18bcec9f-de47-441a-ba3d-7a8c88eaaf3c" />
      <TestMethod codeBase="/home/runner/work/BuckScienceApp/BuckScienceApp/tests/BuckScience.Tests/bin/Debug/net8.0/BuckScience.Tests.dll" adapterTypeName="executor://xunit/VsTestRunner2/netcoreapp" className="BuckScience.Tests.Application.FeatureWeights.GetFeatureWeightsDateResolutionTests" name="HandleAsync_WithDate_DefaultMappings_ResolvesExpectedPrimarySeason" />
    </UnitTest>
    <UnitTest name="BuckScience.Tests.Application.FeatureWeights.GetFeatureWeightsDateResolutionTests.HandleAsync_WithDate_DefaultMappings_ResolvesExpectedPrimarySeason(month: 10, expectedPrimarySeason: PreRut)" storage="/home/runner/work/buckscienceapp/buckscienceapp/tests/buckscience.tests/bin/debug/net8.0/buckscience.tests.dll" id="7bd29c22-0ac6-2593-21bd-543736f7e8f2">
      <Execution id="333d91e2-7f93-464c-88dd-551bde6763c6" />
      <TestMethod codeBase="/home/runner/work/BuckScienceApp/BuckScienceApp/tests/BuckScience.Tests/bin/Debug/net8.0/BuckScience.Tests.dll" adapterTypeName="executor://xunit/VsTestRunner2/netcoreapp" className="BuckScience.Tests.Application.FeatureWeights.GetFeatureWeightsDateResolutionTests" name="HandleAsync_WithDate_DefaultMappings_ResolvesExpectedPrimarySeason" />
    </UnitTest>
    <UnitTest name="BuckScience.Tests.Application.FeatureWeights.GetFeatureWeightsDateResolutionTests.HandleAsync_WithDate_PropertyOverride_ResolvesCustomSeason" storage="/home/runner/work/buckscienceapp/buckscienceapp/tests/buckscience.tests/bin/debug/net8.0/buckscience.tests.dll" id="72e4583e-7bd1-6573-8e0c-b7583f2d0b50">
      <Execution id="5781d5da-5f9d-46f7-847e-f950d84dd9f4" />
      <TestMethod codeBase="/home/runner/work/BuckScienceApp/BuckScienceApp/tests/BuckScience.Tests/bin/Debug/net8.0/BuckScience.Tests.dll" adapterTypeName="executor://xunit/VsTestRunner2/netcoreapp" className="BuckScience.Tests.Application.FeatureWeights.GetFeatureWeightsDateResolutionTests" name="HandleAsync_WithDate_PropertyOverride_ResolvesCustomSeason" />
    </UnitTest>
    <UnitTest name="BuckScience.Tests.Application.FeatureWeights.GetFeatureWeightsDateResolutionTests.HandleAsync_WithDate_MultipleUserTypes_AllReturnValidResults" storage="/home/runner/work/buckscienceapp/buckscienceapp/tests/buckscience.tests/bin/debug/net8.0/buckscience.tests.dll" id="a1c1968f-35fe-99e9-9ed5-6d92bfa17acb">
      <Execution id="c424f382-e4d0-440e-9f18-26ba5f04cd1e" />
      <TestMethod codeBase="/home/runner/work/BuckScienceApp/BuckScienceApp/tests/BuckScience.Tests/bin/Debug/net8.0/BuckScience.Tests.dll" adapterTypeName="executor://xunit/VsTestRunner2/netcoreapp" className="BuckScience.Tests.Application.FeatureWeights.GetFeatureWeightsDateResolutionTests" name="HandleAsync_WithDate_MultipleUserTypes_AllReturnValidResults" />
    </UnitTest>
    <UnitTest name="BuckScience.Tests.Application.FeatureWeights.GetFeatureWeightsDateResolutionTests.HandleAsync_WithDate_DefaultMappings_ResolvesExpectedPrimarySeason(month: 9, expectedPrimarySeason: EarlySeason)" storage="/home/runner/work/buckscienceapp/buckscienceapp/tests/buckscience.tests/bin/debug/net8.0/buckscience.tests.dll" id="f9384c4f-aa2b-58de-b1ef-2b7bf3f8d2db">
      <Execution id="c16f8c65-c5a3-4ba9-a9e2-f19f22abc193" />
      <TestMethod codeBase="/home/runner/work/BuckScienceApp/BuckScienceApp/tests/BuckScience.Tests/bin/Debug/net8.0/BuckScience.Tests.dll" adapterTypeName="executor://xunit/VsTestRunner2/netcoreapp" className="BuckScience.Tests.Application.FeatureWeights.GetFeatureWeightsDateResolutionTests" name="HandleAsync_WithDate_DefaultMappings_ResolvesExpectedPrimarySeason" />
    </UnitTest>
    <UnitTest name="BuckScience.Tests.Application.FeatureWeights.GetFeatureWeightsDateResolutionTests.HandleAsync_WithDate_DefaultMappings_ResolvesExpectedPrimarySeason(month: 1, expectedPrimarySeason: LateSeason)" storage="/home/runner/work/buckscienceapp/buckscienceapp/tests/buckscience.tests/bin/debug/net8.0/buckscience.tests.dll" id="67cea702-8500-937a-27c8-4c669b6e1597">
      <Execution id="98af6d00-1e66-46c2-9ea8-3b9f1b8aa326" />
      <TestMethod codeBase="/home/runner/work/BuckScienceApp/BuckScienceApp/tests/BuckScience.Tests/bin/Debug/net8.0/BuckScience.Tests.dll" adapterTypeName="executor://xunit/VsTestRunner2/netcoreapp" className="BuckScience.Tests.Application.FeatureWeights.GetFeatureWeightsDateResolutionTests" name="HandleAsync_WithDate_DefaultMappings_ResolvesExpectedPrimarySeason" />
    </UnitTest>
    <UnitTest name="BuckScience.Tests.Application.FeatureWeights.GetFeatureWeightsDateResolutionTests.HandleAsync_WithDate_InvalidPropertyId_ThrowsInvalidOperationException" storage="/home/runner/work/buckscienceapp/buckscienceapp/tests/buckscience.tests/bin/debug/net8.0/buckscience.tests.dll" id="9d69f166-b376-a2ad-1cb5-4f5364963c50">
      <Execution id="eef3f480-fd3e-4399-ad6d-297fe586f232" />
      <TestMethod codeBase="/home/runner/work/BuckScienceApp/BuckScienceApp/tests/BuckScience.Tests/bin/Debug/net8.0/BuckScience.Tests.dll" adapterTypeName="executor://xunit/VsTestRunner2/netcoreapp" className="BuckScience.Tests.Application.FeatureWeights.GetFeatureWeightsDateResolutionTests" name="HandleAsync_WithDate_InvalidPropertyId_ThrowsInvalidOperationException" />
    </UnitTest>
    <UnitTest name="BuckScience.Tests.Application.FeatureWeights.GetFeatureWeightsDateResolutionTests.HandleAsync_WithDate_NoMatchingSeason_FallsBackToUserOrDefaultWeight" storage="/home/runner/work/buckscienceapp/buckscienceapp/tests/buckscience.tests/bin/debug/net8.0/buckscience.tests.dll" id="4cc42eb6-e899-4ec5-21b6-53546311ab9e">
      <Execution id="78065c06-77a1-45e3-8aca-75db1440aa19" />
      <TestMethod codeBase="/home/runner/work/BuckScienceApp/BuckScienceApp/tests/BuckScience.Tests/bin/Debug/net8.0/BuckScience.Tests.dll" adapterTypeName="executor://xunit/VsTestRunner2/netcoreapp" className="BuckScience.Tests.Application.FeatureWeights.GetFeatureWeightsDateResolutionTests" name="HandleAsync_WithDate_NoMatchingSeason_FallsBackToUserOrDefaultWeight" />
    </UnitTest>
    <UnitTest name="BuckScience.Tests.Application.FeatureWeights.GetFeatureWeightsDateResolutionTests.HandleAsync_WithDate_DefaultSeasonMapping_ResolvesCorrectSeason" storage="/home/runner/work/buckscienceapp/buckscienceapp/tests/buckscience.tests/bin/debug/net8.0/buckscience.tests.dll" id="c2ecdd5b-e826-0361-04c0-37d21eeea23d">
      <Execution id="38dd9f7e-0170-40cf-88db-e908af0adec8" />
      <TestMethod codeBase="/home/runner/work/BuckScienceApp/BuckScienceApp/tests/BuckScience.Tests/bin/Debug/net8.0/BuckScience.Tests.dll" adapterTypeName="executor://xunit/VsTestRunner2/netcoreapp" className="BuckScience.Tests.Application.FeatureWeights.GetFeatureWeightsDateResolutionTests" name="HandleAsync_WithDate_DefaultSeasonMapping_ResolvesCorrectSeason" />
    </UnitTest>
    <UnitTest name="BuckScience.Tests.Application.FeatureWeights.GetFeatureWeightsDateResolutionTests.HandleAsync_WithDate_DefaultMappings_ResolvesExpectedPrimarySeason(month: 11, expectedPrimarySeason: Rut)" storage="/home/runner/work/buckscienceapp/buckscienceapp/tests/buckscience.tests/bin/debug/net8.0/buckscience.tests.dll" id="f8565019-7e1a-d4d3-b349-7121ac8fabab">
      <Execution id="37a5f8e2-3cc6-4da5-b581-bdd6514e26d2" />
      <TestMethod codeBase="/home/runner/work/BuckScienceApp/BuckScienceApp/tests/BuckScience.Tests/bin/Debug/net8.0/BuckScience.Tests.dll" adapterTypeName="executor://xunit/VsTestRunner2/netcoreapp" className="BuckScience.Tests.Application.FeatureWeights.GetFeatureWeightsDateResolutionTests" name="HandleAsync_WithDate_DefaultMappings_ResolvesExpectedPrimarySeason" />
    </UnitTest>
  </TestDefinitions>
  <TestEntries>
    <TestEntry testId="67cea702-8500-937a-27c8-4c669b6e1597" executionId="98af6d00-1e66-46c2-9ea8-3b9f1b8aa326" testListId="8c84fa94-04c1-424b-9868-57a2d4851a1d" />
    <TestEntry testId="f8565019-7e1a-d4d3-b349-7121ac8fabab" executionId="37a5f8e2-3cc6-4da5-b581-bdd6514e26d2" testListId="8c84fa94-04c1-424b-9868-57a2d4851a1d" />
    <TestEntry testId="f9384c4f-aa2b-58de-b1ef-2b7bf3f8d2db" executionId="c16f8c65-c5a3-4ba9-a9e2-f19f22abc193" testListId="8c84fa94-04c1-424b-9868-57a2d4851a1d" />
    <TestEntry testId="c2ecdd5b-e826-0361-04c0-37d21eeea23d" executionId="38dd9f7e-0170-40cf-88db-e908af0adec8" testListId="8c84fa94-04c1-424b-9868-57a2d4851a1d" />
    <TestEntry testId="4cc42eb6-e899-4ec5-21b6-53546311ab9e" executionId="78065c06-77a1-45e3-8aca-75db1440aa19" testListId="8c84fa94-04c1-424b-9868-57a2d4851a1d" />
    <TestEntry testId="f3cf5dfa-ba92-e357-4965-81c40141969f" executionId="18bcec9f-de47-441a-ba3d-7a8c88eaaf3c" testListId="8c84fa94-04c1-424b-9868-57a2d4851a1d" />
    <TestEntry testId="72e4583e-7bd1-6573-8e0c-b7583f2d0b50" executionId="5781d5da-5f9d-46f7-847e-f950d84dd9f4" testListId="8c84fa94-04c1-424b-9868-57a2d4851a1d" />
    <TestEntry testId="a1c1968f-35fe-99e9-9ed5-6d92bfa17acb" executionId="c424f382-e4d0-440e-9f18-26ba5f04cd1e" testListId="8c84fa94-04c1-424b-9868-57a2d4851a1d" />
    <TestEntry testId="9d69f166-b376-a2ad-1cb5-4f5364963c50" executionId="eef3f480-fd3e-4399-ad6d-297fe586f232" testListId="8c84fa94-04c1-424b-9868-57a2d4851a1d" />
    <TestEntry testId="7bd29c22-0ac6-2593-21bd-543736f7e8f2" executionId="333d91e2-7f93-464c-88dd-551bde6763c6" testListId="8c84fa94-04c1-424b-9868-57a2d4851a1d" />
  </TestEntries>
  <TestLists>
    <TestList name="Results Not in a List" id="8c84fa94-04c1-424b-9868-57a2d4851a1d" />
    <TestList name="All Loaded Results" id="19431567-8539-422a-85d7-44ee4e166bda" />
  </TestLists>
  <ResultSummary outcome="Failed">
    <Counters total="10" executed="10" passed="9" failed="1" error="0" timeout="0" aborted="0" inconclusive="0" passedButRunAborted="0" notRunnable="0" notExecuted="0" disconnected="0" warning="0" completed="0" inProgress="0" pending="0" />
    <Output>
      <StdOut>[xUnit.net 00:00:00.00] xUnit.net VSTest Adapter v2.4.5+1caef2f33e (64-bit .NET 8.0.19)
[xUnit.net 00:00:00.75]   Discovering: BuckScience.Tests
[xUnit.net 00:00:00.87]   Discovered:  BuckScience.Tests
[xUnit.net 00:00:00.88]   Starting:    BuckScience.Tests
[xUnit.net 00:00:02.11]       Assert.Equal() Failure
[xUnit.net 00:00:02.11]       Expected: PreRut
[xUnit.net 00:00:02.11]       Actual:   EarlySeason
[xUnit.net 00:00:02.11]       Stack Trace:
[xUnit.net 00:00:02.12]         /home/runner/work/BuckScienceApp/BuckScienceApp/tests/BuckScience.Tests/Application/FeatureWeights/GetFeatureWeightsDateResolutionTests.cs(146,0): at BuckScience.Tests.Application.FeatureWeights.GetFeatureWeightsDateResolutionTests.HandleAsync_WithDate_DefaultMappings_ResolvesExpectedPrimarySeason(Int32 month, Season expectedPrimarySeason)
[xUnit.net 00:00:02.12]         --- End of stack trace from previous location ---
[xUnit.net 00:00:02.13]   Finished:    BuckScience.Tests
</StdOut>
    </Output>
    <RunInfos>
      <RunInfo computerName="runnervmf4ws1" outcome="Error" timestamp="2025-09-10T21:41:39.9971971+00:00">
        <Text>[xUnit.net 00:00:02.11]     BuckScience.Tests.Application.FeatureWeights.GetFeatureWeightsDateResolutionTests.HandleAsync_WithDate_DefaultMappings_ResolvesExpectedPrimarySeason(month: 10, expectedPrimarySeason: PreRut) [FAIL]</Text>
      </RunInfo>
    </RunInfos>
  </ResultSummary>
</TestRun>